   ********************************************
   ***                                      ***
   ***             FoldX 5.1 (c)            ***
   ***                                      ***
   ***     code by the FoldX Consortium     ***
   ***                                      ***
   ***     Jesper Borg, Frederic Rousseau   ***
   ***    Joost Schymkowitz, Luis Serrano   ***
   ***    Peter Vanhee, Erik Verschueren    ***
   ***     Lies Baeten, Javier Delgado      ***
   ***       and Francois Stricher          ***
   *** and any other of the 9! permutations ***
   ***   based on an original concept by    ***
   ***   Raphael Guerois and Luis Serrano   ***
   ********************************************

1 models read: OTC.pdb
1 models read: OTC.pdb

BackHbond       =               -237.27
SideHbond       =               -81.10
Energy_VdW      =               -388.53
Electro         =               -9.97
Energy_SolvP    =               540.19
Energy_SolvH    =               -513.86
Energy_vdwclash =               33.38
energy_torsion  =               12.52
backbone_vdwclash=              217.39
Entropy_sidec   =               193.92
Entropy_mainc   =               551.16
water bonds     =               0.00
helix dipole    =               -2.68
loop_entropy    =               0.00
cis_bond        =               1.13
disulfide       =               0.00
kn electrostatic=               0.00
partial covalent interactions = 0.00
Energy_Ionisation =             0.79
Entropy Complex =               0.00
-----------------------------------------------------------
Total          = 				  99.67


BackHbond       =               -237.27
SideHbond       =               -81.10
Energy_VdW      =               -388.53
Electro         =               -9.97
Energy_SolvP    =               540.19
Energy_SolvH    =               -513.86
Energy_vdwclash =               33.38
energy_torsion  =               12.52
backbone_vdwclash=              217.39
Entropy_sidec   =               193.92
Entropy_mainc   =               551.16
water bonds     =               0.00
helix dipole    =               -2.68
loop_entropy    =               0.00
cis_bond        =               1.13
disulfide       =               0.00
kn electrostatic=               0.00
partial covalent interactions = 0.00
Energy_Ionisation =             0.79
Entropy Complex =               0.00
-----------------------------------------------------------
Total          = 				  99.67

Starting BuildModel
Reading SA185F;
Reading SA185T;
Reading SA192C;
Reading SA192G;
Reading SA192I;
Reading SA192N;
Reading SA203A;
Reading SA203C;
Reading SA203F;
Reading SA203P;
Reading SA203T;
Reading SA207C;
Reading SA207N;
Reading SA207R;
Reading SA207T;
Reading SA228C;
Reading SA228G;
Reading SA228I;
Reading SA228R;
Reading SA228T;
Reading SA267C;
Reading SA267G;
Reading SA267N;
Reading SA267R;
Reading SA267T;
Reading SA296A;
Reading SA296C;
Reading SA296T;
Reading SA296Y;
Reading SA318A;
Reading SA318C;
Reading SA318F;
Reading SA318T;
Reading SA318Y;
Reading SA321A;
Reading SA321L;
Reading SA321P;
Reading SA321T;
Reading SA340A;
Reading SA340C;
Reading SA340F;
Reading SA340P;
Reading SA340T;
Reading SA340Y;
Reading SA346A;
Reading SA346L;
Reading SA346P;
Reading SA60L;
Reading SA60P;
Reading SA60T;
Residue to Mutate SERA185 has residue index 184
Residue to Mutate SERA185 has residue index 184
Residue to Mutate SERA192 has residue index 191
Residue to Mutate SERA192 has residue index 191
Residue to Mutate SERA192 has residue index 191
Residue to Mutate SERA192 has residue index 191
Residue to Mutate SERA203 has residue index 202
Residue to Mutate SERA203 has residue index 202
Residue to Mutate SERA203 has residue index 202
Residue to Mutate SERA203 has residue index 202
Residue to Mutate SERA203 has residue index 202
Residue to Mutate SERA207 has residue index 206
Residue to Mutate SERA207 has residue index 206
Residue to Mutate SERA207 has residue index 206
Residue to Mutate SERA207 has residue index 206
Residue to Mutate SERA228 has residue index 227
Residue to Mutate SERA228 has residue index 227
Residue to Mutate SERA228 has residue index 227
Residue to Mutate SERA228 has residue index 227
Residue to Mutate SERA228 has residue index 227
Residue to Mutate SERA267 has residue index 266
Residue to Mutate SERA267 has residue index 266
Residue to Mutate SERA267 has residue index 266
Residue to Mutate SERA267 has residue index 266
Residue to Mutate SERA267 has residue index 266
Residue to Mutate SERA296 has residue index 295
Residue to Mutate SERA296 has residue index 295
Residue to Mutate SERA296 has residue index 295
Residue to Mutate SERA296 has residue index 295
Residue to Mutate SERA318 has residue index 317
Residue to Mutate SERA318 has residue index 317
Residue to Mutate SERA318 has residue index 317
Residue to Mutate SERA318 has residue index 317
Residue to Mutate SERA318 has residue index 317
Residue to Mutate SERA321 has residue index 320
Residue to Mutate SERA321 has residue index 320
Residue to Mutate SERA321 has residue index 320
Residue to Mutate SERA321 has residue index 320
Residue to Mutate SERA340 has residue index 339
Residue to Mutate SERA340 has residue index 339
Residue to Mutate SERA340 has residue index 339
Residue to Mutate SERA340 has residue index 339
Residue to Mutate SERA340 has residue index 339
Residue to Mutate SERA340 has residue index 339
Residue to Mutate SERA346 has residue index 345
Residue to Mutate SERA346 has residue index 345
Residue to Mutate SERA346 has residue index 345
Residue to Mutate SERA60 has residue index 59
Residue to Mutate SERA60 has residue index 59
Residue to Mutate SERA60 has residue index 59
Mutating residue = SERA185 into PHE
Mutating residue = SERA185 into THR
Mutating residue = SERA192 into CYS
Mutating residue = SERA192 into GLY
Mutating residue = SERA192 into ILE
Mutating residue = SERA192 into ASN
Mutating residue = SERA203 into ALA
Mutating residue = SERA203 into CYS
Mutating residue = SERA203 into PHE
Mutating residue = SERA203 into PRO
Mutating residue = SERA203 into THR
Mutating residue = SERA207 into CYS
Mutating residue = SERA207 into ASN
Mutating residue = SERA207 into ARG
Mutating residue = SERA207 into THR
Mutating residue = SERA228 into CYS
Mutating residue = SERA228 into GLY
Mutating residue = SERA228 into ILE
Mutating residue = SERA228 into ARG
Mutating residue = SERA228 into THR
Mutating residue = SERA267 into CYS
Mutating residue = SERA267 into GLY
Mutating residue = SERA267 into ASN
Mutating residue = SERA267 into ARG
Mutating residue = SERA267 into THR
Mutating residue = SERA296 into ALA
Mutating residue = SERA296 into CYS
Mutating residue = SERA296 into THR
Mutating residue = SERA296 into TYR
Mutating residue = SERA318 into ALA
Mutating residue = SERA318 into CYS
Mutating residue = SERA318 into PHE
Mutating residue = SERA318 into THR
Mutating residue = SERA318 into TYR
Mutating residue = SERA321 into ALA
Mutating residue = SERA321 into LEU
Mutating residue = SERA321 into PRO
Mutating residue = SERA321 into THR
Mutating residue = SERA340 into ALA
Mutating residue = SERA340 into CYS
Mutating residue = SERA340 into PHE
Mutating residue = SERA340 into PRO
Mutating residue = SERA340 into THR
Mutating residue = SERA340 into TYR
Mutating residue = SERA346 into ALA
Mutating residue = SERA346 into LEU
Mutating residue = SERA346 into PRO
Mutating residue = SERA60 into LEU
Mutating residue = SERA60 into PRO
Mutating residue = SERA60 into THR
Your file run OK
End time of FoldX: Sat May  9 16:21:02 2026
Total time spend: 230.61 seconds.
validated file "OTC_1.pdb" => successfully finished
validated file "OTC_2.pdb" => successfully finished
validated file "OTC_3.pdb" => successfully finished
validated file "OTC_4.pdb" => successfully finished
validated file "OTC_5.pdb" => successfully finished
validated file "OTC_6.pdb" => successfully finished
validated file "OTC_7.pdb" => successfully finished
validated file "OTC_8.pdb" => successfully finished
validated file "OTC_9.pdb" => successfully finished
validated file "OTC_10.pdb" => successfully finished
validated file "OTC_11.pdb" => successfully finished
validated file "OTC_12.pdb" => successfully finished
validated file "OTC_13.pdb" => successfully finished
validated file "OTC_14.pdb" => successfully finished
validated file "OTC_15.pdb" => successfully finished
validated file "OTC_16.pdb" => successfully finished
validated file "OTC_17.pdb" => successfully finished
validated file "OTC_18.pdb" => successfully finished
validated file "OTC_19.pdb" => successfully finished
validated file "OTC_20.pdb" => successfully finished
validated file "OTC_21.pdb" => successfully finished
validated file "OTC_22.pdb" => successfully finished
validated file "OTC_23.pdb" => successfully finished
validated file "OTC_24.pdb" => successfully finished
validated file "OTC_25.pdb" => successfully finished
validated file "OTC_26.pdb" => successfully finished
validated file "OTC_27.pdb" => successfully finished
validated file "OTC_28.pdb" => successfully finished
validated file "OTC_29.pdb" => successfully finished
validated file "OTC_30.pdb" => successfully finished
validated file "OTC_31.pdb" => successfully finished
validated file "OTC_32.pdb" => successfully finished
validated file "OTC_33.pdb" => successfully finished
validated file "OTC_34.pdb" => successfully finished
validated file "OTC_35.pdb" => successfully finished
validated file "OTC_36.pdb" => successfully finished
validated file "OTC_37.pdb" => successfully finished
validated file "OTC_38.pdb" => successfully finished
validated file "OTC_39.pdb" => successfully finished
validated file "OTC_40.pdb" => successfully finished
validated file "OTC_41.pdb" => successfully finished
validated file "OTC_42.pdb" => successfully finished
validated file "OTC_43.pdb" => successfully finished
validated file "OTC_44.pdb" => successfully finished
validated file "OTC_45.pdb" => successfully finished
validated file "OTC_46.pdb" => successfully finished
validated file "OTC_47.pdb" => successfully finished
validated file "OTC_48.pdb" => successfully finished
validated file "OTC_49.pdb" => successfully finished
validated file "OTC_50.pdb" => successfully finished
Cleaning BuildModel...DONE
任务 26 结果提取成功，已映射突变信息。
