   ********************************************
   ***                                      ***
   ***             FoldX 5.1 (c)            ***
   ***                                      ***
   ***     code by the FoldX Consortium     ***
   ***                                      ***
   ***     Jesper Borg, Frederic Rousseau   ***
   ***    Joost Schymkowitz, Luis Serrano   ***
   ***    Peter Vanhee, Erik Verschueren    ***
   ***     Lies Baeten, Javier Delgado      ***
   ***       and Francois Stricher          ***
   *** and any other of the 9! permutations ***
   ***   based on an original concept by    ***
   ***   Raphael Guerois and Luis Serrano   ***
   ********************************************

1 models read: OTC.pdb
1 models read: OTC.pdb

BackHbond       =               -237.27
SideHbond       =               -81.10
Energy_VdW      =               -388.53
Electro         =               -9.97
Energy_SolvP    =               540.19
Energy_SolvH    =               -513.86
Energy_vdwclash =               33.38
energy_torsion  =               12.52
backbone_vdwclash=              217.39
Entropy_sidec   =               193.92
Entropy_mainc   =               551.16
water bonds     =               0.00
helix dipole    =               -2.68
loop_entropy    =               0.00
cis_bond        =               1.13
disulfide       =               0.00
kn electrostatic=               0.00
partial covalent interactions = 0.00
Energy_Ionisation =             0.79
Entropy Complex =               0.00
-----------------------------------------------------------
Total          = 				  99.67


BackHbond       =               -237.27
SideHbond       =               -81.10
Energy_VdW      =               -388.53
Electro         =               -9.97
Energy_SolvP    =               540.19
Energy_SolvH    =               -513.86
Energy_vdwclash =               33.38
energy_torsion  =               12.52
backbone_vdwclash=              217.39
Entropy_sidec   =               193.92
Entropy_mainc   =               551.16
water bonds     =               0.00
helix dipole    =               -2.68
loop_entropy    =               0.00
cis_bond        =               1.13
disulfide       =               0.00
kn electrostatic=               0.00
partial covalent interactions = 0.00
Energy_Ionisation =             0.79
Entropy Complex =               0.00
-----------------------------------------------------------
Total          = 				  99.67

Starting BuildModel
Reading DA313A;
Reading DA313E;
Reading DA313G;
Reading DA313H;
Reading DA313N;
Reading DA313V;
Reading DA313Y;
Reading DA344A;
Reading DA344E;
Reading DA344G;
Reading DA344H;
Reading DA344Y;
Reading DA41E;
Reading DA41G;
Reading DA41H;
Reading DA41N;
Reading DA41V;
Reading DA41Y;
Reading DA62A;
Reading DA62E;
Reading DA62G;
Reading DA62H;
Reading DA62N;
Reading DA62V;
Reading DA62Y;
Reading EA122A;
Reading EA122G;
Reading EA122K;
Reading EA122V;
Reading EA154D;
Reading EA154G;
Reading EA154K;
Reading EA154Q;
Reading EA181A;
Reading EA181D;
Reading EA181G;
Reading EA181Q;
Reading EA181V;
Reading EA224G;
Reading EA224V;
Reading EA234A;
Reading EA234G;
Reading EA234K;
Reading EA234Q;
Reading EA234V;
Reading EA239A;
Reading EA239G;
Reading EA239Q;
Reading EA239V;
Reading EA252A;
Residue to Mutate ASPA313 has residue index 312
Residue to Mutate ASPA313 has residue index 312
Residue to Mutate ASPA313 has residue index 312
Residue to Mutate ASPA313 has residue index 312
Residue to Mutate ASPA313 has residue index 312
Residue to Mutate ASPA313 has residue index 312
Residue to Mutate ASPA313 has residue index 312
Residue to Mutate ASPA344 has residue index 343
Residue to Mutate ASPA344 has residue index 343
Residue to Mutate ASPA344 has residue index 343
Residue to Mutate ASPA344 has residue index 343
Residue to Mutate ASPA344 has residue index 343
Residue to Mutate ASPA41 has residue index 40
Residue to Mutate ASPA41 has residue index 40
Residue to Mutate ASPA41 has residue index 40
Residue to Mutate ASPA41 has residue index 40
Residue to Mutate ASPA41 has residue index 40
Residue to Mutate ASPA41 has residue index 40
Residue to Mutate ASPA62 has residue index 61
Residue to Mutate ASPA62 has residue index 61
Residue to Mutate ASPA62 has residue index 61
Residue to Mutate ASPA62 has residue index 61
Residue to Mutate ASPA62 has residue index 61
Residue to Mutate ASPA62 has residue index 61
Residue to Mutate ASPA62 has residue index 61
Residue to Mutate GLUA122 has residue index 121
Residue to Mutate GLUA122 has residue index 121
Residue to Mutate GLUA122 has residue index 121
Residue to Mutate GLUA122 has residue index 121
Residue to Mutate GLUA154 has residue index 153
Residue to Mutate GLUA154 has residue index 153
Residue to Mutate GLUA154 has residue index 153
Residue to Mutate GLUA154 has residue index 153
Residue to Mutate GLUA181 has residue index 180
Residue to Mutate GLUA181 has residue index 180
Residue to Mutate GLUA181 has residue index 180
Residue to Mutate GLUA181 has residue index 180
Residue to Mutate GLUA181 has residue index 180
Residue to Mutate GLUA224 has residue index 223
Residue to Mutate GLUA224 has residue index 223
Residue to Mutate GLUA234 has residue index 233
Residue to Mutate GLUA234 has residue index 233
Residue to Mutate GLUA234 has residue index 233
Residue to Mutate GLUA234 has residue index 233
Residue to Mutate GLUA234 has residue index 233
Residue to Mutate GLUA239 has residue index 238
Residue to Mutate GLUA239 has residue index 238
Residue to Mutate GLUA239 has residue index 238
Residue to Mutate GLUA239 has residue index 238
Residue to Mutate GLUA252 has residue index 251
Mutating residue = ASPA313 into ALA
Mutating residue = ASPA313 into GLU
Mutating residue = ASPA313 into GLY
Mutating residue = ASPA313 into HIS
Mutating residue = ASPA313 into ASN
Mutating residue = ASPA313 into VAL
Mutating residue = ASPA313 into TYR
Mutating residue = ASPA344 into ALA
Mutating residue = ASPA344 into GLU
Mutating residue = ASPA344 into GLY
Mutating residue = ASPA344 into HIS
Mutating residue = ASPA344 into TYR
Mutating residue = ASPA41 into GLU
Mutating residue = ASPA41 into GLY
Mutating residue = ASPA41 into HIS
Mutating residue = ASPA41 into ASN
Mutating residue = ASPA41 into VAL
Mutating residue = ASPA41 into TYR
Mutating residue = ASPA62 into ALA
Mutating residue = ASPA62 into GLU
Mutating residue = ASPA62 into GLY
Mutating residue = ASPA62 into HIS
Mutating residue = ASPA62 into ASN
Mutating residue = ASPA62 into VAL
Mutating residue = ASPA62 into TYR
Mutating residue = GLUA122 into ALA
Mutating residue = GLUA122 into GLY
Mutating residue = GLUA122 into LYS
Mutating residue = GLUA122 into VAL
Mutating residue = GLUA154 into ASP
Mutating residue = GLUA154 into GLY
Mutating residue = GLUA154 into LYS
Mutating residue = GLUA154 into GLN
Mutating residue = GLUA181 into ALA
Mutating residue = GLUA181 into ASP
Mutating residue = GLUA181 into GLY
Mutating residue = GLUA181 into GLN
Mutating residue = GLUA181 into VAL
Mutating residue = GLUA224 into GLY
Mutating residue = GLUA224 into VAL
Mutating residue = GLUA234 into ALA
Mutating residue = GLUA234 into GLY
Mutating residue = GLUA234 into LYS
Mutating residue = GLUA234 into GLN
Mutating residue = GLUA234 into VAL
Mutating residue = GLUA239 into ALA
Mutating residue = GLUA239 into GLY
Mutating residue = GLUA239 into GLN
Mutating residue = GLUA239 into VAL
Mutating residue = GLUA252 into ALA
Your file run OK
End time of FoldX: Sat May  9 16:24:58 2026
Total time spend: 465.91 seconds.
validated file "OTC_1.pdb" => successfully finished
validated file "OTC_2.pdb" => successfully finished
validated file "OTC_3.pdb" => successfully finished
validated file "OTC_4.pdb" => successfully finished
validated file "OTC_5.pdb" => successfully finished
validated file "OTC_6.pdb" => successfully finished
validated file "OTC_7.pdb" => successfully finished
validated file "OTC_8.pdb" => successfully finished
validated file "OTC_9.pdb" => successfully finished
validated file "OTC_10.pdb" => successfully finished
validated file "OTC_11.pdb" => successfully finished
validated file "OTC_12.pdb" => successfully finished
validated file "OTC_13.pdb" => successfully finished
validated file "OTC_14.pdb" => successfully finished
validated file "OTC_15.pdb" => successfully finished
validated file "OTC_16.pdb" => successfully finished
validated file "OTC_17.pdb" => successfully finished
validated file "OTC_18.pdb" => successfully finished
validated file "OTC_19.pdb" => successfully finished
validated file "OTC_20.pdb" => successfully finished
validated file "OTC_21.pdb" => successfully finished
validated file "OTC_22.pdb" => successfully finished
validated file "OTC_23.pdb" => successfully finished
validated file "OTC_24.pdb" => successfully finished
validated file "OTC_25.pdb" => successfully finished
validated file "OTC_26.pdb" => successfully finished
validated file "OTC_27.pdb" => successfully finished
validated file "OTC_28.pdb" => successfully finished
validated file "OTC_29.pdb" => successfully finished
validated file "OTC_30.pdb" => successfully finished
validated file "OTC_31.pdb" => successfully finished
validated file "OTC_32.pdb" => successfully finished
validated file "OTC_33.pdb" => successfully finished
validated file "OTC_34.pdb" => successfully finished
validated file "OTC_35.pdb" => successfully finished
validated file "OTC_36.pdb" => successfully finished
validated file "OTC_37.pdb" => successfully finished
validated file "OTC_38.pdb" => successfully finished
validated file "OTC_39.pdb" => successfully finished
validated file "OTC_40.pdb" => successfully finished
validated file "OTC_41.pdb" => successfully finished
validated file "OTC_42.pdb" => successfully finished
validated file "OTC_43.pdb" => successfully finished
validated file "OTC_44.pdb" => successfully finished
validated file "OTC_45.pdb" => successfully finished
validated file "OTC_46.pdb" => successfully finished
validated file "OTC_47.pdb" => successfully finished
validated file "OTC_48.pdb" => successfully finished
validated file "OTC_49.pdb" => successfully finished
validated file "OTC_50.pdb" => successfully finished
Cleaning BuildModel...DONE
任务 5 结果提取成功，已映射突变信息。
