   ********************************************
   ***                                      ***
   ***             FoldX 5.1 (c)            ***
   ***                                      ***
   ***     code by the FoldX Consortium     ***
   ***                                      ***
   ***     Jesper Borg, Frederic Rousseau   ***
   ***    Joost Schymkowitz, Luis Serrano   ***
   ***    Peter Vanhee, Erik Verschueren    ***
   ***     Lies Baeten, Javier Delgado      ***
   ***       and Francois Stricher          ***
   *** and any other of the 9! permutations ***
   ***   based on an original concept by    ***
   ***   Raphael Guerois and Luis Serrano   ***
   ********************************************

1 models read: OTC.pdb
1 models read: OTC.pdb

BackHbond       =               -237.27
SideHbond       =               -81.10
Energy_VdW      =               -388.53
Electro         =               -9.97
Energy_SolvP    =               540.19
Energy_SolvH    =               -513.86
Energy_vdwclash =               33.38
energy_torsion  =               12.52
backbone_vdwclash=              217.39
Entropy_sidec   =               193.92
Entropy_mainc   =               551.16
water bonds     =               0.00
helix dipole    =               -2.68
loop_entropy    =               0.00
cis_bond        =               1.13
disulfide       =               0.00
kn electrostatic=               0.00
partial covalent interactions = 0.00
Energy_Ionisation =             0.79
Entropy Complex =               0.00
-----------------------------------------------------------
Total          = 				  99.67


BackHbond       =               -237.27
SideHbond       =               -81.10
Energy_VdW      =               -388.53
Electro         =               -9.97
Energy_SolvP    =               540.19
Energy_SolvH    =               -513.86
Energy_vdwclash =               33.38
energy_torsion  =               12.52
backbone_vdwclash=              217.39
Entropy_sidec   =               193.92
Entropy_mainc   =               551.16
water bonds     =               0.00
helix dipole    =               -2.68
loop_entropy    =               0.00
cis_bond        =               1.13
disulfide       =               0.00
kn electrostatic=               0.00
partial covalent interactions = 0.00
Energy_Ionisation =             0.79
Entropy Complex =               0.00
-----------------------------------------------------------
Total          = 				  99.67

Starting BuildModel
Reading LA341M;
Reading LA341P;
Reading LA341Q;
Reading LA341R;
Reading LA341V;
Reading LA342M;
Reading LA342P;
Reading LA342R;
Reading LA342V;
Reading LA349F;
Reading LA349H;
Reading LA349I;
Reading LA349P;
Reading LA349R;
Reading LA349V;
Reading LA37M;
Reading LA37P;
Reading LA37Q;
Reading LA37R;
Reading LA37V;
Reading LA42F;
Reading LA42H;
Reading LA42I;
Reading LA42P;
Reading LA42R;
Reading LA42V;
Reading LA43F;
Reading LA43H;
Reading LA43I;
Reading LA43P;
Reading LA43R;
Reading LA43V;
Reading LA45I;
Reading LA45P;
Reading LA45Q;
Reading LA45R;
Reading LA45V;
Reading LA57I;
Reading LA57P;
Reading LA57R;
Reading LA57V;
Reading LA59I;
Reading LA59P;
Reading LA59Q;
Reading LA59R;
Reading LA59V;
Reading LA63M;
Reading LA63P;
Reading LA63Q;
Reading LA63R;
Residue to Mutate LEUA341 has residue index 340
Residue to Mutate LEUA341 has residue index 340
Residue to Mutate LEUA341 has residue index 340
Residue to Mutate LEUA341 has residue index 340
Residue to Mutate LEUA341 has residue index 340
Residue to Mutate LEUA342 has residue index 341
Residue to Mutate LEUA342 has residue index 341
Residue to Mutate LEUA342 has residue index 341
Residue to Mutate LEUA342 has residue index 341
Residue to Mutate LEUA349 has residue index 348
Residue to Mutate LEUA349 has residue index 348
Residue to Mutate LEUA349 has residue index 348
Residue to Mutate LEUA349 has residue index 348
Residue to Mutate LEUA349 has residue index 348
Residue to Mutate LEUA349 has residue index 348
Residue to Mutate LEUA37 has residue index 36
Residue to Mutate LEUA37 has residue index 36
Residue to Mutate LEUA37 has residue index 36
Residue to Mutate LEUA37 has residue index 36
Residue to Mutate LEUA37 has residue index 36
Residue to Mutate LEUA42 has residue index 41
Residue to Mutate LEUA42 has residue index 41
Residue to Mutate LEUA42 has residue index 41
Residue to Mutate LEUA42 has residue index 41
Residue to Mutate LEUA42 has residue index 41
Residue to Mutate LEUA42 has residue index 41
Residue to Mutate LEUA43 has residue index 42
Residue to Mutate LEUA43 has residue index 42
Residue to Mutate LEUA43 has residue index 42
Residue to Mutate LEUA43 has residue index 42
Residue to Mutate LEUA43 has residue index 42
Residue to Mutate LEUA43 has residue index 42
Residue to Mutate LEUA45 has residue index 44
Residue to Mutate LEUA45 has residue index 44
Residue to Mutate LEUA45 has residue index 44
Residue to Mutate LEUA45 has residue index 44
Residue to Mutate LEUA45 has residue index 44
Residue to Mutate LEUA57 has residue index 56
Residue to Mutate LEUA57 has residue index 56
Residue to Mutate LEUA57 has residue index 56
Residue to Mutate LEUA57 has residue index 56
Residue to Mutate LEUA59 has residue index 58
Residue to Mutate LEUA59 has residue index 58
Residue to Mutate LEUA59 has residue index 58
Residue to Mutate LEUA59 has residue index 58
Residue to Mutate LEUA59 has residue index 58
Residue to Mutate LEUA63 has residue index 62
Residue to Mutate LEUA63 has residue index 62
Residue to Mutate LEUA63 has residue index 62
Residue to Mutate LEUA63 has residue index 62
Mutating residue = LEUA341 into MET
Mutating residue = LEUA341 into PRO
Mutating residue = LEUA341 into GLN
Mutating residue = LEUA341 into ARG
Mutating residue = LEUA341 into VAL
Mutating residue = LEUA342 into MET
Mutating residue = LEUA342 into PRO
Mutating residue = LEUA342 into ARG
Mutating residue = LEUA342 into VAL
Mutating residue = LEUA349 into PHE
Mutating residue = LEUA349 into HIS
Mutating residue = LEUA349 into ILE
Mutating residue = LEUA349 into PRO
Mutating residue = LEUA349 into ARG
Mutating residue = LEUA349 into VAL
Mutating residue = LEUA37 into MET
Mutating residue = LEUA37 into PRO
Mutating residue = LEUA37 into GLN
Mutating residue = LEUA37 into ARG
Mutating residue = LEUA37 into VAL
Mutating residue = LEUA42 into PHE
Mutating residue = LEUA42 into HIS
Mutating residue = LEUA42 into ILE
Mutating residue = LEUA42 into PRO
Mutating residue = LEUA42 into ARG
Mutating residue = LEUA42 into VAL
Mutating residue = LEUA43 into PHE
Mutating residue = LEUA43 into HIS
Mutating residue = LEUA43 into ILE
Mutating residue = LEUA43 into PRO
Mutating residue = LEUA43 into ARG
Mutating residue = LEUA43 into VAL
Mutating residue = LEUA45 into ILE
Mutating residue = LEUA45 into PRO
Mutating residue = LEUA45 into GLN
Mutating residue = LEUA45 into ARG
Mutating residue = LEUA45 into VAL
Mutating residue = LEUA57 into ILE
Mutating residue = LEUA57 into PRO
Mutating residue = LEUA57 into ARG
Mutating residue = LEUA57 into VAL
Mutating residue = LEUA59 into ILE
Mutating residue = LEUA59 into PRO
Mutating residue = LEUA59 into GLN
Mutating residue = LEUA59 into ARG
Mutating residue = LEUA59 into VAL
Mutating residue = LEUA63 into MET
Mutating residue = LEUA63 into PRO
Mutating residue = LEUA63 into GLN
Mutating residue = LEUA63 into ARG
Your file run OK
End time of FoldX: Sat May  9 16:21:14 2026
Total time spend: 242.88 seconds.
validated file "OTC_1.pdb" => successfully finished
validated file "OTC_2.pdb" => successfully finished
validated file "OTC_3.pdb" => successfully finished
validated file "OTC_4.pdb" => successfully finished
validated file "OTC_5.pdb" => successfully finished
validated file "OTC_6.pdb" => successfully finished
validated file "OTC_7.pdb" => successfully finished
validated file "OTC_8.pdb" => successfully finished
validated file "OTC_9.pdb" => successfully finished
validated file "OTC_10.pdb" => successfully finished
validated file "OTC_11.pdb" => successfully finished
validated file "OTC_12.pdb" => successfully finished
validated file "OTC_13.pdb" => successfully finished
validated file "OTC_14.pdb" => successfully finished
validated file "OTC_15.pdb" => successfully finished
validated file "OTC_16.pdb" => successfully finished
validated file "OTC_17.pdb" => successfully finished
validated file "OTC_18.pdb" => successfully finished
validated file "OTC_19.pdb" => successfully finished
validated file "OTC_20.pdb" => successfully finished
validated file "OTC_21.pdb" => successfully finished
validated file "OTC_22.pdb" => successfully finished
validated file "OTC_23.pdb" => successfully finished
validated file "OTC_24.pdb" => successfully finished
validated file "OTC_25.pdb" => successfully finished
validated file "OTC_26.pdb" => successfully finished
validated file "OTC_27.pdb" => successfully finished
validated file "OTC_28.pdb" => successfully finished
validated file "OTC_29.pdb" => successfully finished
validated file "OTC_30.pdb" => successfully finished
validated file "OTC_31.pdb" => successfully finished
validated file "OTC_32.pdb" => successfully finished
validated file "OTC_33.pdb" => successfully finished
validated file "OTC_34.pdb" => successfully finished
validated file "OTC_35.pdb" => successfully finished
validated file "OTC_36.pdb" => successfully finished
validated file "OTC_37.pdb" => successfully finished
validated file "OTC_38.pdb" => successfully finished
validated file "OTC_39.pdb" => successfully finished
validated file "OTC_40.pdb" => successfully finished
validated file "OTC_41.pdb" => successfully finished
validated file "OTC_42.pdb" => successfully finished
validated file "OTC_43.pdb" => successfully finished
validated file "OTC_44.pdb" => successfully finished
validated file "OTC_45.pdb" => successfully finished
validated file "OTC_46.pdb" => successfully finished
validated file "OTC_47.pdb" => successfully finished
validated file "OTC_48.pdb" => successfully finished
validated file "OTC_49.pdb" => successfully finished
validated file "OTC_50.pdb" => successfully finished
Cleaning BuildModel...DONE
任务 18 结果提取成功，已映射突变信息。
