   ********************************************
   ***                                      ***
   ***             FoldX 5.1 (c)            ***
   ***                                      ***
   ***     code by the FoldX Consortium     ***
   ***                                      ***
   ***     Jesper Borg, Frederic Rousseau   ***
   ***    Joost Schymkowitz, Luis Serrano   ***
   ***    Peter Vanhee, Erik Verschueren    ***
   ***     Lies Baeten, Javier Delgado      ***
   ***       and Francois Stricher          ***
   *** and any other of the 9! permutations ***
   ***   based on an original concept by    ***
   ***   Raphael Guerois and Luis Serrano   ***
   ********************************************

1 models read: OTC.pdb
1 models read: OTC.pdb

BackHbond       =               -237.27
SideHbond       =               -81.10
Energy_VdW      =               -388.53
Electro         =               -9.97
Energy_SolvP    =               540.19
Energy_SolvH    =               -513.86
Energy_vdwclash =               33.38
energy_torsion  =               12.52
backbone_vdwclash=              217.39
Entropy_sidec   =               193.92
Entropy_mainc   =               551.16
water bonds     =               0.00
helix dipole    =               -2.68
loop_entropy    =               0.00
cis_bond        =               1.13
disulfide       =               0.00
kn electrostatic=               0.00
partial covalent interactions = 0.00
Energy_Ionisation =             0.79
Entropy Complex =               0.00
-----------------------------------------------------------
Total          = 				  99.67


BackHbond       =               -237.27
SideHbond       =               -81.10
Energy_VdW      =               -388.53
Electro         =               -9.97
Energy_SolvP    =               540.19
Energy_SolvH    =               -513.86
Energy_vdwclash =               33.38
energy_torsion  =               12.52
backbone_vdwclash=              217.39
Entropy_sidec   =               193.92
Entropy_mainc   =               551.16
water bonds     =               0.00
helix dipole    =               -2.68
loop_entropy    =               0.00
cis_bond        =               1.13
disulfide       =               0.00
kn electrostatic=               0.00
partial covalent interactions = 0.00
Energy_Ionisation =             0.79
Entropy Complex =               0.00
-----------------------------------------------------------
Total          = 				  99.67

Starting BuildModel
Reading AA218S;
Reading AA218T;
Reading AA218V;
Reading AA227D;
Reading AA227P;
Reading AA227S;
Reading AA227T;
Reading AA227V;
Reading AA233E;
Reading AA233G;
Reading AA233P;
Reading AA233S;
Reading AA233V;
Reading AA237D;
Reading AA237G;
Reading AA237P;
Reading AA237S;
Reading AA237T;
Reading AA237V;
Reading AA253E;
Reading AA253G;
Reading AA253P;
Reading AA253S;
Reading AA253T;
Reading AA253V;
Reading AA254E;
Reading AA254G;
Reading AA254P;
Reading AA254S;
Reading AA254V;
Reading AA280D;
Reading AA280G;
Reading AA280P;
Reading AA280S;
Reading AA280V;
Reading AA291D;
Reading AA291G;
Reading AA291P;
Reading AA291S;
Reading AA291T;
Reading AA294D;
Reading AA294G;
Reading AA294P;
Reading AA294S;
Reading AA294T;
Reading AA294V;
Reading AA295D;
Reading AA295G;
Reading AA295P;
Reading AA295S;
Residue to Mutate ALAA218 has residue index 217
Residue to Mutate ALAA218 has residue index 217
Residue to Mutate ALAA218 has residue index 217
Residue to Mutate ALAA227 has residue index 226
Residue to Mutate ALAA227 has residue index 226
Residue to Mutate ALAA227 has residue index 226
Residue to Mutate ALAA227 has residue index 226
Residue to Mutate ALAA227 has residue index 226
Residue to Mutate ALAA233 has residue index 232
Residue to Mutate ALAA233 has residue index 232
Residue to Mutate ALAA233 has residue index 232
Residue to Mutate ALAA233 has residue index 232
Residue to Mutate ALAA233 has residue index 232
Residue to Mutate ALAA237 has residue index 236
Residue to Mutate ALAA237 has residue index 236
Residue to Mutate ALAA237 has residue index 236
Residue to Mutate ALAA237 has residue index 236
Residue to Mutate ALAA237 has residue index 236
Residue to Mutate ALAA237 has residue index 236
Residue to Mutate ALAA253 has residue index 252
Residue to Mutate ALAA253 has residue index 252
Residue to Mutate ALAA253 has residue index 252
Residue to Mutate ALAA253 has residue index 252
Residue to Mutate ALAA253 has residue index 252
Residue to Mutate ALAA253 has residue index 252
Residue to Mutate ALAA254 has residue index 253
Residue to Mutate ALAA254 has residue index 253
Residue to Mutate ALAA254 has residue index 253
Residue to Mutate ALAA254 has residue index 253
Residue to Mutate ALAA254 has residue index 253
Residue to Mutate ALAA280 has residue index 279
Residue to Mutate ALAA280 has residue index 279
Residue to Mutate ALAA280 has residue index 279
Residue to Mutate ALAA280 has residue index 279
Residue to Mutate ALAA280 has residue index 279
Residue to Mutate ALAA291 has residue index 290
Residue to Mutate ALAA291 has residue index 290
Residue to Mutate ALAA291 has residue index 290
Residue to Mutate ALAA291 has residue index 290
Residue to Mutate ALAA291 has residue index 290
Residue to Mutate ALAA294 has residue index 293
Residue to Mutate ALAA294 has residue index 293
Residue to Mutate ALAA294 has residue index 293
Residue to Mutate ALAA294 has residue index 293
Residue to Mutate ALAA294 has residue index 293
Residue to Mutate ALAA294 has residue index 293
Residue to Mutate ALAA295 has residue index 294
Residue to Mutate ALAA295 has residue index 294
Residue to Mutate ALAA295 has residue index 294
Residue to Mutate ALAA295 has residue index 294
Mutating residue = ALAA218 into SER
Mutating residue = ALAA218 into THR
Mutating residue = ALAA218 into VAL
Mutating residue = ALAA227 into ASP
Mutating residue = ALAA227 into PRO
Mutating residue = ALAA227 into SER
Mutating residue = ALAA227 into THR
Mutating residue = ALAA227 into VAL
Mutating residue = ALAA233 into GLU
Mutating residue = ALAA233 into GLY
Mutating residue = ALAA233 into PRO
Mutating residue = ALAA233 into SER
Mutating residue = ALAA233 into VAL
Mutating residue = ALAA237 into ASP
Mutating residue = ALAA237 into GLY
Mutating residue = ALAA237 into PRO
Mutating residue = ALAA237 into SER
Mutating residue = ALAA237 into THR
Mutating residue = ALAA237 into VAL
Mutating residue = ALAA253 into GLU
Mutating residue = ALAA253 into GLY
Mutating residue = ALAA253 into PRO
Mutating residue = ALAA253 into SER
Mutating residue = ALAA253 into THR
Mutating residue = ALAA253 into VAL
Mutating residue = ALAA254 into GLU
Mutating residue = ALAA254 into GLY
Mutating residue = ALAA254 into PRO
Mutating residue = ALAA254 into SER
Mutating residue = ALAA254 into VAL
Mutating residue = ALAA280 into ASP
Mutating residue = ALAA280 into GLY
Mutating residue = ALAA280 into PRO
Mutating residue = ALAA280 into SER
Mutating residue = ALAA280 into VAL
Mutating residue = ALAA291 into ASP
Mutating residue = ALAA291 into GLY
Mutating residue = ALAA291 into PRO
Mutating residue = ALAA291 into SER
Mutating residue = ALAA291 into THR
Mutating residue = ALAA294 into ASP
Mutating residue = ALAA294 into GLY
Mutating residue = ALAA294 into PRO
Mutating residue = ALAA294 into SER
Mutating residue = ALAA294 into THR
Mutating residue = ALAA294 into VAL
Mutating residue = ALAA295 into ASP
Mutating residue = ALAA295 into GLY
Mutating residue = ALAA295 into PRO
Mutating residue = ALAA295 into SER
Your file run OK
End time of FoldX: Sat May  9 16:19:00 2026
Total time spend: 108.65 seconds.
validated file "OTC_1.pdb" => successfully finished
validated file "OTC_2.pdb" => successfully finished
validated file "OTC_3.pdb" => successfully finished
validated file "OTC_4.pdb" => successfully finished
validated file "OTC_5.pdb" => successfully finished
validated file "OTC_6.pdb" => successfully finished
validated file "OTC_7.pdb" => successfully finished
validated file "OTC_8.pdb" => successfully finished
validated file "OTC_9.pdb" => successfully finished
validated file "OTC_10.pdb" => successfully finished
validated file "OTC_11.pdb" => successfully finished
validated file "OTC_12.pdb" => successfully finished
validated file "OTC_13.pdb" => successfully finished
validated file "OTC_14.pdb" => successfully finished
validated file "OTC_15.pdb" => successfully finished
validated file "OTC_16.pdb" => successfully finished
validated file "OTC_17.pdb" => successfully finished
validated file "OTC_18.pdb" => successfully finished
validated file "OTC_19.pdb" => successfully finished
validated file "OTC_20.pdb" => successfully finished
validated file "OTC_21.pdb" => successfully finished
validated file "OTC_22.pdb" => successfully finished
validated file "OTC_23.pdb" => successfully finished
validated file "OTC_24.pdb" => successfully finished
validated file "OTC_25.pdb" => successfully finished
validated file "OTC_26.pdb" => successfully finished
validated file "OTC_27.pdb" => successfully finished
validated file "OTC_28.pdb" => successfully finished
validated file "OTC_29.pdb" => successfully finished
validated file "OTC_30.pdb" => successfully finished
validated file "OTC_31.pdb" => successfully finished
validated file "OTC_32.pdb" => successfully finished
validated file "OTC_33.pdb" => successfully finished
validated file "OTC_34.pdb" => successfully finished
validated file "OTC_35.pdb" => successfully finished
validated file "OTC_36.pdb" => successfully finished
validated file "OTC_37.pdb" => successfully finished
validated file "OTC_38.pdb" => successfully finished
validated file "OTC_39.pdb" => successfully finished
validated file "OTC_40.pdb" => successfully finished
validated file "OTC_41.pdb" => successfully finished
validated file "OTC_42.pdb" => successfully finished
validated file "OTC_43.pdb" => successfully finished
validated file "OTC_44.pdb" => successfully finished
validated file "OTC_45.pdb" => successfully finished
validated file "OTC_46.pdb" => successfully finished
validated file "OTC_47.pdb" => successfully finished
validated file "OTC_48.pdb" => successfully finished
validated file "OTC_49.pdb" => successfully finished
validated file "OTC_50.pdb" => successfully finished
Cleaning BuildModel...DONE
任务 2 结果提取成功，已映射突变信息。
