   ********************************************
   ***                                      ***
   ***             FoldX 5.1 (c)            ***
   ***                                      ***
   ***     code by the FoldX Consortium     ***
   ***                                      ***
   ***     Jesper Borg, Frederic Rousseau   ***
   ***    Joost Schymkowitz, Luis Serrano   ***
   ***    Peter Vanhee, Erik Verschueren    ***
   ***     Lies Baeten, Javier Delgado      ***
   ***       and Francois Stricher          ***
   *** and any other of the 9! permutations ***
   ***   based on an original concept by    ***
   ***   Raphael Guerois and Luis Serrano   ***
   ********************************************

1 models read: OTC.pdb
1 models read: OTC.pdb

BackHbond       =               -237.27
SideHbond       =               -81.10
Energy_VdW      =               -388.53
Electro         =               -9.97
Energy_SolvP    =               540.19
Energy_SolvH    =               -513.86
Energy_vdwclash =               33.38
energy_torsion  =               12.52
backbone_vdwclash=              217.39
Entropy_sidec   =               193.92
Entropy_mainc   =               551.16
water bonds     =               0.00
helix dipole    =               -2.68
loop_entropy    =               0.00
cis_bond        =               1.13
disulfide       =               0.00
kn electrostatic=               0.00
partial covalent interactions = 0.00
Energy_Ionisation =             0.79
Entropy Complex =               0.00
-----------------------------------------------------------
Total          = 				  99.67


BackHbond       =               -237.27
SideHbond       =               -81.10
Energy_VdW      =               -388.53
Electro         =               -9.97
Energy_SolvP    =               540.19
Energy_SolvH    =               -513.86
Energy_vdwclash =               33.38
energy_torsion  =               12.52
backbone_vdwclash=              217.39
Entropy_sidec   =               193.92
Entropy_mainc   =               551.16
water bonds     =               0.00
helix dipole    =               -2.68
loop_entropy    =               0.00
cis_bond        =               1.13
disulfide       =               0.00
kn electrostatic=               0.00
partial covalent interactions = 0.00
Energy_Ionisation =             0.79
Entropy Complex =               0.00
-----------------------------------------------------------
Total          = 				  99.67

Starting BuildModel
Reading QA145H;
Reading QA145K;
Reading QA145P;
Reading QA145R;
Reading QA171E;
Reading QA171K;
Reading QA171L;
Reading QA171P;
Reading QA171R;
Reading QA180H;
Reading QA180K;
Reading QA180L;
Reading QA180P;
Reading QA180R;
Reading QA216E;
Reading QA216K;
Reading QA216P;
Reading QA216R;
Reading QA235E;
Reading QA235H;
Reading QA235K;
Reading QA235L;
Reading QA235P;
Reading QA235R;
Reading QA270E;
Reading QA270H;
Reading QA270K;
Reading QA270P;
Reading QA270R;
Reading QA279E;
Reading QA279H;
Reading QA279K;
Reading QA279L;
Reading QA279P;
Reading QA282E;
Reading QA282H;
Reading QA282K;
Reading QA282L;
Reading QA282P;
Reading QA282R;
Reading QA285E;
Reading QA285H;
Reading QA285K;
Reading QA285L;
Reading QA285P;
Reading QA285R;
Reading QA348H;
Reading QA348L;
Reading QA348P;
Reading QA348R;
Residue to Mutate GLNA145 has residue index 144
Residue to Mutate GLNA145 has residue index 144
Residue to Mutate GLNA145 has residue index 144
Residue to Mutate GLNA145 has residue index 144
Residue to Mutate GLNA171 has residue index 170
Residue to Mutate GLNA171 has residue index 170
Residue to Mutate GLNA171 has residue index 170
Residue to Mutate GLNA171 has residue index 170
Residue to Mutate GLNA171 has residue index 170
Residue to Mutate GLNA180 has residue index 179
Residue to Mutate GLNA180 has residue index 179
Residue to Mutate GLNA180 has residue index 179
Residue to Mutate GLNA180 has residue index 179
Residue to Mutate GLNA180 has residue index 179
Residue to Mutate GLNA216 has residue index 215
Residue to Mutate GLNA216 has residue index 215
Residue to Mutate GLNA216 has residue index 215
Residue to Mutate GLNA216 has residue index 215
Residue to Mutate GLNA235 has residue index 234
Residue to Mutate GLNA235 has residue index 234
Residue to Mutate GLNA235 has residue index 234
Residue to Mutate GLNA235 has residue index 234
Residue to Mutate GLNA235 has residue index 234
Residue to Mutate GLNA235 has residue index 234
Residue to Mutate GLNA270 has residue index 269
Residue to Mutate GLNA270 has residue index 269
Residue to Mutate GLNA270 has residue index 269
Residue to Mutate GLNA270 has residue index 269
Residue to Mutate GLNA270 has residue index 269
Residue to Mutate GLNA279 has residue index 278
Residue to Mutate GLNA279 has residue index 278
Residue to Mutate GLNA279 has residue index 278
Residue to Mutate GLNA279 has residue index 278
Residue to Mutate GLNA279 has residue index 278
Residue to Mutate GLNA282 has residue index 281
Residue to Mutate GLNA282 has residue index 281
Residue to Mutate GLNA282 has residue index 281
Residue to Mutate GLNA282 has residue index 281
Residue to Mutate GLNA282 has residue index 281
Residue to Mutate GLNA282 has residue index 281
Residue to Mutate GLNA285 has residue index 284
Residue to Mutate GLNA285 has residue index 284
Residue to Mutate GLNA285 has residue index 284
Residue to Mutate GLNA285 has residue index 284
Residue to Mutate GLNA285 has residue index 284
Residue to Mutate GLNA285 has residue index 284
Residue to Mutate GLNA348 has residue index 347
Residue to Mutate GLNA348 has residue index 347
Residue to Mutate GLNA348 has residue index 347
Residue to Mutate GLNA348 has residue index 347
Mutating residue = GLNA145 into HIS
Mutating residue = GLNA145 into LYS
Mutating residue = GLNA145 into PRO
Mutating residue = GLNA145 into ARG
Mutating residue = GLNA171 into GLU
Mutating residue = GLNA171 into LYS
Mutating residue = GLNA171 into LEU
Mutating residue = GLNA171 into PRO
Mutating residue = GLNA171 into ARG
Mutating residue = GLNA180 into HIS
Mutating residue = GLNA180 into LYS
Mutating residue = GLNA180 into LEU
Mutating residue = GLNA180 into PRO
Mutating residue = GLNA180 into ARG
Mutating residue = GLNA216 into GLU
Mutating residue = GLNA216 into LYS
Mutating residue = GLNA216 into PRO
Mutating residue = GLNA216 into ARG
Mutating residue = GLNA235 into GLU
Mutating residue = GLNA235 into HIS
Mutating residue = GLNA235 into LYS
Mutating residue = GLNA235 into LEU
Mutating residue = GLNA235 into PRO
Mutating residue = GLNA235 into ARG
Mutating residue = GLNA270 into GLU
Mutating residue = GLNA270 into HIS
Mutating residue = GLNA270 into LYS
Mutating residue = GLNA270 into PRO
Mutating residue = GLNA270 into ARG
Mutating residue = GLNA279 into GLU
Mutating residue = GLNA279 into HIS
Mutating residue = GLNA279 into LYS
Mutating residue = GLNA279 into LEU
Mutating residue = GLNA279 into PRO
Mutating residue = GLNA282 into GLU
Mutating residue = GLNA282 into HIS
Mutating residue = GLNA282 into LYS
Mutating residue = GLNA282 into LEU
Mutating residue = GLNA282 into PRO
Mutating residue = GLNA282 into ARG
Mutating residue = GLNA285 into GLU
Mutating residue = GLNA285 into HIS
Mutating residue = GLNA285 into LYS
Mutating residue = GLNA285 into LEU
Mutating residue = GLNA285 into PRO
Mutating residue = GLNA285 into ARG
Mutating residue = GLNA348 into HIS
Mutating residue = GLNA348 into LEU
Mutating residue = GLNA348 into PRO
Mutating residue = GLNA348 into ARG
Your file run OK
End time of FoldX: Sat May  9 16:26:14 2026
Total time spend: 541.54 seconds.
validated file "OTC_1.pdb" => successfully finished
validated file "OTC_2.pdb" => successfully finished
validated file "OTC_3.pdb" => successfully finished
validated file "OTC_4.pdb" => successfully finished
validated file "OTC_5.pdb" => successfully finished
validated file "OTC_6.pdb" => successfully finished
validated file "OTC_7.pdb" => successfully finished
validated file "OTC_8.pdb" => successfully finished
validated file "OTC_9.pdb" => successfully finished
validated file "OTC_10.pdb" => successfully finished
validated file "OTC_11.pdb" => successfully finished
validated file "OTC_12.pdb" => successfully finished
validated file "OTC_13.pdb" => successfully finished
validated file "OTC_14.pdb" => successfully finished
validated file "OTC_15.pdb" => successfully finished
validated file "OTC_16.pdb" => successfully finished
validated file "OTC_17.pdb" => successfully finished
validated file "OTC_18.pdb" => successfully finished
validated file "OTC_19.pdb" => successfully finished
validated file "OTC_20.pdb" => successfully finished
validated file "OTC_21.pdb" => successfully finished
validated file "OTC_22.pdb" => successfully finished
validated file "OTC_23.pdb" => successfully finished
validated file "OTC_24.pdb" => successfully finished
validated file "OTC_25.pdb" => successfully finished
validated file "OTC_26.pdb" => successfully finished
validated file "OTC_27.pdb" => successfully finished
validated file "OTC_28.pdb" => successfully finished
validated file "OTC_29.pdb" => successfully finished
validated file "OTC_30.pdb" => successfully finished
validated file "OTC_31.pdb" => successfully finished
validated file "OTC_32.pdb" => successfully finished
validated file "OTC_33.pdb" => successfully finished
validated file "OTC_34.pdb" => successfully finished
validated file "OTC_35.pdb" => successfully finished
validated file "OTC_36.pdb" => successfully finished
validated file "OTC_37.pdb" => successfully finished
validated file "OTC_38.pdb" => successfully finished
validated file "OTC_39.pdb" => successfully finished
validated file "OTC_40.pdb" => successfully finished
validated file "OTC_41.pdb" => successfully finished
validated file "OTC_42.pdb" => successfully finished
validated file "OTC_43.pdb" => successfully finished
validated file "OTC_44.pdb" => successfully finished
validated file "OTC_45.pdb" => successfully finished
validated file "OTC_46.pdb" => successfully finished
validated file "OTC_47.pdb" => successfully finished
validated file "OTC_48.pdb" => successfully finished
validated file "OTC_49.pdb" => successfully finished
validated file "OTC_50.pdb" => successfully finished
Cleaning BuildModel...DONE
任务 23 结果提取成功，已映射突变信息。
