   ********************************************
   ***                                      ***
   ***             FoldX 5.1 (c)            ***
   ***                                      ***
   ***     code by the FoldX Consortium     ***
   ***                                      ***
   ***     Jesper Borg, Frederic Rousseau   ***
   ***    Joost Schymkowitz, Luis Serrano   ***
   ***    Peter Vanhee, Erik Verschueren    ***
   ***     Lies Baeten, Javier Delgado      ***
   ***       and Francois Stricher          ***
   *** and any other of the 9! permutations ***
   ***   based on an original concept by    ***
   ***   Raphael Guerois and Luis Serrano   ***
   ********************************************

1 models read: OTC.pdb
1 models read: OTC.pdb

BackHbond       =               -237.27
SideHbond       =               -81.10
Energy_VdW      =               -388.53
Electro         =               -9.97
Energy_SolvP    =               540.19
Energy_SolvH    =               -513.86
Energy_vdwclash =               33.38
energy_torsion  =               12.52
backbone_vdwclash=              217.39
Entropy_sidec   =               193.92
Entropy_mainc   =               551.16
water bonds     =               0.00
helix dipole    =               -2.68
loop_entropy    =               0.00
cis_bond        =               1.13
disulfide       =               0.00
kn electrostatic=               0.00
partial covalent interactions = 0.00
Energy_Ionisation =             0.79
Entropy Complex =               0.00
-----------------------------------------------------------
Total          = 				  99.67


BackHbond       =               -237.27
SideHbond       =               -81.10
Energy_VdW      =               -388.53
Electro         =               -9.97
Energy_SolvP    =               540.19
Energy_SolvH    =               -513.86
Energy_vdwclash =               33.38
energy_torsion  =               12.52
backbone_vdwclash=              217.39
Entropy_sidec   =               193.92
Entropy_mainc   =               551.16
water bonds     =               0.00
helix dipole    =               -2.68
loop_entropy    =               0.00
cis_bond        =               1.13
disulfide       =               0.00
kn electrostatic=               0.00
partial covalent interactions = 0.00
Energy_Ionisation =             0.79
Entropy Complex =               0.00
-----------------------------------------------------------
Total          = 				  99.67

Starting BuildModel
Reading MA288V;
Reading MA335I;
Reading MA335K;
Reading MA335L;
Reading MA335T;
Reading MA335V;
Reading MA338I;
Reading MA338L;
Reading MA338R;
Reading MA338T;
Reading MA338V;
Reading MA56K;
Reading MA56L;
Reading MA56R;
Reading MA56T;
Reading MA84I;
Reading MA84K;
Reading MA84L;
Reading MA84R;
Reading MA84T;
Reading MA84V;
Reading NA121D;
Reading NA121H;
Reading NA121I;
Reading NA121K;
Reading NA121S;
Reading NA121Y;
Reading NA161D;
Reading NA161I;
Reading NA161K;
Reading NA161S;
Reading NA161T;
Reading NA161Y;
Reading NA198D;
Reading NA198H;
Reading NA198I;
Reading NA198K;
Reading NA198S;
Reading NA198T;
Reading NA198Y;
Reading NA199I;
Reading NA199S;
Reading NA199T;
Reading NA240D;
Reading NA240H;
Reading NA240K;
Reading NA240S;
Reading NA240Y;
Reading NA248D;
Reading NA248H;
Residue to Mutate META288 has residue index 287
Residue to Mutate META335 has residue index 334
Residue to Mutate META335 has residue index 334
Residue to Mutate META335 has residue index 334
Residue to Mutate META335 has residue index 334
Residue to Mutate META335 has residue index 334
Residue to Mutate META338 has residue index 337
Residue to Mutate META338 has residue index 337
Residue to Mutate META338 has residue index 337
Residue to Mutate META338 has residue index 337
Residue to Mutate META338 has residue index 337
Residue to Mutate META56 has residue index 55
Residue to Mutate META56 has residue index 55
Residue to Mutate META56 has residue index 55
Residue to Mutate META56 has residue index 55
Residue to Mutate META84 has residue index 83
Residue to Mutate META84 has residue index 83
Residue to Mutate META84 has residue index 83
Residue to Mutate META84 has residue index 83
Residue to Mutate META84 has residue index 83
Residue to Mutate META84 has residue index 83
Residue to Mutate ASNA121 has residue index 120
Residue to Mutate ASNA121 has residue index 120
Residue to Mutate ASNA121 has residue index 120
Residue to Mutate ASNA121 has residue index 120
Residue to Mutate ASNA121 has residue index 120
Residue to Mutate ASNA121 has residue index 120
Residue to Mutate ASNA161 has residue index 160
Residue to Mutate ASNA161 has residue index 160
Residue to Mutate ASNA161 has residue index 160
Residue to Mutate ASNA161 has residue index 160
Residue to Mutate ASNA161 has residue index 160
Residue to Mutate ASNA161 has residue index 160
Residue to Mutate ASNA198 has residue index 197
Residue to Mutate ASNA198 has residue index 197
Residue to Mutate ASNA198 has residue index 197
Residue to Mutate ASNA198 has residue index 197
Residue to Mutate ASNA198 has residue index 197
Residue to Mutate ASNA198 has residue index 197
Residue to Mutate ASNA198 has residue index 197
Residue to Mutate ASNA199 has residue index 198
Residue to Mutate ASNA199 has residue index 198
Residue to Mutate ASNA199 has residue index 198
Residue to Mutate ASNA240 has residue index 239
Residue to Mutate ASNA240 has residue index 239
Residue to Mutate ASNA240 has residue index 239
Residue to Mutate ASNA240 has residue index 239
Residue to Mutate ASNA240 has residue index 239
Residue to Mutate ASNA248 has residue index 247
Residue to Mutate ASNA248 has residue index 247
Mutating residue = META288 into VAL
Mutating residue = META335 into ILE
Mutating residue = META335 into LYS
Mutating residue = META335 into LEU
Mutating residue = META335 into THR
Mutating residue = META335 into VAL
Mutating residue = META338 into ILE
Mutating residue = META338 into LEU
Mutating residue = META338 into ARG
Mutating residue = META338 into THR
Mutating residue = META338 into VAL
Mutating residue = META56 into LYS
Mutating residue = META56 into LEU
Mutating residue = META56 into ARG
Mutating residue = META56 into THR
Mutating residue = META84 into ILE
Mutating residue = META84 into LYS
Mutating residue = META84 into LEU
Mutating residue = META84 into ARG
Mutating residue = META84 into THR
Mutating residue = META84 into VAL
Mutating residue = ASNA121 into ASP
Mutating residue = ASNA121 into HIS
Mutating residue = ASNA121 into ILE
Mutating residue = ASNA121 into LYS
Mutating residue = ASNA121 into SER
Mutating residue = ASNA121 into TYR
Mutating residue = ASNA161 into ASP
Mutating residue = ASNA161 into ILE
Mutating residue = ASNA161 into LYS
Mutating residue = ASNA161 into SER
Mutating residue = ASNA161 into THR
Mutating residue = ASNA161 into TYR
Mutating residue = ASNA198 into ASP
Mutating residue = ASNA198 into HIS
Mutating residue = ASNA198 into ILE
Mutating residue = ASNA198 into LYS
Mutating residue = ASNA198 into SER
Mutating residue = ASNA198 into THR
Mutating residue = ASNA198 into TYR
Mutating residue = ASNA199 into ILE
Mutating residue = ASNA199 into SER
Mutating residue = ASNA199 into THR
Mutating residue = ASNA240 into ASP
Mutating residue = ASNA240 into HIS
Mutating residue = ASNA240 into LYS
Mutating residue = ASNA240 into SER
Mutating residue = ASNA240 into TYR
Mutating residue = ASNA248 into ASP
Mutating residue = ASNA248 into HIS
Your file run OK
End time of FoldX: Sat May  9 16:25:13 2026
Total time spend: 481.26 seconds.
validated file "OTC_1.pdb" => successfully finished
validated file "OTC_2.pdb" => successfully finished
validated file "OTC_3.pdb" => successfully finished
validated file "OTC_4.pdb" => successfully finished
validated file "OTC_5.pdb" => successfully finished
validated file "OTC_6.pdb" => successfully finished
validated file "OTC_7.pdb" => successfully finished
validated file "OTC_8.pdb" => successfully finished
validated file "OTC_9.pdb" => successfully finished
validated file "OTC_10.pdb" => successfully finished
validated file "OTC_11.pdb" => successfully finished
validated file "OTC_12.pdb" => successfully finished
validated file "OTC_13.pdb" => successfully finished
validated file "OTC_14.pdb" => successfully finished
validated file "OTC_15.pdb" => successfully finished
validated file "OTC_16.pdb" => successfully finished
validated file "OTC_17.pdb" => successfully finished
validated file "OTC_18.pdb" => successfully finished
validated file "OTC_19.pdb" => successfully finished
validated file "OTC_20.pdb" => successfully finished
validated file "OTC_21.pdb" => successfully finished
validated file "OTC_22.pdb" => successfully finished
validated file "OTC_23.pdb" => successfully finished
validated file "OTC_24.pdb" => successfully finished
validated file "OTC_25.pdb" => successfully finished
validated file "OTC_26.pdb" => successfully finished
validated file "OTC_27.pdb" => successfully finished
validated file "OTC_28.pdb" => successfully finished
validated file "OTC_29.pdb" => successfully finished
validated file "OTC_30.pdb" => successfully finished
validated file "OTC_31.pdb" => successfully finished
validated file "OTC_32.pdb" => successfully finished
validated file "OTC_33.pdb" => successfully finished
validated file "OTC_34.pdb" => successfully finished
validated file "OTC_35.pdb" => successfully finished
validated file "OTC_36.pdb" => successfully finished
validated file "OTC_37.pdb" => successfully finished
validated file "OTC_38.pdb" => successfully finished
validated file "OTC_39.pdb" => successfully finished
validated file "OTC_40.pdb" => successfully finished
validated file "OTC_41.pdb" => successfully finished
validated file "OTC_42.pdb" => successfully finished
validated file "OTC_43.pdb" => successfully finished
validated file "OTC_44.pdb" => successfully finished
validated file "OTC_45.pdb" => successfully finished
validated file "OTC_46.pdb" => successfully finished
validated file "OTC_47.pdb" => successfully finished
validated file "OTC_48.pdb" => successfully finished
validated file "OTC_49.pdb" => successfully finished
validated file "OTC_50.pdb" => successfully finished
Cleaning BuildModel...DONE
任务 20 结果提取成功，已映射突变信息。
