   ********************************************
   ***                                      ***
   ***             FoldX 5.1 (c)            ***
   ***                                      ***
   ***     code by the FoldX Consortium     ***
   ***                                      ***
   ***     Jesper Borg, Frederic Rousseau   ***
   ***    Joost Schymkowitz, Luis Serrano   ***
   ***    Peter Vanhee, Erik Verschueren    ***
   ***     Lies Baeten, Javier Delgado      ***
   ***       and Francois Stricher          ***
   *** and any other of the 9! permutations ***
   ***   based on an original concept by    ***
   ***   Raphael Guerois and Luis Serrano   ***
   ********************************************

1 models read: CAS9.pdb
1 models read: CAS9.pdb

BackHbond       =               -900.22
SideHbond       =               -324.89
Energy_VdW      =               -1515.04
Electro         =               -74.00
Energy_SolvP    =               2150.66
Energy_SolvH    =               -1993.90
Energy_vdwclash =               76.97
energy_torsion  =               14.15
backbone_vdwclash=              997.87
Entropy_sidec   =               814.62
Entropy_mainc   =               2092.14
water bonds     =               0.00
helix dipole    =               -7.70
loop_entropy    =               0.00
cis_bond        =               0.00
disulfide       =               0.00
kn electrostatic=               0.00
partial covalent interactions = 0.00
Energy_Ionisation =             3.43
Entropy Complex =               0.00
-----------------------------------------------------------
Total          = 				  336.23


BackHbond       =               -900.22
SideHbond       =               -324.89
Energy_VdW      =               -1515.04
Electro         =               -74.00
Energy_SolvP    =               2150.66
Energy_SolvH    =               -1993.90
Energy_vdwclash =               76.97
energy_torsion  =               14.15
backbone_vdwclash=              997.87
Entropy_sidec   =               814.62
Entropy_mainc   =               2092.14
water bonds     =               0.00
helix dipole    =               -7.70
loop_entropy    =               0.00
cis_bond        =               0.00
disulfide       =               0.00
kn electrostatic=               0.00
partial covalent interactions = 0.00
Energy_Ionisation =             3.43
Entropy Complex =               0.00
-----------------------------------------------------------
Total          = 				  336.23

Starting BuildModel
Reading EA232V;
Reading EA24A;
Reading EA24D;
Reading EA24G;
Reading EA24K;
Reading EA24Q;
Reading EA24V;
Reading EA260A;
Reading EA260D;
Reading EA260G;
Reading EA260K;
Reading EA260Q;
Reading EA260V;
Reading EA311A;
Reading EA311D;
Reading EA311G;
Reading EA311K;
Reading EA311Q;
Reading EA311V;
Reading EA327A;
Reading EA327D;
Reading EA327G;
Reading EA327K;
Reading EA327Q;
Reading EA327V;
Reading EA345A;
Reading EA345D;
Reading EA345G;
Reading EA345K;
Reading EA345Q;
Reading EA345V;
Reading EA349A;
Reading EA349D;
Reading EA349G;
Reading EA349K;
Reading EA349Q;
Reading EA349V;
Reading EA370A;
Reading EA370D;
Reading EA370G;
Reading EA370K;
Reading EA370Q;
Reading EA370V;
Reading EA371A;
Reading EA371D;
Reading EA371G;
Reading EA371K;
Reading EA371Q;
Reading EA371V;
Reading EA381A;
Residue to Mutate GLUA232 has residue index 231
Residue to Mutate GLUA24 has residue index 23
Residue to Mutate GLUA24 has residue index 23
Residue to Mutate GLUA24 has residue index 23
Residue to Mutate GLUA24 has residue index 23
Residue to Mutate GLUA24 has residue index 23
Residue to Mutate GLUA24 has residue index 23
Residue to Mutate GLUA260 has residue index 259
Residue to Mutate GLUA260 has residue index 259
Residue to Mutate GLUA260 has residue index 259
Residue to Mutate GLUA260 has residue index 259
Residue to Mutate GLUA260 has residue index 259
Residue to Mutate GLUA260 has residue index 259
Residue to Mutate GLUA311 has residue index 310
Residue to Mutate GLUA311 has residue index 310
Residue to Mutate GLUA311 has residue index 310
Residue to Mutate GLUA311 has residue index 310
Residue to Mutate GLUA311 has residue index 310
Residue to Mutate GLUA311 has residue index 310
Residue to Mutate GLUA327 has residue index 326
Residue to Mutate GLUA327 has residue index 326
Residue to Mutate GLUA327 has residue index 326
Residue to Mutate GLUA327 has residue index 326
Residue to Mutate GLUA327 has residue index 326
Residue to Mutate GLUA327 has residue index 326
Residue to Mutate GLUA345 has residue index 344
Residue to Mutate GLUA345 has residue index 344
Residue to Mutate GLUA345 has residue index 344
Residue to Mutate GLUA345 has residue index 344
Residue to Mutate GLUA345 has residue index 344
Residue to Mutate GLUA345 has residue index 344
Residue to Mutate GLUA349 has residue index 348
Residue to Mutate GLUA349 has residue index 348
Residue to Mutate GLUA349 has residue index 348
Residue to Mutate GLUA349 has residue index 348
Residue to Mutate GLUA349 has residue index 348
Residue to Mutate GLUA349 has residue index 348
Residue to Mutate GLUA370 has residue index 369
Residue to Mutate GLUA370 has residue index 369
Residue to Mutate GLUA370 has residue index 369
Residue to Mutate GLUA370 has residue index 369
Residue to Mutate GLUA370 has residue index 369
Residue to Mutate GLUA370 has residue index 369
Residue to Mutate GLUA371 has residue index 370
Residue to Mutate GLUA371 has residue index 370
Residue to Mutate GLUA371 has residue index 370
Residue to Mutate GLUA371 has residue index 370
Residue to Mutate GLUA371 has residue index 370
Residue to Mutate GLUA371 has residue index 370
Residue to Mutate GLUA381 has residue index 380
Mutating residue = GLUA232 into VAL
Mutating residue = GLUA24 into ALA
Mutating residue = GLUA24 into ASP
Mutating residue = GLUA24 into GLY
Mutating residue = GLUA24 into LYS
Mutating residue = GLUA24 into GLN
Mutating residue = GLUA24 into VAL
Mutating residue = GLUA260 into ALA
Mutating residue = GLUA260 into ASP
Mutating residue = GLUA260 into GLY
Mutating residue = GLUA260 into LYS
Mutating residue = GLUA260 into GLN
Mutating residue = GLUA260 into VAL
Mutating residue = GLUA311 into ALA
Mutating residue = GLUA311 into ASP
Mutating residue = GLUA311 into GLY
Mutating residue = GLUA311 into LYS
Mutating residue = GLUA311 into GLN
Mutating residue = GLUA311 into VAL
Mutating residue = GLUA327 into ALA
Mutating residue = GLUA327 into ASP
Mutating residue = GLUA327 into GLY
Mutating residue = GLUA327 into LYS
Mutating residue = GLUA327 into GLN
Mutating residue = GLUA327 into VAL
Mutating residue = GLUA345 into ALA
Mutating residue = GLUA345 into ASP
Mutating residue = GLUA345 into GLY
Mutating residue = GLUA345 into LYS
Mutating residue = GLUA345 into GLN
Mutating residue = GLUA345 into VAL
Mutating residue = GLUA349 into ALA
Mutating residue = GLUA349 into ASP
Mutating residue = GLUA349 into GLY
Mutating residue = GLUA349 into LYS
Mutating residue = GLUA349 into GLN
Mutating residue = GLUA349 into VAL
Mutating residue = GLUA370 into ALA
Mutating residue = GLUA370 into ASP
Mutating residue = GLUA370 into GLY
Mutating residue = GLUA370 into LYS
Mutating residue = GLUA370 into GLN
Mutating residue = GLUA370 into VAL
Mutating residue = GLUA371 into ALA
Mutating residue = GLUA371 into ASP
Mutating residue = GLUA371 into GLY
Mutating residue = GLUA371 into LYS
Mutating residue = GLUA371 into GLN
Mutating residue = GLUA371 into VAL
Mutating residue = GLUA381 into ALA
Your file run OK
End time of FoldX: Sat May  9 16:31:54 2026
Total time spend: 890.42 seconds.
validated file "CAS9_1.pdb" => successfully finished
validated file "CAS9_2.pdb" => successfully finished
validated file "CAS9_3.pdb" => successfully finished
validated file "CAS9_4.pdb" => successfully finished
validated file "CAS9_5.pdb" => successfully finished
validated file "CAS9_6.pdb" => successfully finished
validated file "CAS9_7.pdb" => successfully finished
validated file "CAS9_8.pdb" => successfully finished
validated file "CAS9_9.pdb" => successfully finished
validated file "CAS9_10.pdb" => successfully finished
validated file "CAS9_11.pdb" => successfully finished
validated file "CAS9_12.pdb" => successfully finished
validated file "CAS9_13.pdb" => successfully finished
validated file "CAS9_14.pdb" => successfully finished
validated file "CAS9_15.pdb" => successfully finished
validated file "CAS9_16.pdb" => successfully finished
validated file "CAS9_17.pdb" => successfully finished
validated file "CAS9_18.pdb" => successfully finished
validated file "CAS9_19.pdb" => successfully finished
validated file "CAS9_20.pdb" => successfully finished
validated file "CAS9_21.pdb" => successfully finished
validated file "CAS9_22.pdb" => successfully finished
validated file "CAS9_23.pdb" => successfully finished
validated file "CAS9_24.pdb" => successfully finished
validated file "CAS9_25.pdb" => successfully finished
validated file "CAS9_26.pdb" => successfully finished
validated file "CAS9_27.pdb" => successfully finished
validated file "CAS9_28.pdb" => successfully finished
validated file "CAS9_29.pdb" => successfully finished
validated file "CAS9_30.pdb" => successfully finished
validated file "CAS9_31.pdb" => successfully finished
validated file "CAS9_32.pdb" => successfully finished
validated file "CAS9_33.pdb" => successfully finished
validated file "CAS9_34.pdb" => successfully finished
validated file "CAS9_35.pdb" => successfully finished
validated file "CAS9_36.pdb" => successfully finished
validated file "CAS9_37.pdb" => successfully finished
validated file "CAS9_38.pdb" => successfully finished
validated file "CAS9_39.pdb" => successfully finished
validated file "CAS9_40.pdb" => successfully finished
validated file "CAS9_41.pdb" => successfully finished
validated file "CAS9_42.pdb" => successfully finished
validated file "CAS9_43.pdb" => successfully finished
validated file "CAS9_44.pdb" => successfully finished
validated file "CAS9_45.pdb" => successfully finished
validated file "CAS9_46.pdb" => successfully finished
validated file "CAS9_47.pdb" => successfully finished
validated file "CAS9_48.pdb" => successfully finished
validated file "CAS9_49.pdb" => successfully finished
validated file "CAS9_50.pdb" => successfully finished
Cleaning BuildModel...DONE
任务 29 结果提取成功，已映射突变信息。
