   ********************************************
   ***                                      ***
   ***             FoldX 5.1 (c)            ***
   ***                                      ***
   ***     code by the FoldX Consortium     ***
   ***                                      ***
   ***     Jesper Borg, Frederic Rousseau   ***
   ***    Joost Schymkowitz, Luis Serrano   ***
   ***    Peter Vanhee, Erik Verschueren    ***
   ***     Lies Baeten, Javier Delgado      ***
   ***       and Francois Stricher          ***
   *** and any other of the 9! permutations ***
   ***   based on an original concept by    ***
   ***   Raphael Guerois and Luis Serrano   ***
   ********************************************

1 models read: CAS9.pdb
1 models read: CAS9.pdb

BackHbond       =               -900.22
SideHbond       =               -324.89
Energy_VdW      =               -1515.04
Electro         =               -74.00
Energy_SolvP    =               2150.66
Energy_SolvH    =               -1993.90
Energy_vdwclash =               76.97
energy_torsion  =               14.15
backbone_vdwclash=              997.87
Entropy_sidec   =               814.62
Entropy_mainc   =               2092.14
water bonds     =               0.00
helix dipole    =               -7.70
loop_entropy    =               0.00
cis_bond        =               0.00
disulfide       =               0.00
kn electrostatic=               0.00
partial covalent interactions = 0.00
Energy_Ionisation =             3.43
Entropy Complex =               0.00
-----------------------------------------------------------
Total          = 				  336.23


BackHbond       =               -900.22
SideHbond       =               -324.89
Energy_VdW      =               -1515.04
Electro         =               -74.00
Energy_SolvP    =               2150.66
Energy_SolvH    =               -1993.90
Energy_vdwclash =               76.97
energy_torsion  =               14.15
backbone_vdwclash=              997.87
Entropy_sidec   =               814.62
Entropy_mainc   =               2092.14
water bonds     =               0.00
helix dipole    =               -7.70
loop_entropy    =               0.00
cis_bond        =               0.00
disulfide       =               0.00
kn electrostatic=               0.00
partial covalent interactions = 0.00
Energy_Ionisation =             3.43
Entropy Complex =               0.00
-----------------------------------------------------------
Total          = 				  336.23

Starting BuildModel
Reading NA692H;
Reading NA692I;
Reading NA692K;
Reading NA692S;
Reading NA692T;
Reading NA692Y;
Reading NA726D;
Reading NA726H;
Reading NA726I;
Reading NA726K;
Reading NA726S;
Reading NA726T;
Reading NA726Y;
Reading NA758D;
Reading NA758H;
Reading NA758I;
Reading NA758K;
Reading NA758S;
Reading NA758T;
Reading NA758Y;
Reading NA767D;
Reading NA767H;
Reading NA767I;
Reading NA767K;
Reading NA767S;
Reading NA767T;
Reading NA767Y;
Reading NA776D;
Reading NA776H;
Reading NA776I;
Reading NA776K;
Reading NA776S;
Reading NA776T;
Reading NA776Y;
Reading NA77D;
Reading NA77H;
Reading NA77I;
Reading NA77K;
Reading NA77S;
Reading NA77T;
Reading NA77Y;
Reading NA803D;
Reading NA803H;
Reading NA803I;
Reading NA803K;
Reading NA803S;
Reading NA803T;
Reading NA803Y;
Reading NA808D;
Reading NA808H;
Residue to Mutate ASNA692 has residue index 691
Residue to Mutate ASNA692 has residue index 691
Residue to Mutate ASNA692 has residue index 691
Residue to Mutate ASNA692 has residue index 691
Residue to Mutate ASNA692 has residue index 691
Residue to Mutate ASNA692 has residue index 691
Residue to Mutate ASNA726 has residue index 725
Residue to Mutate ASNA726 has residue index 725
Residue to Mutate ASNA726 has residue index 725
Residue to Mutate ASNA726 has residue index 725
Residue to Mutate ASNA726 has residue index 725
Residue to Mutate ASNA726 has residue index 725
Residue to Mutate ASNA726 has residue index 725
Residue to Mutate ASNA758 has residue index 757
Residue to Mutate ASNA758 has residue index 757
Residue to Mutate ASNA758 has residue index 757
Residue to Mutate ASNA758 has residue index 757
Residue to Mutate ASNA758 has residue index 757
Residue to Mutate ASNA758 has residue index 757
Residue to Mutate ASNA758 has residue index 757
Residue to Mutate ASNA767 has residue index 766
Residue to Mutate ASNA767 has residue index 766
Residue to Mutate ASNA767 has residue index 766
Residue to Mutate ASNA767 has residue index 766
Residue to Mutate ASNA767 has residue index 766
Residue to Mutate ASNA767 has residue index 766
Residue to Mutate ASNA767 has residue index 766
Residue to Mutate ASNA776 has residue index 775
Residue to Mutate ASNA776 has residue index 775
Residue to Mutate ASNA776 has residue index 775
Residue to Mutate ASNA776 has residue index 775
Residue to Mutate ASNA776 has residue index 775
Residue to Mutate ASNA776 has residue index 775
Residue to Mutate ASNA776 has residue index 775
Residue to Mutate ASNA77 has residue index 76
Residue to Mutate ASNA77 has residue index 76
Residue to Mutate ASNA77 has residue index 76
Residue to Mutate ASNA77 has residue index 76
Residue to Mutate ASNA77 has residue index 76
Residue to Mutate ASNA77 has residue index 76
Residue to Mutate ASNA77 has residue index 76
Residue to Mutate ASNA803 has residue index 802
Residue to Mutate ASNA803 has residue index 802
Residue to Mutate ASNA803 has residue index 802
Residue to Mutate ASNA803 has residue index 802
Residue to Mutate ASNA803 has residue index 802
Residue to Mutate ASNA803 has residue index 802
Residue to Mutate ASNA803 has residue index 802
Residue to Mutate ASNA808 has residue index 807
Residue to Mutate ASNA808 has residue index 807
Mutating residue = ASNA692 into HIS
Mutating residue = ASNA692 into ILE
Mutating residue = ASNA692 into LYS
Mutating residue = ASNA692 into SER
Mutating residue = ASNA692 into THR
Mutating residue = ASNA692 into TYR
Mutating residue = ASNA726 into ASP
Mutating residue = ASNA726 into HIS
Mutating residue = ASNA726 into ILE
Mutating residue = ASNA726 into LYS
Mutating residue = ASNA726 into SER
Mutating residue = ASNA726 into THR
Mutating residue = ASNA726 into TYR
Mutating residue = ASNA758 into ASP
Mutating residue = ASNA758 into HIS
Mutating residue = ASNA758 into ILE
Mutating residue = ASNA758 into LYS
Mutating residue = ASNA758 into SER
Mutating residue = ASNA758 into THR
Mutating residue = ASNA758 into TYR
Mutating residue = ASNA767 into ASP
Mutating residue = ASNA767 into HIS
Mutating residue = ASNA767 into ILE
Mutating residue = ASNA767 into LYS
Mutating residue = ASNA767 into SER
Mutating residue = ASNA767 into THR
Mutating residue = ASNA767 into TYR
Mutating residue = ASNA776 into ASP
Mutating residue = ASNA776 into HIS
Mutating residue = ASNA776 into ILE
Mutating residue = ASNA776 into LYS
Mutating residue = ASNA776 into SER
Mutating residue = ASNA776 into THR
Mutating residue = ASNA776 into TYR
Mutating residue = ASNA77 into ASP
Mutating residue = ASNA77 into HIS
Mutating residue = ASNA77 into ILE
Mutating residue = ASNA77 into LYS
Mutating residue = ASNA77 into SER
Mutating residue = ASNA77 into THR
Mutating residue = ASNA77 into TYR
Mutating residue = ASNA803 into ASP
Mutating residue = ASNA803 into HIS
Mutating residue = ASNA803 into ILE
Mutating residue = ASNA803 into LYS
Mutating residue = ASNA803 into SER
Mutating residue = ASNA803 into THR
Mutating residue = ASNA803 into TYR
Mutating residue = ASNA808 into ASP
Mutating residue = ASNA808 into HIS
Your file run OK
End time of FoldX: Sat May  9 16:27:21 2026
Total time spend: 611.91 seconds.
validated file "CAS9_1.pdb" => successfully finished
validated file "CAS9_2.pdb" => successfully finished
validated file "CAS9_3.pdb" => successfully finished
validated file "CAS9_4.pdb" => successfully finished
validated file "CAS9_5.pdb" => successfully finished
validated file "CAS9_6.pdb" => successfully finished
validated file "CAS9_7.pdb" => successfully finished
validated file "CAS9_8.pdb" => successfully finished
validated file "CAS9_9.pdb" => successfully finished
validated file "CAS9_10.pdb" => successfully finished
validated file "CAS9_11.pdb" => successfully finished
validated file "CAS9_12.pdb" => successfully finished
validated file "CAS9_13.pdb" => successfully finished
validated file "CAS9_14.pdb" => successfully finished
validated file "CAS9_15.pdb" => successfully finished
validated file "CAS9_16.pdb" => successfully finished
validated file "CAS9_17.pdb" => successfully finished
validated file "CAS9_18.pdb" => successfully finished
validated file "CAS9_19.pdb" => successfully finished
validated file "CAS9_20.pdb" => successfully finished
validated file "CAS9_21.pdb" => successfully finished
validated file "CAS9_22.pdb" => successfully finished
validated file "CAS9_23.pdb" => successfully finished
validated file "CAS9_24.pdb" => successfully finished
validated file "CAS9_25.pdb" => successfully finished
validated file "CAS9_26.pdb" => successfully finished
validated file "CAS9_27.pdb" => successfully finished
validated file "CAS9_28.pdb" => successfully finished
validated file "CAS9_29.pdb" => successfully finished
validated file "CAS9_30.pdb" => successfully finished
validated file "CAS9_31.pdb" => successfully finished
validated file "CAS9_32.pdb" => successfully finished
validated file "CAS9_33.pdb" => successfully finished
validated file "CAS9_34.pdb" => successfully finished
validated file "CAS9_35.pdb" => successfully finished
validated file "CAS9_36.pdb" => successfully finished
validated file "CAS9_37.pdb" => successfully finished
validated file "CAS9_38.pdb" => successfully finished
validated file "CAS9_39.pdb" => successfully finished
validated file "CAS9_40.pdb" => successfully finished
validated file "CAS9_41.pdb" => successfully finished
validated file "CAS9_42.pdb" => successfully finished
validated file "CAS9_43.pdb" => successfully finished
validated file "CAS9_44.pdb" => successfully finished
validated file "CAS9_45.pdb" => successfully finished
validated file "CAS9_46.pdb" => successfully finished
validated file "CAS9_47.pdb" => successfully finished
validated file "CAS9_48.pdb" => successfully finished
validated file "CAS9_49.pdb" => successfully finished
validated file "CAS9_50.pdb" => successfully finished
Cleaning BuildModel...DONE
任务 111 结果提取成功，已映射突变信息。
