   ********************************************
   ***                                      ***
   ***             FoldX 5.1 (c)            ***
   ***                                      ***
   ***     code by the FoldX Consortium     ***
   ***                                      ***
   ***     Jesper Borg, Frederic Rousseau   ***
   ***    Joost Schymkowitz, Luis Serrano   ***
   ***    Peter Vanhee, Erik Verschueren    ***
   ***     Lies Baeten, Javier Delgado      ***
   ***       and Francois Stricher          ***
   *** and any other of the 9! permutations ***
   ***   based on an original concept by    ***
   ***   Raphael Guerois and Luis Serrano   ***
   ********************************************

1 models read: CAS9.pdb
1 models read: CAS9.pdb

BackHbond       =               -900.22
SideHbond       =               -324.89
Energy_VdW      =               -1515.04
Electro         =               -74.00
Energy_SolvP    =               2150.66
Energy_SolvH    =               -1993.90
Energy_vdwclash =               76.97
energy_torsion  =               14.15
backbone_vdwclash=              997.87
Entropy_sidec   =               814.62
Entropy_mainc   =               2092.14
water bonds     =               0.00
helix dipole    =               -7.70
loop_entropy    =               0.00
cis_bond        =               0.00
disulfide       =               0.00
kn electrostatic=               0.00
partial covalent interactions = 0.00
Energy_Ionisation =             3.43
Entropy Complex =               0.00
-----------------------------------------------------------
Total          = 				  336.23


BackHbond       =               -900.22
SideHbond       =               -324.89
Energy_VdW      =               -1515.04
Electro         =               -74.00
Energy_SolvP    =               2150.66
Energy_SolvH    =               -1993.90
Energy_vdwclash =               76.97
energy_torsion  =               14.15
backbone_vdwclash=              997.87
Entropy_sidec   =               814.62
Entropy_mainc   =               2092.14
water bonds     =               0.00
helix dipole    =               -7.70
loop_entropy    =               0.00
cis_bond        =               0.00
disulfide       =               0.00
kn electrostatic=               0.00
partial covalent interactions = 0.00
Energy_Ionisation =             3.43
Entropy Complex =               0.00
-----------------------------------------------------------
Total          = 				  336.23

Starting BuildModel
Reading QA228L;
Reading QA228P;
Reading QA228R;
Reading QA265E;
Reading QA265H;
Reading QA265K;
Reading QA265L;
Reading QA265P;
Reading QA265R;
Reading QA281E;
Reading QA281H;
Reading QA281K;
Reading QA281L;
Reading QA281P;
Reading QA281R;
Reading QA285E;
Reading QA285H;
Reading QA285K;
Reading QA285L;
Reading QA285P;
Reading QA285R;
Reading QA330E;
Reading QA330H;
Reading QA330K;
Reading QA330L;
Reading QA330P;
Reading QA330R;
Reading QA341E;
Reading QA341H;
Reading QA341K;
Reading QA341L;
Reading QA341P;
Reading QA341R;
Reading QA342E;
Reading QA342H;
Reading QA342K;
Reading QA342L;
Reading QA342P;
Reading QA342R;
Reading QA354E;
Reading QA354H;
Reading QA354K;
Reading QA354L;
Reading QA354P;
Reading QA354R;
Reading QA369E;
Reading QA369H;
Reading QA369K;
Reading QA369L;
Reading QA369P;
Residue to Mutate GLNA228 has residue index 227
Residue to Mutate GLNA228 has residue index 227
Residue to Mutate GLNA228 has residue index 227
Residue to Mutate GLNA265 has residue index 264
Residue to Mutate GLNA265 has residue index 264
Residue to Mutate GLNA265 has residue index 264
Residue to Mutate GLNA265 has residue index 264
Residue to Mutate GLNA265 has residue index 264
Residue to Mutate GLNA265 has residue index 264
Residue to Mutate GLNA281 has residue index 280
Residue to Mutate GLNA281 has residue index 280
Residue to Mutate GLNA281 has residue index 280
Residue to Mutate GLNA281 has residue index 280
Residue to Mutate GLNA281 has residue index 280
Residue to Mutate GLNA281 has residue index 280
Residue to Mutate GLNA285 has residue index 284
Residue to Mutate GLNA285 has residue index 284
Residue to Mutate GLNA285 has residue index 284
Residue to Mutate GLNA285 has residue index 284
Residue to Mutate GLNA285 has residue index 284
Residue to Mutate GLNA285 has residue index 284
Residue to Mutate GLNA330 has residue index 329
Residue to Mutate GLNA330 has residue index 329
Residue to Mutate GLNA330 has residue index 329
Residue to Mutate GLNA330 has residue index 329
Residue to Mutate GLNA330 has residue index 329
Residue to Mutate GLNA330 has residue index 329
Residue to Mutate GLNA341 has residue index 340
Residue to Mutate GLNA341 has residue index 340
Residue to Mutate GLNA341 has residue index 340
Residue to Mutate GLNA341 has residue index 340
Residue to Mutate GLNA341 has residue index 340
Residue to Mutate GLNA341 has residue index 340
Residue to Mutate GLNA342 has residue index 341
Residue to Mutate GLNA342 has residue index 341
Residue to Mutate GLNA342 has residue index 341
Residue to Mutate GLNA342 has residue index 341
Residue to Mutate GLNA342 has residue index 341
Residue to Mutate GLNA342 has residue index 341
Residue to Mutate GLNA354 has residue index 353
Residue to Mutate GLNA354 has residue index 353
Residue to Mutate GLNA354 has residue index 353
Residue to Mutate GLNA354 has residue index 353
Residue to Mutate GLNA354 has residue index 353
Residue to Mutate GLNA354 has residue index 353
Residue to Mutate GLNA369 has residue index 368
Residue to Mutate GLNA369 has residue index 368
Residue to Mutate GLNA369 has residue index 368
Residue to Mutate GLNA369 has residue index 368
Residue to Mutate GLNA369 has residue index 368
Mutating residue = GLNA228 into LEU
Mutating residue = GLNA228 into PRO
Mutating residue = GLNA228 into ARG
Mutating residue = GLNA265 into GLU
Mutating residue = GLNA265 into HIS
Mutating residue = GLNA265 into LYS
Mutating residue = GLNA265 into LEU
Mutating residue = GLNA265 into PRO
Mutating residue = GLNA265 into ARG
Mutating residue = GLNA281 into GLU
Mutating residue = GLNA281 into HIS
Mutating residue = GLNA281 into LYS
Mutating residue = GLNA281 into LEU
Mutating residue = GLNA281 into PRO
Mutating residue = GLNA281 into ARG
Mutating residue = GLNA285 into GLU
Mutating residue = GLNA285 into HIS
Mutating residue = GLNA285 into LYS
Mutating residue = GLNA285 into LEU
Mutating residue = GLNA285 into PRO
Mutating residue = GLNA285 into ARG
Mutating residue = GLNA330 into GLU
Mutating residue = GLNA330 into HIS
Mutating residue = GLNA330 into LYS
Mutating residue = GLNA330 into LEU
Mutating residue = GLNA330 into PRO
Mutating residue = GLNA330 into ARG
Mutating residue = GLNA341 into GLU
Mutating residue = GLNA341 into HIS
Mutating residue = GLNA341 into LYS
Mutating residue = GLNA341 into LEU
Mutating residue = GLNA341 into PRO
Mutating residue = GLNA341 into ARG
Mutating residue = GLNA342 into GLU
Mutating residue = GLNA342 into HIS
Mutating residue = GLNA342 into LYS
Mutating residue = GLNA342 into LEU
Mutating residue = GLNA342 into PRO
Mutating residue = GLNA342 into ARG
Mutating residue = GLNA354 into GLU
Mutating residue = GLNA354 into HIS
Mutating residue = GLNA354 into LYS
Mutating residue = GLNA354 into LEU
Mutating residue = GLNA354 into PRO
Mutating residue = GLNA354 into ARG
Mutating residue = GLNA369 into GLU
Mutating residue = GLNA369 into HIS
Mutating residue = GLNA369 into LYS
Mutating residue = GLNA369 into LEU
Mutating residue = GLNA369 into PRO
Your file run OK
End time of FoldX: Sat May  9 16:27:04 2026
Total time spend: 594.28 seconds.
validated file "CAS9_1.pdb" => successfully finished
validated file "CAS9_2.pdb" => successfully finished
validated file "CAS9_3.pdb" => successfully finished
validated file "CAS9_4.pdb" => successfully finished
validated file "CAS9_5.pdb" => successfully finished
validated file "CAS9_6.pdb" => successfully finished
validated file "CAS9_7.pdb" => successfully finished
validated file "CAS9_8.pdb" => successfully finished
validated file "CAS9_9.pdb" => successfully finished
validated file "CAS9_10.pdb" => successfully finished
validated file "CAS9_11.pdb" => successfully finished
validated file "CAS9_12.pdb" => successfully finished
validated file "CAS9_13.pdb" => successfully finished
validated file "CAS9_14.pdb" => successfully finished
validated file "CAS9_15.pdb" => successfully finished
validated file "CAS9_16.pdb" => successfully finished
validated file "CAS9_17.pdb" => successfully finished
validated file "CAS9_18.pdb" => successfully finished
validated file "CAS9_19.pdb" => successfully finished
validated file "CAS9_20.pdb" => successfully finished
validated file "CAS9_21.pdb" => successfully finished
validated file "CAS9_22.pdb" => successfully finished
validated file "CAS9_23.pdb" => successfully finished
validated file "CAS9_24.pdb" => successfully finished
validated file "CAS9_25.pdb" => successfully finished
validated file "CAS9_26.pdb" => successfully finished
validated file "CAS9_27.pdb" => successfully finished
validated file "CAS9_28.pdb" => successfully finished
validated file "CAS9_29.pdb" => successfully finished
validated file "CAS9_30.pdb" => successfully finished
validated file "CAS9_31.pdb" => successfully finished
validated file "CAS9_32.pdb" => successfully finished
validated file "CAS9_33.pdb" => successfully finished
validated file "CAS9_34.pdb" => successfully finished
validated file "CAS9_35.pdb" => successfully finished
validated file "CAS9_36.pdb" => successfully finished
validated file "CAS9_37.pdb" => successfully finished
validated file "CAS9_38.pdb" => successfully finished
validated file "CAS9_39.pdb" => successfully finished
validated file "CAS9_40.pdb" => successfully finished
validated file "CAS9_41.pdb" => successfully finished
validated file "CAS9_42.pdb" => successfully finished
validated file "CAS9_43.pdb" => successfully finished
validated file "CAS9_44.pdb" => successfully finished
validated file "CAS9_45.pdb" => successfully finished
validated file "CAS9_46.pdb" => successfully finished
validated file "CAS9_47.pdb" => successfully finished
validated file "CAS9_48.pdb" => successfully finished
validated file "CAS9_49.pdb" => successfully finished
validated file "CAS9_50.pdb" => successfully finished
Cleaning BuildModel...DONE
任务 120 结果提取成功，已映射突变信息。
