   ********************************************
   ***                                      ***
   ***             FoldX 5.1 (c)            ***
   ***                                      ***
   ***     code by the FoldX Consortium     ***
   ***                                      ***
   ***     Jesper Borg, Frederic Rousseau   ***
   ***    Joost Schymkowitz, Luis Serrano   ***
   ***    Peter Vanhee, Erik Verschueren    ***
   ***     Lies Baeten, Javier Delgado      ***
   ***       and Francois Stricher          ***
   *** and any other of the 9! permutations ***
   ***   based on an original concept by    ***
   ***   Raphael Guerois and Luis Serrano   ***
   ********************************************

1 models read: CAS9.pdb
1 models read: CAS9.pdb

BackHbond       =               -900.22
SideHbond       =               -324.89
Energy_VdW      =               -1515.04
Electro         =               -74.00
Energy_SolvP    =               2150.66
Energy_SolvH    =               -1993.90
Energy_vdwclash =               76.97
energy_torsion  =               14.15
backbone_vdwclash=              997.87
Entropy_sidec   =               814.62
Entropy_mainc   =               2092.14
water bonds     =               0.00
helix dipole    =               -7.70
loop_entropy    =               0.00
cis_bond        =               0.00
disulfide       =               0.00
kn electrostatic=               0.00
partial covalent interactions = 0.00
Energy_Ionisation =             3.43
Entropy Complex =               0.00
-----------------------------------------------------------
Total          = 				  336.23


BackHbond       =               -900.22
SideHbond       =               -324.89
Energy_VdW      =               -1515.04
Electro         =               -74.00
Energy_SolvP    =               2150.66
Energy_SolvH    =               -1993.90
Energy_vdwclash =               76.97
energy_torsion  =               14.15
backbone_vdwclash=              997.87
Entropy_sidec   =               814.62
Entropy_mainc   =               2092.14
water bonds     =               0.00
helix dipole    =               -7.70
loop_entropy    =               0.00
cis_bond        =               0.00
disulfide       =               0.00
kn electrostatic=               0.00
partial covalent interactions = 0.00
Energy_Ionisation =             3.43
Entropy Complex =               0.00
-----------------------------------------------------------
Total          = 				  336.23

Starting BuildModel
Reading DA947V;
Reading DA947Y;
Reading DA94A;
Reading DA94E;
Reading DA94G;
Reading DA94H;
Reading DA94N;
Reading DA94V;
Reading DA94Y;
Reading DA95A;
Reading DA95E;
Reading DA95G;
Reading DA95H;
Reading DA95N;
Reading DA95V;
Reading DA95Y;
Reading DA965A;
Reading DA965E;
Reading DA965G;
Reading DA965H;
Reading DA965N;
Reading DA965V;
Reading DA965Y;
Reading DA969A;
Reading DA969E;
Reading DA969G;
Reading DA969H;
Reading DA969N;
Reading DA969V;
Reading DA969Y;
Reading DA986A;
Reading DA986E;
Reading DA986G;
Reading DA986H;
Reading DA986N;
Reading DA986V;
Reading DA986Y;
Reading EA1005A;
Reading EA1005D;
Reading EA1005G;
Reading EA1005K;
Reading EA1005Q;
Reading EA1005V;
Reading EA1007A;
Reading EA1007D;
Reading EA1007G;
Reading EA1007K;
Reading EA1007Q;
Reading EA1007V;
Reading EA1026A;
Residue to Mutate ASPA947 has residue index 946
Residue to Mutate ASPA947 has residue index 946
Residue to Mutate ASPA94 has residue index 93
Residue to Mutate ASPA94 has residue index 93
Residue to Mutate ASPA94 has residue index 93
Residue to Mutate ASPA94 has residue index 93
Residue to Mutate ASPA94 has residue index 93
Residue to Mutate ASPA94 has residue index 93
Residue to Mutate ASPA94 has residue index 93
Residue to Mutate ASPA95 has residue index 94
Residue to Mutate ASPA95 has residue index 94
Residue to Mutate ASPA95 has residue index 94
Residue to Mutate ASPA95 has residue index 94
Residue to Mutate ASPA95 has residue index 94
Residue to Mutate ASPA95 has residue index 94
Residue to Mutate ASPA95 has residue index 94
Residue to Mutate ASPA965 has residue index 964
Residue to Mutate ASPA965 has residue index 964
Residue to Mutate ASPA965 has residue index 964
Residue to Mutate ASPA965 has residue index 964
Residue to Mutate ASPA965 has residue index 964
Residue to Mutate ASPA965 has residue index 964
Residue to Mutate ASPA965 has residue index 964
Residue to Mutate ASPA969 has residue index 968
Residue to Mutate ASPA969 has residue index 968
Residue to Mutate ASPA969 has residue index 968
Residue to Mutate ASPA969 has residue index 968
Residue to Mutate ASPA969 has residue index 968
Residue to Mutate ASPA969 has residue index 968
Residue to Mutate ASPA969 has residue index 968
Residue to Mutate ASPA986 has residue index 985
Residue to Mutate ASPA986 has residue index 985
Residue to Mutate ASPA986 has residue index 985
Residue to Mutate ASPA986 has residue index 985
Residue to Mutate ASPA986 has residue index 985
Residue to Mutate ASPA986 has residue index 985
Residue to Mutate ASPA986 has residue index 985
Residue to Mutate GLUA1005 has residue index 1004
Residue to Mutate GLUA1005 has residue index 1004
Residue to Mutate GLUA1005 has residue index 1004
Residue to Mutate GLUA1005 has residue index 1004
Residue to Mutate GLUA1005 has residue index 1004
Residue to Mutate GLUA1005 has residue index 1004
Residue to Mutate GLUA1007 has residue index 1006
Residue to Mutate GLUA1007 has residue index 1006
Residue to Mutate GLUA1007 has residue index 1006
Residue to Mutate GLUA1007 has residue index 1006
Residue to Mutate GLUA1007 has residue index 1006
Residue to Mutate GLUA1007 has residue index 1006
Residue to Mutate GLUA1026 has residue index 1025
Mutating residue = ASPA947 into VAL
Mutating residue = ASPA947 into TYR
Mutating residue = ASPA94 into ALA
Mutating residue = ASPA94 into GLU
Mutating residue = ASPA94 into GLY
Mutating residue = ASPA94 into HIS
Mutating residue = ASPA94 into ASN
Mutating residue = ASPA94 into VAL
Mutating residue = ASPA94 into TYR
Mutating residue = ASPA95 into ALA
Mutating residue = ASPA95 into GLU
Mutating residue = ASPA95 into GLY
Mutating residue = ASPA95 into HIS
Mutating residue = ASPA95 into ASN
Mutating residue = ASPA95 into VAL
Mutating residue = ASPA95 into TYR
Mutating residue = ASPA965 into ALA
Mutating residue = ASPA965 into GLU
Mutating residue = ASPA965 into GLY
Mutating residue = ASPA965 into HIS
Mutating residue = ASPA965 into ASN
Mutating residue = ASPA965 into VAL
Mutating residue = ASPA965 into TYR
Mutating residue = ASPA969 into ALA
Mutating residue = ASPA969 into GLU
Mutating residue = ASPA969 into GLY
Mutating residue = ASPA969 into HIS
Mutating residue = ASPA969 into ASN
Mutating residue = ASPA969 into VAL
Mutating residue = ASPA969 into TYR
Mutating residue = ASPA986 into ALA
Mutating residue = ASPA986 into GLU
Mutating residue = ASPA986 into GLY
Mutating residue = ASPA986 into HIS
Mutating residue = ASPA986 into ASN
Mutating residue = ASPA986 into VAL
Mutating residue = ASPA986 into TYR
Mutating residue = GLUA1005 into ALA
Mutating residue = GLUA1005 into ASP
Mutating residue = GLUA1005 into GLY
Mutating residue = GLUA1005 into LYS
Mutating residue = GLUA1005 into GLN
Mutating residue = GLUA1005 into VAL
Mutating residue = GLUA1007 into ALA
Mutating residue = GLUA1007 into ASP
Mutating residue = GLUA1007 into GLY
Mutating residue = GLUA1007 into LYS
Mutating residue = GLUA1007 into GLN
Mutating residue = GLUA1007 into VAL
Mutating residue = GLUA1026 into ALA
Your file run OK
End time of FoldX: Sat May  9 16:31:04 2026
Total time spend: 840.09 seconds.
validated file "CAS9_1.pdb" => successfully finished
validated file "CAS9_2.pdb" => successfully finished
validated file "CAS9_3.pdb" => successfully finished
validated file "CAS9_4.pdb" => successfully finished
validated file "CAS9_5.pdb" => successfully finished
validated file "CAS9_6.pdb" => successfully finished
validated file "CAS9_7.pdb" => successfully finished
validated file "CAS9_8.pdb" => successfully finished
validated file "CAS9_9.pdb" => successfully finished
validated file "CAS9_10.pdb" => successfully finished
validated file "CAS9_11.pdb" => successfully finished
validated file "CAS9_12.pdb" => successfully finished
validated file "CAS9_13.pdb" => successfully finished
validated file "CAS9_14.pdb" => successfully finished
validated file "CAS9_15.pdb" => successfully finished
validated file "CAS9_16.pdb" => successfully finished
validated file "CAS9_17.pdb" => successfully finished
validated file "CAS9_18.pdb" => successfully finished
validated file "CAS9_19.pdb" => successfully finished
validated file "CAS9_20.pdb" => successfully finished
validated file "CAS9_21.pdb" => successfully finished
validated file "CAS9_22.pdb" => successfully finished
validated file "CAS9_23.pdb" => successfully finished
validated file "CAS9_24.pdb" => successfully finished
validated file "CAS9_25.pdb" => successfully finished
validated file "CAS9_26.pdb" => successfully finished
validated file "CAS9_27.pdb" => successfully finished
validated file "CAS9_28.pdb" => successfully finished
validated file "CAS9_29.pdb" => successfully finished
validated file "CAS9_30.pdb" => successfully finished
validated file "CAS9_31.pdb" => successfully finished
validated file "CAS9_32.pdb" => successfully finished
validated file "CAS9_33.pdb" => successfully finished
validated file "CAS9_34.pdb" => successfully finished
validated file "CAS9_35.pdb" => successfully finished
validated file "CAS9_36.pdb" => successfully finished
validated file "CAS9_37.pdb" => successfully finished
validated file "CAS9_38.pdb" => successfully finished
validated file "CAS9_39.pdb" => successfully finished
validated file "CAS9_40.pdb" => successfully finished
validated file "CAS9_41.pdb" => successfully finished
validated file "CAS9_42.pdb" => successfully finished
validated file "CAS9_43.pdb" => successfully finished
validated file "CAS9_44.pdb" => successfully finished
validated file "CAS9_45.pdb" => successfully finished
validated file "CAS9_46.pdb" => successfully finished
validated file "CAS9_47.pdb" => successfully finished
validated file "CAS9_48.pdb" => successfully finished
validated file "CAS9_49.pdb" => successfully finished
validated file "CAS9_50.pdb" => successfully finished
Cleaning BuildModel...DONE
任务 23 结果提取成功，已映射突变信息。
