   ********************************************
   ***                                      ***
   ***             FoldX 5.1 (c)            ***
   ***                                      ***
   ***     code by the FoldX Consortium     ***
   ***                                      ***
   ***     Jesper Borg, Frederic Rousseau   ***
   ***    Joost Schymkowitz, Luis Serrano   ***
   ***    Peter Vanhee, Erik Verschueren    ***
   ***     Lies Baeten, Javier Delgado      ***
   ***       and Francois Stricher          ***
   *** and any other of the 9! permutations ***
   ***   based on an original concept by    ***
   ***   Raphael Guerois and Luis Serrano   ***
   ********************************************

1 models read: CAS9.pdb
1 models read: CAS9.pdb

BackHbond       =               -900.22
SideHbond       =               -324.89
Energy_VdW      =               -1515.04
Electro         =               -74.00
Energy_SolvP    =               2150.66
Energy_SolvH    =               -1993.90
Energy_vdwclash =               76.97
energy_torsion  =               14.15
backbone_vdwclash=              997.87
Entropy_sidec   =               814.62
Entropy_mainc   =               2092.14
water bonds     =               0.00
helix dipole    =               -7.70
loop_entropy    =               0.00
cis_bond        =               0.00
disulfide       =               0.00
kn electrostatic=               0.00
partial covalent interactions = 0.00
Energy_Ionisation =             3.43
Entropy Complex =               0.00
-----------------------------------------------------------
Total          = 				  336.23


BackHbond       =               -900.22
SideHbond       =               -324.89
Energy_VdW      =               -1515.04
Electro         =               -74.00
Energy_SolvP    =               2150.66
Energy_SolvH    =               -1993.90
Energy_vdwclash =               76.97
energy_torsion  =               14.15
backbone_vdwclash=              997.87
Entropy_sidec   =               814.62
Entropy_mainc   =               2092.14
water bonds     =               0.00
helix dipole    =               -7.70
loop_entropy    =               0.00
cis_bond        =               0.00
disulfide       =               0.00
kn electrostatic=               0.00
partial covalent interactions = 0.00
Energy_Ionisation =             3.43
Entropy Complex =               0.00
-----------------------------------------------------------
Total          = 				  336.23

Starting BuildModel
Reading GA717V;
Reading GA717W;
Reading GA729A;
Reading GA729E;
Reading GA729R;
Reading GA729V;
Reading GA736A;
Reading GA736C;
Reading GA736D;
Reading GA736R;
Reading GA736S;
Reading GA736V;
Reading GA752A;
Reading GA752E;
Reading GA752R;
Reading GA752V;
Reading GA752W;
Reading GA773A;
Reading GA773E;
Reading GA773R;
Reading GA773V;
Reading GA787A;
Reading GA787E;
Reading GA787R;
Reading GA787V;
Reading GA787W;
Reading GA792A;
Reading GA792E;
Reading GA792R;
Reading GA792V;
Reading GA819A;
Reading GA819C;
Reading GA819D;
Reading GA819R;
Reading GA819S;
Reading GA819V;
Reading GA865A;
Reading GA865E;
Reading GA865R;
Reading GA865V;
Reading GA865W;
Reading GA8A;
Reading GA8E;
Reading GA8R;
Reading GA8V;
Reading GA8W;
Reading GA906A;
Reading GA906E;
Reading GA906R;
Reading GA906V;
Residue to Mutate GLYA717 has residue index 716
Residue to Mutate GLYA717 has residue index 716
Residue to Mutate GLYA729 has residue index 728
Residue to Mutate GLYA729 has residue index 728
Residue to Mutate GLYA729 has residue index 728
Residue to Mutate GLYA729 has residue index 728
Residue to Mutate GLYA736 has residue index 735
Residue to Mutate GLYA736 has residue index 735
Residue to Mutate GLYA736 has residue index 735
Residue to Mutate GLYA736 has residue index 735
Residue to Mutate GLYA736 has residue index 735
Residue to Mutate GLYA736 has residue index 735
Residue to Mutate GLYA752 has residue index 751
Residue to Mutate GLYA752 has residue index 751
Residue to Mutate GLYA752 has residue index 751
Residue to Mutate GLYA752 has residue index 751
Residue to Mutate GLYA752 has residue index 751
Residue to Mutate GLYA773 has residue index 772
Residue to Mutate GLYA773 has residue index 772
Residue to Mutate GLYA773 has residue index 772
Residue to Mutate GLYA773 has residue index 772
Residue to Mutate GLYA787 has residue index 786
Residue to Mutate GLYA787 has residue index 786
Residue to Mutate GLYA787 has residue index 786
Residue to Mutate GLYA787 has residue index 786
Residue to Mutate GLYA787 has residue index 786
Residue to Mutate GLYA792 has residue index 791
Residue to Mutate GLYA792 has residue index 791
Residue to Mutate GLYA792 has residue index 791
Residue to Mutate GLYA792 has residue index 791
Residue to Mutate GLYA819 has residue index 818
Residue to Mutate GLYA819 has residue index 818
Residue to Mutate GLYA819 has residue index 818
Residue to Mutate GLYA819 has residue index 818
Residue to Mutate GLYA819 has residue index 818
Residue to Mutate GLYA819 has residue index 818
Residue to Mutate GLYA865 has residue index 864
Residue to Mutate GLYA865 has residue index 864
Residue to Mutate GLYA865 has residue index 864
Residue to Mutate GLYA865 has residue index 864
Residue to Mutate GLYA865 has residue index 864
Residue to Mutate GLYA8 has residue index 7
Residue to Mutate GLYA8 has residue index 7
Residue to Mutate GLYA8 has residue index 7
Residue to Mutate GLYA8 has residue index 7
Residue to Mutate GLYA8 has residue index 7
Residue to Mutate GLYA906 has residue index 905
Residue to Mutate GLYA906 has residue index 905
Residue to Mutate GLYA906 has residue index 905
Residue to Mutate GLYA906 has residue index 905
Mutating residue = GLYA717 into VAL
Mutating residue = GLYA717 into TRP
Mutating residue = GLYA729 into ALA
Mutating residue = GLYA729 into GLU
Mutating residue = GLYA729 into ARG
Mutating residue = GLYA729 into VAL
Mutating residue = GLYA736 into ALA
Mutating residue = GLYA736 into CYS
Mutating residue = GLYA736 into ASP
Mutating residue = GLYA736 into ARG
Mutating residue = GLYA736 into SER
Mutating residue = GLYA736 into VAL
Mutating residue = GLYA752 into ALA
Mutating residue = GLYA752 into GLU
Mutating residue = GLYA752 into ARG
Mutating residue = GLYA752 into VAL
Mutating residue = GLYA752 into TRP
Mutating residue = GLYA773 into ALA
Mutating residue = GLYA773 into GLU
Mutating residue = GLYA773 into ARG
Mutating residue = GLYA773 into VAL
Mutating residue = GLYA787 into ALA
Mutating residue = GLYA787 into GLU
Mutating residue = GLYA787 into ARG
Mutating residue = GLYA787 into VAL
Mutating residue = GLYA787 into TRP
Mutating residue = GLYA792 into ALA
Mutating residue = GLYA792 into GLU
Mutating residue = GLYA792 into ARG
Mutating residue = GLYA792 into VAL
Mutating residue = GLYA819 into ALA
Mutating residue = GLYA819 into CYS
Mutating residue = GLYA819 into ASP
Mutating residue = GLYA819 into ARG
Mutating residue = GLYA819 into SER
Mutating residue = GLYA819 into VAL
Mutating residue = GLYA865 into ALA
Mutating residue = GLYA865 into GLU
Mutating residue = GLYA865 into ARG
Mutating residue = GLYA865 into VAL
Mutating residue = GLYA865 into TRP
Mutating residue = GLYA8 into ALA
Mutating residue = GLYA8 into GLU
Mutating residue = GLYA8 into ARG
Mutating residue = GLYA8 into VAL
Mutating residue = GLYA8 into TRP
Mutating residue = GLYA906 into ALA
Mutating residue = GLYA906 into GLU
Mutating residue = GLYA906 into ARG
Mutating residue = GLYA906 into VAL
Your file run OK
End time of FoldX: Sat May  9 16:26:05 2026
Total time spend: 542.19 seconds.
validated file "CAS9_1.pdb" => successfully finished
validated file "CAS9_2.pdb" => successfully finished
validated file "CAS9_3.pdb" => successfully finished
validated file "CAS9_4.pdb" => successfully finished
validated file "CAS9_5.pdb" => successfully finished
validated file "CAS9_6.pdb" => successfully finished
validated file "CAS9_7.pdb" => successfully finished
validated file "CAS9_8.pdb" => successfully finished
validated file "CAS9_9.pdb" => successfully finished
validated file "CAS9_10.pdb" => successfully finished
validated file "CAS9_11.pdb" => successfully finished
validated file "CAS9_12.pdb" => successfully finished
validated file "CAS9_13.pdb" => successfully finished
validated file "CAS9_14.pdb" => successfully finished
validated file "CAS9_15.pdb" => successfully finished
validated file "CAS9_16.pdb" => successfully finished
validated file "CAS9_17.pdb" => successfully finished
validated file "CAS9_18.pdb" => successfully finished
validated file "CAS9_19.pdb" => successfully finished
validated file "CAS9_20.pdb" => successfully finished
validated file "CAS9_21.pdb" => successfully finished
validated file "CAS9_22.pdb" => successfully finished
validated file "CAS9_23.pdb" => successfully finished
validated file "CAS9_24.pdb" => successfully finished
validated file "CAS9_25.pdb" => successfully finished
validated file "CAS9_26.pdb" => successfully finished
validated file "CAS9_27.pdb" => successfully finished
validated file "CAS9_28.pdb" => successfully finished
validated file "CAS9_29.pdb" => successfully finished
validated file "CAS9_30.pdb" => successfully finished
validated file "CAS9_31.pdb" => successfully finished
validated file "CAS9_32.pdb" => successfully finished
validated file "CAS9_33.pdb" => successfully finished
validated file "CAS9_34.pdb" => successfully finished
validated file "CAS9_35.pdb" => successfully finished
validated file "CAS9_36.pdb" => successfully finished
validated file "CAS9_37.pdb" => successfully finished
validated file "CAS9_38.pdb" => successfully finished
validated file "CAS9_39.pdb" => successfully finished
validated file "CAS9_40.pdb" => successfully finished
validated file "CAS9_41.pdb" => successfully finished
validated file "CAS9_42.pdb" => successfully finished
validated file "CAS9_43.pdb" => successfully finished
validated file "CAS9_44.pdb" => successfully finished
validated file "CAS9_45.pdb" => successfully finished
validated file "CAS9_46.pdb" => successfully finished
validated file "CAS9_47.pdb" => successfully finished
validated file "CAS9_48.pdb" => successfully finished
validated file "CAS9_49.pdb" => successfully finished
validated file "CAS9_50.pdb" => successfully finished
Cleaning BuildModel...DONE
任务 50 结果提取成功，已映射突变信息。
