   ********************************************
   ***                                      ***
   ***             FoldX 5.1 (c)            ***
   ***                                      ***
   ***     code by the FoldX Consortium     ***
   ***                                      ***
   ***     Jesper Borg, Frederic Rousseau   ***
   ***    Joost Schymkowitz, Luis Serrano   ***
   ***    Peter Vanhee, Erik Verschueren    ***
   ***     Lies Baeten, Javier Delgado      ***
   ***       and Francois Stricher          ***
   *** and any other of the 9! permutations ***
   ***   based on an original concept by    ***
   ***   Raphael Guerois and Luis Serrano   ***
   ********************************************

1 models read: CAS9.pdb
1 models read: CAS9.pdb

BackHbond       =               -900.22
SideHbond       =               -324.89
Energy_VdW      =               -1515.04
Electro         =               -74.00
Energy_SolvP    =               2150.66
Energy_SolvH    =               -1993.90
Energy_vdwclash =               76.97
energy_torsion  =               14.15
backbone_vdwclash=              997.87
Entropy_sidec   =               814.62
Entropy_mainc   =               2092.14
water bonds     =               0.00
helix dipole    =               -7.70
loop_entropy    =               0.00
cis_bond        =               0.00
disulfide       =               0.00
kn electrostatic=               0.00
partial covalent interactions = 0.00
Energy_Ionisation =             3.43
Entropy Complex =               0.00
-----------------------------------------------------------
Total          = 				  336.23


BackHbond       =               -900.22
SideHbond       =               -324.89
Energy_VdW      =               -1515.04
Electro         =               -74.00
Energy_SolvP    =               2150.66
Energy_SolvH    =               -1993.90
Energy_vdwclash =               76.97
energy_torsion  =               14.15
backbone_vdwclash=              997.87
Entropy_sidec   =               814.62
Entropy_mainc   =               2092.14
water bonds     =               0.00
helix dipole    =               -7.70
loop_entropy    =               0.00
cis_bond        =               0.00
disulfide       =               0.00
kn electrostatic=               0.00
partial covalent interactions = 0.00
Energy_Ionisation =             3.43
Entropy Complex =               0.00
-----------------------------------------------------------
Total          = 				  336.23

Starting BuildModel
Reading KA1278I;
Reading KA1278N;
Reading KA1278Q;
Reading KA1278R;
Reading KA1278T;
Reading KA1289E;
Reading KA1289M;
Reading KA1289N;
Reading KA1289Q;
Reading KA1289R;
Reading KA1289T;
Reading KA1296E;
Reading KA1296I;
Reading KA1296N;
Reading KA1296Q;
Reading KA1296R;
Reading KA1296T;
Reading KA1300E;
Reading KA1300M;
Reading KA1300N;
Reading KA1300Q;
Reading KA1300R;
Reading KA1300T;
Reading KA131E;
Reading KA131M;
Reading KA131N;
Reading KA131Q;
Reading KA131R;
Reading KA131T;
Reading KA1325E;
Reading KA1325M;
Reading KA1325N;
Reading KA1325Q;
Reading KA1325R;
Reading KA1325T;
Reading KA1334E;
Reading KA1334I;
Reading KA1334N;
Reading KA1334Q;
Reading KA1334R;
Reading KA1334T;
Reading KA1340E;
Reading KA1340M;
Reading KA1340N;
Reading KA1340Q;
Reading KA1340R;
Reading KA1340T;
Reading KA140E;
Reading KA140M;
Reading KA140N;
Residue to Mutate LYSA1278 has residue index 1277
Residue to Mutate LYSA1278 has residue index 1277
Residue to Mutate LYSA1278 has residue index 1277
Residue to Mutate LYSA1278 has residue index 1277
Residue to Mutate LYSA1278 has residue index 1277
Residue to Mutate LYSA1289 has residue index 1288
Residue to Mutate LYSA1289 has residue index 1288
Residue to Mutate LYSA1289 has residue index 1288
Residue to Mutate LYSA1289 has residue index 1288
Residue to Mutate LYSA1289 has residue index 1288
Residue to Mutate LYSA1289 has residue index 1288
Residue to Mutate LYSA1296 has residue index 1295
Residue to Mutate LYSA1296 has residue index 1295
Residue to Mutate LYSA1296 has residue index 1295
Residue to Mutate LYSA1296 has residue index 1295
Residue to Mutate LYSA1296 has residue index 1295
Residue to Mutate LYSA1296 has residue index 1295
Residue to Mutate LYSA1300 has residue index 1299
Residue to Mutate LYSA1300 has residue index 1299
Residue to Mutate LYSA1300 has residue index 1299
Residue to Mutate LYSA1300 has residue index 1299
Residue to Mutate LYSA1300 has residue index 1299
Residue to Mutate LYSA1300 has residue index 1299
Residue to Mutate LYSA131 has residue index 130
Residue to Mutate LYSA131 has residue index 130
Residue to Mutate LYSA131 has residue index 130
Residue to Mutate LYSA131 has residue index 130
Residue to Mutate LYSA131 has residue index 130
Residue to Mutate LYSA131 has residue index 130
Residue to Mutate LYSA1325 has residue index 1324
Residue to Mutate LYSA1325 has residue index 1324
Residue to Mutate LYSA1325 has residue index 1324
Residue to Mutate LYSA1325 has residue index 1324
Residue to Mutate LYSA1325 has residue index 1324
Residue to Mutate LYSA1325 has residue index 1324
Residue to Mutate LYSA1334 has residue index 1333
Residue to Mutate LYSA1334 has residue index 1333
Residue to Mutate LYSA1334 has residue index 1333
Residue to Mutate LYSA1334 has residue index 1333
Residue to Mutate LYSA1334 has residue index 1333
Residue to Mutate LYSA1334 has residue index 1333
Residue to Mutate LYSA1340 has residue index 1339
Residue to Mutate LYSA1340 has residue index 1339
Residue to Mutate LYSA1340 has residue index 1339
Residue to Mutate LYSA1340 has residue index 1339
Residue to Mutate LYSA1340 has residue index 1339
Residue to Mutate LYSA1340 has residue index 1339
Residue to Mutate LYSA140 has residue index 139
Residue to Mutate LYSA140 has residue index 139
Residue to Mutate LYSA140 has residue index 139
Mutating residue = LYSA1278 into ILE
Mutating residue = LYSA1278 into ASN
Mutating residue = LYSA1278 into GLN
Mutating residue = LYSA1278 into ARG
Mutating residue = LYSA1278 into THR
Mutating residue = LYSA1289 into GLU
Mutating residue = LYSA1289 into MET
Mutating residue = LYSA1289 into ASN
Mutating residue = LYSA1289 into GLN
Mutating residue = LYSA1289 into ARG
Mutating residue = LYSA1289 into THR
Mutating residue = LYSA1296 into GLU
Mutating residue = LYSA1296 into ILE
Mutating residue = LYSA1296 into ASN
Mutating residue = LYSA1296 into GLN
Mutating residue = LYSA1296 into ARG
Mutating residue = LYSA1296 into THR
Mutating residue = LYSA1300 into GLU
Mutating residue = LYSA1300 into MET
Mutating residue = LYSA1300 into ASN
Mutating residue = LYSA1300 into GLN
Mutating residue = LYSA1300 into ARG
Mutating residue = LYSA1300 into THR
Mutating residue = LYSA131 into GLU
Mutating residue = LYSA131 into MET
Mutating residue = LYSA131 into ASN
Mutating residue = LYSA131 into GLN
Mutating residue = LYSA131 into ARG
Mutating residue = LYSA131 into THR
Mutating residue = LYSA1325 into GLU
Mutating residue = LYSA1325 into MET
Mutating residue = LYSA1325 into ASN
Mutating residue = LYSA1325 into GLN
Mutating residue = LYSA1325 into ARG
Mutating residue = LYSA1325 into THR
Mutating residue = LYSA1334 into GLU
Mutating residue = LYSA1334 into ILE
Mutating residue = LYSA1334 into ASN
Mutating residue = LYSA1334 into GLN
Mutating residue = LYSA1334 into ARG
Mutating residue = LYSA1334 into THR
Mutating residue = LYSA1340 into GLU
Mutating residue = LYSA1340 into MET
Mutating residue = LYSA1340 into ASN
Mutating residue = LYSA1340 into GLN
Mutating residue = LYSA1340 into ARG
Mutating residue = LYSA1340 into THR
Mutating residue = LYSA140 into GLU
Mutating residue = LYSA140 into MET
Mutating residue = LYSA140 into ASN
Your file run OK
End time of FoldX: Sat May  9 16:33:16 2026
Total time spend: 971.89 seconds.
validated file "CAS9_1.pdb" => successfully finished
validated file "CAS9_2.pdb" => successfully finished
validated file "CAS9_3.pdb" => successfully finished
validated file "CAS9_4.pdb" => successfully finished
validated file "CAS9_5.pdb" => successfully finished
validated file "CAS9_6.pdb" => successfully finished
validated file "CAS9_7.pdb" => successfully finished
validated file "CAS9_8.pdb" => successfully finished
validated file "CAS9_9.pdb" => successfully finished
validated file "CAS9_10.pdb" => successfully finished
validated file "CAS9_11.pdb" => successfully finished
validated file "CAS9_12.pdb" => successfully finished
validated file "CAS9_13.pdb" => successfully finished
validated file "CAS9_14.pdb" => successfully finished
validated file "CAS9_15.pdb" => successfully finished
validated file "CAS9_16.pdb" => successfully finished
validated file "CAS9_17.pdb" => successfully finished
validated file "CAS9_18.pdb" => successfully finished
validated file "CAS9_19.pdb" => successfully finished
validated file "CAS9_20.pdb" => successfully finished
validated file "CAS9_21.pdb" => successfully finished
validated file "CAS9_22.pdb" => successfully finished
validated file "CAS9_23.pdb" => successfully finished
validated file "CAS9_24.pdb" => successfully finished
validated file "CAS9_25.pdb" => successfully finished
validated file "CAS9_26.pdb" => successfully finished
validated file "CAS9_27.pdb" => successfully finished
validated file "CAS9_28.pdb" => successfully finished
validated file "CAS9_29.pdb" => successfully finished
validated file "CAS9_30.pdb" => successfully finished
validated file "CAS9_31.pdb" => successfully finished
validated file "CAS9_32.pdb" => successfully finished
validated file "CAS9_33.pdb" => successfully finished
validated file "CAS9_34.pdb" => successfully finished
validated file "CAS9_35.pdb" => successfully finished
validated file "CAS9_36.pdb" => successfully finished
validated file "CAS9_37.pdb" => successfully finished
validated file "CAS9_38.pdb" => successfully finished
validated file "CAS9_39.pdb" => successfully finished
validated file "CAS9_40.pdb" => successfully finished
validated file "CAS9_41.pdb" => successfully finished
validated file "CAS9_42.pdb" => successfully finished
validated file "CAS9_43.pdb" => successfully finished
validated file "CAS9_44.pdb" => successfully finished
validated file "CAS9_45.pdb" => successfully finished
validated file "CAS9_46.pdb" => successfully finished
validated file "CAS9_47.pdb" => successfully finished
validated file "CAS9_48.pdb" => successfully finished
validated file "CAS9_49.pdb" => successfully finished
validated file "CAS9_50.pdb" => successfully finished
Cleaning BuildModel...DONE
任务 74 结果提取成功，已映射突变信息。
