   ********************************************
   ***                                      ***
   ***             FoldX 5.1 (c)            ***
   ***                                      ***
   ***     code by the FoldX Consortium     ***
   ***                                      ***
   ***     Jesper Borg, Frederic Rousseau   ***
   ***    Joost Schymkowitz, Luis Serrano   ***
   ***    Peter Vanhee, Erik Verschueren    ***
   ***     Lies Baeten, Javier Delgado      ***
   ***       and Francois Stricher          ***
   *** and any other of the 9! permutations ***
   ***   based on an original concept by    ***
   ***   Raphael Guerois and Luis Serrano   ***
   ********************************************

1 models read: CAS9.pdb
1 models read: CAS9.pdb

BackHbond       =               -900.22
SideHbond       =               -324.89
Energy_VdW      =               -1515.04
Electro         =               -74.00
Energy_SolvP    =               2150.66
Energy_SolvH    =               -1993.90
Energy_vdwclash =               76.97
energy_torsion  =               14.15
backbone_vdwclash=              997.87
Entropy_sidec   =               814.62
Entropy_mainc   =               2092.14
water bonds     =               0.00
helix dipole    =               -7.70
loop_entropy    =               0.00
cis_bond        =               0.00
disulfide       =               0.00
kn electrostatic=               0.00
partial covalent interactions = 0.00
Energy_Ionisation =             3.43
Entropy Complex =               0.00
-----------------------------------------------------------
Total          = 				  336.23


BackHbond       =               -900.22
SideHbond       =               -324.89
Energy_VdW      =               -1515.04
Electro         =               -74.00
Energy_SolvP    =               2150.66
Energy_SolvH    =               -1993.90
Energy_vdwclash =               76.97
energy_torsion  =               14.15
backbone_vdwclash=              997.87
Entropy_sidec   =               814.62
Entropy_mainc   =               2092.14
water bonds     =               0.00
helix dipole    =               -7.70
loop_entropy    =               0.00
cis_bond        =               0.00
disulfide       =               0.00
kn electrostatic=               0.00
partial covalent interactions = 0.00
Energy_Ionisation =             3.43
Entropy Complex =               0.00
-----------------------------------------------------------
Total          = 				  336.23

Starting BuildModel
Reading IA927L;
Reading IA927M;
Reading IA927N;
Reading IA927S;
Reading IA927T;
Reading IA927V;
Reading IA934F;
Reading IA934L;
Reading IA934M;
Reading IA934N;
Reading IA934S;
Reading IA934T;
Reading IA934V;
Reading IA950F;
Reading IA950L;
Reading IA950M;
Reading IA950N;
Reading IA950S;
Reading IA950T;
Reading IA950V;
Reading IA956F;
Reading IA956L;
Reading IA956M;
Reading IA956N;
Reading IA956S;
Reading IA956T;
Reading IA956V;
Reading IA978F;
Reading IA978L;
Reading IA978M;
Reading IA978N;
Reading IA978S;
Reading IA978T;
Reading IA978V;
Reading IA998F;
Reading IA998L;
Reading IA998M;
Reading IA998N;
Reading IA998S;
Reading IA998T;
Reading IA998V;
Reading KA1000E;
Reading KA1000I;
Reading KA1000N;
Reading KA1000Q;
Reading KA1000R;
Reading KA1000T;
Reading KA1003E;
Reading KA1003I;
Reading KA1003N;
Residue to Mutate ILEA927 has residue index 926
Residue to Mutate ILEA927 has residue index 926
Residue to Mutate ILEA927 has residue index 926
Residue to Mutate ILEA927 has residue index 926
Residue to Mutate ILEA927 has residue index 926
Residue to Mutate ILEA927 has residue index 926
Residue to Mutate ILEA934 has residue index 933
Residue to Mutate ILEA934 has residue index 933
Residue to Mutate ILEA934 has residue index 933
Residue to Mutate ILEA934 has residue index 933
Residue to Mutate ILEA934 has residue index 933
Residue to Mutate ILEA934 has residue index 933
Residue to Mutate ILEA934 has residue index 933
Residue to Mutate ILEA950 has residue index 949
Residue to Mutate ILEA950 has residue index 949
Residue to Mutate ILEA950 has residue index 949
Residue to Mutate ILEA950 has residue index 949
Residue to Mutate ILEA950 has residue index 949
Residue to Mutate ILEA950 has residue index 949
Residue to Mutate ILEA950 has residue index 949
Residue to Mutate ILEA956 has residue index 955
Residue to Mutate ILEA956 has residue index 955
Residue to Mutate ILEA956 has residue index 955
Residue to Mutate ILEA956 has residue index 955
Residue to Mutate ILEA956 has residue index 955
Residue to Mutate ILEA956 has residue index 955
Residue to Mutate ILEA956 has residue index 955
Residue to Mutate ILEA978 has residue index 977
Residue to Mutate ILEA978 has residue index 977
Residue to Mutate ILEA978 has residue index 977
Residue to Mutate ILEA978 has residue index 977
Residue to Mutate ILEA978 has residue index 977
Residue to Mutate ILEA978 has residue index 977
Residue to Mutate ILEA978 has residue index 977
Residue to Mutate ILEA998 has residue index 997
Residue to Mutate ILEA998 has residue index 997
Residue to Mutate ILEA998 has residue index 997
Residue to Mutate ILEA998 has residue index 997
Residue to Mutate ILEA998 has residue index 997
Residue to Mutate ILEA998 has residue index 997
Residue to Mutate ILEA998 has residue index 997
Residue to Mutate LYSA1000 has residue index 999
Residue to Mutate LYSA1000 has residue index 999
Residue to Mutate LYSA1000 has residue index 999
Residue to Mutate LYSA1000 has residue index 999
Residue to Mutate LYSA1000 has residue index 999
Residue to Mutate LYSA1000 has residue index 999
Residue to Mutate LYSA1003 has residue index 1002
Residue to Mutate LYSA1003 has residue index 1002
Residue to Mutate LYSA1003 has residue index 1002
Mutating residue = ILEA927 into LEU
Mutating residue = ILEA927 into MET
Mutating residue = ILEA927 into ASN
Mutating residue = ILEA927 into SER
Mutating residue = ILEA927 into THR
Mutating residue = ILEA927 into VAL
Mutating residue = ILEA934 into PHE
Mutating residue = ILEA934 into LEU
Mutating residue = ILEA934 into MET
Mutating residue = ILEA934 into ASN
Mutating residue = ILEA934 into SER
Mutating residue = ILEA934 into THR
Mutating residue = ILEA934 into VAL
Mutating residue = ILEA950 into PHE
Mutating residue = ILEA950 into LEU
Mutating residue = ILEA950 into MET
Mutating residue = ILEA950 into ASN
Mutating residue = ILEA950 into SER
Mutating residue = ILEA950 into THR
Mutating residue = ILEA950 into VAL
Mutating residue = ILEA956 into PHE
Mutating residue = ILEA956 into LEU
Mutating residue = ILEA956 into MET
Mutating residue = ILEA956 into ASN
Mutating residue = ILEA956 into SER
Mutating residue = ILEA956 into THR
Mutating residue = ILEA956 into VAL
Mutating residue = ILEA978 into PHE
Mutating residue = ILEA978 into LEU
Mutating residue = ILEA978 into MET
Mutating residue = ILEA978 into ASN
Mutating residue = ILEA978 into SER
Mutating residue = ILEA978 into THR
Mutating residue = ILEA978 into VAL
Mutating residue = ILEA998 into PHE
Mutating residue = ILEA998 into LEU
Mutating residue = ILEA998 into MET
Mutating residue = ILEA998 into ASN
Mutating residue = ILEA998 into SER
Mutating residue = ILEA998 into THR
Mutating residue = ILEA998 into VAL
Mutating residue = LYSA1000 into GLU
Mutating residue = LYSA1000 into ILE
Mutating residue = LYSA1000 into ASN
Mutating residue = LYSA1000 into GLN
Mutating residue = LYSA1000 into ARG
Mutating residue = LYSA1000 into THR
Mutating residue = LYSA1003 into GLU
Mutating residue = LYSA1003 into ILE
Mutating residue = LYSA1003 into ASN
Your file run OK
End time of FoldX: Sat May  9 16:28:10 2026
Total time spend: 666.27 seconds.
validated file "CAS9_1.pdb" => successfully finished
validated file "CAS9_2.pdb" => successfully finished
validated file "CAS9_3.pdb" => successfully finished
validated file "CAS9_4.pdb" => successfully finished
validated file "CAS9_5.pdb" => successfully finished
validated file "CAS9_6.pdb" => successfully finished
validated file "CAS9_7.pdb" => successfully finished
validated file "CAS9_8.pdb" => successfully finished
validated file "CAS9_9.pdb" => successfully finished
validated file "CAS9_10.pdb" => successfully finished
validated file "CAS9_11.pdb" => successfully finished
validated file "CAS9_12.pdb" => successfully finished
validated file "CAS9_13.pdb" => successfully finished
validated file "CAS9_14.pdb" => successfully finished
validated file "CAS9_15.pdb" => successfully finished
validated file "CAS9_16.pdb" => successfully finished
validated file "CAS9_17.pdb" => successfully finished
validated file "CAS9_18.pdb" => successfully finished
validated file "CAS9_19.pdb" => successfully finished
validated file "CAS9_20.pdb" => successfully finished
validated file "CAS9_21.pdb" => successfully finished
validated file "CAS9_22.pdb" => successfully finished
validated file "CAS9_23.pdb" => successfully finished
validated file "CAS9_24.pdb" => successfully finished
validated file "CAS9_25.pdb" => successfully finished
validated file "CAS9_26.pdb" => successfully finished
validated file "CAS9_27.pdb" => successfully finished
validated file "CAS9_28.pdb" => successfully finished
validated file "CAS9_29.pdb" => successfully finished
validated file "CAS9_30.pdb" => successfully finished
validated file "CAS9_31.pdb" => successfully finished
validated file "CAS9_32.pdb" => successfully finished
validated file "CAS9_33.pdb" => successfully finished
validated file "CAS9_34.pdb" => successfully finished
validated file "CAS9_35.pdb" => successfully finished
validated file "CAS9_36.pdb" => successfully finished
validated file "CAS9_37.pdb" => successfully finished
validated file "CAS9_38.pdb" => successfully finished
validated file "CAS9_39.pdb" => successfully finished
validated file "CAS9_40.pdb" => successfully finished
validated file "CAS9_41.pdb" => successfully finished
validated file "CAS9_42.pdb" => successfully finished
validated file "CAS9_43.pdb" => successfully finished
validated file "CAS9_44.pdb" => successfully finished
validated file "CAS9_45.pdb" => successfully finished
validated file "CAS9_46.pdb" => successfully finished
validated file "CAS9_47.pdb" => successfully finished
validated file "CAS9_48.pdb" => successfully finished
validated file "CAS9_49.pdb" => successfully finished
validated file "CAS9_50.pdb" => successfully finished
Cleaning BuildModel...DONE
任务 68 结果提取成功，已映射突变信息。
