   ********************************************
   ***                                      ***
   ***             FoldX 5.1 (c)            ***
   ***                                      ***
   ***     code by the FoldX Consortium     ***
   ***                                      ***
   ***     Jesper Borg, Frederic Rousseau   ***
   ***    Joost Schymkowitz, Luis Serrano   ***
   ***    Peter Vanhee, Erik Verschueren    ***
   ***     Lies Baeten, Javier Delgado      ***
   ***       and Francois Stricher          ***
   *** and any other of the 9! permutations ***
   ***   based on an original concept by    ***
   ***   Raphael Guerois and Luis Serrano   ***
   ********************************************

1 models read: CAS9.pdb
1 models read: CAS9.pdb

BackHbond       =               -900.22
SideHbond       =               -324.89
Energy_VdW      =               -1515.04
Electro         =               -74.00
Energy_SolvP    =               2150.66
Energy_SolvH    =               -1993.90
Energy_vdwclash =               76.97
energy_torsion  =               14.15
backbone_vdwclash=              997.87
Entropy_sidec   =               814.62
Entropy_mainc   =               2092.14
water bonds     =               0.00
helix dipole    =               -7.70
loop_entropy    =               0.00
cis_bond        =               0.00
disulfide       =               0.00
kn electrostatic=               0.00
partial covalent interactions = 0.00
Energy_Ionisation =             3.43
Entropy Complex =               0.00
-----------------------------------------------------------
Total          = 				  336.23


BackHbond       =               -900.22
SideHbond       =               -324.89
Energy_VdW      =               -1515.04
Electro         =               -74.00
Energy_SolvP    =               2150.66
Energy_SolvH    =               -1993.90
Energy_vdwclash =               76.97
energy_torsion  =               14.15
backbone_vdwclash=              997.87
Entropy_sidec   =               814.62
Entropy_mainc   =               2092.14
water bonds     =               0.00
helix dipole    =               -7.70
loop_entropy    =               0.00
cis_bond        =               0.00
disulfide       =               0.00
kn electrostatic=               0.00
partial covalent interactions = 0.00
Energy_Ionisation =             3.43
Entropy Complex =               0.00
-----------------------------------------------------------
Total          = 				  336.23

Starting BuildModel
Reading DA567A;
Reading DA567E;
Reading DA567G;
Reading DA567H;
Reading DA567N;
Reading DA567V;
Reading DA567Y;
Reading DA576A;
Reading DA576E;
Reading DA576G;
Reading DA576H;
Reading DA576N;
Reading DA576V;
Reading DA576Y;
Reading DA585A;
Reading DA585E;
Reading DA585G;
Reading DA585H;
Reading DA585N;
Reading DA585V;
Reading DA585Y;
Reading DA596A;
Reading DA596E;
Reading DA596G;
Reading DA596H;
Reading DA596N;
Reading DA596V;
Reading DA596Y;
Reading DA603A;
Reading DA603E;
Reading DA603G;
Reading DA603H;
Reading DA603N;
Reading DA603V;
Reading DA603Y;
Reading DA605A;
Reading DA605E;
Reading DA605G;
Reading DA605H;
Reading DA605N;
Reading DA605V;
Reading DA605Y;
Reading DA608A;
Reading DA608E;
Reading DA608G;
Reading DA608H;
Reading DA608N;
Reading DA608V;
Reading DA608Y;
Reading DA614A;
Residue to Mutate ASPA567 has residue index 566
Residue to Mutate ASPA567 has residue index 566
Residue to Mutate ASPA567 has residue index 566
Residue to Mutate ASPA567 has residue index 566
Residue to Mutate ASPA567 has residue index 566
Residue to Mutate ASPA567 has residue index 566
Residue to Mutate ASPA567 has residue index 566
Residue to Mutate ASPA576 has residue index 575
Residue to Mutate ASPA576 has residue index 575
Residue to Mutate ASPA576 has residue index 575
Residue to Mutate ASPA576 has residue index 575
Residue to Mutate ASPA576 has residue index 575
Residue to Mutate ASPA576 has residue index 575
Residue to Mutate ASPA576 has residue index 575
Residue to Mutate ASPA585 has residue index 584
Residue to Mutate ASPA585 has residue index 584
Residue to Mutate ASPA585 has residue index 584
Residue to Mutate ASPA585 has residue index 584
Residue to Mutate ASPA585 has residue index 584
Residue to Mutate ASPA585 has residue index 584
Residue to Mutate ASPA585 has residue index 584
Residue to Mutate ASPA596 has residue index 595
Residue to Mutate ASPA596 has residue index 595
Residue to Mutate ASPA596 has residue index 595
Residue to Mutate ASPA596 has residue index 595
Residue to Mutate ASPA596 has residue index 595
Residue to Mutate ASPA596 has residue index 595
Residue to Mutate ASPA596 has residue index 595
Residue to Mutate ASPA603 has residue index 602
Residue to Mutate ASPA603 has residue index 602
Residue to Mutate ASPA603 has residue index 602
Residue to Mutate ASPA603 has residue index 602
Residue to Mutate ASPA603 has residue index 602
Residue to Mutate ASPA603 has residue index 602
Residue to Mutate ASPA603 has residue index 602
Residue to Mutate ASPA605 has residue index 604
Residue to Mutate ASPA605 has residue index 604
Residue to Mutate ASPA605 has residue index 604
Residue to Mutate ASPA605 has residue index 604
Residue to Mutate ASPA605 has residue index 604
Residue to Mutate ASPA605 has residue index 604
Residue to Mutate ASPA605 has residue index 604
Residue to Mutate ASPA608 has residue index 607
Residue to Mutate ASPA608 has residue index 607
Residue to Mutate ASPA608 has residue index 607
Residue to Mutate ASPA608 has residue index 607
Residue to Mutate ASPA608 has residue index 607
Residue to Mutate ASPA608 has residue index 607
Residue to Mutate ASPA608 has residue index 607
Residue to Mutate ASPA614 has residue index 613
Mutating residue = ASPA567 into ALA
Mutating residue = ASPA567 into GLU
Mutating residue = ASPA567 into GLY
Mutating residue = ASPA567 into HIS
Mutating residue = ASPA567 into ASN
Mutating residue = ASPA567 into VAL
Mutating residue = ASPA567 into TYR
Mutating residue = ASPA576 into ALA
Mutating residue = ASPA576 into GLU
Mutating residue = ASPA576 into GLY
Mutating residue = ASPA576 into HIS
Mutating residue = ASPA576 into ASN
Mutating residue = ASPA576 into VAL
Mutating residue = ASPA576 into TYR
Mutating residue = ASPA585 into ALA
Mutating residue = ASPA585 into GLU
Mutating residue = ASPA585 into GLY
Mutating residue = ASPA585 into HIS
Mutating residue = ASPA585 into ASN
Mutating residue = ASPA585 into VAL
Mutating residue = ASPA585 into TYR
Mutating residue = ASPA596 into ALA
Mutating residue = ASPA596 into GLU
Mutating residue = ASPA596 into GLY
Mutating residue = ASPA596 into HIS
Mutating residue = ASPA596 into ASN
Mutating residue = ASPA596 into VAL
Mutating residue = ASPA596 into TYR
Mutating residue = ASPA603 into ALA
Mutating residue = ASPA603 into GLU
Mutating residue = ASPA603 into GLY
Mutating residue = ASPA603 into HIS
Mutating residue = ASPA603 into ASN
Mutating residue = ASPA603 into VAL
Mutating residue = ASPA603 into TYR
Mutating residue = ASPA605 into ALA
Mutating residue = ASPA605 into GLU
Mutating residue = ASPA605 into GLY
Mutating residue = ASPA605 into HIS
Mutating residue = ASPA605 into ASN
Mutating residue = ASPA605 into VAL
Mutating residue = ASPA605 into TYR
Mutating residue = ASPA608 into ALA
Mutating residue = ASPA608 into GLU
Mutating residue = ASPA608 into GLY
Mutating residue = ASPA608 into HIS
Mutating residue = ASPA608 into ASN
Mutating residue = ASPA608 into VAL
Mutating residue = ASPA608 into TYR
Mutating residue = ASPA614 into ALA
Your file run OK
End time of FoldX: Sat May  9 16:25:19 2026
Total time spend: 495.73 seconds.
validated file "CAS9_1.pdb" => successfully finished
validated file "CAS9_2.pdb" => successfully finished
validated file "CAS9_3.pdb" => successfully finished
validated file "CAS9_4.pdb" => successfully finished
validated file "CAS9_5.pdb" => successfully finished
validated file "CAS9_6.pdb" => successfully finished
validated file "CAS9_7.pdb" => successfully finished
validated file "CAS9_8.pdb" => successfully finished
validated file "CAS9_9.pdb" => successfully finished
validated file "CAS9_10.pdb" => successfully finished
validated file "CAS9_11.pdb" => successfully finished
validated file "CAS9_12.pdb" => successfully finished
validated file "CAS9_13.pdb" => successfully finished
validated file "CAS9_14.pdb" => successfully finished
validated file "CAS9_15.pdb" => successfully finished
validated file "CAS9_16.pdb" => successfully finished
validated file "CAS9_17.pdb" => successfully finished
validated file "CAS9_18.pdb" => successfully finished
validated file "CAS9_19.pdb" => successfully finished
validated file "CAS9_20.pdb" => successfully finished
validated file "CAS9_21.pdb" => successfully finished
validated file "CAS9_22.pdb" => successfully finished
validated file "CAS9_23.pdb" => successfully finished
validated file "CAS9_24.pdb" => successfully finished
validated file "CAS9_25.pdb" => successfully finished
validated file "CAS9_26.pdb" => successfully finished
validated file "CAS9_27.pdb" => successfully finished
validated file "CAS9_28.pdb" => successfully finished
validated file "CAS9_29.pdb" => successfully finished
validated file "CAS9_30.pdb" => successfully finished
validated file "CAS9_31.pdb" => successfully finished
validated file "CAS9_32.pdb" => successfully finished
validated file "CAS9_33.pdb" => successfully finished
validated file "CAS9_34.pdb" => successfully finished
validated file "CAS9_35.pdb" => successfully finished
validated file "CAS9_36.pdb" => successfully finished
validated file "CAS9_37.pdb" => successfully finished
validated file "CAS9_38.pdb" => successfully finished
validated file "CAS9_39.pdb" => successfully finished
validated file "CAS9_40.pdb" => successfully finished
validated file "CAS9_41.pdb" => successfully finished
validated file "CAS9_42.pdb" => successfully finished
validated file "CAS9_43.pdb" => successfully finished
validated file "CAS9_44.pdb" => successfully finished
validated file "CAS9_45.pdb" => successfully finished
validated file "CAS9_46.pdb" => successfully finished
validated file "CAS9_47.pdb" => successfully finished
validated file "CAS9_48.pdb" => successfully finished
validated file "CAS9_49.pdb" => successfully finished
validated file "CAS9_50.pdb" => successfully finished
Cleaning BuildModel...DONE
任务 18 结果提取成功，已映射突变信息。
