   ********************************************
   ***                                      ***
   ***             FoldX 5.1 (c)            ***
   ***                                      ***
   ***     code by the FoldX Consortium     ***
   ***                                      ***
   ***     Jesper Borg, Frederic Rousseau   ***
   ***    Joost Schymkowitz, Luis Serrano   ***
   ***    Peter Vanhee, Erik Verschueren    ***
   ***     Lies Baeten, Javier Delgado      ***
   ***       and Francois Stricher          ***
   *** and any other of the 9! permutations ***
   ***   based on an original concept by    ***
   ***   Raphael Guerois and Luis Serrano   ***
   ********************************************

1 models read: CAS9.pdb
1 models read: CAS9.pdb

BackHbond       =               -900.22
SideHbond       =               -324.89
Energy_VdW      =               -1515.04
Electro         =               -74.00
Energy_SolvP    =               2150.66
Energy_SolvH    =               -1993.90
Energy_vdwclash =               76.97
energy_torsion  =               14.15
backbone_vdwclash=              997.87
Entropy_sidec   =               814.62
Entropy_mainc   =               2092.14
water bonds     =               0.00
helix dipole    =               -7.70
loop_entropy    =               0.00
cis_bond        =               0.00
disulfide       =               0.00
kn electrostatic=               0.00
partial covalent interactions = 0.00
Energy_Ionisation =             3.43
Entropy Complex =               0.00
-----------------------------------------------------------
Total          = 				  336.23


BackHbond       =               -900.22
SideHbond       =               -324.89
Energy_VdW      =               -1515.04
Electro         =               -74.00
Energy_SolvP    =               2150.66
Energy_SolvH    =               -1993.90
Energy_vdwclash =               76.97
energy_torsion  =               14.15
backbone_vdwclash=              997.87
Entropy_sidec   =               814.62
Entropy_mainc   =               2092.14
water bonds     =               0.00
helix dipole    =               -7.70
loop_entropy    =               0.00
cis_bond        =               0.00
disulfide       =               0.00
kn electrostatic=               0.00
partial covalent interactions = 0.00
Energy_Ionisation =             3.43
Entropy Complex =               0.00
-----------------------------------------------------------
Total          = 				  336.23

Starting BuildModel
Reading NA808I;
Reading NA808K;
Reading NA808S;
Reading NA808T;
Reading NA808Y;
Reading NA818D;
Reading NA818H;
Reading NA818I;
Reading NA818K;
Reading NA818S;
Reading NA818T;
Reading NA818Y;
Reading NA831D;
Reading NA831H;
Reading NA831I;
Reading NA831K;
Reading NA831S;
Reading NA831T;
Reading NA831Y;
Reading NA854D;
Reading NA854H;
Reading NA854I;
Reading NA854K;
Reading NA854S;
Reading NA854T;
Reading NA854Y;
Reading NA863D;
Reading NA863H;
Reading NA863I;
Reading NA863K;
Reading NA863S;
Reading NA863T;
Reading NA863Y;
Reading NA869D;
Reading NA869H;
Reading NA869I;
Reading NA869K;
Reading NA869S;
Reading NA869T;
Reading NA869Y;
Reading NA881D;
Reading NA881H;
Reading NA881I;
Reading NA881K;
Reading NA881S;
Reading NA881T;
Reading NA881Y;
Reading NA888D;
Reading NA888H;
Reading NA888I;
Residue to Mutate ASNA808 has residue index 807
Residue to Mutate ASNA808 has residue index 807
Residue to Mutate ASNA808 has residue index 807
Residue to Mutate ASNA808 has residue index 807
Residue to Mutate ASNA808 has residue index 807
Residue to Mutate ASNA818 has residue index 817
Residue to Mutate ASNA818 has residue index 817
Residue to Mutate ASNA818 has residue index 817
Residue to Mutate ASNA818 has residue index 817
Residue to Mutate ASNA818 has residue index 817
Residue to Mutate ASNA818 has residue index 817
Residue to Mutate ASNA818 has residue index 817
Residue to Mutate ASNA831 has residue index 830
Residue to Mutate ASNA831 has residue index 830
Residue to Mutate ASNA831 has residue index 830
Residue to Mutate ASNA831 has residue index 830
Residue to Mutate ASNA831 has residue index 830
Residue to Mutate ASNA831 has residue index 830
Residue to Mutate ASNA831 has residue index 830
Residue to Mutate ASNA854 has residue index 853
Residue to Mutate ASNA854 has residue index 853
Residue to Mutate ASNA854 has residue index 853
Residue to Mutate ASNA854 has residue index 853
Residue to Mutate ASNA854 has residue index 853
Residue to Mutate ASNA854 has residue index 853
Residue to Mutate ASNA854 has residue index 853
Residue to Mutate ASNA863 has residue index 862
Residue to Mutate ASNA863 has residue index 862
Residue to Mutate ASNA863 has residue index 862
Residue to Mutate ASNA863 has residue index 862
Residue to Mutate ASNA863 has residue index 862
Residue to Mutate ASNA863 has residue index 862
Residue to Mutate ASNA863 has residue index 862
Residue to Mutate ASNA869 has residue index 868
Residue to Mutate ASNA869 has residue index 868
Residue to Mutate ASNA869 has residue index 868
Residue to Mutate ASNA869 has residue index 868
Residue to Mutate ASNA869 has residue index 868
Residue to Mutate ASNA869 has residue index 868
Residue to Mutate ASNA869 has residue index 868
Residue to Mutate ASNA881 has residue index 880
Residue to Mutate ASNA881 has residue index 880
Residue to Mutate ASNA881 has residue index 880
Residue to Mutate ASNA881 has residue index 880
Residue to Mutate ASNA881 has residue index 880
Residue to Mutate ASNA881 has residue index 880
Residue to Mutate ASNA881 has residue index 880
Residue to Mutate ASNA888 has residue index 887
Residue to Mutate ASNA888 has residue index 887
Residue to Mutate ASNA888 has residue index 887
Mutating residue = ASNA808 into ILE
Mutating residue = ASNA808 into LYS
Mutating residue = ASNA808 into SER
Mutating residue = ASNA808 into THR
Mutating residue = ASNA808 into TYR
Mutating residue = ASNA818 into ASP
Mutating residue = ASNA818 into HIS
Mutating residue = ASNA818 into ILE
Mutating residue = ASNA818 into LYS
Mutating residue = ASNA818 into SER
Mutating residue = ASNA818 into THR
Mutating residue = ASNA818 into TYR
Mutating residue = ASNA831 into ASP
Mutating residue = ASNA831 into HIS
Mutating residue = ASNA831 into ILE
Mutating residue = ASNA831 into LYS
Mutating residue = ASNA831 into SER
Mutating residue = ASNA831 into THR
Mutating residue = ASNA831 into TYR
Mutating residue = ASNA854 into ASP
Mutating residue = ASNA854 into HIS
Mutating residue = ASNA854 into ILE
Mutating residue = ASNA854 into LYS
Mutating residue = ASNA854 into SER
Mutating residue = ASNA854 into THR
Mutating residue = ASNA854 into TYR
Mutating residue = ASNA863 into ASP
Mutating residue = ASNA863 into HIS
Mutating residue = ASNA863 into ILE
Mutating residue = ASNA863 into LYS
Mutating residue = ASNA863 into SER
Mutating residue = ASNA863 into THR
Mutating residue = ASNA863 into TYR
Mutating residue = ASNA869 into ASP
Mutating residue = ASNA869 into HIS
Mutating residue = ASNA869 into ILE
Mutating residue = ASNA869 into LYS
Mutating residue = ASNA869 into SER
Mutating residue = ASNA869 into THR
Mutating residue = ASNA869 into TYR
Mutating residue = ASNA881 into ASP
Mutating residue = ASNA881 into HIS
Mutating residue = ASNA881 into ILE
Mutating residue = ASNA881 into LYS
Mutating residue = ASNA881 into SER
Mutating residue = ASNA881 into THR
Mutating residue = ASNA881 into TYR
Mutating residue = ASNA888 into ASP
Mutating residue = ASNA888 into HIS
Mutating residue = ASNA888 into ILE
Your file run OK
End time of FoldX: Sat May  9 16:26:42 2026
Total time spend: 571.43 seconds.
validated file "CAS9_1.pdb" => successfully finished
validated file "CAS9_2.pdb" => successfully finished
validated file "CAS9_3.pdb" => successfully finished
validated file "CAS9_4.pdb" => successfully finished
validated file "CAS9_5.pdb" => successfully finished
validated file "CAS9_6.pdb" => successfully finished
validated file "CAS9_7.pdb" => successfully finished
validated file "CAS9_8.pdb" => successfully finished
validated file "CAS9_9.pdb" => successfully finished
validated file "CAS9_10.pdb" => successfully finished
validated file "CAS9_11.pdb" => successfully finished
validated file "CAS9_12.pdb" => successfully finished
validated file "CAS9_13.pdb" => successfully finished
validated file "CAS9_14.pdb" => successfully finished
validated file "CAS9_15.pdb" => successfully finished
validated file "CAS9_16.pdb" => successfully finished
validated file "CAS9_17.pdb" => successfully finished
validated file "CAS9_18.pdb" => successfully finished
validated file "CAS9_19.pdb" => successfully finished
validated file "CAS9_20.pdb" => successfully finished
validated file "CAS9_21.pdb" => successfully finished
validated file "CAS9_22.pdb" => successfully finished
validated file "CAS9_23.pdb" => successfully finished
validated file "CAS9_24.pdb" => successfully finished
validated file "CAS9_25.pdb" => successfully finished
validated file "CAS9_26.pdb" => successfully finished
validated file "CAS9_27.pdb" => successfully finished
validated file "CAS9_28.pdb" => successfully finished
validated file "CAS9_29.pdb" => successfully finished
validated file "CAS9_30.pdb" => successfully finished
validated file "CAS9_31.pdb" => successfully finished
validated file "CAS9_32.pdb" => successfully finished
validated file "CAS9_33.pdb" => successfully finished
validated file "CAS9_34.pdb" => successfully finished
validated file "CAS9_35.pdb" => successfully finished
validated file "CAS9_36.pdb" => successfully finished
validated file "CAS9_37.pdb" => successfully finished
validated file "CAS9_38.pdb" => successfully finished
validated file "CAS9_39.pdb" => successfully finished
validated file "CAS9_40.pdb" => successfully finished
validated file "CAS9_41.pdb" => successfully finished
validated file "CAS9_42.pdb" => successfully finished
validated file "CAS9_43.pdb" => successfully finished
validated file "CAS9_44.pdb" => successfully finished
validated file "CAS9_45.pdb" => successfully finished
validated file "CAS9_46.pdb" => successfully finished
validated file "CAS9_47.pdb" => successfully finished
validated file "CAS9_48.pdb" => successfully finished
validated file "CAS9_49.pdb" => successfully finished
validated file "CAS9_50.pdb" => successfully finished
Cleaning BuildModel...DONE
任务 112 结果提取成功，已映射突变信息。
