   ********************************************
   ***                                      ***
   ***             FoldX 5.1 (c)            ***
   ***                                      ***
   ***     code by the FoldX Consortium     ***
   ***                                      ***
   ***     Jesper Borg, Frederic Rousseau   ***
   ***    Joost Schymkowitz, Luis Serrano   ***
   ***    Peter Vanhee, Erik Verschueren    ***
   ***     Lies Baeten, Javier Delgado      ***
   ***       and Francois Stricher          ***
   *** and any other of the 9! permutations ***
   ***   based on an original concept by    ***
   ***   Raphael Guerois and Luis Serrano   ***
   ********************************************

1 models read: CAS9.pdb
1 models read: CAS9.pdb

BackHbond       =               -900.22
SideHbond       =               -324.89
Energy_VdW      =               -1515.04
Electro         =               -74.00
Energy_SolvP    =               2150.66
Energy_SolvH    =               -1993.90
Energy_vdwclash =               76.97
energy_torsion  =               14.15
backbone_vdwclash=              997.87
Entropy_sidec   =               814.62
Entropy_mainc   =               2092.14
water bonds     =               0.00
helix dipole    =               -7.70
loop_entropy    =               0.00
cis_bond        =               0.00
disulfide       =               0.00
kn electrostatic=               0.00
partial covalent interactions = 0.00
Energy_Ionisation =             3.43
Entropy Complex =               0.00
-----------------------------------------------------------
Total          = 				  336.23


BackHbond       =               -900.22
SideHbond       =               -324.89
Energy_VdW      =               -1515.04
Electro         =               -74.00
Energy_SolvP    =               2150.66
Energy_SolvH    =               -1993.90
Energy_vdwclash =               76.97
energy_torsion  =               14.15
backbone_vdwclash=              997.87
Entropy_sidec   =               814.62
Entropy_mainc   =               2092.14
water bonds     =               0.00
helix dipole    =               -7.70
loop_entropy    =               0.00
cis_bond        =               0.00
disulfide       =               0.00
kn electrostatic=               0.00
partial covalent interactions = 0.00
Energy_Ionisation =             3.43
Entropy Complex =               0.00
-----------------------------------------------------------
Total          = 				  336.23

Starting BuildModel
Reading GA542W;
Reading GA56A;
Reading GA56E;
Reading GA56R;
Reading GA56V;
Reading GA582A;
Reading GA582E;
Reading GA582R;
Reading GA582V;
Reading GA592A;
Reading GA592C;
Reading GA592D;
Reading GA592R;
Reading GA592S;
Reading GA592V;
Reading GA658A;
Reading GA658E;
Reading GA658R;
Reading GA658V;
Reading GA658W;
Reading GA660A;
Reading GA660E;
Reading GA660R;
Reading GA660V;
Reading GA669A;
Reading GA669C;
Reading GA669D;
Reading GA669R;
Reading GA669S;
Reading GA669V;
Reading GA676A;
Reading GA676E;
Reading GA676R;
Reading GA676V;
Reading GA676W;
Reading GA687A;
Reading GA687C;
Reading GA687D;
Reading GA687R;
Reading GA687S;
Reading GA687V;
Reading GA715A;
Reading GA715C;
Reading GA715D;
Reading GA715R;
Reading GA715S;
Reading GA715V;
Reading GA717A;
Reading GA717E;
Reading GA717R;
Residue to Mutate GLYA542 has residue index 541
Residue to Mutate GLYA56 has residue index 55
Residue to Mutate GLYA56 has residue index 55
Residue to Mutate GLYA56 has residue index 55
Residue to Mutate GLYA56 has residue index 55
Residue to Mutate GLYA582 has residue index 581
Residue to Mutate GLYA582 has residue index 581
Residue to Mutate GLYA582 has residue index 581
Residue to Mutate GLYA582 has residue index 581
Residue to Mutate GLYA592 has residue index 591
Residue to Mutate GLYA592 has residue index 591
Residue to Mutate GLYA592 has residue index 591
Residue to Mutate GLYA592 has residue index 591
Residue to Mutate GLYA592 has residue index 591
Residue to Mutate GLYA592 has residue index 591
Residue to Mutate GLYA658 has residue index 657
Residue to Mutate GLYA658 has residue index 657
Residue to Mutate GLYA658 has residue index 657
Residue to Mutate GLYA658 has residue index 657
Residue to Mutate GLYA658 has residue index 657
Residue to Mutate GLYA660 has residue index 659
Residue to Mutate GLYA660 has residue index 659
Residue to Mutate GLYA660 has residue index 659
Residue to Mutate GLYA660 has residue index 659
Residue to Mutate GLYA669 has residue index 668
Residue to Mutate GLYA669 has residue index 668
Residue to Mutate GLYA669 has residue index 668
Residue to Mutate GLYA669 has residue index 668
Residue to Mutate GLYA669 has residue index 668
Residue to Mutate GLYA669 has residue index 668
Residue to Mutate GLYA676 has residue index 675
Residue to Mutate GLYA676 has residue index 675
Residue to Mutate GLYA676 has residue index 675
Residue to Mutate GLYA676 has residue index 675
Residue to Mutate GLYA676 has residue index 675
Residue to Mutate GLYA687 has residue index 686
Residue to Mutate GLYA687 has residue index 686
Residue to Mutate GLYA687 has residue index 686
Residue to Mutate GLYA687 has residue index 686
Residue to Mutate GLYA687 has residue index 686
Residue to Mutate GLYA687 has residue index 686
Residue to Mutate GLYA715 has residue index 714
Residue to Mutate GLYA715 has residue index 714
Residue to Mutate GLYA715 has residue index 714
Residue to Mutate GLYA715 has residue index 714
Residue to Mutate GLYA715 has residue index 714
Residue to Mutate GLYA715 has residue index 714
Residue to Mutate GLYA717 has residue index 716
Residue to Mutate GLYA717 has residue index 716
Residue to Mutate GLYA717 has residue index 716
Mutating residue = GLYA542 into TRP
Mutating residue = GLYA56 into ALA
Mutating residue = GLYA56 into GLU
Mutating residue = GLYA56 into ARG
Mutating residue = GLYA56 into VAL
Mutating residue = GLYA582 into ALA
Mutating residue = GLYA582 into GLU
Mutating residue = GLYA582 into ARG
Mutating residue = GLYA582 into VAL
Mutating residue = GLYA592 into ALA
Mutating residue = GLYA592 into CYS
Mutating residue = GLYA592 into ASP
Mutating residue = GLYA592 into ARG
Mutating residue = GLYA592 into SER
Mutating residue = GLYA592 into VAL
Mutating residue = GLYA658 into ALA
Mutating residue = GLYA658 into GLU
Mutating residue = GLYA658 into ARG
Mutating residue = GLYA658 into VAL
Mutating residue = GLYA658 into TRP
Mutating residue = GLYA660 into ALA
Mutating residue = GLYA660 into GLU
Mutating residue = GLYA660 into ARG
Mutating residue = GLYA660 into VAL
Mutating residue = GLYA669 into ALA
Mutating residue = GLYA669 into CYS
Mutating residue = GLYA669 into ASP
Mutating residue = GLYA669 into ARG
Mutating residue = GLYA669 into SER
Mutating residue = GLYA669 into VAL
Mutating residue = GLYA676 into ALA
Mutating residue = GLYA676 into GLU
Mutating residue = GLYA676 into ARG
Mutating residue = GLYA676 into VAL
Mutating residue = GLYA676 into TRP
Mutating residue = GLYA687 into ALA
Mutating residue = GLYA687 into CYS
Mutating residue = GLYA687 into ASP
Mutating residue = GLYA687 into ARG
Mutating residue = GLYA687 into SER
Mutating residue = GLYA687 into VAL
Mutating residue = GLYA715 into ALA
Mutating residue = GLYA715 into CYS
Mutating residue = GLYA715 into ASP
Mutating residue = GLYA715 into ARG
Mutating residue = GLYA715 into SER
Mutating residue = GLYA715 into VAL
Mutating residue = GLYA717 into ALA
Mutating residue = GLYA717 into GLU
Mutating residue = GLYA717 into ARG
Your file run OK
End time of FoldX: Sat May  9 16:25:26 2026
Total time spend: 502.78 seconds.
validated file "CAS9_1.pdb" => successfully finished
validated file "CAS9_2.pdb" => successfully finished
validated file "CAS9_3.pdb" => successfully finished
validated file "CAS9_4.pdb" => successfully finished
validated file "CAS9_5.pdb" => successfully finished
validated file "CAS9_6.pdb" => successfully finished
validated file "CAS9_7.pdb" => successfully finished
validated file "CAS9_8.pdb" => successfully finished
validated file "CAS9_9.pdb" => successfully finished
validated file "CAS9_10.pdb" => successfully finished
validated file "CAS9_11.pdb" => successfully finished
validated file "CAS9_12.pdb" => successfully finished
validated file "CAS9_13.pdb" => successfully finished
validated file "CAS9_14.pdb" => successfully finished
validated file "CAS9_15.pdb" => successfully finished
validated file "CAS9_16.pdb" => successfully finished
validated file "CAS9_17.pdb" => successfully finished
validated file "CAS9_18.pdb" => successfully finished
validated file "CAS9_19.pdb" => successfully finished
validated file "CAS9_20.pdb" => successfully finished
validated file "CAS9_21.pdb" => successfully finished
validated file "CAS9_22.pdb" => successfully finished
validated file "CAS9_23.pdb" => successfully finished
validated file "CAS9_24.pdb" => successfully finished
validated file "CAS9_25.pdb" => successfully finished
validated file "CAS9_26.pdb" => successfully finished
validated file "CAS9_27.pdb" => successfully finished
validated file "CAS9_28.pdb" => successfully finished
validated file "CAS9_29.pdb" => successfully finished
validated file "CAS9_30.pdb" => successfully finished
validated file "CAS9_31.pdb" => successfully finished
validated file "CAS9_32.pdb" => successfully finished
validated file "CAS9_33.pdb" => successfully finished
validated file "CAS9_34.pdb" => successfully finished
validated file "CAS9_35.pdb" => successfully finished
validated file "CAS9_36.pdb" => successfully finished
validated file "CAS9_37.pdb" => successfully finished
validated file "CAS9_38.pdb" => successfully finished
validated file "CAS9_39.pdb" => successfully finished
validated file "CAS9_40.pdb" => successfully finished
validated file "CAS9_41.pdb" => successfully finished
validated file "CAS9_42.pdb" => successfully finished
validated file "CAS9_43.pdb" => successfully finished
validated file "CAS9_44.pdb" => successfully finished
validated file "CAS9_45.pdb" => successfully finished
validated file "CAS9_46.pdb" => successfully finished
validated file "CAS9_47.pdb" => successfully finished
validated file "CAS9_48.pdb" => successfully finished
validated file "CAS9_49.pdb" => successfully finished
validated file "CAS9_50.pdb" => successfully finished
Cleaning BuildModel...DONE
任务 49 结果提取成功，已映射突变信息。
