   ********************************************
   ***                                      ***
   ***             FoldX 5.1 (c)            ***
   ***                                      ***
   ***     code by the FoldX Consortium     ***
   ***                                      ***
   ***     Jesper Borg, Frederic Rousseau   ***
   ***    Joost Schymkowitz, Luis Serrano   ***
   ***    Peter Vanhee, Erik Verschueren    ***
   ***     Lies Baeten, Javier Delgado      ***
   ***       and Francois Stricher          ***
   *** and any other of the 9! permutations ***
   ***   based on an original concept by    ***
   ***   Raphael Guerois and Luis Serrano   ***
   ********************************************

1 models read: CAS9.pdb
1 models read: CAS9.pdb

BackHbond       =               -900.22
SideHbond       =               -324.89
Energy_VdW      =               -1515.04
Electro         =               -74.00
Energy_SolvP    =               2150.66
Energy_SolvH    =               -1993.90
Energy_vdwclash =               76.97
energy_torsion  =               14.15
backbone_vdwclash=              997.87
Entropy_sidec   =               814.62
Entropy_mainc   =               2092.14
water bonds     =               0.00
helix dipole    =               -7.70
loop_entropy    =               0.00
cis_bond        =               0.00
disulfide       =               0.00
kn electrostatic=               0.00
partial covalent interactions = 0.00
Energy_Ionisation =             3.43
Entropy Complex =               0.00
-----------------------------------------------------------
Total          = 				  336.23


BackHbond       =               -900.22
SideHbond       =               -324.89
Energy_VdW      =               -1515.04
Electro         =               -74.00
Energy_SolvP    =               2150.66
Energy_SolvH    =               -1993.90
Energy_vdwclash =               76.97
energy_torsion  =               14.15
backbone_vdwclash=              997.87
Entropy_sidec   =               814.62
Entropy_mainc   =               2092.14
water bonds     =               0.00
helix dipole    =               -7.70
loop_entropy    =               0.00
cis_bond        =               0.00
disulfide       =               0.00
kn electrostatic=               0.00
partial covalent interactions = 0.00
Energy_Ionisation =             3.43
Entropy Complex =               0.00
-----------------------------------------------------------
Total          = 				  336.23

Starting BuildModel
Reading AA1293T;
Reading AA1293V;
Reading AA1306D;
Reading AA1306G;
Reading AA1306P;
Reading AA1306S;
Reading AA1306T;
Reading AA1306V;
Reading AA1320E;
Reading AA1320G;
Reading AA1320P;
Reading AA1320S;
Reading AA1320T;
Reading AA1320V;
Reading AA1322E;
Reading AA1322G;
Reading AA1322P;
Reading AA1322S;
Reading AA1322T;
Reading AA1322V;
Reading AA1323D;
Reading AA1323G;
Reading AA1323P;
Reading AA1323S;
Reading AA1323T;
Reading AA1323V;
Reading AA1345D;
Reading AA1345G;
Reading AA1345P;
Reading AA1345S;
Reading AA1345T;
Reading AA1345V;
Reading AA149E;
Reading AA149G;
Reading AA149P;
Reading AA149S;
Reading AA149T;
Reading AA149V;
Reading AA157D;
Reading AA157G;
Reading AA157P;
Reading AA157S;
Reading AA157T;
Reading AA157V;
Reading AA159D;
Reading AA159G;
Reading AA159P;
Reading AA159S;
Reading AA159T;
Reading AA159V;
Residue to Mutate ALAA1293 has residue index 1292
Residue to Mutate ALAA1293 has residue index 1292
Residue to Mutate ALAA1306 has residue index 1305
Residue to Mutate ALAA1306 has residue index 1305
Residue to Mutate ALAA1306 has residue index 1305
Residue to Mutate ALAA1306 has residue index 1305
Residue to Mutate ALAA1306 has residue index 1305
Residue to Mutate ALAA1306 has residue index 1305
Residue to Mutate ALAA1320 has residue index 1319
Residue to Mutate ALAA1320 has residue index 1319
Residue to Mutate ALAA1320 has residue index 1319
Residue to Mutate ALAA1320 has residue index 1319
Residue to Mutate ALAA1320 has residue index 1319
Residue to Mutate ALAA1320 has residue index 1319
Residue to Mutate ALAA1322 has residue index 1321
Residue to Mutate ALAA1322 has residue index 1321
Residue to Mutate ALAA1322 has residue index 1321
Residue to Mutate ALAA1322 has residue index 1321
Residue to Mutate ALAA1322 has residue index 1321
Residue to Mutate ALAA1322 has residue index 1321
Residue to Mutate ALAA1323 has residue index 1322
Residue to Mutate ALAA1323 has residue index 1322
Residue to Mutate ALAA1323 has residue index 1322
Residue to Mutate ALAA1323 has residue index 1322
Residue to Mutate ALAA1323 has residue index 1322
Residue to Mutate ALAA1323 has residue index 1322
Residue to Mutate ALAA1345 has residue index 1344
Residue to Mutate ALAA1345 has residue index 1344
Residue to Mutate ALAA1345 has residue index 1344
Residue to Mutate ALAA1345 has residue index 1344
Residue to Mutate ALAA1345 has residue index 1344
Residue to Mutate ALAA1345 has residue index 1344
Residue to Mutate ALAA149 has residue index 148
Residue to Mutate ALAA149 has residue index 148
Residue to Mutate ALAA149 has residue index 148
Residue to Mutate ALAA149 has residue index 148
Residue to Mutate ALAA149 has residue index 148
Residue to Mutate ALAA149 has residue index 148
Residue to Mutate ALAA157 has residue index 156
Residue to Mutate ALAA157 has residue index 156
Residue to Mutate ALAA157 has residue index 156
Residue to Mutate ALAA157 has residue index 156
Residue to Mutate ALAA157 has residue index 156
Residue to Mutate ALAA157 has residue index 156
Residue to Mutate ALAA159 has residue index 158
Residue to Mutate ALAA159 has residue index 158
Residue to Mutate ALAA159 has residue index 158
Residue to Mutate ALAA159 has residue index 158
Residue to Mutate ALAA159 has residue index 158
Residue to Mutate ALAA159 has residue index 158
Mutating residue = ALAA1293 into THR
Mutating residue = ALAA1293 into VAL
Mutating residue = ALAA1306 into ASP
Mutating residue = ALAA1306 into GLY
Mutating residue = ALAA1306 into PRO
Mutating residue = ALAA1306 into SER
Mutating residue = ALAA1306 into THR
Mutating residue = ALAA1306 into VAL
Mutating residue = ALAA1320 into GLU
Mutating residue = ALAA1320 into GLY
Mutating residue = ALAA1320 into PRO
Mutating residue = ALAA1320 into SER
Mutating residue = ALAA1320 into THR
Mutating residue = ALAA1320 into VAL
Mutating residue = ALAA1322 into GLU
Mutating residue = ALAA1322 into GLY
Mutating residue = ALAA1322 into PRO
Mutating residue = ALAA1322 into SER
Mutating residue = ALAA1322 into THR
Mutating residue = ALAA1322 into VAL
Mutating residue = ALAA1323 into ASP
Mutating residue = ALAA1323 into GLY
Mutating residue = ALAA1323 into PRO
Mutating residue = ALAA1323 into SER
Mutating residue = ALAA1323 into THR
Mutating residue = ALAA1323 into VAL
Mutating residue = ALAA1345 into ASP
Mutating residue = ALAA1345 into GLY
Mutating residue = ALAA1345 into PRO
Mutating residue = ALAA1345 into SER
Mutating residue = ALAA1345 into THR
Mutating residue = ALAA1345 into VAL
Mutating residue = ALAA149 into GLU
Mutating residue = ALAA149 into GLY
Mutating residue = ALAA149 into PRO
Mutating residue = ALAA149 into SER
Mutating residue = ALAA149 into THR
Mutating residue = ALAA149 into VAL
Mutating residue = ALAA157 into ASP
Mutating residue = ALAA157 into GLY
Mutating residue = ALAA157 into PRO
Mutating residue = ALAA157 into SER
Mutating residue = ALAA157 into THR
Mutating residue = ALAA157 into VAL
Mutating residue = ALAA159 into ASP
Mutating residue = ALAA159 into GLY
Mutating residue = ALAA159 into PRO
Mutating residue = ALAA159 into SER
Mutating residue = ALAA159 into THR
Mutating residue = ALAA159 into VAL
Your file run OK
End time of FoldX: Sat May  9 16:18:43 2026
Total time spend: 101.94 seconds.
validated file "CAS9_1.pdb" => successfully finished
validated file "CAS9_2.pdb" => successfully finished
validated file "CAS9_3.pdb" => successfully finished
validated file "CAS9_4.pdb" => successfully finished
validated file "CAS9_5.pdb" => successfully finished
validated file "CAS9_6.pdb" => successfully finished
validated file "CAS9_7.pdb" => successfully finished
validated file "CAS9_8.pdb" => successfully finished
validated file "CAS9_9.pdb" => successfully finished
validated file "CAS9_10.pdb" => successfully finished
validated file "CAS9_11.pdb" => successfully finished
validated file "CAS9_12.pdb" => successfully finished
validated file "CAS9_13.pdb" => successfully finished
validated file "CAS9_14.pdb" => successfully finished
validated file "CAS9_15.pdb" => successfully finished
validated file "CAS9_16.pdb" => successfully finished
validated file "CAS9_17.pdb" => successfully finished
validated file "CAS9_18.pdb" => successfully finished
validated file "CAS9_19.pdb" => successfully finished
validated file "CAS9_20.pdb" => successfully finished
validated file "CAS9_21.pdb" => successfully finished
validated file "CAS9_22.pdb" => successfully finished
validated file "CAS9_23.pdb" => successfully finished
validated file "CAS9_24.pdb" => successfully finished
validated file "CAS9_25.pdb" => successfully finished
validated file "CAS9_26.pdb" => successfully finished
validated file "CAS9_27.pdb" => successfully finished
validated file "CAS9_28.pdb" => successfully finished
validated file "CAS9_29.pdb" => successfully finished
validated file "CAS9_30.pdb" => successfully finished
validated file "CAS9_31.pdb" => successfully finished
validated file "CAS9_32.pdb" => successfully finished
validated file "CAS9_33.pdb" => successfully finished
validated file "CAS9_34.pdb" => successfully finished
validated file "CAS9_35.pdb" => successfully finished
validated file "CAS9_36.pdb" => successfully finished
validated file "CAS9_37.pdb" => successfully finished
validated file "CAS9_38.pdb" => successfully finished
validated file "CAS9_39.pdb" => successfully finished
validated file "CAS9_40.pdb" => successfully finished
validated file "CAS9_41.pdb" => successfully finished
validated file "CAS9_42.pdb" => successfully finished
validated file "CAS9_43.pdb" => successfully finished
validated file "CAS9_44.pdb" => successfully finished
validated file "CAS9_45.pdb" => successfully finished
validated file "CAS9_46.pdb" => successfully finished
validated file "CAS9_47.pdb" => successfully finished
validated file "CAS9_48.pdb" => successfully finished
validated file "CAS9_49.pdb" => successfully finished
validated file "CAS9_50.pdb" => successfully finished
Cleaning BuildModel...DONE
任务 3 结果提取成功，已映射突变信息。
