   ********************************************
   ***                                      ***
   ***             FoldX 5.1 (c)            ***
   ***                                      ***
   ***     code by the FoldX Consortium     ***
   ***                                      ***
   ***     Jesper Borg, Frederic Rousseau   ***
   ***    Joost Schymkowitz, Luis Serrano   ***
   ***    Peter Vanhee, Erik Verschueren    ***
   ***     Lies Baeten, Javier Delgado      ***
   ***       and Francois Stricher          ***
   *** and any other of the 9! permutations ***
   ***   based on an original concept by    ***
   ***   Raphael Guerois and Luis Serrano   ***
   ********************************************

1 models read: CAS9.pdb
1 models read: CAS9.pdb

BackHbond       =               -900.22
SideHbond       =               -324.89
Energy_VdW      =               -1515.04
Electro         =               -74.00
Energy_SolvP    =               2150.66
Energy_SolvH    =               -1993.90
Energy_vdwclash =               76.97
energy_torsion  =               14.15
backbone_vdwclash=              997.87
Entropy_sidec   =               814.62
Entropy_mainc   =               2092.14
water bonds     =               0.00
helix dipole    =               -7.70
loop_entropy    =               0.00
cis_bond        =               0.00
disulfide       =               0.00
kn electrostatic=               0.00
partial covalent interactions = 0.00
Energy_Ionisation =             3.43
Entropy Complex =               0.00
-----------------------------------------------------------
Total          = 				  336.23


BackHbond       =               -900.22
SideHbond       =               -324.89
Energy_VdW      =               -1515.04
Electro         =               -74.00
Energy_SolvP    =               2150.66
Energy_SolvH    =               -1993.90
Energy_vdwclash =               76.97
energy_torsion  =               14.15
backbone_vdwclash=              997.87
Entropy_sidec   =               814.62
Entropy_mainc   =               2092.14
water bonds     =               0.00
helix dipole    =               -7.70
loop_entropy    =               0.00
cis_bond        =               0.00
disulfide       =               0.00
kn electrostatic=               0.00
partial covalent interactions = 0.00
Energy_Ionisation =             3.43
Entropy Complex =               0.00
-----------------------------------------------------------
Total          = 				  336.23

Starting BuildModel
Reading HA595L;
Reading HA595N;
Reading HA595P;
Reading HA595Q;
Reading HA595R;
Reading HA595Y;
Reading HA641D;
Reading HA641L;
Reading HA641N;
Reading HA641P;
Reading HA641Q;
Reading HA641R;
Reading HA641Y;
Reading HA698D;
Reading HA698L;
Reading HA698N;
Reading HA698P;
Reading HA698Q;
Reading HA698R;
Reading HA698Y;
Reading HA721D;
Reading HA721L;
Reading HA721N;
Reading HA721P;
Reading HA721Q;
Reading HA721R;
Reading HA721Y;
Reading HA723D;
Reading HA723L;
Reading HA723N;
Reading HA723P;
Reading HA723Q;
Reading HA723R;
Reading HA723Y;
Reading HA754D;
Reading HA754L;
Reading HA754N;
Reading HA754P;
Reading HA754Q;
Reading HA754R;
Reading HA754Y;
Reading HA799D;
Reading HA799L;
Reading HA799N;
Reading HA799P;
Reading HA799Q;
Reading HA799R;
Reading HA799Y;
Reading HA840D;
Reading HA840L;
Residue to Mutate HISA595 has residue index 594
Residue to Mutate HISA595 has residue index 594
Residue to Mutate HISA595 has residue index 594
Residue to Mutate HISA595 has residue index 594
Residue to Mutate HISA595 has residue index 594
Residue to Mutate HISA595 has residue index 594
Residue to Mutate HISA641 has residue index 640
Residue to Mutate HISA641 has residue index 640
Residue to Mutate HISA641 has residue index 640
Residue to Mutate HISA641 has residue index 640
Residue to Mutate HISA641 has residue index 640
Residue to Mutate HISA641 has residue index 640
Residue to Mutate HISA641 has residue index 640
Residue to Mutate HISA698 has residue index 697
Residue to Mutate HISA698 has residue index 697
Residue to Mutate HISA698 has residue index 697
Residue to Mutate HISA698 has residue index 697
Residue to Mutate HISA698 has residue index 697
Residue to Mutate HISA698 has residue index 697
Residue to Mutate HISA698 has residue index 697
Residue to Mutate HISA721 has residue index 720
Residue to Mutate HISA721 has residue index 720
Residue to Mutate HISA721 has residue index 720
Residue to Mutate HISA721 has residue index 720
Residue to Mutate HISA721 has residue index 720
Residue to Mutate HISA721 has residue index 720
Residue to Mutate HISA721 has residue index 720
Residue to Mutate HISA723 has residue index 722
Residue to Mutate HISA723 has residue index 722
Residue to Mutate HISA723 has residue index 722
Residue to Mutate HISA723 has residue index 722
Residue to Mutate HISA723 has residue index 722
Residue to Mutate HISA723 has residue index 722
Residue to Mutate HISA723 has residue index 722
Residue to Mutate HISA754 has residue index 753
Residue to Mutate HISA754 has residue index 753
Residue to Mutate HISA754 has residue index 753
Residue to Mutate HISA754 has residue index 753
Residue to Mutate HISA754 has residue index 753
Residue to Mutate HISA754 has residue index 753
Residue to Mutate HISA754 has residue index 753
Residue to Mutate HISA799 has residue index 798
Residue to Mutate HISA799 has residue index 798
Residue to Mutate HISA799 has residue index 798
Residue to Mutate HISA799 has residue index 798
Residue to Mutate HISA799 has residue index 798
Residue to Mutate HISA799 has residue index 798
Residue to Mutate HISA799 has residue index 798
Residue to Mutate HISA840 has residue index 839
Residue to Mutate HISA840 has residue index 839
Mutating residue = H2SA595 into LEU
Mutating residue = H2SA595 into ASN
Mutating residue = H2SA595 into PRO
Mutating residue = H2SA595 into GLN
Mutating residue = H2SA595 into ARG
Mutating residue = H2SA595 into TYR
Mutating residue = H2SA641 into ASP
Mutating residue = H2SA641 into LEU
Mutating residue = H2SA641 into ASN
Mutating residue = H2SA641 into PRO
Mutating residue = H2SA641 into GLN
Mutating residue = H2SA641 into ARG
Mutating residue = H2SA641 into TYR
Mutating residue = HISA698 into ASP
Mutating residue = HISA698 into LEU
Mutating residue = HISA698 into ASN
Mutating residue = HISA698 into PRO
Mutating residue = HISA698 into GLN
Mutating residue = HISA698 into ARG
Mutating residue = HISA698 into TYR
Mutating residue = H1SA721 into ASP
Mutating residue = H1SA721 into LEU
Mutating residue = H1SA721 into ASN
Mutating residue = H1SA721 into PRO
Mutating residue = H1SA721 into GLN
Mutating residue = H1SA721 into ARG
Mutating residue = H1SA721 into TYR
Mutating residue = H2SA723 into ASP
Mutating residue = H2SA723 into LEU
Mutating residue = H2SA723 into ASN
Mutating residue = H2SA723 into PRO
Mutating residue = H2SA723 into GLN
Mutating residue = H2SA723 into ARG
Mutating residue = H2SA723 into TYR
Mutating residue = H1SA754 into ASP
Mutating residue = H1SA754 into LEU
Mutating residue = H1SA754 into ASN
Mutating residue = H1SA754 into PRO
Mutating residue = H1SA754 into GLN
Mutating residue = H1SA754 into ARG
Mutating residue = H1SA754 into TYR
Mutating residue = H1SA799 into ASP
Mutating residue = H1SA799 into LEU
Mutating residue = H1SA799 into ASN
Mutating residue = H1SA799 into PRO
Mutating residue = H1SA799 into GLN
Mutating residue = H1SA799 into ARG
Mutating residue = H1SA799 into TYR
Mutating residue = H2SA840 into ASP
Mutating residue = H2SA840 into LEU
Your file run OK
End time of FoldX: Sat May  9 16:28:41 2026
Total time spend: 697.89 seconds.
validated file "CAS9_1.pdb" => successfully finished
validated file "CAS9_2.pdb" => successfully finished
validated file "CAS9_3.pdb" => successfully finished
validated file "CAS9_4.pdb" => successfully finished
validated file "CAS9_5.pdb" => successfully finished
validated file "CAS9_6.pdb" => successfully finished
validated file "CAS9_7.pdb" => successfully finished
validated file "CAS9_8.pdb" => successfully finished
validated file "CAS9_9.pdb" => successfully finished
validated file "CAS9_10.pdb" => successfully finished
validated file "CAS9_11.pdb" => successfully finished
validated file "CAS9_12.pdb" => successfully finished
validated file "CAS9_13.pdb" => successfully finished
validated file "CAS9_14.pdb" => successfully finished
validated file "CAS9_15.pdb" => successfully finished
validated file "CAS9_16.pdb" => successfully finished
validated file "CAS9_17.pdb" => successfully finished
validated file "CAS9_18.pdb" => successfully finished
validated file "CAS9_19.pdb" => successfully finished
validated file "CAS9_20.pdb" => successfully finished
validated file "CAS9_21.pdb" => successfully finished
validated file "CAS9_22.pdb" => successfully finished
validated file "CAS9_23.pdb" => successfully finished
validated file "CAS9_24.pdb" => successfully finished
validated file "CAS9_25.pdb" => successfully finished
validated file "CAS9_26.pdb" => successfully finished
validated file "CAS9_27.pdb" => successfully finished
validated file "CAS9_28.pdb" => successfully finished
validated file "CAS9_29.pdb" => successfully finished
validated file "CAS9_30.pdb" => successfully finished
validated file "CAS9_31.pdb" => successfully finished
validated file "CAS9_32.pdb" => successfully finished
validated file "CAS9_33.pdb" => successfully finished
validated file "CAS9_34.pdb" => successfully finished
validated file "CAS9_35.pdb" => successfully finished
validated file "CAS9_36.pdb" => successfully finished
validated file "CAS9_37.pdb" => successfully finished
validated file "CAS9_38.pdb" => successfully finished
validated file "CAS9_39.pdb" => successfully finished
validated file "CAS9_40.pdb" => successfully finished
validated file "CAS9_41.pdb" => successfully finished
validated file "CAS9_42.pdb" => successfully finished
validated file "CAS9_43.pdb" => successfully finished
validated file "CAS9_44.pdb" => successfully finished
validated file "CAS9_45.pdb" => successfully finished
validated file "CAS9_46.pdb" => successfully finished
validated file "CAS9_47.pdb" => successfully finished
validated file "CAS9_48.pdb" => successfully finished
validated file "CAS9_49.pdb" => successfully finished
validated file "CAS9_50.pdb" => successfully finished
Cleaning BuildModel...DONE
任务 54 结果提取成功，已映射突变信息。
