   ********************************************
   ***                                      ***
   ***             FoldX 5.1 (c)            ***
   ***                                      ***
   ***     code by the FoldX Consortium     ***
   ***                                      ***
   ***     Jesper Borg, Frederic Rousseau   ***
   ***    Joost Schymkowitz, Luis Serrano   ***
   ***    Peter Vanhee, Erik Verschueren    ***
   ***     Lies Baeten, Javier Delgado      ***
   ***       and Francois Stricher          ***
   *** and any other of the 9! permutations ***
   ***   based on an original concept by    ***
   ***   Raphael Guerois and Luis Serrano   ***
   ********************************************

1 models read: CAS9.pdb
1 models read: CAS9.pdb

BackHbond       =               -900.22
SideHbond       =               -324.89
Energy_VdW      =               -1515.04
Electro         =               -74.00
Energy_SolvP    =               2150.66
Energy_SolvH    =               -1993.90
Energy_vdwclash =               76.97
energy_torsion  =               14.15
backbone_vdwclash=              997.87
Entropy_sidec   =               814.62
Entropy_mainc   =               2092.14
water bonds     =               0.00
helix dipole    =               -7.70
loop_entropy    =               0.00
cis_bond        =               0.00
disulfide       =               0.00
kn electrostatic=               0.00
partial covalent interactions = 0.00
Energy_Ionisation =             3.43
Entropy Complex =               0.00
-----------------------------------------------------------
Total          = 				  336.23


BackHbond       =               -900.22
SideHbond       =               -324.89
Energy_VdW      =               -1515.04
Electro         =               -74.00
Energy_SolvP    =               2150.66
Energy_SolvH    =               -1993.90
Energy_vdwclash =               76.97
energy_torsion  =               14.15
backbone_vdwclash=              997.87
Entropy_sidec   =               814.62
Entropy_mainc   =               2092.14
water bonds     =               0.00
helix dipole    =               -7.70
loop_entropy    =               0.00
cis_bond        =               0.00
disulfide       =               0.00
kn electrostatic=               0.00
partial covalent interactions = 0.00
Energy_Ionisation =             3.43
Entropy Complex =               0.00
-----------------------------------------------------------
Total          = 				  336.23

Starting BuildModel
Reading VA876G;
Reading VA876I;
Reading VA876L;
Reading VA922A;
Reading VA922E;
Reading VA922G;
Reading VA922L;
Reading VA922M;
Reading VA931A;
Reading VA931D;
Reading VA931F;
Reading VA931G;
Reading VA931I;
Reading VA931L;
Reading VA93A;
Reading VA93E;
Reading VA93G;
Reading VA93L;
Reading VA93M;
Reading VA953A;
Reading VA953E;
Reading VA953G;
Reading VA953L;
Reading VA953M;
Reading VA955A;
Reading VA955D;
Reading VA955F;
Reading VA955G;
Reading VA955I;
Reading VA955L;
Reading VA963A;
Reading VA963E;
Reading VA963G;
Reading VA963L;
Reading VA963M;
Reading VA975A;
Reading VA975D;
Reading VA975F;
Reading VA975G;
Reading VA975I;
Reading VA975L;
Reading VA992A;
Reading VA992E;
Reading VA992G;
Reading VA992L;
Reading VA992M;
Reading VA993A;
Reading VA993D;
Reading VA993F;
Reading VA993G;
Residue to Mutate VALA876 has residue index 875
Residue to Mutate VALA876 has residue index 875
Residue to Mutate VALA876 has residue index 875
Residue to Mutate VALA922 has residue index 921
Residue to Mutate VALA922 has residue index 921
Residue to Mutate VALA922 has residue index 921
Residue to Mutate VALA922 has residue index 921
Residue to Mutate VALA922 has residue index 921
Residue to Mutate VALA931 has residue index 930
Residue to Mutate VALA931 has residue index 930
Residue to Mutate VALA931 has residue index 930
Residue to Mutate VALA931 has residue index 930
Residue to Mutate VALA931 has residue index 930
Residue to Mutate VALA931 has residue index 930
Residue to Mutate VALA93 has residue index 92
Residue to Mutate VALA93 has residue index 92
Residue to Mutate VALA93 has residue index 92
Residue to Mutate VALA93 has residue index 92
Residue to Mutate VALA93 has residue index 92
Residue to Mutate VALA953 has residue index 952
Residue to Mutate VALA953 has residue index 952
Residue to Mutate VALA953 has residue index 952
Residue to Mutate VALA953 has residue index 952
Residue to Mutate VALA953 has residue index 952
Residue to Mutate VALA955 has residue index 954
Residue to Mutate VALA955 has residue index 954
Residue to Mutate VALA955 has residue index 954
Residue to Mutate VALA955 has residue index 954
Residue to Mutate VALA955 has residue index 954
Residue to Mutate VALA955 has residue index 954
Residue to Mutate VALA963 has residue index 962
Residue to Mutate VALA963 has residue index 962
Residue to Mutate VALA963 has residue index 962
Residue to Mutate VALA963 has residue index 962
Residue to Mutate VALA963 has residue index 962
Residue to Mutate VALA975 has residue index 974
Residue to Mutate VALA975 has residue index 974
Residue to Mutate VALA975 has residue index 974
Residue to Mutate VALA975 has residue index 974
Residue to Mutate VALA975 has residue index 974
Residue to Mutate VALA975 has residue index 974
Residue to Mutate VALA992 has residue index 991
Residue to Mutate VALA992 has residue index 991
Residue to Mutate VALA992 has residue index 991
Residue to Mutate VALA992 has residue index 991
Residue to Mutate VALA992 has residue index 991
Residue to Mutate VALA993 has residue index 992
Residue to Mutate VALA993 has residue index 992
Residue to Mutate VALA993 has residue index 992
Residue to Mutate VALA993 has residue index 992
Mutating residue = VALA876 into GLY
Mutating residue = VALA876 into ILE
Mutating residue = VALA876 into LEU
Mutating residue = VALA922 into ALA
Mutating residue = VALA922 into GLU
Mutating residue = VALA922 into GLY
Mutating residue = VALA922 into LEU
Mutating residue = VALA922 into MET
Mutating residue = VALA931 into ALA
Mutating residue = VALA931 into ASP
Mutating residue = VALA931 into PHE
Mutating residue = VALA931 into GLY
Mutating residue = VALA931 into ILE
Mutating residue = VALA931 into LEU
Mutating residue = VALA93 into ALA
Mutating residue = VALA93 into GLU
Mutating residue = VALA93 into GLY
Mutating residue = VALA93 into LEU
Mutating residue = VALA93 into MET
Mutating residue = VALA953 into ALA
Mutating residue = VALA953 into GLU
Mutating residue = VALA953 into GLY
Mutating residue = VALA953 into LEU
Mutating residue = VALA953 into MET
Mutating residue = VALA955 into ALA
Mutating residue = VALA955 into ASP
Mutating residue = VALA955 into PHE
Mutating residue = VALA955 into GLY
Mutating residue = VALA955 into ILE
Mutating residue = VALA955 into LEU
Mutating residue = VALA963 into ALA
Mutating residue = VALA963 into GLU
Mutating residue = VALA963 into GLY
Mutating residue = VALA963 into LEU
Mutating residue = VALA963 into MET
Mutating residue = VALA975 into ALA
Mutating residue = VALA975 into ASP
Mutating residue = VALA975 into PHE
Mutating residue = VALA975 into GLY
Mutating residue = VALA975 into ILE
Mutating residue = VALA975 into LEU
Mutating residue = VALA992 into ALA
Mutating residue = VALA992 into GLU
Mutating residue = VALA992 into GLY
Mutating residue = VALA992 into LEU
Mutating residue = VALA992 into MET
Mutating residue = VALA993 into ALA
Mutating residue = VALA993 into ASP
Mutating residue = VALA993 into PHE
Mutating residue = VALA993 into GLY
Your file run OK
End time of FoldX: Sat May  9 16:21:50 2026
Total time spend: 281.30 seconds.
validated file "CAS9_1.pdb" => successfully finished
validated file "CAS9_2.pdb" => successfully finished
validated file "CAS9_3.pdb" => successfully finished
validated file "CAS9_4.pdb" => successfully finished
validated file "CAS9_5.pdb" => successfully finished
validated file "CAS9_6.pdb" => successfully finished
validated file "CAS9_7.pdb" => successfully finished
validated file "CAS9_8.pdb" => successfully finished
validated file "CAS9_9.pdb" => successfully finished
validated file "CAS9_10.pdb" => successfully finished
validated file "CAS9_11.pdb" => successfully finished
validated file "CAS9_12.pdb" => successfully finished
validated file "CAS9_13.pdb" => successfully finished
validated file "CAS9_14.pdb" => successfully finished
validated file "CAS9_15.pdb" => successfully finished
validated file "CAS9_16.pdb" => successfully finished
validated file "CAS9_17.pdb" => successfully finished
validated file "CAS9_18.pdb" => successfully finished
validated file "CAS9_19.pdb" => successfully finished
validated file "CAS9_20.pdb" => successfully finished
validated file "CAS9_21.pdb" => successfully finished
validated file "CAS9_22.pdb" => successfully finished
validated file "CAS9_23.pdb" => successfully finished
validated file "CAS9_24.pdb" => successfully finished
validated file "CAS9_25.pdb" => successfully finished
validated file "CAS9_26.pdb" => successfully finished
validated file "CAS9_27.pdb" => successfully finished
validated file "CAS9_28.pdb" => successfully finished
validated file "CAS9_29.pdb" => successfully finished
validated file "CAS9_30.pdb" => successfully finished
validated file "CAS9_31.pdb" => successfully finished
validated file "CAS9_32.pdb" => successfully finished
validated file "CAS9_33.pdb" => successfully finished
validated file "CAS9_34.pdb" => successfully finished
validated file "CAS9_35.pdb" => successfully finished
validated file "CAS9_36.pdb" => successfully finished
validated file "CAS9_37.pdb" => successfully finished
validated file "CAS9_38.pdb" => successfully finished
validated file "CAS9_39.pdb" => successfully finished
validated file "CAS9_40.pdb" => successfully finished
validated file "CAS9_41.pdb" => successfully finished
validated file "CAS9_42.pdb" => successfully finished
validated file "CAS9_43.pdb" => successfully finished
validated file "CAS9_44.pdb" => successfully finished
validated file "CAS9_45.pdb" => successfully finished
validated file "CAS9_46.pdb" => successfully finished
validated file "CAS9_47.pdb" => successfully finished
validated file "CAS9_48.pdb" => successfully finished
validated file "CAS9_49.pdb" => successfully finished
validated file "CAS9_50.pdb" => successfully finished
Cleaning BuildModel...DONE
任务 155 结果提取成功，已映射突变信息。
