   ********************************************
   ***                                      ***
   ***             FoldX 5.1 (c)            ***
   ***                                      ***
   ***     code by the FoldX Consortium     ***
   ***                                      ***
   ***     Jesper Borg, Frederic Rousseau   ***
   ***    Joost Schymkowitz, Luis Serrano   ***
   ***    Peter Vanhee, Erik Verschueren    ***
   ***     Lies Baeten, Javier Delgado      ***
   ***       and Francois Stricher          ***
   *** and any other of the 9! permutations ***
   ***   based on an original concept by    ***
   ***   Raphael Guerois and Luis Serrano   ***
   ********************************************

1 models read: CAS9.pdb
1 models read: CAS9.pdb

BackHbond       =               -900.22
SideHbond       =               -324.89
Energy_VdW      =               -1515.04
Electro         =               -74.00
Energy_SolvP    =               2150.66
Energy_SolvH    =               -1993.90
Energy_vdwclash =               76.97
energy_torsion  =               14.15
backbone_vdwclash=              997.87
Entropy_sidec   =               814.62
Entropy_mainc   =               2092.14
water bonds     =               0.00
helix dipole    =               -7.70
loop_entropy    =               0.00
cis_bond        =               0.00
disulfide       =               0.00
kn electrostatic=               0.00
partial covalent interactions = 0.00
Energy_Ionisation =             3.43
Entropy Complex =               0.00
-----------------------------------------------------------
Total          = 				  336.23


BackHbond       =               -900.22
SideHbond       =               -324.89
Energy_VdW      =               -1515.04
Electro         =               -74.00
Energy_SolvP    =               2150.66
Energy_SolvH    =               -1993.90
Energy_vdwclash =               76.97
energy_torsion  =               14.15
backbone_vdwclash=              997.87
Entropy_sidec   =               814.62
Entropy_mainc   =               2092.14
water bonds     =               0.00
helix dipole    =               -7.70
loop_entropy    =               0.00
cis_bond        =               0.00
disulfide       =               0.00
kn electrostatic=               0.00
partial covalent interactions = 0.00
Energy_Ionisation =             3.43
Entropy Complex =               0.00
-----------------------------------------------------------
Total          = 				  336.23

Starting BuildModel
Reading KA742M;
Reading KA742N;
Reading KA742Q;
Reading KA742R;
Reading KA742T;
Reading KA749E;
Reading KA749I;
Reading KA749N;
Reading KA749Q;
Reading KA749R;
Reading KA749T;
Reading KA755E;
Reading KA755M;
Reading KA755N;
Reading KA755Q;
Reading KA755R;
Reading KA755T;
Reading KA76E;
Reading KA76M;
Reading KA76N;
Reading KA76Q;
Reading KA76R;
Reading KA76T;
Reading KA772E;
Reading KA772I;
Reading KA772N;
Reading KA772Q;
Reading KA772R;
Reading KA772T;
Reading KA775E;
Reading KA775M;
Reading KA775N;
Reading KA775Q;
Reading KA775R;
Reading KA775T;
Reading KA782E;
Reading KA782I;
Reading KA782N;
Reading KA782Q;
Reading KA782R;
Reading KA782T;
Reading KA789E;
Reading KA789M;
Reading KA789N;
Reading KA789Q;
Reading KA789R;
Reading KA789T;
Reading KA797E;
Reading KA797I;
Reading KA797N;
Residue to Mutate LYSA742 has residue index 741
Residue to Mutate LYSA742 has residue index 741
Residue to Mutate LYSA742 has residue index 741
Residue to Mutate LYSA742 has residue index 741
Residue to Mutate LYSA742 has residue index 741
Residue to Mutate LYSA749 has residue index 748
Residue to Mutate LYSA749 has residue index 748
Residue to Mutate LYSA749 has residue index 748
Residue to Mutate LYSA749 has residue index 748
Residue to Mutate LYSA749 has residue index 748
Residue to Mutate LYSA749 has residue index 748
Residue to Mutate LYSA755 has residue index 754
Residue to Mutate LYSA755 has residue index 754
Residue to Mutate LYSA755 has residue index 754
Residue to Mutate LYSA755 has residue index 754
Residue to Mutate LYSA755 has residue index 754
Residue to Mutate LYSA755 has residue index 754
Residue to Mutate LYSA76 has residue index 75
Residue to Mutate LYSA76 has residue index 75
Residue to Mutate LYSA76 has residue index 75
Residue to Mutate LYSA76 has residue index 75
Residue to Mutate LYSA76 has residue index 75
Residue to Mutate LYSA76 has residue index 75
Residue to Mutate LYSA772 has residue index 771
Residue to Mutate LYSA772 has residue index 771
Residue to Mutate LYSA772 has residue index 771
Residue to Mutate LYSA772 has residue index 771
Residue to Mutate LYSA772 has residue index 771
Residue to Mutate LYSA772 has residue index 771
Residue to Mutate LYSA775 has residue index 774
Residue to Mutate LYSA775 has residue index 774
Residue to Mutate LYSA775 has residue index 774
Residue to Mutate LYSA775 has residue index 774
Residue to Mutate LYSA775 has residue index 774
Residue to Mutate LYSA775 has residue index 774
Residue to Mutate LYSA782 has residue index 781
Residue to Mutate LYSA782 has residue index 781
Residue to Mutate LYSA782 has residue index 781
Residue to Mutate LYSA782 has residue index 781
Residue to Mutate LYSA782 has residue index 781
Residue to Mutate LYSA782 has residue index 781
Residue to Mutate LYSA789 has residue index 788
Residue to Mutate LYSA789 has residue index 788
Residue to Mutate LYSA789 has residue index 788
Residue to Mutate LYSA789 has residue index 788
Residue to Mutate LYSA789 has residue index 788
Residue to Mutate LYSA789 has residue index 788
Residue to Mutate LYSA797 has residue index 796
Residue to Mutate LYSA797 has residue index 796
Residue to Mutate LYSA797 has residue index 796
Mutating residue = LYSA742 into MET
Mutating residue = LYSA742 into ASN
Mutating residue = LYSA742 into GLN
Mutating residue = LYSA742 into ARG
Mutating residue = LYSA742 into THR
Mutating residue = LYSA749 into GLU
Mutating residue = LYSA749 into ILE
Mutating residue = LYSA749 into ASN
Mutating residue = LYSA749 into GLN
Mutating residue = LYSA749 into ARG
Mutating residue = LYSA749 into THR
Mutating residue = LYSA755 into GLU
Mutating residue = LYSA755 into MET
Mutating residue = LYSA755 into ASN
Mutating residue = LYSA755 into GLN
Mutating residue = LYSA755 into ARG
Mutating residue = LYSA755 into THR
Mutating residue = LYSA76 into GLU
Mutating residue = LYSA76 into MET
Mutating residue = LYSA76 into ASN
Mutating residue = LYSA76 into GLN
Mutating residue = LYSA76 into ARG
Mutating residue = LYSA76 into THR
Mutating residue = LYSA772 into GLU
Mutating residue = LYSA772 into ILE
Mutating residue = LYSA772 into ASN
Mutating residue = LYSA772 into GLN
Mutating residue = LYSA772 into ARG
Mutating residue = LYSA772 into THR
Mutating residue = LYSA775 into GLU
Mutating residue = LYSA775 into MET
Mutating residue = LYSA775 into ASN
Mutating residue = LYSA775 into GLN
Mutating residue = LYSA775 into ARG
Mutating residue = LYSA775 into THR
Mutating residue = LYSA782 into GLU
Mutating residue = LYSA782 into ILE
Mutating residue = LYSA782 into ASN
Mutating residue = LYSA782 into GLN
Mutating residue = LYSA782 into ARG
Mutating residue = LYSA782 into THR
Mutating residue = LYSA789 into GLU
Mutating residue = LYSA789 into MET
Mutating residue = LYSA789 into ASN
Mutating residue = LYSA789 into GLN
Mutating residue = LYSA789 into ARG
Mutating residue = LYSA789 into THR
Mutating residue = LYSA797 into GLU
Mutating residue = LYSA797 into ILE
Mutating residue = LYSA797 into ASN
Your file run OK
End time of FoldX: Sat May  9 16:42:17 2026
Total time spend: 1511.59 seconds.
validated file "CAS9_1.pdb" => successfully finished
validated file "CAS9_2.pdb" => successfully finished
validated file "CAS9_3.pdb" => successfully finished
validated file "CAS9_4.pdb" => successfully finished
validated file "CAS9_5.pdb" => successfully finished
validated file "CAS9_6.pdb" => successfully finished
validated file "CAS9_7.pdb" => successfully finished
validated file "CAS9_8.pdb" => successfully finished
validated file "CAS9_9.pdb" => successfully finished
validated file "CAS9_10.pdb" => successfully finished
validated file "CAS9_11.pdb" => successfully finished
validated file "CAS9_12.pdb" => successfully finished
validated file "CAS9_13.pdb" => successfully finished
validated file "CAS9_14.pdb" => successfully finished
validated file "CAS9_15.pdb" => successfully finished
validated file "CAS9_16.pdb" => successfully finished
validated file "CAS9_17.pdb" => successfully finished
validated file "CAS9_18.pdb" => successfully finished
validated file "CAS9_19.pdb" => successfully finished
validated file "CAS9_20.pdb" => successfully finished
validated file "CAS9_21.pdb" => successfully finished
validated file "CAS9_22.pdb" => successfully finished
validated file "CAS9_23.pdb" => successfully finished
validated file "CAS9_24.pdb" => successfully finished
validated file "CAS9_25.pdb" => successfully finished
validated file "CAS9_26.pdb" => successfully finished
validated file "CAS9_27.pdb" => successfully finished
validated file "CAS9_28.pdb" => successfully finished
validated file "CAS9_29.pdb" => successfully finished
validated file "CAS9_30.pdb" => successfully finished
validated file "CAS9_31.pdb" => successfully finished
validated file "CAS9_32.pdb" => successfully finished
validated file "CAS9_33.pdb" => successfully finished
validated file "CAS9_34.pdb" => successfully finished
validated file "CAS9_35.pdb" => successfully finished
validated file "CAS9_36.pdb" => successfully finished
validated file "CAS9_37.pdb" => successfully finished
validated file "CAS9_38.pdb" => successfully finished
validated file "CAS9_39.pdb" => successfully finished
validated file "CAS9_40.pdb" => successfully finished
validated file "CAS9_41.pdb" => successfully finished
validated file "CAS9_42.pdb" => successfully finished
validated file "CAS9_43.pdb" => successfully finished
validated file "CAS9_44.pdb" => successfully finished
validated file "CAS9_45.pdb" => successfully finished
validated file "CAS9_46.pdb" => successfully finished
validated file "CAS9_47.pdb" => successfully finished
validated file "CAS9_48.pdb" => successfully finished
validated file "CAS9_49.pdb" => successfully finished
validated file "CAS9_50.pdb" => successfully finished
Cleaning BuildModel...DONE
任务 83 结果提取成功，已映射突变信息。
