   ********************************************
   ***                                      ***
   ***             FoldX 5.1 (c)            ***
   ***                                      ***
   ***     code by the FoldX Consortium     ***
   ***                                      ***
   ***     Jesper Borg, Frederic Rousseau   ***
   ***    Joost Schymkowitz, Luis Serrano   ***
   ***    Peter Vanhee, Erik Verschueren    ***
   ***     Lies Baeten, Javier Delgado      ***
   ***       and Francois Stricher          ***
   *** and any other of the 9! permutations ***
   ***   based on an original concept by    ***
   ***   Raphael Guerois and Luis Serrano   ***
   ********************************************

1 models read: CAS9.pdb
1 models read: CAS9.pdb

BackHbond       =               -900.22
SideHbond       =               -324.89
Energy_VdW      =               -1515.04
Electro         =               -74.00
Energy_SolvP    =               2150.66
Energy_SolvH    =               -1993.90
Energy_vdwclash =               76.97
energy_torsion  =               14.15
backbone_vdwclash=              997.87
Entropy_sidec   =               814.62
Entropy_mainc   =               2092.14
water bonds     =               0.00
helix dipole    =               -7.70
loop_entropy    =               0.00
cis_bond        =               0.00
disulfide       =               0.00
kn electrostatic=               0.00
partial covalent interactions = 0.00
Energy_Ionisation =             3.43
Entropy Complex =               0.00
-----------------------------------------------------------
Total          = 				  336.23


BackHbond       =               -900.22
SideHbond       =               -324.89
Energy_VdW      =               -1515.04
Electro         =               -74.00
Energy_SolvP    =               2150.66
Energy_SolvH    =               -1993.90
Energy_vdwclash =               76.97
energy_torsion  =               14.15
backbone_vdwclash=              997.87
Entropy_sidec   =               814.62
Entropy_mainc   =               2092.14
water bonds     =               0.00
helix dipole    =               -7.70
loop_entropy    =               0.00
cis_bond        =               0.00
disulfide       =               0.00
kn electrostatic=               0.00
partial covalent interactions = 0.00
Energy_Ionisation =             3.43
Entropy Complex =               0.00
-----------------------------------------------------------
Total          = 				  336.23

Starting BuildModel
Reading FA972Y;
Reading FA97C;
Reading FA97I;
Reading FA97L;
Reading FA97S;
Reading FA97V;
Reading FA97Y;
Reading FA98C;
Reading FA98I;
Reading FA98L;
Reading FA98S;
Reading FA98V;
Reading FA98Y;
Reading GA1011A;
Reading GA1011C;
Reading GA1011D;
Reading GA1011R;
Reading GA1011S;
Reading GA1011V;
Reading GA1030A;
Reading GA1030C;
Reading GA1030D;
Reading GA1030R;
Reading GA1030S;
Reading GA1030V;
Reading GA1055A;
Reading GA1055C;
Reading GA1055D;
Reading GA1055R;
Reading GA1055S;
Reading GA1055V;
Reading GA1067A;
Reading GA1067C;
Reading GA1067D;
Reading GA1067R;
Reading GA1067S;
Reading GA1067V;
Reading GA1070A;
Reading GA1070E;
Reading GA1070R;
Reading GA1070V;
Reading GA1070W;
Reading GA1077A;
Reading GA1077E;
Reading GA1077R;
Reading GA1077V;
Reading GA1077W;
Reading GA1103A;
Reading GA1103E;
Reading GA1103R;
Residue to Mutate PHEA972 has residue index 971
Residue to Mutate PHEA97 has residue index 96
Residue to Mutate PHEA97 has residue index 96
Residue to Mutate PHEA97 has residue index 96
Residue to Mutate PHEA97 has residue index 96
Residue to Mutate PHEA97 has residue index 96
Residue to Mutate PHEA97 has residue index 96
Residue to Mutate PHEA98 has residue index 97
Residue to Mutate PHEA98 has residue index 97
Residue to Mutate PHEA98 has residue index 97
Residue to Mutate PHEA98 has residue index 97
Residue to Mutate PHEA98 has residue index 97
Residue to Mutate PHEA98 has residue index 97
Residue to Mutate GLYA1011 has residue index 1010
Residue to Mutate GLYA1011 has residue index 1010
Residue to Mutate GLYA1011 has residue index 1010
Residue to Mutate GLYA1011 has residue index 1010
Residue to Mutate GLYA1011 has residue index 1010
Residue to Mutate GLYA1011 has residue index 1010
Residue to Mutate GLYA1030 has residue index 1029
Residue to Mutate GLYA1030 has residue index 1029
Residue to Mutate GLYA1030 has residue index 1029
Residue to Mutate GLYA1030 has residue index 1029
Residue to Mutate GLYA1030 has residue index 1029
Residue to Mutate GLYA1030 has residue index 1029
Residue to Mutate GLYA1055 has residue index 1054
Residue to Mutate GLYA1055 has residue index 1054
Residue to Mutate GLYA1055 has residue index 1054
Residue to Mutate GLYA1055 has residue index 1054
Residue to Mutate GLYA1055 has residue index 1054
Residue to Mutate GLYA1055 has residue index 1054
Residue to Mutate GLYA1067 has residue index 1066
Residue to Mutate GLYA1067 has residue index 1066
Residue to Mutate GLYA1067 has residue index 1066
Residue to Mutate GLYA1067 has residue index 1066
Residue to Mutate GLYA1067 has residue index 1066
Residue to Mutate GLYA1067 has residue index 1066
Residue to Mutate GLYA1070 has residue index 1069
Residue to Mutate GLYA1070 has residue index 1069
Residue to Mutate GLYA1070 has residue index 1069
Residue to Mutate GLYA1070 has residue index 1069
Residue to Mutate GLYA1070 has residue index 1069
Residue to Mutate GLYA1077 has residue index 1076
Residue to Mutate GLYA1077 has residue index 1076
Residue to Mutate GLYA1077 has residue index 1076
Residue to Mutate GLYA1077 has residue index 1076
Residue to Mutate GLYA1077 has residue index 1076
Residue to Mutate GLYA1103 has residue index 1102
Residue to Mutate GLYA1103 has residue index 1102
Residue to Mutate GLYA1103 has residue index 1102
Mutating residue = PHEA972 into TYR
Mutating residue = PHEA97 into CYS
Mutating residue = PHEA97 into ILE
Mutating residue = PHEA97 into LEU
Mutating residue = PHEA97 into SER
Mutating residue = PHEA97 into VAL
Mutating residue = PHEA97 into TYR
Mutating residue = PHEA98 into CYS
Mutating residue = PHEA98 into ILE
Mutating residue = PHEA98 into LEU
Mutating residue = PHEA98 into SER
Mutating residue = PHEA98 into VAL
Mutating residue = PHEA98 into TYR
Mutating residue = GLYA1011 into ALA
Mutating residue = GLYA1011 into CYS
Mutating residue = GLYA1011 into ASP
Mutating residue = GLYA1011 into ARG
Mutating residue = GLYA1011 into SER
Mutating residue = GLYA1011 into VAL
Mutating residue = GLYA1030 into ALA
Mutating residue = GLYA1030 into CYS
Mutating residue = GLYA1030 into ASP
Mutating residue = GLYA1030 into ARG
Mutating residue = GLYA1030 into SER
Mutating residue = GLYA1030 into VAL
Mutating residue = GLYA1055 into ALA
Mutating residue = GLYA1055 into CYS
Mutating residue = GLYA1055 into ASP
Mutating residue = GLYA1055 into ARG
Mutating residue = GLYA1055 into SER
Mutating residue = GLYA1055 into VAL
Mutating residue = GLYA1067 into ALA
Mutating residue = GLYA1067 into CYS
Mutating residue = GLYA1067 into ASP
Mutating residue = GLYA1067 into ARG
Mutating residue = GLYA1067 into SER
Mutating residue = GLYA1067 into VAL
Mutating residue = GLYA1070 into ALA
Mutating residue = GLYA1070 into GLU
Mutating residue = GLYA1070 into ARG
Mutating residue = GLYA1070 into VAL
Mutating residue = GLYA1070 into TRP
Mutating residue = GLYA1077 into ALA
Mutating residue = GLYA1077 into GLU
Mutating residue = GLYA1077 into ARG
Mutating residue = GLYA1077 into VAL
Mutating residue = GLYA1077 into TRP
Mutating residue = GLYA1103 into ALA
Mutating residue = GLYA1103 into GLU
Mutating residue = GLYA1103 into ARG
Your file run OK
End time of FoldX: Sat May  9 16:22:57 2026
Total time spend: 354.72 seconds.
validated file "CAS9_1.pdb" => successfully finished
validated file "CAS9_2.pdb" => successfully finished
validated file "CAS9_3.pdb" => successfully finished
validated file "CAS9_4.pdb" => successfully finished
validated file "CAS9_5.pdb" => successfully finished
validated file "CAS9_6.pdb" => successfully finished
validated file "CAS9_7.pdb" => successfully finished
validated file "CAS9_8.pdb" => successfully finished
validated file "CAS9_9.pdb" => successfully finished
validated file "CAS9_10.pdb" => successfully finished
validated file "CAS9_11.pdb" => successfully finished
validated file "CAS9_12.pdb" => successfully finished
validated file "CAS9_13.pdb" => successfully finished
validated file "CAS9_14.pdb" => successfully finished
validated file "CAS9_15.pdb" => successfully finished
validated file "CAS9_16.pdb" => successfully finished
validated file "CAS9_17.pdb" => successfully finished
validated file "CAS9_18.pdb" => successfully finished
validated file "CAS9_19.pdb" => successfully finished
validated file "CAS9_20.pdb" => successfully finished
validated file "CAS9_21.pdb" => successfully finished
validated file "CAS9_22.pdb" => successfully finished
validated file "CAS9_23.pdb" => successfully finished
validated file "CAS9_24.pdb" => successfully finished
validated file "CAS9_25.pdb" => successfully finished
validated file "CAS9_26.pdb" => successfully finished
validated file "CAS9_27.pdb" => successfully finished
validated file "CAS9_28.pdb" => successfully finished
validated file "CAS9_29.pdb" => successfully finished
validated file "CAS9_30.pdb" => successfully finished
validated file "CAS9_31.pdb" => successfully finished
validated file "CAS9_32.pdb" => successfully finished
validated file "CAS9_33.pdb" => successfully finished
validated file "CAS9_34.pdb" => successfully finished
validated file "CAS9_35.pdb" => successfully finished
validated file "CAS9_36.pdb" => successfully finished
validated file "CAS9_37.pdb" => successfully finished
validated file "CAS9_38.pdb" => successfully finished
validated file "CAS9_39.pdb" => successfully finished
validated file "CAS9_40.pdb" => successfully finished
validated file "CAS9_41.pdb" => successfully finished
validated file "CAS9_42.pdb" => successfully finished
validated file "CAS9_43.pdb" => successfully finished
validated file "CAS9_44.pdb" => successfully finished
validated file "CAS9_45.pdb" => successfully finished
validated file "CAS9_46.pdb" => successfully finished
validated file "CAS9_47.pdb" => successfully finished
validated file "CAS9_48.pdb" => successfully finished
validated file "CAS9_49.pdb" => successfully finished
validated file "CAS9_50.pdb" => successfully finished
Cleaning BuildModel...DONE
任务 44 结果提取成功，已映射突变信息。
