   ********************************************
   ***                                      ***
   ***             FoldX 5.1 (c)            ***
   ***                                      ***
   ***     code by the FoldX Consortium     ***
   ***                                      ***
   ***     Jesper Borg, Frederic Rousseau   ***
   ***    Joost Schymkowitz, Luis Serrano   ***
   ***    Peter Vanhee, Erik Verschueren    ***
   ***     Lies Baeten, Javier Delgado      ***
   ***       and Francois Stricher          ***
   *** and any other of the 9! permutations ***
   ***   based on an original concept by    ***
   ***   Raphael Guerois and Luis Serrano   ***
   ********************************************

1 models read: CAS9.pdb
1 models read: CAS9.pdb

BackHbond       =               -900.22
SideHbond       =               -324.89
Energy_VdW      =               -1515.04
Electro         =               -74.00
Energy_SolvP    =               2150.66
Energy_SolvH    =               -1993.90
Energy_vdwclash =               76.97
energy_torsion  =               14.15
backbone_vdwclash=              997.87
Entropy_sidec   =               814.62
Entropy_mainc   =               2092.14
water bonds     =               0.00
helix dipole    =               -7.70
loop_entropy    =               0.00
cis_bond        =               0.00
disulfide       =               0.00
kn electrostatic=               0.00
partial covalent interactions = 0.00
Energy_Ionisation =             3.43
Entropy Complex =               0.00
-----------------------------------------------------------
Total          = 				  336.23


BackHbond       =               -900.22
SideHbond       =               -324.89
Energy_VdW      =               -1515.04
Electro         =               -74.00
Energy_SolvP    =               2150.66
Energy_SolvH    =               -1993.90
Energy_vdwclash =               76.97
energy_torsion  =               14.15
backbone_vdwclash=              997.87
Entropy_sidec   =               814.62
Entropy_mainc   =               2092.14
water bonds     =               0.00
helix dipole    =               -7.70
loop_entropy    =               0.00
cis_bond        =               0.00
disulfide       =               0.00
kn electrostatic=               0.00
partial covalent interactions = 0.00
Energy_Ionisation =             3.43
Entropy Complex =               0.00
-----------------------------------------------------------
Total          = 				  336.23

Starting BuildModel
Reading KA536M;
Reading KA536N;
Reading KA536Q;
Reading KA536R;
Reading KA536T;
Reading KA545E;
Reading KA545M;
Reading KA545N;
Reading KA545Q;
Reading KA545R;
Reading KA545T;
Reading KA546E;
Reading KA546I;
Reading KA546N;
Reading KA546Q;
Reading KA546R;
Reading KA546T;
Reading KA554E;
Reading KA554I;
Reading KA554N;
Reading KA554Q;
Reading KA554R;
Reading KA554T;
Reading KA558E;
Reading KA558M;
Reading KA558N;
Reading KA558Q;
Reading KA558R;
Reading KA558T;
Reading KA562E;
Reading KA562M;
Reading KA562N;
Reading KA562Q;
Reading KA562R;
Reading KA562T;
Reading KA565E;
Reading KA565I;
Reading KA565N;
Reading KA565Q;
Reading KA565R;
Reading KA565T;
Reading KA570E;
Reading KA570M;
Reading KA570N;
Reading KA570Q;
Reading KA570R;
Reading KA570T;
Reading KA571E;
Reading KA571I;
Reading KA571N;
Residue to Mutate LYSA536 has residue index 535
Residue to Mutate LYSA536 has residue index 535
Residue to Mutate LYSA536 has residue index 535
Residue to Mutate LYSA536 has residue index 535
Residue to Mutate LYSA536 has residue index 535
Residue to Mutate LYSA545 has residue index 544
Residue to Mutate LYSA545 has residue index 544
Residue to Mutate LYSA545 has residue index 544
Residue to Mutate LYSA545 has residue index 544
Residue to Mutate LYSA545 has residue index 544
Residue to Mutate LYSA545 has residue index 544
Residue to Mutate LYSA546 has residue index 545
Residue to Mutate LYSA546 has residue index 545
Residue to Mutate LYSA546 has residue index 545
Residue to Mutate LYSA546 has residue index 545
Residue to Mutate LYSA546 has residue index 545
Residue to Mutate LYSA546 has residue index 545
Residue to Mutate LYSA554 has residue index 553
Residue to Mutate LYSA554 has residue index 553
Residue to Mutate LYSA554 has residue index 553
Residue to Mutate LYSA554 has residue index 553
Residue to Mutate LYSA554 has residue index 553
Residue to Mutate LYSA554 has residue index 553
Residue to Mutate LYSA558 has residue index 557
Residue to Mutate LYSA558 has residue index 557
Residue to Mutate LYSA558 has residue index 557
Residue to Mutate LYSA558 has residue index 557
Residue to Mutate LYSA558 has residue index 557
Residue to Mutate LYSA558 has residue index 557
Residue to Mutate LYSA562 has residue index 561
Residue to Mutate LYSA562 has residue index 561
Residue to Mutate LYSA562 has residue index 561
Residue to Mutate LYSA562 has residue index 561
Residue to Mutate LYSA562 has residue index 561
Residue to Mutate LYSA562 has residue index 561
Residue to Mutate LYSA565 has residue index 564
Residue to Mutate LYSA565 has residue index 564
Residue to Mutate LYSA565 has residue index 564
Residue to Mutate LYSA565 has residue index 564
Residue to Mutate LYSA565 has residue index 564
Residue to Mutate LYSA565 has residue index 564
Residue to Mutate LYSA570 has residue index 569
Residue to Mutate LYSA570 has residue index 569
Residue to Mutate LYSA570 has residue index 569
Residue to Mutate LYSA570 has residue index 569
Residue to Mutate LYSA570 has residue index 569
Residue to Mutate LYSA570 has residue index 569
Residue to Mutate LYSA571 has residue index 570
Residue to Mutate LYSA571 has residue index 570
Residue to Mutate LYSA571 has residue index 570
Mutating residue = LYSA536 into MET
Mutating residue = LYSA536 into ASN
Mutating residue = LYSA536 into GLN
Mutating residue = LYSA536 into ARG
Mutating residue = LYSA536 into THR
Mutating residue = LYSA545 into GLU
Mutating residue = LYSA545 into MET
Mutating residue = LYSA545 into ASN
Mutating residue = LYSA545 into GLN
Mutating residue = LYSA545 into ARG
Mutating residue = LYSA545 into THR
Mutating residue = LYSA546 into GLU
Mutating residue = LYSA546 into ILE
Mutating residue = LYSA546 into ASN
Mutating residue = LYSA546 into GLN
Mutating residue = LYSA546 into ARG
Mutating residue = LYSA546 into THR
Mutating residue = LYSA554 into GLU
Mutating residue = LYSA554 into ILE
Mutating residue = LYSA554 into ASN
Mutating residue = LYSA554 into GLN
Mutating residue = LYSA554 into ARG
Mutating residue = LYSA554 into THR
Mutating residue = LYSA558 into GLU
Mutating residue = LYSA558 into MET
Mutating residue = LYSA558 into ASN
Mutating residue = LYSA558 into GLN
Mutating residue = LYSA558 into ARG
Mutating residue = LYSA558 into THR
Mutating residue = LYSA562 into GLU
Mutating residue = LYSA562 into MET
Mutating residue = LYSA562 into ASN
Mutating residue = LYSA562 into GLN
Mutating residue = LYSA562 into ARG
Mutating residue = LYSA562 into THR
Mutating residue = LYSA565 into GLU
Mutating residue = LYSA565 into ILE
Mutating residue = LYSA565 into ASN
Mutating residue = LYSA565 into GLN
Mutating residue = LYSA565 into ARG
Mutating residue = LYSA565 into THR
Mutating residue = LYSA570 into GLU
Mutating residue = LYSA570 into MET
Mutating residue = LYSA570 into ASN
Mutating residue = LYSA570 into GLN
Mutating residue = LYSA570 into ARG
Mutating residue = LYSA570 into THR
Mutating residue = LYSA571 into GLU
Mutating residue = LYSA571 into ILE
Mutating residue = LYSA571 into ASN
Your file run OK
End time of FoldX: Sat May  9 16:41:00 2026
Total time spend: 1434.62 seconds.
validated file "CAS9_1.pdb" => successfully finished
validated file "CAS9_2.pdb" => successfully finished
validated file "CAS9_3.pdb" => successfully finished
validated file "CAS9_4.pdb" => successfully finished
validated file "CAS9_5.pdb" => successfully finished
validated file "CAS9_6.pdb" => successfully finished
validated file "CAS9_7.pdb" => successfully finished
validated file "CAS9_8.pdb" => successfully finished
validated file "CAS9_9.pdb" => successfully finished
validated file "CAS9_10.pdb" => successfully finished
validated file "CAS9_11.pdb" => successfully finished
validated file "CAS9_12.pdb" => successfully finished
validated file "CAS9_13.pdb" => successfully finished
validated file "CAS9_14.pdb" => successfully finished
validated file "CAS9_15.pdb" => successfully finished
validated file "CAS9_16.pdb" => successfully finished
validated file "CAS9_17.pdb" => successfully finished
validated file "CAS9_18.pdb" => successfully finished
validated file "CAS9_19.pdb" => successfully finished
validated file "CAS9_20.pdb" => successfully finished
validated file "CAS9_21.pdb" => successfully finished
validated file "CAS9_22.pdb" => successfully finished
validated file "CAS9_23.pdb" => successfully finished
validated file "CAS9_24.pdb" => successfully finished
validated file "CAS9_25.pdb" => successfully finished
validated file "CAS9_26.pdb" => successfully finished
validated file "CAS9_27.pdb" => successfully finished
validated file "CAS9_28.pdb" => successfully finished
validated file "CAS9_29.pdb" => successfully finished
validated file "CAS9_30.pdb" => successfully finished
validated file "CAS9_31.pdb" => successfully finished
validated file "CAS9_32.pdb" => successfully finished
validated file "CAS9_33.pdb" => successfully finished
validated file "CAS9_34.pdb" => successfully finished
validated file "CAS9_35.pdb" => successfully finished
validated file "CAS9_36.pdb" => successfully finished
validated file "CAS9_37.pdb" => successfully finished
validated file "CAS9_38.pdb" => successfully finished
validated file "CAS9_39.pdb" => successfully finished
validated file "CAS9_40.pdb" => successfully finished
validated file "CAS9_41.pdb" => successfully finished
validated file "CAS9_42.pdb" => successfully finished
validated file "CAS9_43.pdb" => successfully finished
validated file "CAS9_44.pdb" => successfully finished
validated file "CAS9_45.pdb" => successfully finished
validated file "CAS9_46.pdb" => successfully finished
validated file "CAS9_47.pdb" => successfully finished
validated file "CAS9_48.pdb" => successfully finished
validated file "CAS9_49.pdb" => successfully finished
validated file "CAS9_50.pdb" => successfully finished
Cleaning BuildModel...DONE
任务 80 结果提取成功，已映射突变信息。
