   ********************************************
   ***                                      ***
   ***             FoldX 5.1 (c)            ***
   ***                                      ***
   ***     code by the FoldX Consortium     ***
   ***                                      ***
   ***     Jesper Borg, Frederic Rousseau   ***
   ***    Joost Schymkowitz, Luis Serrano   ***
   ***    Peter Vanhee, Erik Verschueren    ***
   ***     Lies Baeten, Javier Delgado      ***
   ***       and Francois Stricher          ***
   *** and any other of the 9! permutations ***
   ***   based on an original concept by    ***
   ***   Raphael Guerois and Luis Serrano   ***
   ********************************************

1 models read: CAS9.pdb
1 models read: CAS9.pdb

BackHbond       =               -900.22
SideHbond       =               -324.89
Energy_VdW      =               -1515.04
Electro         =               -74.00
Energy_SolvP    =               2150.66
Energy_SolvH    =               -1993.90
Energy_vdwclash =               76.97
energy_torsion  =               14.15
backbone_vdwclash=              997.87
Entropy_sidec   =               814.62
Entropy_mainc   =               2092.14
water bonds     =               0.00
helix dipole    =               -7.70
loop_entropy    =               0.00
cis_bond        =               0.00
disulfide       =               0.00
kn electrostatic=               0.00
partial covalent interactions = 0.00
Energy_Ionisation =             3.43
Entropy Complex =               0.00
-----------------------------------------------------------
Total          = 				  336.23


BackHbond       =               -900.22
SideHbond       =               -324.89
Energy_VdW      =               -1515.04
Electro         =               -74.00
Energy_SolvP    =               2150.66
Energy_SolvH    =               -1993.90
Energy_vdwclash =               76.97
energy_torsion  =               14.15
backbone_vdwclash=              997.87
Entropy_sidec   =               814.62
Entropy_mainc   =               2092.14
water bonds     =               0.00
helix dipole    =               -7.70
loop_entropy    =               0.00
cis_bond        =               0.00
disulfide       =               0.00
kn electrostatic=               0.00
partial covalent interactions = 0.00
Energy_Ionisation =             3.43
Entropy Complex =               0.00
-----------------------------------------------------------
Total          = 				  336.23

Starting BuildModel
Reading EA1307K;
Reading EA1307Q;
Reading EA1307V;
Reading EA130A;
Reading EA130D;
Reading EA130G;
Reading EA130K;
Reading EA130Q;
Reading EA130V;
Reading EA1341A;
Reading EA1341D;
Reading EA1341G;
Reading EA1341K;
Reading EA1341Q;
Reading EA1341V;
Reading EA1357A;
Reading EA1357D;
Reading EA1357G;
Reading EA1357K;
Reading EA1357Q;
Reading EA1357V;
Reading EA171A;
Reading EA171D;
Reading EA171G;
Reading EA171K;
Reading EA171Q;
Reading EA171V;
Reading EA197A;
Reading EA197D;
Reading EA197G;
Reading EA197K;
Reading EA197Q;
Reading EA197V;
Reading EA198A;
Reading EA198D;
Reading EA198G;
Reading EA198K;
Reading EA198Q;
Reading EA198V;
Reading EA223A;
Reading EA223D;
Reading EA223G;
Reading EA223K;
Reading EA223Q;
Reading EA223V;
Reading EA232A;
Reading EA232D;
Reading EA232G;
Reading EA232K;
Reading EA232Q;
Residue to Mutate GLUA1307 has residue index 1306
Residue to Mutate GLUA1307 has residue index 1306
Residue to Mutate GLUA1307 has residue index 1306
Residue to Mutate GLUA130 has residue index 129
Residue to Mutate GLUA130 has residue index 129
Residue to Mutate GLUA130 has residue index 129
Residue to Mutate GLUA130 has residue index 129
Residue to Mutate GLUA130 has residue index 129
Residue to Mutate GLUA130 has residue index 129
Residue to Mutate GLUA1341 has residue index 1340
Residue to Mutate GLUA1341 has residue index 1340
Residue to Mutate GLUA1341 has residue index 1340
Residue to Mutate GLUA1341 has residue index 1340
Residue to Mutate GLUA1341 has residue index 1340
Residue to Mutate GLUA1341 has residue index 1340
Residue to Mutate GLUA1357 has residue index 1356
Residue to Mutate GLUA1357 has residue index 1356
Residue to Mutate GLUA1357 has residue index 1356
Residue to Mutate GLUA1357 has residue index 1356
Residue to Mutate GLUA1357 has residue index 1356
Residue to Mutate GLUA1357 has residue index 1356
Residue to Mutate GLUA171 has residue index 170
Residue to Mutate GLUA171 has residue index 170
Residue to Mutate GLUA171 has residue index 170
Residue to Mutate GLUA171 has residue index 170
Residue to Mutate GLUA171 has residue index 170
Residue to Mutate GLUA171 has residue index 170
Residue to Mutate GLUA197 has residue index 196
Residue to Mutate GLUA197 has residue index 196
Residue to Mutate GLUA197 has residue index 196
Residue to Mutate GLUA197 has residue index 196
Residue to Mutate GLUA197 has residue index 196
Residue to Mutate GLUA197 has residue index 196
Residue to Mutate GLUA198 has residue index 197
Residue to Mutate GLUA198 has residue index 197
Residue to Mutate GLUA198 has residue index 197
Residue to Mutate GLUA198 has residue index 197
Residue to Mutate GLUA198 has residue index 197
Residue to Mutate GLUA198 has residue index 197
Residue to Mutate GLUA223 has residue index 222
Residue to Mutate GLUA223 has residue index 222
Residue to Mutate GLUA223 has residue index 222
Residue to Mutate GLUA223 has residue index 222
Residue to Mutate GLUA223 has residue index 222
Residue to Mutate GLUA223 has residue index 222
Residue to Mutate GLUA232 has residue index 231
Residue to Mutate GLUA232 has residue index 231
Residue to Mutate GLUA232 has residue index 231
Residue to Mutate GLUA232 has residue index 231
Residue to Mutate GLUA232 has residue index 231
Mutating residue = GLUA1307 into LYS
Mutating residue = GLUA1307 into GLN
Mutating residue = GLUA1307 into VAL
Mutating residue = GLUA130 into ALA
Mutating residue = GLUA130 into ASP
Mutating residue = GLUA130 into GLY
Mutating residue = GLUA130 into LYS
Mutating residue = GLUA130 into GLN
Mutating residue = GLUA130 into VAL
Mutating residue = GLUA1341 into ALA
Mutating residue = GLUA1341 into ASP
Mutating residue = GLUA1341 into GLY
Mutating residue = GLUA1341 into LYS
Mutating residue = GLUA1341 into GLN
Mutating residue = GLUA1341 into VAL
Mutating residue = GLUA1357 into ALA
Mutating residue = GLUA1357 into ASP
Mutating residue = GLUA1357 into GLY
Mutating residue = GLUA1357 into LYS
Mutating residue = GLUA1357 into GLN
Mutating residue = GLUA1357 into VAL
Mutating residue = GLUA171 into ALA
Mutating residue = GLUA171 into ASP
Mutating residue = GLUA171 into GLY
Mutating residue = GLUA171 into LYS
Mutating residue = GLUA171 into GLN
Mutating residue = GLUA171 into VAL
Mutating residue = GLUA197 into ALA
Mutating residue = GLUA197 into ASP
Mutating residue = GLUA197 into GLY
Mutating residue = GLUA197 into LYS
Mutating residue = GLUA197 into GLN
Mutating residue = GLUA197 into VAL
Mutating residue = GLUA198 into ALA
Mutating residue = GLUA198 into ASP
Mutating residue = GLUA198 into GLY
Mutating residue = GLUA198 into LYS
Mutating residue = GLUA198 into GLN
Mutating residue = GLUA198 into VAL
Mutating residue = GLUA223 into ALA
Mutating residue = GLUA223 into ASP
Mutating residue = GLUA223 into GLY
Mutating residue = GLUA223 into LYS
Mutating residue = GLUA223 into GLN
Mutating residue = GLUA223 into VAL
Mutating residue = GLUA232 into ALA
Mutating residue = GLUA232 into ASP
Mutating residue = GLUA232 into GLY
Mutating residue = GLUA232 into LYS
Mutating residue = GLUA232 into GLN
Your file run OK
End time of FoldX: Sat May  9 16:27:24 2026
Total time spend: 620.57 seconds.
validated file "CAS9_1.pdb" => successfully finished
validated file "CAS9_2.pdb" => successfully finished
validated file "CAS9_3.pdb" => successfully finished
validated file "CAS9_4.pdb" => successfully finished
validated file "CAS9_5.pdb" => successfully finished
validated file "CAS9_6.pdb" => successfully finished
validated file "CAS9_7.pdb" => successfully finished
validated file "CAS9_8.pdb" => successfully finished
validated file "CAS9_9.pdb" => successfully finished
validated file "CAS9_10.pdb" => successfully finished
validated file "CAS9_11.pdb" => successfully finished
validated file "CAS9_12.pdb" => successfully finished
validated file "CAS9_13.pdb" => successfully finished
validated file "CAS9_14.pdb" => successfully finished
validated file "CAS9_15.pdb" => successfully finished
validated file "CAS9_16.pdb" => successfully finished
validated file "CAS9_17.pdb" => successfully finished
validated file "CAS9_18.pdb" => successfully finished
validated file "CAS9_19.pdb" => successfully finished
validated file "CAS9_20.pdb" => successfully finished
validated file "CAS9_21.pdb" => successfully finished
validated file "CAS9_22.pdb" => successfully finished
validated file "CAS9_23.pdb" => successfully finished
validated file "CAS9_24.pdb" => successfully finished
validated file "CAS9_25.pdb" => successfully finished
validated file "CAS9_26.pdb" => successfully finished
validated file "CAS9_27.pdb" => successfully finished
validated file "CAS9_28.pdb" => successfully finished
validated file "CAS9_29.pdb" => successfully finished
validated file "CAS9_30.pdb" => successfully finished
validated file "CAS9_31.pdb" => successfully finished
validated file "CAS9_32.pdb" => successfully finished
validated file "CAS9_33.pdb" => successfully finished
validated file "CAS9_34.pdb" => successfully finished
validated file "CAS9_35.pdb" => successfully finished
validated file "CAS9_36.pdb" => successfully finished
validated file "CAS9_37.pdb" => successfully finished
validated file "CAS9_38.pdb" => successfully finished
validated file "CAS9_39.pdb" => successfully finished
validated file "CAS9_40.pdb" => successfully finished
validated file "CAS9_41.pdb" => successfully finished
validated file "CAS9_42.pdb" => successfully finished
validated file "CAS9_43.pdb" => successfully finished
validated file "CAS9_44.pdb" => successfully finished
validated file "CAS9_45.pdb" => successfully finished
validated file "CAS9_46.pdb" => successfully finished
validated file "CAS9_47.pdb" => successfully finished
validated file "CAS9_48.pdb" => successfully finished
validated file "CAS9_49.pdb" => successfully finished
validated file "CAS9_50.pdb" => successfully finished
Cleaning BuildModel...DONE
任务 28 结果提取成功，已映射突变信息。
