   ********************************************
   ***                                      ***
   ***             FoldX 5.1 (c)            ***
   ***                                      ***
   ***     code by the FoldX Consortium     ***
   ***                                      ***
   ***     Jesper Borg, Frederic Rousseau   ***
   ***    Joost Schymkowitz, Luis Serrano   ***
   ***    Peter Vanhee, Erik Verschueren    ***
   ***     Lies Baeten, Javier Delgado      ***
   ***       and Francois Stricher          ***
   *** and any other of the 9! permutations ***
   ***   based on an original concept by    ***
   ***   Raphael Guerois and Luis Serrano   ***
   ********************************************

1 models read: CAS9.pdb
1 models read: CAS9.pdb

BackHbond       =               -900.22
SideHbond       =               -324.89
Energy_VdW      =               -1515.04
Electro         =               -74.00
Energy_SolvP    =               2150.66
Energy_SolvH    =               -1993.90
Energy_vdwclash =               76.97
energy_torsion  =               14.15
backbone_vdwclash=              997.87
Entropy_sidec   =               814.62
Entropy_mainc   =               2092.14
water bonds     =               0.00
helix dipole    =               -7.70
loop_entropy    =               0.00
cis_bond        =               0.00
disulfide       =               0.00
kn electrostatic=               0.00
partial covalent interactions = 0.00
Energy_Ionisation =             3.43
Entropy Complex =               0.00
-----------------------------------------------------------
Total          = 				  336.23


BackHbond       =               -900.22
SideHbond       =               -324.89
Energy_VdW      =               -1515.04
Electro         =               -74.00
Energy_SolvP    =               2150.66
Energy_SolvH    =               -1993.90
Energy_vdwclash =               76.97
energy_torsion  =               14.15
backbone_vdwclash=              997.87
Entropy_sidec   =               814.62
Entropy_mainc   =               2092.14
water bonds     =               0.00
helix dipole    =               -7.70
loop_entropy    =               0.00
cis_bond        =               0.00
disulfide       =               0.00
kn electrostatic=               0.00
partial covalent interactions = 0.00
Energy_Ionisation =             3.43
Entropy Complex =               0.00
-----------------------------------------------------------
Total          = 				  336.23

Starting BuildModel
Reading YA1336S;
Reading YA1356C;
Reading YA1356D;
Reading YA1356F;
Reading YA1356H;
Reading YA1356N;
Reading YA1356S;
Reading YA136C;
Reading YA136D;
Reading YA136F;
Reading YA136H;
Reading YA136N;
Reading YA136S;
Reading YA155C;
Reading YA155D;
Reading YA155F;
Reading YA155H;
Reading YA155N;
Reading YA155S;
Reading YA192C;
Reading YA192D;
Reading YA192F;
Reading YA192H;
Reading YA192N;
Reading YA192S;
Reading YA25C;
Reading YA25D;
Reading YA25F;
Reading YA25H;
Reading YA25N;
Reading YA25S;
Reading YA271C;
Reading YA271D;
Reading YA271F;
Reading YA271H;
Reading YA271N;
Reading YA271S;
Reading YA286C;
Reading YA286D;
Reading YA286F;
Reading YA286H;
Reading YA286N;
Reading YA286S;
Reading YA325C;
Reading YA325D;
Reading YA325F;
Reading YA325H;
Reading YA325N;
Reading YA325S;
Reading YA347C;
Residue to Mutate TYRA1336 has residue index 1335
Residue to Mutate TYRA1356 has residue index 1355
Residue to Mutate TYRA1356 has residue index 1355
Residue to Mutate TYRA1356 has residue index 1355
Residue to Mutate TYRA1356 has residue index 1355
Residue to Mutate TYRA1356 has residue index 1355
Residue to Mutate TYRA1356 has residue index 1355
Residue to Mutate TYRA136 has residue index 135
Residue to Mutate TYRA136 has residue index 135
Residue to Mutate TYRA136 has residue index 135
Residue to Mutate TYRA136 has residue index 135
Residue to Mutate TYRA136 has residue index 135
Residue to Mutate TYRA136 has residue index 135
Residue to Mutate TYRA155 has residue index 154
Residue to Mutate TYRA155 has residue index 154
Residue to Mutate TYRA155 has residue index 154
Residue to Mutate TYRA155 has residue index 154
Residue to Mutate TYRA155 has residue index 154
Residue to Mutate TYRA155 has residue index 154
Residue to Mutate TYRA192 has residue index 191
Residue to Mutate TYRA192 has residue index 191
Residue to Mutate TYRA192 has residue index 191
Residue to Mutate TYRA192 has residue index 191
Residue to Mutate TYRA192 has residue index 191
Residue to Mutate TYRA192 has residue index 191
Residue to Mutate TYRA25 has residue index 24
Residue to Mutate TYRA25 has residue index 24
Residue to Mutate TYRA25 has residue index 24
Residue to Mutate TYRA25 has residue index 24
Residue to Mutate TYRA25 has residue index 24
Residue to Mutate TYRA25 has residue index 24
Residue to Mutate TYRA271 has residue index 270
Residue to Mutate TYRA271 has residue index 270
Residue to Mutate TYRA271 has residue index 270
Residue to Mutate TYRA271 has residue index 270
Residue to Mutate TYRA271 has residue index 270
Residue to Mutate TYRA271 has residue index 270
Residue to Mutate TYRA286 has residue index 285
Residue to Mutate TYRA286 has residue index 285
Residue to Mutate TYRA286 has residue index 285
Residue to Mutate TYRA286 has residue index 285
Residue to Mutate TYRA286 has residue index 285
Residue to Mutate TYRA286 has residue index 285
Residue to Mutate TYRA325 has residue index 324
Residue to Mutate TYRA325 has residue index 324
Residue to Mutate TYRA325 has residue index 324
Residue to Mutate TYRA325 has residue index 324
Residue to Mutate TYRA325 has residue index 324
Residue to Mutate TYRA325 has residue index 324
Residue to Mutate TYRA347 has residue index 346
Mutating residue = TYRA1336 into SER
Mutating residue = TYRA1356 into CYS
Mutating residue = TYRA1356 into ASP
Mutating residue = TYRA1356 into PHE
Mutating residue = TYRA1356 into HIS
Mutating residue = TYRA1356 into ASN
Mutating residue = TYRA1356 into SER
Mutating residue = TYRA136 into CYS
Mutating residue = TYRA136 into ASP
Mutating residue = TYRA136 into PHE
Mutating residue = TYRA136 into HIS
Mutating residue = TYRA136 into ASN
Mutating residue = TYRA136 into SER
Mutating residue = TYRA155 into CYS
Mutating residue = TYRA155 into ASP
Mutating residue = TYRA155 into PHE
Mutating residue = TYRA155 into HIS
Mutating residue = TYRA155 into ASN
Mutating residue = TYRA155 into SER
Mutating residue = TYRA192 into CYS
Mutating residue = TYRA192 into ASP
Mutating residue = TYRA192 into PHE
Mutating residue = TYRA192 into HIS
Mutating residue = TYRA192 into ASN
Mutating residue = TYRA192 into SER
Mutating residue = TYRA25 into CYS
Mutating residue = TYRA25 into ASP
Mutating residue = TYRA25 into PHE
Mutating residue = TYRA25 into HIS
Mutating residue = TYRA25 into ASN
Mutating residue = TYRA25 into SER
Mutating residue = TYRA271 into CYS
Mutating residue = TYRA271 into ASP
Mutating residue = TYRA271 into PHE
Mutating residue = TYRA271 into HIS
Mutating residue = TYRA271 into ASN
Mutating residue = TYRA271 into SER
Mutating residue = TYRA286 into CYS
Mutating residue = TYRA286 into ASP
Mutating residue = TYRA286 into PHE
Mutating residue = TYRA286 into HIS
Mutating residue = TYRA286 into ASN
Mutating residue = TYRA286 into SER
Mutating residue = TYRA325 into CYS
Mutating residue = TYRA325 into ASP
Mutating residue = TYRA325 into PHE
Mutating residue = TYRA325 into HIS
Mutating residue = TYRA325 into ASN
Mutating residue = TYRA325 into SER
Mutating residue = TYRA347 into CYS
Your file run OK
End time of FoldX: Sat May  9 16:25:34 2026
Total time spend: 503.98 seconds.
validated file "CAS9_1.pdb" => successfully finished
validated file "CAS9_2.pdb" => successfully finished
validated file "CAS9_3.pdb" => successfully finished
validated file "CAS9_4.pdb" => successfully finished
validated file "CAS9_5.pdb" => successfully finished
validated file "CAS9_6.pdb" => successfully finished
validated file "CAS9_7.pdb" => successfully finished
validated file "CAS9_8.pdb" => successfully finished
validated file "CAS9_9.pdb" => successfully finished
validated file "CAS9_10.pdb" => successfully finished
validated file "CAS9_11.pdb" => successfully finished
validated file "CAS9_12.pdb" => successfully finished
validated file "CAS9_13.pdb" => successfully finished
validated file "CAS9_14.pdb" => successfully finished
validated file "CAS9_15.pdb" => successfully finished
validated file "CAS9_16.pdb" => successfully finished
validated file "CAS9_17.pdb" => successfully finished
validated file "CAS9_18.pdb" => successfully finished
validated file "CAS9_19.pdb" => successfully finished
validated file "CAS9_20.pdb" => successfully finished
validated file "CAS9_21.pdb" => successfully finished
validated file "CAS9_22.pdb" => successfully finished
validated file "CAS9_23.pdb" => successfully finished
validated file "CAS9_24.pdb" => successfully finished
validated file "CAS9_25.pdb" => successfully finished
validated file "CAS9_26.pdb" => successfully finished
validated file "CAS9_27.pdb" => successfully finished
validated file "CAS9_28.pdb" => successfully finished
validated file "CAS9_29.pdb" => successfully finished
validated file "CAS9_30.pdb" => successfully finished
validated file "CAS9_31.pdb" => successfully finished
validated file "CAS9_32.pdb" => successfully finished
validated file "CAS9_33.pdb" => successfully finished
validated file "CAS9_34.pdb" => successfully finished
validated file "CAS9_35.pdb" => successfully finished
validated file "CAS9_36.pdb" => successfully finished
validated file "CAS9_37.pdb" => successfully finished
validated file "CAS9_38.pdb" => successfully finished
validated file "CAS9_39.pdb" => successfully finished
validated file "CAS9_40.pdb" => successfully finished
validated file "CAS9_41.pdb" => successfully finished
validated file "CAS9_42.pdb" => successfully finished
validated file "CAS9_43.pdb" => successfully finished
validated file "CAS9_44.pdb" => successfully finished
validated file "CAS9_45.pdb" => successfully finished
validated file "CAS9_46.pdb" => successfully finished
validated file "CAS9_47.pdb" => successfully finished
validated file "CAS9_48.pdb" => successfully finished
validated file "CAS9_49.pdb" => successfully finished
validated file "CAS9_50.pdb" => successfully finished
Cleaning BuildModel...DONE
任务 159 结果提取成功，已映射突变信息。
