   ********************************************
   ***                                      ***
   ***             FoldX 5.1 (c)            ***
   ***                                      ***
   ***     code by the FoldX Consortium     ***
   ***                                      ***
   ***     Jesper Borg, Frederic Rousseau   ***
   ***    Joost Schymkowitz, Luis Serrano   ***
   ***    Peter Vanhee, Erik Verschueren    ***
   ***     Lies Baeten, Javier Delgado      ***
   ***       and Francois Stricher          ***
   *** and any other of the 9! permutations ***
   ***   based on an original concept by    ***
   ***   Raphael Guerois and Luis Serrano   ***
   ********************************************

1 models read: CAS9.pdb
1 models read: CAS9.pdb

BackHbond       =               -900.22
SideHbond       =               -324.89
Energy_VdW      =               -1515.04
Electro         =               -74.00
Energy_SolvP    =               2150.66
Energy_SolvH    =               -1993.90
Energy_vdwclash =               76.97
energy_torsion  =               14.15
backbone_vdwclash=              997.87
Entropy_sidec   =               814.62
Entropy_mainc   =               2092.14
water bonds     =               0.00
helix dipole    =               -7.70
loop_entropy    =               0.00
cis_bond        =               0.00
disulfide       =               0.00
kn electrostatic=               0.00
partial covalent interactions = 0.00
Energy_Ionisation =             3.43
Entropy Complex =               0.00
-----------------------------------------------------------
Total          = 				  336.23


BackHbond       =               -900.22
SideHbond       =               -324.89
Energy_VdW      =               -1515.04
Electro         =               -74.00
Energy_SolvP    =               2150.66
Energy_SolvH    =               -1993.90
Energy_vdwclash =               76.97
energy_torsion  =               14.15
backbone_vdwclash=              997.87
Entropy_sidec   =               814.62
Entropy_mainc   =               2092.14
water bonds     =               0.00
helix dipole    =               -7.70
loop_entropy    =               0.00
cis_bond        =               0.00
disulfide       =               0.00
kn electrostatic=               0.00
partial covalent interactions = 0.00
Energy_Ionisation =             3.43
Entropy Complex =               0.00
-----------------------------------------------------------
Total          = 				  336.23

Starting BuildModel
Reading KA1003Q;
Reading KA1003R;
Reading KA1003T;
Reading KA1014E;
Reading KA1014M;
Reading KA1014N;
Reading KA1014Q;
Reading KA1014R;
Reading KA1014T;
Reading KA1020E;
Reading KA1020I;
Reading KA1020N;
Reading KA1020Q;
Reading KA1020R;
Reading KA1020T;
Reading KA1024E;
Reading KA1024M;
Reading KA1024N;
Reading KA1024Q;
Reading KA1024R;
Reading KA1024T;
Reading KA1031E;
Reading KA1031I;
Reading KA1031N;
Reading KA1031Q;
Reading KA1031R;
Reading KA1031T;
Reading KA1035E;
Reading KA1035M;
Reading KA1035N;
Reading KA1035Q;
Reading KA1035R;
Reading KA1035T;
Reading KA1047E;
Reading KA1047M;
Reading KA1047N;
Reading KA1047Q;
Reading KA1047R;
Reading KA1047T;
Reading KA1059E;
Reading KA1059M;
Reading KA1059N;
Reading KA1059Q;
Reading KA1059R;
Reading KA1059T;
Reading KA1076E;
Reading KA1076I;
Reading KA1076N;
Reading KA1076Q;
Reading KA1076R;
Residue to Mutate LYSA1003 has residue index 1002
Residue to Mutate LYSA1003 has residue index 1002
Residue to Mutate LYSA1003 has residue index 1002
Residue to Mutate LYSA1014 has residue index 1013
Residue to Mutate LYSA1014 has residue index 1013
Residue to Mutate LYSA1014 has residue index 1013
Residue to Mutate LYSA1014 has residue index 1013
Residue to Mutate LYSA1014 has residue index 1013
Residue to Mutate LYSA1014 has residue index 1013
Residue to Mutate LYSA1020 has residue index 1019
Residue to Mutate LYSA1020 has residue index 1019
Residue to Mutate LYSA1020 has residue index 1019
Residue to Mutate LYSA1020 has residue index 1019
Residue to Mutate LYSA1020 has residue index 1019
Residue to Mutate LYSA1020 has residue index 1019
Residue to Mutate LYSA1024 has residue index 1023
Residue to Mutate LYSA1024 has residue index 1023
Residue to Mutate LYSA1024 has residue index 1023
Residue to Mutate LYSA1024 has residue index 1023
Residue to Mutate LYSA1024 has residue index 1023
Residue to Mutate LYSA1024 has residue index 1023
Residue to Mutate LYSA1031 has residue index 1030
Residue to Mutate LYSA1031 has residue index 1030
Residue to Mutate LYSA1031 has residue index 1030
Residue to Mutate LYSA1031 has residue index 1030
Residue to Mutate LYSA1031 has residue index 1030
Residue to Mutate LYSA1031 has residue index 1030
Residue to Mutate LYSA1035 has residue index 1034
Residue to Mutate LYSA1035 has residue index 1034
Residue to Mutate LYSA1035 has residue index 1034
Residue to Mutate LYSA1035 has residue index 1034
Residue to Mutate LYSA1035 has residue index 1034
Residue to Mutate LYSA1035 has residue index 1034
Residue to Mutate LYSA1047 has residue index 1046
Residue to Mutate LYSA1047 has residue index 1046
Residue to Mutate LYSA1047 has residue index 1046
Residue to Mutate LYSA1047 has residue index 1046
Residue to Mutate LYSA1047 has residue index 1046
Residue to Mutate LYSA1047 has residue index 1046
Residue to Mutate LYSA1059 has residue index 1058
Residue to Mutate LYSA1059 has residue index 1058
Residue to Mutate LYSA1059 has residue index 1058
Residue to Mutate LYSA1059 has residue index 1058
Residue to Mutate LYSA1059 has residue index 1058
Residue to Mutate LYSA1059 has residue index 1058
Residue to Mutate LYSA1076 has residue index 1075
Residue to Mutate LYSA1076 has residue index 1075
Residue to Mutate LYSA1076 has residue index 1075
Residue to Mutate LYSA1076 has residue index 1075
Residue to Mutate LYSA1076 has residue index 1075
Mutating residue = LYSA1003 into GLN
Mutating residue = LYSA1003 into ARG
Mutating residue = LYSA1003 into THR
Mutating residue = LYSA1014 into GLU
Mutating residue = LYSA1014 into MET
Mutating residue = LYSA1014 into ASN
Mutating residue = LYSA1014 into GLN
Mutating residue = LYSA1014 into ARG
Mutating residue = LYSA1014 into THR
Mutating residue = LYSA1020 into GLU
Mutating residue = LYSA1020 into ILE
Mutating residue = LYSA1020 into ASN
Mutating residue = LYSA1020 into GLN
Mutating residue = LYSA1020 into ARG
Mutating residue = LYSA1020 into THR
Mutating residue = LYSA1024 into GLU
Mutating residue = LYSA1024 into MET
Mutating residue = LYSA1024 into ASN
Mutating residue = LYSA1024 into GLN
Mutating residue = LYSA1024 into ARG
Mutating residue = LYSA1024 into THR
Mutating residue = LYSA1031 into GLU
Mutating residue = LYSA1031 into ILE
Mutating residue = LYSA1031 into ASN
Mutating residue = LYSA1031 into GLN
Mutating residue = LYSA1031 into ARG
Mutating residue = LYSA1031 into THR
Mutating residue = LYSA1035 into GLU
Mutating residue = LYSA1035 into MET
Mutating residue = LYSA1035 into ASN
Mutating residue = LYSA1035 into GLN
Mutating residue = LYSA1035 into ARG
Mutating residue = LYSA1035 into THR
Mutating residue = LYSA1047 into GLU
Mutating residue = LYSA1047 into MET
Mutating residue = LYSA1047 into ASN
Mutating residue = LYSA1047 into GLN
Mutating residue = LYSA1047 into ARG
Mutating residue = LYSA1047 into THR
Mutating residue = LYSA1059 into GLU
Mutating residue = LYSA1059 into MET
Mutating residue = LYSA1059 into ASN
Mutating residue = LYSA1059 into GLN
Mutating residue = LYSA1059 into ARG
Mutating residue = LYSA1059 into THR
Mutating residue = LYSA1076 into GLU
Mutating residue = LYSA1076 into ILE
Mutating residue = LYSA1076 into ASN
Mutating residue = LYSA1076 into GLN
Mutating residue = LYSA1076 into ARG
Your file run OK
End time of FoldX: Sat May  9 16:39:27 2026
Total time spend: 1342.36 seconds.
validated file "CAS9_1.pdb" => successfully finished
validated file "CAS9_2.pdb" => successfully finished
validated file "CAS9_3.pdb" => successfully finished
validated file "CAS9_4.pdb" => successfully finished
validated file "CAS9_5.pdb" => successfully finished
validated file "CAS9_6.pdb" => successfully finished
validated file "CAS9_7.pdb" => successfully finished
validated file "CAS9_8.pdb" => successfully finished
validated file "CAS9_9.pdb" => successfully finished
validated file "CAS9_10.pdb" => successfully finished
validated file "CAS9_11.pdb" => successfully finished
validated file "CAS9_12.pdb" => successfully finished
validated file "CAS9_13.pdb" => successfully finished
validated file "CAS9_14.pdb" => successfully finished
validated file "CAS9_15.pdb" => successfully finished
validated file "CAS9_16.pdb" => successfully finished
validated file "CAS9_17.pdb" => successfully finished
validated file "CAS9_18.pdb" => successfully finished
validated file "CAS9_19.pdb" => successfully finished
validated file "CAS9_20.pdb" => successfully finished
validated file "CAS9_21.pdb" => successfully finished
validated file "CAS9_22.pdb" => successfully finished
validated file "CAS9_23.pdb" => successfully finished
validated file "CAS9_24.pdb" => successfully finished
validated file "CAS9_25.pdb" => successfully finished
validated file "CAS9_26.pdb" => successfully finished
validated file "CAS9_27.pdb" => successfully finished
validated file "CAS9_28.pdb" => successfully finished
validated file "CAS9_29.pdb" => successfully finished
validated file "CAS9_30.pdb" => successfully finished
validated file "CAS9_31.pdb" => successfully finished
validated file "CAS9_32.pdb" => successfully finished
validated file "CAS9_33.pdb" => successfully finished
validated file "CAS9_34.pdb" => successfully finished
validated file "CAS9_35.pdb" => successfully finished
validated file "CAS9_36.pdb" => successfully finished
validated file "CAS9_37.pdb" => successfully finished
validated file "CAS9_38.pdb" => successfully finished
validated file "CAS9_39.pdb" => successfully finished
validated file "CAS9_40.pdb" => successfully finished
validated file "CAS9_41.pdb" => successfully finished
validated file "CAS9_42.pdb" => successfully finished
validated file "CAS9_43.pdb" => successfully finished
validated file "CAS9_44.pdb" => successfully finished
validated file "CAS9_45.pdb" => successfully finished
validated file "CAS9_46.pdb" => successfully finished
validated file "CAS9_47.pdb" => successfully finished
validated file "CAS9_48.pdb" => successfully finished
validated file "CAS9_49.pdb" => successfully finished
validated file "CAS9_50.pdb" => successfully finished
Cleaning BuildModel...DONE
任务 69 结果提取成功，已映射突变信息。
