   ********************************************
   ***                                      ***
   ***             FoldX 5.1 (c)            ***
   ***                                      ***
   ***     code by the FoldX Consortium     ***
   ***                                      ***
   ***     Jesper Borg, Frederic Rousseau   ***
   ***    Joost Schymkowitz, Luis Serrano   ***
   ***    Peter Vanhee, Erik Verschueren    ***
   ***     Lies Baeten, Javier Delgado      ***
   ***       and Francois Stricher          ***
   *** and any other of the 9! permutations ***
   ***   based on an original concept by    ***
   ***   Raphael Guerois and Luis Serrano   ***
   ********************************************

1 models read: CAS9.pdb
1 models read: CAS9.pdb

BackHbond       =               -900.22
SideHbond       =               -324.89
Energy_VdW      =               -1515.04
Electro         =               -74.00
Energy_SolvP    =               2150.66
Energy_SolvH    =               -1993.90
Energy_vdwclash =               76.97
energy_torsion  =               14.15
backbone_vdwclash=              997.87
Entropy_sidec   =               814.62
Entropy_mainc   =               2092.14
water bonds     =               0.00
helix dipole    =               -7.70
loop_entropy    =               0.00
cis_bond        =               0.00
disulfide       =               0.00
kn electrostatic=               0.00
partial covalent interactions = 0.00
Energy_Ionisation =             3.43
Entropy Complex =               0.00
-----------------------------------------------------------
Total          = 				  336.23


BackHbond       =               -900.22
SideHbond       =               -324.89
Energy_VdW      =               -1515.04
Electro         =               -74.00
Energy_SolvP    =               2150.66
Energy_SolvH    =               -1993.90
Energy_vdwclash =               76.97
energy_torsion  =               14.15
backbone_vdwclash=              997.87
Entropy_sidec   =               814.62
Entropy_mainc   =               2092.14
water bonds     =               0.00
helix dipole    =               -7.70
loop_entropy    =               0.00
cis_bond        =               0.00
disulfide       =               0.00
kn electrostatic=               0.00
partial covalent interactions = 0.00
Energy_Ionisation =             3.43
Entropy Complex =               0.00
-----------------------------------------------------------
Total          = 				  336.23

Starting BuildModel
Reading YA72S;
Reading YA812C;
Reading YA812D;
Reading YA812F;
Reading YA812H;
Reading YA812N;
Reading YA812S;
Reading YA814C;
Reading YA814D;
Reading YA814F;
Reading YA814H;
Reading YA814N;
Reading YA814S;
Reading YA815C;
Reading YA815D;
Reading YA815F;
Reading YA815H;
Reading YA815N;
Reading YA815S;
Reading YA81C;
Reading YA81D;
Reading YA81F;
Reading YA81H;
Reading YA81N;
Reading YA81S;
Reading YA823C;
Reading YA823D;
Reading YA823F;
Reading YA823H;
Reading YA823N;
Reading YA823S;
Reading YA836C;
Reading YA836D;
Reading YA836F;
Reading YA836H;
Reading YA836N;
Reading YA836S;
Reading YA882C;
Reading YA882D;
Reading YA882F;
Reading YA882H;
Reading YA882N;
Reading YA882S;
Reading YA943C;
Reading YA943D;
Reading YA943F;
Reading YA943H;
Reading YA943N;
Reading YA943S;
Reading YA973C;
Residue to Mutate TYRA72 has residue index 71
Residue to Mutate TYRA812 has residue index 811
Residue to Mutate TYRA812 has residue index 811
Residue to Mutate TYRA812 has residue index 811
Residue to Mutate TYRA812 has residue index 811
Residue to Mutate TYRA812 has residue index 811
Residue to Mutate TYRA812 has residue index 811
Residue to Mutate TYRA814 has residue index 813
Residue to Mutate TYRA814 has residue index 813
Residue to Mutate TYRA814 has residue index 813
Residue to Mutate TYRA814 has residue index 813
Residue to Mutate TYRA814 has residue index 813
Residue to Mutate TYRA814 has residue index 813
Residue to Mutate TYRA815 has residue index 814
Residue to Mutate TYRA815 has residue index 814
Residue to Mutate TYRA815 has residue index 814
Residue to Mutate TYRA815 has residue index 814
Residue to Mutate TYRA815 has residue index 814
Residue to Mutate TYRA815 has residue index 814
Residue to Mutate TYRA81 has residue index 80
Residue to Mutate TYRA81 has residue index 80
Residue to Mutate TYRA81 has residue index 80
Residue to Mutate TYRA81 has residue index 80
Residue to Mutate TYRA81 has residue index 80
Residue to Mutate TYRA81 has residue index 80
Residue to Mutate TYRA823 has residue index 822
Residue to Mutate TYRA823 has residue index 822
Residue to Mutate TYRA823 has residue index 822
Residue to Mutate TYRA823 has residue index 822
Residue to Mutate TYRA823 has residue index 822
Residue to Mutate TYRA823 has residue index 822
Residue to Mutate TYRA836 has residue index 835
Residue to Mutate TYRA836 has residue index 835
Residue to Mutate TYRA836 has residue index 835
Residue to Mutate TYRA836 has residue index 835
Residue to Mutate TYRA836 has residue index 835
Residue to Mutate TYRA836 has residue index 835
Residue to Mutate TYRA882 has residue index 881
Residue to Mutate TYRA882 has residue index 881
Residue to Mutate TYRA882 has residue index 881
Residue to Mutate TYRA882 has residue index 881
Residue to Mutate TYRA882 has residue index 881
Residue to Mutate TYRA882 has residue index 881
Residue to Mutate TYRA943 has residue index 942
Residue to Mutate TYRA943 has residue index 942
Residue to Mutate TYRA943 has residue index 942
Residue to Mutate TYRA943 has residue index 942
Residue to Mutate TYRA943 has residue index 942
Residue to Mutate TYRA943 has residue index 942
Residue to Mutate TYRA973 has residue index 972
Mutating residue = TYRA72 into SER
Mutating residue = TYRA812 into CYS
Mutating residue = TYRA812 into ASP
Mutating residue = TYRA812 into PHE
Mutating residue = TYRA812 into HIS
Mutating residue = TYRA812 into ASN
Mutating residue = TYRA812 into SER
Mutating residue = TYRA814 into CYS
Mutating residue = TYRA814 into ASP
Mutating residue = TYRA814 into PHE
Mutating residue = TYRA814 into HIS
Mutating residue = TYRA814 into ASN
Mutating residue = TYRA814 into SER
Mutating residue = TYRA815 into CYS
Mutating residue = TYRA815 into ASP
Mutating residue = TYRA815 into PHE
Mutating residue = TYRA815 into HIS
Mutating residue = TYRA815 into ASN
Mutating residue = TYRA815 into SER
Mutating residue = TYRA81 into CYS
Mutating residue = TYRA81 into ASP
Mutating residue = TYRA81 into PHE
Mutating residue = TYRA81 into HIS
Mutating residue = TYRA81 into ASN
Mutating residue = TYRA81 into SER
Mutating residue = TYRA823 into CYS
Mutating residue = TYRA823 into ASP
Mutating residue = TYRA823 into PHE
Mutating residue = TYRA823 into HIS
Mutating residue = TYRA823 into ASN
Mutating residue = TYRA823 into SER
Mutating residue = TYRA836 into CYS
Mutating residue = TYRA836 into ASP
Mutating residue = TYRA836 into PHE
Mutating residue = TYRA836 into HIS
Mutating residue = TYRA836 into ASN
Mutating residue = TYRA836 into SER
Mutating residue = TYRA882 into CYS
Mutating residue = TYRA882 into ASP
Mutating residue = TYRA882 into PHE
Mutating residue = TYRA882 into HIS
Mutating residue = TYRA882 into ASN
Mutating residue = TYRA882 into SER
Mutating residue = TYRA943 into CYS
Mutating residue = TYRA943 into ASP
Mutating residue = TYRA943 into PHE
Mutating residue = TYRA943 into HIS
Mutating residue = TYRA943 into ASN
Mutating residue = TYRA943 into SER
Mutating residue = TYRA973 into CYS
Your file run OK
End time of FoldX: Sat May  9 16:25:33 2026
Total time spend: 503.63 seconds.
validated file "CAS9_1.pdb" => successfully finished
validated file "CAS9_2.pdb" => successfully finished
validated file "CAS9_3.pdb" => successfully finished
validated file "CAS9_4.pdb" => successfully finished
validated file "CAS9_5.pdb" => successfully finished
validated file "CAS9_6.pdb" => successfully finished
validated file "CAS9_7.pdb" => successfully finished
validated file "CAS9_8.pdb" => successfully finished
validated file "CAS9_9.pdb" => successfully finished
validated file "CAS9_10.pdb" => successfully finished
validated file "CAS9_11.pdb" => successfully finished
validated file "CAS9_12.pdb" => successfully finished
validated file "CAS9_13.pdb" => successfully finished
validated file "CAS9_14.pdb" => successfully finished
validated file "CAS9_15.pdb" => successfully finished
validated file "CAS9_16.pdb" => successfully finished
validated file "CAS9_17.pdb" => successfully finished
validated file "CAS9_18.pdb" => successfully finished
validated file "CAS9_19.pdb" => successfully finished
validated file "CAS9_20.pdb" => successfully finished
validated file "CAS9_21.pdb" => successfully finished
validated file "CAS9_22.pdb" => successfully finished
validated file "CAS9_23.pdb" => successfully finished
validated file "CAS9_24.pdb" => successfully finished
validated file "CAS9_25.pdb" => successfully finished
validated file "CAS9_26.pdb" => successfully finished
validated file "CAS9_27.pdb" => successfully finished
validated file "CAS9_28.pdb" => successfully finished
validated file "CAS9_29.pdb" => successfully finished
validated file "CAS9_30.pdb" => successfully finished
validated file "CAS9_31.pdb" => successfully finished
validated file "CAS9_32.pdb" => successfully finished
validated file "CAS9_33.pdb" => successfully finished
validated file "CAS9_34.pdb" => successfully finished
validated file "CAS9_35.pdb" => successfully finished
validated file "CAS9_36.pdb" => successfully finished
validated file "CAS9_37.pdb" => successfully finished
validated file "CAS9_38.pdb" => successfully finished
validated file "CAS9_39.pdb" => successfully finished
validated file "CAS9_40.pdb" => successfully finished
validated file "CAS9_41.pdb" => successfully finished
validated file "CAS9_42.pdb" => successfully finished
validated file "CAS9_43.pdb" => successfully finished
validated file "CAS9_44.pdb" => successfully finished
validated file "CAS9_45.pdb" => successfully finished
validated file "CAS9_46.pdb" => successfully finished
validated file "CAS9_47.pdb" => successfully finished
validated file "CAS9_48.pdb" => successfully finished
validated file "CAS9_49.pdb" => successfully finished
validated file "CAS9_50.pdb" => successfully finished
Cleaning BuildModel...DONE
任务 162 结果提取成功，已映射突变信息。
