   ********************************************
   ***                                      ***
   ***             FoldX 5.1 (c)            ***
   ***                                      ***
   ***     code by the FoldX Consortium     ***
   ***                                      ***
   ***     Jesper Borg, Frederic Rousseau   ***
   ***    Joost Schymkowitz, Luis Serrano   ***
   ***    Peter Vanhee, Erik Verschueren    ***
   ***     Lies Baeten, Javier Delgado      ***
   ***       and Francois Stricher          ***
   *** and any other of the 9! permutations ***
   ***   based on an original concept by    ***
   ***   Raphael Guerois and Luis Serrano   ***
   ********************************************

1 models read: CAS9.pdb
1 models read: CAS9.pdb

BackHbond       =               -900.22
SideHbond       =               -324.89
Energy_VdW      =               -1515.04
Electro         =               -74.00
Energy_SolvP    =               2150.66
Energy_SolvH    =               -1993.90
Energy_vdwclash =               76.97
energy_torsion  =               14.15
backbone_vdwclash=              997.87
Entropy_sidec   =               814.62
Entropy_mainc   =               2092.14
water bonds     =               0.00
helix dipole    =               -7.70
loop_entropy    =               0.00
cis_bond        =               0.00
disulfide       =               0.00
kn electrostatic=               0.00
partial covalent interactions = 0.00
Energy_Ionisation =             3.43
Entropy Complex =               0.00
-----------------------------------------------------------
Total          = 				  336.23


BackHbond       =               -900.22
SideHbond       =               -324.89
Energy_VdW      =               -1515.04
Electro         =               -74.00
Energy_SolvP    =               2150.66
Energy_SolvH    =               -1993.90
Energy_vdwclash =               76.97
energy_torsion  =               14.15
backbone_vdwclash=              997.87
Entropy_sidec   =               814.62
Entropy_mainc   =               2092.14
water bonds     =               0.00
helix dipole    =               -7.70
loop_entropy    =               0.00
cis_bond        =               0.00
disulfide       =               0.00
kn electrostatic=               0.00
partial covalent interactions = 0.00
Energy_Ionisation =             3.43
Entropy Complex =               0.00
-----------------------------------------------------------
Total          = 				  336.23

Starting BuildModel
Reading KA571Q;
Reading KA571R;
Reading KA571T;
Reading KA599E;
Reading KA599M;
Reading KA599N;
Reading KA599Q;
Reading KA599R;
Reading KA599T;
Reading KA602E;
Reading KA602M;
Reading KA602N;
Reading KA602Q;
Reading KA602R;
Reading KA602T;
Reading KA604E;
Reading KA604I;
Reading KA604N;
Reading KA604Q;
Reading KA604R;
Reading KA604T;
Reading KA637E;
Reading KA637M;
Reading KA637N;
Reading KA637Q;
Reading KA637R;
Reading KA637T;
Reading KA646E;
Reading KA646I;
Reading KA646N;
Reading KA646Q;
Reading KA646R;
Reading KA646T;
Reading KA649E;
Reading KA649I;
Reading KA649N;
Reading KA649Q;
Reading KA649R;
Reading KA649T;
Reading KA652E;
Reading KA652M;
Reading KA652N;
Reading KA652Q;
Reading KA652R;
Reading KA652T;
Reading KA65E;
Reading KA65I;
Reading KA65N;
Reading KA65Q;
Reading KA65R;
Residue to Mutate LYSA571 has residue index 570
Residue to Mutate LYSA571 has residue index 570
Residue to Mutate LYSA571 has residue index 570
Residue to Mutate LYSA599 has residue index 598
Residue to Mutate LYSA599 has residue index 598
Residue to Mutate LYSA599 has residue index 598
Residue to Mutate LYSA599 has residue index 598
Residue to Mutate LYSA599 has residue index 598
Residue to Mutate LYSA599 has residue index 598
Residue to Mutate LYSA602 has residue index 601
Residue to Mutate LYSA602 has residue index 601
Residue to Mutate LYSA602 has residue index 601
Residue to Mutate LYSA602 has residue index 601
Residue to Mutate LYSA602 has residue index 601
Residue to Mutate LYSA602 has residue index 601
Residue to Mutate LYSA604 has residue index 603
Residue to Mutate LYSA604 has residue index 603
Residue to Mutate LYSA604 has residue index 603
Residue to Mutate LYSA604 has residue index 603
Residue to Mutate LYSA604 has residue index 603
Residue to Mutate LYSA604 has residue index 603
Residue to Mutate LYSA637 has residue index 636
Residue to Mutate LYSA637 has residue index 636
Residue to Mutate LYSA637 has residue index 636
Residue to Mutate LYSA637 has residue index 636
Residue to Mutate LYSA637 has residue index 636
Residue to Mutate LYSA637 has residue index 636
Residue to Mutate LYSA646 has residue index 645
Residue to Mutate LYSA646 has residue index 645
Residue to Mutate LYSA646 has residue index 645
Residue to Mutate LYSA646 has residue index 645
Residue to Mutate LYSA646 has residue index 645
Residue to Mutate LYSA646 has residue index 645
Residue to Mutate LYSA649 has residue index 648
Residue to Mutate LYSA649 has residue index 648
Residue to Mutate LYSA649 has residue index 648
Residue to Mutate LYSA649 has residue index 648
Residue to Mutate LYSA649 has residue index 648
Residue to Mutate LYSA649 has residue index 648
Residue to Mutate LYSA652 has residue index 651
Residue to Mutate LYSA652 has residue index 651
Residue to Mutate LYSA652 has residue index 651
Residue to Mutate LYSA652 has residue index 651
Residue to Mutate LYSA652 has residue index 651
Residue to Mutate LYSA652 has residue index 651
Residue to Mutate LYSA65 has residue index 64
Residue to Mutate LYSA65 has residue index 64
Residue to Mutate LYSA65 has residue index 64
Residue to Mutate LYSA65 has residue index 64
Residue to Mutate LYSA65 has residue index 64
Mutating residue = LYSA571 into GLN
Mutating residue = LYSA571 into ARG
Mutating residue = LYSA571 into THR
Mutating residue = LYSA599 into GLU
Mutating residue = LYSA599 into MET
Mutating residue = LYSA599 into ASN
Mutating residue = LYSA599 into GLN
Mutating residue = LYSA599 into ARG
Mutating residue = LYSA599 into THR
Mutating residue = LYSA602 into GLU
Mutating residue = LYSA602 into MET
Mutating residue = LYSA602 into ASN
Mutating residue = LYSA602 into GLN
Mutating residue = LYSA602 into ARG
Mutating residue = LYSA602 into THR
Mutating residue = LYSA604 into GLU
Mutating residue = LYSA604 into ILE
Mutating residue = LYSA604 into ASN
Mutating residue = LYSA604 into GLN
Mutating residue = LYSA604 into ARG
Mutating residue = LYSA604 into THR
Mutating residue = LYSA637 into GLU
Mutating residue = LYSA637 into MET
Mutating residue = LYSA637 into ASN
Mutating residue = LYSA637 into GLN
Mutating residue = LYSA637 into ARG
Mutating residue = LYSA637 into THR
Mutating residue = LYSA646 into GLU
Mutating residue = LYSA646 into ILE
Mutating residue = LYSA646 into ASN
Mutating residue = LYSA646 into GLN
Mutating residue = LYSA646 into ARG
Mutating residue = LYSA646 into THR
Mutating residue = LYSA649 into GLU
Mutating residue = LYSA649 into ILE
Mutating residue = LYSA649 into ASN
Mutating residue = LYSA649 into GLN
Mutating residue = LYSA649 into ARG
Mutating residue = LYSA649 into THR
Mutating residue = LYSA652 into GLU
Mutating residue = LYSA652 into MET
Mutating residue = LYSA652 into ASN
Mutating residue = LYSA652 into GLN
Mutating residue = LYSA652 into ARG
Mutating residue = LYSA652 into THR
Mutating residue = LYSA65 into GLU
Mutating residue = LYSA65 into ILE
Mutating residue = LYSA65 into ASN
Mutating residue = LYSA65 into GLN
Mutating residue = LYSA65 into ARG
Your file run OK
End time of FoldX: Sat May  9 16:40:05 2026
Total time spend: 1379.42 seconds.
validated file "CAS9_1.pdb" => successfully finished
validated file "CAS9_2.pdb" => successfully finished
validated file "CAS9_3.pdb" => successfully finished
validated file "CAS9_4.pdb" => successfully finished
validated file "CAS9_5.pdb" => successfully finished
validated file "CAS9_6.pdb" => successfully finished
validated file "CAS9_7.pdb" => successfully finished
validated file "CAS9_8.pdb" => successfully finished
validated file "CAS9_9.pdb" => successfully finished
validated file "CAS9_10.pdb" => successfully finished
validated file "CAS9_11.pdb" => successfully finished
validated file "CAS9_12.pdb" => successfully finished
validated file "CAS9_13.pdb" => successfully finished
validated file "CAS9_14.pdb" => successfully finished
validated file "CAS9_15.pdb" => successfully finished
validated file "CAS9_16.pdb" => successfully finished
validated file "CAS9_17.pdb" => successfully finished
validated file "CAS9_18.pdb" => successfully finished
validated file "CAS9_19.pdb" => successfully finished
validated file "CAS9_20.pdb" => successfully finished
validated file "CAS9_21.pdb" => successfully finished
validated file "CAS9_22.pdb" => successfully finished
validated file "CAS9_23.pdb" => successfully finished
validated file "CAS9_24.pdb" => successfully finished
validated file "CAS9_25.pdb" => successfully finished
validated file "CAS9_26.pdb" => successfully finished
validated file "CAS9_27.pdb" => successfully finished
validated file "CAS9_28.pdb" => successfully finished
validated file "CAS9_29.pdb" => successfully finished
validated file "CAS9_30.pdb" => successfully finished
validated file "CAS9_31.pdb" => successfully finished
validated file "CAS9_32.pdb" => successfully finished
validated file "CAS9_33.pdb" => successfully finished
validated file "CAS9_34.pdb" => successfully finished
validated file "CAS9_35.pdb" => successfully finished
validated file "CAS9_36.pdb" => successfully finished
validated file "CAS9_37.pdb" => successfully finished
validated file "CAS9_38.pdb" => successfully finished
validated file "CAS9_39.pdb" => successfully finished
validated file "CAS9_40.pdb" => successfully finished
validated file "CAS9_41.pdb" => successfully finished
validated file "CAS9_42.pdb" => successfully finished
validated file "CAS9_43.pdb" => successfully finished
validated file "CAS9_44.pdb" => successfully finished
validated file "CAS9_45.pdb" => successfully finished
validated file "CAS9_46.pdb" => successfully finished
validated file "CAS9_47.pdb" => successfully finished
validated file "CAS9_48.pdb" => successfully finished
validated file "CAS9_49.pdb" => successfully finished
validated file "CAS9_50.pdb" => successfully finished
Cleaning BuildModel...DONE
任务 81 结果提取成功，已映射突变信息。
