   ********************************************
   ***                                      ***
   ***             FoldX 5.1 (c)            ***
   ***                                      ***
   ***     code by the FoldX Consortium     ***
   ***                                      ***
   ***     Jesper Borg, Frederic Rousseau   ***
   ***    Joost Schymkowitz, Luis Serrano   ***
   ***    Peter Vanhee, Erik Verschueren    ***
   ***     Lies Baeten, Javier Delgado      ***
   ***       and Francois Stricher          ***
   *** and any other of the 9! permutations ***
   ***   based on an original concept by    ***
   ***   Raphael Guerois and Luis Serrano   ***
   ********************************************

1 models read: CAS9.pdb
1 models read: CAS9.pdb

BackHbond       =               -900.22
SideHbond       =               -324.89
Energy_VdW      =               -1515.04
Electro         =               -74.00
Energy_SolvP    =               2150.66
Energy_SolvH    =               -1993.90
Energy_vdwclash =               76.97
energy_torsion  =               14.15
backbone_vdwclash=              997.87
Entropy_sidec   =               814.62
Entropy_mainc   =               2092.14
water bonds     =               0.00
helix dipole    =               -7.70
loop_entropy    =               0.00
cis_bond        =               0.00
disulfide       =               0.00
kn electrostatic=               0.00
partial covalent interactions = 0.00
Energy_Ionisation =             3.43
Entropy Complex =               0.00
-----------------------------------------------------------
Total          = 				  336.23


BackHbond       =               -900.22
SideHbond       =               -324.89
Energy_VdW      =               -1515.04
Electro         =               -74.00
Energy_SolvP    =               2150.66
Energy_SolvH    =               -1993.90
Energy_vdwclash =               76.97
energy_torsion  =               14.15
backbone_vdwclash=              997.87
Entropy_sidec   =               814.62
Entropy_mainc   =               2092.14
water bonds     =               0.00
helix dipole    =               -7.70
loop_entropy    =               0.00
cis_bond        =               0.00
disulfide       =               0.00
kn electrostatic=               0.00
partial covalent interactions = 0.00
Energy_Ionisation =             3.43
Entropy Complex =               0.00
-----------------------------------------------------------
Total          = 				  336.23

Starting BuildModel
Reading SA1159T;
Reading SA1159Y;
Reading SA1172C;
Reading SA1172G;
Reading SA1172I;
Reading SA1172N;
Reading SA1172R;
Reading SA1172T;
Reading SA1173A;
Reading SA1173C;
Reading SA1173F;
Reading SA1173P;
Reading SA1173T;
Reading SA1173Y;
Reading SA1202A;
Reading SA1202L;
Reading SA1202P;
Reading SA1202T;
Reading SA1216C;
Reading SA1216G;
Reading SA1216I;
Reading SA1216N;
Reading SA1216R;
Reading SA1216T;
Reading SA1230A;
Reading SA1230C;
Reading SA1230F;
Reading SA1230P;
Reading SA1230T;
Reading SA1230Y;
Reading SA1240A;
Reading SA1240C;
Reading SA1240F;
Reading SA1240P;
Reading SA1240T;
Reading SA1240Y;
Reading SA1248C;
Reading SA1248G;
Reading SA1248I;
Reading SA1248N;
Reading SA1248R;
Reading SA1248T;
Reading SA1274C;
Reading SA1274G;
Reading SA1274I;
Reading SA1274N;
Reading SA1274R;
Reading SA1274T;
Reading SA1277A;
Reading SA1277C;
Residue to Mutate SERA1159 has residue index 1158
Residue to Mutate SERA1159 has residue index 1158
Residue to Mutate SERA1172 has residue index 1171
Residue to Mutate SERA1172 has residue index 1171
Residue to Mutate SERA1172 has residue index 1171
Residue to Mutate SERA1172 has residue index 1171
Residue to Mutate SERA1172 has residue index 1171
Residue to Mutate SERA1172 has residue index 1171
Residue to Mutate SERA1173 has residue index 1172
Residue to Mutate SERA1173 has residue index 1172
Residue to Mutate SERA1173 has residue index 1172
Residue to Mutate SERA1173 has residue index 1172
Residue to Mutate SERA1173 has residue index 1172
Residue to Mutate SERA1173 has residue index 1172
Residue to Mutate SERA1202 has residue index 1201
Residue to Mutate SERA1202 has residue index 1201
Residue to Mutate SERA1202 has residue index 1201
Residue to Mutate SERA1202 has residue index 1201
Residue to Mutate SERA1216 has residue index 1215
Residue to Mutate SERA1216 has residue index 1215
Residue to Mutate SERA1216 has residue index 1215
Residue to Mutate SERA1216 has residue index 1215
Residue to Mutate SERA1216 has residue index 1215
Residue to Mutate SERA1216 has residue index 1215
Residue to Mutate SERA1230 has residue index 1229
Residue to Mutate SERA1230 has residue index 1229
Residue to Mutate SERA1230 has residue index 1229
Residue to Mutate SERA1230 has residue index 1229
Residue to Mutate SERA1230 has residue index 1229
Residue to Mutate SERA1230 has residue index 1229
Residue to Mutate SERA1240 has residue index 1239
Residue to Mutate SERA1240 has residue index 1239
Residue to Mutate SERA1240 has residue index 1239
Residue to Mutate SERA1240 has residue index 1239
Residue to Mutate SERA1240 has residue index 1239
Residue to Mutate SERA1240 has residue index 1239
Residue to Mutate SERA1248 has residue index 1247
Residue to Mutate SERA1248 has residue index 1247
Residue to Mutate SERA1248 has residue index 1247
Residue to Mutate SERA1248 has residue index 1247
Residue to Mutate SERA1248 has residue index 1247
Residue to Mutate SERA1248 has residue index 1247
Residue to Mutate SERA1274 has residue index 1273
Residue to Mutate SERA1274 has residue index 1273
Residue to Mutate SERA1274 has residue index 1273
Residue to Mutate SERA1274 has residue index 1273
Residue to Mutate SERA1274 has residue index 1273
Residue to Mutate SERA1274 has residue index 1273
Residue to Mutate SERA1277 has residue index 1276
Residue to Mutate SERA1277 has residue index 1276
Mutating residue = SERA1159 into THR
Mutating residue = SERA1159 into TYR
Mutating residue = SERA1172 into CYS
Mutating residue = SERA1172 into GLY
Mutating residue = SERA1172 into ILE
Mutating residue = SERA1172 into ASN
Mutating residue = SERA1172 into ARG
Mutating residue = SERA1172 into THR
Mutating residue = SERA1173 into ALA
Mutating residue = SERA1173 into CYS
Mutating residue = SERA1173 into PHE
Mutating residue = SERA1173 into PRO
Mutating residue = SERA1173 into THR
Mutating residue = SERA1173 into TYR
Mutating residue = SERA1202 into ALA
Mutating residue = SERA1202 into LEU
Mutating residue = SERA1202 into PRO
Mutating residue = SERA1202 into THR
Mutating residue = SERA1216 into CYS
Mutating residue = SERA1216 into GLY
Mutating residue = SERA1216 into ILE
Mutating residue = SERA1216 into ASN
Mutating residue = SERA1216 into ARG
Mutating residue = SERA1216 into THR
Mutating residue = SERA1230 into ALA
Mutating residue = SERA1230 into CYS
Mutating residue = SERA1230 into PHE
Mutating residue = SERA1230 into PRO
Mutating residue = SERA1230 into THR
Mutating residue = SERA1230 into TYR
Mutating residue = SERA1240 into ALA
Mutating residue = SERA1240 into CYS
Mutating residue = SERA1240 into PHE
Mutating residue = SERA1240 into PRO
Mutating residue = SERA1240 into THR
Mutating residue = SERA1240 into TYR
Mutating residue = SERA1248 into CYS
Mutating residue = SERA1248 into GLY
Mutating residue = SERA1248 into ILE
Mutating residue = SERA1248 into ASN
Mutating residue = SERA1248 into ARG
Mutating residue = SERA1248 into THR
Mutating residue = SERA1274 into CYS
Mutating residue = SERA1274 into GLY
Mutating residue = SERA1274 into ILE
Mutating residue = SERA1274 into ASN
Mutating residue = SERA1274 into ARG
Mutating residue = SERA1274 into THR
Mutating residue = SERA1277 into ALA
Mutating residue = SERA1277 into CYS
Your file run OK
End time of FoldX: Sat May  9 16:21:12 2026
Total time spend: 243.60 seconds.
validated file "CAS9_1.pdb" => successfully finished
validated file "CAS9_2.pdb" => successfully finished
validated file "CAS9_3.pdb" => successfully finished
validated file "CAS9_4.pdb" => successfully finished
validated file "CAS9_5.pdb" => successfully finished
validated file "CAS9_6.pdb" => successfully finished
validated file "CAS9_7.pdb" => successfully finished
validated file "CAS9_8.pdb" => successfully finished
validated file "CAS9_9.pdb" => successfully finished
validated file "CAS9_10.pdb" => successfully finished
validated file "CAS9_11.pdb" => successfully finished
validated file "CAS9_12.pdb" => successfully finished
validated file "CAS9_13.pdb" => successfully finished
validated file "CAS9_14.pdb" => successfully finished
validated file "CAS9_15.pdb" => successfully finished
validated file "CAS9_16.pdb" => successfully finished
validated file "CAS9_17.pdb" => successfully finished
validated file "CAS9_18.pdb" => successfully finished
validated file "CAS9_19.pdb" => successfully finished
validated file "CAS9_20.pdb" => successfully finished
validated file "CAS9_21.pdb" => successfully finished
validated file "CAS9_22.pdb" => successfully finished
validated file "CAS9_23.pdb" => successfully finished
validated file "CAS9_24.pdb" => successfully finished
validated file "CAS9_25.pdb" => successfully finished
validated file "CAS9_26.pdb" => successfully finished
validated file "CAS9_27.pdb" => successfully finished
validated file "CAS9_28.pdb" => successfully finished
validated file "CAS9_29.pdb" => successfully finished
validated file "CAS9_30.pdb" => successfully finished
validated file "CAS9_31.pdb" => successfully finished
validated file "CAS9_32.pdb" => successfully finished
validated file "CAS9_33.pdb" => successfully finished
validated file "CAS9_34.pdb" => successfully finished
validated file "CAS9_35.pdb" => successfully finished
validated file "CAS9_36.pdb" => successfully finished
validated file "CAS9_37.pdb" => successfully finished
validated file "CAS9_38.pdb" => successfully finished
validated file "CAS9_39.pdb" => successfully finished
validated file "CAS9_40.pdb" => successfully finished
validated file "CAS9_41.pdb" => successfully finished
validated file "CAS9_42.pdb" => successfully finished
validated file "CAS9_43.pdb" => successfully finished
validated file "CAS9_44.pdb" => successfully finished
validated file "CAS9_45.pdb" => successfully finished
validated file "CAS9_46.pdb" => successfully finished
validated file "CAS9_47.pdb" => successfully finished
validated file "CAS9_48.pdb" => successfully finished
validated file "CAS9_49.pdb" => successfully finished
validated file "CAS9_50.pdb" => successfully finished
Cleaning BuildModel...DONE
任务 134 结果提取成功，已映射突变信息。
