   ********************************************
   ***                                      ***
   ***             FoldX 5.1 (c)            ***
   ***                                      ***
   ***     code by the FoldX Consortium     ***
   ***                                      ***
   ***     Jesper Borg, Frederic Rousseau   ***
   ***    Joost Schymkowitz, Luis Serrano   ***
   ***    Peter Vanhee, Erik Verschueren    ***
   ***     Lies Baeten, Javier Delgado      ***
   ***       and Francois Stricher          ***
   *** and any other of the 9! permutations ***
   ***   based on an original concept by    ***
   ***   Raphael Guerois and Luis Serrano   ***
   ********************************************

1 models read: CAS9.pdb
1 models read: CAS9.pdb

BackHbond       =               -900.22
SideHbond       =               -324.89
Energy_VdW      =               -1515.04
Electro         =               -74.00
Energy_SolvP    =               2150.66
Energy_SolvH    =               -1993.90
Energy_vdwclash =               76.97
energy_torsion  =               14.15
backbone_vdwclash=              997.87
Entropy_sidec   =               814.62
Entropy_mainc   =               2092.14
water bonds     =               0.00
helix dipole    =               -7.70
loop_entropy    =               0.00
cis_bond        =               0.00
disulfide       =               0.00
kn electrostatic=               0.00
partial covalent interactions = 0.00
Energy_Ionisation =             3.43
Entropy Complex =               0.00
-----------------------------------------------------------
Total          = 				  336.23


BackHbond       =               -900.22
SideHbond       =               -324.89
Energy_VdW      =               -1515.04
Electro         =               -74.00
Energy_SolvP    =               2150.66
Energy_SolvH    =               -1993.90
Energy_vdwclash =               76.97
energy_torsion  =               14.15
backbone_vdwclash=              997.87
Entropy_sidec   =               814.62
Entropy_mainc   =               2092.14
water bonds     =               0.00
helix dipole    =               -7.70
loop_entropy    =               0.00
cis_bond        =               0.00
disulfide       =               0.00
kn electrostatic=               0.00
partial covalent interactions = 0.00
Energy_Ionisation =             3.43
Entropy Complex =               0.00
-----------------------------------------------------------
Total          = 				  336.23

Starting BuildModel
Reading SA834A;
Reading SA834C;
Reading SA834F;
Reading SA834P;
Reading SA834T;
Reading SA834Y;
Reading SA845A;
Reading SA845L;
Reading SA845P;
Reading SA845T;
Reading SA851C;
Reading SA851G;
Reading SA851I;
Reading SA851N;
Reading SA851R;
Reading SA851T;
Reading SA860A;
Reading SA860C;
Reading SA860F;
Reading SA860P;
Reading SA860T;
Reading SA860Y;
Reading SA867C;
Reading SA867G;
Reading SA867I;
Reading SA867N;
Reading SA867R;
Reading SA867T;
Reading SA872A;
Reading SA872L;
Reading SA872P;
Reading SA872T;
Reading SA87C;
Reading SA87G;
Reading SA87I;
Reading SA87N;
Reading SA87R;
Reading SA87T;
Reading SA909C;
Reading SA909G;
Reading SA909I;
Reading SA909N;
Reading SA909R;
Reading SA909T;
Reading SA937C;
Reading SA937G;
Reading SA937I;
Reading SA937N;
Reading SA937R;
Reading SA937T;
Residue to Mutate SERA834 has residue index 833
Residue to Mutate SERA834 has residue index 833
Residue to Mutate SERA834 has residue index 833
Residue to Mutate SERA834 has residue index 833
Residue to Mutate SERA834 has residue index 833
Residue to Mutate SERA834 has residue index 833
Residue to Mutate SERA845 has residue index 844
Residue to Mutate SERA845 has residue index 844
Residue to Mutate SERA845 has residue index 844
Residue to Mutate SERA845 has residue index 844
Residue to Mutate SERA851 has residue index 850
Residue to Mutate SERA851 has residue index 850
Residue to Mutate SERA851 has residue index 850
Residue to Mutate SERA851 has residue index 850
Residue to Mutate SERA851 has residue index 850
Residue to Mutate SERA851 has residue index 850
Residue to Mutate SERA860 has residue index 859
Residue to Mutate SERA860 has residue index 859
Residue to Mutate SERA860 has residue index 859
Residue to Mutate SERA860 has residue index 859
Residue to Mutate SERA860 has residue index 859
Residue to Mutate SERA860 has residue index 859
Residue to Mutate SERA867 has residue index 866
Residue to Mutate SERA867 has residue index 866
Residue to Mutate SERA867 has residue index 866
Residue to Mutate SERA867 has residue index 866
Residue to Mutate SERA867 has residue index 866
Residue to Mutate SERA867 has residue index 866
Residue to Mutate SERA872 has residue index 871
Residue to Mutate SERA872 has residue index 871
Residue to Mutate SERA872 has residue index 871
Residue to Mutate SERA872 has residue index 871
Residue to Mutate SERA87 has residue index 86
Residue to Mutate SERA87 has residue index 86
Residue to Mutate SERA87 has residue index 86
Residue to Mutate SERA87 has residue index 86
Residue to Mutate SERA87 has residue index 86
Residue to Mutate SERA87 has residue index 86
Residue to Mutate SERA909 has residue index 908
Residue to Mutate SERA909 has residue index 908
Residue to Mutate SERA909 has residue index 908
Residue to Mutate SERA909 has residue index 908
Residue to Mutate SERA909 has residue index 908
Residue to Mutate SERA909 has residue index 908
Residue to Mutate SERA937 has residue index 936
Residue to Mutate SERA937 has residue index 936
Residue to Mutate SERA937 has residue index 936
Residue to Mutate SERA937 has residue index 936
Residue to Mutate SERA937 has residue index 936
Residue to Mutate SERA937 has residue index 936
Mutating residue = SERA834 into ALA
Mutating residue = SERA834 into CYS
Mutating residue = SERA834 into PHE
Mutating residue = SERA834 into PRO
Mutating residue = SERA834 into THR
Mutating residue = SERA834 into TYR
Mutating residue = SERA845 into ALA
Mutating residue = SERA845 into LEU
Mutating residue = SERA845 into PRO
Mutating residue = SERA845 into THR
Mutating residue = SERA851 into CYS
Mutating residue = SERA851 into GLY
Mutating residue = SERA851 into ILE
Mutating residue = SERA851 into ASN
Mutating residue = SERA851 into ARG
Mutating residue = SERA851 into THR
Mutating residue = SERA860 into ALA
Mutating residue = SERA860 into CYS
Mutating residue = SERA860 into PHE
Mutating residue = SERA860 into PRO
Mutating residue = SERA860 into THR
Mutating residue = SERA860 into TYR
Mutating residue = SERA867 into CYS
Mutating residue = SERA867 into GLY
Mutating residue = SERA867 into ILE
Mutating residue = SERA867 into ASN
Mutating residue = SERA867 into ARG
Mutating residue = SERA867 into THR
Mutating residue = SERA872 into ALA
Mutating residue = SERA872 into LEU
Mutating residue = SERA872 into PRO
Mutating residue = SERA872 into THR
Mutating residue = SERA87 into CYS
Mutating residue = SERA87 into GLY
Mutating residue = SERA87 into ILE
Mutating residue = SERA87 into ASN
Mutating residue = SERA87 into ARG
Mutating residue = SERA87 into THR
Mutating residue = SERA909 into CYS
Mutating residue = SERA909 into GLY
Mutating residue = SERA909 into ILE
Mutating residue = SERA909 into ASN
Mutating residue = SERA909 into ARG
Mutating residue = SERA909 into THR
Mutating residue = SERA937 into CYS
Mutating residue = SERA937 into GLY
Mutating residue = SERA937 into ILE
Mutating residue = SERA937 into ASN
Mutating residue = SERA937 into ARG
Mutating residue = SERA937 into THR
Your file run OK
End time of FoldX: Sat May  9 16:21:20 2026
Total time spend: 251.72 seconds.
validated file "CAS9_1.pdb" => successfully finished
validated file "CAS9_2.pdb" => successfully finished
validated file "CAS9_3.pdb" => successfully finished
validated file "CAS9_4.pdb" => successfully finished
validated file "CAS9_5.pdb" => successfully finished
validated file "CAS9_6.pdb" => successfully finished
validated file "CAS9_7.pdb" => successfully finished
validated file "CAS9_8.pdb" => successfully finished
validated file "CAS9_9.pdb" => successfully finished
validated file "CAS9_10.pdb" => successfully finished
validated file "CAS9_11.pdb" => successfully finished
validated file "CAS9_12.pdb" => successfully finished
validated file "CAS9_13.pdb" => successfully finished
validated file "CAS9_14.pdb" => successfully finished
validated file "CAS9_15.pdb" => successfully finished
validated file "CAS9_16.pdb" => successfully finished
validated file "CAS9_17.pdb" => successfully finished
validated file "CAS9_18.pdb" => successfully finished
validated file "CAS9_19.pdb" => successfully finished
validated file "CAS9_20.pdb" => successfully finished
validated file "CAS9_21.pdb" => successfully finished
validated file "CAS9_22.pdb" => successfully finished
validated file "CAS9_23.pdb" => successfully finished
validated file "CAS9_24.pdb" => successfully finished
validated file "CAS9_25.pdb" => successfully finished
validated file "CAS9_26.pdb" => successfully finished
validated file "CAS9_27.pdb" => successfully finished
validated file "CAS9_28.pdb" => successfully finished
validated file "CAS9_29.pdb" => successfully finished
validated file "CAS9_30.pdb" => successfully finished
validated file "CAS9_31.pdb" => successfully finished
validated file "CAS9_32.pdb" => successfully finished
validated file "CAS9_33.pdb" => successfully finished
validated file "CAS9_34.pdb" => successfully finished
validated file "CAS9_35.pdb" => successfully finished
validated file "CAS9_36.pdb" => successfully finished
validated file "CAS9_37.pdb" => successfully finished
validated file "CAS9_38.pdb" => successfully finished
validated file "CAS9_39.pdb" => successfully finished
validated file "CAS9_40.pdb" => successfully finished
validated file "CAS9_41.pdb" => successfully finished
validated file "CAS9_42.pdb" => successfully finished
validated file "CAS9_43.pdb" => successfully finished
validated file "CAS9_44.pdb" => successfully finished
validated file "CAS9_45.pdb" => successfully finished
validated file "CAS9_46.pdb" => successfully finished
validated file "CAS9_47.pdb" => successfully finished
validated file "CAS9_48.pdb" => successfully finished
validated file "CAS9_49.pdb" => successfully finished
validated file "CAS9_50.pdb" => successfully finished
Cleaning BuildModel...DONE
任务 140 结果提取成功，已映射突变信息。
