   ********************************************
   ***                                      ***
   ***             FoldX 5.1 (c)            ***
   ***                                      ***
   ***     code by the FoldX Consortium     ***
   ***                                      ***
   ***     Jesper Borg, Frederic Rousseau   ***
   ***    Joost Schymkowitz, Luis Serrano   ***
   ***    Peter Vanhee, Erik Verschueren    ***
   ***     Lies Baeten, Javier Delgado      ***
   ***       and Francois Stricher          ***
   *** and any other of the 9! permutations ***
   ***   based on an original concept by    ***
   ***   Raphael Guerois and Luis Serrano   ***
   ********************************************

1 models read: CAS9.pdb
1 models read: CAS9.pdb

BackHbond       =               -900.22
SideHbond       =               -324.89
Energy_VdW      =               -1515.04
Electro         =               -74.00
Energy_SolvP    =               2150.66
Energy_SolvH    =               -1993.90
Energy_vdwclash =               76.97
energy_torsion  =               14.15
backbone_vdwclash=              997.87
Entropy_sidec   =               814.62
Entropy_mainc   =               2092.14
water bonds     =               0.00
helix dipole    =               -7.70
loop_entropy    =               0.00
cis_bond        =               0.00
disulfide       =               0.00
kn electrostatic=               0.00
partial covalent interactions = 0.00
Energy_Ionisation =             3.43
Entropy Complex =               0.00
-----------------------------------------------------------
Total          = 				  336.23


BackHbond       =               -900.22
SideHbond       =               -324.89
Energy_VdW      =               -1515.04
Electro         =               -74.00
Energy_SolvP    =               2150.66
Energy_SolvH    =               -1993.90
Energy_vdwclash =               76.97
energy_torsion  =               14.15
backbone_vdwclash=              997.87
Entropy_sidec   =               814.62
Entropy_mainc   =               2092.14
water bonds     =               0.00
helix dipole    =               -7.70
loop_entropy    =               0.00
cis_bond        =               0.00
disulfide       =               0.00
kn electrostatic=               0.00
partial covalent interactions = 0.00
Energy_Ionisation =             3.43
Entropy Complex =               0.00
-----------------------------------------------------------
Total          = 				  336.23

Starting BuildModel
Reading IA1196T;
Reading IA1196V;
Reading IA11F;
Reading IA11L;
Reading IA11M;
Reading IA11N;
Reading IA11S;
Reading IA11T;
Reading IA11V;
Reading IA122F;
Reading IA122L;
Reading IA122M;
Reading IA122N;
Reading IA122S;
Reading IA122T;
Reading IA122V;
Reading IA1269F;
Reading IA1269L;
Reading IA1269M;
Reading IA1269N;
Reading IA1269S;
Reading IA1269T;
Reading IA1269V;
Reading IA1270F;
Reading IA1270L;
Reading IA1270M;
Reading IA1270N;
Reading IA1270S;
Reading IA1270T;
Reading IA1270V;
Reading IA1273F;
Reading IA1273L;
Reading IA1273M;
Reading IA1273N;
Reading IA1273S;
Reading IA1273T;
Reading IA1273V;
Reading IA1281F;
Reading IA1281L;
Reading IA1281M;
Reading IA1281N;
Reading IA1281S;
Reading IA1281T;
Reading IA1281V;
Reading IA1302F;
Reading IA1302L;
Reading IA1302M;
Reading IA1302N;
Reading IA1302S;
Reading IA1302T;
Residue to Mutate ILEA1196 has residue index 1195
Residue to Mutate ILEA1196 has residue index 1195
Residue to Mutate ILEA11 has residue index 10
Residue to Mutate ILEA11 has residue index 10
Residue to Mutate ILEA11 has residue index 10
Residue to Mutate ILEA11 has residue index 10
Residue to Mutate ILEA11 has residue index 10
Residue to Mutate ILEA11 has residue index 10
Residue to Mutate ILEA11 has residue index 10
Residue to Mutate ILEA122 has residue index 121
Residue to Mutate ILEA122 has residue index 121
Residue to Mutate ILEA122 has residue index 121
Residue to Mutate ILEA122 has residue index 121
Residue to Mutate ILEA122 has residue index 121
Residue to Mutate ILEA122 has residue index 121
Residue to Mutate ILEA122 has residue index 121
Residue to Mutate ILEA1269 has residue index 1268
Residue to Mutate ILEA1269 has residue index 1268
Residue to Mutate ILEA1269 has residue index 1268
Residue to Mutate ILEA1269 has residue index 1268
Residue to Mutate ILEA1269 has residue index 1268
Residue to Mutate ILEA1269 has residue index 1268
Residue to Mutate ILEA1269 has residue index 1268
Residue to Mutate ILEA1270 has residue index 1269
Residue to Mutate ILEA1270 has residue index 1269
Residue to Mutate ILEA1270 has residue index 1269
Residue to Mutate ILEA1270 has residue index 1269
Residue to Mutate ILEA1270 has residue index 1269
Residue to Mutate ILEA1270 has residue index 1269
Residue to Mutate ILEA1270 has residue index 1269
Residue to Mutate ILEA1273 has residue index 1272
Residue to Mutate ILEA1273 has residue index 1272
Residue to Mutate ILEA1273 has residue index 1272
Residue to Mutate ILEA1273 has residue index 1272
Residue to Mutate ILEA1273 has residue index 1272
Residue to Mutate ILEA1273 has residue index 1272
Residue to Mutate ILEA1273 has residue index 1272
Residue to Mutate ILEA1281 has residue index 1280
Residue to Mutate ILEA1281 has residue index 1280
Residue to Mutate ILEA1281 has residue index 1280
Residue to Mutate ILEA1281 has residue index 1280
Residue to Mutate ILEA1281 has residue index 1280
Residue to Mutate ILEA1281 has residue index 1280
Residue to Mutate ILEA1281 has residue index 1280
Residue to Mutate ILEA1302 has residue index 1301
Residue to Mutate ILEA1302 has residue index 1301
Residue to Mutate ILEA1302 has residue index 1301
Residue to Mutate ILEA1302 has residue index 1301
Residue to Mutate ILEA1302 has residue index 1301
Residue to Mutate ILEA1302 has residue index 1301
Mutating residue = ILEA1196 into THR
Mutating residue = ILEA1196 into VAL
Mutating residue = ILEA11 into PHE
Mutating residue = ILEA11 into LEU
Mutating residue = ILEA11 into MET
Mutating residue = ILEA11 into ASN
Mutating residue = ILEA11 into SER
Mutating residue = ILEA11 into THR
Mutating residue = ILEA11 into VAL
Mutating residue = ILEA122 into PHE
Mutating residue = ILEA122 into LEU
Mutating residue = ILEA122 into MET
Mutating residue = ILEA122 into ASN
Mutating residue = ILEA122 into SER
Mutating residue = ILEA122 into THR
Mutating residue = ILEA122 into VAL
Mutating residue = ILEA1269 into PHE
Mutating residue = ILEA1269 into LEU
Mutating residue = ILEA1269 into MET
Mutating residue = ILEA1269 into ASN
Mutating residue = ILEA1269 into SER
Mutating residue = ILEA1269 into THR
Mutating residue = ILEA1269 into VAL
Mutating residue = ILEA1270 into PHE
Mutating residue = ILEA1270 into LEU
Mutating residue = ILEA1270 into MET
Mutating residue = ILEA1270 into ASN
Mutating residue = ILEA1270 into SER
Mutating residue = ILEA1270 into THR
Mutating residue = ILEA1270 into VAL
Mutating residue = ILEA1273 into PHE
Mutating residue = ILEA1273 into LEU
Mutating residue = ILEA1273 into MET
Mutating residue = ILEA1273 into ASN
Mutating residue = ILEA1273 into SER
Mutating residue = ILEA1273 into THR
Mutating residue = ILEA1273 into VAL
Mutating residue = ILEA1281 into PHE
Mutating residue = ILEA1281 into LEU
Mutating residue = ILEA1281 into MET
Mutating residue = ILEA1281 into ASN
Mutating residue = ILEA1281 into SER
Mutating residue = ILEA1281 into THR
Mutating residue = ILEA1281 into VAL
Mutating residue = ILEA1302 into PHE
Mutating residue = ILEA1302 into LEU
Mutating residue = ILEA1302 into MET
Mutating residue = ILEA1302 into ASN
Mutating residue = ILEA1302 into SER
Mutating residue = ILEA1302 into THR
Your file run OK
End time of FoldX: Sat May  9 16:20:51 2026
Total time spend: 228.66 seconds.
validated file "CAS9_1.pdb" => successfully finished
validated file "CAS9_2.pdb" => successfully finished
validated file "CAS9_3.pdb" => successfully finished
validated file "CAS9_4.pdb" => successfully finished
validated file "CAS9_5.pdb" => successfully finished
validated file "CAS9_6.pdb" => successfully finished
validated file "CAS9_7.pdb" => successfully finished
validated file "CAS9_8.pdb" => successfully finished
validated file "CAS9_9.pdb" => successfully finished
validated file "CAS9_10.pdb" => successfully finished
validated file "CAS9_11.pdb" => successfully finished
validated file "CAS9_12.pdb" => successfully finished
validated file "CAS9_13.pdb" => successfully finished
validated file "CAS9_14.pdb" => successfully finished
validated file "CAS9_15.pdb" => successfully finished
validated file "CAS9_16.pdb" => successfully finished
validated file "CAS9_17.pdb" => successfully finished
validated file "CAS9_18.pdb" => successfully finished
validated file "CAS9_19.pdb" => successfully finished
validated file "CAS9_20.pdb" => successfully finished
validated file "CAS9_21.pdb" => successfully finished
validated file "CAS9_22.pdb" => successfully finished
validated file "CAS9_23.pdb" => successfully finished
validated file "CAS9_24.pdb" => successfully finished
validated file "CAS9_25.pdb" => successfully finished
validated file "CAS9_26.pdb" => successfully finished
validated file "CAS9_27.pdb" => successfully finished
validated file "CAS9_28.pdb" => successfully finished
validated file "CAS9_29.pdb" => successfully finished
validated file "CAS9_30.pdb" => successfully finished
validated file "CAS9_31.pdb" => successfully finished
validated file "CAS9_32.pdb" => successfully finished
validated file "CAS9_33.pdb" => successfully finished
validated file "CAS9_34.pdb" => successfully finished
validated file "CAS9_35.pdb" => successfully finished
validated file "CAS9_36.pdb" => successfully finished
validated file "CAS9_37.pdb" => successfully finished
validated file "CAS9_38.pdb" => successfully finished
validated file "CAS9_39.pdb" => successfully finished
validated file "CAS9_40.pdb" => successfully finished
validated file "CAS9_41.pdb" => successfully finished
validated file "CAS9_42.pdb" => successfully finished
validated file "CAS9_43.pdb" => successfully finished
validated file "CAS9_44.pdb" => successfully finished
validated file "CAS9_45.pdb" => successfully finished
validated file "CAS9_46.pdb" => successfully finished
validated file "CAS9_47.pdb" => successfully finished
validated file "CAS9_48.pdb" => successfully finished
validated file "CAS9_49.pdb" => successfully finished
validated file "CAS9_50.pdb" => successfully finished
Cleaning BuildModel...DONE
任务 58 结果提取成功，已映射突变信息。
