   ********************************************
   ***                                      ***
   ***             FoldX 5.1 (c)            ***
   ***                                      ***
   ***     code by the FoldX Consortium     ***
   ***                                      ***
   ***     Jesper Borg, Frederic Rousseau   ***
   ***    Joost Schymkowitz, Luis Serrano   ***
   ***    Peter Vanhee, Erik Verschueren    ***
   ***     Lies Baeten, Javier Delgado      ***
   ***       and Francois Stricher          ***
   *** and any other of the 9! permutations ***
   ***   based on an original concept by    ***
   ***   Raphael Guerois and Luis Serrano   ***
   ********************************************

1 models read: CAS9.pdb
1 models read: CAS9.pdb

BackHbond       =               -900.22
SideHbond       =               -324.89
Energy_VdW      =               -1515.04
Electro         =               -74.00
Energy_SolvP    =               2150.66
Energy_SolvH    =               -1993.90
Energy_vdwclash =               76.97
energy_torsion  =               14.15
backbone_vdwclash=              997.87
Entropy_sidec   =               814.62
Entropy_mainc   =               2092.14
water bonds     =               0.00
helix dipole    =               -7.70
loop_entropy    =               0.00
cis_bond        =               0.00
disulfide       =               0.00
kn electrostatic=               0.00
partial covalent interactions = 0.00
Energy_Ionisation =             3.43
Entropy Complex =               0.00
-----------------------------------------------------------
Total          = 				  336.23


BackHbond       =               -900.22
SideHbond       =               -324.89
Energy_VdW      =               -1515.04
Electro         =               -74.00
Energy_SolvP    =               2150.66
Energy_SolvH    =               -1993.90
Energy_vdwclash =               76.97
energy_torsion  =               14.15
backbone_vdwclash=              997.87
Entropy_sidec   =               814.62
Entropy_mainc   =               2092.14
water bonds     =               0.00
helix dipole    =               -7.70
loop_entropy    =               0.00
cis_bond        =               0.00
disulfide       =               0.00
kn electrostatic=               0.00
partial covalent interactions = 0.00
Energy_Ionisation =             3.43
Entropy Complex =               0.00
-----------------------------------------------------------
Total          = 				  336.23

Starting BuildModel
Reading IA1029N;
Reading IA1029S;
Reading IA1029T;
Reading IA1029V;
Reading IA1042F;
Reading IA1042L;
Reading IA1042M;
Reading IA1042N;
Reading IA1042S;
Reading IA1042T;
Reading IA1042V;
Reading IA1050F;
Reading IA1050L;
Reading IA1050M;
Reading IA1050N;
Reading IA1050S;
Reading IA1050T;
Reading IA1050V;
Reading IA1057F;
Reading IA1057L;
Reading IA1057M;
Reading IA1057N;
Reading IA1057S;
Reading IA1057T;
Reading IA1057V;
Reading IA1063F;
Reading IA1063L;
Reading IA1063M;
Reading IA1063N;
Reading IA1063S;
Reading IA1063T;
Reading IA1063V;
Reading IA1072F;
Reading IA1072L;
Reading IA1072M;
Reading IA1072N;
Reading IA1072S;
Reading IA1072T;
Reading IA1072V;
Reading IA1094F;
Reading IA1094L;
Reading IA1094M;
Reading IA1094N;
Reading IA1094S;
Reading IA1094T;
Reading IA1094V;
Reading IA1110F;
Reading IA1110L;
Reading IA1110M;
Reading IA1110N;
Residue to Mutate ILEA1029 has residue index 1028
Residue to Mutate ILEA1029 has residue index 1028
Residue to Mutate ILEA1029 has residue index 1028
Residue to Mutate ILEA1029 has residue index 1028
Residue to Mutate ILEA1042 has residue index 1041
Residue to Mutate ILEA1042 has residue index 1041
Residue to Mutate ILEA1042 has residue index 1041
Residue to Mutate ILEA1042 has residue index 1041
Residue to Mutate ILEA1042 has residue index 1041
Residue to Mutate ILEA1042 has residue index 1041
Residue to Mutate ILEA1042 has residue index 1041
Residue to Mutate ILEA1050 has residue index 1049
Residue to Mutate ILEA1050 has residue index 1049
Residue to Mutate ILEA1050 has residue index 1049
Residue to Mutate ILEA1050 has residue index 1049
Residue to Mutate ILEA1050 has residue index 1049
Residue to Mutate ILEA1050 has residue index 1049
Residue to Mutate ILEA1050 has residue index 1049
Residue to Mutate ILEA1057 has residue index 1056
Residue to Mutate ILEA1057 has residue index 1056
Residue to Mutate ILEA1057 has residue index 1056
Residue to Mutate ILEA1057 has residue index 1056
Residue to Mutate ILEA1057 has residue index 1056
Residue to Mutate ILEA1057 has residue index 1056
Residue to Mutate ILEA1057 has residue index 1056
Residue to Mutate ILEA1063 has residue index 1062
Residue to Mutate ILEA1063 has residue index 1062
Residue to Mutate ILEA1063 has residue index 1062
Residue to Mutate ILEA1063 has residue index 1062
Residue to Mutate ILEA1063 has residue index 1062
Residue to Mutate ILEA1063 has residue index 1062
Residue to Mutate ILEA1063 has residue index 1062
Residue to Mutate ILEA1072 has residue index 1071
Residue to Mutate ILEA1072 has residue index 1071
Residue to Mutate ILEA1072 has residue index 1071
Residue to Mutate ILEA1072 has residue index 1071
Residue to Mutate ILEA1072 has residue index 1071
Residue to Mutate ILEA1072 has residue index 1071
Residue to Mutate ILEA1072 has residue index 1071
Residue to Mutate ILEA1094 has residue index 1093
Residue to Mutate ILEA1094 has residue index 1093
Residue to Mutate ILEA1094 has residue index 1093
Residue to Mutate ILEA1094 has residue index 1093
Residue to Mutate ILEA1094 has residue index 1093
Residue to Mutate ILEA1094 has residue index 1093
Residue to Mutate ILEA1094 has residue index 1093
Residue to Mutate ILEA1110 has residue index 1109
Residue to Mutate ILEA1110 has residue index 1109
Residue to Mutate ILEA1110 has residue index 1109
Residue to Mutate ILEA1110 has residue index 1109
Mutating residue = ILEA1029 into ASN
Mutating residue = ILEA1029 into SER
Mutating residue = ILEA1029 into THR
Mutating residue = ILEA1029 into VAL
Mutating residue = ILEA1042 into PHE
Mutating residue = ILEA1042 into LEU
Mutating residue = ILEA1042 into MET
Mutating residue = ILEA1042 into ASN
Mutating residue = ILEA1042 into SER
Mutating residue = ILEA1042 into THR
Mutating residue = ILEA1042 into VAL
Mutating residue = ILEA1050 into PHE
Mutating residue = ILEA1050 into LEU
Mutating residue = ILEA1050 into MET
Mutating residue = ILEA1050 into ASN
Mutating residue = ILEA1050 into SER
Mutating residue = ILEA1050 into THR
Mutating residue = ILEA1050 into VAL
Mutating residue = ILEA1057 into PHE
Mutating residue = ILEA1057 into LEU
Mutating residue = ILEA1057 into MET
Mutating residue = ILEA1057 into ASN
Mutating residue = ILEA1057 into SER
Mutating residue = ILEA1057 into THR
Mutating residue = ILEA1057 into VAL
Mutating residue = ILEA1063 into PHE
Mutating residue = ILEA1063 into LEU
Mutating residue = ILEA1063 into MET
Mutating residue = ILEA1063 into ASN
Mutating residue = ILEA1063 into SER
Mutating residue = ILEA1063 into THR
Mutating residue = ILEA1063 into VAL
Mutating residue = ILEA1072 into PHE
Mutating residue = ILEA1072 into LEU
Mutating residue = ILEA1072 into MET
Mutating residue = ILEA1072 into ASN
Mutating residue = ILEA1072 into SER
Mutating residue = ILEA1072 into THR
Mutating residue = ILEA1072 into VAL
Mutating residue = ILEA1094 into PHE
Mutating residue = ILEA1094 into LEU
Mutating residue = ILEA1094 into MET
Mutating residue = ILEA1094 into ASN
Mutating residue = ILEA1094 into SER
Mutating residue = ILEA1094 into THR
Mutating residue = ILEA1094 into VAL
Mutating residue = ILEA1110 into PHE
Mutating residue = ILEA1110 into LEU
Mutating residue = ILEA1110 into MET
Mutating residue = ILEA1110 into ASN
Your file run OK
End time of FoldX: Sat May  9 16:22:53 2026
Total time spend: 350.50 seconds.
validated file "CAS9_1.pdb" => successfully finished
validated file "CAS9_2.pdb" => successfully finished
validated file "CAS9_3.pdb" => successfully finished
validated file "CAS9_4.pdb" => successfully finished
validated file "CAS9_5.pdb" => successfully finished
validated file "CAS9_6.pdb" => successfully finished
validated file "CAS9_7.pdb" => successfully finished
validated file "CAS9_8.pdb" => successfully finished
validated file "CAS9_9.pdb" => successfully finished
validated file "CAS9_10.pdb" => successfully finished
validated file "CAS9_11.pdb" => successfully finished
validated file "CAS9_12.pdb" => successfully finished
validated file "CAS9_13.pdb" => successfully finished
validated file "CAS9_14.pdb" => successfully finished
validated file "CAS9_15.pdb" => successfully finished
validated file "CAS9_16.pdb" => successfully finished
validated file "CAS9_17.pdb" => successfully finished
validated file "CAS9_18.pdb" => successfully finished
validated file "CAS9_19.pdb" => successfully finished
validated file "CAS9_20.pdb" => successfully finished
validated file "CAS9_21.pdb" => successfully finished
validated file "CAS9_22.pdb" => successfully finished
validated file "CAS9_23.pdb" => successfully finished
validated file "CAS9_24.pdb" => successfully finished
validated file "CAS9_25.pdb" => successfully finished
validated file "CAS9_26.pdb" => successfully finished
validated file "CAS9_27.pdb" => successfully finished
validated file "CAS9_28.pdb" => successfully finished
validated file "CAS9_29.pdb" => successfully finished
validated file "CAS9_30.pdb" => successfully finished
validated file "CAS9_31.pdb" => successfully finished
validated file "CAS9_32.pdb" => successfully finished
validated file "CAS9_33.pdb" => successfully finished
validated file "CAS9_34.pdb" => successfully finished
validated file "CAS9_35.pdb" => successfully finished
validated file "CAS9_36.pdb" => successfully finished
validated file "CAS9_37.pdb" => successfully finished
validated file "CAS9_38.pdb" => successfully finished
validated file "CAS9_39.pdb" => successfully finished
validated file "CAS9_40.pdb" => successfully finished
validated file "CAS9_41.pdb" => successfully finished
validated file "CAS9_42.pdb" => successfully finished
validated file "CAS9_43.pdb" => successfully finished
validated file "CAS9_44.pdb" => successfully finished
validated file "CAS9_45.pdb" => successfully finished
validated file "CAS9_46.pdb" => successfully finished
validated file "CAS9_47.pdb" => successfully finished
validated file "CAS9_48.pdb" => successfully finished
validated file "CAS9_49.pdb" => successfully finished
validated file "CAS9_50.pdb" => successfully finished
Cleaning BuildModel...DONE
任务 56 结果提取成功，已映射突变信息。
