   ********************************************
   ***                                      ***
   ***             FoldX 5.1 (c)            ***
   ***                                      ***
   ***     code by the FoldX Consortium     ***
   ***                                      ***
   ***     Jesper Borg, Frederic Rousseau   ***
   ***    Joost Schymkowitz, Luis Serrano   ***
   ***    Peter Vanhee, Erik Verschueren    ***
   ***     Lies Baeten, Javier Delgado      ***
   ***       and Francois Stricher          ***
   *** and any other of the 9! permutations ***
   ***   based on an original concept by    ***
   ***   Raphael Guerois and Luis Serrano   ***
   ********************************************

1 models read: CAS9.pdb
1 models read: CAS9.pdb

BackHbond       =               -900.22
SideHbond       =               -324.89
Energy_VdW      =               -1515.04
Electro         =               -74.00
Energy_SolvP    =               2150.66
Energy_SolvH    =               -1993.90
Energy_vdwclash =               76.97
energy_torsion  =               14.15
backbone_vdwclash=              997.87
Entropy_sidec   =               814.62
Entropy_mainc   =               2092.14
water bonds     =               0.00
helix dipole    =               -7.70
loop_entropy    =               0.00
cis_bond        =               0.00
disulfide       =               0.00
kn electrostatic=               0.00
partial covalent interactions = 0.00
Energy_Ionisation =             3.43
Entropy Complex =               0.00
-----------------------------------------------------------
Total          = 				  336.23


BackHbond       =               -900.22
SideHbond       =               -324.89
Energy_VdW      =               -1515.04
Electro         =               -74.00
Energy_SolvP    =               2150.66
Energy_SolvH    =               -1993.90
Energy_vdwclash =               76.97
energy_torsion  =               14.15
backbone_vdwclash=              997.87
Entropy_sidec   =               814.62
Entropy_mainc   =               2092.14
water bonds     =               0.00
helix dipole    =               -7.70
loop_entropy    =               0.00
cis_bond        =               0.00
disulfide       =               0.00
kn electrostatic=               0.00
partial covalent interactions = 0.00
Energy_Ionisation =             3.43
Entropy Complex =               0.00
-----------------------------------------------------------
Total          = 				  336.23

Starting BuildModel
Reading VA452G;
Reading VA452L;
Reading VA452M;
Reading VA481A;
Reading VA481E;
Reading VA481G;
Reading VA481L;
Reading VA481M;
Reading VA482A;
Reading VA482D;
Reading VA482F;
Reading VA482G;
Reading VA482I;
Reading VA482L;
Reading VA507A;
Reading VA507E;
Reading VA507G;
Reading VA507L;
Reading VA507M;
Reading VA520A;
Reading VA520D;
Reading VA520F;
Reading VA520G;
Reading VA520I;
Reading VA520L;
Reading VA527A;
Reading VA527E;
Reading VA527G;
Reading VA527L;
Reading VA527M;
Reading VA530A;
Reading VA530D;
Reading VA530F;
Reading VA530G;
Reading VA530I;
Reading VA530L;
Reading VA549A;
Reading VA549E;
Reading VA549G;
Reading VA549L;
Reading VA549M;
Reading VA559A;
Reading VA559E;
Reading VA559G;
Reading VA559L;
Reading VA559M;
Reading VA561A;
Reading VA561D;
Reading VA561F;
Reading VA561G;
Residue to Mutate VALA452 has residue index 451
Residue to Mutate VALA452 has residue index 451
Residue to Mutate VALA452 has residue index 451
Residue to Mutate VALA481 has residue index 480
Residue to Mutate VALA481 has residue index 480
Residue to Mutate VALA481 has residue index 480
Residue to Mutate VALA481 has residue index 480
Residue to Mutate VALA481 has residue index 480
Residue to Mutate VALA482 has residue index 481
Residue to Mutate VALA482 has residue index 481
Residue to Mutate VALA482 has residue index 481
Residue to Mutate VALA482 has residue index 481
Residue to Mutate VALA482 has residue index 481
Residue to Mutate VALA482 has residue index 481
Residue to Mutate VALA507 has residue index 506
Residue to Mutate VALA507 has residue index 506
Residue to Mutate VALA507 has residue index 506
Residue to Mutate VALA507 has residue index 506
Residue to Mutate VALA507 has residue index 506
Residue to Mutate VALA520 has residue index 519
Residue to Mutate VALA520 has residue index 519
Residue to Mutate VALA520 has residue index 519
Residue to Mutate VALA520 has residue index 519
Residue to Mutate VALA520 has residue index 519
Residue to Mutate VALA520 has residue index 519
Residue to Mutate VALA527 has residue index 526
Residue to Mutate VALA527 has residue index 526
Residue to Mutate VALA527 has residue index 526
Residue to Mutate VALA527 has residue index 526
Residue to Mutate VALA527 has residue index 526
Residue to Mutate VALA530 has residue index 529
Residue to Mutate VALA530 has residue index 529
Residue to Mutate VALA530 has residue index 529
Residue to Mutate VALA530 has residue index 529
Residue to Mutate VALA530 has residue index 529
Residue to Mutate VALA530 has residue index 529
Residue to Mutate VALA549 has residue index 548
Residue to Mutate VALA549 has residue index 548
Residue to Mutate VALA549 has residue index 548
Residue to Mutate VALA549 has residue index 548
Residue to Mutate VALA549 has residue index 548
Residue to Mutate VALA559 has residue index 558
Residue to Mutate VALA559 has residue index 558
Residue to Mutate VALA559 has residue index 558
Residue to Mutate VALA559 has residue index 558
Residue to Mutate VALA559 has residue index 558
Residue to Mutate VALA561 has residue index 560
Residue to Mutate VALA561 has residue index 560
Residue to Mutate VALA561 has residue index 560
Residue to Mutate VALA561 has residue index 560
Mutating residue = VALA452 into GLY
Mutating residue = VALA452 into LEU
Mutating residue = VALA452 into MET
Mutating residue = VALA481 into ALA
Mutating residue = VALA481 into GLU
Mutating residue = VALA481 into GLY
Mutating residue = VALA481 into LEU
Mutating residue = VALA481 into MET
Mutating residue = VALA482 into ALA
Mutating residue = VALA482 into ASP
Mutating residue = VALA482 into PHE
Mutating residue = VALA482 into GLY
Mutating residue = VALA482 into ILE
Mutating residue = VALA482 into LEU
Mutating residue = VALA507 into ALA
Mutating residue = VALA507 into GLU
Mutating residue = VALA507 into GLY
Mutating residue = VALA507 into LEU
Mutating residue = VALA507 into MET
Mutating residue = VALA520 into ALA
Mutating residue = VALA520 into ASP
Mutating residue = VALA520 into PHE
Mutating residue = VALA520 into GLY
Mutating residue = VALA520 into ILE
Mutating residue = VALA520 into LEU
Mutating residue = VALA527 into ALA
Mutating residue = VALA527 into GLU
Mutating residue = VALA527 into GLY
Mutating residue = VALA527 into LEU
Mutating residue = VALA527 into MET
Mutating residue = VALA530 into ALA
Mutating residue = VALA530 into ASP
Mutating residue = VALA530 into PHE
Mutating residue = VALA530 into GLY
Mutating residue = VALA530 into ILE
Mutating residue = VALA530 into LEU
Mutating residue = VALA549 into ALA
Mutating residue = VALA549 into GLU
Mutating residue = VALA549 into GLY
Mutating residue = VALA549 into LEU
Mutating residue = VALA549 into MET
Mutating residue = VALA559 into ALA
Mutating residue = VALA559 into GLU
Mutating residue = VALA559 into GLY
Mutating residue = VALA559 into LEU
Mutating residue = VALA559 into MET
Mutating residue = VALA561 into ALA
Mutating residue = VALA561 into ASP
Mutating residue = VALA561 into PHE
Mutating residue = VALA561 into GLY
Your file run OK
End time of FoldX: Sat May  9 16:23:09 2026
Total time spend: 360.34 seconds.
validated file "CAS9_1.pdb" => successfully finished
validated file "CAS9_2.pdb" => successfully finished
validated file "CAS9_3.pdb" => successfully finished
validated file "CAS9_4.pdb" => successfully finished
validated file "CAS9_5.pdb" => successfully finished
validated file "CAS9_6.pdb" => successfully finished
validated file "CAS9_7.pdb" => successfully finished
validated file "CAS9_8.pdb" => successfully finished
validated file "CAS9_9.pdb" => successfully finished
validated file "CAS9_10.pdb" => successfully finished
validated file "CAS9_11.pdb" => successfully finished
validated file "CAS9_12.pdb" => successfully finished
validated file "CAS9_13.pdb" => successfully finished
validated file "CAS9_14.pdb" => successfully finished
validated file "CAS9_15.pdb" => successfully finished
validated file "CAS9_16.pdb" => successfully finished
validated file "CAS9_17.pdb" => successfully finished
validated file "CAS9_18.pdb" => successfully finished
validated file "CAS9_19.pdb" => successfully finished
validated file "CAS9_20.pdb" => successfully finished
validated file "CAS9_21.pdb" => successfully finished
validated file "CAS9_22.pdb" => successfully finished
validated file "CAS9_23.pdb" => successfully finished
validated file "CAS9_24.pdb" => successfully finished
validated file "CAS9_25.pdb" => successfully finished
validated file "CAS9_26.pdb" => successfully finished
validated file "CAS9_27.pdb" => successfully finished
validated file "CAS9_28.pdb" => successfully finished
validated file "CAS9_29.pdb" => successfully finished
validated file "CAS9_30.pdb" => successfully finished
validated file "CAS9_31.pdb" => successfully finished
validated file "CAS9_32.pdb" => successfully finished
validated file "CAS9_33.pdb" => successfully finished
validated file "CAS9_34.pdb" => successfully finished
validated file "CAS9_35.pdb" => successfully finished
validated file "CAS9_36.pdb" => successfully finished
validated file "CAS9_37.pdb" => successfully finished
validated file "CAS9_38.pdb" => successfully finished
validated file "CAS9_39.pdb" => successfully finished
validated file "CAS9_40.pdb" => successfully finished
validated file "CAS9_41.pdb" => successfully finished
validated file "CAS9_42.pdb" => successfully finished
validated file "CAS9_43.pdb" => successfully finished
validated file "CAS9_44.pdb" => successfully finished
validated file "CAS9_45.pdb" => successfully finished
validated file "CAS9_46.pdb" => successfully finished
validated file "CAS9_47.pdb" => successfully finished
validated file "CAS9_48.pdb" => successfully finished
validated file "CAS9_49.pdb" => successfully finished
validated file "CAS9_50.pdb" => successfully finished
Cleaning BuildModel...DONE
任务 152 结果提取成功，已映射突变信息。
