   ********************************************
   ***                                      ***
   ***             FoldX 5.1 (c)            ***
   ***                                      ***
   ***     code by the FoldX Consortium     ***
   ***                                      ***
   ***     Jesper Borg, Frederic Rousseau   ***
   ***    Joost Schymkowitz, Luis Serrano   ***
   ***    Peter Vanhee, Erik Verschueren    ***
   ***     Lies Baeten, Javier Delgado      ***
   ***       and Francois Stricher          ***
   *** and any other of the 9! permutations ***
   ***   based on an original concept by    ***
   ***   Raphael Guerois and Luis Serrano   ***
   ********************************************

1 models read: CAS9.pdb
1 models read: CAS9.pdb

BackHbond       =               -900.22
SideHbond       =               -324.89
Energy_VdW      =               -1515.04
Electro         =               -74.00
Energy_SolvP    =               2150.66
Energy_SolvH    =               -1993.90
Energy_vdwclash =               76.97
energy_torsion  =               14.15
backbone_vdwclash=              997.87
Entropy_sidec   =               814.62
Entropy_mainc   =               2092.14
water bonds     =               0.00
helix dipole    =               -7.70
loop_entropy    =               0.00
cis_bond        =               0.00
disulfide       =               0.00
kn electrostatic=               0.00
partial covalent interactions = 0.00
Energy_Ionisation =             3.43
Entropy Complex =               0.00
-----------------------------------------------------------
Total          = 				  336.23


BackHbond       =               -900.22
SideHbond       =               -324.89
Energy_VdW      =               -1515.04
Electro         =               -74.00
Energy_SolvP    =               2150.66
Energy_SolvH    =               -1993.90
Energy_vdwclash =               76.97
energy_torsion  =               14.15
backbone_vdwclash=              997.87
Entropy_sidec   =               814.62
Entropy_mainc   =               2092.14
water bonds     =               0.00
helix dipole    =               -7.70
loop_entropy    =               0.00
cis_bond        =               0.00
disulfide       =               0.00
kn electrostatic=               0.00
partial covalent interactions = 0.00
Energy_Ionisation =             3.43
Entropy Complex =               0.00
-----------------------------------------------------------
Total          = 				  336.23

Starting BuildModel
Reading DA273N;
Reading DA273V;
Reading DA273Y;
Reading DA274A;
Reading DA274E;
Reading DA274G;
Reading DA274H;
Reading DA274N;
Reading DA274V;
Reading DA274Y;
Reading DA276A;
Reading DA276E;
Reading DA276G;
Reading DA276H;
Reading DA276N;
Reading DA276V;
Reading DA276Y;
Reading DA284A;
Reading DA284E;
Reading DA284G;
Reading DA284H;
Reading DA284N;
Reading DA284V;
Reading DA284Y;
Reading DA288A;
Reading DA288E;
Reading DA288G;
Reading DA288H;
Reading DA288N;
Reading DA288V;
Reading DA288Y;
Reading DA298A;
Reading DA298E;
Reading DA298G;
Reading DA298H;
Reading DA298N;
Reading DA298V;
Reading DA298Y;
Reading DA2A;
Reading DA2E;
Reading DA2G;
Reading DA2H;
Reading DA2N;
Reading DA2V;
Reading DA2Y;
Reading DA304A;
Reading DA304E;
Reading DA304G;
Reading DA304H;
Reading DA304N;
Residue to Mutate ASPA273 has residue index 272
Residue to Mutate ASPA273 has residue index 272
Residue to Mutate ASPA273 has residue index 272
Residue to Mutate ASPA274 has residue index 273
Residue to Mutate ASPA274 has residue index 273
Residue to Mutate ASPA274 has residue index 273
Residue to Mutate ASPA274 has residue index 273
Residue to Mutate ASPA274 has residue index 273
Residue to Mutate ASPA274 has residue index 273
Residue to Mutate ASPA274 has residue index 273
Residue to Mutate ASPA276 has residue index 275
Residue to Mutate ASPA276 has residue index 275
Residue to Mutate ASPA276 has residue index 275
Residue to Mutate ASPA276 has residue index 275
Residue to Mutate ASPA276 has residue index 275
Residue to Mutate ASPA276 has residue index 275
Residue to Mutate ASPA276 has residue index 275
Residue to Mutate ASPA284 has residue index 283
Residue to Mutate ASPA284 has residue index 283
Residue to Mutate ASPA284 has residue index 283
Residue to Mutate ASPA284 has residue index 283
Residue to Mutate ASPA284 has residue index 283
Residue to Mutate ASPA284 has residue index 283
Residue to Mutate ASPA284 has residue index 283
Residue to Mutate ASPA288 has residue index 287
Residue to Mutate ASPA288 has residue index 287
Residue to Mutate ASPA288 has residue index 287
Residue to Mutate ASPA288 has residue index 287
Residue to Mutate ASPA288 has residue index 287
Residue to Mutate ASPA288 has residue index 287
Residue to Mutate ASPA288 has residue index 287
Residue to Mutate ASPA298 has residue index 297
Residue to Mutate ASPA298 has residue index 297
Residue to Mutate ASPA298 has residue index 297
Residue to Mutate ASPA298 has residue index 297
Residue to Mutate ASPA298 has residue index 297
Residue to Mutate ASPA298 has residue index 297
Residue to Mutate ASPA298 has residue index 297
Residue to Mutate ASPA2 has residue index 1
Residue to Mutate ASPA2 has residue index 1
Residue to Mutate ASPA2 has residue index 1
Residue to Mutate ASPA2 has residue index 1
Residue to Mutate ASPA2 has residue index 1
Residue to Mutate ASPA2 has residue index 1
Residue to Mutate ASPA2 has residue index 1
Residue to Mutate ASPA304 has residue index 303
Residue to Mutate ASPA304 has residue index 303
Residue to Mutate ASPA304 has residue index 303
Residue to Mutate ASPA304 has residue index 303
Residue to Mutate ASPA304 has residue index 303
Mutating residue = ASPA273 into ASN
Mutating residue = ASPA273 into VAL
Mutating residue = ASPA273 into TYR
Mutating residue = ASPA274 into ALA
Mutating residue = ASPA274 into GLU
Mutating residue = ASPA274 into GLY
Mutating residue = ASPA274 into HIS
Mutating residue = ASPA274 into ASN
Mutating residue = ASPA274 into VAL
Mutating residue = ASPA274 into TYR
Mutating residue = ASPA276 into ALA
Mutating residue = ASPA276 into GLU
Mutating residue = ASPA276 into GLY
Mutating residue = ASPA276 into HIS
Mutating residue = ASPA276 into ASN
Mutating residue = ASPA276 into VAL
Mutating residue = ASPA276 into TYR
Mutating residue = ASPA284 into ALA
Mutating residue = ASPA284 into GLU
Mutating residue = ASPA284 into GLY
Mutating residue = ASPA284 into HIS
Mutating residue = ASPA284 into ASN
Mutating residue = ASPA284 into VAL
Mutating residue = ASPA284 into TYR
Mutating residue = ASPA288 into ALA
Mutating residue = ASPA288 into GLU
Mutating residue = ASPA288 into GLY
Mutating residue = ASPA288 into HIS
Mutating residue = ASPA288 into ASN
Mutating residue = ASPA288 into VAL
Mutating residue = ASPA288 into TYR
Mutating residue = ASPA298 into ALA
Mutating residue = ASPA298 into GLU
Mutating residue = ASPA298 into GLY
Mutating residue = ASPA298 into HIS
Mutating residue = ASPA298 into ASN
Mutating residue = ASPA298 into VAL
Mutating residue = ASPA298 into TYR
Mutating residue = ASPA2 into ALA
Mutating residue = ASPA2 into GLU
Mutating residue = ASPA2 into GLY
Mutating residue = ASPA2 into HIS
Mutating residue = ASPA2 into ASN
Mutating residue = ASPA2 into VAL
Mutating residue = ASPA2 into TYR
Mutating residue = ASPA304 into ALA
Mutating residue = ASPA304 into GLU
Mutating residue = ASPA304 into GLY
Mutating residue = ASPA304 into HIS
Mutating residue = ASPA304 into ASN
Your file run OK
End time of FoldX: Sat May  9 16:22:09 2026
Total time spend: 306.69 seconds.
validated file "CAS9_1.pdb" => successfully finished
validated file "CAS9_2.pdb" => successfully finished
validated file "CAS9_3.pdb" => successfully finished
validated file "CAS9_4.pdb" => successfully finished
validated file "CAS9_5.pdb" => successfully finished
validated file "CAS9_6.pdb" => successfully finished
validated file "CAS9_7.pdb" => successfully finished
validated file "CAS9_8.pdb" => successfully finished
validated file "CAS9_9.pdb" => successfully finished
validated file "CAS9_10.pdb" => successfully finished
validated file "CAS9_11.pdb" => successfully finished
validated file "CAS9_12.pdb" => successfully finished
validated file "CAS9_13.pdb" => successfully finished
validated file "CAS9_14.pdb" => successfully finished
validated file "CAS9_15.pdb" => successfully finished
validated file "CAS9_16.pdb" => successfully finished
validated file "CAS9_17.pdb" => successfully finished
validated file "CAS9_18.pdb" => successfully finished
validated file "CAS9_19.pdb" => successfully finished
validated file "CAS9_20.pdb" => successfully finished
validated file "CAS9_21.pdb" => successfully finished
validated file "CAS9_22.pdb" => successfully finished
validated file "CAS9_23.pdb" => successfully finished
validated file "CAS9_24.pdb" => successfully finished
validated file "CAS9_25.pdb" => successfully finished
validated file "CAS9_26.pdb" => successfully finished
validated file "CAS9_27.pdb" => successfully finished
validated file "CAS9_28.pdb" => successfully finished
validated file "CAS9_29.pdb" => successfully finished
validated file "CAS9_30.pdb" => successfully finished
validated file "CAS9_31.pdb" => successfully finished
validated file "CAS9_32.pdb" => successfully finished
validated file "CAS9_33.pdb" => successfully finished
validated file "CAS9_34.pdb" => successfully finished
validated file "CAS9_35.pdb" => successfully finished
validated file "CAS9_36.pdb" => successfully finished
validated file "CAS9_37.pdb" => successfully finished
validated file "CAS9_38.pdb" => successfully finished
validated file "CAS9_39.pdb" => successfully finished
validated file "CAS9_40.pdb" => successfully finished
validated file "CAS9_41.pdb" => successfully finished
validated file "CAS9_42.pdb" => successfully finished
validated file "CAS9_43.pdb" => successfully finished
validated file "CAS9_44.pdb" => successfully finished
validated file "CAS9_45.pdb" => successfully finished
validated file "CAS9_46.pdb" => successfully finished
validated file "CAS9_47.pdb" => successfully finished
validated file "CAS9_48.pdb" => successfully finished
validated file "CAS9_49.pdb" => successfully finished
validated file "CAS9_50.pdb" => successfully finished
Cleaning BuildModel...DONE
任务 15 结果提取成功，已映射突变信息。
