   ********************************************
   ***                                      ***
   ***             FoldX 5.1 (c)            ***
   ***                                      ***
   ***     code by the FoldX Consortium     ***
   ***                                      ***
   ***     Jesper Borg, Frederic Rousseau   ***
   ***    Joost Schymkowitz, Luis Serrano   ***
   ***    Peter Vanhee, Erik Verschueren    ***
   ***     Lies Baeten, Javier Delgado      ***
   ***       and Francois Stricher          ***
   *** and any other of the 9! permutations ***
   ***   based on an original concept by    ***
   ***   Raphael Guerois and Luis Serrano   ***
   ********************************************

1 models read: CAS9.pdb
1 models read: CAS9.pdb

BackHbond       =               -900.22
SideHbond       =               -324.89
Energy_VdW      =               -1515.04
Electro         =               -74.00
Energy_SolvP    =               2150.66
Energy_SolvH    =               -1993.90
Energy_vdwclash =               76.97
energy_torsion  =               14.15
backbone_vdwclash=              997.87
Entropy_sidec   =               814.62
Entropy_mainc   =               2092.14
water bonds     =               0.00
helix dipole    =               -7.70
loop_entropy    =               0.00
cis_bond        =               0.00
disulfide       =               0.00
kn electrostatic=               0.00
partial covalent interactions = 0.00
Energy_Ionisation =             3.43
Entropy Complex =               0.00
-----------------------------------------------------------
Total          = 				  336.23


BackHbond       =               -900.22
SideHbond       =               -324.89
Energy_VdW      =               -1515.04
Electro         =               -74.00
Energy_SolvP    =               2150.66
Energy_SolvH    =               -1993.90
Energy_vdwclash =               76.97
energy_torsion  =               14.15
backbone_vdwclash=              997.87
Entropy_sidec   =               814.62
Entropy_mainc   =               2092.14
water bonds     =               0.00
helix dipole    =               -7.70
loop_entropy    =               0.00
cis_bond        =               0.00
disulfide       =               0.00
kn electrostatic=               0.00
partial covalent interactions = 0.00
Energy_Ionisation =             3.43
Entropy Complex =               0.00
-----------------------------------------------------------
Total          = 				  336.23

Starting BuildModel
Reading PA230L;
Reading PA230Q;
Reading PA230R;
Reading PA230S;
Reading PA230T;
Reading PA250A;
Reading PA250H;
Reading PA250L;
Reading PA250R;
Reading PA250S;
Reading PA250T;
Reading PA28A;
Reading PA28L;
Reading PA28Q;
Reading PA28R;
Reading PA28S;
Reading PA28T;
Reading PA316A;
Reading PA316H;
Reading PA316L;
Reading PA316R;
Reading PA316S;
Reading PA316T;
Reading PA344A;
Reading PA344H;
Reading PA344L;
Reading PA344R;
Reading PA344S;
Reading PA344T;
Reading PA378A;
Reading PA378H;
Reading PA378L;
Reading PA378R;
Reading PA378S;
Reading PA378T;
Reading PA411A;
Reading PA411H;
Reading PA411L;
Reading PA411R;
Reading PA411S;
Reading PA411T;
Reading PA431A;
Reading PA431L;
Reading PA431Q;
Reading PA431R;
Reading PA431S;
Reading PA431T;
Reading PA449A;
Reading PA449H;
Reading PA449L;
Residue to Mutate PROA230 has residue index 229
Residue to Mutate PROA230 has residue index 229
Residue to Mutate PROA230 has residue index 229
Residue to Mutate PROA230 has residue index 229
Residue to Mutate PROA230 has residue index 229
Residue to Mutate PROA250 has residue index 249
Residue to Mutate PROA250 has residue index 249
Residue to Mutate PROA250 has residue index 249
Residue to Mutate PROA250 has residue index 249
Residue to Mutate PROA250 has residue index 249
Residue to Mutate PROA250 has residue index 249
Residue to Mutate PROA28 has residue index 27
Residue to Mutate PROA28 has residue index 27
Residue to Mutate PROA28 has residue index 27
Residue to Mutate PROA28 has residue index 27
Residue to Mutate PROA28 has residue index 27
Residue to Mutate PROA28 has residue index 27
Residue to Mutate PROA316 has residue index 315
Residue to Mutate PROA316 has residue index 315
Residue to Mutate PROA316 has residue index 315
Residue to Mutate PROA316 has residue index 315
Residue to Mutate PROA316 has residue index 315
Residue to Mutate PROA316 has residue index 315
Residue to Mutate PROA344 has residue index 343
Residue to Mutate PROA344 has residue index 343
Residue to Mutate PROA344 has residue index 343
Residue to Mutate PROA344 has residue index 343
Residue to Mutate PROA344 has residue index 343
Residue to Mutate PROA344 has residue index 343
Residue to Mutate PROA378 has residue index 377
Residue to Mutate PROA378 has residue index 377
Residue to Mutate PROA378 has residue index 377
Residue to Mutate PROA378 has residue index 377
Residue to Mutate PROA378 has residue index 377
Residue to Mutate PROA378 has residue index 377
Residue to Mutate PROA411 has residue index 410
Residue to Mutate PROA411 has residue index 410
Residue to Mutate PROA411 has residue index 410
Residue to Mutate PROA411 has residue index 410
Residue to Mutate PROA411 has residue index 410
Residue to Mutate PROA411 has residue index 410
Residue to Mutate PROA431 has residue index 430
Residue to Mutate PROA431 has residue index 430
Residue to Mutate PROA431 has residue index 430
Residue to Mutate PROA431 has residue index 430
Residue to Mutate PROA431 has residue index 430
Residue to Mutate PROA431 has residue index 430
Residue to Mutate PROA449 has residue index 448
Residue to Mutate PROA449 has residue index 448
Residue to Mutate PROA449 has residue index 448
Mutating residue = PROA230 into LEU
Mutating residue = PROA230 into GLN
Mutating residue = PROA230 into ARG
Mutating residue = PROA230 into SER
Mutating residue = PROA230 into THR
Mutating residue = PROA250 into ALA
Mutating residue = PROA250 into HIS
Mutating residue = PROA250 into LEU
Mutating residue = PROA250 into ARG
Mutating residue = PROA250 into SER
Mutating residue = PROA250 into THR
Mutating residue = PROA28 into ALA
Mutating residue = PROA28 into LEU
Mutating residue = PROA28 into GLN
Mutating residue = PROA28 into ARG
Mutating residue = PROA28 into SER
Mutating residue = PROA28 into THR
Mutating residue = PROA316 into ALA
Mutating residue = PROA316 into HIS
Mutating residue = PROA316 into LEU
Mutating residue = PROA316 into ARG
Mutating residue = PROA316 into SER
Mutating residue = PROA316 into THR
Mutating residue = PROA344 into ALA
Mutating residue = PROA344 into HIS
Mutating residue = PROA344 into LEU
Mutating residue = PROA344 into ARG
Mutating residue = PROA344 into SER
Mutating residue = PROA344 into THR
Mutating residue = PROA378 into ALA
Mutating residue = PROA378 into HIS
Mutating residue = PROA378 into LEU
Mutating residue = PROA378 into ARG
Mutating residue = PROA378 into SER
Mutating residue = PROA378 into THR
Mutating residue = PROA411 into ALA
Mutating residue = PROA411 into HIS
Mutating residue = PROA411 into LEU
Mutating residue = PROA411 into ARG
Mutating residue = PROA411 into SER
Mutating residue = PROA411 into THR
Mutating residue = PROA431 into ALA
Mutating residue = PROA431 into LEU
Mutating residue = PROA431 into GLN
Mutating residue = PROA431 into ARG
Mutating residue = PROA431 into SER
Mutating residue = PROA431 into THR
Mutating residue = PROA449 into ALA
Mutating residue = PROA449 into HIS
Mutating residue = PROA449 into LEU
Your file run OK
End time of FoldX: Sat May  9 16:21:14 2026
Total time spend: 245.21 seconds.
validated file "CAS9_1.pdb" => successfully finished
validated file "CAS9_2.pdb" => successfully finished
validated file "CAS9_3.pdb" => successfully finished
validated file "CAS9_4.pdb" => successfully finished
validated file "CAS9_5.pdb" => successfully finished
validated file "CAS9_6.pdb" => successfully finished
validated file "CAS9_7.pdb" => successfully finished
validated file "CAS9_8.pdb" => successfully finished
validated file "CAS9_9.pdb" => successfully finished
validated file "CAS9_10.pdb" => successfully finished
validated file "CAS9_11.pdb" => successfully finished
validated file "CAS9_12.pdb" => successfully finished
validated file "CAS9_13.pdb" => successfully finished
validated file "CAS9_14.pdb" => successfully finished
validated file "CAS9_15.pdb" => successfully finished
validated file "CAS9_16.pdb" => successfully finished
validated file "CAS9_17.pdb" => successfully finished
validated file "CAS9_18.pdb" => successfully finished
validated file "CAS9_19.pdb" => successfully finished
validated file "CAS9_20.pdb" => successfully finished
validated file "CAS9_21.pdb" => successfully finished
validated file "CAS9_22.pdb" => successfully finished
validated file "CAS9_23.pdb" => successfully finished
validated file "CAS9_24.pdb" => successfully finished
validated file "CAS9_25.pdb" => successfully finished
validated file "CAS9_26.pdb" => successfully finished
validated file "CAS9_27.pdb" => successfully finished
validated file "CAS9_28.pdb" => successfully finished
validated file "CAS9_29.pdb" => successfully finished
validated file "CAS9_30.pdb" => successfully finished
validated file "CAS9_31.pdb" => successfully finished
validated file "CAS9_32.pdb" => successfully finished
validated file "CAS9_33.pdb" => successfully finished
validated file "CAS9_34.pdb" => successfully finished
validated file "CAS9_35.pdb" => successfully finished
validated file "CAS9_36.pdb" => successfully finished
validated file "CAS9_37.pdb" => successfully finished
validated file "CAS9_38.pdb" => successfully finished
validated file "CAS9_39.pdb" => successfully finished
validated file "CAS9_40.pdb" => successfully finished
validated file "CAS9_41.pdb" => successfully finished
validated file "CAS9_42.pdb" => successfully finished
validated file "CAS9_43.pdb" => successfully finished
validated file "CAS9_44.pdb" => successfully finished
validated file "CAS9_45.pdb" => successfully finished
validated file "CAS9_46.pdb" => successfully finished
validated file "CAS9_47.pdb" => successfully finished
validated file "CAS9_48.pdb" => successfully finished
validated file "CAS9_49.pdb" => successfully finished
validated file "CAS9_50.pdb" => successfully finished
Cleaning BuildModel...DONE
任务 116 结果提取成功，已映射突变信息。
