   ********************************************
   ***                                      ***
   ***             FoldX 5.1 (c)            ***
   ***                                      ***
   ***     code by the FoldX Consortium     ***
   ***                                      ***
   ***     Jesper Borg, Frederic Rousseau   ***
   ***    Joost Schymkowitz, Luis Serrano   ***
   ***    Peter Vanhee, Erik Verschueren    ***
   ***     Lies Baeten, Javier Delgado      ***
   ***       and Francois Stricher          ***
   *** and any other of the 9! permutations ***
   ***   based on an original concept by    ***
   ***   Raphael Guerois and Luis Serrano   ***
   ********************************************

1 models read: CAS9.pdb
1 models read: CAS9.pdb

BackHbond       =               -900.22
SideHbond       =               -324.89
Energy_VdW      =               -1515.04
Electro         =               -74.00
Energy_SolvP    =               2150.66
Energy_SolvH    =               -1993.90
Energy_vdwclash =               76.97
energy_torsion  =               14.15
backbone_vdwclash=              997.87
Entropy_sidec   =               814.62
Entropy_mainc   =               2092.14
water bonds     =               0.00
helix dipole    =               -7.70
loop_entropy    =               0.00
cis_bond        =               0.00
disulfide       =               0.00
kn electrostatic=               0.00
partial covalent interactions = 0.00
Energy_Ionisation =             3.43
Entropy Complex =               0.00
-----------------------------------------------------------
Total          = 				  336.23


BackHbond       =               -900.22
SideHbond       =               -324.89
Energy_VdW      =               -1515.04
Electro         =               -74.00
Energy_SolvP    =               2150.66
Energy_SolvH    =               -1993.90
Energy_vdwclash =               76.97
energy_torsion  =               14.15
backbone_vdwclash=              997.87
Entropy_sidec   =               814.62
Entropy_mainc   =               2092.14
water bonds     =               0.00
helix dipole    =               -7.70
loop_entropy    =               0.00
cis_bond        =               0.00
disulfide       =               0.00
kn electrostatic=               0.00
partial covalent interactions = 0.00
Energy_Ionisation =             3.43
Entropy Complex =               0.00
-----------------------------------------------------------
Total          = 				  336.23

Starting BuildModel
Reading IA350M;
Reading IA350N;
Reading IA350S;
Reading IA350T;
Reading IA350V;
Reading IA363F;
Reading IA363L;
Reading IA363M;
Reading IA363N;
Reading IA363S;
Reading IA363T;
Reading IA363V;
Reading IA376F;
Reading IA376L;
Reading IA376M;
Reading IA376N;
Reading IA376S;
Reading IA376T;
Reading IA376V;
Reading IA379F;
Reading IA379L;
Reading IA379M;
Reading IA379N;
Reading IA379S;
Reading IA379T;
Reading IA379V;
Reading IA410F;
Reading IA410L;
Reading IA410M;
Reading IA410N;
Reading IA410S;
Reading IA410T;
Reading IA410V;
Reading IA414F;
Reading IA414L;
Reading IA414M;
Reading IA414N;
Reading IA414S;
Reading IA414T;
Reading IA414V;
Reading IA422F;
Reading IA422L;
Reading IA422M;
Reading IA422N;
Reading IA422S;
Reading IA422T;
Reading IA422V;
Reading IA43F;
Reading IA43L;
Reading IA43M;
Residue to Mutate ILEA350 has residue index 349
Residue to Mutate ILEA350 has residue index 349
Residue to Mutate ILEA350 has residue index 349
Residue to Mutate ILEA350 has residue index 349
Residue to Mutate ILEA350 has residue index 349
Residue to Mutate ILEA363 has residue index 362
Residue to Mutate ILEA363 has residue index 362
Residue to Mutate ILEA363 has residue index 362
Residue to Mutate ILEA363 has residue index 362
Residue to Mutate ILEA363 has residue index 362
Residue to Mutate ILEA363 has residue index 362
Residue to Mutate ILEA363 has residue index 362
Residue to Mutate ILEA376 has residue index 375
Residue to Mutate ILEA376 has residue index 375
Residue to Mutate ILEA376 has residue index 375
Residue to Mutate ILEA376 has residue index 375
Residue to Mutate ILEA376 has residue index 375
Residue to Mutate ILEA376 has residue index 375
Residue to Mutate ILEA376 has residue index 375
Residue to Mutate ILEA379 has residue index 378
Residue to Mutate ILEA379 has residue index 378
Residue to Mutate ILEA379 has residue index 378
Residue to Mutate ILEA379 has residue index 378
Residue to Mutate ILEA379 has residue index 378
Residue to Mutate ILEA379 has residue index 378
Residue to Mutate ILEA379 has residue index 378
Residue to Mutate ILEA410 has residue index 409
Residue to Mutate ILEA410 has residue index 409
Residue to Mutate ILEA410 has residue index 409
Residue to Mutate ILEA410 has residue index 409
Residue to Mutate ILEA410 has residue index 409
Residue to Mutate ILEA410 has residue index 409
Residue to Mutate ILEA410 has residue index 409
Residue to Mutate ILEA414 has residue index 413
Residue to Mutate ILEA414 has residue index 413
Residue to Mutate ILEA414 has residue index 413
Residue to Mutate ILEA414 has residue index 413
Residue to Mutate ILEA414 has residue index 413
Residue to Mutate ILEA414 has residue index 413
Residue to Mutate ILEA414 has residue index 413
Residue to Mutate ILEA422 has residue index 421
Residue to Mutate ILEA422 has residue index 421
Residue to Mutate ILEA422 has residue index 421
Residue to Mutate ILEA422 has residue index 421
Residue to Mutate ILEA422 has residue index 421
Residue to Mutate ILEA422 has residue index 421
Residue to Mutate ILEA422 has residue index 421
Residue to Mutate ILEA43 has residue index 42
Residue to Mutate ILEA43 has residue index 42
Residue to Mutate ILEA43 has residue index 42
Mutating residue = ILEA350 into MET
Mutating residue = ILEA350 into ASN
Mutating residue = ILEA350 into SER
Mutating residue = ILEA350 into THR
Mutating residue = ILEA350 into VAL
Mutating residue = ILEA363 into PHE
Mutating residue = ILEA363 into LEU
Mutating residue = ILEA363 into MET
Mutating residue = ILEA363 into ASN
Mutating residue = ILEA363 into SER
Mutating residue = ILEA363 into THR
Mutating residue = ILEA363 into VAL
Mutating residue = ILEA376 into PHE
Mutating residue = ILEA376 into LEU
Mutating residue = ILEA376 into MET
Mutating residue = ILEA376 into ASN
Mutating residue = ILEA376 into SER
Mutating residue = ILEA376 into THR
Mutating residue = ILEA376 into VAL
Mutating residue = ILEA379 into PHE
Mutating residue = ILEA379 into LEU
Mutating residue = ILEA379 into MET
Mutating residue = ILEA379 into ASN
Mutating residue = ILEA379 into SER
Mutating residue = ILEA379 into THR
Mutating residue = ILEA379 into VAL
Mutating residue = ILEA410 into PHE
Mutating residue = ILEA410 into LEU
Mutating residue = ILEA410 into MET
Mutating residue = ILEA410 into ASN
Mutating residue = ILEA410 into SER
Mutating residue = ILEA410 into THR
Mutating residue = ILEA410 into VAL
Mutating residue = ILEA414 into PHE
Mutating residue = ILEA414 into LEU
Mutating residue = ILEA414 into MET
Mutating residue = ILEA414 into ASN
Mutating residue = ILEA414 into SER
Mutating residue = ILEA414 into THR
Mutating residue = ILEA414 into VAL
Mutating residue = ILEA422 into PHE
Mutating residue = ILEA422 into LEU
Mutating residue = ILEA422 into MET
Mutating residue = ILEA422 into ASN
Mutating residue = ILEA422 into SER
Mutating residue = ILEA422 into THR
Mutating residue = ILEA422 into VAL
Mutating residue = ILEA43 into PHE
Mutating residue = ILEA43 into LEU
Mutating residue = ILEA43 into MET
Your file run OK
End time of FoldX: Sat May  9 16:22:27 2026
Total time spend: 324.07 seconds.
validated file "CAS9_1.pdb" => successfully finished
validated file "CAS9_2.pdb" => successfully finished
validated file "CAS9_3.pdb" => successfully finished
validated file "CAS9_4.pdb" => successfully finished
validated file "CAS9_5.pdb" => successfully finished
validated file "CAS9_6.pdb" => successfully finished
validated file "CAS9_7.pdb" => successfully finished
validated file "CAS9_8.pdb" => successfully finished
validated file "CAS9_9.pdb" => successfully finished
validated file "CAS9_10.pdb" => successfully finished
validated file "CAS9_11.pdb" => successfully finished
validated file "CAS9_12.pdb" => successfully finished
validated file "CAS9_13.pdb" => successfully finished
validated file "CAS9_14.pdb" => successfully finished
validated file "CAS9_15.pdb" => successfully finished
validated file "CAS9_16.pdb" => successfully finished
validated file "CAS9_17.pdb" => successfully finished
validated file "CAS9_18.pdb" => successfully finished
validated file "CAS9_19.pdb" => successfully finished
validated file "CAS9_20.pdb" => successfully finished
validated file "CAS9_21.pdb" => successfully finished
validated file "CAS9_22.pdb" => successfully finished
validated file "CAS9_23.pdb" => successfully finished
validated file "CAS9_24.pdb" => successfully finished
validated file "CAS9_25.pdb" => successfully finished
validated file "CAS9_26.pdb" => successfully finished
validated file "CAS9_27.pdb" => successfully finished
validated file "CAS9_28.pdb" => successfully finished
validated file "CAS9_29.pdb" => successfully finished
validated file "CAS9_30.pdb" => successfully finished
validated file "CAS9_31.pdb" => successfully finished
validated file "CAS9_32.pdb" => successfully finished
validated file "CAS9_33.pdb" => successfully finished
validated file "CAS9_34.pdb" => successfully finished
validated file "CAS9_35.pdb" => successfully finished
validated file "CAS9_36.pdb" => successfully finished
validated file "CAS9_37.pdb" => successfully finished
validated file "CAS9_38.pdb" => successfully finished
validated file "CAS9_39.pdb" => successfully finished
validated file "CAS9_40.pdb" => successfully finished
validated file "CAS9_41.pdb" => successfully finished
validated file "CAS9_42.pdb" => successfully finished
validated file "CAS9_43.pdb" => successfully finished
validated file "CAS9_44.pdb" => successfully finished
validated file "CAS9_45.pdb" => successfully finished
validated file "CAS9_46.pdb" => successfully finished
validated file "CAS9_47.pdb" => successfully finished
validated file "CAS9_48.pdb" => successfully finished
validated file "CAS9_49.pdb" => successfully finished
validated file "CAS9_50.pdb" => successfully finished
Cleaning BuildModel...DONE
任务 62 结果提取成功，已映射突变信息。
