   ********************************************
   ***                                      ***
   ***             FoldX 5.1 (c)            ***
   ***                                      ***
   ***     code by the FoldX Consortium     ***
   ***                                      ***
   ***     Jesper Borg, Frederic Rousseau   ***
   ***    Joost Schymkowitz, Luis Serrano   ***
   ***    Peter Vanhee, Erik Verschueren    ***
   ***     Lies Baeten, Javier Delgado      ***
   ***       and Francois Stricher          ***
   *** and any other of the 9! permutations ***
   ***   based on an original concept by    ***
   ***   Raphael Guerois and Luis Serrano   ***
   ********************************************

1 models read: CAS9.pdb
1 models read: CAS9.pdb

BackHbond       =               -900.22
SideHbond       =               -324.89
Energy_VdW      =               -1515.04
Electro         =               -74.00
Energy_SolvP    =               2150.66
Energy_SolvH    =               -1993.90
Energy_vdwclash =               76.97
energy_torsion  =               14.15
backbone_vdwclash=              997.87
Entropy_sidec   =               814.62
Entropy_mainc   =               2092.14
water bonds     =               0.00
helix dipole    =               -7.70
loop_entropy    =               0.00
cis_bond        =               0.00
disulfide       =               0.00
kn electrostatic=               0.00
partial covalent interactions = 0.00
Energy_Ionisation =             3.43
Entropy Complex =               0.00
-----------------------------------------------------------
Total          = 				  336.23


BackHbond       =               -900.22
SideHbond       =               -324.89
Energy_VdW      =               -1515.04
Electro         =               -74.00
Energy_SolvP    =               2150.66
Energy_SolvH    =               -1993.90
Energy_vdwclash =               76.97
energy_torsion  =               14.15
backbone_vdwclash=              997.87
Entropy_sidec   =               814.62
Entropy_mainc   =               2092.14
water bonds     =               0.00
helix dipole    =               -7.70
loop_entropy    =               0.00
cis_bond        =               0.00
disulfide       =               0.00
kn electrostatic=               0.00
partial covalent interactions = 0.00
Energy_Ionisation =             3.43
Entropy Complex =               0.00
-----------------------------------------------------------
Total          = 				  336.23

Starting BuildModel
Reading YA1013D;
Reading YA1013F;
Reading YA1013H;
Reading YA1013N;
Reading YA1013S;
Reading YA1016C;
Reading YA1016D;
Reading YA1016F;
Reading YA1016H;
Reading YA1016N;
Reading YA1016S;
Reading YA1036C;
Reading YA1036D;
Reading YA1036F;
Reading YA1036H;
Reading YA1036N;
Reading YA1036S;
Reading YA1039C;
Reading YA1039D;
Reading YA1039F;
Reading YA1039H;
Reading YA1039N;
Reading YA1039S;
Reading YA1131C;
Reading YA1131D;
Reading YA1131F;
Reading YA1131H;
Reading YA1131N;
Reading YA1131S;
Reading YA1141C;
Reading YA1141D;
Reading YA1141F;
Reading YA1141H;
Reading YA1141N;
Reading YA1141S;
Reading YA1187C;
Reading YA1187D;
Reading YA1187F;
Reading YA1187H;
Reading YA1187N;
Reading YA1187S;
Reading YA1201C;
Reading YA1201D;
Reading YA1201F;
Reading YA1201H;
Reading YA1201N;
Reading YA1201S;
Reading YA1232C;
Reading YA1232D;
Reading YA1232F;
Residue to Mutate TYRA1013 has residue index 1012
Residue to Mutate TYRA1013 has residue index 1012
Residue to Mutate TYRA1013 has residue index 1012
Residue to Mutate TYRA1013 has residue index 1012
Residue to Mutate TYRA1013 has residue index 1012
Residue to Mutate TYRA1016 has residue index 1015
Residue to Mutate TYRA1016 has residue index 1015
Residue to Mutate TYRA1016 has residue index 1015
Residue to Mutate TYRA1016 has residue index 1015
Residue to Mutate TYRA1016 has residue index 1015
Residue to Mutate TYRA1016 has residue index 1015
Residue to Mutate TYRA1036 has residue index 1035
Residue to Mutate TYRA1036 has residue index 1035
Residue to Mutate TYRA1036 has residue index 1035
Residue to Mutate TYRA1036 has residue index 1035
Residue to Mutate TYRA1036 has residue index 1035
Residue to Mutate TYRA1036 has residue index 1035
Residue to Mutate TYRA1039 has residue index 1038
Residue to Mutate TYRA1039 has residue index 1038
Residue to Mutate TYRA1039 has residue index 1038
Residue to Mutate TYRA1039 has residue index 1038
Residue to Mutate TYRA1039 has residue index 1038
Residue to Mutate TYRA1039 has residue index 1038
Residue to Mutate TYRA1131 has residue index 1130
Residue to Mutate TYRA1131 has residue index 1130
Residue to Mutate TYRA1131 has residue index 1130
Residue to Mutate TYRA1131 has residue index 1130
Residue to Mutate TYRA1131 has residue index 1130
Residue to Mutate TYRA1131 has residue index 1130
Residue to Mutate TYRA1141 has residue index 1140
Residue to Mutate TYRA1141 has residue index 1140
Residue to Mutate TYRA1141 has residue index 1140
Residue to Mutate TYRA1141 has residue index 1140
Residue to Mutate TYRA1141 has residue index 1140
Residue to Mutate TYRA1141 has residue index 1140
Residue to Mutate TYRA1187 has residue index 1186
Residue to Mutate TYRA1187 has residue index 1186
Residue to Mutate TYRA1187 has residue index 1186
Residue to Mutate TYRA1187 has residue index 1186
Residue to Mutate TYRA1187 has residue index 1186
Residue to Mutate TYRA1187 has residue index 1186
Residue to Mutate TYRA1201 has residue index 1200
Residue to Mutate TYRA1201 has residue index 1200
Residue to Mutate TYRA1201 has residue index 1200
Residue to Mutate TYRA1201 has residue index 1200
Residue to Mutate TYRA1201 has residue index 1200
Residue to Mutate TYRA1201 has residue index 1200
Residue to Mutate TYRA1232 has residue index 1231
Residue to Mutate TYRA1232 has residue index 1231
Residue to Mutate TYRA1232 has residue index 1231
Mutating residue = TYRA1013 into ASP
Mutating residue = TYRA1013 into PHE
Mutating residue = TYRA1013 into HIS
Mutating residue = TYRA1013 into ASN
Mutating residue = TYRA1013 into SER
Mutating residue = TYRA1016 into CYS
Mutating residue = TYRA1016 into ASP
Mutating residue = TYRA1016 into PHE
Mutating residue = TYRA1016 into HIS
Mutating residue = TYRA1016 into ASN
Mutating residue = TYRA1016 into SER
Mutating residue = TYRA1036 into CYS
Mutating residue = TYRA1036 into ASP
Mutating residue = TYRA1036 into PHE
Mutating residue = TYRA1036 into HIS
Mutating residue = TYRA1036 into ASN
Mutating residue = TYRA1036 into SER
Mutating residue = TYRA1039 into CYS
Mutating residue = TYRA1039 into ASP
Mutating residue = TYRA1039 into PHE
Mutating residue = TYRA1039 into HIS
Mutating residue = TYRA1039 into ASN
Mutating residue = TYRA1039 into SER
Mutating residue = TYRA1131 into CYS
Mutating residue = TYRA1131 into ASP
Mutating residue = TYRA1131 into PHE
Mutating residue = TYRA1131 into HIS
Mutating residue = TYRA1131 into ASN
Mutating residue = TYRA1131 into SER
Mutating residue = TYRA1141 into CYS
Mutating residue = TYRA1141 into ASP
Mutating residue = TYRA1141 into PHE
Mutating residue = TYRA1141 into HIS
Mutating residue = TYRA1141 into ASN
Mutating residue = TYRA1141 into SER
Mutating residue = TYRA1187 into CYS
Mutating residue = TYRA1187 into ASP
Mutating residue = TYRA1187 into PHE
Mutating residue = TYRA1187 into HIS
Mutating residue = TYRA1187 into ASN
Mutating residue = TYRA1187 into SER
Mutating residue = TYRA1201 into CYS
Mutating residue = TYRA1201 into ASP
Mutating residue = TYRA1201 into PHE
Mutating residue = TYRA1201 into HIS
Mutating residue = TYRA1201 into ASN
Mutating residue = TYRA1201 into SER
Mutating residue = TYRA1232 into CYS
Mutating residue = TYRA1232 into ASP
Mutating residue = TYRA1232 into PHE
Your file run OK
End time of FoldX: Sat May  9 16:29:38 2026
Total time spend: 747.72 seconds.
validated file "CAS9_1.pdb" => successfully finished
validated file "CAS9_2.pdb" => successfully finished
validated file "CAS9_3.pdb" => successfully finished
validated file "CAS9_4.pdb" => successfully finished
validated file "CAS9_5.pdb" => successfully finished
validated file "CAS9_6.pdb" => successfully finished
validated file "CAS9_7.pdb" => successfully finished
validated file "CAS9_8.pdb" => successfully finished
validated file "CAS9_9.pdb" => successfully finished
validated file "CAS9_10.pdb" => successfully finished
validated file "CAS9_11.pdb" => successfully finished
validated file "CAS9_12.pdb" => successfully finished
validated file "CAS9_13.pdb" => successfully finished
validated file "CAS9_14.pdb" => successfully finished
validated file "CAS9_15.pdb" => successfully finished
validated file "CAS9_16.pdb" => successfully finished
validated file "CAS9_17.pdb" => successfully finished
validated file "CAS9_18.pdb" => successfully finished
validated file "CAS9_19.pdb" => successfully finished
validated file "CAS9_20.pdb" => successfully finished
validated file "CAS9_21.pdb" => successfully finished
validated file "CAS9_22.pdb" => successfully finished
validated file "CAS9_23.pdb" => successfully finished
validated file "CAS9_24.pdb" => successfully finished
validated file "CAS9_25.pdb" => successfully finished
validated file "CAS9_26.pdb" => successfully finished
validated file "CAS9_27.pdb" => successfully finished
validated file "CAS9_28.pdb" => successfully finished
validated file "CAS9_29.pdb" => successfully finished
validated file "CAS9_30.pdb" => successfully finished
validated file "CAS9_31.pdb" => successfully finished
validated file "CAS9_32.pdb" => successfully finished
validated file "CAS9_33.pdb" => successfully finished
validated file "CAS9_34.pdb" => successfully finished
validated file "CAS9_35.pdb" => successfully finished
validated file "CAS9_36.pdb" => successfully finished
validated file "CAS9_37.pdb" => successfully finished
validated file "CAS9_38.pdb" => successfully finished
validated file "CAS9_39.pdb" => successfully finished
validated file "CAS9_40.pdb" => successfully finished
validated file "CAS9_41.pdb" => successfully finished
validated file "CAS9_42.pdb" => successfully finished
validated file "CAS9_43.pdb" => successfully finished
validated file "CAS9_44.pdb" => successfully finished
validated file "CAS9_45.pdb" => successfully finished
validated file "CAS9_46.pdb" => successfully finished
validated file "CAS9_47.pdb" => successfully finished
validated file "CAS9_48.pdb" => successfully finished
validated file "CAS9_49.pdb" => successfully finished
validated file "CAS9_50.pdb" => successfully finished
Cleaning BuildModel...DONE
任务 157 结果提取成功，已映射突变信息。
