   ********************************************
   ***                                      ***
   ***             FoldX 5.1 (c)            ***
   ***                                      ***
   ***     code by the FoldX Consortium     ***
   ***                                      ***
   ***     Jesper Borg, Frederic Rousseau   ***
   ***    Joost Schymkowitz, Luis Serrano   ***
   ***    Peter Vanhee, Erik Verschueren    ***
   ***     Lies Baeten, Javier Delgado      ***
   ***       and Francois Stricher          ***
   *** and any other of the 9! permutations ***
   ***   based on an original concept by    ***
   ***   Raphael Guerois and Luis Serrano   ***
   ********************************************

1 models read: CAS9.pdb
1 models read: CAS9.pdb

BackHbond       =               -900.22
SideHbond       =               -324.89
Energy_VdW      =               -1515.04
Electro         =               -74.00
Energy_SolvP    =               2150.66
Energy_SolvH    =               -1993.90
Energy_vdwclash =               76.97
energy_torsion  =               14.15
backbone_vdwclash=              997.87
Entropy_sidec   =               814.62
Entropy_mainc   =               2092.14
water bonds     =               0.00
helix dipole    =               -7.70
loop_entropy    =               0.00
cis_bond        =               0.00
disulfide       =               0.00
kn electrostatic=               0.00
partial covalent interactions = 0.00
Energy_Ionisation =             3.43
Entropy Complex =               0.00
-----------------------------------------------------------
Total          = 				  336.23


BackHbond       =               -900.22
SideHbond       =               -324.89
Energy_VdW      =               -1515.04
Electro         =               -74.00
Energy_SolvP    =               2150.66
Energy_SolvH    =               -1993.90
Energy_vdwclash =               76.97
energy_torsion  =               14.15
backbone_vdwclash=              997.87
Entropy_sidec   =               814.62
Entropy_mainc   =               2092.14
water bonds     =               0.00
helix dipole    =               -7.70
loop_entropy    =               0.00
cis_bond        =               0.00
disulfide       =               0.00
kn electrostatic=               0.00
partial covalent interactions = 0.00
Energy_Ionisation =             3.43
Entropy Complex =               0.00
-----------------------------------------------------------
Total          = 				  336.23

Starting BuildModel
Reading NA1115I;
Reading NA1115K;
Reading NA1115S;
Reading NA1115T;
Reading NA1115Y;
Reading NA1177D;
Reading NA1177H;
Reading NA1177I;
Reading NA1177K;
Reading NA1177S;
Reading NA1177T;
Reading NA1177Y;
Reading NA1208D;
Reading NA1208H;
Reading NA1208I;
Reading NA1208K;
Reading NA1208S;
Reading NA1208T;
Reading NA1208Y;
Reading NA121D;
Reading NA121H;
Reading NA121I;
Reading NA121K;
Reading NA121S;
Reading NA121T;
Reading NA121Y;
Reading NA1224D;
Reading NA1224H;
Reading NA1224I;
Reading NA1224K;
Reading NA1224S;
Reading NA1224T;
Reading NA1224Y;
Reading NA1234D;
Reading NA1234H;
Reading NA1234I;
Reading NA1234K;
Reading NA1234S;
Reading NA1234T;
Reading NA1234Y;
Reading NA1252D;
Reading NA1252H;
Reading NA1252I;
Reading NA1252K;
Reading NA1252S;
Reading NA1252T;
Reading NA1252Y;
Reading NA1286D;
Reading NA1286H;
Reading NA1286I;
Residue to Mutate ASNA1115 has residue index 1114
Residue to Mutate ASNA1115 has residue index 1114
Residue to Mutate ASNA1115 has residue index 1114
Residue to Mutate ASNA1115 has residue index 1114
Residue to Mutate ASNA1115 has residue index 1114
Residue to Mutate ASNA1177 has residue index 1176
Residue to Mutate ASNA1177 has residue index 1176
Residue to Mutate ASNA1177 has residue index 1176
Residue to Mutate ASNA1177 has residue index 1176
Residue to Mutate ASNA1177 has residue index 1176
Residue to Mutate ASNA1177 has residue index 1176
Residue to Mutate ASNA1177 has residue index 1176
Residue to Mutate ASNA1208 has residue index 1207
Residue to Mutate ASNA1208 has residue index 1207
Residue to Mutate ASNA1208 has residue index 1207
Residue to Mutate ASNA1208 has residue index 1207
Residue to Mutate ASNA1208 has residue index 1207
Residue to Mutate ASNA1208 has residue index 1207
Residue to Mutate ASNA1208 has residue index 1207
Residue to Mutate ASNA121 has residue index 120
Residue to Mutate ASNA121 has residue index 120
Residue to Mutate ASNA121 has residue index 120
Residue to Mutate ASNA121 has residue index 120
Residue to Mutate ASNA121 has residue index 120
Residue to Mutate ASNA121 has residue index 120
Residue to Mutate ASNA121 has residue index 120
Residue to Mutate ASNA1224 has residue index 1223
Residue to Mutate ASNA1224 has residue index 1223
Residue to Mutate ASNA1224 has residue index 1223
Residue to Mutate ASNA1224 has residue index 1223
Residue to Mutate ASNA1224 has residue index 1223
Residue to Mutate ASNA1224 has residue index 1223
Residue to Mutate ASNA1224 has residue index 1223
Residue to Mutate ASNA1234 has residue index 1233
Residue to Mutate ASNA1234 has residue index 1233
Residue to Mutate ASNA1234 has residue index 1233
Residue to Mutate ASNA1234 has residue index 1233
Residue to Mutate ASNA1234 has residue index 1233
Residue to Mutate ASNA1234 has residue index 1233
Residue to Mutate ASNA1234 has residue index 1233
Residue to Mutate ASNA1252 has residue index 1251
Residue to Mutate ASNA1252 has residue index 1251
Residue to Mutate ASNA1252 has residue index 1251
Residue to Mutate ASNA1252 has residue index 1251
Residue to Mutate ASNA1252 has residue index 1251
Residue to Mutate ASNA1252 has residue index 1251
Residue to Mutate ASNA1252 has residue index 1251
Residue to Mutate ASNA1286 has residue index 1285
Residue to Mutate ASNA1286 has residue index 1285
Residue to Mutate ASNA1286 has residue index 1285
Mutating residue = ASNA1115 into ILE
Mutating residue = ASNA1115 into LYS
Mutating residue = ASNA1115 into SER
Mutating residue = ASNA1115 into THR
Mutating residue = ASNA1115 into TYR
Mutating residue = ASNA1177 into ASP
Mutating residue = ASNA1177 into HIS
Mutating residue = ASNA1177 into ILE
Mutating residue = ASNA1177 into LYS
Mutating residue = ASNA1177 into SER
Mutating residue = ASNA1177 into THR
Mutating residue = ASNA1177 into TYR
Mutating residue = ASNA1208 into ASP
Mutating residue = ASNA1208 into HIS
Mutating residue = ASNA1208 into ILE
Mutating residue = ASNA1208 into LYS
Mutating residue = ASNA1208 into SER
Mutating residue = ASNA1208 into THR
Mutating residue = ASNA1208 into TYR
Mutating residue = ASNA121 into ASP
Mutating residue = ASNA121 into HIS
Mutating residue = ASNA121 into ILE
Mutating residue = ASNA121 into LYS
Mutating residue = ASNA121 into SER
Mutating residue = ASNA121 into THR
Mutating residue = ASNA121 into TYR
Mutating residue = ASNA1224 into ASP
Mutating residue = ASNA1224 into HIS
Mutating residue = ASNA1224 into ILE
Mutating residue = ASNA1224 into LYS
Mutating residue = ASNA1224 into SER
Mutating residue = ASNA1224 into THR
Mutating residue = ASNA1224 into TYR
Mutating residue = ASNA1234 into ASP
Mutating residue = ASNA1234 into HIS
Mutating residue = ASNA1234 into ILE
Mutating residue = ASNA1234 into LYS
Mutating residue = ASNA1234 into SER
Mutating residue = ASNA1234 into THR
Mutating residue = ASNA1234 into TYR
Mutating residue = ASNA1252 into ASP
Mutating residue = ASNA1252 into HIS
Mutating residue = ASNA1252 into ILE
Mutating residue = ASNA1252 into LYS
Mutating residue = ASNA1252 into SER
Mutating residue = ASNA1252 into THR
Mutating residue = ASNA1252 into TYR
Mutating residue = ASNA1286 into ASP
Mutating residue = ASNA1286 into HIS
Mutating residue = ASNA1286 into ILE
Your file run OK
End time of FoldX: Sat May  9 16:24:05 2026
Total time spend: 421.68 seconds.
validated file "CAS9_1.pdb" => successfully finished
validated file "CAS9_2.pdb" => successfully finished
validated file "CAS9_3.pdb" => successfully finished
validated file "CAS9_4.pdb" => successfully finished
validated file "CAS9_5.pdb" => successfully finished
validated file "CAS9_6.pdb" => successfully finished
validated file "CAS9_7.pdb" => successfully finished
validated file "CAS9_8.pdb" => successfully finished
validated file "CAS9_9.pdb" => successfully finished
validated file "CAS9_10.pdb" => successfully finished
validated file "CAS9_11.pdb" => successfully finished
validated file "CAS9_12.pdb" => successfully finished
validated file "CAS9_13.pdb" => successfully finished
validated file "CAS9_14.pdb" => successfully finished
validated file "CAS9_15.pdb" => successfully finished
validated file "CAS9_16.pdb" => successfully finished
validated file "CAS9_17.pdb" => successfully finished
validated file "CAS9_18.pdb" => successfully finished
validated file "CAS9_19.pdb" => successfully finished
validated file "CAS9_20.pdb" => successfully finished
validated file "CAS9_21.pdb" => successfully finished
validated file "CAS9_22.pdb" => successfully finished
validated file "CAS9_23.pdb" => successfully finished
validated file "CAS9_24.pdb" => successfully finished
validated file "CAS9_25.pdb" => successfully finished
validated file "CAS9_26.pdb" => successfully finished
validated file "CAS9_27.pdb" => successfully finished
validated file "CAS9_28.pdb" => successfully finished
validated file "CAS9_29.pdb" => successfully finished
validated file "CAS9_30.pdb" => successfully finished
validated file "CAS9_31.pdb" => successfully finished
validated file "CAS9_32.pdb" => successfully finished
validated file "CAS9_33.pdb" => successfully finished
validated file "CAS9_34.pdb" => successfully finished
validated file "CAS9_35.pdb" => successfully finished
validated file "CAS9_36.pdb" => successfully finished
validated file "CAS9_37.pdb" => successfully finished
validated file "CAS9_38.pdb" => successfully finished
validated file "CAS9_39.pdb" => successfully finished
validated file "CAS9_40.pdb" => successfully finished
validated file "CAS9_41.pdb" => successfully finished
validated file "CAS9_42.pdb" => successfully finished
validated file "CAS9_43.pdb" => successfully finished
validated file "CAS9_44.pdb" => successfully finished
validated file "CAS9_45.pdb" => successfully finished
validated file "CAS9_46.pdb" => successfully finished
validated file "CAS9_47.pdb" => successfully finished
validated file "CAS9_48.pdb" => successfully finished
validated file "CAS9_49.pdb" => successfully finished
validated file "CAS9_50.pdb" => successfully finished
Cleaning BuildModel...DONE
任务 105 结果提取成功，已映射突变信息。
