   ********************************************
   ***                                      ***
   ***             FoldX 5.1 (c)            ***
   ***                                      ***
   ***     code by the FoldX Consortium     ***
   ***                                      ***
   ***     Jesper Borg, Frederic Rousseau   ***
   ***    Joost Schymkowitz, Luis Serrano   ***
   ***    Peter Vanhee, Erik Verschueren    ***
   ***     Lies Baeten, Javier Delgado      ***
   ***       and Francois Stricher          ***
   *** and any other of the 9! permutations ***
   ***   based on an original concept by    ***
   ***   Raphael Guerois and Luis Serrano   ***
   ********************************************

1 models read: CAS9.pdb
1 models read: CAS9.pdb

BackHbond       =               -900.22
SideHbond       =               -324.89
Energy_VdW      =               -1515.04
Electro         =               -74.00
Energy_SolvP    =               2150.66
Energy_SolvH    =               -1993.90
Energy_vdwclash =               76.97
energy_torsion  =               14.15
backbone_vdwclash=              997.87
Entropy_sidec   =               814.62
Entropy_mainc   =               2092.14
water bonds     =               0.00
helix dipole    =               -7.70
loop_entropy    =               0.00
cis_bond        =               0.00
disulfide       =               0.00
kn electrostatic=               0.00
partial covalent interactions = 0.00
Energy_Ionisation =             3.43
Entropy Complex =               0.00
-----------------------------------------------------------
Total          = 				  336.23


BackHbond       =               -900.22
SideHbond       =               -324.89
Energy_VdW      =               -1515.04
Electro         =               -74.00
Energy_SolvP    =               2150.66
Energy_SolvH    =               -1993.90
Energy_vdwclash =               76.97
energy_torsion  =               14.15
backbone_vdwclash=              997.87
Entropy_sidec   =               814.62
Entropy_mainc   =               2092.14
water bonds     =               0.00
helix dipole    =               -7.70
loop_entropy    =               0.00
cis_bond        =               0.00
disulfide       =               0.00
kn electrostatic=               0.00
partial covalent interactions = 0.00
Energy_Ionisation =             3.43
Entropy Complex =               0.00
-----------------------------------------------------------
Total          = 				  336.23

Starting BuildModel
Reading NA522D;
Reading NA522H;
Reading NA522I;
Reading NA522K;
Reading NA522S;
Reading NA522T;
Reading NA522Y;
Reading NA556D;
Reading NA556H;
Reading NA556I;
Reading NA556K;
Reading NA556S;
Reading NA556T;
Reading NA556Y;
Reading NA588D;
Reading NA588H;
Reading NA588I;
Reading NA588K;
Reading NA588S;
Reading NA588T;
Reading NA588Y;
Reading NA609D;
Reading NA609H;
Reading NA609I;
Reading NA609K;
Reading NA609S;
Reading NA609T;
Reading NA609Y;
Reading NA612D;
Reading NA612H;
Reading NA612I;
Reading NA612K;
Reading NA612S;
Reading NA612T;
Reading NA612Y;
Reading NA668D;
Reading NA668H;
Reading NA668I;
Reading NA668K;
Reading NA668S;
Reading NA668T;
Reading NA668Y;
Reading NA690D;
Reading NA690H;
Reading NA690I;
Reading NA690K;
Reading NA690S;
Reading NA690T;
Reading NA690Y;
Reading NA692D;
Residue to Mutate ASNA522 has residue index 521
Residue to Mutate ASNA522 has residue index 521
Residue to Mutate ASNA522 has residue index 521
Residue to Mutate ASNA522 has residue index 521
Residue to Mutate ASNA522 has residue index 521
Residue to Mutate ASNA522 has residue index 521
Residue to Mutate ASNA522 has residue index 521
Residue to Mutate ASNA556 has residue index 555
Residue to Mutate ASNA556 has residue index 555
Residue to Mutate ASNA556 has residue index 555
Residue to Mutate ASNA556 has residue index 555
Residue to Mutate ASNA556 has residue index 555
Residue to Mutate ASNA556 has residue index 555
Residue to Mutate ASNA556 has residue index 555
Residue to Mutate ASNA588 has residue index 587
Residue to Mutate ASNA588 has residue index 587
Residue to Mutate ASNA588 has residue index 587
Residue to Mutate ASNA588 has residue index 587
Residue to Mutate ASNA588 has residue index 587
Residue to Mutate ASNA588 has residue index 587
Residue to Mutate ASNA588 has residue index 587
Residue to Mutate ASNA609 has residue index 608
Residue to Mutate ASNA609 has residue index 608
Residue to Mutate ASNA609 has residue index 608
Residue to Mutate ASNA609 has residue index 608
Residue to Mutate ASNA609 has residue index 608
Residue to Mutate ASNA609 has residue index 608
Residue to Mutate ASNA609 has residue index 608
Residue to Mutate ASNA612 has residue index 611
Residue to Mutate ASNA612 has residue index 611
Residue to Mutate ASNA612 has residue index 611
Residue to Mutate ASNA612 has residue index 611
Residue to Mutate ASNA612 has residue index 611
Residue to Mutate ASNA612 has residue index 611
Residue to Mutate ASNA612 has residue index 611
Residue to Mutate ASNA668 has residue index 667
Residue to Mutate ASNA668 has residue index 667
Residue to Mutate ASNA668 has residue index 667
Residue to Mutate ASNA668 has residue index 667
Residue to Mutate ASNA668 has residue index 667
Residue to Mutate ASNA668 has residue index 667
Residue to Mutate ASNA668 has residue index 667
Residue to Mutate ASNA690 has residue index 689
Residue to Mutate ASNA690 has residue index 689
Residue to Mutate ASNA690 has residue index 689
Residue to Mutate ASNA690 has residue index 689
Residue to Mutate ASNA690 has residue index 689
Residue to Mutate ASNA690 has residue index 689
Residue to Mutate ASNA690 has residue index 689
Residue to Mutate ASNA692 has residue index 691
Mutating residue = ASNA522 into ASP
Mutating residue = ASNA522 into HIS
Mutating residue = ASNA522 into ILE
Mutating residue = ASNA522 into LYS
Mutating residue = ASNA522 into SER
Mutating residue = ASNA522 into THR
Mutating residue = ASNA522 into TYR
Mutating residue = ASNA556 into ASP
Mutating residue = ASNA556 into HIS
Mutating residue = ASNA556 into ILE
Mutating residue = ASNA556 into LYS
Mutating residue = ASNA556 into SER
Mutating residue = ASNA556 into THR
Mutating residue = ASNA556 into TYR
Mutating residue = ASNA588 into ASP
Mutating residue = ASNA588 into HIS
Mutating residue = ASNA588 into ILE
Mutating residue = ASNA588 into LYS
Mutating residue = ASNA588 into SER
Mutating residue = ASNA588 into THR
Mutating residue = ASNA588 into TYR
Mutating residue = ASNA609 into ASP
Mutating residue = ASNA609 into HIS
Mutating residue = ASNA609 into ILE
Mutating residue = ASNA609 into LYS
Mutating residue = ASNA609 into SER
Mutating residue = ASNA609 into THR
Mutating residue = ASNA609 into TYR
Mutating residue = ASNA612 into ASP
Mutating residue = ASNA612 into HIS
Mutating residue = ASNA612 into ILE
Mutating residue = ASNA612 into LYS
Mutating residue = ASNA612 into SER
Mutating residue = ASNA612 into THR
Mutating residue = ASNA612 into TYR
Mutating residue = ASNA668 into ASP
Mutating residue = ASNA668 into HIS
Mutating residue = ASNA668 into ILE
Mutating residue = ASNA668 into LYS
Mutating residue = ASNA668 into SER
Mutating residue = ASNA668 into THR
Mutating residue = ASNA668 into TYR
Mutating residue = ASNA690 into ASP
Mutating residue = ASNA690 into HIS
Mutating residue = ASNA690 into ILE
Mutating residue = ASNA690 into LYS
Mutating residue = ASNA690 into SER
Mutating residue = ASNA690 into THR
Mutating residue = ASNA690 into TYR
Mutating residue = ASNA692 into ASP
Your file run OK
End time of FoldX: Sat May  9 16:23:31 2026
Total time spend: 388.49 seconds.
validated file "CAS9_1.pdb" => successfully finished
validated file "CAS9_2.pdb" => successfully finished
validated file "CAS9_3.pdb" => successfully finished
validated file "CAS9_4.pdb" => successfully finished
validated file "CAS9_5.pdb" => successfully finished
validated file "CAS9_6.pdb" => successfully finished
validated file "CAS9_7.pdb" => successfully finished
validated file "CAS9_8.pdb" => successfully finished
validated file "CAS9_9.pdb" => successfully finished
validated file "CAS9_10.pdb" => successfully finished
validated file "CAS9_11.pdb" => successfully finished
validated file "CAS9_12.pdb" => successfully finished
validated file "CAS9_13.pdb" => successfully finished
validated file "CAS9_14.pdb" => successfully finished
validated file "CAS9_15.pdb" => successfully finished
validated file "CAS9_16.pdb" => successfully finished
validated file "CAS9_17.pdb" => successfully finished
validated file "CAS9_18.pdb" => successfully finished
validated file "CAS9_19.pdb" => successfully finished
validated file "CAS9_20.pdb" => successfully finished
validated file "CAS9_21.pdb" => successfully finished
validated file "CAS9_22.pdb" => successfully finished
validated file "CAS9_23.pdb" => successfully finished
validated file "CAS9_24.pdb" => successfully finished
validated file "CAS9_25.pdb" => successfully finished
validated file "CAS9_26.pdb" => successfully finished
validated file "CAS9_27.pdb" => successfully finished
validated file "CAS9_28.pdb" => successfully finished
validated file "CAS9_29.pdb" => successfully finished
validated file "CAS9_30.pdb" => successfully finished
validated file "CAS9_31.pdb" => successfully finished
validated file "CAS9_32.pdb" => successfully finished
validated file "CAS9_33.pdb" => successfully finished
validated file "CAS9_34.pdb" => successfully finished
validated file "CAS9_35.pdb" => successfully finished
validated file "CAS9_36.pdb" => successfully finished
validated file "CAS9_37.pdb" => successfully finished
validated file "CAS9_38.pdb" => successfully finished
validated file "CAS9_39.pdb" => successfully finished
validated file "CAS9_40.pdb" => successfully finished
validated file "CAS9_41.pdb" => successfully finished
validated file "CAS9_42.pdb" => successfully finished
validated file "CAS9_43.pdb" => successfully finished
validated file "CAS9_44.pdb" => successfully finished
validated file "CAS9_45.pdb" => successfully finished
validated file "CAS9_46.pdb" => successfully finished
validated file "CAS9_47.pdb" => successfully finished
validated file "CAS9_48.pdb" => successfully finished
validated file "CAS9_49.pdb" => successfully finished
validated file "CAS9_50.pdb" => successfully finished
Cleaning BuildModel...DONE
任务 110 结果提取成功，已映射突变信息。
