   ********************************************
   ***                                      ***
   ***             FoldX 5.1 (c)            ***
   ***                                      ***
   ***     code by the FoldX Consortium     ***
   ***                                      ***
   ***     Jesper Borg, Frederic Rousseau   ***
   ***    Joost Schymkowitz, Luis Serrano   ***
   ***    Peter Vanhee, Erik Verschueren    ***
   ***     Lies Baeten, Javier Delgado      ***
   ***       and Francois Stricher          ***
   *** and any other of the 9! permutations ***
   ***   based on an original concept by    ***
   ***   Raphael Guerois and Luis Serrano   ***
   ********************************************

1 models read: CAS9.pdb
1 models read: CAS9.pdb

BackHbond       =               -900.22
SideHbond       =               -324.89
Energy_VdW      =               -1515.04
Electro         =               -74.00
Energy_SolvP    =               2150.66
Energy_SolvH    =               -1993.90
Energy_vdwclash =               76.97
energy_torsion  =               14.15
backbone_vdwclash=              997.87
Entropy_sidec   =               814.62
Entropy_mainc   =               2092.14
water bonds     =               0.00
helix dipole    =               -7.70
loop_entropy    =               0.00
cis_bond        =               0.00
disulfide       =               0.00
kn electrostatic=               0.00
partial covalent interactions = 0.00
Energy_Ionisation =             3.43
Entropy Complex =               0.00
-----------------------------------------------------------
Total          = 				  336.23


BackHbond       =               -900.22
SideHbond       =               -324.89
Energy_VdW      =               -1515.04
Electro         =               -74.00
Energy_SolvP    =               2150.66
Energy_SolvH    =               -1993.90
Energy_vdwclash =               76.97
energy_torsion  =               14.15
backbone_vdwclash=              997.87
Entropy_sidec   =               814.62
Entropy_mainc   =               2092.14
water bonds     =               0.00
helix dipole    =               -7.70
loop_entropy    =               0.00
cis_bond        =               0.00
disulfide       =               0.00
kn electrostatic=               0.00
partial covalent interactions = 0.00
Energy_Ionisation =             3.43
Entropy Complex =               0.00
-----------------------------------------------------------
Total          = 				  336.23

Starting BuildModel
Reading DA182H;
Reading DA182N;
Reading DA182V;
Reading DA182Y;
Reading DA207A;
Reading DA207E;
Reading DA207G;
Reading DA207H;
Reading DA207N;
Reading DA207V;
Reading DA207Y;
Reading DA23A;
Reading DA23E;
Reading DA23G;
Reading DA23H;
Reading DA23N;
Reading DA23V;
Reading DA23Y;
Reading DA257A;
Reading DA257E;
Reading DA257G;
Reading DA257H;
Reading DA257N;
Reading DA257V;
Reading DA257Y;
Reading DA261A;
Reading DA261E;
Reading DA261G;
Reading DA261H;
Reading DA261N;
Reading DA261V;
Reading DA261Y;
Reading DA269A;
Reading DA269E;
Reading DA269G;
Reading DA269H;
Reading DA269N;
Reading DA269V;
Reading DA269Y;
Reading DA272A;
Reading DA272E;
Reading DA272G;
Reading DA272H;
Reading DA272N;
Reading DA272V;
Reading DA272Y;
Reading DA273A;
Reading DA273E;
Reading DA273G;
Reading DA273H;
Residue to Mutate ASPA182 has residue index 181
Residue to Mutate ASPA182 has residue index 181
Residue to Mutate ASPA182 has residue index 181
Residue to Mutate ASPA182 has residue index 181
Residue to Mutate ASPA207 has residue index 206
Residue to Mutate ASPA207 has residue index 206
Residue to Mutate ASPA207 has residue index 206
Residue to Mutate ASPA207 has residue index 206
Residue to Mutate ASPA207 has residue index 206
Residue to Mutate ASPA207 has residue index 206
Residue to Mutate ASPA207 has residue index 206
Residue to Mutate ASPA23 has residue index 22
Residue to Mutate ASPA23 has residue index 22
Residue to Mutate ASPA23 has residue index 22
Residue to Mutate ASPA23 has residue index 22
Residue to Mutate ASPA23 has residue index 22
Residue to Mutate ASPA23 has residue index 22
Residue to Mutate ASPA23 has residue index 22
Residue to Mutate ASPA257 has residue index 256
Residue to Mutate ASPA257 has residue index 256
Residue to Mutate ASPA257 has residue index 256
Residue to Mutate ASPA257 has residue index 256
Residue to Mutate ASPA257 has residue index 256
Residue to Mutate ASPA257 has residue index 256
Residue to Mutate ASPA257 has residue index 256
Residue to Mutate ASPA261 has residue index 260
Residue to Mutate ASPA261 has residue index 260
Residue to Mutate ASPA261 has residue index 260
Residue to Mutate ASPA261 has residue index 260
Residue to Mutate ASPA261 has residue index 260
Residue to Mutate ASPA261 has residue index 260
Residue to Mutate ASPA261 has residue index 260
Residue to Mutate ASPA269 has residue index 268
Residue to Mutate ASPA269 has residue index 268
Residue to Mutate ASPA269 has residue index 268
Residue to Mutate ASPA269 has residue index 268
Residue to Mutate ASPA269 has residue index 268
Residue to Mutate ASPA269 has residue index 268
Residue to Mutate ASPA269 has residue index 268
Residue to Mutate ASPA272 has residue index 271
Residue to Mutate ASPA272 has residue index 271
Residue to Mutate ASPA272 has residue index 271
Residue to Mutate ASPA272 has residue index 271
Residue to Mutate ASPA272 has residue index 271
Residue to Mutate ASPA272 has residue index 271
Residue to Mutate ASPA272 has residue index 271
Residue to Mutate ASPA273 has residue index 272
Residue to Mutate ASPA273 has residue index 272
Residue to Mutate ASPA273 has residue index 272
Residue to Mutate ASPA273 has residue index 272
Mutating residue = ASPA182 into HIS
Mutating residue = ASPA182 into ASN
Mutating residue = ASPA182 into VAL
Mutating residue = ASPA182 into TYR
Mutating residue = ASPA207 into ALA
Mutating residue = ASPA207 into GLU
Mutating residue = ASPA207 into GLY
Mutating residue = ASPA207 into HIS
Mutating residue = ASPA207 into ASN
Mutating residue = ASPA207 into VAL
Mutating residue = ASPA207 into TYR
Mutating residue = ASPA23 into ALA
Mutating residue = ASPA23 into GLU
Mutating residue = ASPA23 into GLY
Mutating residue = ASPA23 into HIS
Mutating residue = ASPA23 into ASN
Mutating residue = ASPA23 into VAL
Mutating residue = ASPA23 into TYR
Mutating residue = ASPA257 into ALA
Mutating residue = ASPA257 into GLU
Mutating residue = ASPA257 into GLY
Mutating residue = ASPA257 into HIS
Mutating residue = ASPA257 into ASN
Mutating residue = ASPA257 into VAL
Mutating residue = ASPA257 into TYR
Mutating residue = ASPA261 into ALA
Mutating residue = ASPA261 into GLU
Mutating residue = ASPA261 into GLY
Mutating residue = ASPA261 into HIS
Mutating residue = ASPA261 into ASN
Mutating residue = ASPA261 into VAL
Mutating residue = ASPA261 into TYR
Mutating residue = ASPA269 into ALA
Mutating residue = ASPA269 into GLU
Mutating residue = ASPA269 into GLY
Mutating residue = ASPA269 into HIS
Mutating residue = ASPA269 into ASN
Mutating residue = ASPA269 into VAL
Mutating residue = ASPA269 into TYR
Mutating residue = ASPA272 into ALA
Mutating residue = ASPA272 into GLU
Mutating residue = ASPA272 into GLY
Mutating residue = ASPA272 into HIS
Mutating residue = ASPA272 into ASN
Mutating residue = ASPA272 into VAL
Mutating residue = ASPA272 into TYR
Mutating residue = ASPA273 into ALA
Mutating residue = ASPA273 into GLU
Mutating residue = ASPA273 into GLY
Mutating residue = ASPA273 into HIS
Your file run OK
End time of FoldX: Sat May  9 16:26:43 2026
Total time spend: 580.16 seconds.
validated file "CAS9_1.pdb" => successfully finished
validated file "CAS9_2.pdb" => successfully finished
validated file "CAS9_3.pdb" => successfully finished
validated file "CAS9_4.pdb" => successfully finished
validated file "CAS9_5.pdb" => successfully finished
validated file "CAS9_6.pdb" => successfully finished
validated file "CAS9_7.pdb" => successfully finished
validated file "CAS9_8.pdb" => successfully finished
validated file "CAS9_9.pdb" => successfully finished
validated file "CAS9_10.pdb" => successfully finished
validated file "CAS9_11.pdb" => successfully finished
validated file "CAS9_12.pdb" => successfully finished
validated file "CAS9_13.pdb" => successfully finished
validated file "CAS9_14.pdb" => successfully finished
validated file "CAS9_15.pdb" => successfully finished
validated file "CAS9_16.pdb" => successfully finished
validated file "CAS9_17.pdb" => successfully finished
validated file "CAS9_18.pdb" => successfully finished
validated file "CAS9_19.pdb" => successfully finished
validated file "CAS9_20.pdb" => successfully finished
validated file "CAS9_21.pdb" => successfully finished
validated file "CAS9_22.pdb" => successfully finished
validated file "CAS9_23.pdb" => successfully finished
validated file "CAS9_24.pdb" => successfully finished
validated file "CAS9_25.pdb" => successfully finished
validated file "CAS9_26.pdb" => successfully finished
validated file "CAS9_27.pdb" => successfully finished
validated file "CAS9_28.pdb" => successfully finished
validated file "CAS9_29.pdb" => successfully finished
validated file "CAS9_30.pdb" => successfully finished
validated file "CAS9_31.pdb" => successfully finished
validated file "CAS9_32.pdb" => successfully finished
validated file "CAS9_33.pdb" => successfully finished
validated file "CAS9_34.pdb" => successfully finished
validated file "CAS9_35.pdb" => successfully finished
validated file "CAS9_36.pdb" => successfully finished
validated file "CAS9_37.pdb" => successfully finished
validated file "CAS9_38.pdb" => successfully finished
validated file "CAS9_39.pdb" => successfully finished
validated file "CAS9_40.pdb" => successfully finished
validated file "CAS9_41.pdb" => successfully finished
validated file "CAS9_42.pdb" => successfully finished
validated file "CAS9_43.pdb" => successfully finished
validated file "CAS9_44.pdb" => successfully finished
validated file "CAS9_45.pdb" => successfully finished
validated file "CAS9_46.pdb" => successfully finished
validated file "CAS9_47.pdb" => successfully finished
validated file "CAS9_48.pdb" => successfully finished
validated file "CAS9_49.pdb" => successfully finished
validated file "CAS9_50.pdb" => successfully finished
Cleaning BuildModel...DONE
任务 14 结果提取成功，已映射突变信息。
