   ********************************************
   ***                                      ***
   ***             FoldX 5.1 (c)            ***
   ***                                      ***
   ***     code by the FoldX Consortium     ***
   ***                                      ***
   ***     Jesper Borg, Frederic Rousseau   ***
   ***    Joost Schymkowitz, Luis Serrano   ***
   ***    Peter Vanhee, Erik Verschueren    ***
   ***     Lies Baeten, Javier Delgado      ***
   ***       and Francois Stricher          ***
   *** and any other of the 9! permutations ***
   ***   based on an original concept by    ***
   ***   Raphael Guerois and Luis Serrano   ***
   ********************************************

1 models read: CAS9.pdb
1 models read: CAS9.pdb

BackHbond       =               -900.22
SideHbond       =               -324.89
Energy_VdW      =               -1515.04
Electro         =               -74.00
Energy_SolvP    =               2150.66
Energy_SolvH    =               -1993.90
Energy_vdwclash =               76.97
energy_torsion  =               14.15
backbone_vdwclash=              997.87
Entropy_sidec   =               814.62
Entropy_mainc   =               2092.14
water bonds     =               0.00
helix dipole    =               -7.70
loop_entropy    =               0.00
cis_bond        =               0.00
disulfide       =               0.00
kn electrostatic=               0.00
partial covalent interactions = 0.00
Energy_Ionisation =             3.43
Entropy Complex =               0.00
-----------------------------------------------------------
Total          = 				  336.23


BackHbond       =               -900.22
SideHbond       =               -324.89
Energy_VdW      =               -1515.04
Electro         =               -74.00
Energy_SolvP    =               2150.66
Energy_SolvH    =               -1993.90
Energy_vdwclash =               76.97
energy_torsion  =               14.15
backbone_vdwclash=              997.87
Entropy_sidec   =               814.62
Entropy_mainc   =               2092.14
water bonds     =               0.00
helix dipole    =               -7.70
loop_entropy    =               0.00
cis_bond        =               0.00
disulfide       =               0.00
kn electrostatic=               0.00
partial covalent interactions = 0.00
Energy_Ionisation =             3.43
Entropy Complex =               0.00
-----------------------------------------------------------
Total          = 				  336.23

Starting BuildModel
Reading TA941S;
Reading TA957A;
Reading TA957I;
Reading TA957N;
Reading TA957P;
Reading TA957S;
Reading TA995A;
Reading TA995I;
Reading TA995N;
Reading TA995P;
Reading TA995S;
Reading VA1009A;
Reading VA1009E;
Reading VA1009G;
Reading VA1009L;
Reading VA1009M;
Reading VA1015A;
Reading VA1015E;
Reading VA1015G;
Reading VA1015L;
Reading VA1015M;
Reading VA1018A;
Reading VA1018D;
Reading VA1018F;
Reading VA1018G;
Reading VA1018I;
Reading VA1018L;
Reading VA1073A;
Reading VA1073E;
Reading VA1073G;
Reading VA1073L;
Reading VA1073M;
Reading VA107A;
Reading VA107D;
Reading VA107F;
Reading VA107G;
Reading VA107I;
Reading VA107L;
Reading VA1083A;
Reading VA1083E;
Reading VA1083G;
Reading VA1083L;
Reading VA1083M;
Reading VA1086A;
Reading VA1086D;
Reading VA1086F;
Reading VA1086G;
Reading VA1086I;
Reading VA1086L;
Reading VA1092A;
Residue to Mutate THRA941 has residue index 940
Residue to Mutate THRA957 has residue index 956
Residue to Mutate THRA957 has residue index 956
Residue to Mutate THRA957 has residue index 956
Residue to Mutate THRA957 has residue index 956
Residue to Mutate THRA957 has residue index 956
Residue to Mutate THRA995 has residue index 994
Residue to Mutate THRA995 has residue index 994
Residue to Mutate THRA995 has residue index 994
Residue to Mutate THRA995 has residue index 994
Residue to Mutate THRA995 has residue index 994
Residue to Mutate VALA1009 has residue index 1008
Residue to Mutate VALA1009 has residue index 1008
Residue to Mutate VALA1009 has residue index 1008
Residue to Mutate VALA1009 has residue index 1008
Residue to Mutate VALA1009 has residue index 1008
Residue to Mutate VALA1015 has residue index 1014
Residue to Mutate VALA1015 has residue index 1014
Residue to Mutate VALA1015 has residue index 1014
Residue to Mutate VALA1015 has residue index 1014
Residue to Mutate VALA1015 has residue index 1014
Residue to Mutate VALA1018 has residue index 1017
Residue to Mutate VALA1018 has residue index 1017
Residue to Mutate VALA1018 has residue index 1017
Residue to Mutate VALA1018 has residue index 1017
Residue to Mutate VALA1018 has residue index 1017
Residue to Mutate VALA1018 has residue index 1017
Residue to Mutate VALA1073 has residue index 1072
Residue to Mutate VALA1073 has residue index 1072
Residue to Mutate VALA1073 has residue index 1072
Residue to Mutate VALA1073 has residue index 1072
Residue to Mutate VALA1073 has residue index 1072
Residue to Mutate VALA107 has residue index 106
Residue to Mutate VALA107 has residue index 106
Residue to Mutate VALA107 has residue index 106
Residue to Mutate VALA107 has residue index 106
Residue to Mutate VALA107 has residue index 106
Residue to Mutate VALA107 has residue index 106
Residue to Mutate VALA1083 has residue index 1082
Residue to Mutate VALA1083 has residue index 1082
Residue to Mutate VALA1083 has residue index 1082
Residue to Mutate VALA1083 has residue index 1082
Residue to Mutate VALA1083 has residue index 1082
Residue to Mutate VALA1086 has residue index 1085
Residue to Mutate VALA1086 has residue index 1085
Residue to Mutate VALA1086 has residue index 1085
Residue to Mutate VALA1086 has residue index 1085
Residue to Mutate VALA1086 has residue index 1085
Residue to Mutate VALA1086 has residue index 1085
Residue to Mutate VALA1092 has residue index 1091
Mutating residue = THRA941 into SER
Mutating residue = THRA957 into ALA
Mutating residue = THRA957 into ILE
Mutating residue = THRA957 into ASN
Mutating residue = THRA957 into PRO
Mutating residue = THRA957 into SER
Mutating residue = THRA995 into ALA
Mutating residue = THRA995 into ILE
Mutating residue = THRA995 into ASN
Mutating residue = THRA995 into PRO
Mutating residue = THRA995 into SER
Mutating residue = VALA1009 into ALA
Mutating residue = VALA1009 into GLU
Mutating residue = VALA1009 into GLY
Mutating residue = VALA1009 into LEU
Mutating residue = VALA1009 into MET
Mutating residue = VALA1015 into ALA
Mutating residue = VALA1015 into GLU
Mutating residue = VALA1015 into GLY
Mutating residue = VALA1015 into LEU
Mutating residue = VALA1015 into MET
Mutating residue = VALA1018 into ALA
Mutating residue = VALA1018 into ASP
Mutating residue = VALA1018 into PHE
Mutating residue = VALA1018 into GLY
Mutating residue = VALA1018 into ILE
Mutating residue = VALA1018 into LEU
Mutating residue = VALA1073 into ALA
Mutating residue = VALA1073 into GLU
Mutating residue = VALA1073 into GLY
Mutating residue = VALA1073 into LEU
Mutating residue = VALA1073 into MET
Mutating residue = VALA107 into ALA
Mutating residue = VALA107 into ASP
Mutating residue = VALA107 into PHE
Mutating residue = VALA107 into GLY
Mutating residue = VALA107 into ILE
Mutating residue = VALA107 into LEU
Mutating residue = VALA1083 into ALA
Mutating residue = VALA1083 into GLU
Mutating residue = VALA1083 into GLY
Mutating residue = VALA1083 into LEU
Mutating residue = VALA1083 into MET
Mutating residue = VALA1086 into ALA
Mutating residue = VALA1086 into ASP
Mutating residue = VALA1086 into PHE
Mutating residue = VALA1086 into GLY
Mutating residue = VALA1086 into ILE
Mutating residue = VALA1086 into LEU
Mutating residue = VALA1092 into ALA
Your file run OK
End time of FoldX: Sat May  9 16:26:26 2026
Total time spend: 556.66 seconds.
validated file "CAS9_1.pdb" => successfully finished
validated file "CAS9_2.pdb" => successfully finished
validated file "CAS9_3.pdb" => successfully finished
validated file "CAS9_4.pdb" => successfully finished
validated file "CAS9_5.pdb" => successfully finished
validated file "CAS9_6.pdb" => successfully finished
validated file "CAS9_7.pdb" => successfully finished
validated file "CAS9_8.pdb" => successfully finished
validated file "CAS9_9.pdb" => successfully finished
validated file "CAS9_10.pdb" => successfully finished
validated file "CAS9_11.pdb" => successfully finished
validated file "CAS9_12.pdb" => successfully finished
validated file "CAS9_13.pdb" => successfully finished
validated file "CAS9_14.pdb" => successfully finished
validated file "CAS9_15.pdb" => successfully finished
validated file "CAS9_16.pdb" => successfully finished
validated file "CAS9_17.pdb" => successfully finished
validated file "CAS9_18.pdb" => successfully finished
validated file "CAS9_19.pdb" => successfully finished
validated file "CAS9_20.pdb" => successfully finished
validated file "CAS9_21.pdb" => successfully finished
validated file "CAS9_22.pdb" => successfully finished
validated file "CAS9_23.pdb" => successfully finished
validated file "CAS9_24.pdb" => successfully finished
validated file "CAS9_25.pdb" => successfully finished
validated file "CAS9_26.pdb" => successfully finished
validated file "CAS9_27.pdb" => successfully finished
validated file "CAS9_28.pdb" => successfully finished
validated file "CAS9_29.pdb" => successfully finished
validated file "CAS9_30.pdb" => successfully finished
validated file "CAS9_31.pdb" => successfully finished
validated file "CAS9_32.pdb" => successfully finished
validated file "CAS9_33.pdb" => successfully finished
validated file "CAS9_34.pdb" => successfully finished
validated file "CAS9_35.pdb" => successfully finished
validated file "CAS9_36.pdb" => successfully finished
validated file "CAS9_37.pdb" => successfully finished
validated file "CAS9_38.pdb" => successfully finished
validated file "CAS9_39.pdb" => successfully finished
validated file "CAS9_40.pdb" => successfully finished
validated file "CAS9_41.pdb" => successfully finished
validated file "CAS9_42.pdb" => successfully finished
validated file "CAS9_43.pdb" => successfully finished
validated file "CAS9_44.pdb" => successfully finished
validated file "CAS9_45.pdb" => successfully finished
validated file "CAS9_46.pdb" => successfully finished
validated file "CAS9_47.pdb" => successfully finished
validated file "CAS9_48.pdb" => successfully finished
validated file "CAS9_49.pdb" => successfully finished
validated file "CAS9_50.pdb" => successfully finished
Cleaning BuildModel...DONE
任务 148 结果提取成功，已映射突变信息。
