   ********************************************
   ***                                      ***
   ***             FoldX 5.1 (c)            ***
   ***                                      ***
   ***     code by the FoldX Consortium     ***
   ***                                      ***
   ***     Jesper Borg, Frederic Rousseau   ***
   ***    Joost Schymkowitz, Luis Serrano   ***
   ***    Peter Vanhee, Erik Verschueren    ***
   ***     Lies Baeten, Javier Delgado      ***
   ***       and Francois Stricher          ***
   *** and any other of the 9! permutations ***
   ***   based on an original concept by    ***
   ***   Raphael Guerois and Luis Serrano   ***
   ********************************************

1 models read: CAS9.pdb
1 models read: CAS9.pdb

BackHbond       =               -900.22
SideHbond       =               -324.89
Energy_VdW      =               -1515.04
Electro         =               -74.00
Energy_SolvP    =               2150.66
Energy_SolvH    =               -1993.90
Energy_vdwclash =               76.97
energy_torsion  =               14.15
backbone_vdwclash=              997.87
Entropy_sidec   =               814.62
Entropy_mainc   =               2092.14
water bonds     =               0.00
helix dipole    =               -7.70
loop_entropy    =               0.00
cis_bond        =               0.00
disulfide       =               0.00
kn electrostatic=               0.00
partial covalent interactions = 0.00
Energy_Ionisation =             3.43
Entropy Complex =               0.00
-----------------------------------------------------------
Total          = 				  336.23


BackHbond       =               -900.22
SideHbond       =               -324.89
Energy_VdW      =               -1515.04
Electro         =               -74.00
Energy_SolvP    =               2150.66
Energy_SolvH    =               -1993.90
Energy_vdwclash =               76.97
energy_torsion  =               14.15
backbone_vdwclash=              997.87
Entropy_sidec   =               814.62
Entropy_mainc   =               2092.14
water bonds     =               0.00
helix dipole    =               -7.70
loop_entropy    =               0.00
cis_bond        =               0.00
disulfide       =               0.00
kn electrostatic=               0.00
partial covalent interactions = 0.00
Energy_Ionisation =             3.43
Entropy Complex =               0.00
-----------------------------------------------------------
Total          = 				  336.23

Starting BuildModel
Reading AA337T;
Reading AA337V;
Reading AA360D;
Reading AA360G;
Reading AA360P;
Reading AA360S;
Reading AA360T;
Reading AA360V;
Reading AA367D;
Reading AA367G;
Reading AA367P;
Reading AA367S;
Reading AA367T;
Reading AA367V;
Reading AA421D;
Reading AA421G;
Reading AA421P;
Reading AA421S;
Reading AA421T;
Reading AA421V;
Reading AA456E;
Reading AA456G;
Reading AA456P;
Reading AA456S;
Reading AA456T;
Reading AA456V;
Reading AA463D;
Reading AA463G;
Reading AA463P;
Reading AA463S;
Reading AA463T;
Reading AA463V;
Reading AA486D;
Reading AA486G;
Reading AA486P;
Reading AA486S;
Reading AA486T;
Reading AA486V;
Reading AA488E;
Reading AA488G;
Reading AA488P;
Reading AA488S;
Reading AA488T;
Reading AA488V;
Reading AA50D;
Reading AA50G;
Reading AA50P;
Reading AA50S;
Reading AA50T;
Reading AA50V;
Residue to Mutate ALAA337 has residue index 336
Residue to Mutate ALAA337 has residue index 336
Residue to Mutate ALAA360 has residue index 359
Residue to Mutate ALAA360 has residue index 359
Residue to Mutate ALAA360 has residue index 359
Residue to Mutate ALAA360 has residue index 359
Residue to Mutate ALAA360 has residue index 359
Residue to Mutate ALAA360 has residue index 359
Residue to Mutate ALAA367 has residue index 366
Residue to Mutate ALAA367 has residue index 366
Residue to Mutate ALAA367 has residue index 366
Residue to Mutate ALAA367 has residue index 366
Residue to Mutate ALAA367 has residue index 366
Residue to Mutate ALAA367 has residue index 366
Residue to Mutate ALAA421 has residue index 420
Residue to Mutate ALAA421 has residue index 420
Residue to Mutate ALAA421 has residue index 420
Residue to Mutate ALAA421 has residue index 420
Residue to Mutate ALAA421 has residue index 420
Residue to Mutate ALAA421 has residue index 420
Residue to Mutate ALAA456 has residue index 455
Residue to Mutate ALAA456 has residue index 455
Residue to Mutate ALAA456 has residue index 455
Residue to Mutate ALAA456 has residue index 455
Residue to Mutate ALAA456 has residue index 455
Residue to Mutate ALAA456 has residue index 455
Residue to Mutate ALAA463 has residue index 462
Residue to Mutate ALAA463 has residue index 462
Residue to Mutate ALAA463 has residue index 462
Residue to Mutate ALAA463 has residue index 462
Residue to Mutate ALAA463 has residue index 462
Residue to Mutate ALAA463 has residue index 462
Residue to Mutate ALAA486 has residue index 485
Residue to Mutate ALAA486 has residue index 485
Residue to Mutate ALAA486 has residue index 485
Residue to Mutate ALAA486 has residue index 485
Residue to Mutate ALAA486 has residue index 485
Residue to Mutate ALAA486 has residue index 485
Residue to Mutate ALAA488 has residue index 487
Residue to Mutate ALAA488 has residue index 487
Residue to Mutate ALAA488 has residue index 487
Residue to Mutate ALAA488 has residue index 487
Residue to Mutate ALAA488 has residue index 487
Residue to Mutate ALAA488 has residue index 487
Residue to Mutate ALAA50 has residue index 49
Residue to Mutate ALAA50 has residue index 49
Residue to Mutate ALAA50 has residue index 49
Residue to Mutate ALAA50 has residue index 49
Residue to Mutate ALAA50 has residue index 49
Residue to Mutate ALAA50 has residue index 49
Mutating residue = ALAA337 into THR
Mutating residue = ALAA337 into VAL
Mutating residue = ALAA360 into ASP
Mutating residue = ALAA360 into GLY
Mutating residue = ALAA360 into PRO
Mutating residue = ALAA360 into SER
Mutating residue = ALAA360 into THR
Mutating residue = ALAA360 into VAL
Mutating residue = ALAA367 into ASP
Mutating residue = ALAA367 into GLY
Mutating residue = ALAA367 into PRO
Mutating residue = ALAA367 into SER
Mutating residue = ALAA367 into THR
Mutating residue = ALAA367 into VAL
Mutating residue = ALAA421 into ASP
Mutating residue = ALAA421 into GLY
Mutating residue = ALAA421 into PRO
Mutating residue = ALAA421 into SER
Mutating residue = ALAA421 into THR
Mutating residue = ALAA421 into VAL
Mutating residue = ALAA456 into GLU
Mutating residue = ALAA456 into GLY
Mutating residue = ALAA456 into PRO
Mutating residue = ALAA456 into SER
Mutating residue = ALAA456 into THR
Mutating residue = ALAA456 into VAL
Mutating residue = ALAA463 into ASP
Mutating residue = ALAA463 into GLY
Mutating residue = ALAA463 into PRO
Mutating residue = ALAA463 into SER
Mutating residue = ALAA463 into THR
Mutating residue = ALAA463 into VAL
Mutating residue = ALAA486 into ASP
Mutating residue = ALAA486 into GLY
Mutating residue = ALAA486 into PRO
Mutating residue = ALAA486 into SER
Mutating residue = ALAA486 into THR
Mutating residue = ALAA486 into VAL
Mutating residue = ALAA488 into GLU
Mutating residue = ALAA488 into GLY
Mutating residue = ALAA488 into PRO
Mutating residue = ALAA488 into SER
Mutating residue = ALAA488 into THR
Mutating residue = ALAA488 into VAL
Mutating residue = ALAA50 into ASP
Mutating residue = ALAA50 into GLY
Mutating residue = ALAA50 into PRO
Mutating residue = ALAA50 into SER
Mutating residue = ALAA50 into THR
Mutating residue = ALAA50 into VAL
Your file run OK
End time of FoldX: Sat May  9 16:19:12 2026
Total time spend: 130.87 seconds.
validated file "CAS9_1.pdb" => successfully finished
validated file "CAS9_2.pdb" => successfully finished
validated file "CAS9_3.pdb" => successfully finished
validated file "CAS9_4.pdb" => successfully finished
validated file "CAS9_5.pdb" => successfully finished
validated file "CAS9_6.pdb" => successfully finished
validated file "CAS9_7.pdb" => successfully finished
validated file "CAS9_8.pdb" => successfully finished
validated file "CAS9_9.pdb" => successfully finished
validated file "CAS9_10.pdb" => successfully finished
validated file "CAS9_11.pdb" => successfully finished
validated file "CAS9_12.pdb" => successfully finished
validated file "CAS9_13.pdb" => successfully finished
validated file "CAS9_14.pdb" => successfully finished
validated file "CAS9_15.pdb" => successfully finished
validated file "CAS9_16.pdb" => successfully finished
validated file "CAS9_17.pdb" => successfully finished
validated file "CAS9_18.pdb" => successfully finished
validated file "CAS9_19.pdb" => successfully finished
validated file "CAS9_20.pdb" => successfully finished
validated file "CAS9_21.pdb" => successfully finished
validated file "CAS9_22.pdb" => successfully finished
validated file "CAS9_23.pdb" => successfully finished
validated file "CAS9_24.pdb" => successfully finished
validated file "CAS9_25.pdb" => successfully finished
validated file "CAS9_26.pdb" => successfully finished
validated file "CAS9_27.pdb" => successfully finished
validated file "CAS9_28.pdb" => successfully finished
validated file "CAS9_29.pdb" => successfully finished
validated file "CAS9_30.pdb" => successfully finished
validated file "CAS9_31.pdb" => successfully finished
validated file "CAS9_32.pdb" => successfully finished
validated file "CAS9_33.pdb" => successfully finished
validated file "CAS9_34.pdb" => successfully finished
validated file "CAS9_35.pdb" => successfully finished
validated file "CAS9_36.pdb" => successfully finished
validated file "CAS9_37.pdb" => successfully finished
validated file "CAS9_38.pdb" => successfully finished
validated file "CAS9_39.pdb" => successfully finished
validated file "CAS9_40.pdb" => successfully finished
validated file "CAS9_41.pdb" => successfully finished
validated file "CAS9_42.pdb" => successfully finished
validated file "CAS9_43.pdb" => successfully finished
validated file "CAS9_44.pdb" => successfully finished
validated file "CAS9_45.pdb" => successfully finished
validated file "CAS9_46.pdb" => successfully finished
validated file "CAS9_47.pdb" => successfully finished
validated file "CAS9_48.pdb" => successfully finished
validated file "CAS9_49.pdb" => successfully finished
validated file "CAS9_50.pdb" => successfully finished
Cleaning BuildModel...DONE
任务 6 结果提取成功，已映射突变信息。
