   ********************************************
   ***                                      ***
   ***             FoldX 5.1 (c)            ***
   ***                                      ***
   ***     code by the FoldX Consortium     ***
   ***                                      ***
   ***     Jesper Borg, Frederic Rousseau   ***
   ***    Joost Schymkowitz, Luis Serrano   ***
   ***    Peter Vanhee, Erik Verschueren    ***
   ***     Lies Baeten, Javier Delgado      ***
   ***       and Francois Stricher          ***
   *** and any other of the 9! permutations ***
   ***   based on an original concept by    ***
   ***   Raphael Guerois and Luis Serrano   ***
   ********************************************

1 models read: CAS9.pdb
1 models read: CAS9.pdb

BackHbond       =               -900.22
SideHbond       =               -324.89
Energy_VdW      =               -1515.04
Electro         =               -74.00
Energy_SolvP    =               2150.66
Energy_SolvH    =               -1993.90
Energy_vdwclash =               76.97
energy_torsion  =               14.15
backbone_vdwclash=              997.87
Entropy_sidec   =               814.62
Entropy_mainc   =               2092.14
water bonds     =               0.00
helix dipole    =               -7.70
loop_entropy    =               0.00
cis_bond        =               0.00
disulfide       =               0.00
kn electrostatic=               0.00
partial covalent interactions = 0.00
Energy_Ionisation =             3.43
Entropy Complex =               0.00
-----------------------------------------------------------
Total          = 				  336.23


BackHbond       =               -900.22
SideHbond       =               -324.89
Energy_VdW      =               -1515.04
Electro         =               -74.00
Energy_SolvP    =               2150.66
Energy_SolvH    =               -1993.90
Energy_vdwclash =               76.97
energy_torsion  =               14.15
backbone_vdwclash=              997.87
Entropy_sidec   =               814.62
Entropy_mainc   =               2092.14
water bonds     =               0.00
helix dipole    =               -7.70
loop_entropy    =               0.00
cis_bond        =               0.00
disulfide       =               0.00
kn electrostatic=               0.00
partial covalent interactions = 0.00
Energy_Ionisation =             3.43
Entropy Complex =               0.00
-----------------------------------------------------------
Total          = 				  336.23

Starting BuildModel
Reading GA1223R;
Reading GA1223V;
Reading GA1223W;
Reading GA1247A;
Reading GA1247C;
Reading GA1247D;
Reading GA1247R;
Reading GA1247S;
Reading GA1247V;
Reading GA12A;
Reading GA12E;
Reading GA12R;
Reading GA12V;
Reading GA12W;
Reading GA1319A;
Reading GA1319E;
Reading GA1319R;
Reading GA1319V;
Reading GA1354A;
Reading GA1354E;
Reading GA1354R;
Reading GA1354V;
Reading GA1366A;
Reading GA1366E;
Reading GA1366R;
Reading GA1366V;
Reading GA1367A;
Reading GA1367C;
Reading GA1367D;
Reading GA1367R;
Reading GA1367S;
Reading GA1367V;
Reading GA166A;
Reading GA166E;
Reading GA166R;
Reading GA166V;
Reading GA172A;
Reading GA172C;
Reading GA172D;
Reading GA172R;
Reading GA172S;
Reading GA172V;
Reading GA17A;
Reading GA17C;
Reading GA17D;
Reading GA17R;
Reading GA17S;
Reading GA17V;
Reading GA205A;
Reading GA205E;
Residue to Mutate GLYA1223 has residue index 1222
Residue to Mutate GLYA1223 has residue index 1222
Residue to Mutate GLYA1223 has residue index 1222
Residue to Mutate GLYA1247 has residue index 1246
Residue to Mutate GLYA1247 has residue index 1246
Residue to Mutate GLYA1247 has residue index 1246
Residue to Mutate GLYA1247 has residue index 1246
Residue to Mutate GLYA1247 has residue index 1246
Residue to Mutate GLYA1247 has residue index 1246
Residue to Mutate GLYA12 has residue index 11
Residue to Mutate GLYA12 has residue index 11
Residue to Mutate GLYA12 has residue index 11
Residue to Mutate GLYA12 has residue index 11
Residue to Mutate GLYA12 has residue index 11
Residue to Mutate GLYA1319 has residue index 1318
Residue to Mutate GLYA1319 has residue index 1318
Residue to Mutate GLYA1319 has residue index 1318
Residue to Mutate GLYA1319 has residue index 1318
Residue to Mutate GLYA1354 has residue index 1353
Residue to Mutate GLYA1354 has residue index 1353
Residue to Mutate GLYA1354 has residue index 1353
Residue to Mutate GLYA1354 has residue index 1353
Residue to Mutate GLYA1366 has residue index 1365
Residue to Mutate GLYA1366 has residue index 1365
Residue to Mutate GLYA1366 has residue index 1365
Residue to Mutate GLYA1366 has residue index 1365
Residue to Mutate GLYA1367 has residue index 1366
Residue to Mutate GLYA1367 has residue index 1366
Residue to Mutate GLYA1367 has residue index 1366
Residue to Mutate GLYA1367 has residue index 1366
Residue to Mutate GLYA1367 has residue index 1366
Residue to Mutate GLYA1367 has residue index 1366
Residue to Mutate GLYA166 has residue index 165
Residue to Mutate GLYA166 has residue index 165
Residue to Mutate GLYA166 has residue index 165
Residue to Mutate GLYA166 has residue index 165
Residue to Mutate GLYA172 has residue index 171
Residue to Mutate GLYA172 has residue index 171
Residue to Mutate GLYA172 has residue index 171
Residue to Mutate GLYA172 has residue index 171
Residue to Mutate GLYA172 has residue index 171
Residue to Mutate GLYA172 has residue index 171
Residue to Mutate GLYA17 has residue index 16
Residue to Mutate GLYA17 has residue index 16
Residue to Mutate GLYA17 has residue index 16
Residue to Mutate GLYA17 has residue index 16
Residue to Mutate GLYA17 has residue index 16
Residue to Mutate GLYA17 has residue index 16
Residue to Mutate GLYA205 has residue index 204
Residue to Mutate GLYA205 has residue index 204
Mutating residue = GLYA1223 into ARG
Mutating residue = GLYA1223 into VAL
Mutating residue = GLYA1223 into TRP
Mutating residue = GLYA1247 into ALA
Mutating residue = GLYA1247 into CYS
Mutating residue = GLYA1247 into ASP
Mutating residue = GLYA1247 into ARG
Mutating residue = GLYA1247 into SER
Mutating residue = GLYA1247 into VAL
Mutating residue = GLYA12 into ALA
Mutating residue = GLYA12 into GLU
Mutating residue = GLYA12 into ARG
Mutating residue = GLYA12 into VAL
Mutating residue = GLYA12 into TRP
Mutating residue = GLYA1319 into ALA
Mutating residue = GLYA1319 into GLU
Mutating residue = GLYA1319 into ARG
Mutating residue = GLYA1319 into VAL
Mutating residue = GLYA1354 into ALA
Mutating residue = GLYA1354 into GLU
Mutating residue = GLYA1354 into ARG
Mutating residue = GLYA1354 into VAL
Mutating residue = GLYA1366 into ALA
Mutating residue = GLYA1366 into GLU
Mutating residue = GLYA1366 into ARG
Mutating residue = GLYA1366 into VAL
Mutating residue = GLYA1367 into ALA
Mutating residue = GLYA1367 into CYS
Mutating residue = GLYA1367 into ASP
Mutating residue = GLYA1367 into ARG
Mutating residue = GLYA1367 into SER
Mutating residue = GLYA1367 into VAL
Mutating residue = GLYA166 into ALA
Mutating residue = GLYA166 into GLU
Mutating residue = GLYA166 into ARG
Mutating residue = GLYA166 into VAL
Mutating residue = GLYA172 into ALA
Mutating residue = GLYA172 into CYS
Mutating residue = GLYA172 into ASP
Mutating residue = GLYA172 into ARG
Mutating residue = GLYA172 into SER
Mutating residue = GLYA172 into VAL
Mutating residue = GLYA17 into ALA
Mutating residue = GLYA17 into CYS
Mutating residue = GLYA17 into ASP
Mutating residue = GLYA17 into ARG
Mutating residue = GLYA17 into SER
Mutating residue = GLYA17 into VAL
Mutating residue = GLYA205 into ALA
Mutating residue = GLYA205 into GLU
Your file run OK
End time of FoldX: Sat May  9 16:26:16 2026
Total time spend: 552.81 seconds.
validated file "CAS9_1.pdb" => successfully finished
validated file "CAS9_2.pdb" => successfully finished
validated file "CAS9_3.pdb" => successfully finished
validated file "CAS9_4.pdb" => successfully finished
validated file "CAS9_5.pdb" => successfully finished
validated file "CAS9_6.pdb" => successfully finished
validated file "CAS9_7.pdb" => successfully finished
validated file "CAS9_8.pdb" => successfully finished
validated file "CAS9_9.pdb" => successfully finished
validated file "CAS9_10.pdb" => successfully finished
validated file "CAS9_11.pdb" => successfully finished
validated file "CAS9_12.pdb" => successfully finished
validated file "CAS9_13.pdb" => successfully finished
validated file "CAS9_14.pdb" => successfully finished
validated file "CAS9_15.pdb" => successfully finished
validated file "CAS9_16.pdb" => successfully finished
validated file "CAS9_17.pdb" => successfully finished
validated file "CAS9_18.pdb" => successfully finished
validated file "CAS9_19.pdb" => successfully finished
validated file "CAS9_20.pdb" => successfully finished
validated file "CAS9_21.pdb" => successfully finished
validated file "CAS9_22.pdb" => successfully finished
validated file "CAS9_23.pdb" => successfully finished
validated file "CAS9_24.pdb" => successfully finished
validated file "CAS9_25.pdb" => successfully finished
validated file "CAS9_26.pdb" => successfully finished
validated file "CAS9_27.pdb" => successfully finished
validated file "CAS9_28.pdb" => successfully finished
validated file "CAS9_29.pdb" => successfully finished
validated file "CAS9_30.pdb" => successfully finished
validated file "CAS9_31.pdb" => successfully finished
validated file "CAS9_32.pdb" => successfully finished
validated file "CAS9_33.pdb" => successfully finished
validated file "CAS9_34.pdb" => successfully finished
validated file "CAS9_35.pdb" => successfully finished
validated file "CAS9_36.pdb" => successfully finished
validated file "CAS9_37.pdb" => successfully finished
validated file "CAS9_38.pdb" => successfully finished
validated file "CAS9_39.pdb" => successfully finished
validated file "CAS9_40.pdb" => successfully finished
validated file "CAS9_41.pdb" => successfully finished
validated file "CAS9_42.pdb" => successfully finished
validated file "CAS9_43.pdb" => successfully finished
validated file "CAS9_44.pdb" => successfully finished
validated file "CAS9_45.pdb" => successfully finished
validated file "CAS9_46.pdb" => successfully finished
validated file "CAS9_47.pdb" => successfully finished
validated file "CAS9_48.pdb" => successfully finished
validated file "CAS9_49.pdb" => successfully finished
validated file "CAS9_50.pdb" => successfully finished
Cleaning BuildModel...DONE
任务 46 结果提取成功，已映射突变信息。
