   ********************************************
   ***                                      ***
   ***             FoldX 5.1 (c)            ***
   ***                                      ***
   ***     code by the FoldX Consortium     ***
   ***                                      ***
   ***     Jesper Borg, Frederic Rousseau   ***
   ***    Joost Schymkowitz, Luis Serrano   ***
   ***    Peter Vanhee, Erik Verschueren    ***
   ***     Lies Baeten, Javier Delgado      ***
   ***       and Francois Stricher          ***
   *** and any other of the 9! permutations ***
   ***   based on an original concept by    ***
   ***   Raphael Guerois and Luis Serrano   ***
   ********************************************

1 models read: CAS9.pdb
1 models read: CAS9.pdb

BackHbond       =               -900.22
SideHbond       =               -324.89
Energy_VdW      =               -1515.04
Electro         =               -74.00
Energy_SolvP    =               2150.66
Energy_SolvH    =               -1993.90
Energy_vdwclash =               76.97
energy_torsion  =               14.15
backbone_vdwclash=              997.87
Entropy_sidec   =               814.62
Entropy_mainc   =               2092.14
water bonds     =               0.00
helix dipole    =               -7.70
loop_entropy    =               0.00
cis_bond        =               0.00
disulfide       =               0.00
kn electrostatic=               0.00
partial covalent interactions = 0.00
Energy_Ionisation =             3.43
Entropy Complex =               0.00
-----------------------------------------------------------
Total          = 				  336.23


BackHbond       =               -900.22
SideHbond       =               -324.89
Energy_VdW      =               -1515.04
Electro         =               -74.00
Energy_SolvP    =               2150.66
Energy_SolvH    =               -1993.90
Energy_vdwclash =               76.97
energy_torsion  =               14.15
backbone_vdwclash=              997.87
Entropy_sidec   =               814.62
Entropy_mainc   =               2092.14
water bonds     =               0.00
helix dipole    =               -7.70
loop_entropy    =               0.00
cis_bond        =               0.00
disulfide       =               0.00
kn electrostatic=               0.00
partial covalent interactions = 0.00
Energy_Ionisation =             3.43
Entropy Complex =               0.00
-----------------------------------------------------------
Total          = 				  336.23

Starting BuildModel
Reading LA156V;
Reading LA158M;
Reading LA158P;
Reading LA158Q;
Reading LA158R;
Reading LA158V;
Reading LA169M;
Reading LA169P;
Reading LA169Q;
Reading LA169R;
Reading LA169V;
Reading LA174M;
Reading LA174P;
Reading LA174Q;
Reading LA174R;
Reading LA174V;
Reading LA184M;
Reading LA184P;
Reading LA184Q;
Reading LA184R;
Reading LA184V;
Reading LA188M;
Reading LA188P;
Reading LA188Q;
Reading LA188R;
Reading LA188V;
Reading LA195M;
Reading LA195P;
Reading LA195Q;
Reading LA195R;
Reading LA195V;
Reading LA212M;
Reading LA212P;
Reading LA212Q;
Reading LA212R;
Reading LA212V;
Reading LA216M;
Reading LA216P;
Reading LA216Q;
Reading LA216R;
Reading LA216V;
Reading LA222M;
Reading LA222P;
Reading LA222Q;
Reading LA222R;
Reading LA222V;
Reading LA225M;
Reading LA225P;
Reading LA225Q;
Reading LA225R;
Residue to Mutate LEUA156 has residue index 155
Residue to Mutate LEUA158 has residue index 157
Residue to Mutate LEUA158 has residue index 157
Residue to Mutate LEUA158 has residue index 157
Residue to Mutate LEUA158 has residue index 157
Residue to Mutate LEUA158 has residue index 157
Residue to Mutate LEUA169 has residue index 168
Residue to Mutate LEUA169 has residue index 168
Residue to Mutate LEUA169 has residue index 168
Residue to Mutate LEUA169 has residue index 168
Residue to Mutate LEUA169 has residue index 168
Residue to Mutate LEUA174 has residue index 173
Residue to Mutate LEUA174 has residue index 173
Residue to Mutate LEUA174 has residue index 173
Residue to Mutate LEUA174 has residue index 173
Residue to Mutate LEUA174 has residue index 173
Residue to Mutate LEUA184 has residue index 183
Residue to Mutate LEUA184 has residue index 183
Residue to Mutate LEUA184 has residue index 183
Residue to Mutate LEUA184 has residue index 183
Residue to Mutate LEUA184 has residue index 183
Residue to Mutate LEUA188 has residue index 187
Residue to Mutate LEUA188 has residue index 187
Residue to Mutate LEUA188 has residue index 187
Residue to Mutate LEUA188 has residue index 187
Residue to Mutate LEUA188 has residue index 187
Residue to Mutate LEUA195 has residue index 194
Residue to Mutate LEUA195 has residue index 194
Residue to Mutate LEUA195 has residue index 194
Residue to Mutate LEUA195 has residue index 194
Residue to Mutate LEUA195 has residue index 194
Residue to Mutate LEUA212 has residue index 211
Residue to Mutate LEUA212 has residue index 211
Residue to Mutate LEUA212 has residue index 211
Residue to Mutate LEUA212 has residue index 211
Residue to Mutate LEUA212 has residue index 211
Residue to Mutate LEUA216 has residue index 215
Residue to Mutate LEUA216 has residue index 215
Residue to Mutate LEUA216 has residue index 215
Residue to Mutate LEUA216 has residue index 215
Residue to Mutate LEUA216 has residue index 215
Residue to Mutate LEUA222 has residue index 221
Residue to Mutate LEUA222 has residue index 221
Residue to Mutate LEUA222 has residue index 221
Residue to Mutate LEUA222 has residue index 221
Residue to Mutate LEUA222 has residue index 221
Residue to Mutate LEUA225 has residue index 224
Residue to Mutate LEUA225 has residue index 224
Residue to Mutate LEUA225 has residue index 224
Residue to Mutate LEUA225 has residue index 224
Mutating residue = LEUA156 into VAL
Mutating residue = LEUA158 into MET
Mutating residue = LEUA158 into PRO
Mutating residue = LEUA158 into GLN
Mutating residue = LEUA158 into ARG
Mutating residue = LEUA158 into VAL
Mutating residue = LEUA169 into MET
Mutating residue = LEUA169 into PRO
Mutating residue = LEUA169 into GLN
Mutating residue = LEUA169 into ARG
Mutating residue = LEUA169 into VAL
Mutating residue = LEUA174 into MET
Mutating residue = LEUA174 into PRO
Mutating residue = LEUA174 into GLN
Mutating residue = LEUA174 into ARG
Mutating residue = LEUA174 into VAL
Mutating residue = LEUA184 into MET
Mutating residue = LEUA184 into PRO
Mutating residue = LEUA184 into GLN
Mutating residue = LEUA184 into ARG
Mutating residue = LEUA184 into VAL
Mutating residue = LEUA188 into MET
Mutating residue = LEUA188 into PRO
Mutating residue = LEUA188 into GLN
Mutating residue = LEUA188 into ARG
Mutating residue = LEUA188 into VAL
Mutating residue = LEUA195 into MET
Mutating residue = LEUA195 into PRO
Mutating residue = LEUA195 into GLN
Mutating residue = LEUA195 into ARG
Mutating residue = LEUA195 into VAL
Mutating residue = LEUA212 into MET
Mutating residue = LEUA212 into PRO
Mutating residue = LEUA212 into GLN
Mutating residue = LEUA212 into ARG
Mutating residue = LEUA212 into VAL
Mutating residue = LEUA216 into MET
Mutating residue = LEUA216 into PRO
Mutating residue = LEUA216 into GLN
Mutating residue = LEUA216 into ARG
Mutating residue = LEUA216 into VAL
Mutating residue = LEUA222 into MET
Mutating residue = LEUA222 into PRO
Mutating residue = LEUA222 into GLN
Mutating residue = LEUA222 into ARG
Mutating residue = LEUA222 into VAL
Mutating residue = LEUA225 into MET
Mutating residue = LEUA225 into PRO
Mutating residue = LEUA225 into GLN
Mutating residue = LEUA225 into ARG
Your file run OK
End time of FoldX: Sat May  9 16:22:09 2026
Total time spend: 305.93 seconds.
validated file "CAS9_1.pdb" => successfully finished
validated file "CAS9_2.pdb" => successfully finished
validated file "CAS9_3.pdb" => successfully finished
validated file "CAS9_4.pdb" => successfully finished
validated file "CAS9_5.pdb" => successfully finished
validated file "CAS9_6.pdb" => successfully finished
validated file "CAS9_7.pdb" => successfully finished
validated file "CAS9_8.pdb" => successfully finished
validated file "CAS9_9.pdb" => successfully finished
validated file "CAS9_10.pdb" => successfully finished
validated file "CAS9_11.pdb" => successfully finished
validated file "CAS9_12.pdb" => successfully finished
validated file "CAS9_13.pdb" => successfully finished
validated file "CAS9_14.pdb" => successfully finished
validated file "CAS9_15.pdb" => successfully finished
validated file "CAS9_16.pdb" => successfully finished
validated file "CAS9_17.pdb" => successfully finished
validated file "CAS9_18.pdb" => successfully finished
validated file "CAS9_19.pdb" => successfully finished
validated file "CAS9_20.pdb" => successfully finished
validated file "CAS9_21.pdb" => successfully finished
validated file "CAS9_22.pdb" => successfully finished
validated file "CAS9_23.pdb" => successfully finished
validated file "CAS9_24.pdb" => successfully finished
validated file "CAS9_25.pdb" => successfully finished
validated file "CAS9_26.pdb" => successfully finished
validated file "CAS9_27.pdb" => successfully finished
validated file "CAS9_28.pdb" => successfully finished
validated file "CAS9_29.pdb" => successfully finished
validated file "CAS9_30.pdb" => successfully finished
validated file "CAS9_31.pdb" => successfully finished
validated file "CAS9_32.pdb" => successfully finished
validated file "CAS9_33.pdb" => successfully finished
validated file "CAS9_34.pdb" => successfully finished
validated file "CAS9_35.pdb" => successfully finished
validated file "CAS9_36.pdb" => successfully finished
validated file "CAS9_37.pdb" => successfully finished
validated file "CAS9_38.pdb" => successfully finished
validated file "CAS9_39.pdb" => successfully finished
validated file "CAS9_40.pdb" => successfully finished
validated file "CAS9_41.pdb" => successfully finished
validated file "CAS9_42.pdb" => successfully finished
validated file "CAS9_43.pdb" => successfully finished
validated file "CAS9_44.pdb" => successfully finished
validated file "CAS9_45.pdb" => successfully finished
validated file "CAS9_46.pdb" => successfully finished
validated file "CAS9_47.pdb" => successfully finished
validated file "CAS9_48.pdb" => successfully finished
validated file "CAS9_49.pdb" => successfully finished
validated file "CAS9_50.pdb" => successfully finished
Cleaning BuildModel...DONE
任务 91 结果提取成功，已映射突变信息。
