   ********************************************
   ***                                      ***
   ***             FoldX 5.1 (c)            ***
   ***                                      ***
   ***     code by the FoldX Consortium     ***
   ***                                      ***
   ***     Jesper Borg, Frederic Rousseau   ***
   ***    Joost Schymkowitz, Luis Serrano   ***
   ***    Peter Vanhee, Erik Verschueren    ***
   ***     Lies Baeten, Javier Delgado      ***
   ***       and Francois Stricher          ***
   *** and any other of the 9! permutations ***
   ***   based on an original concept by    ***
   ***   Raphael Guerois and Luis Serrano   ***
   ********************************************

1 models read: CAS9.pdb
1 models read: CAS9.pdb

BackHbond       =               -900.22
SideHbond       =               -324.89
Energy_VdW      =               -1515.04
Electro         =               -74.00
Energy_SolvP    =               2150.66
Energy_SolvH    =               -1993.90
Energy_vdwclash =               76.97
energy_torsion  =               14.15
backbone_vdwclash=              997.87
Entropy_sidec   =               814.62
Entropy_mainc   =               2092.14
water bonds     =               0.00
helix dipole    =               -7.70
loop_entropy    =               0.00
cis_bond        =               0.00
disulfide       =               0.00
kn electrostatic=               0.00
partial covalent interactions = 0.00
Energy_Ionisation =             3.43
Entropy Complex =               0.00
-----------------------------------------------------------
Total          = 				  336.23


BackHbond       =               -900.22
SideHbond       =               -324.89
Energy_VdW      =               -1515.04
Electro         =               -74.00
Energy_SolvP    =               2150.66
Energy_SolvH    =               -1993.90
Energy_vdwclash =               76.97
energy_torsion  =               14.15
backbone_vdwclash=              997.87
Entropy_sidec   =               814.62
Entropy_mainc   =               2092.14
water bonds     =               0.00
helix dipole    =               -7.70
loop_entropy    =               0.00
cis_bond        =               0.00
disulfide       =               0.00
kn electrostatic=               0.00
partial covalent interactions = 0.00
Energy_Ionisation =             3.43
Entropy Complex =               0.00
-----------------------------------------------------------
Total          = 				  336.23

Starting BuildModel
Reading LA225V;
Reading LA229M;
Reading LA229P;
Reading LA229Q;
Reading LA229R;
Reading LA229V;
Reading LA237M;
Reading LA237P;
Reading LA237Q;
Reading LA237R;
Reading LA237V;
Reading LA241M;
Reading LA241P;
Reading LA241Q;
Reading LA241R;
Reading LA241V;
Reading LA244M;
Reading LA244P;
Reading LA244Q;
Reading LA244R;
Reading LA244V;
Reading LA246M;
Reading LA246P;
Reading LA246Q;
Reading LA246R;
Reading LA246V;
Reading LA248M;
Reading LA248P;
Reading LA248Q;
Reading LA248R;
Reading LA248V;
Reading LA258M;
Reading LA258P;
Reading LA258Q;
Reading LA258R;
Reading LA258V;
Reading LA264M;
Reading LA264P;
Reading LA264Q;
Reading LA264R;
Reading LA264V;
Reading LA266M;
Reading LA266P;
Reading LA266Q;
Reading LA266R;
Reading LA266V;
Reading LA275M;
Reading LA275P;
Reading LA275Q;
Reading LA275R;
Residue to Mutate LEUA225 has residue index 224
Residue to Mutate LEUA229 has residue index 228
Residue to Mutate LEUA229 has residue index 228
Residue to Mutate LEUA229 has residue index 228
Residue to Mutate LEUA229 has residue index 228
Residue to Mutate LEUA229 has residue index 228
Residue to Mutate LEUA237 has residue index 236
Residue to Mutate LEUA237 has residue index 236
Residue to Mutate LEUA237 has residue index 236
Residue to Mutate LEUA237 has residue index 236
Residue to Mutate LEUA237 has residue index 236
Residue to Mutate LEUA241 has residue index 240
Residue to Mutate LEUA241 has residue index 240
Residue to Mutate LEUA241 has residue index 240
Residue to Mutate LEUA241 has residue index 240
Residue to Mutate LEUA241 has residue index 240
Residue to Mutate LEUA244 has residue index 243
Residue to Mutate LEUA244 has residue index 243
Residue to Mutate LEUA244 has residue index 243
Residue to Mutate LEUA244 has residue index 243
Residue to Mutate LEUA244 has residue index 243
Residue to Mutate LEUA246 has residue index 245
Residue to Mutate LEUA246 has residue index 245
Residue to Mutate LEUA246 has residue index 245
Residue to Mutate LEUA246 has residue index 245
Residue to Mutate LEUA246 has residue index 245
Residue to Mutate LEUA248 has residue index 247
Residue to Mutate LEUA248 has residue index 247
Residue to Mutate LEUA248 has residue index 247
Residue to Mutate LEUA248 has residue index 247
Residue to Mutate LEUA248 has residue index 247
Residue to Mutate LEUA258 has residue index 257
Residue to Mutate LEUA258 has residue index 257
Residue to Mutate LEUA258 has residue index 257
Residue to Mutate LEUA258 has residue index 257
Residue to Mutate LEUA258 has residue index 257
Residue to Mutate LEUA264 has residue index 263
Residue to Mutate LEUA264 has residue index 263
Residue to Mutate LEUA264 has residue index 263
Residue to Mutate LEUA264 has residue index 263
Residue to Mutate LEUA264 has residue index 263
Residue to Mutate LEUA266 has residue index 265
Residue to Mutate LEUA266 has residue index 265
Residue to Mutate LEUA266 has residue index 265
Residue to Mutate LEUA266 has residue index 265
Residue to Mutate LEUA266 has residue index 265
Residue to Mutate LEUA275 has residue index 274
Residue to Mutate LEUA275 has residue index 274
Residue to Mutate LEUA275 has residue index 274
Residue to Mutate LEUA275 has residue index 274
Mutating residue = LEUA225 into VAL
Mutating residue = LEUA229 into MET
Mutating residue = LEUA229 into PRO
Mutating residue = LEUA229 into GLN
Mutating residue = LEUA229 into ARG
Mutating residue = LEUA229 into VAL
Mutating residue = LEUA237 into MET
Mutating residue = LEUA237 into PRO
Mutating residue = LEUA237 into GLN
Mutating residue = LEUA237 into ARG
Mutating residue = LEUA237 into VAL
Mutating residue = LEUA241 into MET
Mutating residue = LEUA241 into PRO
Mutating residue = LEUA241 into GLN
Mutating residue = LEUA241 into ARG
Mutating residue = LEUA241 into VAL
Mutating residue = LEUA244 into MET
Mutating residue = LEUA244 into PRO
Mutating residue = LEUA244 into GLN
Mutating residue = LEUA244 into ARG
Mutating residue = LEUA244 into VAL
Mutating residue = LEUA246 into MET
Mutating residue = LEUA246 into PRO
Mutating residue = LEUA246 into GLN
Mutating residue = LEUA246 into ARG
Mutating residue = LEUA246 into VAL
Mutating residue = LEUA248 into MET
Mutating residue = LEUA248 into PRO
Mutating residue = LEUA248 into GLN
Mutating residue = LEUA248 into ARG
Mutating residue = LEUA248 into VAL
Mutating residue = LEUA258 into MET
Mutating residue = LEUA258 into PRO
Mutating residue = LEUA258 into GLN
Mutating residue = LEUA258 into ARG
Mutating residue = LEUA258 into VAL
Mutating residue = LEUA264 into MET
Mutating residue = LEUA264 into PRO
Mutating residue = LEUA264 into GLN
Mutating residue = LEUA264 into ARG
Mutating residue = LEUA264 into VAL
Mutating residue = LEUA266 into MET
Mutating residue = LEUA266 into PRO
Mutating residue = LEUA266 into GLN
Mutating residue = LEUA266 into ARG
Mutating residue = LEUA266 into VAL
Mutating residue = LEUA275 into MET
Mutating residue = LEUA275 into PRO
Mutating residue = LEUA275 into GLN
Mutating residue = LEUA275 into ARG
Your file run OK
End time of FoldX: Sat May  9 16:22:19 2026
Total time spend: 316.45 seconds.
validated file "CAS9_1.pdb" => successfully finished
validated file "CAS9_2.pdb" => successfully finished
validated file "CAS9_3.pdb" => successfully finished
validated file "CAS9_4.pdb" => successfully finished
validated file "CAS9_5.pdb" => successfully finished
validated file "CAS9_6.pdb" => successfully finished
validated file "CAS9_7.pdb" => successfully finished
validated file "CAS9_8.pdb" => successfully finished
validated file "CAS9_9.pdb" => successfully finished
validated file "CAS9_10.pdb" => successfully finished
validated file "CAS9_11.pdb" => successfully finished
validated file "CAS9_12.pdb" => successfully finished
validated file "CAS9_13.pdb" => successfully finished
validated file "CAS9_14.pdb" => successfully finished
validated file "CAS9_15.pdb" => successfully finished
validated file "CAS9_16.pdb" => successfully finished
validated file "CAS9_17.pdb" => successfully finished
validated file "CAS9_18.pdb" => successfully finished
validated file "CAS9_19.pdb" => successfully finished
validated file "CAS9_20.pdb" => successfully finished
validated file "CAS9_21.pdb" => successfully finished
validated file "CAS9_22.pdb" => successfully finished
validated file "CAS9_23.pdb" => successfully finished
validated file "CAS9_24.pdb" => successfully finished
validated file "CAS9_25.pdb" => successfully finished
validated file "CAS9_26.pdb" => successfully finished
validated file "CAS9_27.pdb" => successfully finished
validated file "CAS9_28.pdb" => successfully finished
validated file "CAS9_29.pdb" => successfully finished
validated file "CAS9_30.pdb" => successfully finished
validated file "CAS9_31.pdb" => successfully finished
validated file "CAS9_32.pdb" => successfully finished
validated file "CAS9_33.pdb" => successfully finished
validated file "CAS9_34.pdb" => successfully finished
validated file "CAS9_35.pdb" => successfully finished
validated file "CAS9_36.pdb" => successfully finished
validated file "CAS9_37.pdb" => successfully finished
validated file "CAS9_38.pdb" => successfully finished
validated file "CAS9_39.pdb" => successfully finished
validated file "CAS9_40.pdb" => successfully finished
validated file "CAS9_41.pdb" => successfully finished
validated file "CAS9_42.pdb" => successfully finished
validated file "CAS9_43.pdb" => successfully finished
validated file "CAS9_44.pdb" => successfully finished
validated file "CAS9_45.pdb" => successfully finished
validated file "CAS9_46.pdb" => successfully finished
validated file "CAS9_47.pdb" => successfully finished
validated file "CAS9_48.pdb" => successfully finished
validated file "CAS9_49.pdb" => successfully finished
validated file "CAS9_50.pdb" => successfully finished
Cleaning BuildModel...DONE
任务 92 结果提取成功，已映射突变信息。
