   ********************************************
   ***                                      ***
   ***             FoldX 5.1 (c)            ***
   ***                                      ***
   ***     code by the FoldX Consortium     ***
   ***                                      ***
   ***     Jesper Borg, Frederic Rousseau   ***
   ***    Joost Schymkowitz, Luis Serrano   ***
   ***    Peter Vanhee, Erik Verschueren    ***
   ***     Lies Baeten, Javier Delgado      ***
   ***       and Francois Stricher          ***
   *** and any other of the 9! permutations ***
   ***   based on an original concept by    ***
   ***   Raphael Guerois and Luis Serrano   ***
   ********************************************

1 models read: CAS9.pdb
1 models read: CAS9.pdb

BackHbond       =               -900.22
SideHbond       =               -324.89
Energy_VdW      =               -1515.04
Electro         =               -74.00
Energy_SolvP    =               2150.66
Energy_SolvH    =               -1993.90
Energy_vdwclash =               76.97
energy_torsion  =               14.15
backbone_vdwclash=              997.87
Entropy_sidec   =               814.62
Entropy_mainc   =               2092.14
water bonds     =               0.00
helix dipole    =               -7.70
loop_entropy    =               0.00
cis_bond        =               0.00
disulfide       =               0.00
kn electrostatic=               0.00
partial covalent interactions = 0.00
Energy_Ionisation =             3.43
Entropy Complex =               0.00
-----------------------------------------------------------
Total          = 				  336.23


BackHbond       =               -900.22
SideHbond       =               -324.89
Energy_VdW      =               -1515.04
Electro         =               -74.00
Energy_SolvP    =               2150.66
Energy_SolvH    =               -1993.90
Energy_vdwclash =               76.97
energy_torsion  =               14.15
backbone_vdwclash=              997.87
Entropy_sidec   =               814.62
Entropy_mainc   =               2092.14
water bonds     =               0.00
helix dipole    =               -7.70
loop_entropy    =               0.00
cis_bond        =               0.00
disulfide       =               0.00
kn electrostatic=               0.00
partial covalent interactions = 0.00
Energy_Ionisation =             3.43
Entropy Complex =               0.00
-----------------------------------------------------------
Total          = 				  336.23

Starting BuildModel
Reading VA1190G;
Reading VA1190L;
Reading VA1190M;
Reading VA1233A;
Reading VA1233E;
Reading VA1233G;
Reading VA1233L;
Reading VA1233M;
Reading VA123A;
Reading VA123E;
Reading VA123G;
Reading VA123L;
Reading VA123M;
Reading VA1259A;
Reading VA1259E;
Reading VA1259G;
Reading VA1259L;
Reading VA1259M;
Reading VA126A;
Reading VA126D;
Reading VA126F;
Reading VA126G;
Reading VA126I;
Reading VA126L;
Reading VA1280A;
Reading VA1280E;
Reading VA1280G;
Reading VA1280L;
Reading VA1280M;
Reading VA1290A;
Reading VA1290D;
Reading VA1290F;
Reading VA1290G;
Reading VA1290I;
Reading VA1290L;
Reading VA1342A;
Reading VA1342E;
Reading VA1342G;
Reading VA1342L;
Reading VA1342M;
Reading VA143A;
Reading VA143E;
Reading VA143G;
Reading VA143L;
Reading VA143M;
Reading VA16A;
Reading VA16E;
Reading VA16G;
Reading VA16L;
Reading VA16M;
Residue to Mutate VALA1190 has residue index 1189
Residue to Mutate VALA1190 has residue index 1189
Residue to Mutate VALA1190 has residue index 1189
Residue to Mutate VALA1233 has residue index 1232
Residue to Mutate VALA1233 has residue index 1232
Residue to Mutate VALA1233 has residue index 1232
Residue to Mutate VALA1233 has residue index 1232
Residue to Mutate VALA1233 has residue index 1232
Residue to Mutate VALA123 has residue index 122
Residue to Mutate VALA123 has residue index 122
Residue to Mutate VALA123 has residue index 122
Residue to Mutate VALA123 has residue index 122
Residue to Mutate VALA123 has residue index 122
Residue to Mutate VALA1259 has residue index 1258
Residue to Mutate VALA1259 has residue index 1258
Residue to Mutate VALA1259 has residue index 1258
Residue to Mutate VALA1259 has residue index 1258
Residue to Mutate VALA1259 has residue index 1258
Residue to Mutate VALA126 has residue index 125
Residue to Mutate VALA126 has residue index 125
Residue to Mutate VALA126 has residue index 125
Residue to Mutate VALA126 has residue index 125
Residue to Mutate VALA126 has residue index 125
Residue to Mutate VALA126 has residue index 125
Residue to Mutate VALA1280 has residue index 1279
Residue to Mutate VALA1280 has residue index 1279
Residue to Mutate VALA1280 has residue index 1279
Residue to Mutate VALA1280 has residue index 1279
Residue to Mutate VALA1280 has residue index 1279
Residue to Mutate VALA1290 has residue index 1289
Residue to Mutate VALA1290 has residue index 1289
Residue to Mutate VALA1290 has residue index 1289
Residue to Mutate VALA1290 has residue index 1289
Residue to Mutate VALA1290 has residue index 1289
Residue to Mutate VALA1290 has residue index 1289
Residue to Mutate VALA1342 has residue index 1341
Residue to Mutate VALA1342 has residue index 1341
Residue to Mutate VALA1342 has residue index 1341
Residue to Mutate VALA1342 has residue index 1341
Residue to Mutate VALA1342 has residue index 1341
Residue to Mutate VALA143 has residue index 142
Residue to Mutate VALA143 has residue index 142
Residue to Mutate VALA143 has residue index 142
Residue to Mutate VALA143 has residue index 142
Residue to Mutate VALA143 has residue index 142
Residue to Mutate VALA16 has residue index 15
Residue to Mutate VALA16 has residue index 15
Residue to Mutate VALA16 has residue index 15
Residue to Mutate VALA16 has residue index 15
Residue to Mutate VALA16 has residue index 15
Mutating residue = VALA1190 into GLY
Mutating residue = VALA1190 into LEU
Mutating residue = VALA1190 into MET
Mutating residue = VALA1233 into ALA
Mutating residue = VALA1233 into GLU
Mutating residue = VALA1233 into GLY
Mutating residue = VALA1233 into LEU
Mutating residue = VALA1233 into MET
Mutating residue = VALA123 into ALA
Mutating residue = VALA123 into GLU
Mutating residue = VALA123 into GLY
Mutating residue = VALA123 into LEU
Mutating residue = VALA123 into MET
Mutating residue = VALA1259 into ALA
Mutating residue = VALA1259 into GLU
Mutating residue = VALA1259 into GLY
Mutating residue = VALA1259 into LEU
Mutating residue = VALA1259 into MET
Mutating residue = VALA126 into ALA
Mutating residue = VALA126 into ASP
Mutating residue = VALA126 into PHE
Mutating residue = VALA126 into GLY
Mutating residue = VALA126 into ILE
Mutating residue = VALA126 into LEU
Mutating residue = VALA1280 into ALA
Mutating residue = VALA1280 into GLU
Mutating residue = VALA1280 into GLY
Mutating residue = VALA1280 into LEU
Mutating residue = VALA1280 into MET
Mutating residue = VALA1290 into ALA
Mutating residue = VALA1290 into ASP
Mutating residue = VALA1290 into PHE
Mutating residue = VALA1290 into GLY
Mutating residue = VALA1290 into ILE
Mutating residue = VALA1290 into LEU
Mutating residue = VALA1342 into ALA
Mutating residue = VALA1342 into GLU
Mutating residue = VALA1342 into GLY
Mutating residue = VALA1342 into LEU
Mutating residue = VALA1342 into MET
Mutating residue = VALA143 into ALA
Mutating residue = VALA143 into GLU
Mutating residue = VALA143 into GLY
Mutating residue = VALA143 into LEU
Mutating residue = VALA143 into MET
Mutating residue = VALA16 into ALA
Mutating residue = VALA16 into GLU
Mutating residue = VALA16 into GLY
Mutating residue = VALA16 into LEU
Mutating residue = VALA16 into MET
Your file run OK
End time of FoldX: Sat May  9 16:20:47 2026
Total time spend: 218.19 seconds.
validated file "CAS9_1.pdb" => successfully finished
validated file "CAS9_2.pdb" => successfully finished
validated file "CAS9_3.pdb" => successfully finished
validated file "CAS9_4.pdb" => successfully finished
validated file "CAS9_5.pdb" => successfully finished
validated file "CAS9_6.pdb" => successfully finished
validated file "CAS9_7.pdb" => successfully finished
validated file "CAS9_8.pdb" => successfully finished
validated file "CAS9_9.pdb" => successfully finished
validated file "CAS9_10.pdb" => successfully finished
validated file "CAS9_11.pdb" => successfully finished
validated file "CAS9_12.pdb" => successfully finished
validated file "CAS9_13.pdb" => successfully finished
validated file "CAS9_14.pdb" => successfully finished
validated file "CAS9_15.pdb" => successfully finished
validated file "CAS9_16.pdb" => successfully finished
validated file "CAS9_17.pdb" => successfully finished
validated file "CAS9_18.pdb" => successfully finished
validated file "CAS9_19.pdb" => successfully finished
validated file "CAS9_20.pdb" => successfully finished
validated file "CAS9_21.pdb" => successfully finished
validated file "CAS9_22.pdb" => successfully finished
validated file "CAS9_23.pdb" => successfully finished
validated file "CAS9_24.pdb" => successfully finished
validated file "CAS9_25.pdb" => successfully finished
validated file "CAS9_26.pdb" => successfully finished
validated file "CAS9_27.pdb" => successfully finished
validated file "CAS9_28.pdb" => successfully finished
validated file "CAS9_29.pdb" => successfully finished
validated file "CAS9_30.pdb" => successfully finished
validated file "CAS9_31.pdb" => successfully finished
validated file "CAS9_32.pdb" => successfully finished
validated file "CAS9_33.pdb" => successfully finished
validated file "CAS9_34.pdb" => successfully finished
validated file "CAS9_35.pdb" => successfully finished
validated file "CAS9_36.pdb" => successfully finished
validated file "CAS9_37.pdb" => successfully finished
validated file "CAS9_38.pdb" => successfully finished
validated file "CAS9_39.pdb" => successfully finished
validated file "CAS9_40.pdb" => successfully finished
validated file "CAS9_41.pdb" => successfully finished
validated file "CAS9_42.pdb" => successfully finished
validated file "CAS9_43.pdb" => successfully finished
validated file "CAS9_44.pdb" => successfully finished
validated file "CAS9_45.pdb" => successfully finished
validated file "CAS9_46.pdb" => successfully finished
validated file "CAS9_47.pdb" => successfully finished
validated file "CAS9_48.pdb" => successfully finished
validated file "CAS9_49.pdb" => successfully finished
validated file "CAS9_50.pdb" => successfully finished
Cleaning BuildModel...DONE
任务 150 结果提取成功，已映射突变信息。
