   ********************************************
   ***                                      ***
   ***             FoldX 5.1 (c)            ***
   ***                                      ***
   ***     code by the FoldX Consortium     ***
   ***                                      ***
   ***     Jesper Borg, Frederic Rousseau   ***
   ***    Joost Schymkowitz, Luis Serrano   ***
   ***    Peter Vanhee, Erik Verschueren    ***
   ***     Lies Baeten, Javier Delgado      ***
   ***       and Francois Stricher          ***
   *** and any other of the 9! permutations ***
   ***   based on an original concept by    ***
   ***   Raphael Guerois and Luis Serrano   ***
   ********************************************

1 models read: CAS9.pdb
1 models read: CAS9.pdb

BackHbond       =               -900.22
SideHbond       =               -324.89
Energy_VdW      =               -1515.04
Electro         =               -74.00
Energy_SolvP    =               2150.66
Energy_SolvH    =               -1993.90
Energy_vdwclash =               76.97
energy_torsion  =               14.15
backbone_vdwclash=              997.87
Entropy_sidec   =               814.62
Entropy_mainc   =               2092.14
water bonds     =               0.00
helix dipole    =               -7.70
loop_entropy    =               0.00
cis_bond        =               0.00
disulfide       =               0.00
kn electrostatic=               0.00
partial covalent interactions = 0.00
Energy_Ionisation =             3.43
Entropy Complex =               0.00
-----------------------------------------------------------
Total          = 				  336.23


BackHbond       =               -900.22
SideHbond       =               -324.89
Energy_VdW      =               -1515.04
Electro         =               -74.00
Energy_SolvP    =               2150.66
Energy_SolvH    =               -1993.90
Energy_vdwclash =               76.97
energy_torsion  =               14.15
backbone_vdwclash=              997.87
Entropy_sidec   =               814.62
Entropy_mainc   =               2092.14
water bonds     =               0.00
helix dipole    =               -7.70
loop_entropy    =               0.00
cis_bond        =               0.00
disulfide       =               0.00
kn electrostatic=               0.00
partial covalent interactions = 0.00
Energy_Ionisation =             3.43
Entropy Complex =               0.00
-----------------------------------------------------------
Total          = 				  336.23

Starting BuildModel
Reading KA140Q;
Reading KA140R;
Reading KA140T;
Reading KA141E;
Reading KA141I;
Reading KA141N;
Reading KA141Q;
Reading KA141R;
Reading KA141T;
Reading KA148E;
Reading KA148I;
Reading KA148N;
Reading KA148Q;
Reading KA148R;
Reading KA148T;
Reading KA163E;
Reading KA163M;
Reading KA163N;
Reading KA163Q;
Reading KA163R;
Reading KA163T;
Reading KA183E;
Reading KA183M;
Reading KA183N;
Reading KA183Q;
Reading KA183R;
Reading KA183T;
Reading KA209E;
Reading KA209I;
Reading KA209N;
Reading KA209Q;
Reading KA209R;
Reading KA209T;
Reading KA218E;
Reading KA218M;
Reading KA218N;
Reading KA218Q;
Reading KA218R;
Reading KA218T;
Reading KA233E;
Reading KA233M;
Reading KA233N;
Reading KA233Q;
Reading KA233R;
Reading KA233T;
Reading KA234E;
Reading KA234I;
Reading KA234N;
Reading KA234Q;
Reading KA234R;
Residue to Mutate LYSA140 has residue index 139
Residue to Mutate LYSA140 has residue index 139
Residue to Mutate LYSA140 has residue index 139
Residue to Mutate LYSA141 has residue index 140
Residue to Mutate LYSA141 has residue index 140
Residue to Mutate LYSA141 has residue index 140
Residue to Mutate LYSA141 has residue index 140
Residue to Mutate LYSA141 has residue index 140
Residue to Mutate LYSA141 has residue index 140
Residue to Mutate LYSA148 has residue index 147
Residue to Mutate LYSA148 has residue index 147
Residue to Mutate LYSA148 has residue index 147
Residue to Mutate LYSA148 has residue index 147
Residue to Mutate LYSA148 has residue index 147
Residue to Mutate LYSA148 has residue index 147
Residue to Mutate LYSA163 has residue index 162
Residue to Mutate LYSA163 has residue index 162
Residue to Mutate LYSA163 has residue index 162
Residue to Mutate LYSA163 has residue index 162
Residue to Mutate LYSA163 has residue index 162
Residue to Mutate LYSA163 has residue index 162
Residue to Mutate LYSA183 has residue index 182
Residue to Mutate LYSA183 has residue index 182
Residue to Mutate LYSA183 has residue index 182
Residue to Mutate LYSA183 has residue index 182
Residue to Mutate LYSA183 has residue index 182
Residue to Mutate LYSA183 has residue index 182
Residue to Mutate LYSA209 has residue index 208
Residue to Mutate LYSA209 has residue index 208
Residue to Mutate LYSA209 has residue index 208
Residue to Mutate LYSA209 has residue index 208
Residue to Mutate LYSA209 has residue index 208
Residue to Mutate LYSA209 has residue index 208
Residue to Mutate LYSA218 has residue index 217
Residue to Mutate LYSA218 has residue index 217
Residue to Mutate LYSA218 has residue index 217
Residue to Mutate LYSA218 has residue index 217
Residue to Mutate LYSA218 has residue index 217
Residue to Mutate LYSA218 has residue index 217
Residue to Mutate LYSA233 has residue index 232
Residue to Mutate LYSA233 has residue index 232
Residue to Mutate LYSA233 has residue index 232
Residue to Mutate LYSA233 has residue index 232
Residue to Mutate LYSA233 has residue index 232
Residue to Mutate LYSA233 has residue index 232
Residue to Mutate LYSA234 has residue index 233
Residue to Mutate LYSA234 has residue index 233
Residue to Mutate LYSA234 has residue index 233
Residue to Mutate LYSA234 has residue index 233
Residue to Mutate LYSA234 has residue index 233
Mutating residue = LYSA140 into GLN
Mutating residue = LYSA140 into ARG
Mutating residue = LYSA140 into THR
Mutating residue = LYSA141 into GLU
Mutating residue = LYSA141 into ILE
Mutating residue = LYSA141 into ASN
Mutating residue = LYSA141 into GLN
Mutating residue = LYSA141 into ARG
Mutating residue = LYSA141 into THR
Mutating residue = LYSA148 into GLU
Mutating residue = LYSA148 into ILE
Mutating residue = LYSA148 into ASN
Mutating residue = LYSA148 into GLN
Mutating residue = LYSA148 into ARG
Mutating residue = LYSA148 into THR
Mutating residue = LYSA163 into GLU
Mutating residue = LYSA163 into MET
Mutating residue = LYSA163 into ASN
Mutating residue = LYSA163 into GLN
Mutating residue = LYSA163 into ARG
Mutating residue = LYSA163 into THR
Mutating residue = LYSA183 into GLU
Mutating residue = LYSA183 into MET
Mutating residue = LYSA183 into ASN
Mutating residue = LYSA183 into GLN
Mutating residue = LYSA183 into ARG
Mutating residue = LYSA183 into THR
Mutating residue = LYSA209 into GLU
Mutating residue = LYSA209 into ILE
Mutating residue = LYSA209 into ASN
Mutating residue = LYSA209 into GLN
Mutating residue = LYSA209 into ARG
Mutating residue = LYSA209 into THR
Mutating residue = LYSA218 into GLU
Mutating residue = LYSA218 into MET
Mutating residue = LYSA218 into ASN
Mutating residue = LYSA218 into GLN
Mutating residue = LYSA218 into ARG
Mutating residue = LYSA218 into THR
Mutating residue = LYSA233 into GLU
Mutating residue = LYSA233 into MET
Mutating residue = LYSA233 into ASN
Mutating residue = LYSA233 into GLN
Mutating residue = LYSA233 into ARG
Mutating residue = LYSA233 into THR
Mutating residue = LYSA234 into GLU
Mutating residue = LYSA234 into ILE
Mutating residue = LYSA234 into ASN
Mutating residue = LYSA234 into GLN
Mutating residue = LYSA234 into ARG
Your file run OK
End time of FoldX: Sat May  9 16:34:32 2026
Total time spend: 1047.98 seconds.
validated file "CAS9_1.pdb" => successfully finished
validated file "CAS9_2.pdb" => successfully finished
validated file "CAS9_3.pdb" => successfully finished
validated file "CAS9_4.pdb" => successfully finished
validated file "CAS9_5.pdb" => successfully finished
validated file "CAS9_6.pdb" => successfully finished
validated file "CAS9_7.pdb" => successfully finished
validated file "CAS9_8.pdb" => successfully finished
validated file "CAS9_9.pdb" => successfully finished
validated file "CAS9_10.pdb" => successfully finished
validated file "CAS9_11.pdb" => successfully finished
validated file "CAS9_12.pdb" => successfully finished
validated file "CAS9_13.pdb" => successfully finished
validated file "CAS9_14.pdb" => successfully finished
validated file "CAS9_15.pdb" => successfully finished
validated file "CAS9_16.pdb" => successfully finished
validated file "CAS9_17.pdb" => successfully finished
validated file "CAS9_18.pdb" => successfully finished
validated file "CAS9_19.pdb" => successfully finished
validated file "CAS9_20.pdb" => successfully finished
validated file "CAS9_21.pdb" => successfully finished
validated file "CAS9_22.pdb" => successfully finished
validated file "CAS9_23.pdb" => successfully finished
validated file "CAS9_24.pdb" => successfully finished
validated file "CAS9_25.pdb" => successfully finished
validated file "CAS9_26.pdb" => successfully finished
validated file "CAS9_27.pdb" => successfully finished
validated file "CAS9_28.pdb" => successfully finished
validated file "CAS9_29.pdb" => successfully finished
validated file "CAS9_30.pdb" => successfully finished
validated file "CAS9_31.pdb" => successfully finished
validated file "CAS9_32.pdb" => successfully finished
validated file "CAS9_33.pdb" => successfully finished
validated file "CAS9_34.pdb" => successfully finished
validated file "CAS9_35.pdb" => successfully finished
validated file "CAS9_36.pdb" => successfully finished
validated file "CAS9_37.pdb" => successfully finished
validated file "CAS9_38.pdb" => successfully finished
validated file "CAS9_39.pdb" => successfully finished
validated file "CAS9_40.pdb" => successfully finished
validated file "CAS9_41.pdb" => successfully finished
validated file "CAS9_42.pdb" => successfully finished
validated file "CAS9_43.pdb" => successfully finished
validated file "CAS9_44.pdb" => successfully finished
validated file "CAS9_45.pdb" => successfully finished
validated file "CAS9_46.pdb" => successfully finished
validated file "CAS9_47.pdb" => successfully finished
validated file "CAS9_48.pdb" => successfully finished
validated file "CAS9_49.pdb" => successfully finished
validated file "CAS9_50.pdb" => successfully finished
Cleaning BuildModel...DONE
任务 75 结果提取成功，已映射突变信息。
