   ********************************************
   ***                                      ***
   ***             FoldX 5.1 (c)            ***
   ***                                      ***
   ***     code by the FoldX Consortium     ***
   ***                                      ***
   ***     Jesper Borg, Frederic Rousseau   ***
   ***    Joost Schymkowitz, Luis Serrano   ***
   ***    Peter Vanhee, Erik Verschueren    ***
   ***     Lies Baeten, Javier Delgado      ***
   ***       and Francois Stricher          ***
   *** and any other of the 9! permutations ***
   ***   based on an original concept by    ***
   ***   Raphael Guerois and Luis Serrano   ***
   ********************************************

1 models read: CAS9.pdb
1 models read: CAS9.pdb

BackHbond       =               -900.22
SideHbond       =               -324.89
Energy_VdW      =               -1515.04
Electro         =               -74.00
Energy_SolvP    =               2150.66
Energy_SolvH    =               -1993.90
Energy_vdwclash =               76.97
energy_torsion  =               14.15
backbone_vdwclash=              997.87
Entropy_sidec   =               814.62
Entropy_mainc   =               2092.14
water bonds     =               0.00
helix dipole    =               -7.70
loop_entropy    =               0.00
cis_bond        =               0.00
disulfide       =               0.00
kn electrostatic=               0.00
partial covalent interactions = 0.00
Energy_Ionisation =             3.43
Entropy Complex =               0.00
-----------------------------------------------------------
Total          = 				  336.23


BackHbond       =               -900.22
SideHbond       =               -324.89
Energy_VdW      =               -1515.04
Electro         =               -74.00
Energy_SolvP    =               2150.66
Energy_SolvH    =               -1993.90
Energy_vdwclash =               76.97
energy_torsion  =               14.15
backbone_vdwclash=              997.87
Entropy_sidec   =               814.62
Entropy_mainc   =               2092.14
water bonds     =               0.00
helix dipole    =               -7.70
loop_entropy    =               0.00
cis_bond        =               0.00
disulfide       =               0.00
kn electrostatic=               0.00
partial covalent interactions = 0.00
Energy_Ionisation =             3.43
Entropy Complex =               0.00
-----------------------------------------------------------
Total          = 				  336.23

Starting BuildModel
Reading EA790V;
Reading EA798A;
Reading EA798D;
Reading EA798G;
Reading EA798K;
Reading EA798Q;
Reading EA798V;
Reading EA802A;
Reading EA802D;
Reading EA802G;
Reading EA802K;
Reading EA802Q;
Reading EA802V;
Reading EA809A;
Reading EA809D;
Reading EA809G;
Reading EA809K;
Reading EA809Q;
Reading EA809V;
Reading EA827A;
Reading EA827D;
Reading EA827G;
Reading EA827K;
Reading EA827Q;
Reading EA827V;
Reading EA84A;
Reading EA84D;
Reading EA84G;
Reading EA84K;
Reading EA84Q;
Reading EA84V;
Reading EA873A;
Reading EA873D;
Reading EA873G;
Reading EA873K;
Reading EA873Q;
Reading EA873V;
Reading EA874A;
Reading EA874D;
Reading EA874G;
Reading EA874K;
Reading EA874Q;
Reading EA874V;
Reading EA89A;
Reading EA89D;
Reading EA89G;
Reading EA89K;
Reading EA89Q;
Reading EA89V;
Reading EA904A;
Residue to Mutate GLUA790 has residue index 789
Residue to Mutate GLUA798 has residue index 797
Residue to Mutate GLUA798 has residue index 797
Residue to Mutate GLUA798 has residue index 797
Residue to Mutate GLUA798 has residue index 797
Residue to Mutate GLUA798 has residue index 797
Residue to Mutate GLUA798 has residue index 797
Residue to Mutate GLUA802 has residue index 801
Residue to Mutate GLUA802 has residue index 801
Residue to Mutate GLUA802 has residue index 801
Residue to Mutate GLUA802 has residue index 801
Residue to Mutate GLUA802 has residue index 801
Residue to Mutate GLUA802 has residue index 801
Residue to Mutate GLUA809 has residue index 808
Residue to Mutate GLUA809 has residue index 808
Residue to Mutate GLUA809 has residue index 808
Residue to Mutate GLUA809 has residue index 808
Residue to Mutate GLUA809 has residue index 808
Residue to Mutate GLUA809 has residue index 808
Residue to Mutate GLUA827 has residue index 826
Residue to Mutate GLUA827 has residue index 826
Residue to Mutate GLUA827 has residue index 826
Residue to Mutate GLUA827 has residue index 826
Residue to Mutate GLUA827 has residue index 826
Residue to Mutate GLUA827 has residue index 826
Residue to Mutate GLUA84 has residue index 83
Residue to Mutate GLUA84 has residue index 83
Residue to Mutate GLUA84 has residue index 83
Residue to Mutate GLUA84 has residue index 83
Residue to Mutate GLUA84 has residue index 83
Residue to Mutate GLUA84 has residue index 83
Residue to Mutate GLUA873 has residue index 872
Residue to Mutate GLUA873 has residue index 872
Residue to Mutate GLUA873 has residue index 872
Residue to Mutate GLUA873 has residue index 872
Residue to Mutate GLUA873 has residue index 872
Residue to Mutate GLUA873 has residue index 872
Residue to Mutate GLUA874 has residue index 873
Residue to Mutate GLUA874 has residue index 873
Residue to Mutate GLUA874 has residue index 873
Residue to Mutate GLUA874 has residue index 873
Residue to Mutate GLUA874 has residue index 873
Residue to Mutate GLUA874 has residue index 873
Residue to Mutate GLUA89 has residue index 88
Residue to Mutate GLUA89 has residue index 88
Residue to Mutate GLUA89 has residue index 88
Residue to Mutate GLUA89 has residue index 88
Residue to Mutate GLUA89 has residue index 88
Residue to Mutate GLUA89 has residue index 88
Residue to Mutate GLUA904 has residue index 903
Mutating residue = GLUA790 into VAL
Mutating residue = GLUA798 into ALA
Mutating residue = GLUA798 into ASP
Mutating residue = GLUA798 into GLY
Mutating residue = GLUA798 into LYS
Mutating residue = GLUA798 into GLN
Mutating residue = GLUA798 into VAL
Mutating residue = GLUA802 into ALA
Mutating residue = GLUA802 into ASP
Mutating residue = GLUA802 into GLY
Mutating residue = GLUA802 into LYS
Mutating residue = GLUA802 into GLN
Mutating residue = GLUA802 into VAL
Mutating residue = GLUA809 into ALA
Mutating residue = GLUA809 into ASP
Mutating residue = GLUA809 into GLY
Mutating residue = GLUA809 into LYS
Mutating residue = GLUA809 into GLN
Mutating residue = GLUA809 into VAL
Mutating residue = GLUA827 into ALA
Mutating residue = GLUA827 into ASP
Mutating residue = GLUA827 into GLY
Mutating residue = GLUA827 into LYS
Mutating residue = GLUA827 into GLN
Mutating residue = GLUA827 into VAL
Mutating residue = GLUA84 into ALA
Mutating residue = GLUA84 into ASP
Mutating residue = GLUA84 into GLY
Mutating residue = GLUA84 into LYS
Mutating residue = GLUA84 into GLN
Mutating residue = GLUA84 into VAL
Mutating residue = GLUA873 into ALA
Mutating residue = GLUA873 into ASP
Mutating residue = GLUA873 into GLY
Mutating residue = GLUA873 into LYS
Mutating residue = GLUA873 into GLN
Mutating residue = GLUA873 into VAL
Mutating residue = GLUA874 into ALA
Mutating residue = GLUA874 into ASP
Mutating residue = GLUA874 into GLY
Mutating residue = GLUA874 into LYS
Mutating residue = GLUA874 into GLN
Mutating residue = GLUA874 into VAL
Mutating residue = GLUA89 into ALA
Mutating residue = GLUA89 into ASP
Mutating residue = GLUA89 into GLY
Mutating residue = GLUA89 into LYS
Mutating residue = GLUA89 into GLN
Mutating residue = GLUA89 into VAL
Mutating residue = GLUA904 into ALA
Your file run OK
End time of FoldX: Sat May  9 16:27:24 2026
Total time spend: 620.52 seconds.
validated file "CAS9_1.pdb" => successfully finished
validated file "CAS9_2.pdb" => successfully finished
validated file "CAS9_3.pdb" => successfully finished
validated file "CAS9_4.pdb" => successfully finished
validated file "CAS9_5.pdb" => successfully finished
validated file "CAS9_6.pdb" => successfully finished
validated file "CAS9_7.pdb" => successfully finished
validated file "CAS9_8.pdb" => successfully finished
validated file "CAS9_9.pdb" => successfully finished
validated file "CAS9_10.pdb" => successfully finished
validated file "CAS9_11.pdb" => successfully finished
validated file "CAS9_12.pdb" => successfully finished
validated file "CAS9_13.pdb" => successfully finished
validated file "CAS9_14.pdb" => successfully finished
validated file "CAS9_15.pdb" => successfully finished
validated file "CAS9_16.pdb" => successfully finished
validated file "CAS9_17.pdb" => successfully finished
validated file "CAS9_18.pdb" => successfully finished
validated file "CAS9_19.pdb" => successfully finished
validated file "CAS9_20.pdb" => successfully finished
validated file "CAS9_21.pdb" => successfully finished
validated file "CAS9_22.pdb" => successfully finished
validated file "CAS9_23.pdb" => successfully finished
validated file "CAS9_24.pdb" => successfully finished
validated file "CAS9_25.pdb" => successfully finished
validated file "CAS9_26.pdb" => successfully finished
validated file "CAS9_27.pdb" => successfully finished
validated file "CAS9_28.pdb" => successfully finished
validated file "CAS9_29.pdb" => successfully finished
validated file "CAS9_30.pdb" => successfully finished
validated file "CAS9_31.pdb" => successfully finished
validated file "CAS9_32.pdb" => successfully finished
validated file "CAS9_33.pdb" => successfully finished
validated file "CAS9_34.pdb" => successfully finished
validated file "CAS9_35.pdb" => successfully finished
validated file "CAS9_36.pdb" => successfully finished
validated file "CAS9_37.pdb" => successfully finished
validated file "CAS9_38.pdb" => successfully finished
validated file "CAS9_39.pdb" => successfully finished
validated file "CAS9_40.pdb" => successfully finished
validated file "CAS9_41.pdb" => successfully finished
validated file "CAS9_42.pdb" => successfully finished
validated file "CAS9_43.pdb" => successfully finished
validated file "CAS9_44.pdb" => successfully finished
validated file "CAS9_45.pdb" => successfully finished
validated file "CAS9_46.pdb" => successfully finished
validated file "CAS9_47.pdb" => successfully finished
validated file "CAS9_48.pdb" => successfully finished
validated file "CAS9_49.pdb" => successfully finished
validated file "CAS9_50.pdb" => successfully finished
Cleaning BuildModel...DONE
任务 35 结果提取成功，已映射突变信息。
