   ********************************************
   ***                                      ***
   ***             FoldX 5.1 (c)            ***
   ***                                      ***
   ***     code by the FoldX Consortium     ***
   ***                                      ***
   ***     Jesper Borg, Frederic Rousseau   ***
   ***    Joost Schymkowitz, Luis Serrano   ***
   ***    Peter Vanhee, Erik Verschueren    ***
   ***     Lies Baeten, Javier Delgado      ***
   ***       and Francois Stricher          ***
   *** and any other of the 9! permutations ***
   ***   based on an original concept by    ***
   ***   Raphael Guerois and Luis Serrano   ***
   ********************************************

1 models read: CAS9.pdb
1 models read: CAS9.pdb

BackHbond       =               -900.22
SideHbond       =               -324.89
Energy_VdW      =               -1515.04
Electro         =               -74.00
Energy_SolvP    =               2150.66
Energy_SolvH    =               -1993.90
Energy_vdwclash =               76.97
energy_torsion  =               14.15
backbone_vdwclash=              997.87
Entropy_sidec   =               814.62
Entropy_mainc   =               2092.14
water bonds     =               0.00
helix dipole    =               -7.70
loop_entropy    =               0.00
cis_bond        =               0.00
disulfide       =               0.00
kn electrostatic=               0.00
partial covalent interactions = 0.00
Energy_Ionisation =             3.43
Entropy Complex =               0.00
-----------------------------------------------------------
Total          = 				  336.23


BackHbond       =               -900.22
SideHbond       =               -324.89
Energy_VdW      =               -1515.04
Electro         =               -74.00
Energy_SolvP    =               2150.66
Energy_SolvH    =               -1993.90
Energy_vdwclash =               76.97
energy_torsion  =               14.15
backbone_vdwclash=              997.87
Entropy_sidec   =               814.62
Entropy_mainc   =               2092.14
water bonds     =               0.00
helix dipole    =               -7.70
loop_entropy    =               0.00
cis_bond        =               0.00
disulfide       =               0.00
kn electrostatic=               0.00
partial covalent interactions = 0.00
Energy_Ionisation =             3.43
Entropy Complex =               0.00
-----------------------------------------------------------
Total          = 				  336.23

Starting BuildModel
Reading LA64V;
Reading LA651M;
Reading LA651P;
Reading LA651Q;
Reading LA651R;
Reading LA651V;
Reading LA662M;
Reading LA662P;
Reading LA662Q;
Reading LA662R;
Reading LA662V;
Reading LA666M;
Reading LA666P;
Reading LA666Q;
Reading LA666R;
Reading LA666V;
Reading LA680M;
Reading LA680P;
Reading LA680Q;
Reading LA680R;
Reading LA680V;
Reading LA683M;
Reading LA683P;
Reading LA683Q;
Reading LA683R;
Reading LA683V;
Reading LA696M;
Reading LA696P;
Reading LA696Q;
Reading LA696R;
Reading LA696V;
Reading LA702M;
Reading LA702P;
Reading LA702Q;
Reading LA702R;
Reading LA702V;
Reading LA720M;
Reading LA720P;
Reading LA720Q;
Reading LA720R;
Reading LA720V;
Reading LA727M;
Reading LA727P;
Reading LA727Q;
Reading LA727R;
Reading LA727V;
Reading LA738M;
Reading LA738P;
Reading LA738Q;
Reading LA738R;
Residue to Mutate LEUA64 has residue index 63
Residue to Mutate LEUA651 has residue index 650
Residue to Mutate LEUA651 has residue index 650
Residue to Mutate LEUA651 has residue index 650
Residue to Mutate LEUA651 has residue index 650
Residue to Mutate LEUA651 has residue index 650
Residue to Mutate LEUA662 has residue index 661
Residue to Mutate LEUA662 has residue index 661
Residue to Mutate LEUA662 has residue index 661
Residue to Mutate LEUA662 has residue index 661
Residue to Mutate LEUA662 has residue index 661
Residue to Mutate LEUA666 has residue index 665
Residue to Mutate LEUA666 has residue index 665
Residue to Mutate LEUA666 has residue index 665
Residue to Mutate LEUA666 has residue index 665
Residue to Mutate LEUA666 has residue index 665
Residue to Mutate LEUA680 has residue index 679
Residue to Mutate LEUA680 has residue index 679
Residue to Mutate LEUA680 has residue index 679
Residue to Mutate LEUA680 has residue index 679
Residue to Mutate LEUA680 has residue index 679
Residue to Mutate LEUA683 has residue index 682
Residue to Mutate LEUA683 has residue index 682
Residue to Mutate LEUA683 has residue index 682
Residue to Mutate LEUA683 has residue index 682
Residue to Mutate LEUA683 has residue index 682
Residue to Mutate LEUA696 has residue index 695
Residue to Mutate LEUA696 has residue index 695
Residue to Mutate LEUA696 has residue index 695
Residue to Mutate LEUA696 has residue index 695
Residue to Mutate LEUA696 has residue index 695
Residue to Mutate LEUA702 has residue index 701
Residue to Mutate LEUA702 has residue index 701
Residue to Mutate LEUA702 has residue index 701
Residue to Mutate LEUA702 has residue index 701
Residue to Mutate LEUA702 has residue index 701
Residue to Mutate LEUA720 has residue index 719
Residue to Mutate LEUA720 has residue index 719
Residue to Mutate LEUA720 has residue index 719
Residue to Mutate LEUA720 has residue index 719
Residue to Mutate LEUA720 has residue index 719
Residue to Mutate LEUA727 has residue index 726
Residue to Mutate LEUA727 has residue index 726
Residue to Mutate LEUA727 has residue index 726
Residue to Mutate LEUA727 has residue index 726
Residue to Mutate LEUA727 has residue index 726
Residue to Mutate LEUA738 has residue index 737
Residue to Mutate LEUA738 has residue index 737
Residue to Mutate LEUA738 has residue index 737
Residue to Mutate LEUA738 has residue index 737
Mutating residue = LEUA64 into VAL
Mutating residue = LEUA651 into MET
Mutating residue = LEUA651 into PRO
Mutating residue = LEUA651 into GLN
Mutating residue = LEUA651 into ARG
Mutating residue = LEUA651 into VAL
Mutating residue = LEUA662 into MET
Mutating residue = LEUA662 into PRO
Mutating residue = LEUA662 into GLN
Mutating residue = LEUA662 into ARG
Mutating residue = LEUA662 into VAL
Mutating residue = LEUA666 into MET
Mutating residue = LEUA666 into PRO
Mutating residue = LEUA666 into GLN
Mutating residue = LEUA666 into ARG
Mutating residue = LEUA666 into VAL
Mutating residue = LEUA680 into MET
Mutating residue = LEUA680 into PRO
Mutating residue = LEUA680 into GLN
Mutating residue = LEUA680 into ARG
Mutating residue = LEUA680 into VAL
Mutating residue = LEUA683 into MET
Mutating residue = LEUA683 into PRO
Mutating residue = LEUA683 into GLN
Mutating residue = LEUA683 into ARG
Mutating residue = LEUA683 into VAL
Mutating residue = LEUA696 into MET
Mutating residue = LEUA696 into PRO
Mutating residue = LEUA696 into GLN
Mutating residue = LEUA696 into ARG
Mutating residue = LEUA696 into VAL
Mutating residue = LEUA702 into MET
Mutating residue = LEUA702 into PRO
Mutating residue = LEUA702 into GLN
Mutating residue = LEUA702 into ARG
Mutating residue = LEUA702 into VAL
Mutating residue = LEUA720 into MET
Mutating residue = LEUA720 into PRO
Mutating residue = LEUA720 into GLN
Mutating residue = LEUA720 into ARG
Mutating residue = LEUA720 into VAL
Mutating residue = LEUA727 into MET
Mutating residue = LEUA727 into PRO
Mutating residue = LEUA727 into GLN
Mutating residue = LEUA727 into ARG
Mutating residue = LEUA727 into VAL
Mutating residue = LEUA738 into MET
Mutating residue = LEUA738 into PRO
Mutating residue = LEUA738 into GLN
Mutating residue = LEUA738 into ARG
Your file run OK
End time of FoldX: Sat May  9 16:25:18 2026
Total time spend: 494.40 seconds.
validated file "CAS9_1.pdb" => successfully finished
validated file "CAS9_2.pdb" => successfully finished
validated file "CAS9_3.pdb" => successfully finished
validated file "CAS9_4.pdb" => successfully finished
validated file "CAS9_5.pdb" => successfully finished
validated file "CAS9_6.pdb" => successfully finished
validated file "CAS9_7.pdb" => successfully finished
validated file "CAS9_8.pdb" => successfully finished
validated file "CAS9_9.pdb" => successfully finished
validated file "CAS9_10.pdb" => successfully finished
validated file "CAS9_11.pdb" => successfully finished
validated file "CAS9_12.pdb" => successfully finished
validated file "CAS9_13.pdb" => successfully finished
validated file "CAS9_14.pdb" => successfully finished
validated file "CAS9_15.pdb" => successfully finished
validated file "CAS9_16.pdb" => successfully finished
validated file "CAS9_17.pdb" => successfully finished
validated file "CAS9_18.pdb" => successfully finished
validated file "CAS9_19.pdb" => successfully finished
validated file "CAS9_20.pdb" => successfully finished
validated file "CAS9_21.pdb" => successfully finished
validated file "CAS9_22.pdb" => successfully finished
validated file "CAS9_23.pdb" => successfully finished
validated file "CAS9_24.pdb" => successfully finished
validated file "CAS9_25.pdb" => successfully finished
validated file "CAS9_26.pdb" => successfully finished
validated file "CAS9_27.pdb" => successfully finished
validated file "CAS9_28.pdb" => successfully finished
validated file "CAS9_29.pdb" => successfully finished
validated file "CAS9_30.pdb" => successfully finished
validated file "CAS9_31.pdb" => successfully finished
validated file "CAS9_32.pdb" => successfully finished
validated file "CAS9_33.pdb" => successfully finished
validated file "CAS9_34.pdb" => successfully finished
validated file "CAS9_35.pdb" => successfully finished
validated file "CAS9_36.pdb" => successfully finished
validated file "CAS9_37.pdb" => successfully finished
validated file "CAS9_38.pdb" => successfully finished
validated file "CAS9_39.pdb" => successfully finished
validated file "CAS9_40.pdb" => successfully finished
validated file "CAS9_41.pdb" => successfully finished
validated file "CAS9_42.pdb" => successfully finished
validated file "CAS9_43.pdb" => successfully finished
validated file "CAS9_44.pdb" => successfully finished
validated file "CAS9_45.pdb" => successfully finished
validated file "CAS9_46.pdb" => successfully finished
validated file "CAS9_47.pdb" => successfully finished
validated file "CAS9_48.pdb" => successfully finished
validated file "CAS9_49.pdb" => successfully finished
validated file "CAS9_50.pdb" => successfully finished
Cleaning BuildModel...DONE
任务 98 结果提取成功，已映射突变信息。
