   ********************************************
   ***                                      ***
   ***             FoldX 5.1 (c)            ***
   ***                                      ***
   ***     code by the FoldX Consortium     ***
   ***                                      ***
   ***     Jesper Borg, Frederic Rousseau   ***
   ***    Joost Schymkowitz, Luis Serrano   ***
   ***    Peter Vanhee, Erik Verschueren    ***
   ***     Lies Baeten, Javier Delgado      ***
   ***       and Francois Stricher          ***
   *** and any other of the 9! permutations ***
   ***   based on an original concept by    ***
   ***   Raphael Guerois and Luis Serrano   ***
   ********************************************

1 models read: CAS9.pdb
1 models read: CAS9.pdb

BackHbond       =               -900.22
SideHbond       =               -324.89
Energy_VdW      =               -1515.04
Electro         =               -74.00
Energy_SolvP    =               2150.66
Energy_SolvH    =               -1993.90
Energy_vdwclash =               76.97
energy_torsion  =               14.15
backbone_vdwclash=              997.87
Entropy_sidec   =               814.62
Entropy_mainc   =               2092.14
water bonds     =               0.00
helix dipole    =               -7.70
loop_entropy    =               0.00
cis_bond        =               0.00
disulfide       =               0.00
kn electrostatic=               0.00
partial covalent interactions = 0.00
Energy_Ionisation =             3.43
Entropy Complex =               0.00
-----------------------------------------------------------
Total          = 				  336.23


BackHbond       =               -900.22
SideHbond       =               -324.89
Energy_VdW      =               -1515.04
Electro         =               -74.00
Energy_SolvP    =               2150.66
Energy_SolvH    =               -1993.90
Energy_vdwclash =               76.97
energy_torsion  =               14.15
backbone_vdwclash=              997.87
Entropy_sidec   =               814.62
Entropy_mainc   =               2092.14
water bonds     =               0.00
helix dipole    =               -7.70
loop_entropy    =               0.00
cis_bond        =               0.00
disulfide       =               0.00
kn electrostatic=               0.00
partial covalent interactions = 0.00
Energy_Ionisation =             3.43
Entropy Complex =               0.00
-----------------------------------------------------------
Total          = 				  336.23

Starting BuildModel
Reading LA398V;
Reading LA399M;
Reading LA399P;
Reading LA399Q;
Reading LA399R;
Reading LA399V;
Reading LA416M;
Reading LA416P;
Reading LA416Q;
Reading LA416R;
Reading LA416V;
Reading LA419M;
Reading LA419P;
Reading LA419Q;
Reading LA419R;
Reading LA419V;
Reading LA423M;
Reading LA423P;
Reading LA423Q;
Reading LA423R;
Reading LA423V;
Reading LA433M;
Reading LA433P;
Reading LA433Q;
Reading LA433R;
Reading LA433V;
Reading LA444M;
Reading LA444P;
Reading LA444Q;
Reading LA444R;
Reading LA444V;
Reading LA455M;
Reading LA455P;
Reading LA455Q;
Reading LA455R;
Reading LA455V;
Reading LA47M;
Reading LA47P;
Reading LA47Q;
Reading LA47R;
Reading LA47V;
Reading LA502M;
Reading LA502P;
Reading LA502Q;
Reading LA502R;
Reading LA502V;
Reading LA508M;
Reading LA508P;
Reading LA508Q;
Reading LA508R;
Residue to Mutate LEUA398 has residue index 397
Residue to Mutate LEUA399 has residue index 398
Residue to Mutate LEUA399 has residue index 398
Residue to Mutate LEUA399 has residue index 398
Residue to Mutate LEUA399 has residue index 398
Residue to Mutate LEUA399 has residue index 398
Residue to Mutate LEUA416 has residue index 415
Residue to Mutate LEUA416 has residue index 415
Residue to Mutate LEUA416 has residue index 415
Residue to Mutate LEUA416 has residue index 415
Residue to Mutate LEUA416 has residue index 415
Residue to Mutate LEUA419 has residue index 418
Residue to Mutate LEUA419 has residue index 418
Residue to Mutate LEUA419 has residue index 418
Residue to Mutate LEUA419 has residue index 418
Residue to Mutate LEUA419 has residue index 418
Residue to Mutate LEUA423 has residue index 422
Residue to Mutate LEUA423 has residue index 422
Residue to Mutate LEUA423 has residue index 422
Residue to Mutate LEUA423 has residue index 422
Residue to Mutate LEUA423 has residue index 422
Residue to Mutate LEUA433 has residue index 432
Residue to Mutate LEUA433 has residue index 432
Residue to Mutate LEUA433 has residue index 432
Residue to Mutate LEUA433 has residue index 432
Residue to Mutate LEUA433 has residue index 432
Residue to Mutate LEUA444 has residue index 443
Residue to Mutate LEUA444 has residue index 443
Residue to Mutate LEUA444 has residue index 443
Residue to Mutate LEUA444 has residue index 443
Residue to Mutate LEUA444 has residue index 443
Residue to Mutate LEUA455 has residue index 454
Residue to Mutate LEUA455 has residue index 454
Residue to Mutate LEUA455 has residue index 454
Residue to Mutate LEUA455 has residue index 454
Residue to Mutate LEUA455 has residue index 454
Residue to Mutate LEUA47 has residue index 46
Residue to Mutate LEUA47 has residue index 46
Residue to Mutate LEUA47 has residue index 46
Residue to Mutate LEUA47 has residue index 46
Residue to Mutate LEUA47 has residue index 46
Residue to Mutate LEUA502 has residue index 501
Residue to Mutate LEUA502 has residue index 501
Residue to Mutate LEUA502 has residue index 501
Residue to Mutate LEUA502 has residue index 501
Residue to Mutate LEUA502 has residue index 501
Residue to Mutate LEUA508 has residue index 507
Residue to Mutate LEUA508 has residue index 507
Residue to Mutate LEUA508 has residue index 507
Residue to Mutate LEUA508 has residue index 507
Mutating residue = LEUA398 into VAL
Mutating residue = LEUA399 into MET
Mutating residue = LEUA399 into PRO
Mutating residue = LEUA399 into GLN
Mutating residue = LEUA399 into ARG
Mutating residue = LEUA399 into VAL
Mutating residue = LEUA416 into MET
Mutating residue = LEUA416 into PRO
Mutating residue = LEUA416 into GLN
Mutating residue = LEUA416 into ARG
Mutating residue = LEUA416 into VAL
Mutating residue = LEUA419 into MET
Mutating residue = LEUA419 into PRO
Mutating residue = LEUA419 into GLN
Mutating residue = LEUA419 into ARG
Mutating residue = LEUA419 into VAL
Mutating residue = LEUA423 into MET
Mutating residue = LEUA423 into PRO
Mutating residue = LEUA423 into GLN
Mutating residue = LEUA423 into ARG
Mutating residue = LEUA423 into VAL
Mutating residue = LEUA433 into MET
Mutating residue = LEUA433 into PRO
Mutating residue = LEUA433 into GLN
Mutating residue = LEUA433 into ARG
Mutating residue = LEUA433 into VAL
Mutating residue = LEUA444 into MET
Mutating residue = LEUA444 into PRO
Mutating residue = LEUA444 into GLN
Mutating residue = LEUA444 into ARG
Mutating residue = LEUA444 into VAL
Mutating residue = LEUA455 into MET
Mutating residue = LEUA455 into PRO
Mutating residue = LEUA455 into GLN
Mutating residue = LEUA455 into ARG
Mutating residue = LEUA455 into VAL
Mutating residue = LEUA47 into MET
Mutating residue = LEUA47 into PRO
Mutating residue = LEUA47 into GLN
Mutating residue = LEUA47 into ARG
Mutating residue = LEUA47 into VAL
Mutating residue = LEUA502 into MET
Mutating residue = LEUA502 into PRO
Mutating residue = LEUA502 into GLN
Mutating residue = LEUA502 into ARG
Mutating residue = LEUA502 into VAL
Mutating residue = LEUA508 into MET
Mutating residue = LEUA508 into PRO
Mutating residue = LEUA508 into GLN
Mutating residue = LEUA508 into ARG
Your file run OK
End time of FoldX: Sat May  9 16:23:29 2026
Total time spend: 385.98 seconds.
validated file "CAS9_1.pdb" => successfully finished
validated file "CAS9_2.pdb" => successfully finished
validated file "CAS9_3.pdb" => successfully finished
validated file "CAS9_4.pdb" => successfully finished
validated file "CAS9_5.pdb" => successfully finished
validated file "CAS9_6.pdb" => successfully finished
validated file "CAS9_7.pdb" => successfully finished
validated file "CAS9_8.pdb" => successfully finished
validated file "CAS9_9.pdb" => successfully finished
validated file "CAS9_10.pdb" => successfully finished
validated file "CAS9_11.pdb" => successfully finished
validated file "CAS9_12.pdb" => successfully finished
validated file "CAS9_13.pdb" => successfully finished
validated file "CAS9_14.pdb" => successfully finished
validated file "CAS9_15.pdb" => successfully finished
validated file "CAS9_16.pdb" => successfully finished
validated file "CAS9_17.pdb" => successfully finished
validated file "CAS9_18.pdb" => successfully finished
validated file "CAS9_19.pdb" => successfully finished
validated file "CAS9_20.pdb" => successfully finished
validated file "CAS9_21.pdb" => successfully finished
validated file "CAS9_22.pdb" => successfully finished
validated file "CAS9_23.pdb" => successfully finished
validated file "CAS9_24.pdb" => successfully finished
validated file "CAS9_25.pdb" => successfully finished
validated file "CAS9_26.pdb" => successfully finished
validated file "CAS9_27.pdb" => successfully finished
validated file "CAS9_28.pdb" => successfully finished
validated file "CAS9_29.pdb" => successfully finished
validated file "CAS9_30.pdb" => successfully finished
validated file "CAS9_31.pdb" => successfully finished
validated file "CAS9_32.pdb" => successfully finished
validated file "CAS9_33.pdb" => successfully finished
validated file "CAS9_34.pdb" => successfully finished
validated file "CAS9_35.pdb" => successfully finished
validated file "CAS9_36.pdb" => successfully finished
validated file "CAS9_37.pdb" => successfully finished
validated file "CAS9_38.pdb" => successfully finished
validated file "CAS9_39.pdb" => successfully finished
validated file "CAS9_40.pdb" => successfully finished
validated file "CAS9_41.pdb" => successfully finished
validated file "CAS9_42.pdb" => successfully finished
validated file "CAS9_43.pdb" => successfully finished
validated file "CAS9_44.pdb" => successfully finished
validated file "CAS9_45.pdb" => successfully finished
validated file "CAS9_46.pdb" => successfully finished
validated file "CAS9_47.pdb" => successfully finished
validated file "CAS9_48.pdb" => successfully finished
validated file "CAS9_49.pdb" => successfully finished
validated file "CAS9_50.pdb" => successfully finished
Cleaning BuildModel...DONE
任务 95 结果提取成功，已映射突变信息。
