   ********************************************
   ***                                      ***
   ***             FoldX 5.1 (c)            ***
   ***                                      ***
   ***     code by the FoldX Consortium     ***
   ***                                      ***
   ***     Jesper Borg, Frederic Rousseau   ***
   ***    Joost Schymkowitz, Luis Serrano   ***
   ***    Peter Vanhee, Erik Verschueren    ***
   ***     Lies Baeten, Javier Delgado      ***
   ***       and Francois Stricher          ***
   *** and any other of the 9! permutations ***
   ***   based on an original concept by    ***
   ***   Raphael Guerois and Luis Serrano   ***
   ********************************************

1 models read: CAS9.pdb
1 models read: CAS9.pdb

BackHbond       =               -900.22
SideHbond       =               -324.89
Energy_VdW      =               -1515.04
Electro         =               -74.00
Energy_SolvP    =               2150.66
Energy_SolvH    =               -1993.90
Energy_vdwclash =               76.97
energy_torsion  =               14.15
backbone_vdwclash=              997.87
Entropy_sidec   =               814.62
Entropy_mainc   =               2092.14
water bonds     =               0.00
helix dipole    =               -7.70
loop_entropy    =               0.00
cis_bond        =               0.00
disulfide       =               0.00
kn electrostatic=               0.00
partial covalent interactions = 0.00
Energy_Ionisation =             3.43
Entropy Complex =               0.00
-----------------------------------------------------------
Total          = 				  336.23


BackHbond       =               -900.22
SideHbond       =               -324.89
Energy_VdW      =               -1515.04
Electro         =               -74.00
Energy_SolvP    =               2150.66
Energy_SolvH    =               -1993.90
Energy_vdwclash =               76.97
energy_torsion  =               14.15
backbone_vdwclash=              997.87
Entropy_sidec   =               814.62
Entropy_mainc   =               2092.14
water bonds     =               0.00
helix dipole    =               -7.70
loop_entropy    =               0.00
cis_bond        =               0.00
disulfide       =               0.00
kn electrostatic=               0.00
partial covalent interactions = 0.00
Energy_Ionisation =             3.43
Entropy Complex =               0.00
-----------------------------------------------------------
Total          = 				  336.23

Starting BuildModel
Reading SA1277F;
Reading SA1277P;
Reading SA1277T;
Reading SA1277Y;
Reading SA1292A;
Reading SA1292C;
Reading SA1292F;
Reading SA1292P;
Reading SA1292T;
Reading SA1292Y;
Reading SA1338A;
Reading SA1338C;
Reading SA1338F;
Reading SA1338P;
Reading SA1338T;
Reading SA1338Y;
Reading SA1351C;
Reading SA1351G;
Reading SA1351I;
Reading SA1351N;
Reading SA1351R;
Reading SA1351T;
Reading SA1363C;
Reading SA1363G;
Reading SA1363I;
Reading SA1363N;
Reading SA1363R;
Reading SA1363T;
Reading SA145A;
Reading SA145C;
Reading SA145F;
Reading SA145P;
Reading SA145T;
Reading SA145Y;
Reading SA15A;
Reading SA15L;
Reading SA15P;
Reading SA15T;
Reading SA179C;
Reading SA179G;
Reading SA179I;
Reading SA179N;
Reading SA179R;
Reading SA179T;
Reading SA204A;
Reading SA204L;
Reading SA204P;
Reading SA204T;
Reading SA213C;
Reading SA213G;
Residue to Mutate SERA1277 has residue index 1276
Residue to Mutate SERA1277 has residue index 1276
Residue to Mutate SERA1277 has residue index 1276
Residue to Mutate SERA1277 has residue index 1276
Residue to Mutate SERA1292 has residue index 1291
Residue to Mutate SERA1292 has residue index 1291
Residue to Mutate SERA1292 has residue index 1291
Residue to Mutate SERA1292 has residue index 1291
Residue to Mutate SERA1292 has residue index 1291
Residue to Mutate SERA1292 has residue index 1291
Residue to Mutate SERA1338 has residue index 1337
Residue to Mutate SERA1338 has residue index 1337
Residue to Mutate SERA1338 has residue index 1337
Residue to Mutate SERA1338 has residue index 1337
Residue to Mutate SERA1338 has residue index 1337
Residue to Mutate SERA1338 has residue index 1337
Residue to Mutate SERA1351 has residue index 1350
Residue to Mutate SERA1351 has residue index 1350
Residue to Mutate SERA1351 has residue index 1350
Residue to Mutate SERA1351 has residue index 1350
Residue to Mutate SERA1351 has residue index 1350
Residue to Mutate SERA1351 has residue index 1350
Residue to Mutate SERA1363 has residue index 1362
Residue to Mutate SERA1363 has residue index 1362
Residue to Mutate SERA1363 has residue index 1362
Residue to Mutate SERA1363 has residue index 1362
Residue to Mutate SERA1363 has residue index 1362
Residue to Mutate SERA1363 has residue index 1362
Residue to Mutate SERA145 has residue index 144
Residue to Mutate SERA145 has residue index 144
Residue to Mutate SERA145 has residue index 144
Residue to Mutate SERA145 has residue index 144
Residue to Mutate SERA145 has residue index 144
Residue to Mutate SERA145 has residue index 144
Residue to Mutate SERA15 has residue index 14
Residue to Mutate SERA15 has residue index 14
Residue to Mutate SERA15 has residue index 14
Residue to Mutate SERA15 has residue index 14
Residue to Mutate SERA179 has residue index 178
Residue to Mutate SERA179 has residue index 178
Residue to Mutate SERA179 has residue index 178
Residue to Mutate SERA179 has residue index 178
Residue to Mutate SERA179 has residue index 178
Residue to Mutate SERA179 has residue index 178
Residue to Mutate SERA204 has residue index 203
Residue to Mutate SERA204 has residue index 203
Residue to Mutate SERA204 has residue index 203
Residue to Mutate SERA204 has residue index 203
Residue to Mutate SERA213 has residue index 212
Residue to Mutate SERA213 has residue index 212
Mutating residue = SERA1277 into PHE
Mutating residue = SERA1277 into PRO
Mutating residue = SERA1277 into THR
Mutating residue = SERA1277 into TYR
Mutating residue = SERA1292 into ALA
Mutating residue = SERA1292 into CYS
Mutating residue = SERA1292 into PHE
Mutating residue = SERA1292 into PRO
Mutating residue = SERA1292 into THR
Mutating residue = SERA1292 into TYR
Mutating residue = SERA1338 into ALA
Mutating residue = SERA1338 into CYS
Mutating residue = SERA1338 into PHE
Mutating residue = SERA1338 into PRO
Mutating residue = SERA1338 into THR
Mutating residue = SERA1338 into TYR
Mutating residue = SERA1351 into CYS
Mutating residue = SERA1351 into GLY
Mutating residue = SERA1351 into ILE
Mutating residue = SERA1351 into ASN
Mutating residue = SERA1351 into ARG
Mutating residue = SERA1351 into THR
Mutating residue = SERA1363 into CYS
Mutating residue = SERA1363 into GLY
Mutating residue = SERA1363 into ILE
Mutating residue = SERA1363 into ASN
Mutating residue = SERA1363 into ARG
Mutating residue = SERA1363 into THR
Mutating residue = SERA145 into ALA
Mutating residue = SERA145 into CYS
Mutating residue = SERA145 into PHE
Mutating residue = SERA145 into PRO
Mutating residue = SERA145 into THR
Mutating residue = SERA145 into TYR
Mutating residue = SERA15 into ALA
Mutating residue = SERA15 into LEU
Mutating residue = SERA15 into PRO
Mutating residue = SERA15 into THR
Mutating residue = SERA179 into CYS
Mutating residue = SERA179 into GLY
Mutating residue = SERA179 into ILE
Mutating residue = SERA179 into ASN
Mutating residue = SERA179 into ARG
Mutating residue = SERA179 into THR
Mutating residue = SERA204 into ALA
Mutating residue = SERA204 into LEU
Mutating residue = SERA204 into PRO
Mutating residue = SERA204 into THR
Mutating residue = SERA213 into CYS
Mutating residue = SERA213 into GLY
Your file run OK
End time of FoldX: Sat May  9 16:20:58 2026
Total time spend: 229.33 seconds.
validated file "CAS9_1.pdb" => successfully finished
validated file "CAS9_2.pdb" => successfully finished
validated file "CAS9_3.pdb" => successfully finished
validated file "CAS9_4.pdb" => successfully finished
validated file "CAS9_5.pdb" => successfully finished
validated file "CAS9_6.pdb" => successfully finished
validated file "CAS9_7.pdb" => successfully finished
validated file "CAS9_8.pdb" => successfully finished
validated file "CAS9_9.pdb" => successfully finished
validated file "CAS9_10.pdb" => successfully finished
validated file "CAS9_11.pdb" => successfully finished
validated file "CAS9_12.pdb" => successfully finished
validated file "CAS9_13.pdb" => successfully finished
validated file "CAS9_14.pdb" => successfully finished
validated file "CAS9_15.pdb" => successfully finished
validated file "CAS9_16.pdb" => successfully finished
validated file "CAS9_17.pdb" => successfully finished
validated file "CAS9_18.pdb" => successfully finished
validated file "CAS9_19.pdb" => successfully finished
validated file "CAS9_20.pdb" => successfully finished
validated file "CAS9_21.pdb" => successfully finished
validated file "CAS9_22.pdb" => successfully finished
validated file "CAS9_23.pdb" => successfully finished
validated file "CAS9_24.pdb" => successfully finished
validated file "CAS9_25.pdb" => successfully finished
validated file "CAS9_26.pdb" => successfully finished
validated file "CAS9_27.pdb" => successfully finished
validated file "CAS9_28.pdb" => successfully finished
validated file "CAS9_29.pdb" => successfully finished
validated file "CAS9_30.pdb" => successfully finished
validated file "CAS9_31.pdb" => successfully finished
validated file "CAS9_32.pdb" => successfully finished
validated file "CAS9_33.pdb" => successfully finished
validated file "CAS9_34.pdb" => successfully finished
validated file "CAS9_35.pdb" => successfully finished
validated file "CAS9_36.pdb" => successfully finished
validated file "CAS9_37.pdb" => successfully finished
validated file "CAS9_38.pdb" => successfully finished
validated file "CAS9_39.pdb" => successfully finished
validated file "CAS9_40.pdb" => successfully finished
validated file "CAS9_41.pdb" => successfully finished
validated file "CAS9_42.pdb" => successfully finished
validated file "CAS9_43.pdb" => successfully finished
validated file "CAS9_44.pdb" => successfully finished
validated file "CAS9_45.pdb" => successfully finished
validated file "CAS9_46.pdb" => successfully finished
validated file "CAS9_47.pdb" => successfully finished
validated file "CAS9_48.pdb" => successfully finished
validated file "CAS9_49.pdb" => successfully finished
validated file "CAS9_50.pdb" => successfully finished
Cleaning BuildModel...DONE
任务 135 结果提取成功，已映射突变信息。
