   ********************************************
   ***                                      ***
   ***             FoldX 5.1 (c)            ***
   ***                                      ***
   ***     code by the FoldX Consortium     ***
   ***                                      ***
   ***     Jesper Borg, Frederic Rousseau   ***
   ***    Joost Schymkowitz, Luis Serrano   ***
   ***    Peter Vanhee, Erik Verschueren    ***
   ***     Lies Baeten, Javier Delgado      ***
   ***       and Francois Stricher          ***
   *** and any other of the 9! permutations ***
   ***   based on an original concept by    ***
   ***   Raphael Guerois and Luis Serrano   ***
   ********************************************

1 models read: CAS9.pdb
1 models read: CAS9.pdb

BackHbond       =               -900.22
SideHbond       =               -324.89
Energy_VdW      =               -1515.04
Electro         =               -74.00
Energy_SolvP    =               2150.66
Energy_SolvH    =               -1993.90
Energy_vdwclash =               76.97
energy_torsion  =               14.15
backbone_vdwclash=              997.87
Entropy_sidec   =               814.62
Entropy_mainc   =               2092.14
water bonds     =               0.00
helix dipole    =               -7.70
loop_entropy    =               0.00
cis_bond        =               0.00
disulfide       =               0.00
kn electrostatic=               0.00
partial covalent interactions = 0.00
Energy_Ionisation =             3.43
Entropy Complex =               0.00
-----------------------------------------------------------
Total          = 				  336.23


BackHbond       =               -900.22
SideHbond       =               -324.89
Energy_VdW      =               -1515.04
Electro         =               -74.00
Energy_SolvP    =               2150.66
Energy_SolvH    =               -1993.90
Energy_vdwclash =               76.97
energy_torsion  =               14.15
backbone_vdwclash=              997.87
Entropy_sidec   =               814.62
Entropy_mainc   =               2092.14
water bonds     =               0.00
helix dipole    =               -7.70
loop_entropy    =               0.00
cis_bond        =               0.00
disulfide       =               0.00
kn electrostatic=               0.00
partial covalent interactions = 0.00
Energy_Ionisation =             3.43
Entropy Complex =               0.00
-----------------------------------------------------------
Total          = 				  336.23

Starting BuildModel
Reading RA425S;
Reading RA437G;
Reading RA437K;
Reading RA437M;
Reading RA437S;
Reading RA437T;
Reading RA437W;
Reading RA447C;
Reading RA447G;
Reading RA447H;
Reading RA447L;
Reading RA447P;
Reading RA447S;
Reading RA457G;
Reading RA457I;
Reading RA457K;
Reading RA457S;
Reading RA457T;
Reading RA461G;
Reading RA461K;
Reading RA461M;
Reading RA461S;
Reading RA461T;
Reading RA461W;
Reading RA467G;
Reading RA467I;
Reading RA467K;
Reading RA467S;
Reading RA467T;
Reading RA494G;
Reading RA494K;
Reading RA494M;
Reading RA494S;
Reading RA494T;
Reading RA494W;
Reading RA535C;
Reading RA535G;
Reading RA535H;
Reading RA535L;
Reading RA535P;
Reading RA535S;
Reading RA557G;
Reading RA557L;
Reading RA557P;
Reading RA557Q;
Reading RA557W;
Reading RA586G;
Reading RA586L;
Reading RA586P;
Reading RA586Q;
Residue to Mutate ARGA425 has residue index 424
Residue to Mutate ARGA437 has residue index 436
Residue to Mutate ARGA437 has residue index 436
Residue to Mutate ARGA437 has residue index 436
Residue to Mutate ARGA437 has residue index 436
Residue to Mutate ARGA437 has residue index 436
Residue to Mutate ARGA437 has residue index 436
Residue to Mutate ARGA447 has residue index 446
Residue to Mutate ARGA447 has residue index 446
Residue to Mutate ARGA447 has residue index 446
Residue to Mutate ARGA447 has residue index 446
Residue to Mutate ARGA447 has residue index 446
Residue to Mutate ARGA447 has residue index 446
Residue to Mutate ARGA457 has residue index 456
Residue to Mutate ARGA457 has residue index 456
Residue to Mutate ARGA457 has residue index 456
Residue to Mutate ARGA457 has residue index 456
Residue to Mutate ARGA457 has residue index 456
Residue to Mutate ARGA461 has residue index 460
Residue to Mutate ARGA461 has residue index 460
Residue to Mutate ARGA461 has residue index 460
Residue to Mutate ARGA461 has residue index 460
Residue to Mutate ARGA461 has residue index 460
Residue to Mutate ARGA461 has residue index 460
Residue to Mutate ARGA467 has residue index 466
Residue to Mutate ARGA467 has residue index 466
Residue to Mutate ARGA467 has residue index 466
Residue to Mutate ARGA467 has residue index 466
Residue to Mutate ARGA467 has residue index 466
Residue to Mutate ARGA494 has residue index 493
Residue to Mutate ARGA494 has residue index 493
Residue to Mutate ARGA494 has residue index 493
Residue to Mutate ARGA494 has residue index 493
Residue to Mutate ARGA494 has residue index 493
Residue to Mutate ARGA494 has residue index 493
Residue to Mutate ARGA535 has residue index 534
Residue to Mutate ARGA535 has residue index 534
Residue to Mutate ARGA535 has residue index 534
Residue to Mutate ARGA535 has residue index 534
Residue to Mutate ARGA535 has residue index 534
Residue to Mutate ARGA535 has residue index 534
Residue to Mutate ARGA557 has residue index 556
Residue to Mutate ARGA557 has residue index 556
Residue to Mutate ARGA557 has residue index 556
Residue to Mutate ARGA557 has residue index 556
Residue to Mutate ARGA557 has residue index 556
Residue to Mutate ARGA586 has residue index 585
Residue to Mutate ARGA586 has residue index 585
Residue to Mutate ARGA586 has residue index 585
Residue to Mutate ARGA586 has residue index 585
Mutating residue = ARGA425 into SER
Mutating residue = ARGA437 into GLY
Mutating residue = ARGA437 into LYS
Mutating residue = ARGA437 into MET
Mutating residue = ARGA437 into SER
Mutating residue = ARGA437 into THR
Mutating residue = ARGA437 into TRP
Mutating residue = ARGA447 into CYS
Mutating residue = ARGA447 into GLY
Mutating residue = ARGA447 into HIS
Mutating residue = ARGA447 into LEU
Mutating residue = ARGA447 into PRO
Mutating residue = ARGA447 into SER
Mutating residue = ARGA457 into GLY
Mutating residue = ARGA457 into ILE
Mutating residue = ARGA457 into LYS
Mutating residue = ARGA457 into SER
Mutating residue = ARGA457 into THR
Mutating residue = ARGA461 into GLY
Mutating residue = ARGA461 into LYS
Mutating residue = ARGA461 into MET
Mutating residue = ARGA461 into SER
Mutating residue = ARGA461 into THR
Mutating residue = ARGA461 into TRP
Mutating residue = ARGA467 into GLY
Mutating residue = ARGA467 into ILE
Mutating residue = ARGA467 into LYS
Mutating residue = ARGA467 into SER
Mutating residue = ARGA467 into THR
Mutating residue = ARGA494 into GLY
Mutating residue = ARGA494 into LYS
Mutating residue = ARGA494 into MET
Mutating residue = ARGA494 into SER
Mutating residue = ARGA494 into THR
Mutating residue = ARGA494 into TRP
Mutating residue = ARGA535 into CYS
Mutating residue = ARGA535 into GLY
Mutating residue = ARGA535 into HIS
Mutating residue = ARGA535 into LEU
Mutating residue = ARGA535 into PRO
Mutating residue = ARGA535 into SER
Mutating residue = ARGA557 into GLY
Mutating residue = ARGA557 into LEU
Mutating residue = ARGA557 into PRO
Mutating residue = ARGA557 into GLN
Mutating residue = ARGA557 into TRP
Mutating residue = ARGA586 into GLY
Mutating residue = ARGA586 into LEU
Mutating residue = ARGA586 into PRO
Mutating residue = ARGA586 into GLN
Your file run OK
End time of FoldX: Sat May  9 16:28:29 2026
Total time spend: 679.36 seconds.
validated file "CAS9_1.pdb" => successfully finished
validated file "CAS9_2.pdb" => successfully finished
validated file "CAS9_3.pdb" => successfully finished
validated file "CAS9_4.pdb" => successfully finished
validated file "CAS9_5.pdb" => successfully finished
validated file "CAS9_6.pdb" => successfully finished
validated file "CAS9_7.pdb" => successfully finished
validated file "CAS9_8.pdb" => successfully finished
validated file "CAS9_9.pdb" => successfully finished
validated file "CAS9_10.pdb" => successfully finished
validated file "CAS9_11.pdb" => successfully finished
validated file "CAS9_12.pdb" => successfully finished
validated file "CAS9_13.pdb" => successfully finished
validated file "CAS9_14.pdb" => successfully finished
validated file "CAS9_15.pdb" => successfully finished
validated file "CAS9_16.pdb" => successfully finished
validated file "CAS9_17.pdb" => successfully finished
validated file "CAS9_18.pdb" => successfully finished
validated file "CAS9_19.pdb" => successfully finished
validated file "CAS9_20.pdb" => successfully finished
validated file "CAS9_21.pdb" => successfully finished
validated file "CAS9_22.pdb" => successfully finished
validated file "CAS9_23.pdb" => successfully finished
validated file "CAS9_24.pdb" => successfully finished
validated file "CAS9_25.pdb" => successfully finished
validated file "CAS9_26.pdb" => successfully finished
validated file "CAS9_27.pdb" => successfully finished
validated file "CAS9_28.pdb" => successfully finished
validated file "CAS9_29.pdb" => successfully finished
validated file "CAS9_30.pdb" => successfully finished
validated file "CAS9_31.pdb" => successfully finished
validated file "CAS9_32.pdb" => successfully finished
validated file "CAS9_33.pdb" => successfully finished
validated file "CAS9_34.pdb" => successfully finished
validated file "CAS9_35.pdb" => successfully finished
validated file "CAS9_36.pdb" => successfully finished
validated file "CAS9_37.pdb" => successfully finished
validated file "CAS9_38.pdb" => successfully finished
validated file "CAS9_39.pdb" => successfully finished
validated file "CAS9_40.pdb" => successfully finished
validated file "CAS9_41.pdb" => successfully finished
validated file "CAS9_42.pdb" => successfully finished
validated file "CAS9_43.pdb" => successfully finished
validated file "CAS9_44.pdb" => successfully finished
validated file "CAS9_45.pdb" => successfully finished
validated file "CAS9_46.pdb" => successfully finished
validated file "CAS9_47.pdb" => successfully finished
validated file "CAS9_48.pdb" => successfully finished
validated file "CAS9_49.pdb" => successfully finished
validated file "CAS9_50.pdb" => successfully finished
Cleaning BuildModel...DONE
任务 128 结果提取成功，已映射突变信息。
