   ********************************************
   ***                                      ***
   ***             FoldX 5.1 (c)            ***
   ***                                      ***
   ***     code by the FoldX Consortium     ***
   ***                                      ***
   ***     Jesper Borg, Frederic Rousseau   ***
   ***    Joost Schymkowitz, Luis Serrano   ***
   ***    Peter Vanhee, Erik Verschueren    ***
   ***     Lies Baeten, Javier Delgado      ***
   ***       and Francois Stricher          ***
   *** and any other of the 9! permutations ***
   ***   based on an original concept by    ***
   ***   Raphael Guerois and Luis Serrano   ***
   ********************************************

1 models read: CAS9.pdb
1 models read: CAS9.pdb

BackHbond       =               -900.22
SideHbond       =               -324.89
Energy_VdW      =               -1515.04
Electro         =               -74.00
Energy_SolvP    =               2150.66
Energy_SolvH    =               -1993.90
Energy_vdwclash =               76.97
energy_torsion  =               14.15
backbone_vdwclash=              997.87
Entropy_sidec   =               814.62
Entropy_mainc   =               2092.14
water bonds     =               0.00
helix dipole    =               -7.70
loop_entropy    =               0.00
cis_bond        =               0.00
disulfide       =               0.00
kn electrostatic=               0.00
partial covalent interactions = 0.00
Energy_Ionisation =             3.43
Entropy Complex =               0.00
-----------------------------------------------------------
Total          = 				  336.23


BackHbond       =               -900.22
SideHbond       =               -324.89
Energy_VdW      =               -1515.04
Electro         =               -74.00
Energy_SolvP    =               2150.66
Energy_SolvH    =               -1993.90
Energy_vdwclash =               76.97
energy_torsion  =               14.15
backbone_vdwclash=              997.87
Entropy_sidec   =               814.62
Entropy_mainc   =               2092.14
water bonds     =               0.00
helix dipole    =               -7.70
loop_entropy    =               0.00
cis_bond        =               0.00
disulfide       =               0.00
kn electrostatic=               0.00
partial covalent interactions = 0.00
Energy_Ionisation =             3.43
Entropy Complex =               0.00
-----------------------------------------------------------
Total          = 				  336.23

Starting BuildModel
Reading FA164I;
Reading FA164L;
Reading FA164S;
Reading FA164V;
Reading FA164Y;
Reading FA168C;
Reading FA168I;
Reading FA168L;
Reading FA168S;
Reading FA168V;
Reading FA168Y;
Reading FA185C;
Reading FA185I;
Reading FA185L;
Reading FA185S;
Reading FA185V;
Reading FA185Y;
Reading FA196C;
Reading FA196I;
Reading FA196L;
Reading FA196S;
Reading FA196V;
Reading FA196Y;
Reading FA238C;
Reading FA238I;
Reading FA238L;
Reading FA238S;
Reading FA238V;
Reading FA238Y;
Reading FA252C;
Reading FA252I;
Reading FA252L;
Reading FA252S;
Reading FA252V;
Reading FA252Y;
Reading FA256C;
Reading FA256I;
Reading FA256L;
Reading FA256S;
Reading FA256V;
Reading FA256Y;
Reading FA290C;
Reading FA290I;
Reading FA290L;
Reading FA290S;
Reading FA290V;
Reading FA290Y;
Reading FA32C;
Reading FA32I;
Reading FA32L;
Residue to Mutate PHEA164 has residue index 163
Residue to Mutate PHEA164 has residue index 163
Residue to Mutate PHEA164 has residue index 163
Residue to Mutate PHEA164 has residue index 163
Residue to Mutate PHEA164 has residue index 163
Residue to Mutate PHEA168 has residue index 167
Residue to Mutate PHEA168 has residue index 167
Residue to Mutate PHEA168 has residue index 167
Residue to Mutate PHEA168 has residue index 167
Residue to Mutate PHEA168 has residue index 167
Residue to Mutate PHEA168 has residue index 167
Residue to Mutate PHEA185 has residue index 184
Residue to Mutate PHEA185 has residue index 184
Residue to Mutate PHEA185 has residue index 184
Residue to Mutate PHEA185 has residue index 184
Residue to Mutate PHEA185 has residue index 184
Residue to Mutate PHEA185 has residue index 184
Residue to Mutate PHEA196 has residue index 195
Residue to Mutate PHEA196 has residue index 195
Residue to Mutate PHEA196 has residue index 195
Residue to Mutate PHEA196 has residue index 195
Residue to Mutate PHEA196 has residue index 195
Residue to Mutate PHEA196 has residue index 195
Residue to Mutate PHEA238 has residue index 237
Residue to Mutate PHEA238 has residue index 237
Residue to Mutate PHEA238 has residue index 237
Residue to Mutate PHEA238 has residue index 237
Residue to Mutate PHEA238 has residue index 237
Residue to Mutate PHEA238 has residue index 237
Residue to Mutate PHEA252 has residue index 251
Residue to Mutate PHEA252 has residue index 251
Residue to Mutate PHEA252 has residue index 251
Residue to Mutate PHEA252 has residue index 251
Residue to Mutate PHEA252 has residue index 251
Residue to Mutate PHEA252 has residue index 251
Residue to Mutate PHEA256 has residue index 255
Residue to Mutate PHEA256 has residue index 255
Residue to Mutate PHEA256 has residue index 255
Residue to Mutate PHEA256 has residue index 255
Residue to Mutate PHEA256 has residue index 255
Residue to Mutate PHEA256 has residue index 255
Residue to Mutate PHEA290 has residue index 289
Residue to Mutate PHEA290 has residue index 289
Residue to Mutate PHEA290 has residue index 289
Residue to Mutate PHEA290 has residue index 289
Residue to Mutate PHEA290 has residue index 289
Residue to Mutate PHEA290 has residue index 289
Residue to Mutate PHEA32 has residue index 31
Residue to Mutate PHEA32 has residue index 31
Residue to Mutate PHEA32 has residue index 31
Mutating residue = PHEA164 into ILE
Mutating residue = PHEA164 into LEU
Mutating residue = PHEA164 into SER
Mutating residue = PHEA164 into VAL
Mutating residue = PHEA164 into TYR
Mutating residue = PHEA168 into CYS
Mutating residue = PHEA168 into ILE
Mutating residue = PHEA168 into LEU
Mutating residue = PHEA168 into SER
Mutating residue = PHEA168 into VAL
Mutating residue = PHEA168 into TYR
Mutating residue = PHEA185 into CYS
Mutating residue = PHEA185 into ILE
Mutating residue = PHEA185 into LEU
Mutating residue = PHEA185 into SER
Mutating residue = PHEA185 into VAL
Mutating residue = PHEA185 into TYR
Mutating residue = PHEA196 into CYS
Mutating residue = PHEA196 into ILE
Mutating residue = PHEA196 into LEU
Mutating residue = PHEA196 into SER
Mutating residue = PHEA196 into VAL
Mutating residue = PHEA196 into TYR
Mutating residue = PHEA238 into CYS
Mutating residue = PHEA238 into ILE
Mutating residue = PHEA238 into LEU
Mutating residue = PHEA238 into SER
Mutating residue = PHEA238 into VAL
Mutating residue = PHEA238 into TYR
Mutating residue = PHEA252 into CYS
Mutating residue = PHEA252 into ILE
Mutating residue = PHEA252 into LEU
Mutating residue = PHEA252 into SER
Mutating residue = PHEA252 into VAL
Mutating residue = PHEA252 into TYR
Mutating residue = PHEA256 into CYS
Mutating residue = PHEA256 into ILE
Mutating residue = PHEA256 into LEU
Mutating residue = PHEA256 into SER
Mutating residue = PHEA256 into VAL
Mutating residue = PHEA256 into TYR
Mutating residue = PHEA290 into CYS
Mutating residue = PHEA290 into ILE
Mutating residue = PHEA290 into LEU
Mutating residue = PHEA290 into SER
Mutating residue = PHEA290 into VAL
Mutating residue = PHEA290 into TYR
Mutating residue = PHEA32 into CYS
Mutating residue = PHEA32 into ILE
Mutating residue = PHEA32 into LEU
Your file run OK
End time of FoldX: Sat May  9 16:21:57 2026
Total time spend: 294.19 seconds.
validated file "CAS9_1.pdb" => successfully finished
validated file "CAS9_2.pdb" => successfully finished
validated file "CAS9_3.pdb" => successfully finished
validated file "CAS9_4.pdb" => successfully finished
validated file "CAS9_5.pdb" => successfully finished
validated file "CAS9_6.pdb" => successfully finished
validated file "CAS9_7.pdb" => successfully finished
validated file "CAS9_8.pdb" => successfully finished
validated file "CAS9_9.pdb" => successfully finished
validated file "CAS9_10.pdb" => successfully finished
validated file "CAS9_11.pdb" => successfully finished
validated file "CAS9_12.pdb" => successfully finished
validated file "CAS9_13.pdb" => successfully finished
validated file "CAS9_14.pdb" => successfully finished
validated file "CAS9_15.pdb" => successfully finished
validated file "CAS9_16.pdb" => successfully finished
validated file "CAS9_17.pdb" => successfully finished
validated file "CAS9_18.pdb" => successfully finished
validated file "CAS9_19.pdb" => successfully finished
validated file "CAS9_20.pdb" => successfully finished
validated file "CAS9_21.pdb" => successfully finished
validated file "CAS9_22.pdb" => successfully finished
validated file "CAS9_23.pdb" => successfully finished
validated file "CAS9_24.pdb" => successfully finished
validated file "CAS9_25.pdb" => successfully finished
validated file "CAS9_26.pdb" => successfully finished
validated file "CAS9_27.pdb" => successfully finished
validated file "CAS9_28.pdb" => successfully finished
validated file "CAS9_29.pdb" => successfully finished
validated file "CAS9_30.pdb" => successfully finished
validated file "CAS9_31.pdb" => successfully finished
validated file "CAS9_32.pdb" => successfully finished
validated file "CAS9_33.pdb" => successfully finished
validated file "CAS9_34.pdb" => successfully finished
validated file "CAS9_35.pdb" => successfully finished
validated file "CAS9_36.pdb" => successfully finished
validated file "CAS9_37.pdb" => successfully finished
validated file "CAS9_38.pdb" => successfully finished
validated file "CAS9_39.pdb" => successfully finished
validated file "CAS9_40.pdb" => successfully finished
validated file "CAS9_41.pdb" => successfully finished
validated file "CAS9_42.pdb" => successfully finished
validated file "CAS9_43.pdb" => successfully finished
validated file "CAS9_44.pdb" => successfully finished
validated file "CAS9_45.pdb" => successfully finished
validated file "CAS9_46.pdb" => successfully finished
validated file "CAS9_47.pdb" => successfully finished
validated file "CAS9_48.pdb" => successfully finished
validated file "CAS9_49.pdb" => successfully finished
validated file "CAS9_50.pdb" => successfully finished
Cleaning BuildModel...DONE
任务 39 结果提取成功，已映射突变信息。
