   ********************************************
   ***                                      ***
   ***             FoldX 5.1 (c)            ***
   ***                                      ***
   ***     code by the FoldX Consortium     ***
   ***                                      ***
   ***     Jesper Borg, Frederic Rousseau   ***
   ***    Joost Schymkowitz, Luis Serrano   ***
   ***    Peter Vanhee, Erik Verschueren    ***
   ***     Lies Baeten, Javier Delgado      ***
   ***       and Francois Stricher          ***
   *** and any other of the 9! permutations ***
   ***   based on an original concept by    ***
   ***   Raphael Guerois and Luis Serrano   ***
   ********************************************

1 models read: CAS9.pdb
1 models read: CAS9.pdb

BackHbond       =               -900.22
SideHbond       =               -324.89
Energy_VdW      =               -1515.04
Electro         =               -74.00
Energy_SolvP    =               2150.66
Energy_SolvH    =               -1993.90
Energy_vdwclash =               76.97
energy_torsion  =               14.15
backbone_vdwclash=              997.87
Entropy_sidec   =               814.62
Entropy_mainc   =               2092.14
water bonds     =               0.00
helix dipole    =               -7.70
loop_entropy    =               0.00
cis_bond        =               0.00
disulfide       =               0.00
kn electrostatic=               0.00
partial covalent interactions = 0.00
Energy_Ionisation =             3.43
Entropy Complex =               0.00
-----------------------------------------------------------
Total          = 				  336.23


BackHbond       =               -900.22
SideHbond       =               -324.89
Energy_VdW      =               -1515.04
Electro         =               -74.00
Energy_SolvP    =               2150.66
Energy_SolvH    =               -1993.90
Energy_vdwclash =               76.97
energy_torsion  =               14.15
backbone_vdwclash=              997.87
Entropy_sidec   =               814.62
Entropy_mainc   =               2092.14
water bonds     =               0.00
helix dipole    =               -7.70
loop_entropy    =               0.00
cis_bond        =               0.00
disulfide       =               0.00
kn electrostatic=               0.00
partial covalent interactions = 0.00
Energy_Ionisation =             3.43
Entropy Complex =               0.00
-----------------------------------------------------------
Total          = 				  336.23

Starting BuildModel
Reading LA275V;
Reading LA278M;
Reading LA278P;
Reading LA278Q;
Reading LA278R;
Reading LA278V;
Reading LA279M;
Reading LA279P;
Reading LA279Q;
Reading LA279R;
Reading LA279V;
Reading LA289M;
Reading LA289P;
Reading LA289Q;
Reading LA289R;
Reading LA289V;
Reading LA291M;
Reading LA291P;
Reading LA291Q;
Reading LA291R;
Reading LA291V;
Reading LA296M;
Reading LA296P;
Reading LA296Q;
Reading LA296R;
Reading LA296V;
Reading LA301M;
Reading LA301P;
Reading LA301Q;
Reading LA301R;
Reading LA301V;
Reading LA302M;
Reading LA302P;
Reading LA302Q;
Reading LA302R;
Reading LA302V;
Reading LA306M;
Reading LA306P;
Reading LA306Q;
Reading LA306R;
Reading LA306V;
Reading LA317M;
Reading LA317P;
Reading LA317Q;
Reading LA317R;
Reading LA317V;
Reading LA332M;
Reading LA332P;
Reading LA332Q;
Reading LA332R;
Residue to Mutate LEUA275 has residue index 274
Residue to Mutate LEUA278 has residue index 277
Residue to Mutate LEUA278 has residue index 277
Residue to Mutate LEUA278 has residue index 277
Residue to Mutate LEUA278 has residue index 277
Residue to Mutate LEUA278 has residue index 277
Residue to Mutate LEUA279 has residue index 278
Residue to Mutate LEUA279 has residue index 278
Residue to Mutate LEUA279 has residue index 278
Residue to Mutate LEUA279 has residue index 278
Residue to Mutate LEUA279 has residue index 278
Residue to Mutate LEUA289 has residue index 288
Residue to Mutate LEUA289 has residue index 288
Residue to Mutate LEUA289 has residue index 288
Residue to Mutate LEUA289 has residue index 288
Residue to Mutate LEUA289 has residue index 288
Residue to Mutate LEUA291 has residue index 290
Residue to Mutate LEUA291 has residue index 290
Residue to Mutate LEUA291 has residue index 290
Residue to Mutate LEUA291 has residue index 290
Residue to Mutate LEUA291 has residue index 290
Residue to Mutate LEUA296 has residue index 295
Residue to Mutate LEUA296 has residue index 295
Residue to Mutate LEUA296 has residue index 295
Residue to Mutate LEUA296 has residue index 295
Residue to Mutate LEUA296 has residue index 295
Residue to Mutate LEUA301 has residue index 300
Residue to Mutate LEUA301 has residue index 300
Residue to Mutate LEUA301 has residue index 300
Residue to Mutate LEUA301 has residue index 300
Residue to Mutate LEUA301 has residue index 300
Residue to Mutate LEUA302 has residue index 301
Residue to Mutate LEUA302 has residue index 301
Residue to Mutate LEUA302 has residue index 301
Residue to Mutate LEUA302 has residue index 301
Residue to Mutate LEUA302 has residue index 301
Residue to Mutate LEUA306 has residue index 305
Residue to Mutate LEUA306 has residue index 305
Residue to Mutate LEUA306 has residue index 305
Residue to Mutate LEUA306 has residue index 305
Residue to Mutate LEUA306 has residue index 305
Residue to Mutate LEUA317 has residue index 316
Residue to Mutate LEUA317 has residue index 316
Residue to Mutate LEUA317 has residue index 316
Residue to Mutate LEUA317 has residue index 316
Residue to Mutate LEUA317 has residue index 316
Residue to Mutate LEUA332 has residue index 331
Residue to Mutate LEUA332 has residue index 331
Residue to Mutate LEUA332 has residue index 331
Residue to Mutate LEUA332 has residue index 331
Mutating residue = LEUA275 into VAL
Mutating residue = LEUA278 into MET
Mutating residue = LEUA278 into PRO
Mutating residue = LEUA278 into GLN
Mutating residue = LEUA278 into ARG
Mutating residue = LEUA278 into VAL
Mutating residue = LEUA279 into MET
Mutating residue = LEUA279 into PRO
Mutating residue = LEUA279 into GLN
Mutating residue = LEUA279 into ARG
Mutating residue = LEUA279 into VAL
Mutating residue = LEUA289 into MET
Mutating residue = LEUA289 into PRO
Mutating residue = LEUA289 into GLN
Mutating residue = LEUA289 into ARG
Mutating residue = LEUA289 into VAL
Mutating residue = LEUA291 into MET
Mutating residue = LEUA291 into PRO
Mutating residue = LEUA291 into GLN
Mutating residue = LEUA291 into ARG
Mutating residue = LEUA291 into VAL
Mutating residue = LEUA296 into MET
Mutating residue = LEUA296 into PRO
Mutating residue = LEUA296 into GLN
Mutating residue = LEUA296 into ARG
Mutating residue = LEUA296 into VAL
Mutating residue = LEUA301 into MET
Mutating residue = LEUA301 into PRO
Mutating residue = LEUA301 into GLN
Mutating residue = LEUA301 into ARG
Mutating residue = LEUA301 into VAL
Mutating residue = LEUA302 into MET
Mutating residue = LEUA302 into PRO
Mutating residue = LEUA302 into GLN
Mutating residue = LEUA302 into ARG
Mutating residue = LEUA302 into VAL
Mutating residue = LEUA306 into MET
Mutating residue = LEUA306 into PRO
Mutating residue = LEUA306 into GLN
Mutating residue = LEUA306 into ARG
Mutating residue = LEUA306 into VAL
Mutating residue = LEUA317 into MET
Mutating residue = LEUA317 into PRO
Mutating residue = LEUA317 into GLN
Mutating residue = LEUA317 into ARG
Mutating residue = LEUA317 into VAL
Mutating residue = LEUA332 into MET
Mutating residue = LEUA332 into PRO
Mutating residue = LEUA332 into GLN
Mutating residue = LEUA332 into ARG
Your file run OK
End time of FoldX: Sat May  9 16:22:28 2026
Total time spend: 325.31 seconds.
validated file "CAS9_1.pdb" => successfully finished
validated file "CAS9_2.pdb" => successfully finished
validated file "CAS9_3.pdb" => successfully finished
validated file "CAS9_4.pdb" => successfully finished
validated file "CAS9_5.pdb" => successfully finished
validated file "CAS9_6.pdb" => successfully finished
validated file "CAS9_7.pdb" => successfully finished
validated file "CAS9_8.pdb" => successfully finished
validated file "CAS9_9.pdb" => successfully finished
validated file "CAS9_10.pdb" => successfully finished
validated file "CAS9_11.pdb" => successfully finished
validated file "CAS9_12.pdb" => successfully finished
validated file "CAS9_13.pdb" => successfully finished
validated file "CAS9_14.pdb" => successfully finished
validated file "CAS9_15.pdb" => successfully finished
validated file "CAS9_16.pdb" => successfully finished
validated file "CAS9_17.pdb" => successfully finished
validated file "CAS9_18.pdb" => successfully finished
validated file "CAS9_19.pdb" => successfully finished
validated file "CAS9_20.pdb" => successfully finished
validated file "CAS9_21.pdb" => successfully finished
validated file "CAS9_22.pdb" => successfully finished
validated file "CAS9_23.pdb" => successfully finished
validated file "CAS9_24.pdb" => successfully finished
validated file "CAS9_25.pdb" => successfully finished
validated file "CAS9_26.pdb" => successfully finished
validated file "CAS9_27.pdb" => successfully finished
validated file "CAS9_28.pdb" => successfully finished
validated file "CAS9_29.pdb" => successfully finished
validated file "CAS9_30.pdb" => successfully finished
validated file "CAS9_31.pdb" => successfully finished
validated file "CAS9_32.pdb" => successfully finished
validated file "CAS9_33.pdb" => successfully finished
validated file "CAS9_34.pdb" => successfully finished
validated file "CAS9_35.pdb" => successfully finished
validated file "CAS9_36.pdb" => successfully finished
validated file "CAS9_37.pdb" => successfully finished
validated file "CAS9_38.pdb" => successfully finished
validated file "CAS9_39.pdb" => successfully finished
validated file "CAS9_40.pdb" => successfully finished
validated file "CAS9_41.pdb" => successfully finished
validated file "CAS9_42.pdb" => successfully finished
validated file "CAS9_43.pdb" => successfully finished
validated file "CAS9_44.pdb" => successfully finished
validated file "CAS9_45.pdb" => successfully finished
validated file "CAS9_46.pdb" => successfully finished
validated file "CAS9_47.pdb" => successfully finished
validated file "CAS9_48.pdb" => successfully finished
validated file "CAS9_49.pdb" => successfully finished
validated file "CAS9_50.pdb" => successfully finished
Cleaning BuildModel...DONE
任务 93 结果提取成功，已映射突变信息。
