   ********************************************
   ***                                      ***
   ***             FoldX 5.1 (c)            ***
   ***                                      ***
   ***     code by the FoldX Consortium     ***
   ***                                      ***
   ***     Jesper Borg, Frederic Rousseau   ***
   ***    Joost Schymkowitz, Luis Serrano   ***
   ***    Peter Vanhee, Erik Verschueren    ***
   ***     Lies Baeten, Javier Delgado      ***
   ***       and Francois Stricher          ***
   *** and any other of the 9! permutations ***
   ***   based on an original concept by    ***
   ***   Raphael Guerois and Luis Serrano   ***
   ********************************************

1 models read: CAS9.pdb
1 models read: CAS9.pdb

BackHbond       =               -900.22
SideHbond       =               -324.89
Energy_VdW      =               -1515.04
Electro         =               -74.00
Energy_SolvP    =               2150.66
Energy_SolvH    =               -1993.90
Energy_vdwclash =               76.97
energy_torsion  =               14.15
backbone_vdwclash=              997.87
Entropy_sidec   =               814.62
Entropy_mainc   =               2092.14
water bonds     =               0.00
helix dipole    =               -7.70
loop_entropy    =               0.00
cis_bond        =               0.00
disulfide       =               0.00
kn electrostatic=               0.00
partial covalent interactions = 0.00
Energy_Ionisation =             3.43
Entropy Complex =               0.00
-----------------------------------------------------------
Total          = 				  336.23


BackHbond       =               -900.22
SideHbond       =               -324.89
Energy_VdW      =               -1515.04
Electro         =               -74.00
Energy_SolvP    =               2150.66
Energy_SolvH    =               -1993.90
Energy_vdwclash =               76.97
energy_torsion  =               14.15
backbone_vdwclash=              997.87
Entropy_sidec   =               814.62
Entropy_mainc   =               2092.14
water bonds     =               0.00
helix dipole    =               -7.70
loop_entropy    =               0.00
cis_bond        =               0.00
disulfide       =               0.00
kn electrostatic=               0.00
partial covalent interactions = 0.00
Energy_Ionisation =             3.43
Entropy Complex =               0.00
-----------------------------------------------------------
Total          = 				  336.23

Starting BuildModel
Reading LA833V;
Reading LA847M;
Reading LA847P;
Reading LA847Q;
Reading LA847R;
Reading LA847V;
Reading LA857M;
Reading LA857P;
Reading LA857Q;
Reading LA857R;
Reading LA857V;
Reading LA886M;
Reading LA886P;
Reading LA886Q;
Reading LA886R;
Reading LA886V;
Reading LA887M;
Reading LA887P;
Reading LA887Q;
Reading LA887R;
Reading LA887V;
Reading LA891M;
Reading LA891P;
Reading LA891Q;
Reading LA891R;
Reading LA891V;
Reading LA900M;
Reading LA900P;
Reading LA900Q;
Reading LA900R;
Reading LA900V;
Reading LA908M;
Reading LA908P;
Reading LA908Q;
Reading LA908R;
Reading LA908V;
Reading LA911M;
Reading LA911P;
Reading LA911Q;
Reading LA911R;
Reading LA911V;
Reading LA921M;
Reading LA921P;
Reading LA921Q;
Reading LA921R;
Reading LA921V;
Reading LA935M;
Reading LA935P;
Reading LA935Q;
Reading LA935R;
Residue to Mutate LEUA833 has residue index 832
Residue to Mutate LEUA847 has residue index 846
Residue to Mutate LEUA847 has residue index 846
Residue to Mutate LEUA847 has residue index 846
Residue to Mutate LEUA847 has residue index 846
Residue to Mutate LEUA847 has residue index 846
Residue to Mutate LEUA857 has residue index 856
Residue to Mutate LEUA857 has residue index 856
Residue to Mutate LEUA857 has residue index 856
Residue to Mutate LEUA857 has residue index 856
Residue to Mutate LEUA857 has residue index 856
Residue to Mutate LEUA886 has residue index 885
Residue to Mutate LEUA886 has residue index 885
Residue to Mutate LEUA886 has residue index 885
Residue to Mutate LEUA886 has residue index 885
Residue to Mutate LEUA886 has residue index 885
Residue to Mutate LEUA887 has residue index 886
Residue to Mutate LEUA887 has residue index 886
Residue to Mutate LEUA887 has residue index 886
Residue to Mutate LEUA887 has residue index 886
Residue to Mutate LEUA887 has residue index 886
Residue to Mutate LEUA891 has residue index 890
Residue to Mutate LEUA891 has residue index 890
Residue to Mutate LEUA891 has residue index 890
Residue to Mutate LEUA891 has residue index 890
Residue to Mutate LEUA891 has residue index 890
Residue to Mutate LEUA900 has residue index 899
Residue to Mutate LEUA900 has residue index 899
Residue to Mutate LEUA900 has residue index 899
Residue to Mutate LEUA900 has residue index 899
Residue to Mutate LEUA900 has residue index 899
Residue to Mutate LEUA908 has residue index 907
Residue to Mutate LEUA908 has residue index 907
Residue to Mutate LEUA908 has residue index 907
Residue to Mutate LEUA908 has residue index 907
Residue to Mutate LEUA908 has residue index 907
Residue to Mutate LEUA911 has residue index 910
Residue to Mutate LEUA911 has residue index 910
Residue to Mutate LEUA911 has residue index 910
Residue to Mutate LEUA911 has residue index 910
Residue to Mutate LEUA911 has residue index 910
Residue to Mutate LEUA921 has residue index 920
Residue to Mutate LEUA921 has residue index 920
Residue to Mutate LEUA921 has residue index 920
Residue to Mutate LEUA921 has residue index 920
Residue to Mutate LEUA921 has residue index 920
Residue to Mutate LEUA935 has residue index 934
Residue to Mutate LEUA935 has residue index 934
Residue to Mutate LEUA935 has residue index 934
Residue to Mutate LEUA935 has residue index 934
Mutating residue = LEUA833 into VAL
Mutating residue = LEUA847 into MET
Mutating residue = LEUA847 into PRO
Mutating residue = LEUA847 into GLN
Mutating residue = LEUA847 into ARG
Mutating residue = LEUA847 into VAL
Mutating residue = LEUA857 into MET
Mutating residue = LEUA857 into PRO
Mutating residue = LEUA857 into GLN
Mutating residue = LEUA857 into ARG
Mutating residue = LEUA857 into VAL
Mutating residue = LEUA886 into MET
Mutating residue = LEUA886 into PRO
Mutating residue = LEUA886 into GLN
Mutating residue = LEUA886 into ARG
Mutating residue = LEUA886 into VAL
Mutating residue = LEUA887 into MET
Mutating residue = LEUA887 into PRO
Mutating residue = LEUA887 into GLN
Mutating residue = LEUA887 into ARG
Mutating residue = LEUA887 into VAL
Mutating residue = LEUA891 into MET
Mutating residue = LEUA891 into PRO
Mutating residue = LEUA891 into GLN
Mutating residue = LEUA891 into ARG
Mutating residue = LEUA891 into VAL
Mutating residue = LEUA900 into MET
Mutating residue = LEUA900 into PRO
Mutating residue = LEUA900 into GLN
Mutating residue = LEUA900 into ARG
Mutating residue = LEUA900 into VAL
Mutating residue = LEUA908 into MET
Mutating residue = LEUA908 into PRO
Mutating residue = LEUA908 into GLN
Mutating residue = LEUA908 into ARG
Mutating residue = LEUA908 into VAL
Mutating residue = LEUA911 into MET
Mutating residue = LEUA911 into PRO
Mutating residue = LEUA911 into GLN
Mutating residue = LEUA911 into ARG
Mutating residue = LEUA911 into VAL
Mutating residue = LEUA921 into MET
Mutating residue = LEUA921 into PRO
Mutating residue = LEUA921 into GLN
Mutating residue = LEUA921 into ARG
Mutating residue = LEUA921 into VAL
Mutating residue = LEUA935 into MET
Mutating residue = LEUA935 into PRO
Mutating residue = LEUA935 into GLN
Mutating residue = LEUA935 into ARG
Your file run OK
End time of FoldX: Sat May  9 16:26:22 2026
Total time spend: 559.12 seconds.
validated file "CAS9_1.pdb" => successfully finished
validated file "CAS9_2.pdb" => successfully finished
validated file "CAS9_3.pdb" => successfully finished
validated file "CAS9_4.pdb" => successfully finished
validated file "CAS9_5.pdb" => successfully finished
validated file "CAS9_6.pdb" => successfully finished
validated file "CAS9_7.pdb" => successfully finished
validated file "CAS9_8.pdb" => successfully finished
validated file "CAS9_9.pdb" => successfully finished
validated file "CAS9_10.pdb" => successfully finished
validated file "CAS9_11.pdb" => successfully finished
validated file "CAS9_12.pdb" => successfully finished
validated file "CAS9_13.pdb" => successfully finished
validated file "CAS9_14.pdb" => successfully finished
validated file "CAS9_15.pdb" => successfully finished
validated file "CAS9_16.pdb" => successfully finished
validated file "CAS9_17.pdb" => successfully finished
validated file "CAS9_18.pdb" => successfully finished
validated file "CAS9_19.pdb" => successfully finished
validated file "CAS9_20.pdb" => successfully finished
validated file "CAS9_21.pdb" => successfully finished
validated file "CAS9_22.pdb" => successfully finished
validated file "CAS9_23.pdb" => successfully finished
validated file "CAS9_24.pdb" => successfully finished
validated file "CAS9_25.pdb" => successfully finished
validated file "CAS9_26.pdb" => successfully finished
validated file "CAS9_27.pdb" => successfully finished
validated file "CAS9_28.pdb" => successfully finished
validated file "CAS9_29.pdb" => successfully finished
validated file "CAS9_30.pdb" => successfully finished
validated file "CAS9_31.pdb" => successfully finished
validated file "CAS9_32.pdb" => successfully finished
validated file "CAS9_33.pdb" => successfully finished
validated file "CAS9_34.pdb" => successfully finished
validated file "CAS9_35.pdb" => successfully finished
validated file "CAS9_36.pdb" => successfully finished
validated file "CAS9_37.pdb" => successfully finished
validated file "CAS9_38.pdb" => successfully finished
validated file "CAS9_39.pdb" => successfully finished
validated file "CAS9_40.pdb" => successfully finished
validated file "CAS9_41.pdb" => successfully finished
validated file "CAS9_42.pdb" => successfully finished
validated file "CAS9_43.pdb" => successfully finished
validated file "CAS9_44.pdb" => successfully finished
validated file "CAS9_45.pdb" => successfully finished
validated file "CAS9_46.pdb" => successfully finished
validated file "CAS9_47.pdb" => successfully finished
validated file "CAS9_48.pdb" => successfully finished
validated file "CAS9_49.pdb" => successfully finished
validated file "CAS9_50.pdb" => successfully finished
Cleaning BuildModel...DONE
任务 100 结果提取成功，已映射突变信息。
