   ********************************************
   ***                                      ***
   ***             FoldX 5.1 (c)            ***
   ***                                      ***
   ***     code by the FoldX Consortium     ***
   ***                                      ***
   ***     Jesper Borg, Frederic Rousseau   ***
   ***    Joost Schymkowitz, Luis Serrano   ***
   ***    Peter Vanhee, Erik Verschueren    ***
   ***     Lies Baeten, Javier Delgado      ***
   ***       and Francois Stricher          ***
   *** and any other of the 9! permutations ***
   ***   based on an original concept by    ***
   ***   Raphael Guerois and Luis Serrano   ***
   ********************************************

1 models read: CAS9.pdb
1 models read: CAS9.pdb

BackHbond       =               -900.22
SideHbond       =               -324.89
Energy_VdW      =               -1515.04
Electro         =               -74.00
Energy_SolvP    =               2150.66
Energy_SolvH    =               -1993.90
Energy_vdwclash =               76.97
energy_torsion  =               14.15
backbone_vdwclash=              997.87
Entropy_sidec   =               814.62
Entropy_mainc   =               2092.14
water bonds     =               0.00
helix dipole    =               -7.70
loop_entropy    =               0.00
cis_bond        =               0.00
disulfide       =               0.00
kn electrostatic=               0.00
partial covalent interactions = 0.00
Energy_Ionisation =             3.43
Entropy Complex =               0.00
-----------------------------------------------------------
Total          = 				  336.23


BackHbond       =               -900.22
SideHbond       =               -324.89
Energy_VdW      =               -1515.04
Electro         =               -74.00
Energy_SolvP    =               2150.66
Energy_SolvH    =               -1993.90
Energy_vdwclash =               76.97
energy_torsion  =               14.15
backbone_vdwclash=              997.87
Entropy_sidec   =               814.62
Entropy_mainc   =               2092.14
water bonds     =               0.00
helix dipole    =               -7.70
loop_entropy    =               0.00
cis_bond        =               0.00
disulfide       =               0.00
kn electrostatic=               0.00
partial covalent interactions = 0.00
Energy_Ionisation =             3.43
Entropy Complex =               0.00
-----------------------------------------------------------
Total          = 				  336.23

Starting BuildModel
Reading TA472S;
Reading TA474A;
Reading TA474I;
Reading TA474N;
Reading TA474P;
Reading TA474S;
Reading TA496A;
Reading TA496I;
Reading TA496K;
Reading TA496P;
Reading TA496R;
Reading TA496S;
Reading TA519A;
Reading TA519I;
Reading TA519N;
Reading TA519P;
Reading TA519S;
Reading TA525A;
Reading TA525I;
Reading TA525K;
Reading TA525P;
Reading TA525R;
Reading TA525S;
Reading TA531A;
Reading TA531I;
Reading TA531N;
Reading TA531P;
Reading TA531S;
Reading TA555A;
Reading TA555I;
Reading TA555N;
Reading TA555P;
Reading TA555S;
Reading TA560A;
Reading TA560I;
Reading TA560K;
Reading TA560P;
Reading TA560R;
Reading TA560S;
Reading TA58A;
Reading TA58I;
Reading TA58K;
Reading TA58P;
Reading TA58R;
Reading TA58S;
Reading TA593A;
Reading TA593I;
Reading TA593N;
Reading TA593P;
Reading TA593S;
Residue to Mutate THRA472 has residue index 471
Residue to Mutate THRA474 has residue index 473
Residue to Mutate THRA474 has residue index 473
Residue to Mutate THRA474 has residue index 473
Residue to Mutate THRA474 has residue index 473
Residue to Mutate THRA474 has residue index 473
Residue to Mutate THRA496 has residue index 495
Residue to Mutate THRA496 has residue index 495
Residue to Mutate THRA496 has residue index 495
Residue to Mutate THRA496 has residue index 495
Residue to Mutate THRA496 has residue index 495
Residue to Mutate THRA496 has residue index 495
Residue to Mutate THRA519 has residue index 518
Residue to Mutate THRA519 has residue index 518
Residue to Mutate THRA519 has residue index 518
Residue to Mutate THRA519 has residue index 518
Residue to Mutate THRA519 has residue index 518
Residue to Mutate THRA525 has residue index 524
Residue to Mutate THRA525 has residue index 524
Residue to Mutate THRA525 has residue index 524
Residue to Mutate THRA525 has residue index 524
Residue to Mutate THRA525 has residue index 524
Residue to Mutate THRA525 has residue index 524
Residue to Mutate THRA531 has residue index 530
Residue to Mutate THRA531 has residue index 530
Residue to Mutate THRA531 has residue index 530
Residue to Mutate THRA531 has residue index 530
Residue to Mutate THRA531 has residue index 530
Residue to Mutate THRA555 has residue index 554
Residue to Mutate THRA555 has residue index 554
Residue to Mutate THRA555 has residue index 554
Residue to Mutate THRA555 has residue index 554
Residue to Mutate THRA555 has residue index 554
Residue to Mutate THRA560 has residue index 559
Residue to Mutate THRA560 has residue index 559
Residue to Mutate THRA560 has residue index 559
Residue to Mutate THRA560 has residue index 559
Residue to Mutate THRA560 has residue index 559
Residue to Mutate THRA560 has residue index 559
Residue to Mutate THRA58 has residue index 57
Residue to Mutate THRA58 has residue index 57
Residue to Mutate THRA58 has residue index 57
Residue to Mutate THRA58 has residue index 57
Residue to Mutate THRA58 has residue index 57
Residue to Mutate THRA58 has residue index 57
Residue to Mutate THRA593 has residue index 592
Residue to Mutate THRA593 has residue index 592
Residue to Mutate THRA593 has residue index 592
Residue to Mutate THRA593 has residue index 592
Residue to Mutate THRA593 has residue index 592
Mutating residue = THRA472 into SER
Mutating residue = THRA474 into ALA
Mutating residue = THRA474 into ILE
Mutating residue = THRA474 into ASN
Mutating residue = THRA474 into PRO
Mutating residue = THRA474 into SER
Mutating residue = THRA496 into ALA
Mutating residue = THRA496 into ILE
Mutating residue = THRA496 into LYS
Mutating residue = THRA496 into PRO
Mutating residue = THRA496 into ARG
Mutating residue = THRA496 into SER
Mutating residue = THRA519 into ALA
Mutating residue = THRA519 into ILE
Mutating residue = THRA519 into ASN
Mutating residue = THRA519 into PRO
Mutating residue = THRA519 into SER
Mutating residue = THRA525 into ALA
Mutating residue = THRA525 into ILE
Mutating residue = THRA525 into LYS
Mutating residue = THRA525 into PRO
Mutating residue = THRA525 into ARG
Mutating residue = THRA525 into SER
Mutating residue = THRA531 into ALA
Mutating residue = THRA531 into ILE
Mutating residue = THRA531 into ASN
Mutating residue = THRA531 into PRO
Mutating residue = THRA531 into SER
Mutating residue = THRA555 into ALA
Mutating residue = THRA555 into ILE
Mutating residue = THRA555 into ASN
Mutating residue = THRA555 into PRO
Mutating residue = THRA555 into SER
Mutating residue = THRA560 into ALA
Mutating residue = THRA560 into ILE
Mutating residue = THRA560 into LYS
Mutating residue = THRA560 into PRO
Mutating residue = THRA560 into ARG
Mutating residue = THRA560 into SER
Mutating residue = THRA58 into ALA
Mutating residue = THRA58 into ILE
Mutating residue = THRA58 into LYS
Mutating residue = THRA58 into PRO
Mutating residue = THRA58 into ARG
Mutating residue = THRA58 into SER
Mutating residue = THRA593 into ALA
Mutating residue = THRA593 into ILE
Mutating residue = THRA593 into ASN
Mutating residue = THRA593 into PRO
Mutating residue = THRA593 into SER
Your file run OK
End time of FoldX: Sat May  9 16:22:55 2026
Total time spend: 346.32 seconds.
validated file "CAS9_1.pdb" => successfully finished
validated file "CAS9_2.pdb" => successfully finished
validated file "CAS9_3.pdb" => successfully finished
validated file "CAS9_4.pdb" => successfully finished
validated file "CAS9_5.pdb" => successfully finished
validated file "CAS9_6.pdb" => successfully finished
validated file "CAS9_7.pdb" => successfully finished
validated file "CAS9_8.pdb" => successfully finished
validated file "CAS9_9.pdb" => successfully finished
validated file "CAS9_10.pdb" => successfully finished
validated file "CAS9_11.pdb" => successfully finished
validated file "CAS9_12.pdb" => successfully finished
validated file "CAS9_13.pdb" => successfully finished
validated file "CAS9_14.pdb" => successfully finished
validated file "CAS9_15.pdb" => successfully finished
validated file "CAS9_16.pdb" => successfully finished
validated file "CAS9_17.pdb" => successfully finished
validated file "CAS9_18.pdb" => successfully finished
validated file "CAS9_19.pdb" => successfully finished
validated file "CAS9_20.pdb" => successfully finished
validated file "CAS9_21.pdb" => successfully finished
validated file "CAS9_22.pdb" => successfully finished
validated file "CAS9_23.pdb" => successfully finished
validated file "CAS9_24.pdb" => successfully finished
validated file "CAS9_25.pdb" => successfully finished
validated file "CAS9_26.pdb" => successfully finished
validated file "CAS9_27.pdb" => successfully finished
validated file "CAS9_28.pdb" => successfully finished
validated file "CAS9_29.pdb" => successfully finished
validated file "CAS9_30.pdb" => successfully finished
validated file "CAS9_31.pdb" => successfully finished
validated file "CAS9_32.pdb" => successfully finished
validated file "CAS9_33.pdb" => successfully finished
validated file "CAS9_34.pdb" => successfully finished
validated file "CAS9_35.pdb" => successfully finished
validated file "CAS9_36.pdb" => successfully finished
validated file "CAS9_37.pdb" => successfully finished
validated file "CAS9_38.pdb" => successfully finished
validated file "CAS9_39.pdb" => successfully finished
validated file "CAS9_40.pdb" => successfully finished
validated file "CAS9_41.pdb" => successfully finished
validated file "CAS9_42.pdb" => successfully finished
validated file "CAS9_43.pdb" => successfully finished
validated file "CAS9_44.pdb" => successfully finished
validated file "CAS9_45.pdb" => successfully finished
validated file "CAS9_46.pdb" => successfully finished
validated file "CAS9_47.pdb" => successfully finished
validated file "CAS9_48.pdb" => successfully finished
validated file "CAS9_49.pdb" => successfully finished
validated file "CAS9_50.pdb" => successfully finished
Cleaning BuildModel...DONE
任务 145 结果提取成功，已映射突变信息。
