   ********************************************
   ***                                      ***
   ***             FoldX 5.1 (c)            ***
   ***                                      ***
   ***     code by the FoldX Consortium     ***
   ***                                      ***
   ***     Jesper Borg, Frederic Rousseau   ***
   ***    Joost Schymkowitz, Luis Serrano   ***
   ***    Peter Vanhee, Erik Verschueren    ***
   ***     Lies Baeten, Javier Delgado      ***
   ***       and Francois Stricher          ***
   *** and any other of the 9! permutations ***
   ***   based on an original concept by    ***
   ***   Raphael Guerois and Luis Serrano   ***
   ********************************************

1 models read: CAS9.pdb
1 models read: CAS9.pdb

BackHbond       =               -900.22
SideHbond       =               -324.89
Energy_VdW      =               -1515.04
Electro         =               -74.00
Energy_SolvP    =               2150.66
Energy_SolvH    =               -1993.90
Energy_vdwclash =               76.97
energy_torsion  =               14.15
backbone_vdwclash=              997.87
Entropy_sidec   =               814.62
Entropy_mainc   =               2092.14
water bonds     =               0.00
helix dipole    =               -7.70
loop_entropy    =               0.00
cis_bond        =               0.00
disulfide       =               0.00
kn electrostatic=               0.00
partial covalent interactions = 0.00
Energy_Ionisation =             3.43
Entropy Complex =               0.00
-----------------------------------------------------------
Total          = 				  336.23


BackHbond       =               -900.22
SideHbond       =               -324.89
Energy_VdW      =               -1515.04
Electro         =               -74.00
Energy_SolvP    =               2150.66
Energy_SolvH    =               -1993.90
Energy_vdwclash =               76.97
energy_torsion  =               14.15
backbone_vdwclash=              997.87
Entropy_sidec   =               814.62
Entropy_mainc   =               2092.14
water bonds     =               0.00
helix dipole    =               -7.70
loop_entropy    =               0.00
cis_bond        =               0.00
disulfide       =               0.00
kn electrostatic=               0.00
partial covalent interactions = 0.00
Energy_Ionisation =             3.43
Entropy Complex =               0.00
-----------------------------------------------------------
Total          = 				  336.23

Starting BuildModel
Reading RA1303K;
Reading RA1303S;
Reading RA1303T;
Reading RA1333C;
Reading RA1333G;
Reading RA1333H;
Reading RA1333L;
Reading RA1333P;
Reading RA1333S;
Reading RA1335G;
Reading RA1335L;
Reading RA1335P;
Reading RA1335Q;
Reading RA1359G;
Reading RA1359I;
Reading RA1359K;
Reading RA1359S;
Reading RA1359T;
Reading RA139G;
Reading RA139L;
Reading RA139P;
Reading RA139Q;
Reading RA139W;
Reading RA152G;
Reading RA152I;
Reading RA152K;
Reading RA152S;
Reading RA152T;
Reading RA165G;
Reading RA165K;
Reading RA165M;
Reading RA165S;
Reading RA165T;
Reading RA165W;
Reading RA215C;
Reading RA215G;
Reading RA215H;
Reading RA215L;
Reading RA215P;
Reading RA215S;
Reading RA220G;
Reading RA220L;
Reading RA220P;
Reading RA220Q;
Reading RA220W;
Reading RA221G;
Reading RA221I;
Reading RA221K;
Reading RA221S;
Reading RA221T;
Residue to Mutate ARGA1303 has residue index 1302
Residue to Mutate ARGA1303 has residue index 1302
Residue to Mutate ARGA1303 has residue index 1302
Residue to Mutate ARGA1333 has residue index 1332
Residue to Mutate ARGA1333 has residue index 1332
Residue to Mutate ARGA1333 has residue index 1332
Residue to Mutate ARGA1333 has residue index 1332
Residue to Mutate ARGA1333 has residue index 1332
Residue to Mutate ARGA1333 has residue index 1332
Residue to Mutate ARGA1335 has residue index 1334
Residue to Mutate ARGA1335 has residue index 1334
Residue to Mutate ARGA1335 has residue index 1334
Residue to Mutate ARGA1335 has residue index 1334
Residue to Mutate ARGA1359 has residue index 1358
Residue to Mutate ARGA1359 has residue index 1358
Residue to Mutate ARGA1359 has residue index 1358
Residue to Mutate ARGA1359 has residue index 1358
Residue to Mutate ARGA1359 has residue index 1358
Residue to Mutate ARGA139 has residue index 138
Residue to Mutate ARGA139 has residue index 138
Residue to Mutate ARGA139 has residue index 138
Residue to Mutate ARGA139 has residue index 138
Residue to Mutate ARGA139 has residue index 138
Residue to Mutate ARGA152 has residue index 151
Residue to Mutate ARGA152 has residue index 151
Residue to Mutate ARGA152 has residue index 151
Residue to Mutate ARGA152 has residue index 151
Residue to Mutate ARGA152 has residue index 151
Residue to Mutate ARGA165 has residue index 164
Residue to Mutate ARGA165 has residue index 164
Residue to Mutate ARGA165 has residue index 164
Residue to Mutate ARGA165 has residue index 164
Residue to Mutate ARGA165 has residue index 164
Residue to Mutate ARGA165 has residue index 164
Residue to Mutate ARGA215 has residue index 214
Residue to Mutate ARGA215 has residue index 214
Residue to Mutate ARGA215 has residue index 214
Residue to Mutate ARGA215 has residue index 214
Residue to Mutate ARGA215 has residue index 214
Residue to Mutate ARGA215 has residue index 214
Residue to Mutate ARGA220 has residue index 219
Residue to Mutate ARGA220 has residue index 219
Residue to Mutate ARGA220 has residue index 219
Residue to Mutate ARGA220 has residue index 219
Residue to Mutate ARGA220 has residue index 219
Residue to Mutate ARGA221 has residue index 220
Residue to Mutate ARGA221 has residue index 220
Residue to Mutate ARGA221 has residue index 220
Residue to Mutate ARGA221 has residue index 220
Residue to Mutate ARGA221 has residue index 220
Mutating residue = ARGA1303 into LYS
Mutating residue = ARGA1303 into SER
Mutating residue = ARGA1303 into THR
Mutating residue = ARGA1333 into CYS
Mutating residue = ARGA1333 into GLY
Mutating residue = ARGA1333 into HIS
Mutating residue = ARGA1333 into LEU
Mutating residue = ARGA1333 into PRO
Mutating residue = ARGA1333 into SER
Mutating residue = ARGA1335 into GLY
Mutating residue = ARGA1335 into LEU
Mutating residue = ARGA1335 into PRO
Mutating residue = ARGA1335 into GLN
Mutating residue = ARGA1359 into GLY
Mutating residue = ARGA1359 into ILE
Mutating residue = ARGA1359 into LYS
Mutating residue = ARGA1359 into SER
Mutating residue = ARGA1359 into THR
Mutating residue = ARGA139 into GLY
Mutating residue = ARGA139 into LEU
Mutating residue = ARGA139 into PRO
Mutating residue = ARGA139 into GLN
Mutating residue = ARGA139 into TRP
Mutating residue = ARGA152 into GLY
Mutating residue = ARGA152 into ILE
Mutating residue = ARGA152 into LYS
Mutating residue = ARGA152 into SER
Mutating residue = ARGA152 into THR
Mutating residue = ARGA165 into GLY
Mutating residue = ARGA165 into LYS
Mutating residue = ARGA165 into MET
Mutating residue = ARGA165 into SER
Mutating residue = ARGA165 into THR
Mutating residue = ARGA165 into TRP
Mutating residue = ARGA215 into CYS
Mutating residue = ARGA215 into GLY
Mutating residue = ARGA215 into HIS
Mutating residue = ARGA215 into LEU
Mutating residue = ARGA215 into PRO
Mutating residue = ARGA215 into SER
Mutating residue = ARGA220 into GLY
Mutating residue = ARGA220 into LEU
Mutating residue = ARGA220 into PRO
Mutating residue = ARGA220 into GLN
Mutating residue = ARGA220 into TRP
Mutating residue = ARGA221 into GLY
Mutating residue = ARGA221 into ILE
Mutating residue = ARGA221 into LYS
Mutating residue = ARGA221 into SER
Mutating residue = ARGA221 into THR
Your file run OK
End time of FoldX: Sat May  9 16:29:25 2026
Total time spend: 735.41 seconds.
validated file "CAS9_1.pdb" => successfully finished
validated file "CAS9_2.pdb" => successfully finished
validated file "CAS9_3.pdb" => successfully finished
validated file "CAS9_4.pdb" => successfully finished
validated file "CAS9_5.pdb" => successfully finished
validated file "CAS9_6.pdb" => successfully finished
validated file "CAS9_7.pdb" => successfully finished
validated file "CAS9_8.pdb" => successfully finished
validated file "CAS9_9.pdb" => successfully finished
validated file "CAS9_10.pdb" => successfully finished
validated file "CAS9_11.pdb" => successfully finished
validated file "CAS9_12.pdb" => successfully finished
validated file "CAS9_13.pdb" => successfully finished
validated file "CAS9_14.pdb" => successfully finished
validated file "CAS9_15.pdb" => successfully finished
validated file "CAS9_16.pdb" => successfully finished
validated file "CAS9_17.pdb" => successfully finished
validated file "CAS9_18.pdb" => successfully finished
validated file "CAS9_19.pdb" => successfully finished
validated file "CAS9_20.pdb" => successfully finished
validated file "CAS9_21.pdb" => successfully finished
validated file "CAS9_22.pdb" => successfully finished
validated file "CAS9_23.pdb" => successfully finished
validated file "CAS9_24.pdb" => successfully finished
validated file "CAS9_25.pdb" => successfully finished
validated file "CAS9_26.pdb" => successfully finished
validated file "CAS9_27.pdb" => successfully finished
validated file "CAS9_28.pdb" => successfully finished
validated file "CAS9_29.pdb" => successfully finished
validated file "CAS9_30.pdb" => successfully finished
validated file "CAS9_31.pdb" => successfully finished
validated file "CAS9_32.pdb" => successfully finished
validated file "CAS9_33.pdb" => successfully finished
validated file "CAS9_34.pdb" => successfully finished
validated file "CAS9_35.pdb" => successfully finished
validated file "CAS9_36.pdb" => successfully finished
validated file "CAS9_37.pdb" => successfully finished
validated file "CAS9_38.pdb" => successfully finished
validated file "CAS9_39.pdb" => successfully finished
validated file "CAS9_40.pdb" => successfully finished
validated file "CAS9_41.pdb" => successfully finished
validated file "CAS9_42.pdb" => successfully finished
validated file "CAS9_43.pdb" => successfully finished
validated file "CAS9_44.pdb" => successfully finished
validated file "CAS9_45.pdb" => successfully finished
validated file "CAS9_46.pdb" => successfully finished
validated file "CAS9_47.pdb" => successfully finished
validated file "CAS9_48.pdb" => successfully finished
validated file "CAS9_49.pdb" => successfully finished
validated file "CAS9_50.pdb" => successfully finished
Cleaning BuildModel...DONE
任务 126 结果提取成功，已映射突变信息。
