   ********************************************
   ***                                      ***
   ***             FoldX 5.1 (c)            ***
   ***                                      ***
   ***     code by the FoldX Consortium     ***
   ***                                      ***
   ***     Jesper Borg, Frederic Rousseau   ***
   ***    Joost Schymkowitz, Luis Serrano   ***
   ***    Peter Vanhee, Erik Verschueren    ***
   ***     Lies Baeten, Javier Delgado      ***
   ***       and Francois Stricher          ***
   *** and any other of the 9! permutations ***
   ***   based on an original concept by    ***
   ***   Raphael Guerois and Luis Serrano   ***
   ********************************************

1 models read: LGK.pdb
1 models read: LGK.pdb

BackHbond       =               -302.35
SideHbond       =               -110.79
Energy_VdW      =               -510.89
Electro         =               -26.48
Energy_SolvP    =               715.83
Energy_SolvH    =               -665.00
Energy_vdwclash =               20.72
energy_torsion  =               6.69
backbone_vdwclash=              271.11
Entropy_sidec   =               262.00
Entropy_mainc   =               659.34
water bonds     =               0.00
helix dipole    =               -1.49
loop_entropy    =               0.00
cis_bond        =               2.25
disulfide       =               0.00
kn electrostatic=               0.00
partial covalent interactions = 0.00
Energy_Ionisation =             1.37
Entropy Complex =               0.00
-----------------------------------------------------------
Total          = 				  51.22


BackHbond       =               -302.35
SideHbond       =               -110.79
Energy_VdW      =               -510.89
Electro         =               -26.48
Energy_SolvP    =               715.83
Energy_SolvH    =               -665.00
Energy_vdwclash =               20.72
energy_torsion  =               6.69
backbone_vdwclash=              271.11
Entropy_sidec   =               262.00
Entropy_mainc   =               659.34
water bonds     =               0.00
helix dipole    =               -1.49
loop_entropy    =               0.00
cis_bond        =               2.25
disulfide       =               0.00
kn electrostatic=               0.00
partial covalent interactions = 0.00
Energy_Ionisation =             1.37
Entropy Complex =               0.00
-----------------------------------------------------------
Total          = 				  51.22

Starting BuildModel
Reading QA185V;
Reading QA185W;
Reading QA185Y;
Reading QA185E;
Reading NA186S;
Reading NA186R;
Reading NA186Y;
Reading NA186W;
Reading NA186V;
Reading NA186T;
Reading NA186P;
Reading NA186L;
Reading NA186Q;
Reading NA186A;
Reading NA186C;
Reading NA186D;
Reading NA186E;
Reading NA186F;
Reading NA186G;
Reading NA186H;
Reading NA186I;
Reading NA186K;
Reading NA186M;
Reading IA187Y;
Reading IA187W;
Reading IA187V;
Reading IA187D;
Reading IA187T;
Reading IA187S;
Reading IA187R;
Reading IA187Q;
Reading IA187P;
Reading IA187N;
Reading IA187M;
Reading IA187L;
Reading IA187K;
Reading IA187H;
Reading IA187G;
Reading IA187A;
Reading IA187C;
Reading IA187E;
Reading IA187F;
Reading GA188D;
Reading GA188W;
Reading GA188V;
Reading GA188T;
Reading GA188S;
Reading GA188Q;
Reading GA188P;
Reading GA188N;
Residue to Mutate GLNA185 has residue index 184
Residue to Mutate GLNA185 has residue index 184
Residue to Mutate GLNA185 has residue index 184
Residue to Mutate GLNA185 has residue index 184
Residue to Mutate ASNA186 has residue index 185
Residue to Mutate ASNA186 has residue index 185
Residue to Mutate ASNA186 has residue index 185
Residue to Mutate ASNA186 has residue index 185
Residue to Mutate ASNA186 has residue index 185
Residue to Mutate ASNA186 has residue index 185
Residue to Mutate ASNA186 has residue index 185
Residue to Mutate ASNA186 has residue index 185
Residue to Mutate ASNA186 has residue index 185
Residue to Mutate ASNA186 has residue index 185
Residue to Mutate ASNA186 has residue index 185
Residue to Mutate ASNA186 has residue index 185
Residue to Mutate ASNA186 has residue index 185
Residue to Mutate ASNA186 has residue index 185
Residue to Mutate ASNA186 has residue index 185
Residue to Mutate ASNA186 has residue index 185
Residue to Mutate ASNA186 has residue index 185
Residue to Mutate ASNA186 has residue index 185
Residue to Mutate ASNA186 has residue index 185
Residue to Mutate ILEA187 has residue index 186
Residue to Mutate ILEA187 has residue index 186
Residue to Mutate ILEA187 has residue index 186
Residue to Mutate ILEA187 has residue index 186
Residue to Mutate ILEA187 has residue index 186
Residue to Mutate ILEA187 has residue index 186
Residue to Mutate ILEA187 has residue index 186
Residue to Mutate ILEA187 has residue index 186
Residue to Mutate ILEA187 has residue index 186
Residue to Mutate ILEA187 has residue index 186
Residue to Mutate ILEA187 has residue index 186
Residue to Mutate ILEA187 has residue index 186
Residue to Mutate ILEA187 has residue index 186
Residue to Mutate ILEA187 has residue index 186
Residue to Mutate ILEA187 has residue index 186
Residue to Mutate ILEA187 has residue index 186
Residue to Mutate ILEA187 has residue index 186
Residue to Mutate ILEA187 has residue index 186
Residue to Mutate ILEA187 has residue index 186
Residue to Mutate GLYA188 has residue index 187
Residue to Mutate GLYA188 has residue index 187
Residue to Mutate GLYA188 has residue index 187
Residue to Mutate GLYA188 has residue index 187
Residue to Mutate GLYA188 has residue index 187
Residue to Mutate GLYA188 has residue index 187
Residue to Mutate GLYA188 has residue index 187
Residue to Mutate GLYA188 has residue index 187
Mutating residue = GLNA185 into VAL
Mutating residue = GLNA185 into TRP
Mutating residue = GLNA185 into TYR
Mutating residue = GLNA185 into GLU
Mutating residue = ASNA186 into SER
Mutating residue = ASNA186 into ARG
Mutating residue = ASNA186 into TYR
Mutating residue = ASNA186 into TRP
Mutating residue = ASNA186 into VAL
Mutating residue = ASNA186 into THR
Mutating residue = ASNA186 into PRO
Mutating residue = ASNA186 into LEU
Mutating residue = ASNA186 into GLN
Mutating residue = ASNA186 into ALA
Mutating residue = ASNA186 into CYS
Mutating residue = ASNA186 into ASP
Mutating residue = ASNA186 into GLU
Mutating residue = ASNA186 into PHE
Mutating residue = ASNA186 into GLY
Mutating residue = ASNA186 into HIS
Mutating residue = ASNA186 into ILE
Mutating residue = ASNA186 into LYS
Mutating residue = ASNA186 into MET
Mutating residue = ILEA187 into TYR
Mutating residue = ILEA187 into TRP
Mutating residue = ILEA187 into VAL
Mutating residue = ILEA187 into ASP
Mutating residue = ILEA187 into THR
Mutating residue = ILEA187 into SER
Mutating residue = ILEA187 into ARG
Mutating residue = ILEA187 into GLN
Mutating residue = ILEA187 into PRO
Mutating residue = ILEA187 into ASN
Mutating residue = ILEA187 into MET
Mutating residue = ILEA187 into LEU
Mutating residue = ILEA187 into LYS
Mutating residue = ILEA187 into HIS
Mutating residue = ILEA187 into GLY
Mutating residue = ILEA187 into ALA
Mutating residue = ILEA187 into CYS
Mutating residue = ILEA187 into GLU
Mutating residue = ILEA187 into PHE
Mutating residue = GLYA188 into ASP
Mutating residue = GLYA188 into TRP
Mutating residue = GLYA188 into VAL
Mutating residue = GLYA188 into THR
Mutating residue = GLYA188 into SER
Mutating residue = GLYA188 into GLN
Mutating residue = GLYA188 into PRO
Mutating residue = GLYA188 into ASN
Your file run OK
End time of FoldX: Sat May  9 16:22:57 2026
Total time spend: 345.15 seconds.
validated file "LGK_1.pdb" => successfully finished
validated file "LGK_2.pdb" => successfully finished
validated file "LGK_3.pdb" => successfully finished
validated file "LGK_4.pdb" => successfully finished
validated file "LGK_5.pdb" => successfully finished
validated file "LGK_6.pdb" => successfully finished
validated file "LGK_7.pdb" => successfully finished
validated file "LGK_8.pdb" => successfully finished
validated file "LGK_9.pdb" => successfully finished
validated file "LGK_10.pdb" => successfully finished
validated file "LGK_11.pdb" => successfully finished
validated file "LGK_12.pdb" => successfully finished
validated file "LGK_13.pdb" => successfully finished
validated file "LGK_14.pdb" => successfully finished
validated file "LGK_15.pdb" => successfully finished
validated file "LGK_16.pdb" => successfully finished
validated file "LGK_17.pdb" => successfully finished
validated file "LGK_18.pdb" => successfully finished
validated file "LGK_19.pdb" => successfully finished
validated file "LGK_20.pdb" => successfully finished
validated file "LGK_21.pdb" => successfully finished
validated file "LGK_22.pdb" => successfully finished
validated file "LGK_23.pdb" => successfully finished
validated file "LGK_24.pdb" => successfully finished
validated file "LGK_25.pdb" => successfully finished
validated file "LGK_26.pdb" => successfully finished
validated file "LGK_27.pdb" => successfully finished
validated file "LGK_28.pdb" => successfully finished
validated file "LGK_29.pdb" => successfully finished
validated file "LGK_30.pdb" => successfully finished
validated file "LGK_31.pdb" => successfully finished
validated file "LGK_32.pdb" => successfully finished
validated file "LGK_33.pdb" => successfully finished
validated file "LGK_34.pdb" => successfully finished
validated file "LGK_35.pdb" => successfully finished
validated file "LGK_36.pdb" => successfully finished
validated file "LGK_37.pdb" => successfully finished
validated file "LGK_38.pdb" => successfully finished
validated file "LGK_39.pdb" => successfully finished
validated file "LGK_40.pdb" => successfully finished
validated file "LGK_41.pdb" => successfully finished
validated file "LGK_42.pdb" => successfully finished
validated file "LGK_43.pdb" => successfully finished
validated file "LGK_44.pdb" => successfully finished
validated file "LGK_45.pdb" => successfully finished
validated file "LGK_46.pdb" => successfully finished
validated file "LGK_47.pdb" => successfully finished
validated file "LGK_48.pdb" => successfully finished
validated file "LGK_49.pdb" => successfully finished
validated file "LGK_50.pdb" => successfully finished
Cleaning BuildModel...DONE
任务 67 结果提取成功，已映射突变信息。
