   ********************************************
   ***                                      ***
   ***             FoldX 5.1 (c)            ***
   ***                                      ***
   ***     code by the FoldX Consortium     ***
   ***                                      ***
   ***     Jesper Borg, Frederic Rousseau   ***
   ***    Joost Schymkowitz, Luis Serrano   ***
   ***    Peter Vanhee, Erik Verschueren    ***
   ***     Lies Baeten, Javier Delgado      ***
   ***       and Francois Stricher          ***
   *** and any other of the 9! permutations ***
   ***   based on an original concept by    ***
   ***   Raphael Guerois and Luis Serrano   ***
   ********************************************

1 models read: LGK.pdb
1 models read: LGK.pdb

BackHbond       =               -302.35
SideHbond       =               -110.79
Energy_VdW      =               -510.89
Electro         =               -26.48
Energy_SolvP    =               715.83
Energy_SolvH    =               -665.00
Energy_vdwclash =               20.72
energy_torsion  =               6.69
backbone_vdwclash=              271.11
Entropy_sidec   =               262.00
Entropy_mainc   =               659.34
water bonds     =               0.00
helix dipole    =               -1.49
loop_entropy    =               0.00
cis_bond        =               2.25
disulfide       =               0.00
kn electrostatic=               0.00
partial covalent interactions = 0.00
Energy_Ionisation =             1.37
Entropy Complex =               0.00
-----------------------------------------------------------
Total          = 				  51.22


BackHbond       =               -302.35
SideHbond       =               -110.79
Energy_VdW      =               -510.89
Electro         =               -26.48
Energy_SolvP    =               715.83
Energy_SolvH    =               -665.00
Energy_vdwclash =               20.72
energy_torsion  =               6.69
backbone_vdwclash=              271.11
Entropy_sidec   =               262.00
Entropy_mainc   =               659.34
water bonds     =               0.00
helix dipole    =               -1.49
loop_entropy    =               0.00
cis_bond        =               2.25
disulfide       =               0.00
kn electrostatic=               0.00
partial covalent interactions = 0.00
Energy_Ionisation =             1.37
Entropy Complex =               0.00
-----------------------------------------------------------
Total          = 				  51.22

Starting BuildModel
Reading YA209P;
Reading YA209Q;
Reading YA209S;
Reading YA209D;
Reading YA209T;
Reading YA209V;
Reading YA209W;
Reading YA209C;
Reading YA209A;
Reading YA209R;
Reading DA210N;
Reading DA210M;
Reading DA210P;
Reading DA210Q;
Reading DA210R;
Reading DA210L;
Reading DA210A;
Reading DA210C;
Reading DA210I;
Reading DA210H;
Reading DA210G;
Reading DA210Y;
Reading DA210W;
Reading DA210V;
Reading DA210S;
Reading DA210F;
Reading DA210E;
Reading DA210K;
Reading DA210T;
Reading FA211T;
Reading FA211K;
Reading FA211E;
Reading FA211G;
Reading FA211H;
Reading FA211I;
Reading FA211W;
Reading FA211L;
Reading FA211M;
Reading FA211D;
Reading FA211Y;
Reading FA211A;
Reading FA211N;
Reading FA211P;
Reading FA211Q;
Reading FA211R;
Reading FA211V;
Reading FA211S;
Reading FA211C;
Reading DA212S;
Reading DA212N;
Residue to Mutate TYRA209 has residue index 208
Residue to Mutate TYRA209 has residue index 208
Residue to Mutate TYRA209 has residue index 208
Residue to Mutate TYRA209 has residue index 208
Residue to Mutate TYRA209 has residue index 208
Residue to Mutate TYRA209 has residue index 208
Residue to Mutate TYRA209 has residue index 208
Residue to Mutate TYRA209 has residue index 208
Residue to Mutate TYRA209 has residue index 208
Residue to Mutate TYRA209 has residue index 208
Residue to Mutate ASPA210 has residue index 209
Residue to Mutate ASPA210 has residue index 209
Residue to Mutate ASPA210 has residue index 209
Residue to Mutate ASPA210 has residue index 209
Residue to Mutate ASPA210 has residue index 209
Residue to Mutate ASPA210 has residue index 209
Residue to Mutate ASPA210 has residue index 209
Residue to Mutate ASPA210 has residue index 209
Residue to Mutate ASPA210 has residue index 209
Residue to Mutate ASPA210 has residue index 209
Residue to Mutate ASPA210 has residue index 209
Residue to Mutate ASPA210 has residue index 209
Residue to Mutate ASPA210 has residue index 209
Residue to Mutate ASPA210 has residue index 209
Residue to Mutate ASPA210 has residue index 209
Residue to Mutate ASPA210 has residue index 209
Residue to Mutate ASPA210 has residue index 209
Residue to Mutate ASPA210 has residue index 209
Residue to Mutate ASPA210 has residue index 209
Residue to Mutate PHEA211 has residue index 210
Residue to Mutate PHEA211 has residue index 210
Residue to Mutate PHEA211 has residue index 210
Residue to Mutate PHEA211 has residue index 210
Residue to Mutate PHEA211 has residue index 210
Residue to Mutate PHEA211 has residue index 210
Residue to Mutate PHEA211 has residue index 210
Residue to Mutate PHEA211 has residue index 210
Residue to Mutate PHEA211 has residue index 210
Residue to Mutate PHEA211 has residue index 210
Residue to Mutate PHEA211 has residue index 210
Residue to Mutate PHEA211 has residue index 210
Residue to Mutate PHEA211 has residue index 210
Residue to Mutate PHEA211 has residue index 210
Residue to Mutate PHEA211 has residue index 210
Residue to Mutate PHEA211 has residue index 210
Residue to Mutate PHEA211 has residue index 210
Residue to Mutate PHEA211 has residue index 210
Residue to Mutate PHEA211 has residue index 210
Residue to Mutate ASPA212 has residue index 211
Residue to Mutate ASPA212 has residue index 211
Mutating residue = TYRA209 into PRO
Mutating residue = TYRA209 into GLN
Mutating residue = TYRA209 into SER
Mutating residue = TYRA209 into ASP
Mutating residue = TYRA209 into THR
Mutating residue = TYRA209 into VAL
Mutating residue = TYRA209 into TRP
Mutating residue = TYRA209 into CYS
Mutating residue = TYRA209 into ALA
Mutating residue = TYRA209 into ARG
Mutating residue = ASPA210 into ASN
Mutating residue = ASPA210 into MET
Mutating residue = ASPA210 into PRO
Mutating residue = ASPA210 into GLN
Mutating residue = ASPA210 into ARG
Mutating residue = ASPA210 into LEU
Mutating residue = ASPA210 into ALA
Mutating residue = ASPA210 into CYS
Mutating residue = ASPA210 into ILE
Mutating residue = ASPA210 into HIS
Mutating residue = ASPA210 into GLY
Mutating residue = ASPA210 into TYR
Mutating residue = ASPA210 into TRP
Mutating residue = ASPA210 into VAL
Mutating residue = ASPA210 into SER
Mutating residue = ASPA210 into PHE
Mutating residue = ASPA210 into GLU
Mutating residue = ASPA210 into LYS
Mutating residue = ASPA210 into THR
Mutating residue = PHEA211 into THR
Mutating residue = PHEA211 into LYS
Mutating residue = PHEA211 into GLU
Mutating residue = PHEA211 into GLY
Mutating residue = PHEA211 into HIS
Mutating residue = PHEA211 into ILE
Mutating residue = PHEA211 into TRP
Mutating residue = PHEA211 into LEU
Mutating residue = PHEA211 into MET
Mutating residue = PHEA211 into ASP
Mutating residue = PHEA211 into TYR
Mutating residue = PHEA211 into ALA
Mutating residue = PHEA211 into ASN
Mutating residue = PHEA211 into PRO
Mutating residue = PHEA211 into GLN
Mutating residue = PHEA211 into ARG
Mutating residue = PHEA211 into VAL
Mutating residue = PHEA211 into SER
Mutating residue = PHEA211 into CYS
Mutating residue = ASPA212 into SER
Mutating residue = ASPA212 into ASN
Your file run OK
End time of FoldX: Sat May  9 16:23:53 2026
Total time spend: 401.60 seconds.
validated file "LGK_1.pdb" => successfully finished
validated file "LGK_2.pdb" => successfully finished
validated file "LGK_3.pdb" => successfully finished
validated file "LGK_4.pdb" => successfully finished
validated file "LGK_5.pdb" => successfully finished
validated file "LGK_6.pdb" => successfully finished
validated file "LGK_7.pdb" => successfully finished
validated file "LGK_8.pdb" => successfully finished
validated file "LGK_9.pdb" => successfully finished
validated file "LGK_10.pdb" => successfully finished
validated file "LGK_11.pdb" => successfully finished
validated file "LGK_12.pdb" => successfully finished
validated file "LGK_13.pdb" => successfully finished
validated file "LGK_14.pdb" => successfully finished
validated file "LGK_15.pdb" => successfully finished
validated file "LGK_16.pdb" => successfully finished
validated file "LGK_17.pdb" => successfully finished
validated file "LGK_18.pdb" => successfully finished
validated file "LGK_19.pdb" => successfully finished
validated file "LGK_20.pdb" => successfully finished
validated file "LGK_21.pdb" => successfully finished
validated file "LGK_22.pdb" => successfully finished
validated file "LGK_23.pdb" => successfully finished
validated file "LGK_24.pdb" => successfully finished
validated file "LGK_25.pdb" => successfully finished
validated file "LGK_26.pdb" => successfully finished
validated file "LGK_27.pdb" => successfully finished
validated file "LGK_28.pdb" => successfully finished
validated file "LGK_29.pdb" => successfully finished
validated file "LGK_30.pdb" => successfully finished
validated file "LGK_31.pdb" => successfully finished
validated file "LGK_32.pdb" => successfully finished
validated file "LGK_33.pdb" => successfully finished
validated file "LGK_34.pdb" => successfully finished
validated file "LGK_35.pdb" => successfully finished
validated file "LGK_36.pdb" => successfully finished
validated file "LGK_37.pdb" => successfully finished
validated file "LGK_38.pdb" => successfully finished
validated file "LGK_39.pdb" => successfully finished
validated file "LGK_40.pdb" => successfully finished
validated file "LGK_41.pdb" => successfully finished
validated file "LGK_42.pdb" => successfully finished
validated file "LGK_43.pdb" => successfully finished
validated file "LGK_44.pdb" => successfully finished
validated file "LGK_45.pdb" => successfully finished
validated file "LGK_46.pdb" => successfully finished
validated file "LGK_47.pdb" => successfully finished
validated file "LGK_48.pdb" => successfully finished
validated file "LGK_49.pdb" => successfully finished
validated file "LGK_50.pdb" => successfully finished
Cleaning BuildModel...DONE
任务 75 结果提取成功，已映射突变信息。
