   ********************************************
   ***                                      ***
   ***             FoldX 5.1 (c)            ***
   ***                                      ***
   ***     code by the FoldX Consortium     ***
   ***                                      ***
   ***     Jesper Borg, Frederic Rousseau   ***
   ***    Joost Schymkowitz, Luis Serrano   ***
   ***    Peter Vanhee, Erik Verschueren    ***
   ***     Lies Baeten, Javier Delgado      ***
   ***       and Francois Stricher          ***
   *** and any other of the 9! permutations ***
   ***   based on an original concept by    ***
   ***   Raphael Guerois and Luis Serrano   ***
   ********************************************

1 models read: LGK.pdb
1 models read: LGK.pdb

BackHbond       =               -302.35
SideHbond       =               -110.79
Energy_VdW      =               -510.89
Electro         =               -26.48
Energy_SolvP    =               715.83
Energy_SolvH    =               -665.00
Energy_vdwclash =               20.72
energy_torsion  =               6.69
backbone_vdwclash=              271.11
Entropy_sidec   =               262.00
Entropy_mainc   =               659.34
water bonds     =               0.00
helix dipole    =               -1.49
loop_entropy    =               0.00
cis_bond        =               2.25
disulfide       =               0.00
kn electrostatic=               0.00
partial covalent interactions = 0.00
Energy_Ionisation =             1.37
Entropy Complex =               0.00
-----------------------------------------------------------
Total          = 				  51.22


BackHbond       =               -302.35
SideHbond       =               -110.79
Energy_VdW      =               -510.89
Electro         =               -26.48
Energy_SolvP    =               715.83
Energy_SolvH    =               -665.00
Energy_vdwclash =               20.72
energy_torsion  =               6.69
backbone_vdwclash=              271.11
Entropy_sidec   =               262.00
Entropy_mainc   =               659.34
water bonds     =               0.00
helix dipole    =               -1.49
loop_entropy    =               0.00
cis_bond        =               2.25
disulfide       =               0.00
kn electrostatic=               0.00
partial covalent interactions = 0.00
Energy_Ionisation =             1.37
Entropy Complex =               0.00
-----------------------------------------------------------
Total          = 				  51.22

Starting BuildModel
Reading RA225Q;
Reading RA225D;
Reading RA225E;
Reading RA225G;
Reading RA225F;
Reading RA225Y;
Reading RA225V;
Reading RA225A;
Reading RA225H;
Reading HA226A;
Reading HA226R;
Reading HA226Q;
Reading HA226M;
Reading HA226S;
Reading HA226T;
Reading HA226V;
Reading HA226W;
Reading HA226Y;
Reading HA226L;
Reading HA226K;
Reading HA226I;
Reading HA226G;
Reading HA226F;
Reading HA226E;
Reading HA226D;
Reading HA226C;
Reading HA226P;
Reading HA226N;
Reading FA227A;
Reading FA227C;
Reading FA227I;
Reading FA227E;
Reading FA227D;
Reading FA227K;
Reading FA227L;
Reading FA227M;
Reading FA227N;
Reading FA227P;
Reading FA227Q;
Reading FA227R;
Reading FA227S;
Reading FA227T;
Reading FA227V;
Reading FA227W;
Reading FA227Y;
Reading FA227G;
Reading FA227H;
Reading TA228E;
Reading TA228C;
Reading TA228D;
Residue to Mutate ARGA225 has residue index 224
Residue to Mutate ARGA225 has residue index 224
Residue to Mutate ARGA225 has residue index 224
Residue to Mutate ARGA225 has residue index 224
Residue to Mutate ARGA225 has residue index 224
Residue to Mutate ARGA225 has residue index 224
Residue to Mutate ARGA225 has residue index 224
Residue to Mutate ARGA225 has residue index 224
Residue to Mutate ARGA225 has residue index 224
Residue to Mutate HISA226 has residue index 225
Residue to Mutate HISA226 has residue index 225
Residue to Mutate HISA226 has residue index 225
Residue to Mutate HISA226 has residue index 225
Residue to Mutate HISA226 has residue index 225
Residue to Mutate HISA226 has residue index 225
Residue to Mutate HISA226 has residue index 225
Residue to Mutate HISA226 has residue index 225
Residue to Mutate HISA226 has residue index 225
Residue to Mutate HISA226 has residue index 225
Residue to Mutate HISA226 has residue index 225
Residue to Mutate HISA226 has residue index 225
Residue to Mutate HISA226 has residue index 225
Residue to Mutate HISA226 has residue index 225
Residue to Mutate HISA226 has residue index 225
Residue to Mutate HISA226 has residue index 225
Residue to Mutate HISA226 has residue index 225
Residue to Mutate HISA226 has residue index 225
Residue to Mutate HISA226 has residue index 225
Residue to Mutate PHEA227 has residue index 226
Residue to Mutate PHEA227 has residue index 226
Residue to Mutate PHEA227 has residue index 226
Residue to Mutate PHEA227 has residue index 226
Residue to Mutate PHEA227 has residue index 226
Residue to Mutate PHEA227 has residue index 226
Residue to Mutate PHEA227 has residue index 226
Residue to Mutate PHEA227 has residue index 226
Residue to Mutate PHEA227 has residue index 226
Residue to Mutate PHEA227 has residue index 226
Residue to Mutate PHEA227 has residue index 226
Residue to Mutate PHEA227 has residue index 226
Residue to Mutate PHEA227 has residue index 226
Residue to Mutate PHEA227 has residue index 226
Residue to Mutate PHEA227 has residue index 226
Residue to Mutate PHEA227 has residue index 226
Residue to Mutate PHEA227 has residue index 226
Residue to Mutate PHEA227 has residue index 226
Residue to Mutate PHEA227 has residue index 226
Residue to Mutate THRA228 has residue index 227
Residue to Mutate THRA228 has residue index 227
Residue to Mutate THRA228 has residue index 227
Mutating residue = ARGA225 into GLN
Mutating residue = ARGA225 into ASP
Mutating residue = ARGA225 into GLU
Mutating residue = ARGA225 into GLY
Mutating residue = ARGA225 into PHE
Mutating residue = ARGA225 into TYR
Mutating residue = ARGA225 into VAL
Mutating residue = ARGA225 into ALA
Mutating residue = ARGA225 into HIS
Mutating residue = H2SA226 into ALA
Mutating residue = H2SA226 into ARG
Mutating residue = H2SA226 into GLN
Mutating residue = H2SA226 into MET
Mutating residue = H2SA226 into SER
Mutating residue = H2SA226 into THR
Mutating residue = H2SA226 into VAL
Mutating residue = H2SA226 into TRP
Mutating residue = H2SA226 into TYR
Mutating residue = H2SA226 into LEU
Mutating residue = H2SA226 into LYS
Mutating residue = H2SA226 into ILE
Mutating residue = H2SA226 into GLY
Mutating residue = H2SA226 into PHE
Mutating residue = H2SA226 into GLU
Mutating residue = H2SA226 into ASP
Mutating residue = H2SA226 into CYS
Mutating residue = H2SA226 into PRO
Mutating residue = H2SA226 into ASN
Mutating residue = PHEA227 into ALA
Mutating residue = PHEA227 into CYS
Mutating residue = PHEA227 into ILE
Mutating residue = PHEA227 into GLU
Mutating residue = PHEA227 into ASP
Mutating residue = PHEA227 into LYS
Mutating residue = PHEA227 into LEU
Mutating residue = PHEA227 into MET
Mutating residue = PHEA227 into ASN
Mutating residue = PHEA227 into PRO
Mutating residue = PHEA227 into GLN
Mutating residue = PHEA227 into ARG
Mutating residue = PHEA227 into SER
Mutating residue = PHEA227 into THR
Mutating residue = PHEA227 into VAL
Mutating residue = PHEA227 into TRP
Mutating residue = PHEA227 into TYR
Mutating residue = PHEA227 into GLY
Mutating residue = PHEA227 into HIS
Mutating residue = THRA228 into GLU
Mutating residue = THRA228 into CYS
Mutating residue = THRA228 into ASP
Your file run OK
End time of FoldX: Sat May  9 16:27:05 2026
Total time spend: 592.87 seconds.
validated file "LGK_1.pdb" => successfully finished
validated file "LGK_2.pdb" => successfully finished
validated file "LGK_3.pdb" => successfully finished
validated file "LGK_4.pdb" => successfully finished
validated file "LGK_5.pdb" => successfully finished
validated file "LGK_6.pdb" => successfully finished
validated file "LGK_7.pdb" => successfully finished
validated file "LGK_8.pdb" => successfully finished
validated file "LGK_9.pdb" => successfully finished
validated file "LGK_10.pdb" => successfully finished
validated file "LGK_11.pdb" => successfully finished
validated file "LGK_12.pdb" => successfully finished
validated file "LGK_13.pdb" => successfully finished
validated file "LGK_14.pdb" => successfully finished
validated file "LGK_15.pdb" => successfully finished
validated file "LGK_16.pdb" => successfully finished
validated file "LGK_17.pdb" => successfully finished
validated file "LGK_18.pdb" => successfully finished
validated file "LGK_19.pdb" => successfully finished
validated file "LGK_20.pdb" => successfully finished
validated file "LGK_21.pdb" => successfully finished
validated file "LGK_22.pdb" => successfully finished
validated file "LGK_23.pdb" => successfully finished
validated file "LGK_24.pdb" => successfully finished
validated file "LGK_25.pdb" => successfully finished
validated file "LGK_26.pdb" => successfully finished
validated file "LGK_27.pdb" => successfully finished
validated file "LGK_28.pdb" => successfully finished
validated file "LGK_29.pdb" => successfully finished
validated file "LGK_30.pdb" => successfully finished
validated file "LGK_31.pdb" => successfully finished
validated file "LGK_32.pdb" => successfully finished
validated file "LGK_33.pdb" => successfully finished
validated file "LGK_34.pdb" => successfully finished
validated file "LGK_35.pdb" => successfully finished
validated file "LGK_36.pdb" => successfully finished
validated file "LGK_37.pdb" => successfully finished
validated file "LGK_38.pdb" => successfully finished
validated file "LGK_39.pdb" => successfully finished
validated file "LGK_40.pdb" => successfully finished
validated file "LGK_41.pdb" => successfully finished
validated file "LGK_42.pdb" => successfully finished
validated file "LGK_43.pdb" => successfully finished
validated file "LGK_44.pdb" => successfully finished
validated file "LGK_45.pdb" => successfully finished
validated file "LGK_46.pdb" => successfully finished
validated file "LGK_47.pdb" => successfully finished
validated file "LGK_48.pdb" => successfully finished
validated file "LGK_49.pdb" => successfully finished
validated file "LGK_50.pdb" => successfully finished
Cleaning BuildModel...DONE
任务 81 结果提取成功，已映射突变信息。
