   ********************************************
   ***                                      ***
   ***             FoldX 5.1 (c)            ***
   ***                                      ***
   ***     code by the FoldX Consortium     ***
   ***                                      ***
   ***     Jesper Borg, Frederic Rousseau   ***
   ***    Joost Schymkowitz, Luis Serrano   ***
   ***    Peter Vanhee, Erik Verschueren    ***
   ***     Lies Baeten, Javier Delgado      ***
   ***       and Francois Stricher          ***
   *** and any other of the 9! permutations ***
   ***   based on an original concept by    ***
   ***   Raphael Guerois and Luis Serrano   ***
   ********************************************

1 models read: LGK.pdb
1 models read: LGK.pdb

BackHbond       =               -302.35
SideHbond       =               -110.79
Energy_VdW      =               -510.89
Electro         =               -26.48
Energy_SolvP    =               715.83
Energy_SolvH    =               -665.00
Energy_vdwclash =               20.72
energy_torsion  =               6.69
backbone_vdwclash=              271.11
Entropy_sidec   =               262.00
Entropy_mainc   =               659.34
water bonds     =               0.00
helix dipole    =               -1.49
loop_entropy    =               0.00
cis_bond        =               2.25
disulfide       =               0.00
kn electrostatic=               0.00
partial covalent interactions = 0.00
Energy_Ionisation =             1.37
Entropy Complex =               0.00
-----------------------------------------------------------
Total          = 				  51.22


BackHbond       =               -302.35
SideHbond       =               -110.79
Energy_VdW      =               -510.89
Electro         =               -26.48
Energy_SolvP    =               715.83
Energy_SolvH    =               -665.00
Energy_vdwclash =               20.72
energy_torsion  =               6.69
backbone_vdwclash=              271.11
Entropy_sidec   =               262.00
Entropy_mainc   =               659.34
water bonds     =               0.00
helix dipole    =               -1.49
loop_entropy    =               0.00
cis_bond        =               2.25
disulfide       =               0.00
kn electrostatic=               0.00
partial covalent interactions = 0.00
Energy_Ionisation =             1.37
Entropy Complex =               0.00
-----------------------------------------------------------
Total          = 				  51.22

Starting BuildModel
Reading TA299N;
Reading TA299P;
Reading TA299L;
Reading TA299Q;
Reading TA299R;
Reading TA299S;
Reading TA299V;
Reading TA299W;
Reading TA299H;
Reading TA299M;
Reading TA299I;
Reading TA299K;
Reading TA299A;
Reading TA299C;
Reading TA299D;
Reading TA299E;
Reading TA299F;
Reading TA300L;
Reading TA300N;
Reading TA300P;
Reading TA300Y;
Reading TA300S;
Reading TA300V;
Reading TA300K;
Reading TA300R;
Reading TA300I;
Reading TA300Q;
Reading TA300G;
Reading TA300F;
Reading TA300E;
Reading TA300D;
Reading TA300C;
Reading TA300H;
Reading TA300A;
Reading RA301S;
Reading RA301T;
Reading RA301V;
Reading RA301W;
Reading RA301Y;
Reading RA301H;
Reading RA301A;
Reading RA301C;
Reading RA301F;
Reading RA301G;
Reading RA301E;
Reading RA301N;
Reading RA301M;
Reading RA301L;
Reading RA301K;
Reading RA301I;
Residue to Mutate THRA299 has residue index 298
Residue to Mutate THRA299 has residue index 298
Residue to Mutate THRA299 has residue index 298
Residue to Mutate THRA299 has residue index 298
Residue to Mutate THRA299 has residue index 298
Residue to Mutate THRA299 has residue index 298
Residue to Mutate THRA299 has residue index 298
Residue to Mutate THRA299 has residue index 298
Residue to Mutate THRA299 has residue index 298
Residue to Mutate THRA299 has residue index 298
Residue to Mutate THRA299 has residue index 298
Residue to Mutate THRA299 has residue index 298
Residue to Mutate THRA299 has residue index 298
Residue to Mutate THRA299 has residue index 298
Residue to Mutate THRA299 has residue index 298
Residue to Mutate THRA299 has residue index 298
Residue to Mutate THRA299 has residue index 298
Residue to Mutate THRA300 has residue index 299
Residue to Mutate THRA300 has residue index 299
Residue to Mutate THRA300 has residue index 299
Residue to Mutate THRA300 has residue index 299
Residue to Mutate THRA300 has residue index 299
Residue to Mutate THRA300 has residue index 299
Residue to Mutate THRA300 has residue index 299
Residue to Mutate THRA300 has residue index 299
Residue to Mutate THRA300 has residue index 299
Residue to Mutate THRA300 has residue index 299
Residue to Mutate THRA300 has residue index 299
Residue to Mutate THRA300 has residue index 299
Residue to Mutate THRA300 has residue index 299
Residue to Mutate THRA300 has residue index 299
Residue to Mutate THRA300 has residue index 299
Residue to Mutate THRA300 has residue index 299
Residue to Mutate THRA300 has residue index 299
Residue to Mutate ARGA301 has residue index 300
Residue to Mutate ARGA301 has residue index 300
Residue to Mutate ARGA301 has residue index 300
Residue to Mutate ARGA301 has residue index 300
Residue to Mutate ARGA301 has residue index 300
Residue to Mutate ARGA301 has residue index 300
Residue to Mutate ARGA301 has residue index 300
Residue to Mutate ARGA301 has residue index 300
Residue to Mutate ARGA301 has residue index 300
Residue to Mutate ARGA301 has residue index 300
Residue to Mutate ARGA301 has residue index 300
Residue to Mutate ARGA301 has residue index 300
Residue to Mutate ARGA301 has residue index 300
Residue to Mutate ARGA301 has residue index 300
Residue to Mutate ARGA301 has residue index 300
Residue to Mutate ARGA301 has residue index 300
Mutating residue = THRA299 into ASN
Mutating residue = THRA299 into PRO
Mutating residue = THRA299 into LEU
Mutating residue = THRA299 into GLN
Mutating residue = THRA299 into ARG
Mutating residue = THRA299 into SER
Mutating residue = THRA299 into VAL
Mutating residue = THRA299 into TRP
Mutating residue = THRA299 into HIS
Mutating residue = THRA299 into MET
Mutating residue = THRA299 into ILE
Mutating residue = THRA299 into LYS
Mutating residue = THRA299 into ALA
Mutating residue = THRA299 into CYS
Mutating residue = THRA299 into ASP
Mutating residue = THRA299 into GLU
Mutating residue = THRA299 into PHE
Mutating residue = THRA300 into LEU
Mutating residue = THRA300 into ASN
Mutating residue = THRA300 into PRO
Mutating residue = THRA300 into TYR
Mutating residue = THRA300 into SER
Mutating residue = THRA300 into VAL
Mutating residue = THRA300 into LYS
Mutating residue = THRA300 into ARG
Mutating residue = THRA300 into ILE
Mutating residue = THRA300 into GLN
Mutating residue = THRA300 into GLY
Mutating residue = THRA300 into PHE
Mutating residue = THRA300 into GLU
Mutating residue = THRA300 into ASP
Mutating residue = THRA300 into CYS
Mutating residue = THRA300 into HIS
Mutating residue = THRA300 into ALA
Mutating residue = ARGA301 into SER
Mutating residue = ARGA301 into THR
Mutating residue = ARGA301 into VAL
Mutating residue = ARGA301 into TRP
Mutating residue = ARGA301 into TYR
Mutating residue = ARGA301 into HIS
Mutating residue = ARGA301 into ALA
Mutating residue = ARGA301 into CYS
Mutating residue = ARGA301 into PHE
Mutating residue = ARGA301 into GLY
Mutating residue = ARGA301 into GLU
Mutating residue = ARGA301 into ASN
Mutating residue = ARGA301 into MET
Mutating residue = ARGA301 into LEU
Mutating residue = ARGA301 into LYS
Mutating residue = ARGA301 into ILE
Your file run OK
End time of FoldX: Sat May  9 16:21:46 2026
Total time spend: 274.68 seconds.
validated file "LGK_1.pdb" => successfully finished
validated file "LGK_2.pdb" => successfully finished
validated file "LGK_3.pdb" => successfully finished
validated file "LGK_4.pdb" => successfully finished
validated file "LGK_5.pdb" => successfully finished
validated file "LGK_6.pdb" => successfully finished
validated file "LGK_7.pdb" => successfully finished
validated file "LGK_8.pdb" => successfully finished
validated file "LGK_9.pdb" => successfully finished
validated file "LGK_10.pdb" => successfully finished
validated file "LGK_11.pdb" => successfully finished
validated file "LGK_12.pdb" => successfully finished
validated file "LGK_13.pdb" => successfully finished
validated file "LGK_14.pdb" => successfully finished
validated file "LGK_15.pdb" => successfully finished
validated file "LGK_16.pdb" => successfully finished
validated file "LGK_17.pdb" => successfully finished
validated file "LGK_18.pdb" => successfully finished
validated file "LGK_19.pdb" => successfully finished
validated file "LGK_20.pdb" => successfully finished
validated file "LGK_21.pdb" => successfully finished
validated file "LGK_22.pdb" => successfully finished
validated file "LGK_23.pdb" => successfully finished
validated file "LGK_24.pdb" => successfully finished
validated file "LGK_25.pdb" => successfully finished
validated file "LGK_26.pdb" => successfully finished
validated file "LGK_27.pdb" => successfully finished
validated file "LGK_28.pdb" => successfully finished
validated file "LGK_29.pdb" => successfully finished
validated file "LGK_30.pdb" => successfully finished
validated file "LGK_31.pdb" => successfully finished
validated file "LGK_32.pdb" => successfully finished
validated file "LGK_33.pdb" => successfully finished
validated file "LGK_34.pdb" => successfully finished
validated file "LGK_35.pdb" => successfully finished
validated file "LGK_36.pdb" => successfully finished
validated file "LGK_37.pdb" => successfully finished
validated file "LGK_38.pdb" => successfully finished
validated file "LGK_39.pdb" => successfully finished
validated file "LGK_40.pdb" => successfully finished
validated file "LGK_41.pdb" => successfully finished
validated file "LGK_42.pdb" => successfully finished
validated file "LGK_43.pdb" => successfully finished
validated file "LGK_44.pdb" => successfully finished
validated file "LGK_45.pdb" => successfully finished
validated file "LGK_46.pdb" => successfully finished
validated file "LGK_47.pdb" => successfully finished
validated file "LGK_48.pdb" => successfully finished
validated file "LGK_49.pdb" => successfully finished
validated file "LGK_50.pdb" => successfully finished
Cleaning BuildModel...DONE
任务 108 结果提取成功，已映射突变信息。
