   ********************************************
   ***                                      ***
   ***             FoldX 5.1 (c)            ***
   ***                                      ***
   ***     code by the FoldX Consortium     ***
   ***                                      ***
   ***     Jesper Borg, Frederic Rousseau   ***
   ***    Joost Schymkowitz, Luis Serrano   ***
   ***    Peter Vanhee, Erik Verschueren    ***
   ***     Lies Baeten, Javier Delgado      ***
   ***       and Francois Stricher          ***
   *** and any other of the 9! permutations ***
   ***   based on an original concept by    ***
   ***   Raphael Guerois and Luis Serrano   ***
   ********************************************

1 models read: LGK.pdb
1 models read: LGK.pdb

BackHbond       =               -302.35
SideHbond       =               -110.79
Energy_VdW      =               -510.89
Electro         =               -26.48
Energy_SolvP    =               715.83
Energy_SolvH    =               -665.00
Energy_vdwclash =               20.72
energy_torsion  =               6.69
backbone_vdwclash=              271.11
Entropy_sidec   =               262.00
Entropy_mainc   =               659.34
water bonds     =               0.00
helix dipole    =               -1.49
loop_entropy    =               0.00
cis_bond        =               2.25
disulfide       =               0.00
kn electrostatic=               0.00
partial covalent interactions = 0.00
Energy_Ionisation =             1.37
Entropy Complex =               0.00
-----------------------------------------------------------
Total          = 				  51.22


BackHbond       =               -302.35
SideHbond       =               -110.79
Energy_VdW      =               -510.89
Electro         =               -26.48
Energy_SolvP    =               715.83
Energy_SolvH    =               -665.00
Energy_vdwclash =               20.72
energy_torsion  =               6.69
backbone_vdwclash=              271.11
Entropy_sidec   =               262.00
Entropy_mainc   =               659.34
water bonds     =               0.00
helix dipole    =               -1.49
loop_entropy    =               0.00
cis_bond        =               2.25
disulfide       =               0.00
kn electrostatic=               0.00
partial covalent interactions = 0.00
Energy_Ionisation =             1.37
Entropy Complex =               0.00
-----------------------------------------------------------
Total          = 				  51.22

Starting BuildModel
Reading GA269M;
Reading GA269N;
Reading GA269Q;
Reading GA269T;
Reading GA269V;
Reading GA269W;
Reading GA269Y;
Reading GA269R;
Reading GA269A;
Reading GA269P;
Reading GA269C;
Reading GA269F;
Reading RA270T;
Reading RA270S;
Reading RA270Y;
Reading RA270W;
Reading RA270V;
Reading RA270A;
Reading RA270D;
Reading RA270E;
Reading RA270F;
Reading RA270C;
Reading RA270H;
Reading RA270I;
Reading RA270K;
Reading RA270L;
Reading RA270M;
Reading RA270N;
Reading RA270P;
Reading RA270G;
Reading RA270Q;
Reading EA271P;
Reading EA271N;
Reading EA271Y;
Reading EA271K;
Reading EA271L;
Reading EA271Q;
Reading EA271M;
Reading EA271R;
Reading EA271G;
Reading EA271T;
Reading EA271V;
Reading EA271W;
Reading EA271D;
Reading EA271C;
Reading EA271A;
Reading EA271I;
Reading EA271S;
Reading EA271H;
Reading EA271F;
Residue to Mutate GLYA269 has residue index 268
Residue to Mutate GLYA269 has residue index 268
Residue to Mutate GLYA269 has residue index 268
Residue to Mutate GLYA269 has residue index 268
Residue to Mutate GLYA269 has residue index 268
Residue to Mutate GLYA269 has residue index 268
Residue to Mutate GLYA269 has residue index 268
Residue to Mutate GLYA269 has residue index 268
Residue to Mutate GLYA269 has residue index 268
Residue to Mutate GLYA269 has residue index 268
Residue to Mutate GLYA269 has residue index 268
Residue to Mutate GLYA269 has residue index 268
Residue to Mutate ARGA270 has residue index 269
Residue to Mutate ARGA270 has residue index 269
Residue to Mutate ARGA270 has residue index 269
Residue to Mutate ARGA270 has residue index 269
Residue to Mutate ARGA270 has residue index 269
Residue to Mutate ARGA270 has residue index 269
Residue to Mutate ARGA270 has residue index 269
Residue to Mutate ARGA270 has residue index 269
Residue to Mutate ARGA270 has residue index 269
Residue to Mutate ARGA270 has residue index 269
Residue to Mutate ARGA270 has residue index 269
Residue to Mutate ARGA270 has residue index 269
Residue to Mutate ARGA270 has residue index 269
Residue to Mutate ARGA270 has residue index 269
Residue to Mutate ARGA270 has residue index 269
Residue to Mutate ARGA270 has residue index 269
Residue to Mutate ARGA270 has residue index 269
Residue to Mutate ARGA270 has residue index 269
Residue to Mutate ARGA270 has residue index 269
Residue to Mutate GLUA271 has residue index 270
Residue to Mutate GLUA271 has residue index 270
Residue to Mutate GLUA271 has residue index 270
Residue to Mutate GLUA271 has residue index 270
Residue to Mutate GLUA271 has residue index 270
Residue to Mutate GLUA271 has residue index 270
Residue to Mutate GLUA271 has residue index 270
Residue to Mutate GLUA271 has residue index 270
Residue to Mutate GLUA271 has residue index 270
Residue to Mutate GLUA271 has residue index 270
Residue to Mutate GLUA271 has residue index 270
Residue to Mutate GLUA271 has residue index 270
Residue to Mutate GLUA271 has residue index 270
Residue to Mutate GLUA271 has residue index 270
Residue to Mutate GLUA271 has residue index 270
Residue to Mutate GLUA271 has residue index 270
Residue to Mutate GLUA271 has residue index 270
Residue to Mutate GLUA271 has residue index 270
Residue to Mutate GLUA271 has residue index 270
Mutating residue = GLYA269 into MET
Mutating residue = GLYA269 into ASN
Mutating residue = GLYA269 into GLN
Mutating residue = GLYA269 into THR
Mutating residue = GLYA269 into VAL
Mutating residue = GLYA269 into TRP
Mutating residue = GLYA269 into TYR
Mutating residue = GLYA269 into ARG
Mutating residue = GLYA269 into ALA
Mutating residue = GLYA269 into PRO
Mutating residue = GLYA269 into CYS
Mutating residue = GLYA269 into PHE
Mutating residue = ARGA270 into THR
Mutating residue = ARGA270 into SER
Mutating residue = ARGA270 into TYR
Mutating residue = ARGA270 into TRP
Mutating residue = ARGA270 into VAL
Mutating residue = ARGA270 into ALA
Mutating residue = ARGA270 into ASP
Mutating residue = ARGA270 into GLU
Mutating residue = ARGA270 into PHE
Mutating residue = ARGA270 into CYS
Mutating residue = ARGA270 into HIS
Mutating residue = ARGA270 into ILE
Mutating residue = ARGA270 into LYS
Mutating residue = ARGA270 into LEU
Mutating residue = ARGA270 into MET
Mutating residue = ARGA270 into ASN
Mutating residue = ARGA270 into PRO
Mutating residue = ARGA270 into GLY
Mutating residue = ARGA270 into GLN
Mutating residue = GLUA271 into PRO
Mutating residue = GLUA271 into ASN
Mutating residue = GLUA271 into TYR
Mutating residue = GLUA271 into LYS
Mutating residue = GLUA271 into LEU
Mutating residue = GLUA271 into GLN
Mutating residue = GLUA271 into MET
Mutating residue = GLUA271 into ARG
Mutating residue = GLUA271 into GLY
Mutating residue = GLUA271 into THR
Mutating residue = GLUA271 into VAL
Mutating residue = GLUA271 into TRP
Mutating residue = GLUA271 into ASP
Mutating residue = GLUA271 into CYS
Mutating residue = GLUA271 into ALA
Mutating residue = GLUA271 into ILE
Mutating residue = GLUA271 into SER
Mutating residue = GLUA271 into HIS
Mutating residue = GLUA271 into PHE
Your file run OK
End time of FoldX: Sat May  9 16:29:07 2026
Total time spend: 714.31 seconds.
validated file "LGK_1.pdb" => successfully finished
validated file "LGK_2.pdb" => successfully finished
validated file "LGK_3.pdb" => successfully finished
validated file "LGK_4.pdb" => successfully finished
validated file "LGK_5.pdb" => successfully finished
validated file "LGK_6.pdb" => successfully finished
validated file "LGK_7.pdb" => successfully finished
validated file "LGK_8.pdb" => successfully finished
validated file "LGK_9.pdb" => successfully finished
validated file "LGK_10.pdb" => successfully finished
validated file "LGK_11.pdb" => successfully finished
validated file "LGK_12.pdb" => successfully finished
validated file "LGK_13.pdb" => successfully finished
validated file "LGK_14.pdb" => successfully finished
validated file "LGK_15.pdb" => successfully finished
validated file "LGK_16.pdb" => successfully finished
validated file "LGK_17.pdb" => successfully finished
validated file "LGK_18.pdb" => successfully finished
validated file "LGK_19.pdb" => successfully finished
validated file "LGK_20.pdb" => successfully finished
validated file "LGK_21.pdb" => successfully finished
validated file "LGK_22.pdb" => successfully finished
validated file "LGK_23.pdb" => successfully finished
validated file "LGK_24.pdb" => successfully finished
validated file "LGK_25.pdb" => successfully finished
validated file "LGK_26.pdb" => successfully finished
validated file "LGK_27.pdb" => successfully finished
validated file "LGK_28.pdb" => successfully finished
validated file "LGK_29.pdb" => successfully finished
validated file "LGK_30.pdb" => successfully finished
validated file "LGK_31.pdb" => successfully finished
validated file "LGK_32.pdb" => successfully finished
validated file "LGK_33.pdb" => successfully finished
validated file "LGK_34.pdb" => successfully finished
validated file "LGK_35.pdb" => successfully finished
validated file "LGK_36.pdb" => successfully finished
validated file "LGK_37.pdb" => successfully finished
validated file "LGK_38.pdb" => successfully finished
validated file "LGK_39.pdb" => successfully finished
validated file "LGK_40.pdb" => successfully finished
validated file "LGK_41.pdb" => successfully finished
validated file "LGK_42.pdb" => successfully finished
validated file "LGK_43.pdb" => successfully finished
validated file "LGK_44.pdb" => successfully finished
validated file "LGK_45.pdb" => successfully finished
validated file "LGK_46.pdb" => successfully finished
validated file "LGK_47.pdb" => successfully finished
validated file "LGK_48.pdb" => successfully finished
validated file "LGK_49.pdb" => successfully finished
validated file "LGK_50.pdb" => successfully finished
Cleaning BuildModel...DONE
任务 97 结果提取成功，已映射突变信息。
