   ********************************************
   ***                                      ***
   ***             FoldX 5.1 (c)            ***
   ***                                      ***
   ***     code by the FoldX Consortium     ***
   ***                                      ***
   ***     Jesper Borg, Frederic Rousseau   ***
   ***    Joost Schymkowitz, Luis Serrano   ***
   ***    Peter Vanhee, Erik Verschueren    ***
   ***     Lies Baeten, Javier Delgado      ***
   ***       and Francois Stricher          ***
   *** and any other of the 9! permutations ***
   ***   based on an original concept by    ***
   ***   Raphael Guerois and Luis Serrano   ***
   ********************************************

1 models read: LGK.pdb
1 models read: LGK.pdb

BackHbond       =               -302.35
SideHbond       =               -110.79
Energy_VdW      =               -510.89
Electro         =               -26.48
Energy_SolvP    =               715.83
Energy_SolvH    =               -665.00
Energy_vdwclash =               20.72
energy_torsion  =               6.69
backbone_vdwclash=              271.11
Entropy_sidec   =               262.00
Entropy_mainc   =               659.34
water bonds     =               0.00
helix dipole    =               -1.49
loop_entropy    =               0.00
cis_bond        =               2.25
disulfide       =               0.00
kn electrostatic=               0.00
partial covalent interactions = 0.00
Energy_Ionisation =             1.37
Entropy Complex =               0.00
-----------------------------------------------------------
Total          = 				  51.22


BackHbond       =               -302.35
SideHbond       =               -110.79
Energy_VdW      =               -510.89
Electro         =               -26.48
Energy_SolvP    =               715.83
Energy_SolvH    =               -665.00
Energy_vdwclash =               20.72
energy_torsion  =               6.69
backbone_vdwclash=              271.11
Entropy_sidec   =               262.00
Entropy_mainc   =               659.34
water bonds     =               0.00
helix dipole    =               -1.49
loop_entropy    =               0.00
cis_bond        =               2.25
disulfide       =               0.00
kn electrostatic=               0.00
partial covalent interactions = 0.00
Energy_Ionisation =             1.37
Entropy Complex =               0.00
-----------------------------------------------------------
Total          = 				  51.22

Starting BuildModel
Reading VA375W;
Reading VA375Y;
Reading GA376D;
Reading GA376E;
Reading GA376F;
Reading GA376H;
Reading GA376I;
Reading GA376R;
Reading GA376C;
Reading GA376Q;
Reading GA376P;
Reading GA376N;
Reading GA376M;
Reading GA376S;
Reading GA376A;
Reading GA376K;
Reading GA376T;
Reading GA376V;
Reading GA376W;
Reading GA376Y;
Reading GA376L;
Reading RA377I;
Reading RA377K;
Reading RA377M;
Reading RA377N;
Reading RA377S;
Reading RA377P;
Reading RA377T;
Reading RA377V;
Reading RA377W;
Reading RA377H;
Reading RA377L;
Reading RA377Q;
Reading RA377G;
Reading RA377F;
Reading RA377Y;
Reading RA377E;
Reading RA377D;
Reading RA377C;
Reading RA377A;
Reading SA378D;
Reading SA378G;
Reading SA378H;
Reading SA378I;
Reading SA378K;
Reading SA378L;
Reading SA378M;
Reading SA378R;
Reading SA378P;
Reading SA378Y;
Residue to Mutate VALA375 has residue index 374
Residue to Mutate VALA375 has residue index 374
Residue to Mutate GLYA376 has residue index 375
Residue to Mutate GLYA376 has residue index 375
Residue to Mutate GLYA376 has residue index 375
Residue to Mutate GLYA376 has residue index 375
Residue to Mutate GLYA376 has residue index 375
Residue to Mutate GLYA376 has residue index 375
Residue to Mutate GLYA376 has residue index 375
Residue to Mutate GLYA376 has residue index 375
Residue to Mutate GLYA376 has residue index 375
Residue to Mutate GLYA376 has residue index 375
Residue to Mutate GLYA376 has residue index 375
Residue to Mutate GLYA376 has residue index 375
Residue to Mutate GLYA376 has residue index 375
Residue to Mutate GLYA376 has residue index 375
Residue to Mutate GLYA376 has residue index 375
Residue to Mutate GLYA376 has residue index 375
Residue to Mutate GLYA376 has residue index 375
Residue to Mutate GLYA376 has residue index 375
Residue to Mutate GLYA376 has residue index 375
Residue to Mutate ARGA377 has residue index 376
Residue to Mutate ARGA377 has residue index 376
Residue to Mutate ARGA377 has residue index 376
Residue to Mutate ARGA377 has residue index 376
Residue to Mutate ARGA377 has residue index 376
Residue to Mutate ARGA377 has residue index 376
Residue to Mutate ARGA377 has residue index 376
Residue to Mutate ARGA377 has residue index 376
Residue to Mutate ARGA377 has residue index 376
Residue to Mutate ARGA377 has residue index 376
Residue to Mutate ARGA377 has residue index 376
Residue to Mutate ARGA377 has residue index 376
Residue to Mutate ARGA377 has residue index 376
Residue to Mutate ARGA377 has residue index 376
Residue to Mutate ARGA377 has residue index 376
Residue to Mutate ARGA377 has residue index 376
Residue to Mutate ARGA377 has residue index 376
Residue to Mutate ARGA377 has residue index 376
Residue to Mutate ARGA377 has residue index 376
Residue to Mutate SERA378 has residue index 377
Residue to Mutate SERA378 has residue index 377
Residue to Mutate SERA378 has residue index 377
Residue to Mutate SERA378 has residue index 377
Residue to Mutate SERA378 has residue index 377
Residue to Mutate SERA378 has residue index 377
Residue to Mutate SERA378 has residue index 377
Residue to Mutate SERA378 has residue index 377
Residue to Mutate SERA378 has residue index 377
Residue to Mutate SERA378 has residue index 377
Mutating residue = VALA375 into TRP
Mutating residue = VALA375 into TYR
Mutating residue = GLYA376 into ASP
Mutating residue = GLYA376 into GLU
Mutating residue = GLYA376 into PHE
Mutating residue = GLYA376 into HIS
Mutating residue = GLYA376 into ILE
Mutating residue = GLYA376 into ARG
Mutating residue = GLYA376 into CYS
Mutating residue = GLYA376 into GLN
Mutating residue = GLYA376 into PRO
Mutating residue = GLYA376 into ASN
Mutating residue = GLYA376 into MET
Mutating residue = GLYA376 into SER
Mutating residue = GLYA376 into ALA
Mutating residue = GLYA376 into LYS
Mutating residue = GLYA376 into THR
Mutating residue = GLYA376 into VAL
Mutating residue = GLYA376 into TRP
Mutating residue = GLYA376 into TYR
Mutating residue = GLYA376 into LEU
Mutating residue = ARGA377 into ILE
Mutating residue = ARGA377 into LYS
Mutating residue = ARGA377 into MET
Mutating residue = ARGA377 into ASN
Mutating residue = ARGA377 into SER
Mutating residue = ARGA377 into PRO
Mutating residue = ARGA377 into THR
Mutating residue = ARGA377 into VAL
Mutating residue = ARGA377 into TRP
Mutating residue = ARGA377 into HIS
Mutating residue = ARGA377 into LEU
Mutating residue = ARGA377 into GLN
Mutating residue = ARGA377 into GLY
Mutating residue = ARGA377 into PHE
Mutating residue = ARGA377 into TYR
Mutating residue = ARGA377 into GLU
Mutating residue = ARGA377 into ASP
Mutating residue = ARGA377 into CYS
Mutating residue = ARGA377 into ALA
Mutating residue = SERA378 into ASP
Mutating residue = SERA378 into GLY
Mutating residue = SERA378 into HIS
Mutating residue = SERA378 into ILE
Mutating residue = SERA378 into LYS
Mutating residue = SERA378 into LEU
Mutating residue = SERA378 into MET
Mutating residue = SERA378 into ARG
Mutating residue = SERA378 into PRO
Mutating residue = SERA378 into TYR
Your file run OK
End time of FoldX: Sat May  9 16:22:44 2026
Total time spend: 332.10 seconds.
validated file "LGK_1.pdb" => successfully finished
validated file "LGK_2.pdb" => successfully finished
validated file "LGK_3.pdb" => successfully finished
validated file "LGK_4.pdb" => successfully finished
validated file "LGK_5.pdb" => successfully finished
validated file "LGK_6.pdb" => successfully finished
validated file "LGK_7.pdb" => successfully finished
validated file "LGK_8.pdb" => successfully finished
validated file "LGK_9.pdb" => successfully finished
validated file "LGK_10.pdb" => successfully finished
validated file "LGK_11.pdb" => successfully finished
validated file "LGK_12.pdb" => successfully finished
validated file "LGK_13.pdb" => successfully finished
validated file "LGK_14.pdb" => successfully finished
validated file "LGK_15.pdb" => successfully finished
validated file "LGK_16.pdb" => successfully finished
validated file "LGK_17.pdb" => successfully finished
validated file "LGK_18.pdb" => successfully finished
validated file "LGK_19.pdb" => successfully finished
validated file "LGK_20.pdb" => successfully finished
validated file "LGK_21.pdb" => successfully finished
validated file "LGK_22.pdb" => successfully finished
validated file "LGK_23.pdb" => successfully finished
validated file "LGK_24.pdb" => successfully finished
validated file "LGK_25.pdb" => successfully finished
validated file "LGK_26.pdb" => successfully finished
validated file "LGK_27.pdb" => successfully finished
validated file "LGK_28.pdb" => successfully finished
validated file "LGK_29.pdb" => successfully finished
validated file "LGK_30.pdb" => successfully finished
validated file "LGK_31.pdb" => successfully finished
validated file "LGK_32.pdb" => successfully finished
validated file "LGK_33.pdb" => successfully finished
validated file "LGK_34.pdb" => successfully finished
validated file "LGK_35.pdb" => successfully finished
validated file "LGK_36.pdb" => successfully finished
validated file "LGK_37.pdb" => successfully finished
validated file "LGK_38.pdb" => successfully finished
validated file "LGK_39.pdb" => successfully finished
validated file "LGK_40.pdb" => successfully finished
validated file "LGK_41.pdb" => successfully finished
validated file "LGK_42.pdb" => successfully finished
validated file "LGK_43.pdb" => successfully finished
validated file "LGK_44.pdb" => successfully finished
validated file "LGK_45.pdb" => successfully finished
validated file "LGK_46.pdb" => successfully finished
validated file "LGK_47.pdb" => successfully finished
validated file "LGK_48.pdb" => successfully finished
validated file "LGK_49.pdb" => successfully finished
validated file "LGK_50.pdb" => successfully finished
Cleaning BuildModel...DONE
任务 136 结果提取成功，已映射突变信息。
