   ********************************************
   ***                                      ***
   ***             FoldX 5.1 (c)            ***
   ***                                      ***
   ***     code by the FoldX Consortium     ***
   ***                                      ***
   ***     Jesper Borg, Frederic Rousseau   ***
   ***    Joost Schymkowitz, Luis Serrano   ***
   ***    Peter Vanhee, Erik Verschueren    ***
   ***     Lies Baeten, Javier Delgado      ***
   ***       and Francois Stricher          ***
   *** and any other of the 9! permutations ***
   ***   based on an original concept by    ***
   ***   Raphael Guerois and Luis Serrano   ***
   ********************************************

1 models read: LGK.pdb
1 models read: LGK.pdb

BackHbond       =               -302.35
SideHbond       =               -110.79
Energy_VdW      =               -510.89
Electro         =               -26.48
Energy_SolvP    =               715.83
Energy_SolvH    =               -665.00
Energy_vdwclash =               20.72
energy_torsion  =               6.69
backbone_vdwclash=              271.11
Entropy_sidec   =               262.00
Entropy_mainc   =               659.34
water bonds     =               0.00
helix dipole    =               -1.49
loop_entropy    =               0.00
cis_bond        =               2.25
disulfide       =               0.00
kn electrostatic=               0.00
partial covalent interactions = 0.00
Energy_Ionisation =             1.37
Entropy Complex =               0.00
-----------------------------------------------------------
Total          = 				  51.22


BackHbond       =               -302.35
SideHbond       =               -110.79
Energy_VdW      =               -510.89
Electro         =               -26.48
Energy_SolvP    =               715.83
Energy_SolvH    =               -665.00
Energy_vdwclash =               20.72
energy_torsion  =               6.69
backbone_vdwclash=              271.11
Entropy_sidec   =               262.00
Entropy_mainc   =               659.34
water bonds     =               0.00
helix dipole    =               -1.49
loop_entropy    =               0.00
cis_bond        =               2.25
disulfide       =               0.00
kn electrostatic=               0.00
partial covalent interactions = 0.00
Energy_Ionisation =             1.37
Entropy Complex =               0.00
-----------------------------------------------------------
Total          = 				  51.22

Starting BuildModel
Reading PA123R;
Reading PA123S;
Reading PA123T;
Reading PA123V;
Reading PA123Y;
Reading PA123I;
Reading PA123H;
Reading PA123G;
Reading PA123F;
Reading PA123D;
Reading PA123M;
Reading PA123L;
Reading EA124A;
Reading EA124C;
Reading EA124D;
Reading EA124F;
Reading EA124G;
Reading EA124L;
Reading EA124Y;
Reading EA124W;
Reading EA124V;
Reading EA124T;
Reading EA124S;
Reading EA124R;
Reading EA124Q;
Reading EA124P;
Reading EA124N;
Reading EA124M;
Reading EA124K;
Reading EA124H;
Reading EA124I;
Reading EA125V;
Reading EA125S;
Reading EA125R;
Reading EA125Q;
Reading EA125F;
Reading EA125D;
Reading EA125P;
Reading EA125N;
Reading EA125C;
Reading EA125M;
Reading EA125Y;
Reading EA125L;
Reading EA125W;
Reading EA125K;
Reading EA125I;
Reading EA125H;
Reading EA125G;
Reading EA125A;
Reading EA125T;
Residue to Mutate PROA123 has residue index 122
Residue to Mutate PROA123 has residue index 122
Residue to Mutate PROA123 has residue index 122
Residue to Mutate PROA123 has residue index 122
Residue to Mutate PROA123 has residue index 122
Residue to Mutate PROA123 has residue index 122
Residue to Mutate PROA123 has residue index 122
Residue to Mutate PROA123 has residue index 122
Residue to Mutate PROA123 has residue index 122
Residue to Mutate PROA123 has residue index 122
Residue to Mutate PROA123 has residue index 122
Residue to Mutate PROA123 has residue index 122
Residue to Mutate GLUA124 has residue index 123
Residue to Mutate GLUA124 has residue index 123
Residue to Mutate GLUA124 has residue index 123
Residue to Mutate GLUA124 has residue index 123
Residue to Mutate GLUA124 has residue index 123
Residue to Mutate GLUA124 has residue index 123
Residue to Mutate GLUA124 has residue index 123
Residue to Mutate GLUA124 has residue index 123
Residue to Mutate GLUA124 has residue index 123
Residue to Mutate GLUA124 has residue index 123
Residue to Mutate GLUA124 has residue index 123
Residue to Mutate GLUA124 has residue index 123
Residue to Mutate GLUA124 has residue index 123
Residue to Mutate GLUA124 has residue index 123
Residue to Mutate GLUA124 has residue index 123
Residue to Mutate GLUA124 has residue index 123
Residue to Mutate GLUA124 has residue index 123
Residue to Mutate GLUA124 has residue index 123
Residue to Mutate GLUA124 has residue index 123
Residue to Mutate GLUA125 has residue index 124
Residue to Mutate GLUA125 has residue index 124
Residue to Mutate GLUA125 has residue index 124
Residue to Mutate GLUA125 has residue index 124
Residue to Mutate GLUA125 has residue index 124
Residue to Mutate GLUA125 has residue index 124
Residue to Mutate GLUA125 has residue index 124
Residue to Mutate GLUA125 has residue index 124
Residue to Mutate GLUA125 has residue index 124
Residue to Mutate GLUA125 has residue index 124
Residue to Mutate GLUA125 has residue index 124
Residue to Mutate GLUA125 has residue index 124
Residue to Mutate GLUA125 has residue index 124
Residue to Mutate GLUA125 has residue index 124
Residue to Mutate GLUA125 has residue index 124
Residue to Mutate GLUA125 has residue index 124
Residue to Mutate GLUA125 has residue index 124
Residue to Mutate GLUA125 has residue index 124
Residue to Mutate GLUA125 has residue index 124
Mutating residue = PROA123 into ARG
Mutating residue = PROA123 into SER
Mutating residue = PROA123 into THR
Mutating residue = PROA123 into VAL
Mutating residue = PROA123 into TYR
Mutating residue = PROA123 into ILE
Mutating residue = PROA123 into HIS
Mutating residue = PROA123 into GLY
Mutating residue = PROA123 into PHE
Mutating residue = PROA123 into ASP
Mutating residue = PROA123 into MET
Mutating residue = PROA123 into LEU
Mutating residue = GLUA124 into ALA
Mutating residue = GLUA124 into CYS
Mutating residue = GLUA124 into ASP
Mutating residue = GLUA124 into PHE
Mutating residue = GLUA124 into GLY
Mutating residue = GLUA124 into LEU
Mutating residue = GLUA124 into TYR
Mutating residue = GLUA124 into TRP
Mutating residue = GLUA124 into VAL
Mutating residue = GLUA124 into THR
Mutating residue = GLUA124 into SER
Mutating residue = GLUA124 into ARG
Mutating residue = GLUA124 into GLN
Mutating residue = GLUA124 into PRO
Mutating residue = GLUA124 into ASN
Mutating residue = GLUA124 into MET
Mutating residue = GLUA124 into LYS
Mutating residue = GLUA124 into HIS
Mutating residue = GLUA124 into ILE
Mutating residue = GLUA125 into VAL
Mutating residue = GLUA125 into SER
Mutating residue = GLUA125 into ARG
Mutating residue = GLUA125 into GLN
Mutating residue = GLUA125 into PHE
Mutating residue = GLUA125 into ASP
Mutating residue = GLUA125 into PRO
Mutating residue = GLUA125 into ASN
Mutating residue = GLUA125 into CYS
Mutating residue = GLUA125 into MET
Mutating residue = GLUA125 into TYR
Mutating residue = GLUA125 into LEU
Mutating residue = GLUA125 into TRP
Mutating residue = GLUA125 into LYS
Mutating residue = GLUA125 into ILE
Mutating residue = GLUA125 into HIS
Mutating residue = GLUA125 into GLY
Mutating residue = GLUA125 into ALA
Mutating residue = GLUA125 into THR
Your file run OK
End time of FoldX: Sat May  9 16:19:59 2026
Total time spend: 165.91 seconds.
validated file "LGK_1.pdb" => successfully finished
validated file "LGK_2.pdb" => successfully finished
validated file "LGK_3.pdb" => successfully finished
validated file "LGK_4.pdb" => successfully finished
validated file "LGK_5.pdb" => successfully finished
validated file "LGK_6.pdb" => successfully finished
validated file "LGK_7.pdb" => successfully finished
validated file "LGK_8.pdb" => successfully finished
validated file "LGK_9.pdb" => successfully finished
validated file "LGK_10.pdb" => successfully finished
validated file "LGK_11.pdb" => successfully finished
validated file "LGK_12.pdb" => successfully finished
validated file "LGK_13.pdb" => successfully finished
validated file "LGK_14.pdb" => successfully finished
validated file "LGK_15.pdb" => successfully finished
validated file "LGK_16.pdb" => successfully finished
validated file "LGK_17.pdb" => successfully finished
validated file "LGK_18.pdb" => successfully finished
validated file "LGK_19.pdb" => successfully finished
validated file "LGK_20.pdb" => successfully finished
validated file "LGK_21.pdb" => successfully finished
validated file "LGK_22.pdb" => successfully finished
validated file "LGK_23.pdb" => successfully finished
validated file "LGK_24.pdb" => successfully finished
validated file "LGK_25.pdb" => successfully finished
validated file "LGK_26.pdb" => successfully finished
validated file "LGK_27.pdb" => successfully finished
validated file "LGK_28.pdb" => successfully finished
validated file "LGK_29.pdb" => successfully finished
validated file "LGK_30.pdb" => successfully finished
validated file "LGK_31.pdb" => successfully finished
validated file "LGK_32.pdb" => successfully finished
validated file "LGK_33.pdb" => successfully finished
validated file "LGK_34.pdb" => successfully finished
validated file "LGK_35.pdb" => successfully finished
validated file "LGK_36.pdb" => successfully finished
validated file "LGK_37.pdb" => successfully finished
validated file "LGK_38.pdb" => successfully finished
validated file "LGK_39.pdb" => successfully finished
validated file "LGK_40.pdb" => successfully finished
validated file "LGK_41.pdb" => successfully finished
validated file "LGK_42.pdb" => successfully finished
validated file "LGK_43.pdb" => successfully finished
validated file "LGK_44.pdb" => successfully finished
validated file "LGK_45.pdb" => successfully finished
validated file "LGK_46.pdb" => successfully finished
validated file "LGK_47.pdb" => successfully finished
validated file "LGK_48.pdb" => successfully finished
validated file "LGK_49.pdb" => successfully finished
validated file "LGK_50.pdb" => successfully finished
Cleaning BuildModel...DONE
任务 44 结果提取成功，已映射突变信息。
