   ********************************************
   ***                                      ***
   ***             FoldX 5.1 (c)            ***
   ***                                      ***
   ***     code by the FoldX Consortium     ***
   ***                                      ***
   ***     Jesper Borg, Frederic Rousseau   ***
   ***    Joost Schymkowitz, Luis Serrano   ***
   ***    Peter Vanhee, Erik Verschueren    ***
   ***     Lies Baeten, Javier Delgado      ***
   ***       and Francois Stricher          ***
   *** and any other of the 9! permutations ***
   ***   based on an original concept by    ***
   ***   Raphael Guerois and Luis Serrano   ***
   ********************************************

1 models read: LGK.pdb
1 models read: LGK.pdb

BackHbond       =               -302.35
SideHbond       =               -110.79
Energy_VdW      =               -510.89
Electro         =               -26.48
Energy_SolvP    =               715.83
Energy_SolvH    =               -665.00
Energy_vdwclash =               20.72
energy_torsion  =               6.69
backbone_vdwclash=              271.11
Entropy_sidec   =               262.00
Entropy_mainc   =               659.34
water bonds     =               0.00
helix dipole    =               -1.49
loop_entropy    =               0.00
cis_bond        =               2.25
disulfide       =               0.00
kn electrostatic=               0.00
partial covalent interactions = 0.00
Energy_Ionisation =             1.37
Entropy Complex =               0.00
-----------------------------------------------------------
Total          = 				  51.22


BackHbond       =               -302.35
SideHbond       =               -110.79
Energy_VdW      =               -510.89
Electro         =               -26.48
Energy_SolvP    =               715.83
Energy_SolvH    =               -665.00
Energy_vdwclash =               20.72
energy_torsion  =               6.69
backbone_vdwclash=              271.11
Entropy_sidec   =               262.00
Entropy_mainc   =               659.34
water bonds     =               0.00
helix dipole    =               -1.49
loop_entropy    =               0.00
cis_bond        =               2.25
disulfide       =               0.00
kn electrostatic=               0.00
partial covalent interactions = 0.00
Energy_Ionisation =             1.37
Entropy Complex =               0.00
-----------------------------------------------------------
Total          = 				  51.22

Starting BuildModel
Reading KA432A;
Reading KA432R;
Reading KA432S;
Reading KA432T;
Reading KA432V;
Reading KA432W;
Reading KA432Y;
Reading KA432D;
Reading KA432Q;
Reading KA432C;
Reading VA433A;
Reading VA433C;
Reading VA433T;
Reading VA433D;
Reading VA433Y;
Reading VA433R;
Reading VA433Q;
Reading VA433P;
Reading VA433N;
Reading VA433M;
Reading VA433L;
Reading VA433S;
Reading VA433I;
Reading VA433H;
Reading VA433G;
Reading VA433F;
Reading VA433E;
Reading VA433K;
Reading IA434A;
Reading IA434C;
Reading IA434D;
Reading IA434Y;
Reading IA434V;
Reading IA434T;
Reading IA434S;
Reading IA434P;
Reading IA434Q;
Reading IA434N;
Reading IA434M;
Reading IA434L;
Reading IA434H;
Reading IA434G;
Reading IA434R;
Reading IA434K;
Reading IA434E;
Reading IA434F;
Reading TA435C;
Reading TA435A;
Reading TA435D;
Reading TA435E;
Residue to Mutate LYSA432 has residue index 431
Residue to Mutate LYSA432 has residue index 431
Residue to Mutate LYSA432 has residue index 431
Residue to Mutate LYSA432 has residue index 431
Residue to Mutate LYSA432 has residue index 431
Residue to Mutate LYSA432 has residue index 431
Residue to Mutate LYSA432 has residue index 431
Residue to Mutate LYSA432 has residue index 431
Residue to Mutate LYSA432 has residue index 431
Residue to Mutate LYSA432 has residue index 431
Residue to Mutate VALA433 has residue index 432
Residue to Mutate VALA433 has residue index 432
Residue to Mutate VALA433 has residue index 432
Residue to Mutate VALA433 has residue index 432
Residue to Mutate VALA433 has residue index 432
Residue to Mutate VALA433 has residue index 432
Residue to Mutate VALA433 has residue index 432
Residue to Mutate VALA433 has residue index 432
Residue to Mutate VALA433 has residue index 432
Residue to Mutate VALA433 has residue index 432
Residue to Mutate VALA433 has residue index 432
Residue to Mutate VALA433 has residue index 432
Residue to Mutate VALA433 has residue index 432
Residue to Mutate VALA433 has residue index 432
Residue to Mutate VALA433 has residue index 432
Residue to Mutate VALA433 has residue index 432
Residue to Mutate VALA433 has residue index 432
Residue to Mutate VALA433 has residue index 432
Residue to Mutate ILEA434 has residue index 433
Residue to Mutate ILEA434 has residue index 433
Residue to Mutate ILEA434 has residue index 433
Residue to Mutate ILEA434 has residue index 433
Residue to Mutate ILEA434 has residue index 433
Residue to Mutate ILEA434 has residue index 433
Residue to Mutate ILEA434 has residue index 433
Residue to Mutate ILEA434 has residue index 433
Residue to Mutate ILEA434 has residue index 433
Residue to Mutate ILEA434 has residue index 433
Residue to Mutate ILEA434 has residue index 433
Residue to Mutate ILEA434 has residue index 433
Residue to Mutate ILEA434 has residue index 433
Residue to Mutate ILEA434 has residue index 433
Residue to Mutate ILEA434 has residue index 433
Residue to Mutate ILEA434 has residue index 433
Residue to Mutate ILEA434 has residue index 433
Residue to Mutate ILEA434 has residue index 433
Residue to Mutate THRA435 has residue index 434
Residue to Mutate THRA435 has residue index 434
Residue to Mutate THRA435 has residue index 434
Residue to Mutate THRA435 has residue index 434
Mutating residue = LYSA432 into ALA
Mutating residue = LYSA432 into ARG
Mutating residue = LYSA432 into SER
Mutating residue = LYSA432 into THR
Mutating residue = LYSA432 into VAL
Mutating residue = LYSA432 into TRP
Mutating residue = LYSA432 into TYR
Mutating residue = LYSA432 into ASP
Mutating residue = LYSA432 into GLN
Mutating residue = LYSA432 into CYS
Mutating residue = VALA433 into ALA
Mutating residue = VALA433 into CYS
Mutating residue = VALA433 into THR
Mutating residue = VALA433 into ASP
Mutating residue = VALA433 into TYR
Mutating residue = VALA433 into ARG
Mutating residue = VALA433 into GLN
Mutating residue = VALA433 into PRO
Mutating residue = VALA433 into ASN
Mutating residue = VALA433 into MET
Mutating residue = VALA433 into LEU
Mutating residue = VALA433 into SER
Mutating residue = VALA433 into ILE
Mutating residue = VALA433 into HIS
Mutating residue = VALA433 into GLY
Mutating residue = VALA433 into PHE
Mutating residue = VALA433 into GLU
Mutating residue = VALA433 into LYS
Mutating residue = ILEA434 into ALA
Mutating residue = ILEA434 into CYS
Mutating residue = ILEA434 into ASP
Mutating residue = ILEA434 into TYR
Mutating residue = ILEA434 into VAL
Mutating residue = ILEA434 into THR
Mutating residue = ILEA434 into SER
Mutating residue = ILEA434 into PRO
Mutating residue = ILEA434 into GLN
Mutating residue = ILEA434 into ASN
Mutating residue = ILEA434 into MET
Mutating residue = ILEA434 into LEU
Mutating residue = ILEA434 into HIS
Mutating residue = ILEA434 into GLY
Mutating residue = ILEA434 into ARG
Mutating residue = ILEA434 into LYS
Mutating residue = ILEA434 into GLU
Mutating residue = ILEA434 into PHE
Mutating residue = THRA435 into CYS
Mutating residue = THRA435 into ALA
Mutating residue = THRA435 into ASP
Mutating residue = THRA435 into GLU
Your file run OK
End time of FoldX: Sat May  9 16:25:13 2026
Total time spend: 481.38 seconds.
validated file "LGK_1.pdb" => successfully finished
validated file "LGK_2.pdb" => successfully finished
validated file "LGK_3.pdb" => successfully finished
validated file "LGK_4.pdb" => successfully finished
validated file "LGK_5.pdb" => successfully finished
validated file "LGK_6.pdb" => successfully finished
validated file "LGK_7.pdb" => successfully finished
validated file "LGK_8.pdb" => successfully finished
validated file "LGK_9.pdb" => successfully finished
validated file "LGK_10.pdb" => successfully finished
validated file "LGK_11.pdb" => successfully finished
validated file "LGK_12.pdb" => successfully finished
validated file "LGK_13.pdb" => successfully finished
validated file "LGK_14.pdb" => successfully finished
validated file "LGK_15.pdb" => successfully finished
validated file "LGK_16.pdb" => successfully finished
validated file "LGK_17.pdb" => successfully finished
validated file "LGK_18.pdb" => successfully finished
validated file "LGK_19.pdb" => successfully finished
validated file "LGK_20.pdb" => successfully finished
validated file "LGK_21.pdb" => successfully finished
validated file "LGK_22.pdb" => successfully finished
validated file "LGK_23.pdb" => successfully finished
validated file "LGK_24.pdb" => successfully finished
validated file "LGK_25.pdb" => successfully finished
validated file "LGK_26.pdb" => successfully finished
validated file "LGK_27.pdb" => successfully finished
validated file "LGK_28.pdb" => successfully finished
validated file "LGK_29.pdb" => successfully finished
validated file "LGK_30.pdb" => successfully finished
validated file "LGK_31.pdb" => successfully finished
validated file "LGK_32.pdb" => successfully finished
validated file "LGK_33.pdb" => successfully finished
validated file "LGK_34.pdb" => successfully finished
validated file "LGK_35.pdb" => successfully finished
validated file "LGK_36.pdb" => successfully finished
validated file "LGK_37.pdb" => successfully finished
validated file "LGK_38.pdb" => successfully finished
validated file "LGK_39.pdb" => successfully finished
validated file "LGK_40.pdb" => successfully finished
validated file "LGK_41.pdb" => successfully finished
validated file "LGK_42.pdb" => successfully finished
validated file "LGK_43.pdb" => successfully finished
validated file "LGK_44.pdb" => successfully finished
validated file "LGK_45.pdb" => successfully finished
validated file "LGK_46.pdb" => successfully finished
validated file "LGK_47.pdb" => successfully finished
validated file "LGK_48.pdb" => successfully finished
validated file "LGK_49.pdb" => successfully finished
validated file "LGK_50.pdb" => successfully finished
Cleaning BuildModel...DONE
任务 156 结果提取成功，已映射突变信息。
