   ********************************************
   ***                                      ***
   ***             FoldX 5.1 (c)            ***
   ***                                      ***
   ***     code by the FoldX Consortium     ***
   ***                                      ***
   ***     Jesper Borg, Frederic Rousseau   ***
   ***    Joost Schymkowitz, Luis Serrano   ***
   ***    Peter Vanhee, Erik Verschueren    ***
   ***     Lies Baeten, Javier Delgado      ***
   ***       and Francois Stricher          ***
   *** and any other of the 9! permutations ***
   ***   based on an original concept by    ***
   ***   Raphael Guerois and Luis Serrano   ***
   ********************************************

1 models read: LGK.pdb
1 models read: LGK.pdb

BackHbond       =               -302.35
SideHbond       =               -110.79
Energy_VdW      =               -510.89
Electro         =               -26.48
Energy_SolvP    =               715.83
Energy_SolvH    =               -665.00
Energy_vdwclash =               20.72
energy_torsion  =               6.69
backbone_vdwclash=              271.11
Entropy_sidec   =               262.00
Entropy_mainc   =               659.34
water bonds     =               0.00
helix dipole    =               -1.49
loop_entropy    =               0.00
cis_bond        =               2.25
disulfide       =               0.00
kn electrostatic=               0.00
partial covalent interactions = 0.00
Energy_Ionisation =             1.37
Entropy Complex =               0.00
-----------------------------------------------------------
Total          = 				  51.22


BackHbond       =               -302.35
SideHbond       =               -110.79
Energy_VdW      =               -510.89
Electro         =               -26.48
Energy_SolvP    =               715.83
Energy_SolvH    =               -665.00
Energy_vdwclash =               20.72
energy_torsion  =               6.69
backbone_vdwclash=              271.11
Entropy_sidec   =               262.00
Entropy_mainc   =               659.34
water bonds     =               0.00
helix dipole    =               -1.49
loop_entropy    =               0.00
cis_bond        =               2.25
disulfide       =               0.00
kn electrostatic=               0.00
partial covalent interactions = 0.00
Energy_Ionisation =             1.37
Entropy Complex =               0.00
-----------------------------------------------------------
Total          = 				  51.22

Starting BuildModel
Reading LA277R;
Reading LA277S;
Reading LA277V;
Reading LA277W;
Reading LA277Y;
Reading LA277H;
Reading LA277I;
Reading LA277K;
Reading LA277M;
Reading LA277T;
Reading AA278W;
Reading AA278Y;
Reading AA278V;
Reading AA278G;
Reading AA278S;
Reading AA278R;
Reading AA278H;
Reading AA278P;
Reading AA278N;
Reading AA278M;
Reading AA278L;
Reading AA278K;
Reading AA278I;
Reading AA278C;
Reading AA278D;
Reading AA278E;
Reading AA278F;
Reading AA278T;
Reading AA278Q;
Reading HA279Y;
Reading HA279R;
Reading HA279G;
Reading HA279I;
Reading HA279S;
Reading HA279T;
Reading HA279V;
Reading HA279K;
Reading HA279E;
Reading HA279L;
Reading HA279A;
Reading HA279C;
Reading HA279D;
Reading HA279M;
Reading HA279Q;
Reading HA279P;
Reading HA279N;
Reading HA279W;
Reading HA279F;
Reading DA280A;
Reading DA280C;
Residue to Mutate LEUA277 has residue index 276
Residue to Mutate LEUA277 has residue index 276
Residue to Mutate LEUA277 has residue index 276
Residue to Mutate LEUA277 has residue index 276
Residue to Mutate LEUA277 has residue index 276
Residue to Mutate LEUA277 has residue index 276
Residue to Mutate LEUA277 has residue index 276
Residue to Mutate LEUA277 has residue index 276
Residue to Mutate LEUA277 has residue index 276
Residue to Mutate LEUA277 has residue index 276
Residue to Mutate ALAA278 has residue index 277
Residue to Mutate ALAA278 has residue index 277
Residue to Mutate ALAA278 has residue index 277
Residue to Mutate ALAA278 has residue index 277
Residue to Mutate ALAA278 has residue index 277
Residue to Mutate ALAA278 has residue index 277
Residue to Mutate ALAA278 has residue index 277
Residue to Mutate ALAA278 has residue index 277
Residue to Mutate ALAA278 has residue index 277
Residue to Mutate ALAA278 has residue index 277
Residue to Mutate ALAA278 has residue index 277
Residue to Mutate ALAA278 has residue index 277
Residue to Mutate ALAA278 has residue index 277
Residue to Mutate ALAA278 has residue index 277
Residue to Mutate ALAA278 has residue index 277
Residue to Mutate ALAA278 has residue index 277
Residue to Mutate ALAA278 has residue index 277
Residue to Mutate ALAA278 has residue index 277
Residue to Mutate ALAA278 has residue index 277
Residue to Mutate HISA279 has residue index 278
Residue to Mutate HISA279 has residue index 278
Residue to Mutate HISA279 has residue index 278
Residue to Mutate HISA279 has residue index 278
Residue to Mutate HISA279 has residue index 278
Residue to Mutate HISA279 has residue index 278
Residue to Mutate HISA279 has residue index 278
Residue to Mutate HISA279 has residue index 278
Residue to Mutate HISA279 has residue index 278
Residue to Mutate HISA279 has residue index 278
Residue to Mutate HISA279 has residue index 278
Residue to Mutate HISA279 has residue index 278
Residue to Mutate HISA279 has residue index 278
Residue to Mutate HISA279 has residue index 278
Residue to Mutate HISA279 has residue index 278
Residue to Mutate HISA279 has residue index 278
Residue to Mutate HISA279 has residue index 278
Residue to Mutate HISA279 has residue index 278
Residue to Mutate HISA279 has residue index 278
Residue to Mutate ASPA280 has residue index 279
Residue to Mutate ASPA280 has residue index 279
Mutating residue = LEUA277 into ARG
Mutating residue = LEUA277 into SER
Mutating residue = LEUA277 into VAL
Mutating residue = LEUA277 into TRP
Mutating residue = LEUA277 into TYR
Mutating residue = LEUA277 into HIS
Mutating residue = LEUA277 into ILE
Mutating residue = LEUA277 into LYS
Mutating residue = LEUA277 into MET
Mutating residue = LEUA277 into THR
Mutating residue = ALAA278 into TRP
Mutating residue = ALAA278 into TYR
Mutating residue = ALAA278 into VAL
Mutating residue = ALAA278 into GLY
Mutating residue = ALAA278 into SER
Mutating residue = ALAA278 into ARG
Mutating residue = ALAA278 into HIS
Mutating residue = ALAA278 into PRO
Mutating residue = ALAA278 into ASN
Mutating residue = ALAA278 into MET
Mutating residue = ALAA278 into LEU
Mutating residue = ALAA278 into LYS
Mutating residue = ALAA278 into ILE
Mutating residue = ALAA278 into CYS
Mutating residue = ALAA278 into ASP
Mutating residue = ALAA278 into GLU
Mutating residue = ALAA278 into PHE
Mutating residue = ALAA278 into THR
Mutating residue = ALAA278 into GLN
Mutating residue = H1SA279 into TYR
Mutating residue = H1SA279 into ARG
Mutating residue = H1SA279 into GLY
Mutating residue = H1SA279 into ILE
Mutating residue = H1SA279 into SER
Mutating residue = H1SA279 into THR
Mutating residue = H1SA279 into VAL
Mutating residue = H1SA279 into LYS
Mutating residue = H1SA279 into GLU
Mutating residue = H1SA279 into LEU
Mutating residue = H1SA279 into ALA
Mutating residue = H1SA279 into CYS
Mutating residue = H1SA279 into ASP
Mutating residue = H1SA279 into MET
Mutating residue = H1SA279 into GLN
Mutating residue = H1SA279 into PRO
Mutating residue = H1SA279 into ASN
Mutating residue = H1SA279 into TRP
Mutating residue = H1SA279 into PHE
Mutating residue = ASPA280 into ALA
Mutating residue = ASPA280 into CYS
Your file run OK
End time of FoldX: Sat May  9 16:26:41 2026
Total time spend: 569.47 seconds.
validated file "LGK_1.pdb" => successfully finished
validated file "LGK_2.pdb" => successfully finished
validated file "LGK_3.pdb" => successfully finished
validated file "LGK_4.pdb" => successfully finished
validated file "LGK_5.pdb" => successfully finished
validated file "LGK_6.pdb" => successfully finished
validated file "LGK_7.pdb" => successfully finished
validated file "LGK_8.pdb" => successfully finished
validated file "LGK_9.pdb" => successfully finished
validated file "LGK_10.pdb" => successfully finished
validated file "LGK_11.pdb" => successfully finished
validated file "LGK_12.pdb" => successfully finished
validated file "LGK_13.pdb" => successfully finished
validated file "LGK_14.pdb" => successfully finished
validated file "LGK_15.pdb" => successfully finished
validated file "LGK_16.pdb" => successfully finished
validated file "LGK_17.pdb" => successfully finished
validated file "LGK_18.pdb" => successfully finished
validated file "LGK_19.pdb" => successfully finished
validated file "LGK_20.pdb" => successfully finished
validated file "LGK_21.pdb" => successfully finished
validated file "LGK_22.pdb" => successfully finished
validated file "LGK_23.pdb" => successfully finished
validated file "LGK_24.pdb" => successfully finished
validated file "LGK_25.pdb" => successfully finished
validated file "LGK_26.pdb" => successfully finished
validated file "LGK_27.pdb" => successfully finished
validated file "LGK_28.pdb" => successfully finished
validated file "LGK_29.pdb" => successfully finished
validated file "LGK_30.pdb" => successfully finished
validated file "LGK_31.pdb" => successfully finished
validated file "LGK_32.pdb" => successfully finished
validated file "LGK_33.pdb" => successfully finished
validated file "LGK_34.pdb" => successfully finished
validated file "LGK_35.pdb" => successfully finished
validated file "LGK_36.pdb" => successfully finished
validated file "LGK_37.pdb" => successfully finished
validated file "LGK_38.pdb" => successfully finished
validated file "LGK_39.pdb" => successfully finished
validated file "LGK_40.pdb" => successfully finished
validated file "LGK_41.pdb" => successfully finished
validated file "LGK_42.pdb" => successfully finished
validated file "LGK_43.pdb" => successfully finished
validated file "LGK_44.pdb" => successfully finished
validated file "LGK_45.pdb" => successfully finished
validated file "LGK_46.pdb" => successfully finished
validated file "LGK_47.pdb" => successfully finished
validated file "LGK_48.pdb" => successfully finished
validated file "LGK_49.pdb" => successfully finished
validated file "LGK_50.pdb" => successfully finished
Cleaning BuildModel...DONE
任务 100 结果提取成功，已映射突变信息。
