   ********************************************
   ***                                      ***
   ***             FoldX 5.1 (c)            ***
   ***                                      ***
   ***     code by the FoldX Consortium     ***
   ***                                      ***
   ***     Jesper Borg, Frederic Rousseau   ***
   ***    Joost Schymkowitz, Luis Serrano   ***
   ***    Peter Vanhee, Erik Verschueren    ***
   ***     Lies Baeten, Javier Delgado      ***
   ***       and Francois Stricher          ***
   *** and any other of the 9! permutations ***
   ***   based on an original concept by    ***
   ***   Raphael Guerois and Luis Serrano   ***
   ********************************************

1 models read: LGK.pdb
1 models read: LGK.pdb

BackHbond       =               -302.35
SideHbond       =               -110.79
Energy_VdW      =               -510.89
Electro         =               -26.48
Energy_SolvP    =               715.83
Energy_SolvH    =               -665.00
Energy_vdwclash =               20.72
energy_torsion  =               6.69
backbone_vdwclash=              271.11
Entropy_sidec   =               262.00
Entropy_mainc   =               659.34
water bonds     =               0.00
helix dipole    =               -1.49
loop_entropy    =               0.00
cis_bond        =               2.25
disulfide       =               0.00
kn electrostatic=               0.00
partial covalent interactions = 0.00
Energy_Ionisation =             1.37
Entropy Complex =               0.00
-----------------------------------------------------------
Total          = 				  51.22


BackHbond       =               -302.35
SideHbond       =               -110.79
Energy_VdW      =               -510.89
Electro         =               -26.48
Energy_SolvP    =               715.83
Energy_SolvH    =               -665.00
Energy_vdwclash =               20.72
energy_torsion  =               6.69
backbone_vdwclash=              271.11
Entropy_sidec   =               262.00
Entropy_mainc   =               659.34
water bonds     =               0.00
helix dipole    =               -1.49
loop_entropy    =               0.00
cis_bond        =               2.25
disulfide       =               0.00
kn electrostatic=               0.00
partial covalent interactions = 0.00
Energy_Ionisation =             1.37
Entropy Complex =               0.00
-----------------------------------------------------------
Total          = 				  51.22

Starting BuildModel
Reading WA368H;
Reading WA368S;
Reading WA368C;
Reading WA368D;
Reading WA368E;
Reading WA368F;
Reading WA368G;
Reading WA368A;
Reading WA368I;
Reading WA368Y;
Reading WA368T;
Reading WA368K;
Reading WA368L;
Reading WA368R;
Reading WA368Q;
Reading WA368P;
Reading WA368N;
Reading WA368M;
Reading WA368V;
Reading QA369V;
Reading QA369A;
Reading QA369C;
Reading QA369D;
Reading QA369E;
Reading QA369G;
Reading QA369H;
Reading QA369I;
Reading QA369K;
Reading QA369L;
Reading QA369N;
Reading QA369P;
Reading QA369R;
Reading QA369S;
Reading QA369T;
Reading QA369F;
Reading QA369M;
Reading QA369Y;
Reading QA369W;
Reading GA370I;
Reading GA370F;
Reading GA370E;
Reading GA370D;
Reading GA370C;
Reading GA370A;
Reading GA370Y;
Reading GA370H;
Reading GA370V;
Reading GA370W;
Reading GA370S;
Reading GA370R;
Residue to Mutate TRPA368 has residue index 367
Residue to Mutate TRPA368 has residue index 367
Residue to Mutate TRPA368 has residue index 367
Residue to Mutate TRPA368 has residue index 367
Residue to Mutate TRPA368 has residue index 367
Residue to Mutate TRPA368 has residue index 367
Residue to Mutate TRPA368 has residue index 367
Residue to Mutate TRPA368 has residue index 367
Residue to Mutate TRPA368 has residue index 367
Residue to Mutate TRPA368 has residue index 367
Residue to Mutate TRPA368 has residue index 367
Residue to Mutate TRPA368 has residue index 367
Residue to Mutate TRPA368 has residue index 367
Residue to Mutate TRPA368 has residue index 367
Residue to Mutate TRPA368 has residue index 367
Residue to Mutate TRPA368 has residue index 367
Residue to Mutate TRPA368 has residue index 367
Residue to Mutate TRPA368 has residue index 367
Residue to Mutate TRPA368 has residue index 367
Residue to Mutate GLNA369 has residue index 368
Residue to Mutate GLNA369 has residue index 368
Residue to Mutate GLNA369 has residue index 368
Residue to Mutate GLNA369 has residue index 368
Residue to Mutate GLNA369 has residue index 368
Residue to Mutate GLNA369 has residue index 368
Residue to Mutate GLNA369 has residue index 368
Residue to Mutate GLNA369 has residue index 368
Residue to Mutate GLNA369 has residue index 368
Residue to Mutate GLNA369 has residue index 368
Residue to Mutate GLNA369 has residue index 368
Residue to Mutate GLNA369 has residue index 368
Residue to Mutate GLNA369 has residue index 368
Residue to Mutate GLNA369 has residue index 368
Residue to Mutate GLNA369 has residue index 368
Residue to Mutate GLNA369 has residue index 368
Residue to Mutate GLNA369 has residue index 368
Residue to Mutate GLNA369 has residue index 368
Residue to Mutate GLNA369 has residue index 368
Residue to Mutate GLYA370 has residue index 369
Residue to Mutate GLYA370 has residue index 369
Residue to Mutate GLYA370 has residue index 369
Residue to Mutate GLYA370 has residue index 369
Residue to Mutate GLYA370 has residue index 369
Residue to Mutate GLYA370 has residue index 369
Residue to Mutate GLYA370 has residue index 369
Residue to Mutate GLYA370 has residue index 369
Residue to Mutate GLYA370 has residue index 369
Residue to Mutate GLYA370 has residue index 369
Residue to Mutate GLYA370 has residue index 369
Residue to Mutate GLYA370 has residue index 369
Mutating residue = TRPA368 into HIS
Mutating residue = TRPA368 into SER
Mutating residue = TRPA368 into CYS
Mutating residue = TRPA368 into ASP
Mutating residue = TRPA368 into GLU
Mutating residue = TRPA368 into PHE
Mutating residue = TRPA368 into GLY
Mutating residue = TRPA368 into ALA
Mutating residue = TRPA368 into ILE
Mutating residue = TRPA368 into TYR
Mutating residue = TRPA368 into THR
Mutating residue = TRPA368 into LYS
Mutating residue = TRPA368 into LEU
Mutating residue = TRPA368 into ARG
Mutating residue = TRPA368 into GLN
Mutating residue = TRPA368 into PRO
Mutating residue = TRPA368 into ASN
Mutating residue = TRPA368 into MET
Mutating residue = TRPA368 into VAL
Mutating residue = GLNA369 into VAL
Mutating residue = GLNA369 into ALA
Mutating residue = GLNA369 into CYS
Mutating residue = GLNA369 into ASP
Mutating residue = GLNA369 into GLU
Mutating residue = GLNA369 into GLY
Mutating residue = GLNA369 into HIS
Mutating residue = GLNA369 into ILE
Mutating residue = GLNA369 into LYS
Mutating residue = GLNA369 into LEU
Mutating residue = GLNA369 into ASN
Mutating residue = GLNA369 into PRO
Mutating residue = GLNA369 into ARG
Mutating residue = GLNA369 into SER
Mutating residue = GLNA369 into THR
Mutating residue = GLNA369 into PHE
Mutating residue = GLNA369 into MET
Mutating residue = GLNA369 into TYR
Mutating residue = GLNA369 into TRP
Mutating residue = GLYA370 into ILE
Mutating residue = GLYA370 into PHE
Mutating residue = GLYA370 into GLU
Mutating residue = GLYA370 into ASP
Mutating residue = GLYA370 into CYS
Mutating residue = GLYA370 into ALA
Mutating residue = GLYA370 into TYR
Mutating residue = GLYA370 into HIS
Mutating residue = GLYA370 into VAL
Mutating residue = GLYA370 into TRP
Mutating residue = GLYA370 into SER
Mutating residue = GLYA370 into ARG
Your file run OK
End time of FoldX: Sat May  9 16:20:44 2026
Total time spend: 213.26 seconds.
validated file "LGK_1.pdb" => successfully finished
validated file "LGK_2.pdb" => successfully finished
validated file "LGK_3.pdb" => successfully finished
validated file "LGK_4.pdb" => successfully finished
validated file "LGK_5.pdb" => successfully finished
validated file "LGK_6.pdb" => successfully finished
validated file "LGK_7.pdb" => successfully finished
validated file "LGK_8.pdb" => successfully finished
validated file "LGK_9.pdb" => successfully finished
validated file "LGK_10.pdb" => successfully finished
validated file "LGK_11.pdb" => successfully finished
validated file "LGK_12.pdb" => successfully finished
validated file "LGK_13.pdb" => successfully finished
validated file "LGK_14.pdb" => successfully finished
validated file "LGK_15.pdb" => successfully finished
validated file "LGK_16.pdb" => successfully finished
validated file "LGK_17.pdb" => successfully finished
validated file "LGK_18.pdb" => successfully finished
validated file "LGK_19.pdb" => successfully finished
validated file "LGK_20.pdb" => successfully finished
validated file "LGK_21.pdb" => successfully finished
validated file "LGK_22.pdb" => successfully finished
validated file "LGK_23.pdb" => successfully finished
validated file "LGK_24.pdb" => successfully finished
validated file "LGK_25.pdb" => successfully finished
validated file "LGK_26.pdb" => successfully finished
validated file "LGK_27.pdb" => successfully finished
validated file "LGK_28.pdb" => successfully finished
validated file "LGK_29.pdb" => successfully finished
validated file "LGK_30.pdb" => successfully finished
validated file "LGK_31.pdb" => successfully finished
validated file "LGK_32.pdb" => successfully finished
validated file "LGK_33.pdb" => successfully finished
validated file "LGK_34.pdb" => successfully finished
validated file "LGK_35.pdb" => successfully finished
validated file "LGK_36.pdb" => successfully finished
validated file "LGK_37.pdb" => successfully finished
validated file "LGK_38.pdb" => successfully finished
validated file "LGK_39.pdb" => successfully finished
validated file "LGK_40.pdb" => successfully finished
validated file "LGK_41.pdb" => successfully finished
validated file "LGK_42.pdb" => successfully finished
validated file "LGK_43.pdb" => successfully finished
validated file "LGK_44.pdb" => successfully finished
validated file "LGK_45.pdb" => successfully finished
validated file "LGK_46.pdb" => successfully finished
validated file "LGK_47.pdb" => successfully finished
validated file "LGK_48.pdb" => successfully finished
validated file "LGK_49.pdb" => successfully finished
validated file "LGK_50.pdb" => successfully finished
Cleaning BuildModel...DONE
任务 133 结果提取成功，已映射突变信息。
