   ********************************************
   ***                                      ***
   ***             FoldX 5.1 (c)            ***
   ***                                      ***
   ***     code by the FoldX Consortium     ***
   ***                                      ***
   ***     Jesper Borg, Frederic Rousseau   ***
   ***    Joost Schymkowitz, Luis Serrano   ***
   ***    Peter Vanhee, Erik Verschueren    ***
   ***     Lies Baeten, Javier Delgado      ***
   ***       and Francois Stricher          ***
   *** and any other of the 9! permutations ***
   ***   based on an original concept by    ***
   ***   Raphael Guerois and Luis Serrano   ***
   ********************************************

1 models read: LGK.pdb
1 models read: LGK.pdb

BackHbond       =               -302.35
SideHbond       =               -110.79
Energy_VdW      =               -510.89
Electro         =               -26.48
Energy_SolvP    =               715.83
Energy_SolvH    =               -665.00
Energy_vdwclash =               20.72
energy_torsion  =               6.69
backbone_vdwclash=              271.11
Entropy_sidec   =               262.00
Entropy_mainc   =               659.34
water bonds     =               0.00
helix dipole    =               -1.49
loop_entropy    =               0.00
cis_bond        =               2.25
disulfide       =               0.00
kn electrostatic=               0.00
partial covalent interactions = 0.00
Energy_Ionisation =             1.37
Entropy Complex =               0.00
-----------------------------------------------------------
Total          = 				  51.22


BackHbond       =               -302.35
SideHbond       =               -110.79
Energy_VdW      =               -510.89
Electro         =               -26.48
Energy_SolvP    =               715.83
Energy_SolvH    =               -665.00
Energy_vdwclash =               20.72
energy_torsion  =               6.69
backbone_vdwclash=              271.11
Entropy_sidec   =               262.00
Entropy_mainc   =               659.34
water bonds     =               0.00
helix dipole    =               -1.49
loop_entropy    =               0.00
cis_bond        =               2.25
disulfide       =               0.00
kn electrostatic=               0.00
partial covalent interactions = 0.00
Energy_Ionisation =             1.37
Entropy Complex =               0.00
-----------------------------------------------------------
Total          = 				  51.22

Starting BuildModel
Reading KA266M;
Reading KA266G;
Reading KA266H;
Reading KA266N;
Reading KA266V;
Reading KA266I;
Reading KA266S;
Reading KA266R;
Reading KA266A;
Reading KA266C;
Reading KA266D;
Reading KA266E;
Reading KA266Y;
Reading TA267A;
Reading TA267D;
Reading TA267F;
Reading TA267N;
Reading TA267R;
Reading TA267S;
Reading TA267Y;
Reading TA267H;
Reading TA267I;
Reading TA267L;
Reading TA267P;
Reading TA268A;
Reading TA268I;
Reading TA268C;
Reading TA268Y;
Reading TA268W;
Reading TA268V;
Reading TA268S;
Reading TA268R;
Reading TA268P;
Reading TA268N;
Reading TA268M;
Reading TA268Q;
Reading TA268K;
Reading TA268L;
Reading TA268E;
Reading TA268F;
Reading TA268G;
Reading TA268D;
Reading TA268H;
Reading GA269S;
Reading GA269D;
Reading GA269E;
Reading GA269H;
Reading GA269I;
Reading GA269K;
Reading GA269L;
Residue to Mutate LYSA266 has residue index 265
Residue to Mutate LYSA266 has residue index 265
Residue to Mutate LYSA266 has residue index 265
Residue to Mutate LYSA266 has residue index 265
Residue to Mutate LYSA266 has residue index 265
Residue to Mutate LYSA266 has residue index 265
Residue to Mutate LYSA266 has residue index 265
Residue to Mutate LYSA266 has residue index 265
Residue to Mutate LYSA266 has residue index 265
Residue to Mutate LYSA266 has residue index 265
Residue to Mutate LYSA266 has residue index 265
Residue to Mutate LYSA266 has residue index 265
Residue to Mutate LYSA266 has residue index 265
Residue to Mutate THRA267 has residue index 266
Residue to Mutate THRA267 has residue index 266
Residue to Mutate THRA267 has residue index 266
Residue to Mutate THRA267 has residue index 266
Residue to Mutate THRA267 has residue index 266
Residue to Mutate THRA267 has residue index 266
Residue to Mutate THRA267 has residue index 266
Residue to Mutate THRA267 has residue index 266
Residue to Mutate THRA267 has residue index 266
Residue to Mutate THRA267 has residue index 266
Residue to Mutate THRA267 has residue index 266
Residue to Mutate THRA268 has residue index 267
Residue to Mutate THRA268 has residue index 267
Residue to Mutate THRA268 has residue index 267
Residue to Mutate THRA268 has residue index 267
Residue to Mutate THRA268 has residue index 267
Residue to Mutate THRA268 has residue index 267
Residue to Mutate THRA268 has residue index 267
Residue to Mutate THRA268 has residue index 267
Residue to Mutate THRA268 has residue index 267
Residue to Mutate THRA268 has residue index 267
Residue to Mutate THRA268 has residue index 267
Residue to Mutate THRA268 has residue index 267
Residue to Mutate THRA268 has residue index 267
Residue to Mutate THRA268 has residue index 267
Residue to Mutate THRA268 has residue index 267
Residue to Mutate THRA268 has residue index 267
Residue to Mutate THRA268 has residue index 267
Residue to Mutate THRA268 has residue index 267
Residue to Mutate THRA268 has residue index 267
Residue to Mutate GLYA269 has residue index 268
Residue to Mutate GLYA269 has residue index 268
Residue to Mutate GLYA269 has residue index 268
Residue to Mutate GLYA269 has residue index 268
Residue to Mutate GLYA269 has residue index 268
Residue to Mutate GLYA269 has residue index 268
Residue to Mutate GLYA269 has residue index 268
Mutating residue = LYSA266 into MET
Mutating residue = LYSA266 into GLY
Mutating residue = LYSA266 into HIS
Mutating residue = LYSA266 into ASN
Mutating residue = LYSA266 into VAL
Mutating residue = LYSA266 into ILE
Mutating residue = LYSA266 into SER
Mutating residue = LYSA266 into ARG
Mutating residue = LYSA266 into ALA
Mutating residue = LYSA266 into CYS
Mutating residue = LYSA266 into ASP
Mutating residue = LYSA266 into GLU
Mutating residue = LYSA266 into TYR
Mutating residue = THRA267 into ALA
Mutating residue = THRA267 into ASP
Mutating residue = THRA267 into PHE
Mutating residue = THRA267 into ASN
Mutating residue = THRA267 into ARG
Mutating residue = THRA267 into SER
Mutating residue = THRA267 into TYR
Mutating residue = THRA267 into HIS
Mutating residue = THRA267 into ILE
Mutating residue = THRA267 into LEU
Mutating residue = THRA267 into PRO
Mutating residue = THRA268 into ALA
Mutating residue = THRA268 into ILE
Mutating residue = THRA268 into CYS
Mutating residue = THRA268 into TYR
Mutating residue = THRA268 into TRP
Mutating residue = THRA268 into VAL
Mutating residue = THRA268 into SER
Mutating residue = THRA268 into ARG
Mutating residue = THRA268 into PRO
Mutating residue = THRA268 into ASN
Mutating residue = THRA268 into MET
Mutating residue = THRA268 into GLN
Mutating residue = THRA268 into LYS
Mutating residue = THRA268 into LEU
Mutating residue = THRA268 into GLU
Mutating residue = THRA268 into PHE
Mutating residue = THRA268 into GLY
Mutating residue = THRA268 into ASP
Mutating residue = THRA268 into HIS
Mutating residue = GLYA269 into SER
Mutating residue = GLYA269 into ASP
Mutating residue = GLYA269 into GLU
Mutating residue = GLYA269 into HIS
Mutating residue = GLYA269 into ILE
Mutating residue = GLYA269 into LYS
Mutating residue = GLYA269 into LEU
Your file run OK
End time of FoldX: Sat May  9 16:27:41 2026
Total time spend: 628.48 seconds.
validated file "LGK_1.pdb" => successfully finished
validated file "LGK_2.pdb" => successfully finished
validated file "LGK_3.pdb" => successfully finished
validated file "LGK_4.pdb" => successfully finished
validated file "LGK_5.pdb" => successfully finished
validated file "LGK_6.pdb" => successfully finished
validated file "LGK_7.pdb" => successfully finished
validated file "LGK_8.pdb" => successfully finished
validated file "LGK_9.pdb" => successfully finished
validated file "LGK_10.pdb" => successfully finished
validated file "LGK_11.pdb" => successfully finished
validated file "LGK_12.pdb" => successfully finished
validated file "LGK_13.pdb" => successfully finished
validated file "LGK_14.pdb" => successfully finished
validated file "LGK_15.pdb" => successfully finished
validated file "LGK_16.pdb" => successfully finished
validated file "LGK_17.pdb" => successfully finished
validated file "LGK_18.pdb" => successfully finished
validated file "LGK_19.pdb" => successfully finished
validated file "LGK_20.pdb" => successfully finished
validated file "LGK_21.pdb" => successfully finished
validated file "LGK_22.pdb" => successfully finished
validated file "LGK_23.pdb" => successfully finished
validated file "LGK_24.pdb" => successfully finished
validated file "LGK_25.pdb" => successfully finished
validated file "LGK_26.pdb" => successfully finished
validated file "LGK_27.pdb" => successfully finished
validated file "LGK_28.pdb" => successfully finished
validated file "LGK_29.pdb" => successfully finished
validated file "LGK_30.pdb" => successfully finished
validated file "LGK_31.pdb" => successfully finished
validated file "LGK_32.pdb" => successfully finished
validated file "LGK_33.pdb" => successfully finished
validated file "LGK_34.pdb" => successfully finished
validated file "LGK_35.pdb" => successfully finished
validated file "LGK_36.pdb" => successfully finished
validated file "LGK_37.pdb" => successfully finished
validated file "LGK_38.pdb" => successfully finished
validated file "LGK_39.pdb" => successfully finished
validated file "LGK_40.pdb" => successfully finished
validated file "LGK_41.pdb" => successfully finished
validated file "LGK_42.pdb" => successfully finished
validated file "LGK_43.pdb" => successfully finished
validated file "LGK_44.pdb" => successfully finished
validated file "LGK_45.pdb" => successfully finished
validated file "LGK_46.pdb" => successfully finished
validated file "LGK_47.pdb" => successfully finished
validated file "LGK_48.pdb" => successfully finished
validated file "LGK_49.pdb" => successfully finished
validated file "LGK_50.pdb" => successfully finished
Cleaning BuildModel...DONE
任务 96 结果提取成功，已映射突变信息。
