   ********************************************
   ***                                      ***
   ***             FoldX 5.1 (c)            ***
   ***                                      ***
   ***     code by the FoldX Consortium     ***
   ***                                      ***
   ***     Jesper Borg, Frederic Rousseau   ***
   ***    Joost Schymkowitz, Luis Serrano   ***
   ***    Peter Vanhee, Erik Verschueren    ***
   ***     Lies Baeten, Javier Delgado      ***
   ***       and Francois Stricher          ***
   *** and any other of the 9! permutations ***
   ***   based on an original concept by    ***
   ***   Raphael Guerois and Luis Serrano   ***
   ********************************************

1 models read: LGK.pdb
1 models read: LGK.pdb

BackHbond       =               -302.35
SideHbond       =               -110.79
Energy_VdW      =               -510.89
Electro         =               -26.48
Energy_SolvP    =               715.83
Energy_SolvH    =               -665.00
Energy_vdwclash =               20.72
energy_torsion  =               6.69
backbone_vdwclash=              271.11
Entropy_sidec   =               262.00
Entropy_mainc   =               659.34
water bonds     =               0.00
helix dipole    =               -1.49
loop_entropy    =               0.00
cis_bond        =               2.25
disulfide       =               0.00
kn electrostatic=               0.00
partial covalent interactions = 0.00
Energy_Ionisation =             1.37
Entropy Complex =               0.00
-----------------------------------------------------------
Total          = 				  51.22


BackHbond       =               -302.35
SideHbond       =               -110.79
Energy_VdW      =               -510.89
Electro         =               -26.48
Energy_SolvP    =               715.83
Energy_SolvH    =               -665.00
Energy_vdwclash =               20.72
energy_torsion  =               6.69
backbone_vdwclash=              271.11
Entropy_sidec   =               262.00
Entropy_mainc   =               659.34
water bonds     =               0.00
helix dipole    =               -1.49
loop_entropy    =               0.00
cis_bond        =               2.25
disulfide       =               0.00
kn electrostatic=               0.00
partial covalent interactions = 0.00
Energy_Ionisation =             1.37
Entropy Complex =               0.00
-----------------------------------------------------------
Total          = 				  51.22

Starting BuildModel
Reading DA247A;
Reading DA247W;
Reading DA247E;
Reading DA247F;
Reading DA247G;
Reading DA247C;
Reading DA247I;
Reading DA247K;
Reading DA247H;
Reading DA247L;
Reading QA248A;
Reading QA248K;
Reading QA248C;
Reading QA248D;
Reading QA248E;
Reading QA248F;
Reading QA248G;
Reading QA248H;
Reading QA248I;
Reading QA248Y;
Reading QA248N;
Reading QA248P;
Reading QA248R;
Reading QA248S;
Reading QA248T;
Reading QA248V;
Reading QA248W;
Reading QA248M;
Reading QA248L;
Reading EA249V;
Reading EA249H;
Reading EA249G;
Reading EA249F;
Reading EA249D;
Reading EA249C;
Reading EA249A;
Reading EA249K;
Reading EA249R;
Reading EA249Y;
Reading EA249P;
Reading EA249N;
Reading EA249M;
Reading EA249L;
Reading EA249S;
Reading EA249I;
Reading EA249Q;
Reading EA249T;
Reading LA250Q;
Reading LA250M;
Reading LA250N;
Residue to Mutate ASPA247 has residue index 246
Residue to Mutate ASPA247 has residue index 246
Residue to Mutate ASPA247 has residue index 246
Residue to Mutate ASPA247 has residue index 246
Residue to Mutate ASPA247 has residue index 246
Residue to Mutate ASPA247 has residue index 246
Residue to Mutate ASPA247 has residue index 246
Residue to Mutate ASPA247 has residue index 246
Residue to Mutate ASPA247 has residue index 246
Residue to Mutate ASPA247 has residue index 246
Residue to Mutate GLNA248 has residue index 247
Residue to Mutate GLNA248 has residue index 247
Residue to Mutate GLNA248 has residue index 247
Residue to Mutate GLNA248 has residue index 247
Residue to Mutate GLNA248 has residue index 247
Residue to Mutate GLNA248 has residue index 247
Residue to Mutate GLNA248 has residue index 247
Residue to Mutate GLNA248 has residue index 247
Residue to Mutate GLNA248 has residue index 247
Residue to Mutate GLNA248 has residue index 247
Residue to Mutate GLNA248 has residue index 247
Residue to Mutate GLNA248 has residue index 247
Residue to Mutate GLNA248 has residue index 247
Residue to Mutate GLNA248 has residue index 247
Residue to Mutate GLNA248 has residue index 247
Residue to Mutate GLNA248 has residue index 247
Residue to Mutate GLNA248 has residue index 247
Residue to Mutate GLNA248 has residue index 247
Residue to Mutate GLNA248 has residue index 247
Residue to Mutate GLUA249 has residue index 248
Residue to Mutate GLUA249 has residue index 248
Residue to Mutate GLUA249 has residue index 248
Residue to Mutate GLUA249 has residue index 248
Residue to Mutate GLUA249 has residue index 248
Residue to Mutate GLUA249 has residue index 248
Residue to Mutate GLUA249 has residue index 248
Residue to Mutate GLUA249 has residue index 248
Residue to Mutate GLUA249 has residue index 248
Residue to Mutate GLUA249 has residue index 248
Residue to Mutate GLUA249 has residue index 248
Residue to Mutate GLUA249 has residue index 248
Residue to Mutate GLUA249 has residue index 248
Residue to Mutate GLUA249 has residue index 248
Residue to Mutate GLUA249 has residue index 248
Residue to Mutate GLUA249 has residue index 248
Residue to Mutate GLUA249 has residue index 248
Residue to Mutate GLUA249 has residue index 248
Residue to Mutate LEUA250 has residue index 249
Residue to Mutate LEUA250 has residue index 249
Residue to Mutate LEUA250 has residue index 249
Mutating residue = ASPA247 into ALA
Mutating residue = ASPA247 into TRP
Mutating residue = ASPA247 into GLU
Mutating residue = ASPA247 into PHE
Mutating residue = ASPA247 into GLY
Mutating residue = ASPA247 into CYS
Mutating residue = ASPA247 into ILE
Mutating residue = ASPA247 into LYS
Mutating residue = ASPA247 into HIS
Mutating residue = ASPA247 into LEU
Mutating residue = GLNA248 into ALA
Mutating residue = GLNA248 into LYS
Mutating residue = GLNA248 into CYS
Mutating residue = GLNA248 into ASP
Mutating residue = GLNA248 into GLU
Mutating residue = GLNA248 into PHE
Mutating residue = GLNA248 into GLY
Mutating residue = GLNA248 into HIS
Mutating residue = GLNA248 into ILE
Mutating residue = GLNA248 into TYR
Mutating residue = GLNA248 into ASN
Mutating residue = GLNA248 into PRO
Mutating residue = GLNA248 into ARG
Mutating residue = GLNA248 into SER
Mutating residue = GLNA248 into THR
Mutating residue = GLNA248 into VAL
Mutating residue = GLNA248 into TRP
Mutating residue = GLNA248 into MET
Mutating residue = GLNA248 into LEU
Mutating residue = GLUA249 into VAL
Mutating residue = GLUA249 into HIS
Mutating residue = GLUA249 into GLY
Mutating residue = GLUA249 into PHE
Mutating residue = GLUA249 into ASP
Mutating residue = GLUA249 into CYS
Mutating residue = GLUA249 into ALA
Mutating residue = GLUA249 into LYS
Mutating residue = GLUA249 into ARG
Mutating residue = GLUA249 into TYR
Mutating residue = GLUA249 into PRO
Mutating residue = GLUA249 into ASN
Mutating residue = GLUA249 into MET
Mutating residue = GLUA249 into LEU
Mutating residue = GLUA249 into SER
Mutating residue = GLUA249 into ILE
Mutating residue = GLUA249 into GLN
Mutating residue = GLUA249 into THR
Mutating residue = LEUA250 into GLN
Mutating residue = LEUA250 into MET
Mutating residue = LEUA250 into ASN
Your file run OK
End time of FoldX: Sat May  9 16:29:29 2026
Total time spend: 736.54 seconds.
validated file "LGK_1.pdb" => successfully finished
validated file "LGK_2.pdb" => successfully finished
validated file "LGK_3.pdb" => successfully finished
validated file "LGK_4.pdb" => successfully finished
validated file "LGK_5.pdb" => successfully finished
validated file "LGK_6.pdb" => successfully finished
validated file "LGK_7.pdb" => successfully finished
validated file "LGK_8.pdb" => successfully finished
validated file "LGK_9.pdb" => successfully finished
validated file "LGK_10.pdb" => successfully finished
validated file "LGK_11.pdb" => successfully finished
validated file "LGK_12.pdb" => successfully finished
validated file "LGK_13.pdb" => successfully finished
validated file "LGK_14.pdb" => successfully finished
validated file "LGK_15.pdb" => successfully finished
validated file "LGK_16.pdb" => successfully finished
validated file "LGK_17.pdb" => successfully finished
validated file "LGK_18.pdb" => successfully finished
validated file "LGK_19.pdb" => successfully finished
validated file "LGK_20.pdb" => successfully finished
validated file "LGK_21.pdb" => successfully finished
validated file "LGK_22.pdb" => successfully finished
validated file "LGK_23.pdb" => successfully finished
validated file "LGK_24.pdb" => successfully finished
validated file "LGK_25.pdb" => successfully finished
validated file "LGK_26.pdb" => successfully finished
validated file "LGK_27.pdb" => successfully finished
validated file "LGK_28.pdb" => successfully finished
validated file "LGK_29.pdb" => successfully finished
validated file "LGK_30.pdb" => successfully finished
validated file "LGK_31.pdb" => successfully finished
validated file "LGK_32.pdb" => successfully finished
validated file "LGK_33.pdb" => successfully finished
validated file "LGK_34.pdb" => successfully finished
validated file "LGK_35.pdb" => successfully finished
validated file "LGK_36.pdb" => successfully finished
validated file "LGK_37.pdb" => successfully finished
validated file "LGK_38.pdb" => successfully finished
validated file "LGK_39.pdb" => successfully finished
validated file "LGK_40.pdb" => successfully finished
validated file "LGK_41.pdb" => successfully finished
validated file "LGK_42.pdb" => successfully finished
validated file "LGK_43.pdb" => successfully finished
validated file "LGK_44.pdb" => successfully finished
validated file "LGK_45.pdb" => successfully finished
validated file "LGK_46.pdb" => successfully finished
validated file "LGK_47.pdb" => successfully finished
validated file "LGK_48.pdb" => successfully finished
validated file "LGK_49.pdb" => successfully finished
validated file "LGK_50.pdb" => successfully finished
Cleaning BuildModel...DONE
任务 89 结果提取成功，已映射突变信息。
