   ********************************************
   ***                                      ***
   ***             FoldX 5.1 (c)            ***
   ***                                      ***
   ***     code by the FoldX Consortium     ***
   ***                                      ***
   ***     Jesper Borg, Frederic Rousseau   ***
   ***    Joost Schymkowitz, Luis Serrano   ***
   ***    Peter Vanhee, Erik Verschueren    ***
   ***     Lies Baeten, Javier Delgado      ***
   ***       and Francois Stricher          ***
   *** and any other of the 9! permutations ***
   ***   based on an original concept by    ***
   ***   Raphael Guerois and Luis Serrano   ***
   ********************************************

1 models read: LGK.pdb
1 models read: LGK.pdb

BackHbond       =               -302.35
SideHbond       =               -110.79
Energy_VdW      =               -510.89
Electro         =               -26.48
Energy_SolvP    =               715.83
Energy_SolvH    =               -665.00
Energy_vdwclash =               20.72
energy_torsion  =               6.69
backbone_vdwclash=              271.11
Entropy_sidec   =               262.00
Entropy_mainc   =               659.34
water bonds     =               0.00
helix dipole    =               -1.49
loop_entropy    =               0.00
cis_bond        =               2.25
disulfide       =               0.00
kn electrostatic=               0.00
partial covalent interactions = 0.00
Energy_Ionisation =             1.37
Entropy Complex =               0.00
-----------------------------------------------------------
Total          = 				  51.22


BackHbond       =               -302.35
SideHbond       =               -110.79
Energy_VdW      =               -510.89
Electro         =               -26.48
Energy_SolvP    =               715.83
Energy_SolvH    =               -665.00
Energy_vdwclash =               20.72
energy_torsion  =               6.69
backbone_vdwclash=              271.11
Entropy_sidec   =               262.00
Entropy_mainc   =               659.34
water bonds     =               0.00
helix dipole    =               -1.49
loop_entropy    =               0.00
cis_bond        =               2.25
disulfide       =               0.00
kn electrostatic=               0.00
partial covalent interactions = 0.00
Energy_Ionisation =             1.37
Entropy Complex =               0.00
-----------------------------------------------------------
Total          = 				  51.22

Starting BuildModel
Reading GA413P;
Reading GA413Y;
Reading GA413Q;
Reading GA413R;
Reading GA413S;
Reading GA413L;
Reading GA413T;
Reading GA413H;
Reading GA413F;
Reading GA413E;
Reading GA413D;
Reading GA413C;
Reading GA413A;
Reading GA413W;
Reading GA413I;
Reading GA413M;
Reading GA414C;
Reading GA414K;
Reading GA414H;
Reading GA414F;
Reading GA414E;
Reading GA414D;
Reading GA414L;
Reading GA414I;
Reading GA414V;
Reading GA414N;
Reading GA414P;
Reading GA414Q;
Reading GA414R;
Reading GA414S;
Reading GA414T;
Reading GA414Y;
Reading GA414W;
Reading GA414M;
Reading GA414A;
Reading DA415N;
Reading DA415K;
Reading DA415I;
Reading DA415H;
Reading DA415G;
Reading DA415F;
Reading DA415E;
Reading DA415C;
Reading DA415Y;
Reading DA415W;
Reading DA415A;
Reading DA415T;
Reading DA415S;
Reading DA415R;
Reading DA415Q;
Residue to Mutate GLYA413 has residue index 412
Residue to Mutate GLYA413 has residue index 412
Residue to Mutate GLYA413 has residue index 412
Residue to Mutate GLYA413 has residue index 412
Residue to Mutate GLYA413 has residue index 412
Residue to Mutate GLYA413 has residue index 412
Residue to Mutate GLYA413 has residue index 412
Residue to Mutate GLYA413 has residue index 412
Residue to Mutate GLYA413 has residue index 412
Residue to Mutate GLYA413 has residue index 412
Residue to Mutate GLYA413 has residue index 412
Residue to Mutate GLYA413 has residue index 412
Residue to Mutate GLYA413 has residue index 412
Residue to Mutate GLYA413 has residue index 412
Residue to Mutate GLYA413 has residue index 412
Residue to Mutate GLYA413 has residue index 412
Residue to Mutate GLYA414 has residue index 413
Residue to Mutate GLYA414 has residue index 413
Residue to Mutate GLYA414 has residue index 413
Residue to Mutate GLYA414 has residue index 413
Residue to Mutate GLYA414 has residue index 413
Residue to Mutate GLYA414 has residue index 413
Residue to Mutate GLYA414 has residue index 413
Residue to Mutate GLYA414 has residue index 413
Residue to Mutate GLYA414 has residue index 413
Residue to Mutate GLYA414 has residue index 413
Residue to Mutate GLYA414 has residue index 413
Residue to Mutate GLYA414 has residue index 413
Residue to Mutate GLYA414 has residue index 413
Residue to Mutate GLYA414 has residue index 413
Residue to Mutate GLYA414 has residue index 413
Residue to Mutate GLYA414 has residue index 413
Residue to Mutate GLYA414 has residue index 413
Residue to Mutate GLYA414 has residue index 413
Residue to Mutate GLYA414 has residue index 413
Residue to Mutate ASPA415 has residue index 414
Residue to Mutate ASPA415 has residue index 414
Residue to Mutate ASPA415 has residue index 414
Residue to Mutate ASPA415 has residue index 414
Residue to Mutate ASPA415 has residue index 414
Residue to Mutate ASPA415 has residue index 414
Residue to Mutate ASPA415 has residue index 414
Residue to Mutate ASPA415 has residue index 414
Residue to Mutate ASPA415 has residue index 414
Residue to Mutate ASPA415 has residue index 414
Residue to Mutate ASPA415 has residue index 414
Residue to Mutate ASPA415 has residue index 414
Residue to Mutate ASPA415 has residue index 414
Residue to Mutate ASPA415 has residue index 414
Residue to Mutate ASPA415 has residue index 414
Mutating residue = GLYA413 into PRO
Mutating residue = GLYA413 into TYR
Mutating residue = GLYA413 into GLN
Mutating residue = GLYA413 into ARG
Mutating residue = GLYA413 into SER
Mutating residue = GLYA413 into LEU
Mutating residue = GLYA413 into THR
Mutating residue = GLYA413 into HIS
Mutating residue = GLYA413 into PHE
Mutating residue = GLYA413 into GLU
Mutating residue = GLYA413 into ASP
Mutating residue = GLYA413 into CYS
Mutating residue = GLYA413 into ALA
Mutating residue = GLYA413 into TRP
Mutating residue = GLYA413 into ILE
Mutating residue = GLYA413 into MET
Mutating residue = GLYA414 into CYS
Mutating residue = GLYA414 into LYS
Mutating residue = GLYA414 into HIS
Mutating residue = GLYA414 into PHE
Mutating residue = GLYA414 into GLU
Mutating residue = GLYA414 into ASP
Mutating residue = GLYA414 into LEU
Mutating residue = GLYA414 into ILE
Mutating residue = GLYA414 into VAL
Mutating residue = GLYA414 into ASN
Mutating residue = GLYA414 into PRO
Mutating residue = GLYA414 into GLN
Mutating residue = GLYA414 into ARG
Mutating residue = GLYA414 into SER
Mutating residue = GLYA414 into THR
Mutating residue = GLYA414 into TYR
Mutating residue = GLYA414 into TRP
Mutating residue = GLYA414 into MET
Mutating residue = GLYA414 into ALA
Mutating residue = ASPA415 into ASN
Mutating residue = ASPA415 into LYS
Mutating residue = ASPA415 into ILE
Mutating residue = ASPA415 into HIS
Mutating residue = ASPA415 into GLY
Mutating residue = ASPA415 into PHE
Mutating residue = ASPA415 into GLU
Mutating residue = ASPA415 into CYS
Mutating residue = ASPA415 into TYR
Mutating residue = ASPA415 into TRP
Mutating residue = ASPA415 into ALA
Mutating residue = ASPA415 into THR
Mutating residue = ASPA415 into SER
Mutating residue = ASPA415 into ARG
Mutating residue = ASPA415 into GLN
Your file run OK
End time of FoldX: Sat May  9 16:18:29 2026
Total time spend: 78.01 seconds.
validated file "LGK_1.pdb" => successfully finished
validated file "LGK_2.pdb" => successfully finished
validated file "LGK_3.pdb" => successfully finished
validated file "LGK_4.pdb" => successfully finished
validated file "LGK_5.pdb" => successfully finished
validated file "LGK_6.pdb" => successfully finished
validated file "LGK_7.pdb" => successfully finished
validated file "LGK_8.pdb" => successfully finished
validated file "LGK_9.pdb" => successfully finished
validated file "LGK_10.pdb" => successfully finished
validated file "LGK_11.pdb" => successfully finished
validated file "LGK_12.pdb" => successfully finished
validated file "LGK_13.pdb" => successfully finished
validated file "LGK_14.pdb" => successfully finished
validated file "LGK_15.pdb" => successfully finished
validated file "LGK_16.pdb" => successfully finished
validated file "LGK_17.pdb" => successfully finished
validated file "LGK_18.pdb" => successfully finished
validated file "LGK_19.pdb" => successfully finished
validated file "LGK_20.pdb" => successfully finished
validated file "LGK_21.pdb" => successfully finished
validated file "LGK_22.pdb" => successfully finished
validated file "LGK_23.pdb" => successfully finished
validated file "LGK_24.pdb" => successfully finished
validated file "LGK_25.pdb" => successfully finished
validated file "LGK_26.pdb" => successfully finished
validated file "LGK_27.pdb" => successfully finished
validated file "LGK_28.pdb" => successfully finished
validated file "LGK_29.pdb" => successfully finished
validated file "LGK_30.pdb" => successfully finished
validated file "LGK_31.pdb" => successfully finished
validated file "LGK_32.pdb" => successfully finished
validated file "LGK_33.pdb" => successfully finished
validated file "LGK_34.pdb" => successfully finished
validated file "LGK_35.pdb" => successfully finished
validated file "LGK_36.pdb" => successfully finished
validated file "LGK_37.pdb" => successfully finished
validated file "LGK_38.pdb" => successfully finished
validated file "LGK_39.pdb" => successfully finished
validated file "LGK_40.pdb" => successfully finished
validated file "LGK_41.pdb" => successfully finished
validated file "LGK_42.pdb" => successfully finished
validated file "LGK_43.pdb" => successfully finished
validated file "LGK_44.pdb" => successfully finished
validated file "LGK_45.pdb" => successfully finished
validated file "LGK_46.pdb" => successfully finished
validated file "LGK_47.pdb" => successfully finished
validated file "LGK_48.pdb" => successfully finished
validated file "LGK_49.pdb" => successfully finished
validated file "LGK_50.pdb" => successfully finished
Cleaning BuildModel...DONE
任务 149 结果提取成功，已映射突变信息。
