   ********************************************
   ***                                      ***
   ***             FoldX 5.1 (c)            ***
   ***                                      ***
   ***     code by the FoldX Consortium     ***
   ***                                      ***
   ***     Jesper Borg, Frederic Rousseau   ***
   ***    Joost Schymkowitz, Luis Serrano   ***
   ***    Peter Vanhee, Erik Verschueren    ***
   ***     Lies Baeten, Javier Delgado      ***
   ***       and Francois Stricher          ***
   *** and any other of the 9! permutations ***
   ***   based on an original concept by    ***
   ***   Raphael Guerois and Luis Serrano   ***
   ********************************************

1 models read: LGK.pdb
1 models read: LGK.pdb

BackHbond       =               -302.35
SideHbond       =               -110.79
Energy_VdW      =               -510.89
Electro         =               -26.48
Energy_SolvP    =               715.83
Energy_SolvH    =               -665.00
Energy_vdwclash =               20.72
energy_torsion  =               6.69
backbone_vdwclash=              271.11
Entropy_sidec   =               262.00
Entropy_mainc   =               659.34
water bonds     =               0.00
helix dipole    =               -1.49
loop_entropy    =               0.00
cis_bond        =               2.25
disulfide       =               0.00
kn electrostatic=               0.00
partial covalent interactions = 0.00
Energy_Ionisation =             1.37
Entropy Complex =               0.00
-----------------------------------------------------------
Total          = 				  51.22


BackHbond       =               -302.35
SideHbond       =               -110.79
Energy_VdW      =               -510.89
Electro         =               -26.48
Energy_SolvP    =               715.83
Energy_SolvH    =               -665.00
Energy_vdwclash =               20.72
energy_torsion  =               6.69
backbone_vdwclash=              271.11
Entropy_sidec   =               262.00
Entropy_mainc   =               659.34
water bonds     =               0.00
helix dipole    =               -1.49
loop_entropy    =               0.00
cis_bond        =               2.25
disulfide       =               0.00
kn electrostatic=               0.00
partial covalent interactions = 0.00
Energy_Ionisation =             1.37
Entropy Complex =               0.00
-----------------------------------------------------------
Total          = 				  51.22

Starting BuildModel
Reading KA429P;
Reading KA429C;
Reading KA429F;
Reading KA430S;
Reading KA430E;
Reading KA430F;
Reading KA430G;
Reading KA430H;
Reading KA430I;
Reading KA430L;
Reading KA430D;
Reading KA430M;
Reading KA430P;
Reading KA430Q;
Reading KA430T;
Reading KA430V;
Reading KA430W;
Reading KA430Y;
Reading KA430N;
Reading KA430C;
Reading KA430R;
Reading KA430A;
Reading GA431I;
Reading GA431E;
Reading GA431D;
Reading GA431C;
Reading GA431A;
Reading GA431Y;
Reading GA431W;
Reading GA431F;
Reading GA431V;
Reading GA431H;
Reading GA431S;
Reading GA431R;
Reading GA431Q;
Reading GA431P;
Reading GA431N;
Reading GA431M;
Reading GA431L;
Reading GA431K;
Reading GA431T;
Reading KA432L;
Reading KA432I;
Reading KA432M;
Reading KA432F;
Reading KA432G;
Reading KA432N;
Reading KA432E;
Reading KA432H;
Reading KA432P;
Residue to Mutate LYSA429 has residue index 428
Residue to Mutate LYSA429 has residue index 428
Residue to Mutate LYSA429 has residue index 428
Residue to Mutate LYSA430 has residue index 429
Residue to Mutate LYSA430 has residue index 429
Residue to Mutate LYSA430 has residue index 429
Residue to Mutate LYSA430 has residue index 429
Residue to Mutate LYSA430 has residue index 429
Residue to Mutate LYSA430 has residue index 429
Residue to Mutate LYSA430 has residue index 429
Residue to Mutate LYSA430 has residue index 429
Residue to Mutate LYSA430 has residue index 429
Residue to Mutate LYSA430 has residue index 429
Residue to Mutate LYSA430 has residue index 429
Residue to Mutate LYSA430 has residue index 429
Residue to Mutate LYSA430 has residue index 429
Residue to Mutate LYSA430 has residue index 429
Residue to Mutate LYSA430 has residue index 429
Residue to Mutate LYSA430 has residue index 429
Residue to Mutate LYSA430 has residue index 429
Residue to Mutate LYSA430 has residue index 429
Residue to Mutate LYSA430 has residue index 429
Residue to Mutate GLYA431 has residue index 430
Residue to Mutate GLYA431 has residue index 430
Residue to Mutate GLYA431 has residue index 430
Residue to Mutate GLYA431 has residue index 430
Residue to Mutate GLYA431 has residue index 430
Residue to Mutate GLYA431 has residue index 430
Residue to Mutate GLYA431 has residue index 430
Residue to Mutate GLYA431 has residue index 430
Residue to Mutate GLYA431 has residue index 430
Residue to Mutate GLYA431 has residue index 430
Residue to Mutate GLYA431 has residue index 430
Residue to Mutate GLYA431 has residue index 430
Residue to Mutate GLYA431 has residue index 430
Residue to Mutate GLYA431 has residue index 430
Residue to Mutate GLYA431 has residue index 430
Residue to Mutate GLYA431 has residue index 430
Residue to Mutate GLYA431 has residue index 430
Residue to Mutate GLYA431 has residue index 430
Residue to Mutate GLYA431 has residue index 430
Residue to Mutate LYSA432 has residue index 431
Residue to Mutate LYSA432 has residue index 431
Residue to Mutate LYSA432 has residue index 431
Residue to Mutate LYSA432 has residue index 431
Residue to Mutate LYSA432 has residue index 431
Residue to Mutate LYSA432 has residue index 431
Residue to Mutate LYSA432 has residue index 431
Residue to Mutate LYSA432 has residue index 431
Residue to Mutate LYSA432 has residue index 431
Mutating residue = LYSA429 into PRO
Mutating residue = LYSA429 into CYS
Mutating residue = LYSA429 into PHE
Mutating residue = LYSA430 into SER
Mutating residue = LYSA430 into GLU
Mutating residue = LYSA430 into PHE
Mutating residue = LYSA430 into GLY
Mutating residue = LYSA430 into HIS
Mutating residue = LYSA430 into ILE
Mutating residue = LYSA430 into LEU
Mutating residue = LYSA430 into ASP
Mutating residue = LYSA430 into MET
Mutating residue = LYSA430 into PRO
Mutating residue = LYSA430 into GLN
Mutating residue = LYSA430 into THR
Mutating residue = LYSA430 into VAL
Mutating residue = LYSA430 into TRP
Mutating residue = LYSA430 into TYR
Mutating residue = LYSA430 into ASN
Mutating residue = LYSA430 into CYS
Mutating residue = LYSA430 into ARG
Mutating residue = LYSA430 into ALA
Mutating residue = GLYA431 into ILE
Mutating residue = GLYA431 into GLU
Mutating residue = GLYA431 into ASP
Mutating residue = GLYA431 into CYS
Mutating residue = GLYA431 into ALA
Mutating residue = GLYA431 into TYR
Mutating residue = GLYA431 into TRP
Mutating residue = GLYA431 into PHE
Mutating residue = GLYA431 into VAL
Mutating residue = GLYA431 into HIS
Mutating residue = GLYA431 into SER
Mutating residue = GLYA431 into ARG
Mutating residue = GLYA431 into GLN
Mutating residue = GLYA431 into PRO
Mutating residue = GLYA431 into ASN
Mutating residue = GLYA431 into MET
Mutating residue = GLYA431 into LEU
Mutating residue = GLYA431 into LYS
Mutating residue = GLYA431 into THR
Mutating residue = LYSA432 into LEU
Mutating residue = LYSA432 into ILE
Mutating residue = LYSA432 into MET
Mutating residue = LYSA432 into PHE
Mutating residue = LYSA432 into GLY
Mutating residue = LYSA432 into ASN
Mutating residue = LYSA432 into GLU
Mutating residue = LYSA432 into HIS
Mutating residue = LYSA432 into PRO
Your file run OK
End time of FoldX: Sat May  9 16:28:24 2026
Total time spend: 671.34 seconds.
validated file "LGK_1.pdb" => successfully finished
validated file "LGK_2.pdb" => successfully finished
validated file "LGK_3.pdb" => successfully finished
validated file "LGK_4.pdb" => successfully finished
validated file "LGK_5.pdb" => successfully finished
validated file "LGK_6.pdb" => successfully finished
validated file "LGK_7.pdb" => successfully finished
validated file "LGK_8.pdb" => successfully finished
validated file "LGK_9.pdb" => successfully finished
validated file "LGK_10.pdb" => successfully finished
validated file "LGK_11.pdb" => successfully finished
validated file "LGK_12.pdb" => successfully finished
validated file "LGK_13.pdb" => successfully finished
validated file "LGK_14.pdb" => successfully finished
validated file "LGK_15.pdb" => successfully finished
validated file "LGK_16.pdb" => successfully finished
validated file "LGK_17.pdb" => successfully finished
validated file "LGK_18.pdb" => successfully finished
validated file "LGK_19.pdb" => successfully finished
validated file "LGK_20.pdb" => successfully finished
validated file "LGK_21.pdb" => successfully finished
validated file "LGK_22.pdb" => successfully finished
validated file "LGK_23.pdb" => successfully finished
validated file "LGK_24.pdb" => successfully finished
validated file "LGK_25.pdb" => successfully finished
validated file "LGK_26.pdb" => successfully finished
validated file "LGK_27.pdb" => successfully finished
validated file "LGK_28.pdb" => successfully finished
validated file "LGK_29.pdb" => successfully finished
validated file "LGK_30.pdb" => successfully finished
validated file "LGK_31.pdb" => successfully finished
validated file "LGK_32.pdb" => successfully finished
validated file "LGK_33.pdb" => successfully finished
validated file "LGK_34.pdb" => successfully finished
validated file "LGK_35.pdb" => successfully finished
validated file "LGK_36.pdb" => successfully finished
validated file "LGK_37.pdb" => successfully finished
validated file "LGK_38.pdb" => successfully finished
validated file "LGK_39.pdb" => successfully finished
validated file "LGK_40.pdb" => successfully finished
validated file "LGK_41.pdb" => successfully finished
validated file "LGK_42.pdb" => successfully finished
validated file "LGK_43.pdb" => successfully finished
validated file "LGK_44.pdb" => successfully finished
validated file "LGK_45.pdb" => successfully finished
validated file "LGK_46.pdb" => successfully finished
validated file "LGK_47.pdb" => successfully finished
validated file "LGK_48.pdb" => successfully finished
validated file "LGK_49.pdb" => successfully finished
validated file "LGK_50.pdb" => successfully finished
Cleaning BuildModel...DONE
任务 155 结果提取成功，已映射突变信息。
