   ********************************************
   ***                                      ***
   ***             FoldX 5.1 (c)            ***
   ***                                      ***
   ***     code by the FoldX Consortium     ***
   ***                                      ***
   ***     Jesper Borg, Frederic Rousseau   ***
   ***    Joost Schymkowitz, Luis Serrano   ***
   ***    Peter Vanhee, Erik Verschueren    ***
   ***     Lies Baeten, Javier Delgado      ***
   ***       and Francois Stricher          ***
   *** and any other of the 9! permutations ***
   ***   based on an original concept by    ***
   ***   Raphael Guerois and Luis Serrano   ***
   ********************************************

1 models read: LGK.pdb
1 models read: LGK.pdb

BackHbond       =               -302.35
SideHbond       =               -110.79
Energy_VdW      =               -510.89
Electro         =               -26.48
Energy_SolvP    =               715.83
Energy_SolvH    =               -665.00
Energy_vdwclash =               20.72
energy_torsion  =               6.69
backbone_vdwclash=              271.11
Entropy_sidec   =               262.00
Entropy_mainc   =               659.34
water bonds     =               0.00
helix dipole    =               -1.49
loop_entropy    =               0.00
cis_bond        =               2.25
disulfide       =               0.00
kn electrostatic=               0.00
partial covalent interactions = 0.00
Energy_Ionisation =             1.37
Entropy Complex =               0.00
-----------------------------------------------------------
Total          = 				  51.22


BackHbond       =               -302.35
SideHbond       =               -110.79
Energy_VdW      =               -510.89
Electro         =               -26.48
Energy_SolvP    =               715.83
Energy_SolvH    =               -665.00
Energy_vdwclash =               20.72
energy_torsion  =               6.69
backbone_vdwclash=              271.11
Entropy_sidec   =               262.00
Entropy_mainc   =               659.34
water bonds     =               0.00
helix dipole    =               -1.49
loop_entropy    =               0.00
cis_bond        =               2.25
disulfide       =               0.00
kn electrostatic=               0.00
partial covalent interactions = 0.00
Energy_Ionisation =             1.37
Entropy Complex =               0.00
-----------------------------------------------------------
Total          = 				  51.22

Starting BuildModel
Reading DA252E;
Reading DA252C;
Reading DA253H;
Reading DA253L;
Reading DA253G;
Reading DA253F;
Reading DA253N;
Reading DA253K;
Reading DA253I;
Reading DA253E;
Reading DA253A;
Reading DA253Q;
Reading DA253R;
Reading DA253S;
Reading DA253T;
Reading DA253V;
Reading DA253Y;
Reading DA253P;
Reading DA253C;
Reading FA254H;
Reading FA254G;
Reading FA254E;
Reading FA254C;
Reading FA254D;
Reading FA254A;
Reading FA254I;
Reading FA254S;
Reading FA254W;
Reading FA254T;
Reading FA254R;
Reading FA254Q;
Reading FA254Y;
Reading FA254N;
Reading FA254M;
Reading FA254L;
Reading FA254K;
Reading FA254P;
Reading FA254V;
Reading LA255E;
Reading LA255D;
Reading LA255C;
Reading LA255A;
Reading LA255N;
Reading LA255P;
Reading LA255F;
Reading LA255M;
Reading LA255Q;
Reading LA255G;
Reading LA255R;
Reading LA255K;
Residue to Mutate ASPA252 has residue index 251
Residue to Mutate ASPA252 has residue index 251
Residue to Mutate ASPA253 has residue index 252
Residue to Mutate ASPA253 has residue index 252
Residue to Mutate ASPA253 has residue index 252
Residue to Mutate ASPA253 has residue index 252
Residue to Mutate ASPA253 has residue index 252
Residue to Mutate ASPA253 has residue index 252
Residue to Mutate ASPA253 has residue index 252
Residue to Mutate ASPA253 has residue index 252
Residue to Mutate ASPA253 has residue index 252
Residue to Mutate ASPA253 has residue index 252
Residue to Mutate ASPA253 has residue index 252
Residue to Mutate ASPA253 has residue index 252
Residue to Mutate ASPA253 has residue index 252
Residue to Mutate ASPA253 has residue index 252
Residue to Mutate ASPA253 has residue index 252
Residue to Mutate ASPA253 has residue index 252
Residue to Mutate ASPA253 has residue index 252
Residue to Mutate PHEA254 has residue index 253
Residue to Mutate PHEA254 has residue index 253
Residue to Mutate PHEA254 has residue index 253
Residue to Mutate PHEA254 has residue index 253
Residue to Mutate PHEA254 has residue index 253
Residue to Mutate PHEA254 has residue index 253
Residue to Mutate PHEA254 has residue index 253
Residue to Mutate PHEA254 has residue index 253
Residue to Mutate PHEA254 has residue index 253
Residue to Mutate PHEA254 has residue index 253
Residue to Mutate PHEA254 has residue index 253
Residue to Mutate PHEA254 has residue index 253
Residue to Mutate PHEA254 has residue index 253
Residue to Mutate PHEA254 has residue index 253
Residue to Mutate PHEA254 has residue index 253
Residue to Mutate PHEA254 has residue index 253
Residue to Mutate PHEA254 has residue index 253
Residue to Mutate PHEA254 has residue index 253
Residue to Mutate PHEA254 has residue index 253
Residue to Mutate LEUA255 has residue index 254
Residue to Mutate LEUA255 has residue index 254
Residue to Mutate LEUA255 has residue index 254
Residue to Mutate LEUA255 has residue index 254
Residue to Mutate LEUA255 has residue index 254
Residue to Mutate LEUA255 has residue index 254
Residue to Mutate LEUA255 has residue index 254
Residue to Mutate LEUA255 has residue index 254
Residue to Mutate LEUA255 has residue index 254
Residue to Mutate LEUA255 has residue index 254
Residue to Mutate LEUA255 has residue index 254
Residue to Mutate LEUA255 has residue index 254
Mutating residue = ASPA252 into GLU
Mutating residue = ASPA252 into CYS
Mutating residue = ASPA253 into HIS
Mutating residue = ASPA253 into LEU
Mutating residue = ASPA253 into GLY
Mutating residue = ASPA253 into PHE
Mutating residue = ASPA253 into ASN
Mutating residue = ASPA253 into LYS
Mutating residue = ASPA253 into ILE
Mutating residue = ASPA253 into GLU
Mutating residue = ASPA253 into ALA
Mutating residue = ASPA253 into GLN
Mutating residue = ASPA253 into ARG
Mutating residue = ASPA253 into SER
Mutating residue = ASPA253 into THR
Mutating residue = ASPA253 into VAL
Mutating residue = ASPA253 into TYR
Mutating residue = ASPA253 into PRO
Mutating residue = ASPA253 into CYS
Mutating residue = PHEA254 into HIS
Mutating residue = PHEA254 into GLY
Mutating residue = PHEA254 into GLU
Mutating residue = PHEA254 into CYS
Mutating residue = PHEA254 into ASP
Mutating residue = PHEA254 into ALA
Mutating residue = PHEA254 into ILE
Mutating residue = PHEA254 into SER
Mutating residue = PHEA254 into TRP
Mutating residue = PHEA254 into THR
Mutating residue = PHEA254 into ARG
Mutating residue = PHEA254 into GLN
Mutating residue = PHEA254 into TYR
Mutating residue = PHEA254 into ASN
Mutating residue = PHEA254 into MET
Mutating residue = PHEA254 into LEU
Mutating residue = PHEA254 into LYS
Mutating residue = PHEA254 into PRO
Mutating residue = PHEA254 into VAL
Mutating residue = LEUA255 into GLU
Mutating residue = LEUA255 into ASP
Mutating residue = LEUA255 into CYS
Mutating residue = LEUA255 into ALA
Mutating residue = LEUA255 into ASN
Mutating residue = LEUA255 into PRO
Mutating residue = LEUA255 into PHE
Mutating residue = LEUA255 into MET
Mutating residue = LEUA255 into GLN
Mutating residue = LEUA255 into GLY
Mutating residue = LEUA255 into ARG
Mutating residue = LEUA255 into LYS
Your file run OK
End time of FoldX: Sat May  9 16:26:34 2026
Total time spend: 562.30 seconds.
validated file "LGK_1.pdb" => successfully finished
validated file "LGK_2.pdb" => successfully finished
validated file "LGK_3.pdb" => successfully finished
validated file "LGK_4.pdb" => successfully finished
validated file "LGK_5.pdb" => successfully finished
validated file "LGK_6.pdb" => successfully finished
validated file "LGK_7.pdb" => successfully finished
validated file "LGK_8.pdb" => successfully finished
validated file "LGK_9.pdb" => successfully finished
validated file "LGK_10.pdb" => successfully finished
validated file "LGK_11.pdb" => successfully finished
validated file "LGK_12.pdb" => successfully finished
validated file "LGK_13.pdb" => successfully finished
validated file "LGK_14.pdb" => successfully finished
validated file "LGK_15.pdb" => successfully finished
validated file "LGK_16.pdb" => successfully finished
validated file "LGK_17.pdb" => successfully finished
validated file "LGK_18.pdb" => successfully finished
validated file "LGK_19.pdb" => successfully finished
validated file "LGK_20.pdb" => successfully finished
validated file "LGK_21.pdb" => successfully finished
validated file "LGK_22.pdb" => successfully finished
validated file "LGK_23.pdb" => successfully finished
validated file "LGK_24.pdb" => successfully finished
validated file "LGK_25.pdb" => successfully finished
validated file "LGK_26.pdb" => successfully finished
validated file "LGK_27.pdb" => successfully finished
validated file "LGK_28.pdb" => successfully finished
validated file "LGK_29.pdb" => successfully finished
validated file "LGK_30.pdb" => successfully finished
validated file "LGK_31.pdb" => successfully finished
validated file "LGK_32.pdb" => successfully finished
validated file "LGK_33.pdb" => successfully finished
validated file "LGK_34.pdb" => successfully finished
validated file "LGK_35.pdb" => successfully finished
validated file "LGK_36.pdb" => successfully finished
validated file "LGK_37.pdb" => successfully finished
validated file "LGK_38.pdb" => successfully finished
validated file "LGK_39.pdb" => successfully finished
validated file "LGK_40.pdb" => successfully finished
validated file "LGK_41.pdb" => successfully finished
validated file "LGK_42.pdb" => successfully finished
validated file "LGK_43.pdb" => successfully finished
validated file "LGK_44.pdb" => successfully finished
validated file "LGK_45.pdb" => successfully finished
validated file "LGK_46.pdb" => successfully finished
validated file "LGK_47.pdb" => successfully finished
validated file "LGK_48.pdb" => successfully finished
validated file "LGK_49.pdb" => successfully finished
validated file "LGK_50.pdb" => successfully finished
Cleaning BuildModel...DONE
任务 91 结果提取成功，已映射突变信息。
