   ********************************************
   ***                                      ***
   ***             FoldX 5.1 (c)            ***
   ***                                      ***
   ***     code by the FoldX Consortium     ***
   ***                                      ***
   ***     Jesper Borg, Frederic Rousseau   ***
   ***    Joost Schymkowitz, Luis Serrano   ***
   ***    Peter Vanhee, Erik Verschueren    ***
   ***     Lies Baeten, Javier Delgado      ***
   ***       and Francois Stricher          ***
   *** and any other of the 9! permutations ***
   ***   based on an original concept by    ***
   ***   Raphael Guerois and Luis Serrano   ***
   ********************************************

1 models read: LGK.pdb
1 models read: LGK.pdb

BackHbond       =               -302.35
SideHbond       =               -110.79
Energy_VdW      =               -510.89
Electro         =               -26.48
Energy_SolvP    =               715.83
Energy_SolvH    =               -665.00
Energy_vdwclash =               20.72
energy_torsion  =               6.69
backbone_vdwclash=              271.11
Entropy_sidec   =               262.00
Entropy_mainc   =               659.34
water bonds     =               0.00
helix dipole    =               -1.49
loop_entropy    =               0.00
cis_bond        =               2.25
disulfide       =               0.00
kn electrostatic=               0.00
partial covalent interactions = 0.00
Energy_Ionisation =             1.37
Entropy Complex =               0.00
-----------------------------------------------------------
Total          = 				  51.22


BackHbond       =               -302.35
SideHbond       =               -110.79
Energy_VdW      =               -510.89
Electro         =               -26.48
Energy_SolvP    =               715.83
Energy_SolvH    =               -665.00
Energy_vdwclash =               20.72
energy_torsion  =               6.69
backbone_vdwclash=              271.11
Entropy_sidec   =               262.00
Entropy_mainc   =               659.34
water bonds     =               0.00
helix dipole    =               -1.49
loop_entropy    =               0.00
cis_bond        =               2.25
disulfide       =               0.00
kn electrostatic=               0.00
partial covalent interactions = 0.00
Energy_Ionisation =             1.37
Entropy Complex =               0.00
-----------------------------------------------------------
Total          = 				  51.22

Starting BuildModel
Reading IA167S;
Reading IA167R;
Reading IA167Q;
Reading IA167P;
Reading IA167N;
Reading IA167M;
Reading IA167L;
Reading IA167T;
Reading IA167G;
Reading IA167F;
Reading IA167E;
Reading IA167D;
Reading IA167C;
Reading IA167A;
Reading IA167H;
Reading AA168M;
Reading AA168N;
Reading AA168P;
Reading AA168Q;
Reading AA168R;
Reading AA168S;
Reading AA168T;
Reading AA168V;
Reading AA168F;
Reading AA168Y;
Reading AA168D;
Reading AA168C;
Reading AA168G;
Reading AA168H;
Reading AA168I;
Reading AA168L;
Reading AA168W;
Reading AA168K;
Reading AA168E;
Reading FA169A;
Reading FA169W;
Reading FA169V;
Reading FA169T;
Reading FA169S;
Reading FA169R;
Reading FA169Q;
Reading FA169Y;
Reading FA169C;
Reading FA169E;
Reading FA169G;
Reading FA169H;
Reading FA169I;
Reading FA169L;
Reading FA169M;
Reading FA169D;
Residue to Mutate ILEA167 has residue index 166
Residue to Mutate ILEA167 has residue index 166
Residue to Mutate ILEA167 has residue index 166
Residue to Mutate ILEA167 has residue index 166
Residue to Mutate ILEA167 has residue index 166
Residue to Mutate ILEA167 has residue index 166
Residue to Mutate ILEA167 has residue index 166
Residue to Mutate ILEA167 has residue index 166
Residue to Mutate ILEA167 has residue index 166
Residue to Mutate ILEA167 has residue index 166
Residue to Mutate ILEA167 has residue index 166
Residue to Mutate ILEA167 has residue index 166
Residue to Mutate ILEA167 has residue index 166
Residue to Mutate ILEA167 has residue index 166
Residue to Mutate ILEA167 has residue index 166
Residue to Mutate ALAA168 has residue index 167
Residue to Mutate ALAA168 has residue index 167
Residue to Mutate ALAA168 has residue index 167
Residue to Mutate ALAA168 has residue index 167
Residue to Mutate ALAA168 has residue index 167
Residue to Mutate ALAA168 has residue index 167
Residue to Mutate ALAA168 has residue index 167
Residue to Mutate ALAA168 has residue index 167
Residue to Mutate ALAA168 has residue index 167
Residue to Mutate ALAA168 has residue index 167
Residue to Mutate ALAA168 has residue index 167
Residue to Mutate ALAA168 has residue index 167
Residue to Mutate ALAA168 has residue index 167
Residue to Mutate ALAA168 has residue index 167
Residue to Mutate ALAA168 has residue index 167
Residue to Mutate ALAA168 has residue index 167
Residue to Mutate ALAA168 has residue index 167
Residue to Mutate ALAA168 has residue index 167
Residue to Mutate ALAA168 has residue index 167
Residue to Mutate PHEA169 has residue index 168
Residue to Mutate PHEA169 has residue index 168
Residue to Mutate PHEA169 has residue index 168
Residue to Mutate PHEA169 has residue index 168
Residue to Mutate PHEA169 has residue index 168
Residue to Mutate PHEA169 has residue index 168
Residue to Mutate PHEA169 has residue index 168
Residue to Mutate PHEA169 has residue index 168
Residue to Mutate PHEA169 has residue index 168
Residue to Mutate PHEA169 has residue index 168
Residue to Mutate PHEA169 has residue index 168
Residue to Mutate PHEA169 has residue index 168
Residue to Mutate PHEA169 has residue index 168
Residue to Mutate PHEA169 has residue index 168
Residue to Mutate PHEA169 has residue index 168
Residue to Mutate PHEA169 has residue index 168
Mutating residue = ILEA167 into SER
Mutating residue = ILEA167 into ARG
Mutating residue = ILEA167 into GLN
Mutating residue = ILEA167 into PRO
Mutating residue = ILEA167 into ASN
Mutating residue = ILEA167 into MET
Mutating residue = ILEA167 into LEU
Mutating residue = ILEA167 into THR
Mutating residue = ILEA167 into GLY
Mutating residue = ILEA167 into PHE
Mutating residue = ILEA167 into GLU
Mutating residue = ILEA167 into ASP
Mutating residue = ILEA167 into CYS
Mutating residue = ILEA167 into ALA
Mutating residue = ILEA167 into HIS
Mutating residue = ALAA168 into MET
Mutating residue = ALAA168 into ASN
Mutating residue = ALAA168 into PRO
Mutating residue = ALAA168 into GLN
Mutating residue = ALAA168 into ARG
Mutating residue = ALAA168 into SER
Mutating residue = ALAA168 into THR
Mutating residue = ALAA168 into VAL
Mutating residue = ALAA168 into PHE
Mutating residue = ALAA168 into TYR
Mutating residue = ALAA168 into ASP
Mutating residue = ALAA168 into CYS
Mutating residue = ALAA168 into GLY
Mutating residue = ALAA168 into HIS
Mutating residue = ALAA168 into ILE
Mutating residue = ALAA168 into LEU
Mutating residue = ALAA168 into TRP
Mutating residue = ALAA168 into LYS
Mutating residue = ALAA168 into GLU
Mutating residue = PHEA169 into ALA
Mutating residue = PHEA169 into TRP
Mutating residue = PHEA169 into VAL
Mutating residue = PHEA169 into THR
Mutating residue = PHEA169 into SER
Mutating residue = PHEA169 into ARG
Mutating residue = PHEA169 into GLN
Mutating residue = PHEA169 into TYR
Mutating residue = PHEA169 into CYS
Mutating residue = PHEA169 into GLU
Mutating residue = PHEA169 into GLY
Mutating residue = PHEA169 into HIS
Mutating residue = PHEA169 into ILE
Mutating residue = PHEA169 into LEU
Mutating residue = PHEA169 into MET
Mutating residue = PHEA169 into ASP
Your file run OK
End time of FoldX: Sat May  9 16:23:26 2026
Total time spend: 374.50 seconds.
validated file "LGK_1.pdb" => successfully finished
validated file "LGK_2.pdb" => successfully finished
validated file "LGK_3.pdb" => successfully finished
validated file "LGK_4.pdb" => successfully finished
validated file "LGK_5.pdb" => successfully finished
validated file "LGK_6.pdb" => successfully finished
validated file "LGK_7.pdb" => successfully finished
validated file "LGK_8.pdb" => successfully finished
validated file "LGK_9.pdb" => successfully finished
validated file "LGK_10.pdb" => successfully finished
validated file "LGK_11.pdb" => successfully finished
validated file "LGK_12.pdb" => successfully finished
validated file "LGK_13.pdb" => successfully finished
validated file "LGK_14.pdb" => successfully finished
validated file "LGK_15.pdb" => successfully finished
validated file "LGK_16.pdb" => successfully finished
validated file "LGK_17.pdb" => successfully finished
validated file "LGK_18.pdb" => successfully finished
validated file "LGK_19.pdb" => successfully finished
validated file "LGK_20.pdb" => successfully finished
validated file "LGK_21.pdb" => successfully finished
validated file "LGK_22.pdb" => successfully finished
validated file "LGK_23.pdb" => successfully finished
validated file "LGK_24.pdb" => successfully finished
validated file "LGK_25.pdb" => successfully finished
validated file "LGK_26.pdb" => successfully finished
validated file "LGK_27.pdb" => successfully finished
validated file "LGK_28.pdb" => successfully finished
validated file "LGK_29.pdb" => successfully finished
validated file "LGK_30.pdb" => successfully finished
validated file "LGK_31.pdb" => successfully finished
validated file "LGK_32.pdb" => successfully finished
validated file "LGK_33.pdb" => successfully finished
validated file "LGK_34.pdb" => successfully finished
validated file "LGK_35.pdb" => successfully finished
validated file "LGK_36.pdb" => successfully finished
validated file "LGK_37.pdb" => successfully finished
validated file "LGK_38.pdb" => successfully finished
validated file "LGK_39.pdb" => successfully finished
validated file "LGK_40.pdb" => successfully finished
validated file "LGK_41.pdb" => successfully finished
validated file "LGK_42.pdb" => successfully finished
validated file "LGK_43.pdb" => successfully finished
validated file "LGK_44.pdb" => successfully finished
validated file "LGK_45.pdb" => successfully finished
validated file "LGK_46.pdb" => successfully finished
validated file "LGK_47.pdb" => successfully finished
validated file "LGK_48.pdb" => successfully finished
validated file "LGK_49.pdb" => successfully finished
validated file "LGK_50.pdb" => successfully finished
Cleaning BuildModel...DONE
任务 60 结果提取成功，已映射突变信息。
