   ********************************************
   ***                                      ***
   ***             FoldX 5.1 (c)            ***
   ***                                      ***
   ***     code by the FoldX Consortium     ***
   ***                                      ***
   ***     Jesper Borg, Frederic Rousseau   ***
   ***    Joost Schymkowitz, Luis Serrano   ***
   ***    Peter Vanhee, Erik Verschueren    ***
   ***     Lies Baeten, Javier Delgado      ***
   ***       and Francois Stricher          ***
   *** and any other of the 9! permutations ***
   ***   based on an original concept by    ***
   ***   Raphael Guerois and Luis Serrano   ***
   ********************************************

1 models read: LGK.pdb
1 models read: LGK.pdb

BackHbond       =               -302.35
SideHbond       =               -110.79
Energy_VdW      =               -510.89
Electro         =               -26.48
Energy_SolvP    =               715.83
Energy_SolvH    =               -665.00
Energy_vdwclash =               20.72
energy_torsion  =               6.69
backbone_vdwclash=              271.11
Entropy_sidec   =               262.00
Entropy_mainc   =               659.34
water bonds     =               0.00
helix dipole    =               -1.49
loop_entropy    =               0.00
cis_bond        =               2.25
disulfide       =               0.00
kn electrostatic=               0.00
partial covalent interactions = 0.00
Energy_Ionisation =             1.37
Entropy Complex =               0.00
-----------------------------------------------------------
Total          = 				  51.22


BackHbond       =               -302.35
SideHbond       =               -110.79
Energy_VdW      =               -510.89
Electro         =               -26.48
Energy_SolvP    =               715.83
Energy_SolvH    =               -665.00
Energy_vdwclash =               20.72
energy_torsion  =               6.69
backbone_vdwclash=              271.11
Entropy_sidec   =               262.00
Entropy_mainc   =               659.34
water bonds     =               0.00
helix dipole    =               -1.49
loop_entropy    =               0.00
cis_bond        =               2.25
disulfide       =               0.00
kn electrostatic=               0.00
partial covalent interactions = 0.00
Energy_Ionisation =             1.37
Entropy Complex =               0.00
-----------------------------------------------------------
Total          = 				  51.22

Starting BuildModel
Reading DA321Y;
Reading DA321S;
Reading DA321R;
Reading DA321Q;
Reading DA321P;
Reading DA321N;
Reading DA321L;
Reading DA321K;
Reading EA322P;
Reading EA322Q;
Reading EA322D;
Reading EA322S;
Reading EA322N;
Reading EA322R;
Reading EA322M;
Reading EA322G;
Reading EA322K;
Reading EA322I;
Reading EA322H;
Reading EA322T;
Reading EA322F;
Reading EA322L;
Reading EA322V;
Reading EA322A;
Reading EA322Y;
Reading EA322W;
Reading EA322C;
Reading IA323K;
Reading IA323Y;
Reading IA323W;
Reading IA323V;
Reading IA323T;
Reading IA323S;
Reading IA323D;
Reading IA323R;
Reading IA323C;
Reading IA323Q;
Reading IA323P;
Reading IA323N;
Reading IA323M;
Reading IA323A;
Reading IA323L;
Reading IA323E;
Reading IA323F;
Reading IA323G;
Reading IA323H;
Reading FA324S;
Reading FA324V;
Reading FA324W;
Reading FA324Y;
Residue to Mutate ASPA321 has residue index 320
Residue to Mutate ASPA321 has residue index 320
Residue to Mutate ASPA321 has residue index 320
Residue to Mutate ASPA321 has residue index 320
Residue to Mutate ASPA321 has residue index 320
Residue to Mutate ASPA321 has residue index 320
Residue to Mutate ASPA321 has residue index 320
Residue to Mutate ASPA321 has residue index 320
Residue to Mutate GLUA322 has residue index 321
Residue to Mutate GLUA322 has residue index 321
Residue to Mutate GLUA322 has residue index 321
Residue to Mutate GLUA322 has residue index 321
Residue to Mutate GLUA322 has residue index 321
Residue to Mutate GLUA322 has residue index 321
Residue to Mutate GLUA322 has residue index 321
Residue to Mutate GLUA322 has residue index 321
Residue to Mutate GLUA322 has residue index 321
Residue to Mutate GLUA322 has residue index 321
Residue to Mutate GLUA322 has residue index 321
Residue to Mutate GLUA322 has residue index 321
Residue to Mutate GLUA322 has residue index 321
Residue to Mutate GLUA322 has residue index 321
Residue to Mutate GLUA322 has residue index 321
Residue to Mutate GLUA322 has residue index 321
Residue to Mutate GLUA322 has residue index 321
Residue to Mutate GLUA322 has residue index 321
Residue to Mutate GLUA322 has residue index 321
Residue to Mutate ILEA323 has residue index 322
Residue to Mutate ILEA323 has residue index 322
Residue to Mutate ILEA323 has residue index 322
Residue to Mutate ILEA323 has residue index 322
Residue to Mutate ILEA323 has residue index 322
Residue to Mutate ILEA323 has residue index 322
Residue to Mutate ILEA323 has residue index 322
Residue to Mutate ILEA323 has residue index 322
Residue to Mutate ILEA323 has residue index 322
Residue to Mutate ILEA323 has residue index 322
Residue to Mutate ILEA323 has residue index 322
Residue to Mutate ILEA323 has residue index 322
Residue to Mutate ILEA323 has residue index 322
Residue to Mutate ILEA323 has residue index 322
Residue to Mutate ILEA323 has residue index 322
Residue to Mutate ILEA323 has residue index 322
Residue to Mutate ILEA323 has residue index 322
Residue to Mutate ILEA323 has residue index 322
Residue to Mutate ILEA323 has residue index 322
Residue to Mutate PHEA324 has residue index 323
Residue to Mutate PHEA324 has residue index 323
Residue to Mutate PHEA324 has residue index 323
Residue to Mutate PHEA324 has residue index 323
Mutating residue = ASPA321 into TYR
Mutating residue = ASPA321 into SER
Mutating residue = ASPA321 into ARG
Mutating residue = ASPA321 into GLN
Mutating residue = ASPA321 into PRO
Mutating residue = ASPA321 into ASN
Mutating residue = ASPA321 into LEU
Mutating residue = ASPA321 into LYS
Mutating residue = GLUA322 into PRO
Mutating residue = GLUA322 into GLN
Mutating residue = GLUA322 into ASP
Mutating residue = GLUA322 into SER
Mutating residue = GLUA322 into ASN
Mutating residue = GLUA322 into ARG
Mutating residue = GLUA322 into MET
Mutating residue = GLUA322 into GLY
Mutating residue = GLUA322 into LYS
Mutating residue = GLUA322 into ILE
Mutating residue = GLUA322 into HIS
Mutating residue = GLUA322 into THR
Mutating residue = GLUA322 into PHE
Mutating residue = GLUA322 into LEU
Mutating residue = GLUA322 into VAL
Mutating residue = GLUA322 into ALA
Mutating residue = GLUA322 into TYR
Mutating residue = GLUA322 into TRP
Mutating residue = GLUA322 into CYS
Mutating residue = ILEA323 into LYS
Mutating residue = ILEA323 into TYR
Mutating residue = ILEA323 into TRP
Mutating residue = ILEA323 into VAL
Mutating residue = ILEA323 into THR
Mutating residue = ILEA323 into SER
Mutating residue = ILEA323 into ASP
Mutating residue = ILEA323 into ARG
Mutating residue = ILEA323 into CYS
Mutating residue = ILEA323 into GLN
Mutating residue = ILEA323 into PRO
Mutating residue = ILEA323 into ASN
Mutating residue = ILEA323 into MET
Mutating residue = ILEA323 into ALA
Mutating residue = ILEA323 into LEU
Mutating residue = ILEA323 into GLU
Mutating residue = ILEA323 into PHE
Mutating residue = ILEA323 into GLY
Mutating residue = ILEA323 into HIS
Mutating residue = PHEA324 into SER
Mutating residue = PHEA324 into VAL
Mutating residue = PHEA324 into TRP
Mutating residue = PHEA324 into TYR
Your file run OK
End time of FoldX: Sat May  9 16:25:03 2026
Total time spend: 470.79 seconds.
validated file "LGK_1.pdb" => successfully finished
validated file "LGK_2.pdb" => successfully finished
validated file "LGK_3.pdb" => successfully finished
validated file "LGK_4.pdb" => successfully finished
validated file "LGK_5.pdb" => successfully finished
validated file "LGK_6.pdb" => successfully finished
validated file "LGK_7.pdb" => successfully finished
validated file "LGK_8.pdb" => successfully finished
validated file "LGK_9.pdb" => successfully finished
validated file "LGK_10.pdb" => successfully finished
validated file "LGK_11.pdb" => successfully finished
validated file "LGK_12.pdb" => successfully finished
validated file "LGK_13.pdb" => successfully finished
validated file "LGK_14.pdb" => successfully finished
validated file "LGK_15.pdb" => successfully finished
validated file "LGK_16.pdb" => successfully finished
validated file "LGK_17.pdb" => successfully finished
validated file "LGK_18.pdb" => successfully finished
validated file "LGK_19.pdb" => successfully finished
validated file "LGK_20.pdb" => successfully finished
validated file "LGK_21.pdb" => successfully finished
validated file "LGK_22.pdb" => successfully finished
validated file "LGK_23.pdb" => successfully finished
validated file "LGK_24.pdb" => successfully finished
validated file "LGK_25.pdb" => successfully finished
validated file "LGK_26.pdb" => successfully finished
validated file "LGK_27.pdb" => successfully finished
validated file "LGK_28.pdb" => successfully finished
validated file "LGK_29.pdb" => successfully finished
validated file "LGK_30.pdb" => successfully finished
validated file "LGK_31.pdb" => successfully finished
validated file "LGK_32.pdb" => successfully finished
validated file "LGK_33.pdb" => successfully finished
validated file "LGK_34.pdb" => successfully finished
validated file "LGK_35.pdb" => successfully finished
validated file "LGK_36.pdb" => successfully finished
validated file "LGK_37.pdb" => successfully finished
validated file "LGK_38.pdb" => successfully finished
validated file "LGK_39.pdb" => successfully finished
validated file "LGK_40.pdb" => successfully finished
validated file "LGK_41.pdb" => successfully finished
validated file "LGK_42.pdb" => successfully finished
validated file "LGK_43.pdb" => successfully finished
validated file "LGK_44.pdb" => successfully finished
validated file "LGK_45.pdb" => successfully finished
validated file "LGK_46.pdb" => successfully finished
validated file "LGK_47.pdb" => successfully finished
validated file "LGK_48.pdb" => successfully finished
validated file "LGK_49.pdb" => successfully finished
validated file "LGK_50.pdb" => successfully finished
Cleaning BuildModel...DONE
任务 116 结果提取成功，已映射突变信息。
