   ********************************************
   ***                                      ***
   ***             FoldX 5.1 (c)            ***
   ***                                      ***
   ***     code by the FoldX Consortium     ***
   ***                                      ***
   ***     Jesper Borg, Frederic Rousseau   ***
   ***    Joost Schymkowitz, Luis Serrano   ***
   ***    Peter Vanhee, Erik Verschueren    ***
   ***     Lies Baeten, Javier Delgado      ***
   ***       and Francois Stricher          ***
   *** and any other of the 9! permutations ***
   ***   based on an original concept by    ***
   ***   Raphael Guerois and Luis Serrano   ***
   ********************************************

1 models read: LGK.pdb
1 models read: LGK.pdb

BackHbond       =               -302.35
SideHbond       =               -110.79
Energy_VdW      =               -510.89
Electro         =               -26.48
Energy_SolvP    =               715.83
Energy_SolvH    =               -665.00
Energy_vdwclash =               20.72
energy_torsion  =               6.69
backbone_vdwclash=              271.11
Entropy_sidec   =               262.00
Entropy_mainc   =               659.34
water bonds     =               0.00
helix dipole    =               -1.49
loop_entropy    =               0.00
cis_bond        =               2.25
disulfide       =               0.00
kn electrostatic=               0.00
partial covalent interactions = 0.00
Energy_Ionisation =             1.37
Entropy Complex =               0.00
-----------------------------------------------------------
Total          = 				  51.22


BackHbond       =               -302.35
SideHbond       =               -110.79
Energy_VdW      =               -510.89
Electro         =               -26.48
Energy_SolvP    =               715.83
Energy_SolvH    =               -665.00
Energy_vdwclash =               20.72
energy_torsion  =               6.69
backbone_vdwclash=              271.11
Entropy_sidec   =               262.00
Entropy_mainc   =               659.34
water bonds     =               0.00
helix dipole    =               -1.49
loop_entropy    =               0.00
cis_bond        =               2.25
disulfide       =               0.00
kn electrostatic=               0.00
partial covalent interactions = 0.00
Energy_Ionisation =             1.37
Entropy Complex =               0.00
-----------------------------------------------------------
Total          = 				  51.22

Starting BuildModel
Reading CA373E;
Reading CA373M;
Reading CA373H;
Reading CA373F;
Reading CA373N;
Reading CA373Q;
Reading CA373P;
Reading CA373Y;
Reading CA373W;
Reading CA373A;
Reading CA373T;
Reading CA373S;
Reading CA373R;
Reading CA373V;
Reading LA374W;
Reading LA374V;
Reading LA374T;
Reading LA374S;
Reading LA374R;
Reading LA374Q;
Reading LA374P;
Reading LA374N;
Reading LA374I;
Reading LA374K;
Reading LA374H;
Reading LA374F;
Reading LA374E;
Reading LA374D;
Reading LA374C;
Reading LA374A;
Reading LA374M;
Reading LA374G;
Reading LA374Y;
Reading VA375R;
Reading VA375A;
Reading VA375C;
Reading VA375D;
Reading VA375E;
Reading VA375F;
Reading VA375H;
Reading VA375I;
Reading VA375K;
Reading VA375L;
Reading VA375M;
Reading VA375N;
Reading VA375P;
Reading VA375Q;
Reading VA375G;
Reading VA375S;
Reading VA375T;
Residue to Mutate CYSA373 has residue index 372
Residue to Mutate CYSA373 has residue index 372
Residue to Mutate CYSA373 has residue index 372
Residue to Mutate CYSA373 has residue index 372
Residue to Mutate CYSA373 has residue index 372
Residue to Mutate CYSA373 has residue index 372
Residue to Mutate CYSA373 has residue index 372
Residue to Mutate CYSA373 has residue index 372
Residue to Mutate CYSA373 has residue index 372
Residue to Mutate CYSA373 has residue index 372
Residue to Mutate CYSA373 has residue index 372
Residue to Mutate CYSA373 has residue index 372
Residue to Mutate CYSA373 has residue index 372
Residue to Mutate CYSA373 has residue index 372
Residue to Mutate LEUA374 has residue index 373
Residue to Mutate LEUA374 has residue index 373
Residue to Mutate LEUA374 has residue index 373
Residue to Mutate LEUA374 has residue index 373
Residue to Mutate LEUA374 has residue index 373
Residue to Mutate LEUA374 has residue index 373
Residue to Mutate LEUA374 has residue index 373
Residue to Mutate LEUA374 has residue index 373
Residue to Mutate LEUA374 has residue index 373
Residue to Mutate LEUA374 has residue index 373
Residue to Mutate LEUA374 has residue index 373
Residue to Mutate LEUA374 has residue index 373
Residue to Mutate LEUA374 has residue index 373
Residue to Mutate LEUA374 has residue index 373
Residue to Mutate LEUA374 has residue index 373
Residue to Mutate LEUA374 has residue index 373
Residue to Mutate LEUA374 has residue index 373
Residue to Mutate LEUA374 has residue index 373
Residue to Mutate LEUA374 has residue index 373
Residue to Mutate VALA375 has residue index 374
Residue to Mutate VALA375 has residue index 374
Residue to Mutate VALA375 has residue index 374
Residue to Mutate VALA375 has residue index 374
Residue to Mutate VALA375 has residue index 374
Residue to Mutate VALA375 has residue index 374
Residue to Mutate VALA375 has residue index 374
Residue to Mutate VALA375 has residue index 374
Residue to Mutate VALA375 has residue index 374
Residue to Mutate VALA375 has residue index 374
Residue to Mutate VALA375 has residue index 374
Residue to Mutate VALA375 has residue index 374
Residue to Mutate VALA375 has residue index 374
Residue to Mutate VALA375 has residue index 374
Residue to Mutate VALA375 has residue index 374
Residue to Mutate VALA375 has residue index 374
Residue to Mutate VALA375 has residue index 374
Mutating residue = CYSA373 into GLU
Mutating residue = CYSA373 into MET
Mutating residue = CYSA373 into HIS
Mutating residue = CYSA373 into PHE
Mutating residue = CYSA373 into ASN
Mutating residue = CYSA373 into GLN
Mutating residue = CYSA373 into PRO
Mutating residue = CYSA373 into TYR
Mutating residue = CYSA373 into TRP
Mutating residue = CYSA373 into ALA
Mutating residue = CYSA373 into THR
Mutating residue = CYSA373 into SER
Mutating residue = CYSA373 into ARG
Mutating residue = CYSA373 into VAL
Mutating residue = LEUA374 into TRP
Mutating residue = LEUA374 into VAL
Mutating residue = LEUA374 into THR
Mutating residue = LEUA374 into SER
Mutating residue = LEUA374 into ARG
Mutating residue = LEUA374 into GLN
Mutating residue = LEUA374 into PRO
Mutating residue = LEUA374 into ASN
Mutating residue = LEUA374 into ILE
Mutating residue = LEUA374 into LYS
Mutating residue = LEUA374 into HIS
Mutating residue = LEUA374 into PHE
Mutating residue = LEUA374 into GLU
Mutating residue = LEUA374 into ASP
Mutating residue = LEUA374 into CYS
Mutating residue = LEUA374 into ALA
Mutating residue = LEUA374 into MET
Mutating residue = LEUA374 into GLY
Mutating residue = LEUA374 into TYR
Mutating residue = VALA375 into ARG
Mutating residue = VALA375 into ALA
Mutating residue = VALA375 into CYS
Mutating residue = VALA375 into ASP
Mutating residue = VALA375 into GLU
Mutating residue = VALA375 into PHE
Mutating residue = VALA375 into HIS
Mutating residue = VALA375 into ILE
Mutating residue = VALA375 into LYS
Mutating residue = VALA375 into LEU
Mutating residue = VALA375 into MET
Mutating residue = VALA375 into ASN
Mutating residue = VALA375 into PRO
Mutating residue = VALA375 into GLN
Mutating residue = VALA375 into GLY
Mutating residue = VALA375 into SER
Mutating residue = VALA375 into THR
Your file run OK
End time of FoldX: Sat May  9 16:20:40 2026
Total time spend: 208.86 seconds.
validated file "LGK_1.pdb" => successfully finished
validated file "LGK_2.pdb" => successfully finished
validated file "LGK_3.pdb" => successfully finished
validated file "LGK_4.pdb" => successfully finished
validated file "LGK_5.pdb" => successfully finished
validated file "LGK_6.pdb" => successfully finished
validated file "LGK_7.pdb" => successfully finished
validated file "LGK_8.pdb" => successfully finished
validated file "LGK_9.pdb" => successfully finished
validated file "LGK_10.pdb" => successfully finished
validated file "LGK_11.pdb" => successfully finished
validated file "LGK_12.pdb" => successfully finished
validated file "LGK_13.pdb" => successfully finished
validated file "LGK_14.pdb" => successfully finished
validated file "LGK_15.pdb" => successfully finished
validated file "LGK_16.pdb" => successfully finished
validated file "LGK_17.pdb" => successfully finished
validated file "LGK_18.pdb" => successfully finished
validated file "LGK_19.pdb" => successfully finished
validated file "LGK_20.pdb" => successfully finished
validated file "LGK_21.pdb" => successfully finished
validated file "LGK_22.pdb" => successfully finished
validated file "LGK_23.pdb" => successfully finished
validated file "LGK_24.pdb" => successfully finished
validated file "LGK_25.pdb" => successfully finished
validated file "LGK_26.pdb" => successfully finished
validated file "LGK_27.pdb" => successfully finished
validated file "LGK_28.pdb" => successfully finished
validated file "LGK_29.pdb" => successfully finished
validated file "LGK_30.pdb" => successfully finished
validated file "LGK_31.pdb" => successfully finished
validated file "LGK_32.pdb" => successfully finished
validated file "LGK_33.pdb" => successfully finished
validated file "LGK_34.pdb" => successfully finished
validated file "LGK_35.pdb" => successfully finished
validated file "LGK_36.pdb" => successfully finished
validated file "LGK_37.pdb" => successfully finished
validated file "LGK_38.pdb" => successfully finished
validated file "LGK_39.pdb" => successfully finished
validated file "LGK_40.pdb" => successfully finished
validated file "LGK_41.pdb" => successfully finished
validated file "LGK_42.pdb" => successfully finished
validated file "LGK_43.pdb" => successfully finished
validated file "LGK_44.pdb" => successfully finished
validated file "LGK_45.pdb" => successfully finished
validated file "LGK_46.pdb" => successfully finished
validated file "LGK_47.pdb" => successfully finished
validated file "LGK_48.pdb" => successfully finished
validated file "LGK_49.pdb" => successfully finished
validated file "LGK_50.pdb" => successfully finished
Cleaning BuildModel...DONE
任务 135 结果提取成功，已映射突变信息。
