   ********************************************
   ***                                      ***
   ***             FoldX 5.1 (c)            ***
   ***                                      ***
   ***     code by the FoldX Consortium     ***
   ***                                      ***
   ***     Jesper Borg, Frederic Rousseau   ***
   ***    Joost Schymkowitz, Luis Serrano   ***
   ***    Peter Vanhee, Erik Verschueren    ***
   ***     Lies Baeten, Javier Delgado      ***
   ***       and Francois Stricher          ***
   *** and any other of the 9! permutations ***
   ***   based on an original concept by    ***
   ***   Raphael Guerois and Luis Serrano   ***
   ********************************************

1 models read: LGK.pdb
1 models read: LGK.pdb

BackHbond       =               -302.35
SideHbond       =               -110.79
Energy_VdW      =               -510.89
Electro         =               -26.48
Energy_SolvP    =               715.83
Energy_SolvH    =               -665.00
Energy_vdwclash =               20.72
energy_torsion  =               6.69
backbone_vdwclash=              271.11
Entropy_sidec   =               262.00
Entropy_mainc   =               659.34
water bonds     =               0.00
helix dipole    =               -1.49
loop_entropy    =               0.00
cis_bond        =               2.25
disulfide       =               0.00
kn electrostatic=               0.00
partial covalent interactions = 0.00
Energy_Ionisation =             1.37
Entropy Complex =               0.00
-----------------------------------------------------------
Total          = 				  51.22


BackHbond       =               -302.35
SideHbond       =               -110.79
Energy_VdW      =               -510.89
Electro         =               -26.48
Energy_SolvP    =               715.83
Energy_SolvH    =               -665.00
Energy_vdwclash =               20.72
energy_torsion  =               6.69
backbone_vdwclash=              271.11
Entropy_sidec   =               262.00
Entropy_mainc   =               659.34
water bonds     =               0.00
helix dipole    =               -1.49
loop_entropy    =               0.00
cis_bond        =               2.25
disulfide       =               0.00
kn electrostatic=               0.00
partial covalent interactions = 0.00
Energy_Ionisation =             1.37
Entropy Complex =               0.00
-----------------------------------------------------------
Total          = 				  51.22

Starting BuildModel
Reading TA15C;
Reading TA15D;
Reading TA15E;
Reading TA15F;
Reading TA15R;
Reading TA15S;
Reading TA15V;
Reading TA15W;
Reading TA15H;
Reading TA15I;
Reading TA15K;
Reading TA15G;
Reading TA15L;
Reading VA16N;
Reading VA16D;
Reading VA16A;
Reading VA16C;
Reading VA16E;
Reading VA16F;
Reading VA16G;
Reading VA16I;
Reading VA16K;
Reading VA16L;
Reading VA16M;
Reading VA16H;
Reading VA16Q;
Reading VA16R;
Reading VA16S;
Reading VA16T;
Reading VA16P;
Reading VA16W;
Reading VA16Y;
Reading LA17S;
Reading LA17T;
Reading LA17E;
Reading LA17D;
Reading LA17W;
Reading LA17Y;
Reading LA17A;
Reading LA17C;
Reading LA17R;
Reading LA17V;
Reading LA17Q;
Reading LA17G;
Reading LA17N;
Reading LA17M;
Reading LA17H;
Reading LA17K;
Reading LA17F;
Reading LA17I;
Residue to Mutate THRA15 has residue index 14
Residue to Mutate THRA15 has residue index 14
Residue to Mutate THRA15 has residue index 14
Residue to Mutate THRA15 has residue index 14
Residue to Mutate THRA15 has residue index 14
Residue to Mutate THRA15 has residue index 14
Residue to Mutate THRA15 has residue index 14
Residue to Mutate THRA15 has residue index 14
Residue to Mutate THRA15 has residue index 14
Residue to Mutate THRA15 has residue index 14
Residue to Mutate THRA15 has residue index 14
Residue to Mutate THRA15 has residue index 14
Residue to Mutate THRA15 has residue index 14
Residue to Mutate VALA16 has residue index 15
Residue to Mutate VALA16 has residue index 15
Residue to Mutate VALA16 has residue index 15
Residue to Mutate VALA16 has residue index 15
Residue to Mutate VALA16 has residue index 15
Residue to Mutate VALA16 has residue index 15
Residue to Mutate VALA16 has residue index 15
Residue to Mutate VALA16 has residue index 15
Residue to Mutate VALA16 has residue index 15
Residue to Mutate VALA16 has residue index 15
Residue to Mutate VALA16 has residue index 15
Residue to Mutate VALA16 has residue index 15
Residue to Mutate VALA16 has residue index 15
Residue to Mutate VALA16 has residue index 15
Residue to Mutate VALA16 has residue index 15
Residue to Mutate VALA16 has residue index 15
Residue to Mutate VALA16 has residue index 15
Residue to Mutate VALA16 has residue index 15
Residue to Mutate VALA16 has residue index 15
Residue to Mutate LEUA17 has residue index 16
Residue to Mutate LEUA17 has residue index 16
Residue to Mutate LEUA17 has residue index 16
Residue to Mutate LEUA17 has residue index 16
Residue to Mutate LEUA17 has residue index 16
Residue to Mutate LEUA17 has residue index 16
Residue to Mutate LEUA17 has residue index 16
Residue to Mutate LEUA17 has residue index 16
Residue to Mutate LEUA17 has residue index 16
Residue to Mutate LEUA17 has residue index 16
Residue to Mutate LEUA17 has residue index 16
Residue to Mutate LEUA17 has residue index 16
Residue to Mutate LEUA17 has residue index 16
Residue to Mutate LEUA17 has residue index 16
Residue to Mutate LEUA17 has residue index 16
Residue to Mutate LEUA17 has residue index 16
Residue to Mutate LEUA17 has residue index 16
Residue to Mutate LEUA17 has residue index 16
Mutating residue = THRA15 into CYS
Mutating residue = THRA15 into ASP
Mutating residue = THRA15 into GLU
Mutating residue = THRA15 into PHE
Mutating residue = THRA15 into ARG
Mutating residue = THRA15 into SER
Mutating residue = THRA15 into VAL
Mutating residue = THRA15 into TRP
Mutating residue = THRA15 into HIS
Mutating residue = THRA15 into ILE
Mutating residue = THRA15 into LYS
Mutating residue = THRA15 into GLY
Mutating residue = THRA15 into LEU
Mutating residue = VALA16 into ASN
Mutating residue = VALA16 into ASP
Mutating residue = VALA16 into ALA
Mutating residue = VALA16 into CYS
Mutating residue = VALA16 into GLU
Mutating residue = VALA16 into PHE
Mutating residue = VALA16 into GLY
Mutating residue = VALA16 into ILE
Mutating residue = VALA16 into LYS
Mutating residue = VALA16 into LEU
Mutating residue = VALA16 into MET
Mutating residue = VALA16 into HIS
Mutating residue = VALA16 into GLN
Mutating residue = VALA16 into ARG
Mutating residue = VALA16 into SER
Mutating residue = VALA16 into THR
Mutating residue = VALA16 into PRO
Mutating residue = VALA16 into TRP
Mutating residue = VALA16 into TYR
Mutating residue = LEUA17 into SER
Mutating residue = LEUA17 into THR
Mutating residue = LEUA17 into GLU
Mutating residue = LEUA17 into ASP
Mutating residue = LEUA17 into TRP
Mutating residue = LEUA17 into TYR
Mutating residue = LEUA17 into ALA
Mutating residue = LEUA17 into CYS
Mutating residue = LEUA17 into ARG
Mutating residue = LEUA17 into VAL
Mutating residue = LEUA17 into GLN
Mutating residue = LEUA17 into GLY
Mutating residue = LEUA17 into ASN
Mutating residue = LEUA17 into MET
Mutating residue = LEUA17 into HIS
Mutating residue = LEUA17 into LYS
Mutating residue = LEUA17 into PHE
Mutating residue = LEUA17 into ILE
Your file run OK
End time of FoldX: Sat May  9 16:20:52 2026
Total time spend: 223.24 seconds.
validated file "LGK_1.pdb" => successfully finished
validated file "LGK_2.pdb" => successfully finished
validated file "LGK_3.pdb" => successfully finished
validated file "LGK_4.pdb" => successfully finished
validated file "LGK_5.pdb" => successfully finished
validated file "LGK_6.pdb" => successfully finished
validated file "LGK_7.pdb" => successfully finished
validated file "LGK_8.pdb" => successfully finished
validated file "LGK_9.pdb" => successfully finished
validated file "LGK_10.pdb" => successfully finished
validated file "LGK_11.pdb" => successfully finished
validated file "LGK_12.pdb" => successfully finished
validated file "LGK_13.pdb" => successfully finished
validated file "LGK_14.pdb" => successfully finished
validated file "LGK_15.pdb" => successfully finished
validated file "LGK_16.pdb" => successfully finished
validated file "LGK_17.pdb" => successfully finished
validated file "LGK_18.pdb" => successfully finished
validated file "LGK_19.pdb" => successfully finished
validated file "LGK_20.pdb" => successfully finished
validated file "LGK_21.pdb" => successfully finished
validated file "LGK_22.pdb" => successfully finished
validated file "LGK_23.pdb" => successfully finished
validated file "LGK_24.pdb" => successfully finished
validated file "LGK_25.pdb" => successfully finished
validated file "LGK_26.pdb" => successfully finished
validated file "LGK_27.pdb" => successfully finished
validated file "LGK_28.pdb" => successfully finished
validated file "LGK_29.pdb" => successfully finished
validated file "LGK_30.pdb" => successfully finished
validated file "LGK_31.pdb" => successfully finished
validated file "LGK_32.pdb" => successfully finished
validated file "LGK_33.pdb" => successfully finished
validated file "LGK_34.pdb" => successfully finished
validated file "LGK_35.pdb" => successfully finished
validated file "LGK_36.pdb" => successfully finished
validated file "LGK_37.pdb" => successfully finished
validated file "LGK_38.pdb" => successfully finished
validated file "LGK_39.pdb" => successfully finished
validated file "LGK_40.pdb" => successfully finished
validated file "LGK_41.pdb" => successfully finished
validated file "LGK_42.pdb" => successfully finished
validated file "LGK_43.pdb" => successfully finished
validated file "LGK_44.pdb" => successfully finished
validated file "LGK_45.pdb" => successfully finished
validated file "LGK_46.pdb" => successfully finished
validated file "LGK_47.pdb" => successfully finished
validated file "LGK_48.pdb" => successfully finished
validated file "LGK_49.pdb" => successfully finished
validated file "LGK_50.pdb" => successfully finished
Cleaning BuildModel...DONE
任务 6 结果提取成功，已映射突变信息。
