   ********************************************
   ***                                      ***
   ***             FoldX 5.1 (c)            ***
   ***                                      ***
   ***     code by the FoldX Consortium     ***
   ***                                      ***
   ***     Jesper Borg, Frederic Rousseau   ***
   ***    Joost Schymkowitz, Luis Serrano   ***
   ***    Peter Vanhee, Erik Verschueren    ***
   ***     Lies Baeten, Javier Delgado      ***
   ***       and Francois Stricher          ***
   *** and any other of the 9! permutations ***
   ***   based on an original concept by    ***
   ***   Raphael Guerois and Luis Serrano   ***
   ********************************************

1 models read: LGK.pdb
1 models read: LGK.pdb

BackHbond       =               -302.35
SideHbond       =               -110.79
Energy_VdW      =               -510.89
Electro         =               -26.48
Energy_SolvP    =               715.83
Energy_SolvH    =               -665.00
Energy_vdwclash =               20.72
energy_torsion  =               6.69
backbone_vdwclash=              271.11
Entropy_sidec   =               262.00
Entropy_mainc   =               659.34
water bonds     =               0.00
helix dipole    =               -1.49
loop_entropy    =               0.00
cis_bond        =               2.25
disulfide       =               0.00
kn electrostatic=               0.00
partial covalent interactions = 0.00
Energy_Ionisation =             1.37
Entropy Complex =               0.00
-----------------------------------------------------------
Total          = 				  51.22


BackHbond       =               -302.35
SideHbond       =               -110.79
Energy_VdW      =               -510.89
Electro         =               -26.48
Energy_SolvP    =               715.83
Energy_SolvH    =               -665.00
Energy_vdwclash =               20.72
energy_torsion  =               6.69
backbone_vdwclash=              271.11
Entropy_sidec   =               262.00
Entropy_mainc   =               659.34
water bonds     =               0.00
helix dipole    =               -1.49
loop_entropy    =               0.00
cis_bond        =               2.25
disulfide       =               0.00
kn electrostatic=               0.00
partial covalent interactions = 0.00
Energy_Ionisation =             1.37
Entropy Complex =               0.00
-----------------------------------------------------------
Total          = 				  51.22

Starting BuildModel
Reading KA61P;
Reading KA61N;
Reading KA61Y;
Reading KA61V;
Reading KA61T;
Reading KA61L;
Reading KA61M;
Reading KA61H;
Reading KA61G;
Reading KA61F;
Reading KA61E;
Reading KA61D;
Reading KA61C;
Reading KA61A;
Reading KA61I;
Reading KA61S;
Reading QA62Y;
Reading QA62A;
Reading QA62F;
Reading QA62G;
Reading QA62V;
Reading QA62I;
Reading QA62L;
Reading QA62N;
Reading QA62P;
Reading QA62R;
Reading QA62S;
Reading QA62H;
Reading QA62T;
Reading RA63T;
Reading RA63A;
Reading RA63C;
Reading RA63D;
Reading RA63E;
Reading RA63S;
Reading RA63L;
Reading RA63N;
Reading RA63M;
Reading RA63K;
Reading RA63I;
Reading RA63H;
Reading RA63G;
Reading RA63F;
Reading RA63P;
Reading RA63Q;
Reading RA63V;
Reading RA63W;
Reading RA63Y;
Reading VA64I;
Reading VA64K;
Residue to Mutate LYSA61 has residue index 60
Residue to Mutate LYSA61 has residue index 60
Residue to Mutate LYSA61 has residue index 60
Residue to Mutate LYSA61 has residue index 60
Residue to Mutate LYSA61 has residue index 60
Residue to Mutate LYSA61 has residue index 60
Residue to Mutate LYSA61 has residue index 60
Residue to Mutate LYSA61 has residue index 60
Residue to Mutate LYSA61 has residue index 60
Residue to Mutate LYSA61 has residue index 60
Residue to Mutate LYSA61 has residue index 60
Residue to Mutate LYSA61 has residue index 60
Residue to Mutate LYSA61 has residue index 60
Residue to Mutate LYSA61 has residue index 60
Residue to Mutate LYSA61 has residue index 60
Residue to Mutate LYSA61 has residue index 60
Residue to Mutate GLNA62 has residue index 61
Residue to Mutate GLNA62 has residue index 61
Residue to Mutate GLNA62 has residue index 61
Residue to Mutate GLNA62 has residue index 61
Residue to Mutate GLNA62 has residue index 61
Residue to Mutate GLNA62 has residue index 61
Residue to Mutate GLNA62 has residue index 61
Residue to Mutate GLNA62 has residue index 61
Residue to Mutate GLNA62 has residue index 61
Residue to Mutate GLNA62 has residue index 61
Residue to Mutate GLNA62 has residue index 61
Residue to Mutate GLNA62 has residue index 61
Residue to Mutate GLNA62 has residue index 61
Residue to Mutate ARGA63 has residue index 62
Residue to Mutate ARGA63 has residue index 62
Residue to Mutate ARGA63 has residue index 62
Residue to Mutate ARGA63 has residue index 62
Residue to Mutate ARGA63 has residue index 62
Residue to Mutate ARGA63 has residue index 62
Residue to Mutate ARGA63 has residue index 62
Residue to Mutate ARGA63 has residue index 62
Residue to Mutate ARGA63 has residue index 62
Residue to Mutate ARGA63 has residue index 62
Residue to Mutate ARGA63 has residue index 62
Residue to Mutate ARGA63 has residue index 62
Residue to Mutate ARGA63 has residue index 62
Residue to Mutate ARGA63 has residue index 62
Residue to Mutate ARGA63 has residue index 62
Residue to Mutate ARGA63 has residue index 62
Residue to Mutate ARGA63 has residue index 62
Residue to Mutate ARGA63 has residue index 62
Residue to Mutate ARGA63 has residue index 62
Residue to Mutate VALA64 has residue index 63
Residue to Mutate VALA64 has residue index 63
Mutating residue = LYSA61 into PRO
Mutating residue = LYSA61 into ASN
Mutating residue = LYSA61 into TYR
Mutating residue = LYSA61 into VAL
Mutating residue = LYSA61 into THR
Mutating residue = LYSA61 into LEU
Mutating residue = LYSA61 into MET
Mutating residue = LYSA61 into HIS
Mutating residue = LYSA61 into GLY
Mutating residue = LYSA61 into PHE
Mutating residue = LYSA61 into GLU
Mutating residue = LYSA61 into ASP
Mutating residue = LYSA61 into CYS
Mutating residue = LYSA61 into ALA
Mutating residue = LYSA61 into ILE
Mutating residue = LYSA61 into SER
Mutating residue = GLNA62 into TYR
Mutating residue = GLNA62 into ALA
Mutating residue = GLNA62 into PHE
Mutating residue = GLNA62 into GLY
Mutating residue = GLNA62 into VAL
Mutating residue = GLNA62 into ILE
Mutating residue = GLNA62 into LEU
Mutating residue = GLNA62 into ASN
Mutating residue = GLNA62 into PRO
Mutating residue = GLNA62 into ARG
Mutating residue = GLNA62 into SER
Mutating residue = GLNA62 into HIS
Mutating residue = GLNA62 into THR
Mutating residue = ARGA63 into THR
Mutating residue = ARGA63 into ALA
Mutating residue = ARGA63 into CYS
Mutating residue = ARGA63 into ASP
Mutating residue = ARGA63 into GLU
Mutating residue = ARGA63 into SER
Mutating residue = ARGA63 into LEU
Mutating residue = ARGA63 into ASN
Mutating residue = ARGA63 into MET
Mutating residue = ARGA63 into LYS
Mutating residue = ARGA63 into ILE
Mutating residue = ARGA63 into HIS
Mutating residue = ARGA63 into GLY
Mutating residue = ARGA63 into PHE
Mutating residue = ARGA63 into PRO
Mutating residue = ARGA63 into GLN
Mutating residue = ARGA63 into VAL
Mutating residue = ARGA63 into TRP
Mutating residue = ARGA63 into TYR
Mutating residue = VALA64 into ILE
Mutating residue = VALA64 into LYS
Your file run OK
End time of FoldX: Sat May  9 16:37:58 2026
Total time spend: 1244.84 seconds.
validated file "LGK_1.pdb" => successfully finished
validated file "LGK_2.pdb" => successfully finished
validated file "LGK_3.pdb" => successfully finished
validated file "LGK_4.pdb" => successfully finished
validated file "LGK_5.pdb" => successfully finished
validated file "LGK_6.pdb" => successfully finished
validated file "LGK_7.pdb" => successfully finished
validated file "LGK_8.pdb" => successfully finished
validated file "LGK_9.pdb" => successfully finished
validated file "LGK_10.pdb" => successfully finished
validated file "LGK_11.pdb" => successfully finished
validated file "LGK_12.pdb" => successfully finished
validated file "LGK_13.pdb" => successfully finished
validated file "LGK_14.pdb" => successfully finished
validated file "LGK_15.pdb" => successfully finished
validated file "LGK_16.pdb" => successfully finished
validated file "LGK_17.pdb" => successfully finished
validated file "LGK_18.pdb" => successfully finished
validated file "LGK_19.pdb" => successfully finished
validated file "LGK_20.pdb" => successfully finished
validated file "LGK_21.pdb" => successfully finished
validated file "LGK_22.pdb" => successfully finished
validated file "LGK_23.pdb" => successfully finished
validated file "LGK_24.pdb" => successfully finished
validated file "LGK_25.pdb" => successfully finished
validated file "LGK_26.pdb" => successfully finished
validated file "LGK_27.pdb" => successfully finished
validated file "LGK_28.pdb" => successfully finished
validated file "LGK_29.pdb" => successfully finished
validated file "LGK_30.pdb" => successfully finished
validated file "LGK_31.pdb" => successfully finished
validated file "LGK_32.pdb" => successfully finished
validated file "LGK_33.pdb" => successfully finished
validated file "LGK_34.pdb" => successfully finished
validated file "LGK_35.pdb" => successfully finished
validated file "LGK_36.pdb" => successfully finished
validated file "LGK_37.pdb" => successfully finished
validated file "LGK_38.pdb" => successfully finished
validated file "LGK_39.pdb" => successfully finished
validated file "LGK_40.pdb" => successfully finished
validated file "LGK_41.pdb" => successfully finished
validated file "LGK_42.pdb" => successfully finished
validated file "LGK_43.pdb" => successfully finished
validated file "LGK_44.pdb" => successfully finished
validated file "LGK_45.pdb" => successfully finished
validated file "LGK_46.pdb" => successfully finished
validated file "LGK_47.pdb" => successfully finished
validated file "LGK_48.pdb" => successfully finished
validated file "LGK_49.pdb" => successfully finished
validated file "LGK_50.pdb" => successfully finished
Cleaning BuildModel...DONE
任务 22 结果提取成功，已映射突变信息。
