   ********************************************
   ***                                      ***
   ***             FoldX 5.1 (c)            ***
   ***                                      ***
   ***     code by the FoldX Consortium     ***
   ***                                      ***
   ***     Jesper Borg, Frederic Rousseau   ***
   ***    Joost Schymkowitz, Luis Serrano   ***
   ***    Peter Vanhee, Erik Verschueren    ***
   ***     Lies Baeten, Javier Delgado      ***
   ***       and Francois Stricher          ***
   *** and any other of the 9! permutations ***
   ***   based on an original concept by    ***
   ***   Raphael Guerois and Luis Serrano   ***
   ********************************************

1 models read: LGK.pdb
1 models read: LGK.pdb

BackHbond       =               -302.35
SideHbond       =               -110.79
Energy_VdW      =               -510.89
Electro         =               -26.48
Energy_SolvP    =               715.83
Energy_SolvH    =               -665.00
Energy_vdwclash =               20.72
energy_torsion  =               6.69
backbone_vdwclash=              271.11
Entropy_sidec   =               262.00
Entropy_mainc   =               659.34
water bonds     =               0.00
helix dipole    =               -1.49
loop_entropy    =               0.00
cis_bond        =               2.25
disulfide       =               0.00
kn electrostatic=               0.00
partial covalent interactions = 0.00
Energy_Ionisation =             1.37
Entropy Complex =               0.00
-----------------------------------------------------------
Total          = 				  51.22


BackHbond       =               -302.35
SideHbond       =               -110.79
Energy_VdW      =               -510.89
Electro         =               -26.48
Energy_SolvP    =               715.83
Energy_SolvH    =               -665.00
Energy_vdwclash =               20.72
energy_torsion  =               6.69
backbone_vdwclash=              271.11
Entropy_sidec   =               262.00
Entropy_mainc   =               659.34
water bonds     =               0.00
helix dipole    =               -1.49
loop_entropy    =               0.00
cis_bond        =               2.25
disulfide       =               0.00
kn electrostatic=               0.00
partial covalent interactions = 0.00
Energy_Ionisation =             1.37
Entropy Complex =               0.00
-----------------------------------------------------------
Total          = 				  51.22

Starting BuildModel
Reading GA126C;
Reading GA126D;
Reading GA126E;
Reading GA126A;
Reading GA126F;
Reading GA126H;
Reading GA126Y;
Reading GA126W;
Reading GA126V;
Reading GA126T;
Reading GA126S;
Reading GA126Q;
Reading GA126R;
Reading GA126N;
Reading GA126M;
Reading GA126L;
Reading GA126K;
Reading GA126I;
Reading GA126P;
Reading QA127E;
Reading QA127C;
Reading QA127D;
Reading QA127F;
Reading QA127A;
Reading QA127H;
Reading QA127I;
Reading QA127K;
Reading QA127L;
Reading QA127M;
Reading QA127N;
Reading QA127G;
Reading QA127Y;
Reading QA127W;
Reading QA127V;
Reading QA127T;
Reading QA127S;
Reading QA127R;
Reading QA127P;
Reading VA128P;
Reading VA128N;
Reading VA128K;
Reading VA128L;
Reading VA128Q;
Reading VA128I;
Reading VA128H;
Reading VA128G;
Reading VA128F;
Reading VA128E;
Reading VA128D;
Reading VA128C;
Residue to Mutate GLYA126 has residue index 125
Residue to Mutate GLYA126 has residue index 125
Residue to Mutate GLYA126 has residue index 125
Residue to Mutate GLYA126 has residue index 125
Residue to Mutate GLYA126 has residue index 125
Residue to Mutate GLYA126 has residue index 125
Residue to Mutate GLYA126 has residue index 125
Residue to Mutate GLYA126 has residue index 125
Residue to Mutate GLYA126 has residue index 125
Residue to Mutate GLYA126 has residue index 125
Residue to Mutate GLYA126 has residue index 125
Residue to Mutate GLYA126 has residue index 125
Residue to Mutate GLYA126 has residue index 125
Residue to Mutate GLYA126 has residue index 125
Residue to Mutate GLYA126 has residue index 125
Residue to Mutate GLYA126 has residue index 125
Residue to Mutate GLYA126 has residue index 125
Residue to Mutate GLYA126 has residue index 125
Residue to Mutate GLYA126 has residue index 125
Residue to Mutate GLNA127 has residue index 126
Residue to Mutate GLNA127 has residue index 126
Residue to Mutate GLNA127 has residue index 126
Residue to Mutate GLNA127 has residue index 126
Residue to Mutate GLNA127 has residue index 126
Residue to Mutate GLNA127 has residue index 126
Residue to Mutate GLNA127 has residue index 126
Residue to Mutate GLNA127 has residue index 126
Residue to Mutate GLNA127 has residue index 126
Residue to Mutate GLNA127 has residue index 126
Residue to Mutate GLNA127 has residue index 126
Residue to Mutate GLNA127 has residue index 126
Residue to Mutate GLNA127 has residue index 126
Residue to Mutate GLNA127 has residue index 126
Residue to Mutate GLNA127 has residue index 126
Residue to Mutate GLNA127 has residue index 126
Residue to Mutate GLNA127 has residue index 126
Residue to Mutate GLNA127 has residue index 126
Residue to Mutate GLNA127 has residue index 126
Residue to Mutate VALA128 has residue index 127
Residue to Mutate VALA128 has residue index 127
Residue to Mutate VALA128 has residue index 127
Residue to Mutate VALA128 has residue index 127
Residue to Mutate VALA128 has residue index 127
Residue to Mutate VALA128 has residue index 127
Residue to Mutate VALA128 has residue index 127
Residue to Mutate VALA128 has residue index 127
Residue to Mutate VALA128 has residue index 127
Residue to Mutate VALA128 has residue index 127
Residue to Mutate VALA128 has residue index 127
Residue to Mutate VALA128 has residue index 127
Mutating residue = GLYA126 into CYS
Mutating residue = GLYA126 into ASP
Mutating residue = GLYA126 into GLU
Mutating residue = GLYA126 into ALA
Mutating residue = GLYA126 into PHE
Mutating residue = GLYA126 into HIS
Mutating residue = GLYA126 into TYR
Mutating residue = GLYA126 into TRP
Mutating residue = GLYA126 into VAL
Mutating residue = GLYA126 into THR
Mutating residue = GLYA126 into SER
Mutating residue = GLYA126 into GLN
Mutating residue = GLYA126 into ARG
Mutating residue = GLYA126 into ASN
Mutating residue = GLYA126 into MET
Mutating residue = GLYA126 into LEU
Mutating residue = GLYA126 into LYS
Mutating residue = GLYA126 into ILE
Mutating residue = GLYA126 into PRO
Mutating residue = GLNA127 into GLU
Mutating residue = GLNA127 into CYS
Mutating residue = GLNA127 into ASP
Mutating residue = GLNA127 into PHE
Mutating residue = GLNA127 into ALA
Mutating residue = GLNA127 into HIS
Mutating residue = GLNA127 into ILE
Mutating residue = GLNA127 into LYS
Mutating residue = GLNA127 into LEU
Mutating residue = GLNA127 into MET
Mutating residue = GLNA127 into ASN
Mutating residue = GLNA127 into GLY
Mutating residue = GLNA127 into TYR
Mutating residue = GLNA127 into TRP
Mutating residue = GLNA127 into VAL
Mutating residue = GLNA127 into THR
Mutating residue = GLNA127 into SER
Mutating residue = GLNA127 into ARG
Mutating residue = GLNA127 into PRO
Mutating residue = VALA128 into PRO
Mutating residue = VALA128 into ASN
Mutating residue = VALA128 into LYS
Mutating residue = VALA128 into LEU
Mutating residue = VALA128 into GLN
Mutating residue = VALA128 into ILE
Mutating residue = VALA128 into HIS
Mutating residue = VALA128 into GLY
Mutating residue = VALA128 into PHE
Mutating residue = VALA128 into GLU
Mutating residue = VALA128 into ASP
Mutating residue = VALA128 into CYS
Your file run OK
End time of FoldX: Sat May  9 16:19:14 2026
Total time spend: 121.72 seconds.
validated file "LGK_1.pdb" => successfully finished
validated file "LGK_2.pdb" => successfully finished
validated file "LGK_3.pdb" => successfully finished
validated file "LGK_4.pdb" => successfully finished
validated file "LGK_5.pdb" => successfully finished
validated file "LGK_6.pdb" => successfully finished
validated file "LGK_7.pdb" => successfully finished
validated file "LGK_8.pdb" => successfully finished
validated file "LGK_9.pdb" => successfully finished
validated file "LGK_10.pdb" => successfully finished
validated file "LGK_11.pdb" => successfully finished
validated file "LGK_12.pdb" => successfully finished
validated file "LGK_13.pdb" => successfully finished
validated file "LGK_14.pdb" => successfully finished
validated file "LGK_15.pdb" => successfully finished
validated file "LGK_16.pdb" => successfully finished
validated file "LGK_17.pdb" => successfully finished
validated file "LGK_18.pdb" => successfully finished
validated file "LGK_19.pdb" => successfully finished
validated file "LGK_20.pdb" => successfully finished
validated file "LGK_21.pdb" => successfully finished
validated file "LGK_22.pdb" => successfully finished
validated file "LGK_23.pdb" => successfully finished
validated file "LGK_24.pdb" => successfully finished
validated file "LGK_25.pdb" => successfully finished
validated file "LGK_26.pdb" => successfully finished
validated file "LGK_27.pdb" => successfully finished
validated file "LGK_28.pdb" => successfully finished
validated file "LGK_29.pdb" => successfully finished
validated file "LGK_30.pdb" => successfully finished
validated file "LGK_31.pdb" => successfully finished
validated file "LGK_32.pdb" => successfully finished
validated file "LGK_33.pdb" => successfully finished
validated file "LGK_34.pdb" => successfully finished
validated file "LGK_35.pdb" => successfully finished
validated file "LGK_36.pdb" => successfully finished
validated file "LGK_37.pdb" => successfully finished
validated file "LGK_38.pdb" => successfully finished
validated file "LGK_39.pdb" => successfully finished
validated file "LGK_40.pdb" => successfully finished
validated file "LGK_41.pdb" => successfully finished
validated file "LGK_42.pdb" => successfully finished
validated file "LGK_43.pdb" => successfully finished
validated file "LGK_44.pdb" => successfully finished
validated file "LGK_45.pdb" => successfully finished
validated file "LGK_46.pdb" => successfully finished
validated file "LGK_47.pdb" => successfully finished
validated file "LGK_48.pdb" => successfully finished
validated file "LGK_49.pdb" => successfully finished
validated file "LGK_50.pdb" => successfully finished
Cleaning BuildModel...DONE
任务 45 结果提取成功，已映射突变信息。
