   ********************************************
   ***                                      ***
   ***             FoldX 5.1 (c)            ***
   ***                                      ***
   ***     code by the FoldX Consortium     ***
   ***                                      ***
   ***     Jesper Borg, Frederic Rousseau   ***
   ***    Joost Schymkowitz, Luis Serrano   ***
   ***    Peter Vanhee, Erik Verschueren    ***
   ***     Lies Baeten, Javier Delgado      ***
   ***       and Francois Stricher          ***
   *** and any other of the 9! permutations ***
   ***   based on an original concept by    ***
   ***   Raphael Guerois and Luis Serrano   ***
   ********************************************

1 models read: LGK.pdb
1 models read: LGK.pdb

BackHbond       =               -302.35
SideHbond       =               -110.79
Energy_VdW      =               -510.89
Electro         =               -26.48
Energy_SolvP    =               715.83
Energy_SolvH    =               -665.00
Energy_vdwclash =               20.72
energy_torsion  =               6.69
backbone_vdwclash=              271.11
Entropy_sidec   =               262.00
Entropy_mainc   =               659.34
water bonds     =               0.00
helix dipole    =               -1.49
loop_entropy    =               0.00
cis_bond        =               2.25
disulfide       =               0.00
kn electrostatic=               0.00
partial covalent interactions = 0.00
Energy_Ionisation =             1.37
Entropy Complex =               0.00
-----------------------------------------------------------
Total          = 				  51.22


BackHbond       =               -302.35
SideHbond       =               -110.79
Energy_VdW      =               -510.89
Electro         =               -26.48
Energy_SolvP    =               715.83
Energy_SolvH    =               -665.00
Energy_vdwclash =               20.72
energy_torsion  =               6.69
backbone_vdwclash=              271.11
Entropy_sidec   =               262.00
Entropy_mainc   =               659.34
water bonds     =               0.00
helix dipole    =               -1.49
loop_entropy    =               0.00
cis_bond        =               2.25
disulfide       =               0.00
kn electrostatic=               0.00
partial covalent interactions = 0.00
Energy_Ionisation =             1.37
Entropy Complex =               0.00
-----------------------------------------------------------
Total          = 				  51.22

Starting BuildModel
Reading EA99I;
Reading EA99K;
Reading EA99L;
Reading EA99V;
Reading EA99Y;
Reading EA99W;
Reading EA99T;
Reading EA99S;
Reading EA99R;
Reading EA99Q;
Reading EA99C;
Reading EA99M;
Reading EA99A;
Reading EA99N;
Reading EA99P;
Reading RA100C;
Reading RA100Y;
Reading RA100W;
Reading RA100V;
Reading RA100T;
Reading RA100S;
Reading RA100Q;
Reading RA100P;
Reading RA100N;
Reading RA100M;
Reading RA100I;
Reading RA100H;
Reading RA100G;
Reading RA100F;
Reading RA100E;
Reading RA100D;
Reading RA100A;
Reading RA100L;
Reading RA100K;
Reading NA101H;
Reading NA101V;
Reading NA101T;
Reading NA101S;
Reading NA101Q;
Reading NA101P;
Reading NA101M;
Reading NA101L;
Reading NA101K;
Reading NA101I;
Reading NA101G;
Reading NA101F;
Reading NA101E;
Reading NA101D;
Reading NA101C;
Reading NA101A;
Residue to Mutate GLUA99 has residue index 98
Residue to Mutate GLUA99 has residue index 98
Residue to Mutate GLUA99 has residue index 98
Residue to Mutate GLUA99 has residue index 98
Residue to Mutate GLUA99 has residue index 98
Residue to Mutate GLUA99 has residue index 98
Residue to Mutate GLUA99 has residue index 98
Residue to Mutate GLUA99 has residue index 98
Residue to Mutate GLUA99 has residue index 98
Residue to Mutate GLUA99 has residue index 98
Residue to Mutate GLUA99 has residue index 98
Residue to Mutate GLUA99 has residue index 98
Residue to Mutate GLUA99 has residue index 98
Residue to Mutate GLUA99 has residue index 98
Residue to Mutate GLUA99 has residue index 98
Residue to Mutate ARGA100 has residue index 99
Residue to Mutate ARGA100 has residue index 99
Residue to Mutate ARGA100 has residue index 99
Residue to Mutate ARGA100 has residue index 99
Residue to Mutate ARGA100 has residue index 99
Residue to Mutate ARGA100 has residue index 99
Residue to Mutate ARGA100 has residue index 99
Residue to Mutate ARGA100 has residue index 99
Residue to Mutate ARGA100 has residue index 99
Residue to Mutate ARGA100 has residue index 99
Residue to Mutate ARGA100 has residue index 99
Residue to Mutate ARGA100 has residue index 99
Residue to Mutate ARGA100 has residue index 99
Residue to Mutate ARGA100 has residue index 99
Residue to Mutate ARGA100 has residue index 99
Residue to Mutate ARGA100 has residue index 99
Residue to Mutate ARGA100 has residue index 99
Residue to Mutate ARGA100 has residue index 99
Residue to Mutate ARGA100 has residue index 99
Residue to Mutate ASNA101 has residue index 100
Residue to Mutate ASNA101 has residue index 100
Residue to Mutate ASNA101 has residue index 100
Residue to Mutate ASNA101 has residue index 100
Residue to Mutate ASNA101 has residue index 100
Residue to Mutate ASNA101 has residue index 100
Residue to Mutate ASNA101 has residue index 100
Residue to Mutate ASNA101 has residue index 100
Residue to Mutate ASNA101 has residue index 100
Residue to Mutate ASNA101 has residue index 100
Residue to Mutate ASNA101 has residue index 100
Residue to Mutate ASNA101 has residue index 100
Residue to Mutate ASNA101 has residue index 100
Residue to Mutate ASNA101 has residue index 100
Residue to Mutate ASNA101 has residue index 100
Residue to Mutate ASNA101 has residue index 100
Mutating residue = GLUA99 into ILE
Mutating residue = GLUA99 into LYS
Mutating residue = GLUA99 into LEU
Mutating residue = GLUA99 into VAL
Mutating residue = GLUA99 into TYR
Mutating residue = GLUA99 into TRP
Mutating residue = GLUA99 into THR
Mutating residue = GLUA99 into SER
Mutating residue = GLUA99 into ARG
Mutating residue = GLUA99 into GLN
Mutating residue = GLUA99 into CYS
Mutating residue = GLUA99 into MET
Mutating residue = GLUA99 into ALA
Mutating residue = GLUA99 into ASN
Mutating residue = GLUA99 into PRO
Mutating residue = ARGA100 into CYS
Mutating residue = ARGA100 into TYR
Mutating residue = ARGA100 into TRP
Mutating residue = ARGA100 into VAL
Mutating residue = ARGA100 into THR
Mutating residue = ARGA100 into SER
Mutating residue = ARGA100 into GLN
Mutating residue = ARGA100 into PRO
Mutating residue = ARGA100 into ASN
Mutating residue = ARGA100 into MET
Mutating residue = ARGA100 into ILE
Mutating residue = ARGA100 into HIS
Mutating residue = ARGA100 into GLY
Mutating residue = ARGA100 into PHE
Mutating residue = ARGA100 into GLU
Mutating residue = ARGA100 into ASP
Mutating residue = ARGA100 into ALA
Mutating residue = ARGA100 into LEU
Mutating residue = ARGA100 into LYS
Mutating residue = ASNA101 into HIS
Mutating residue = ASNA101 into VAL
Mutating residue = ASNA101 into THR
Mutating residue = ASNA101 into SER
Mutating residue = ASNA101 into GLN
Mutating residue = ASNA101 into PRO
Mutating residue = ASNA101 into MET
Mutating residue = ASNA101 into LEU
Mutating residue = ASNA101 into LYS
Mutating residue = ASNA101 into ILE
Mutating residue = ASNA101 into GLY
Mutating residue = ASNA101 into PHE
Mutating residue = ASNA101 into GLU
Mutating residue = ASNA101 into ASP
Mutating residue = ASNA101 into CYS
Mutating residue = ASNA101 into ALA
Your file run OK
End time of FoldX: Sat May  9 16:20:15 2026
Total time spend: 184.22 seconds.
validated file "LGK_1.pdb" => successfully finished
validated file "LGK_2.pdb" => successfully finished
validated file "LGK_3.pdb" => successfully finished
validated file "LGK_4.pdb" => successfully finished
validated file "LGK_5.pdb" => successfully finished
validated file "LGK_6.pdb" => successfully finished
validated file "LGK_7.pdb" => successfully finished
validated file "LGK_8.pdb" => successfully finished
validated file "LGK_9.pdb" => successfully finished
validated file "LGK_10.pdb" => successfully finished
validated file "LGK_11.pdb" => successfully finished
validated file "LGK_12.pdb" => successfully finished
validated file "LGK_13.pdb" => successfully finished
validated file "LGK_14.pdb" => successfully finished
validated file "LGK_15.pdb" => successfully finished
validated file "LGK_16.pdb" => successfully finished
validated file "LGK_17.pdb" => successfully finished
validated file "LGK_18.pdb" => successfully finished
validated file "LGK_19.pdb" => successfully finished
validated file "LGK_20.pdb" => successfully finished
validated file "LGK_21.pdb" => successfully finished
validated file "LGK_22.pdb" => successfully finished
validated file "LGK_23.pdb" => successfully finished
validated file "LGK_24.pdb" => successfully finished
validated file "LGK_25.pdb" => successfully finished
validated file "LGK_26.pdb" => successfully finished
validated file "LGK_27.pdb" => successfully finished
validated file "LGK_28.pdb" => successfully finished
validated file "LGK_29.pdb" => successfully finished
validated file "LGK_30.pdb" => successfully finished
validated file "LGK_31.pdb" => successfully finished
validated file "LGK_32.pdb" => successfully finished
validated file "LGK_33.pdb" => successfully finished
validated file "LGK_34.pdb" => successfully finished
validated file "LGK_35.pdb" => successfully finished
validated file "LGK_36.pdb" => successfully finished
validated file "LGK_37.pdb" => successfully finished
validated file "LGK_38.pdb" => successfully finished
validated file "LGK_39.pdb" => successfully finished
validated file "LGK_40.pdb" => successfully finished
validated file "LGK_41.pdb" => successfully finished
validated file "LGK_42.pdb" => successfully finished
validated file "LGK_43.pdb" => successfully finished
validated file "LGK_44.pdb" => successfully finished
validated file "LGK_45.pdb" => successfully finished
validated file "LGK_46.pdb" => successfully finished
validated file "LGK_47.pdb" => successfully finished
validated file "LGK_48.pdb" => successfully finished
validated file "LGK_49.pdb" => successfully finished
validated file "LGK_50.pdb" => successfully finished
Cleaning BuildModel...DONE
任务 35 结果提取成功，已映射突变信息。
