   ********************************************
   ***                                      ***
   ***             FoldX 5.1 (c)            ***
   ***                                      ***
   ***     code by the FoldX Consortium     ***
   ***                                      ***
   ***     Jesper Borg, Frederic Rousseau   ***
   ***    Joost Schymkowitz, Luis Serrano   ***
   ***    Peter Vanhee, Erik Verschueren    ***
   ***     Lies Baeten, Javier Delgado      ***
   ***       and Francois Stricher          ***
   *** and any other of the 9! permutations ***
   ***   based on an original concept by    ***
   ***   Raphael Guerois and Luis Serrano   ***
   ********************************************

1 models read: LGK.pdb
1 models read: LGK.pdb

BackHbond       =               -302.35
SideHbond       =               -110.79
Energy_VdW      =               -510.89
Electro         =               -26.48
Energy_SolvP    =               715.83
Energy_SolvH    =               -665.00
Energy_vdwclash =               20.72
energy_torsion  =               6.69
backbone_vdwclash=              271.11
Entropy_sidec   =               262.00
Entropy_mainc   =               659.34
water bonds     =               0.00
helix dipole    =               -1.49
loop_entropy    =               0.00
cis_bond        =               2.25
disulfide       =               0.00
kn electrostatic=               0.00
partial covalent interactions = 0.00
Energy_Ionisation =             1.37
Entropy Complex =               0.00
-----------------------------------------------------------
Total          = 				  51.22


BackHbond       =               -302.35
SideHbond       =               -110.79
Energy_VdW      =               -510.89
Electro         =               -26.48
Energy_SolvP    =               715.83
Energy_SolvH    =               -665.00
Energy_vdwclash =               20.72
energy_torsion  =               6.69
backbone_vdwclash=              271.11
Entropy_sidec   =               262.00
Entropy_mainc   =               659.34
water bonds     =               0.00
helix dipole    =               -1.49
loop_entropy    =               0.00
cis_bond        =               2.25
disulfide       =               0.00
kn electrostatic=               0.00
partial covalent interactions = 0.00
Energy_Ionisation =             1.37
Entropy Complex =               0.00
-----------------------------------------------------------
Total          = 				  51.22

Starting BuildModel
Reading RA161N;
Reading RA161M;
Reading RA161S;
Reading RA161K;
Reading RA161I;
Reading RA161H;
Reading RA161G;
Reading RA161F;
Reading RA161E;
Reading RA161D;
Reading RA161L;
Reading QA162Y;
Reading QA162D;
Reading QA162E;
Reading QA162F;
Reading QA162G;
Reading QA162H;
Reading QA162W;
Reading QA162L;
Reading QA162T;
Reading QA162S;
Reading QA162R;
Reading QA162P;
Reading QA162N;
Reading QA162M;
Reading QA162C;
Reading QA162V;
Reading QA162A;
Reading QA162I;
Reading QA162K;
Reading GA163R;
Reading GA163A;
Reading GA163C;
Reading GA163D;
Reading GA163E;
Reading GA163F;
Reading GA163H;
Reading GA163I;
Reading GA163L;
Reading GA163N;
Reading GA163P;
Reading GA163Q;
Reading GA163T;
Reading GA163S;
Reading GA163V;
Reading GA163W;
Reading GA163Y;
Reading AA164V;
Reading AA164T;
Reading AA164S;
Residue to Mutate ARGA161 has residue index 160
Residue to Mutate ARGA161 has residue index 160
Residue to Mutate ARGA161 has residue index 160
Residue to Mutate ARGA161 has residue index 160
Residue to Mutate ARGA161 has residue index 160
Residue to Mutate ARGA161 has residue index 160
Residue to Mutate ARGA161 has residue index 160
Residue to Mutate ARGA161 has residue index 160
Residue to Mutate ARGA161 has residue index 160
Residue to Mutate ARGA161 has residue index 160
Residue to Mutate ARGA161 has residue index 160
Residue to Mutate GLNA162 has residue index 161
Residue to Mutate GLNA162 has residue index 161
Residue to Mutate GLNA162 has residue index 161
Residue to Mutate GLNA162 has residue index 161
Residue to Mutate GLNA162 has residue index 161
Residue to Mutate GLNA162 has residue index 161
Residue to Mutate GLNA162 has residue index 161
Residue to Mutate GLNA162 has residue index 161
Residue to Mutate GLNA162 has residue index 161
Residue to Mutate GLNA162 has residue index 161
Residue to Mutate GLNA162 has residue index 161
Residue to Mutate GLNA162 has residue index 161
Residue to Mutate GLNA162 has residue index 161
Residue to Mutate GLNA162 has residue index 161
Residue to Mutate GLNA162 has residue index 161
Residue to Mutate GLNA162 has residue index 161
Residue to Mutate GLNA162 has residue index 161
Residue to Mutate GLNA162 has residue index 161
Residue to Mutate GLNA162 has residue index 161
Residue to Mutate GLYA163 has residue index 162
Residue to Mutate GLYA163 has residue index 162
Residue to Mutate GLYA163 has residue index 162
Residue to Mutate GLYA163 has residue index 162
Residue to Mutate GLYA163 has residue index 162
Residue to Mutate GLYA163 has residue index 162
Residue to Mutate GLYA163 has residue index 162
Residue to Mutate GLYA163 has residue index 162
Residue to Mutate GLYA163 has residue index 162
Residue to Mutate GLYA163 has residue index 162
Residue to Mutate GLYA163 has residue index 162
Residue to Mutate GLYA163 has residue index 162
Residue to Mutate GLYA163 has residue index 162
Residue to Mutate GLYA163 has residue index 162
Residue to Mutate GLYA163 has residue index 162
Residue to Mutate GLYA163 has residue index 162
Residue to Mutate GLYA163 has residue index 162
Residue to Mutate ALAA164 has residue index 163
Residue to Mutate ALAA164 has residue index 163
Residue to Mutate ALAA164 has residue index 163
Mutating residue = ARGA161 into ASN
Mutating residue = ARGA161 into MET
Mutating residue = ARGA161 into SER
Mutating residue = ARGA161 into LYS
Mutating residue = ARGA161 into ILE
Mutating residue = ARGA161 into HIS
Mutating residue = ARGA161 into GLY
Mutating residue = ARGA161 into PHE
Mutating residue = ARGA161 into GLU
Mutating residue = ARGA161 into ASP
Mutating residue = ARGA161 into LEU
Mutating residue = GLNA162 into TYR
Mutating residue = GLNA162 into ASP
Mutating residue = GLNA162 into GLU
Mutating residue = GLNA162 into PHE
Mutating residue = GLNA162 into GLY
Mutating residue = GLNA162 into HIS
Mutating residue = GLNA162 into TRP
Mutating residue = GLNA162 into LEU
Mutating residue = GLNA162 into THR
Mutating residue = GLNA162 into SER
Mutating residue = GLNA162 into ARG
Mutating residue = GLNA162 into PRO
Mutating residue = GLNA162 into ASN
Mutating residue = GLNA162 into MET
Mutating residue = GLNA162 into CYS
Mutating residue = GLNA162 into VAL
Mutating residue = GLNA162 into ALA
Mutating residue = GLNA162 into ILE
Mutating residue = GLNA162 into LYS
Mutating residue = GLYA163 into ARG
Mutating residue = GLYA163 into ALA
Mutating residue = GLYA163 into CYS
Mutating residue = GLYA163 into ASP
Mutating residue = GLYA163 into GLU
Mutating residue = GLYA163 into PHE
Mutating residue = GLYA163 into HIS
Mutating residue = GLYA163 into ILE
Mutating residue = GLYA163 into LEU
Mutating residue = GLYA163 into ASN
Mutating residue = GLYA163 into PRO
Mutating residue = GLYA163 into GLN
Mutating residue = GLYA163 into THR
Mutating residue = GLYA163 into SER
Mutating residue = GLYA163 into VAL
Mutating residue = GLYA163 into TRP
Mutating residue = GLYA163 into TYR
Mutating residue = ALAA164 into VAL
Mutating residue = ALAA164 into THR
Mutating residue = ALAA164 into SER
Your file run OK
End time of FoldX: Sat May  9 16:26:08 2026
Total time spend: 536.07 seconds.
validated file "LGK_1.pdb" => successfully finished
validated file "LGK_2.pdb" => successfully finished
validated file "LGK_3.pdb" => successfully finished
validated file "LGK_4.pdb" => successfully finished
validated file "LGK_5.pdb" => successfully finished
validated file "LGK_6.pdb" => successfully finished
validated file "LGK_7.pdb" => successfully finished
validated file "LGK_8.pdb" => successfully finished
validated file "LGK_9.pdb" => successfully finished
validated file "LGK_10.pdb" => successfully finished
validated file "LGK_11.pdb" => successfully finished
validated file "LGK_12.pdb" => successfully finished
validated file "LGK_13.pdb" => successfully finished
validated file "LGK_14.pdb" => successfully finished
validated file "LGK_15.pdb" => successfully finished
validated file "LGK_16.pdb" => successfully finished
validated file "LGK_17.pdb" => successfully finished
validated file "LGK_18.pdb" => successfully finished
validated file "LGK_19.pdb" => successfully finished
validated file "LGK_20.pdb" => successfully finished
validated file "LGK_21.pdb" => successfully finished
validated file "LGK_22.pdb" => successfully finished
validated file "LGK_23.pdb" => successfully finished
validated file "LGK_24.pdb" => successfully finished
validated file "LGK_25.pdb" => successfully finished
validated file "LGK_26.pdb" => successfully finished
validated file "LGK_27.pdb" => successfully finished
validated file "LGK_28.pdb" => successfully finished
validated file "LGK_29.pdb" => successfully finished
validated file "LGK_30.pdb" => successfully finished
validated file "LGK_31.pdb" => successfully finished
validated file "LGK_32.pdb" => successfully finished
validated file "LGK_33.pdb" => successfully finished
validated file "LGK_34.pdb" => successfully finished
validated file "LGK_35.pdb" => successfully finished
validated file "LGK_36.pdb" => successfully finished
validated file "LGK_37.pdb" => successfully finished
validated file "LGK_38.pdb" => successfully finished
validated file "LGK_39.pdb" => successfully finished
validated file "LGK_40.pdb" => successfully finished
validated file "LGK_41.pdb" => successfully finished
validated file "LGK_42.pdb" => successfully finished
validated file "LGK_43.pdb" => successfully finished
validated file "LGK_44.pdb" => successfully finished
validated file "LGK_45.pdb" => successfully finished
validated file "LGK_46.pdb" => successfully finished
validated file "LGK_47.pdb" => successfully finished
validated file "LGK_48.pdb" => successfully finished
validated file "LGK_49.pdb" => successfully finished
validated file "LGK_50.pdb" => successfully finished
Cleaning BuildModel...DONE
任务 58 结果提取成功，已映射突变信息。
