   ********************************************
   ***                                      ***
   ***             FoldX 5.1 (c)            ***
   ***                                      ***
   ***     code by the FoldX Consortium     ***
   ***                                      ***
   ***     Jesper Borg, Frederic Rousseau   ***
   ***    Joost Schymkowitz, Luis Serrano   ***
   ***    Peter Vanhee, Erik Verschueren    ***
   ***     Lies Baeten, Javier Delgado      ***
   ***       and Francois Stricher          ***
   *** and any other of the 9! permutations ***
   ***   based on an original concept by    ***
   ***   Raphael Guerois and Luis Serrano   ***
   ********************************************

1 models read: LGK.pdb
1 models read: LGK.pdb

BackHbond       =               -302.35
SideHbond       =               -110.79
Energy_VdW      =               -510.89
Electro         =               -26.48
Energy_SolvP    =               715.83
Energy_SolvH    =               -665.00
Energy_vdwclash =               20.72
energy_torsion  =               6.69
backbone_vdwclash=              271.11
Entropy_sidec   =               262.00
Entropy_mainc   =               659.34
water bonds     =               0.00
helix dipole    =               -1.49
loop_entropy    =               0.00
cis_bond        =               2.25
disulfide       =               0.00
kn electrostatic=               0.00
partial covalent interactions = 0.00
Energy_Ionisation =             1.37
Entropy Complex =               0.00
-----------------------------------------------------------
Total          = 				  51.22


BackHbond       =               -302.35
SideHbond       =               -110.79
Energy_VdW      =               -510.89
Electro         =               -26.48
Energy_SolvP    =               715.83
Energy_SolvH    =               -665.00
Energy_vdwclash =               20.72
energy_torsion  =               6.69
backbone_vdwclash=              271.11
Entropy_sidec   =               262.00
Entropy_mainc   =               659.34
water bonds     =               0.00
helix dipole    =               -1.49
loop_entropy    =               0.00
cis_bond        =               2.25
disulfide       =               0.00
kn electrostatic=               0.00
partial covalent interactions = 0.00
Energy_Ionisation =             1.37
Entropy Complex =               0.00
-----------------------------------------------------------
Total          = 				  51.22

Starting BuildModel
Reading GA399N;
Reading GA399I;
Reading GA399L;
Reading GA399K;
Reading GA399H;
Reading GA399F;
Reading GA399E;
Reading GA399D;
Reading GA399A;
Reading GA399Y;
Reading GA399C;
Reading GA399M;
Reading LA400M;
Reading LA400P;
Reading LA400V;
Reading LA400T;
Reading LA400H;
Reading LA400G;
Reading LA400D;
Reading LA400C;
Reading LA400A;
Reading LA400S;
Reading LA400Q;
Reading LA400R;
Reading NA401M;
Reading NA401P;
Reading NA401S;
Reading NA401K;
Reading NA401I;
Reading NA401H;
Reading NA401G;
Reading NA401Q;
Reading NA401R;
Reading NA401F;
Reading NA401T;
Reading NA401L;
Reading NA401W;
Reading NA401Y;
Reading NA401E;
Reading NA401D;
Reading NA401C;
Reading NA401A;
Reading NA401V;
Reading YA402M;
Reading YA402G;
Reading YA402F;
Reading YA402E;
Reading YA402D;
Reading YA402H;
Reading YA402I;
Residue to Mutate GLYA399 has residue index 398
Residue to Mutate GLYA399 has residue index 398
Residue to Mutate GLYA399 has residue index 398
Residue to Mutate GLYA399 has residue index 398
Residue to Mutate GLYA399 has residue index 398
Residue to Mutate GLYA399 has residue index 398
Residue to Mutate GLYA399 has residue index 398
Residue to Mutate GLYA399 has residue index 398
Residue to Mutate GLYA399 has residue index 398
Residue to Mutate GLYA399 has residue index 398
Residue to Mutate GLYA399 has residue index 398
Residue to Mutate GLYA399 has residue index 398
Residue to Mutate LEUA400 has residue index 399
Residue to Mutate LEUA400 has residue index 399
Residue to Mutate LEUA400 has residue index 399
Residue to Mutate LEUA400 has residue index 399
Residue to Mutate LEUA400 has residue index 399
Residue to Mutate LEUA400 has residue index 399
Residue to Mutate LEUA400 has residue index 399
Residue to Mutate LEUA400 has residue index 399
Residue to Mutate LEUA400 has residue index 399
Residue to Mutate LEUA400 has residue index 399
Residue to Mutate LEUA400 has residue index 399
Residue to Mutate LEUA400 has residue index 399
Residue to Mutate ASNA401 has residue index 400
Residue to Mutate ASNA401 has residue index 400
Residue to Mutate ASNA401 has residue index 400
Residue to Mutate ASNA401 has residue index 400
Residue to Mutate ASNA401 has residue index 400
Residue to Mutate ASNA401 has residue index 400
Residue to Mutate ASNA401 has residue index 400
Residue to Mutate ASNA401 has residue index 400
Residue to Mutate ASNA401 has residue index 400
Residue to Mutate ASNA401 has residue index 400
Residue to Mutate ASNA401 has residue index 400
Residue to Mutate ASNA401 has residue index 400
Residue to Mutate ASNA401 has residue index 400
Residue to Mutate ASNA401 has residue index 400
Residue to Mutate ASNA401 has residue index 400
Residue to Mutate ASNA401 has residue index 400
Residue to Mutate ASNA401 has residue index 400
Residue to Mutate ASNA401 has residue index 400
Residue to Mutate ASNA401 has residue index 400
Residue to Mutate TYRA402 has residue index 401
Residue to Mutate TYRA402 has residue index 401
Residue to Mutate TYRA402 has residue index 401
Residue to Mutate TYRA402 has residue index 401
Residue to Mutate TYRA402 has residue index 401
Residue to Mutate TYRA402 has residue index 401
Residue to Mutate TYRA402 has residue index 401
Mutating residue = GLYA399 into ASN
Mutating residue = GLYA399 into ILE
Mutating residue = GLYA399 into LEU
Mutating residue = GLYA399 into LYS
Mutating residue = GLYA399 into HIS
Mutating residue = GLYA399 into PHE
Mutating residue = GLYA399 into GLU
Mutating residue = GLYA399 into ASP
Mutating residue = GLYA399 into ALA
Mutating residue = GLYA399 into TYR
Mutating residue = GLYA399 into CYS
Mutating residue = GLYA399 into MET
Mutating residue = LEUA400 into MET
Mutating residue = LEUA400 into PRO
Mutating residue = LEUA400 into VAL
Mutating residue = LEUA400 into THR
Mutating residue = LEUA400 into HIS
Mutating residue = LEUA400 into GLY
Mutating residue = LEUA400 into ASP
Mutating residue = LEUA400 into CYS
Mutating residue = LEUA400 into ALA
Mutating residue = LEUA400 into SER
Mutating residue = LEUA400 into GLN
Mutating residue = LEUA400 into ARG
Mutating residue = ASNA401 into MET
Mutating residue = ASNA401 into PRO
Mutating residue = ASNA401 into SER
Mutating residue = ASNA401 into LYS
Mutating residue = ASNA401 into ILE
Mutating residue = ASNA401 into HIS
Mutating residue = ASNA401 into GLY
Mutating residue = ASNA401 into GLN
Mutating residue = ASNA401 into ARG
Mutating residue = ASNA401 into PHE
Mutating residue = ASNA401 into THR
Mutating residue = ASNA401 into LEU
Mutating residue = ASNA401 into TRP
Mutating residue = ASNA401 into TYR
Mutating residue = ASNA401 into GLU
Mutating residue = ASNA401 into ASP
Mutating residue = ASNA401 into CYS
Mutating residue = ASNA401 into ALA
Mutating residue = ASNA401 into VAL
Mutating residue = TYRA402 into MET
Mutating residue = TYRA402 into GLY
Mutating residue = TYRA402 into PHE
Mutating residue = TYRA402 into GLU
Mutating residue = TYRA402 into ASP
Mutating residue = TYRA402 into HIS
Mutating residue = TYRA402 into ILE
Your file run OK
End time of FoldX: Sat May  9 16:21:25 2026
Total time spend: 254.07 seconds.
validated file "LGK_1.pdb" => successfully finished
validated file "LGK_2.pdb" => successfully finished
validated file "LGK_3.pdb" => successfully finished
validated file "LGK_4.pdb" => successfully finished
validated file "LGK_5.pdb" => successfully finished
validated file "LGK_6.pdb" => successfully finished
validated file "LGK_7.pdb" => successfully finished
validated file "LGK_8.pdb" => successfully finished
validated file "LGK_9.pdb" => successfully finished
validated file "LGK_10.pdb" => successfully finished
validated file "LGK_11.pdb" => successfully finished
validated file "LGK_12.pdb" => successfully finished
validated file "LGK_13.pdb" => successfully finished
validated file "LGK_14.pdb" => successfully finished
validated file "LGK_15.pdb" => successfully finished
validated file "LGK_16.pdb" => successfully finished
validated file "LGK_17.pdb" => successfully finished
validated file "LGK_18.pdb" => successfully finished
validated file "LGK_19.pdb" => successfully finished
validated file "LGK_20.pdb" => successfully finished
validated file "LGK_21.pdb" => successfully finished
validated file "LGK_22.pdb" => successfully finished
validated file "LGK_23.pdb" => successfully finished
validated file "LGK_24.pdb" => successfully finished
validated file "LGK_25.pdb" => successfully finished
validated file "LGK_26.pdb" => successfully finished
validated file "LGK_27.pdb" => successfully finished
validated file "LGK_28.pdb" => successfully finished
validated file "LGK_29.pdb" => successfully finished
validated file "LGK_30.pdb" => successfully finished
validated file "LGK_31.pdb" => successfully finished
validated file "LGK_32.pdb" => successfully finished
validated file "LGK_33.pdb" => successfully finished
validated file "LGK_34.pdb" => successfully finished
validated file "LGK_35.pdb" => successfully finished
validated file "LGK_36.pdb" => successfully finished
validated file "LGK_37.pdb" => successfully finished
validated file "LGK_38.pdb" => successfully finished
validated file "LGK_39.pdb" => successfully finished
validated file "LGK_40.pdb" => successfully finished
validated file "LGK_41.pdb" => successfully finished
validated file "LGK_42.pdb" => successfully finished
validated file "LGK_43.pdb" => successfully finished
validated file "LGK_44.pdb" => successfully finished
validated file "LGK_45.pdb" => successfully finished
validated file "LGK_46.pdb" => successfully finished
validated file "LGK_47.pdb" => successfully finished
validated file "LGK_48.pdb" => successfully finished
validated file "LGK_49.pdb" => successfully finished
validated file "LGK_50.pdb" => successfully finished
Cleaning BuildModel...DONE
任务 144 结果提取成功，已映射突变信息。
