   ********************************************
   ***                                      ***
   ***             FoldX 5.1 (c)            ***
   ***                                      ***
   ***     code by the FoldX Consortium     ***
   ***                                      ***
   ***     Jesper Borg, Frederic Rousseau   ***
   ***    Joost Schymkowitz, Luis Serrano   ***
   ***    Peter Vanhee, Erik Verschueren    ***
   ***     Lies Baeten, Javier Delgado      ***
   ***       and Francois Stricher          ***
   *** and any other of the 9! permutations ***
   ***   based on an original concept by    ***
   ***   Raphael Guerois and Luis Serrano   ***
   ********************************************

1 models read: LGK.pdb
1 models read: LGK.pdb

BackHbond       =               -302.35
SideHbond       =               -110.79
Energy_VdW      =               -510.89
Electro         =               -26.48
Energy_SolvP    =               715.83
Energy_SolvH    =               -665.00
Energy_vdwclash =               20.72
energy_torsion  =               6.69
backbone_vdwclash=              271.11
Entropy_sidec   =               262.00
Entropy_mainc   =               659.34
water bonds     =               0.00
helix dipole    =               -1.49
loop_entropy    =               0.00
cis_bond        =               2.25
disulfide       =               0.00
kn electrostatic=               0.00
partial covalent interactions = 0.00
Energy_Ionisation =             1.37
Entropy Complex =               0.00
-----------------------------------------------------------
Total          = 				  51.22


BackHbond       =               -302.35
SideHbond       =               -110.79
Energy_VdW      =               -510.89
Electro         =               -26.48
Energy_SolvP    =               715.83
Energy_SolvH    =               -665.00
Energy_vdwclash =               20.72
energy_torsion  =               6.69
backbone_vdwclash=              271.11
Entropy_sidec   =               262.00
Entropy_mainc   =               659.34
water bonds     =               0.00
helix dipole    =               -1.49
loop_entropy    =               0.00
cis_bond        =               2.25
disulfide       =               0.00
kn electrostatic=               0.00
partial covalent interactions = 0.00
Energy_Ionisation =             1.37
Entropy Complex =               0.00
-----------------------------------------------------------
Total          = 				  51.22

Starting BuildModel
Reading VA296H;
Reading VA296G;
Reading VA296F;
Reading VA296E;
Reading VA296D;
Reading VA296C;
Reading VA296A;
Reading VA296W;
Reading VA296Y;
Reading VA296K;
Reading AA297R;
Reading AA297M;
Reading AA297L;
Reading AA297K;
Reading AA297I;
Reading AA297H;
Reading AA297G;
Reading AA297F;
Reading AA297E;
Reading AA297D;
Reading AA297C;
Reading AA297Q;
Reading AA297S;
Reading AA297N;
Reading AA297P;
Reading AA297T;
Reading AA297W;
Reading AA297Y;
Reading AA297V;
Reading TA298Q;
Reading TA298Y;
Reading TA298R;
Reading TA298S;
Reading TA298V;
Reading TA298W;
Reading TA298D;
Reading TA298E;
Reading TA298K;
Reading TA298I;
Reading TA298H;
Reading TA298C;
Reading TA298A;
Reading TA298G;
Reading TA298N;
Reading TA298M;
Reading TA298L;
Reading TA298F;
Reading TA298P;
Reading TA299Y;
Reading TA299G;
Residue to Mutate VALA296 has residue index 295
Residue to Mutate VALA296 has residue index 295
Residue to Mutate VALA296 has residue index 295
Residue to Mutate VALA296 has residue index 295
Residue to Mutate VALA296 has residue index 295
Residue to Mutate VALA296 has residue index 295
Residue to Mutate VALA296 has residue index 295
Residue to Mutate VALA296 has residue index 295
Residue to Mutate VALA296 has residue index 295
Residue to Mutate VALA296 has residue index 295
Residue to Mutate ALAA297 has residue index 296
Residue to Mutate ALAA297 has residue index 296
Residue to Mutate ALAA297 has residue index 296
Residue to Mutate ALAA297 has residue index 296
Residue to Mutate ALAA297 has residue index 296
Residue to Mutate ALAA297 has residue index 296
Residue to Mutate ALAA297 has residue index 296
Residue to Mutate ALAA297 has residue index 296
Residue to Mutate ALAA297 has residue index 296
Residue to Mutate ALAA297 has residue index 296
Residue to Mutate ALAA297 has residue index 296
Residue to Mutate ALAA297 has residue index 296
Residue to Mutate ALAA297 has residue index 296
Residue to Mutate ALAA297 has residue index 296
Residue to Mutate ALAA297 has residue index 296
Residue to Mutate ALAA297 has residue index 296
Residue to Mutate ALAA297 has residue index 296
Residue to Mutate ALAA297 has residue index 296
Residue to Mutate ALAA297 has residue index 296
Residue to Mutate THRA298 has residue index 297
Residue to Mutate THRA298 has residue index 297
Residue to Mutate THRA298 has residue index 297
Residue to Mutate THRA298 has residue index 297
Residue to Mutate THRA298 has residue index 297
Residue to Mutate THRA298 has residue index 297
Residue to Mutate THRA298 has residue index 297
Residue to Mutate THRA298 has residue index 297
Residue to Mutate THRA298 has residue index 297
Residue to Mutate THRA298 has residue index 297
Residue to Mutate THRA298 has residue index 297
Residue to Mutate THRA298 has residue index 297
Residue to Mutate THRA298 has residue index 297
Residue to Mutate THRA298 has residue index 297
Residue to Mutate THRA298 has residue index 297
Residue to Mutate THRA298 has residue index 297
Residue to Mutate THRA298 has residue index 297
Residue to Mutate THRA298 has residue index 297
Residue to Mutate THRA298 has residue index 297
Residue to Mutate THRA299 has residue index 298
Residue to Mutate THRA299 has residue index 298
Mutating residue = VALA296 into HIS
Mutating residue = VALA296 into GLY
Mutating residue = VALA296 into PHE
Mutating residue = VALA296 into GLU
Mutating residue = VALA296 into ASP
Mutating residue = VALA296 into CYS
Mutating residue = VALA296 into ALA
Mutating residue = VALA296 into TRP
Mutating residue = VALA296 into TYR
Mutating residue = VALA296 into LYS
Mutating residue = ALAA297 into ARG
Mutating residue = ALAA297 into MET
Mutating residue = ALAA297 into LEU
Mutating residue = ALAA297 into LYS
Mutating residue = ALAA297 into ILE
Mutating residue = ALAA297 into HIS
Mutating residue = ALAA297 into GLY
Mutating residue = ALAA297 into PHE
Mutating residue = ALAA297 into GLU
Mutating residue = ALAA297 into ASP
Mutating residue = ALAA297 into CYS
Mutating residue = ALAA297 into GLN
Mutating residue = ALAA297 into SER
Mutating residue = ALAA297 into ASN
Mutating residue = ALAA297 into PRO
Mutating residue = ALAA297 into THR
Mutating residue = ALAA297 into TRP
Mutating residue = ALAA297 into TYR
Mutating residue = ALAA297 into VAL
Mutating residue = THRA298 into GLN
Mutating residue = THRA298 into TYR
Mutating residue = THRA298 into ARG
Mutating residue = THRA298 into SER
Mutating residue = THRA298 into VAL
Mutating residue = THRA298 into TRP
Mutating residue = THRA298 into ASP
Mutating residue = THRA298 into GLU
Mutating residue = THRA298 into LYS
Mutating residue = THRA298 into ILE
Mutating residue = THRA298 into HIS
Mutating residue = THRA298 into CYS
Mutating residue = THRA298 into ALA
Mutating residue = THRA298 into GLY
Mutating residue = THRA298 into ASN
Mutating residue = THRA298 into MET
Mutating residue = THRA298 into LEU
Mutating residue = THRA298 into PHE
Mutating residue = THRA298 into PRO
Mutating residue = THRA299 into TYR
Mutating residue = THRA299 into GLY
Your file run OK
End time of FoldX: Sat May  9 16:22:39 2026
Total time spend: 327.50 seconds.
validated file "LGK_1.pdb" => successfully finished
validated file "LGK_2.pdb" => successfully finished
validated file "LGK_3.pdb" => successfully finished
validated file "LGK_4.pdb" => successfully finished
validated file "LGK_5.pdb" => successfully finished
validated file "LGK_6.pdb" => successfully finished
validated file "LGK_7.pdb" => successfully finished
validated file "LGK_8.pdb" => successfully finished
validated file "LGK_9.pdb" => successfully finished
validated file "LGK_10.pdb" => successfully finished
validated file "LGK_11.pdb" => successfully finished
validated file "LGK_12.pdb" => successfully finished
validated file "LGK_13.pdb" => successfully finished
validated file "LGK_14.pdb" => successfully finished
validated file "LGK_15.pdb" => successfully finished
validated file "LGK_16.pdb" => successfully finished
validated file "LGK_17.pdb" => successfully finished
validated file "LGK_18.pdb" => successfully finished
validated file "LGK_19.pdb" => successfully finished
validated file "LGK_20.pdb" => successfully finished
validated file "LGK_21.pdb" => successfully finished
validated file "LGK_22.pdb" => successfully finished
validated file "LGK_23.pdb" => successfully finished
validated file "LGK_24.pdb" => successfully finished
validated file "LGK_25.pdb" => successfully finished
validated file "LGK_26.pdb" => successfully finished
validated file "LGK_27.pdb" => successfully finished
validated file "LGK_28.pdb" => successfully finished
validated file "LGK_29.pdb" => successfully finished
validated file "LGK_30.pdb" => successfully finished
validated file "LGK_31.pdb" => successfully finished
validated file "LGK_32.pdb" => successfully finished
validated file "LGK_33.pdb" => successfully finished
validated file "LGK_34.pdb" => successfully finished
validated file "LGK_35.pdb" => successfully finished
validated file "LGK_36.pdb" => successfully finished
validated file "LGK_37.pdb" => successfully finished
validated file "LGK_38.pdb" => successfully finished
validated file "LGK_39.pdb" => successfully finished
validated file "LGK_40.pdb" => successfully finished
validated file "LGK_41.pdb" => successfully finished
validated file "LGK_42.pdb" => successfully finished
validated file "LGK_43.pdb" => successfully finished
validated file "LGK_44.pdb" => successfully finished
validated file "LGK_45.pdb" => successfully finished
validated file "LGK_46.pdb" => successfully finished
validated file "LGK_47.pdb" => successfully finished
validated file "LGK_48.pdb" => successfully finished
validated file "LGK_49.pdb" => successfully finished
validated file "LGK_50.pdb" => successfully finished
Cleaning BuildModel...DONE
任务 107 结果提取成功，已映射突变信息。
