   ********************************************
   ***                                      ***
   ***             FoldX 5.1 (c)            ***
   ***                                      ***
   ***     code by the FoldX Consortium     ***
   ***                                      ***
   ***     Jesper Borg, Frederic Rousseau   ***
   ***    Joost Schymkowitz, Luis Serrano   ***
   ***    Peter Vanhee, Erik Verschueren    ***
   ***     Lies Baeten, Javier Delgado      ***
   ***       and Francois Stricher          ***
   *** and any other of the 9! permutations ***
   ***   based on an original concept by    ***
   ***   Raphael Guerois and Luis Serrano   ***
   ********************************************

1 models read: LGK.pdb
1 models read: LGK.pdb

BackHbond       =               -302.35
SideHbond       =               -110.79
Energy_VdW      =               -510.89
Electro         =               -26.48
Energy_SolvP    =               715.83
Energy_SolvH    =               -665.00
Energy_vdwclash =               20.72
energy_torsion  =               6.69
backbone_vdwclash=              271.11
Entropy_sidec   =               262.00
Entropy_mainc   =               659.34
water bonds     =               0.00
helix dipole    =               -1.49
loop_entropy    =               0.00
cis_bond        =               2.25
disulfide       =               0.00
kn electrostatic=               0.00
partial covalent interactions = 0.00
Energy_Ionisation =             1.37
Entropy Complex =               0.00
-----------------------------------------------------------
Total          = 				  51.22


BackHbond       =               -302.35
SideHbond       =               -110.79
Energy_VdW      =               -510.89
Electro         =               -26.48
Energy_SolvP    =               715.83
Energy_SolvH    =               -665.00
Energy_vdwclash =               20.72
energy_torsion  =               6.69
backbone_vdwclash=              271.11
Entropy_sidec   =               262.00
Entropy_mainc   =               659.34
water bonds     =               0.00
helix dipole    =               -1.49
loop_entropy    =               0.00
cis_bond        =               2.25
disulfide       =               0.00
kn electrostatic=               0.00
partial covalent interactions = 0.00
Energy_Ionisation =             1.37
Entropy Complex =               0.00
-----------------------------------------------------------
Total          = 				  51.22

Starting BuildModel
Reading IA282Q;
Reading IA282R;
Reading IA282S;
Reading IA282V;
Reading IA282T;
Reading RA283Y;
Reading RA283C;
Reading RA283D;
Reading RA283G;
Reading RA283H;
Reading RA283I;
Reading RA283L;
Reading RA283P;
Reading RA283A;
Reading RA283Q;
Reading RA283S;
Reading RA283T;
Reading RA283V;
Reading RA283W;
Reading RA283N;
Reading RA284C;
Reading RA284Q;
Reading RA284E;
Reading RA284P;
Reading RA284N;
Reading RA284M;
Reading RA284T;
Reading RA284V;
Reading RA284W;
Reading RA284D;
Reading RA284Y;
Reading RA284L;
Reading RA284K;
Reading RA284I;
Reading RA284H;
Reading RA284S;
Reading RA284F;
Reading RA284A;
Reading RA284G;
Reading AA285G;
Reading AA285D;
Reading AA285V;
Reading AA285T;
Reading AA285S;
Reading AA285R;
Reading AA285Q;
Reading AA285P;
Reading AA285N;
Reading AA285M;
Reading AA285L;
Residue to Mutate ILEA282 has residue index 281
Residue to Mutate ILEA282 has residue index 281
Residue to Mutate ILEA282 has residue index 281
Residue to Mutate ILEA282 has residue index 281
Residue to Mutate ILEA282 has residue index 281
Residue to Mutate ARGA283 has residue index 282
Residue to Mutate ARGA283 has residue index 282
Residue to Mutate ARGA283 has residue index 282
Residue to Mutate ARGA283 has residue index 282
Residue to Mutate ARGA283 has residue index 282
Residue to Mutate ARGA283 has residue index 282
Residue to Mutate ARGA283 has residue index 282
Residue to Mutate ARGA283 has residue index 282
Residue to Mutate ARGA283 has residue index 282
Residue to Mutate ARGA283 has residue index 282
Residue to Mutate ARGA283 has residue index 282
Residue to Mutate ARGA283 has residue index 282
Residue to Mutate ARGA283 has residue index 282
Residue to Mutate ARGA283 has residue index 282
Residue to Mutate ARGA283 has residue index 282
Residue to Mutate ARGA284 has residue index 283
Residue to Mutate ARGA284 has residue index 283
Residue to Mutate ARGA284 has residue index 283
Residue to Mutate ARGA284 has residue index 283
Residue to Mutate ARGA284 has residue index 283
Residue to Mutate ARGA284 has residue index 283
Residue to Mutate ARGA284 has residue index 283
Residue to Mutate ARGA284 has residue index 283
Residue to Mutate ARGA284 has residue index 283
Residue to Mutate ARGA284 has residue index 283
Residue to Mutate ARGA284 has residue index 283
Residue to Mutate ARGA284 has residue index 283
Residue to Mutate ARGA284 has residue index 283
Residue to Mutate ARGA284 has residue index 283
Residue to Mutate ARGA284 has residue index 283
Residue to Mutate ARGA284 has residue index 283
Residue to Mutate ARGA284 has residue index 283
Residue to Mutate ARGA284 has residue index 283
Residue to Mutate ARGA284 has residue index 283
Residue to Mutate ALAA285 has residue index 284
Residue to Mutate ALAA285 has residue index 284
Residue to Mutate ALAA285 has residue index 284
Residue to Mutate ALAA285 has residue index 284
Residue to Mutate ALAA285 has residue index 284
Residue to Mutate ALAA285 has residue index 284
Residue to Mutate ALAA285 has residue index 284
Residue to Mutate ALAA285 has residue index 284
Residue to Mutate ALAA285 has residue index 284
Residue to Mutate ALAA285 has residue index 284
Residue to Mutate ALAA285 has residue index 284
Mutating residue = ILEA282 into GLN
Mutating residue = ILEA282 into ARG
Mutating residue = ILEA282 into SER
Mutating residue = ILEA282 into VAL
Mutating residue = ILEA282 into THR
Mutating residue = ARGA283 into TYR
Mutating residue = ARGA283 into CYS
Mutating residue = ARGA283 into ASP
Mutating residue = ARGA283 into GLY
Mutating residue = ARGA283 into HIS
Mutating residue = ARGA283 into ILE
Mutating residue = ARGA283 into LEU
Mutating residue = ARGA283 into PRO
Mutating residue = ARGA283 into ALA
Mutating residue = ARGA283 into GLN
Mutating residue = ARGA283 into SER
Mutating residue = ARGA283 into THR
Mutating residue = ARGA283 into VAL
Mutating residue = ARGA283 into TRP
Mutating residue = ARGA283 into ASN
Mutating residue = ARGA284 into CYS
Mutating residue = ARGA284 into GLN
Mutating residue = ARGA284 into GLU
Mutating residue = ARGA284 into PRO
Mutating residue = ARGA284 into ASN
Mutating residue = ARGA284 into MET
Mutating residue = ARGA284 into THR
Mutating residue = ARGA284 into VAL
Mutating residue = ARGA284 into TRP
Mutating residue = ARGA284 into ASP
Mutating residue = ARGA284 into TYR
Mutating residue = ARGA284 into LEU
Mutating residue = ARGA284 into LYS
Mutating residue = ARGA284 into ILE
Mutating residue = ARGA284 into HIS
Mutating residue = ARGA284 into SER
Mutating residue = ARGA284 into PHE
Mutating residue = ARGA284 into ALA
Mutating residue = ARGA284 into GLY
Mutating residue = ALAA285 into GLY
Mutating residue = ALAA285 into ASP
Mutating residue = ALAA285 into VAL
Mutating residue = ALAA285 into THR
Mutating residue = ALAA285 into SER
Mutating residue = ALAA285 into ARG
Mutating residue = ALAA285 into GLN
Mutating residue = ALAA285 into PRO
Mutating residue = ALAA285 into ASN
Mutating residue = ALAA285 into MET
Mutating residue = ALAA285 into LEU
Your file run OK
End time of FoldX: Sat May  9 16:31:45 2026
Total time spend: 872.11 seconds.
validated file "LGK_1.pdb" => successfully finished
validated file "LGK_2.pdb" => successfully finished
validated file "LGK_3.pdb" => successfully finished
validated file "LGK_4.pdb" => successfully finished
validated file "LGK_5.pdb" => successfully finished
validated file "LGK_6.pdb" => successfully finished
validated file "LGK_7.pdb" => successfully finished
validated file "LGK_8.pdb" => successfully finished
validated file "LGK_9.pdb" => successfully finished
validated file "LGK_10.pdb" => successfully finished
validated file "LGK_11.pdb" => successfully finished
validated file "LGK_12.pdb" => successfully finished
validated file "LGK_13.pdb" => successfully finished
validated file "LGK_14.pdb" => successfully finished
validated file "LGK_15.pdb" => successfully finished
validated file "LGK_16.pdb" => successfully finished
validated file "LGK_17.pdb" => successfully finished
validated file "LGK_18.pdb" => successfully finished
validated file "LGK_19.pdb" => successfully finished
validated file "LGK_20.pdb" => successfully finished
validated file "LGK_21.pdb" => successfully finished
validated file "LGK_22.pdb" => successfully finished
validated file "LGK_23.pdb" => successfully finished
validated file "LGK_24.pdb" => successfully finished
validated file "LGK_25.pdb" => successfully finished
validated file "LGK_26.pdb" => successfully finished
validated file "LGK_27.pdb" => successfully finished
validated file "LGK_28.pdb" => successfully finished
validated file "LGK_29.pdb" => successfully finished
validated file "LGK_30.pdb" => successfully finished
validated file "LGK_31.pdb" => successfully finished
validated file "LGK_32.pdb" => successfully finished
validated file "LGK_33.pdb" => successfully finished
validated file "LGK_34.pdb" => successfully finished
validated file "LGK_35.pdb" => successfully finished
validated file "LGK_36.pdb" => successfully finished
validated file "LGK_37.pdb" => successfully finished
validated file "LGK_38.pdb" => successfully finished
validated file "LGK_39.pdb" => successfully finished
validated file "LGK_40.pdb" => successfully finished
validated file "LGK_41.pdb" => successfully finished
validated file "LGK_42.pdb" => successfully finished
validated file "LGK_43.pdb" => successfully finished
validated file "LGK_44.pdb" => successfully finished
validated file "LGK_45.pdb" => successfully finished
validated file "LGK_46.pdb" => successfully finished
validated file "LGK_47.pdb" => successfully finished
validated file "LGK_48.pdb" => successfully finished
validated file "LGK_49.pdb" => successfully finished
validated file "LGK_50.pdb" => successfully finished
Cleaning BuildModel...DONE
任务 102 结果提取成功，已映射突变信息。
