   ********************************************
   ***                                      ***
   ***             FoldX 5.1 (c)            ***
   ***                                      ***
   ***     code by the FoldX Consortium     ***
   ***                                      ***
   ***     Jesper Borg, Frederic Rousseau   ***
   ***    Joost Schymkowitz, Luis Serrano   ***
   ***    Peter Vanhee, Erik Verschueren    ***
   ***     Lies Baeten, Javier Delgado      ***
   ***       and Francois Stricher          ***
   *** and any other of the 9! permutations ***
   ***   based on an original concept by    ***
   ***   Raphael Guerois and Luis Serrano   ***
   ********************************************

1 models read: AMIE.pdb
1 models read: AMIE.pdb

BackHbond       =               -246.54
SideHbond       =               -101.51
Energy_VdW      =               -394.57
Electro         =               -23.16
Energy_SolvP    =               558.47
Energy_SolvH    =               -504.97
Energy_vdwclash =               24.80
energy_torsion  =               8.85
backbone_vdwclash=              191.03
Entropy_sidec   =               205.47
Entropy_mainc   =               526.18
water bonds     =               0.00
helix dipole    =               -1.74
loop_entropy    =               0.00
cis_bond        =               4.52
disulfide       =               0.00
kn electrostatic=               0.00
partial covalent interactions = 0.00
Energy_Ionisation =             0.97
Entropy Complex =               0.00
-----------------------------------------------------------
Total          = 				  56.77


BackHbond       =               -246.54
SideHbond       =               -101.51
Energy_VdW      =               -394.57
Electro         =               -23.16
Energy_SolvP    =               558.47
Energy_SolvH    =               -504.97
Energy_vdwclash =               24.80
energy_torsion  =               8.85
backbone_vdwclash=              191.03
Entropy_sidec   =               205.47
Entropy_mainc   =               526.18
water bonds     =               0.00
helix dipole    =               -1.74
loop_entropy    =               0.00
cis_bond        =               4.52
disulfide       =               0.00
kn electrostatic=               0.00
partial covalent interactions = 0.00
Energy_Ionisation =             0.97
Entropy Complex =               0.00
-----------------------------------------------------------
Total          = 				  56.77

Starting BuildModel
Reading GA51D;
Reading GA51E;
Reading GA51F;
Reading GA51H;
Reading GA51I;
Reading GA51K;
Reading GA51L;
Reading GA51P;
Reading GA51N;
Reading GA51C;
Reading GA51Q;
Reading GA51R;
Reading GA51S;
Reading GA51T;
Reading GA51V;
Reading GA51M;
Reading GA51A;
Reading GA51Y;
Reading GA51W;
Reading MA52K;
Reading MA52Y;
Reading MA52F;
Reading MA52E;
Reading MA52D;
Reading MA52C;
Reading MA52A;
Reading MA52W;
Reading MA52G;
Reading MA52I;
Reading MA52L;
Reading MA52N;
Reading MA52P;
Reading MA52V;
Reading MA52Q;
Reading MA52R;
Reading MA52H;
Reading MA52S;
Reading MA52T;
Reading DA53C;
Reading DA53Y;
Reading DA53W;
Reading DA53V;
Reading DA53T;
Reading DA53S;
Reading DA53R;
Reading DA53Q;
Reading DA53A;
Reading DA53P;
Reading DA53L;
Reading DA53K;
Residue to Mutate GLYA51 has residue index 50
Residue to Mutate GLYA51 has residue index 50
Residue to Mutate GLYA51 has residue index 50
Residue to Mutate GLYA51 has residue index 50
Residue to Mutate GLYA51 has residue index 50
Residue to Mutate GLYA51 has residue index 50
Residue to Mutate GLYA51 has residue index 50
Residue to Mutate GLYA51 has residue index 50
Residue to Mutate GLYA51 has residue index 50
Residue to Mutate GLYA51 has residue index 50
Residue to Mutate GLYA51 has residue index 50
Residue to Mutate GLYA51 has residue index 50
Residue to Mutate GLYA51 has residue index 50
Residue to Mutate GLYA51 has residue index 50
Residue to Mutate GLYA51 has residue index 50
Residue to Mutate GLYA51 has residue index 50
Residue to Mutate GLYA51 has residue index 50
Residue to Mutate GLYA51 has residue index 50
Residue to Mutate GLYA51 has residue index 50
Residue to Mutate META52 has residue index 51
Residue to Mutate META52 has residue index 51
Residue to Mutate META52 has residue index 51
Residue to Mutate META52 has residue index 51
Residue to Mutate META52 has residue index 51
Residue to Mutate META52 has residue index 51
Residue to Mutate META52 has residue index 51
Residue to Mutate META52 has residue index 51
Residue to Mutate META52 has residue index 51
Residue to Mutate META52 has residue index 51
Residue to Mutate META52 has residue index 51
Residue to Mutate META52 has residue index 51
Residue to Mutate META52 has residue index 51
Residue to Mutate META52 has residue index 51
Residue to Mutate META52 has residue index 51
Residue to Mutate META52 has residue index 51
Residue to Mutate META52 has residue index 51
Residue to Mutate META52 has residue index 51
Residue to Mutate META52 has residue index 51
Residue to Mutate ASPA53 has residue index 52
Residue to Mutate ASPA53 has residue index 52
Residue to Mutate ASPA53 has residue index 52
Residue to Mutate ASPA53 has residue index 52
Residue to Mutate ASPA53 has residue index 52
Residue to Mutate ASPA53 has residue index 52
Residue to Mutate ASPA53 has residue index 52
Residue to Mutate ASPA53 has residue index 52
Residue to Mutate ASPA53 has residue index 52
Residue to Mutate ASPA53 has residue index 52
Residue to Mutate ASPA53 has residue index 52
Residue to Mutate ASPA53 has residue index 52
Mutating residue = GLYA51 into ASP
Mutating residue = GLYA51 into GLU
Mutating residue = GLYA51 into PHE
Mutating residue = GLYA51 into HIS
Mutating residue = GLYA51 into ILE
Mutating residue = GLYA51 into LYS
Mutating residue = GLYA51 into LEU
Mutating residue = GLYA51 into PRO
Mutating residue = GLYA51 into ASN
Mutating residue = GLYA51 into CYS
Mutating residue = GLYA51 into GLN
Mutating residue = GLYA51 into ARG
Mutating residue = GLYA51 into SER
Mutating residue = GLYA51 into THR
Mutating residue = GLYA51 into VAL
Mutating residue = GLYA51 into MET
Mutating residue = GLYA51 into ALA
Mutating residue = GLYA51 into TYR
Mutating residue = GLYA51 into TRP
Mutating residue = META52 into LYS
Mutating residue = META52 into TYR
Mutating residue = META52 into PHE
Mutating residue = META52 into GLU
Mutating residue = META52 into ASP
Mutating residue = META52 into CYS
Mutating residue = META52 into ALA
Mutating residue = META52 into TRP
Mutating residue = META52 into GLY
Mutating residue = META52 into ILE
Mutating residue = META52 into LEU
Mutating residue = META52 into ASN
Mutating residue = META52 into PRO
Mutating residue = META52 into VAL
Mutating residue = META52 into GLN
Mutating residue = META52 into ARG
Mutating residue = META52 into HIS
Mutating residue = META52 into SER
Mutating residue = META52 into THR
Mutating residue = ASPA53 into CYS
Mutating residue = ASPA53 into TYR
Mutating residue = ASPA53 into TRP
Mutating residue = ASPA53 into VAL
Mutating residue = ASPA53 into THR
Mutating residue = ASPA53 into SER
Mutating residue = ASPA53 into ARG
Mutating residue = ASPA53 into GLN
Mutating residue = ASPA53 into ALA
Mutating residue = ASPA53 into PRO
Mutating residue = ASPA53 into LEU
Mutating residue = ASPA53 into LYS
Your file run OK
End time of FoldX: Sat May  9 16:26:58 2026
Total time spend: 598.21 seconds.
validated file "AMIE_1.pdb" => successfully finished
validated file "AMIE_2.pdb" => successfully finished
validated file "AMIE_3.pdb" => successfully finished
validated file "AMIE_4.pdb" => successfully finished
validated file "AMIE_5.pdb" => successfully finished
validated file "AMIE_6.pdb" => successfully finished
validated file "AMIE_7.pdb" => successfully finished
validated file "AMIE_8.pdb" => successfully finished
validated file "AMIE_9.pdb" => successfully finished
validated file "AMIE_10.pdb" => successfully finished
validated file "AMIE_11.pdb" => successfully finished
validated file "AMIE_12.pdb" => successfully finished
validated file "AMIE_13.pdb" => successfully finished
validated file "AMIE_14.pdb" => successfully finished
validated file "AMIE_15.pdb" => successfully finished
validated file "AMIE_16.pdb" => successfully finished
validated file "AMIE_17.pdb" => successfully finished
validated file "AMIE_18.pdb" => successfully finished
validated file "AMIE_19.pdb" => successfully finished
validated file "AMIE_20.pdb" => successfully finished
validated file "AMIE_21.pdb" => successfully finished
validated file "AMIE_22.pdb" => successfully finished
validated file "AMIE_23.pdb" => successfully finished
validated file "AMIE_24.pdb" => successfully finished
validated file "AMIE_25.pdb" => successfully finished
validated file "AMIE_26.pdb" => successfully finished
validated file "AMIE_27.pdb" => successfully finished
validated file "AMIE_28.pdb" => successfully finished
validated file "AMIE_29.pdb" => successfully finished
validated file "AMIE_30.pdb" => successfully finished
validated file "AMIE_31.pdb" => successfully finished
validated file "AMIE_32.pdb" => successfully finished
validated file "AMIE_33.pdb" => successfully finished
validated file "AMIE_34.pdb" => successfully finished
validated file "AMIE_35.pdb" => successfully finished
validated file "AMIE_36.pdb" => successfully finished
validated file "AMIE_37.pdb" => successfully finished
validated file "AMIE_38.pdb" => successfully finished
validated file "AMIE_39.pdb" => successfully finished
validated file "AMIE_40.pdb" => successfully finished
validated file "AMIE_41.pdb" => successfully finished
validated file "AMIE_42.pdb" => successfully finished
validated file "AMIE_43.pdb" => successfully finished
validated file "AMIE_44.pdb" => successfully finished
validated file "AMIE_45.pdb" => successfully finished
validated file "AMIE_46.pdb" => successfully finished
validated file "AMIE_47.pdb" => successfully finished
validated file "AMIE_48.pdb" => successfully finished
validated file "AMIE_49.pdb" => successfully finished
validated file "AMIE_50.pdb" => successfully finished
Cleaning BuildModel...DONE
任务 19 结果提取成功，已映射突变信息。
