   ********************************************
   ***                                      ***
   ***             FoldX 5.1 (c)            ***
   ***                                      ***
   ***     code by the FoldX Consortium     ***
   ***                                      ***
   ***     Jesper Borg, Frederic Rousseau   ***
   ***    Joost Schymkowitz, Luis Serrano   ***
   ***    Peter Vanhee, Erik Verschueren    ***
   ***     Lies Baeten, Javier Delgado      ***
   ***       and Francois Stricher          ***
   *** and any other of the 9! permutations ***
   ***   based on an original concept by    ***
   ***   Raphael Guerois and Luis Serrano   ***
   ********************************************

1 models read: AMIE.pdb
1 models read: AMIE.pdb

BackHbond       =               -246.54
SideHbond       =               -101.51
Energy_VdW      =               -394.57
Electro         =               -23.16
Energy_SolvP    =               558.47
Energy_SolvH    =               -504.97
Energy_vdwclash =               24.80
energy_torsion  =               8.85
backbone_vdwclash=              191.03
Entropy_sidec   =               205.47
Entropy_mainc   =               526.18
water bonds     =               0.00
helix dipole    =               -1.74
loop_entropy    =               0.00
cis_bond        =               4.52
disulfide       =               0.00
kn electrostatic=               0.00
partial covalent interactions = 0.00
Energy_Ionisation =             0.97
Entropy Complex =               0.00
-----------------------------------------------------------
Total          = 				  56.77


BackHbond       =               -246.54
SideHbond       =               -101.51
Energy_VdW      =               -394.57
Electro         =               -23.16
Energy_SolvP    =               558.47
Energy_SolvH    =               -504.97
Energy_vdwclash =               24.80
energy_torsion  =               8.85
backbone_vdwclash=              191.03
Entropy_sidec   =               205.47
Entropy_mainc   =               526.18
water bonds     =               0.00
helix dipole    =               -1.74
loop_entropy    =               0.00
cis_bond        =               4.52
disulfide       =               0.00
kn electrostatic=               0.00
partial covalent interactions = 0.00
Energy_Ionisation =             0.97
Entropy Complex =               0.00
-----------------------------------------------------------
Total          = 				  56.77

Starting BuildModel
Reading QA200D;
Reading QA200C;
Reading QA200A;
Reading QA200W;
Reading VA201L;
Reading VA201M;
Reading VA201N;
Reading VA201P;
Reading VA201K;
Reading VA201I;
Reading VA201H;
Reading VA201G;
Reading VA201F;
Reading VA201C;
Reading VA201D;
Reading VA201A;
Reading VA201Q;
Reading VA201R;
Reading VA201S;
Reading VA201T;
Reading VA201W;
Reading VA201Y;
Reading VA201E;
Reading MA202W;
Reading MA202Y;
Reading MA202V;
Reading MA202K;
Reading MA202S;
Reading MA202R;
Reading MA202Q;
Reading MA202P;
Reading MA202N;
Reading MA202L;
Reading MA202H;
Reading MA202G;
Reading MA202F;
Reading MA202E;
Reading MA202D;
Reading MA202C;
Reading MA202A;
Reading MA202T;
Reading MA202I;
Reading MA203W;
Reading MA203L;
Reading MA203E;
Reading MA203F;
Reading MA203G;
Reading MA203H;
Reading MA203I;
Reading MA203K;
Residue to Mutate GLNA200 has residue index 199
Residue to Mutate GLNA200 has residue index 199
Residue to Mutate GLNA200 has residue index 199
Residue to Mutate GLNA200 has residue index 199
Residue to Mutate VALA201 has residue index 200
Residue to Mutate VALA201 has residue index 200
Residue to Mutate VALA201 has residue index 200
Residue to Mutate VALA201 has residue index 200
Residue to Mutate VALA201 has residue index 200
Residue to Mutate VALA201 has residue index 200
Residue to Mutate VALA201 has residue index 200
Residue to Mutate VALA201 has residue index 200
Residue to Mutate VALA201 has residue index 200
Residue to Mutate VALA201 has residue index 200
Residue to Mutate VALA201 has residue index 200
Residue to Mutate VALA201 has residue index 200
Residue to Mutate VALA201 has residue index 200
Residue to Mutate VALA201 has residue index 200
Residue to Mutate VALA201 has residue index 200
Residue to Mutate VALA201 has residue index 200
Residue to Mutate VALA201 has residue index 200
Residue to Mutate VALA201 has residue index 200
Residue to Mutate VALA201 has residue index 200
Residue to Mutate META202 has residue index 201
Residue to Mutate META202 has residue index 201
Residue to Mutate META202 has residue index 201
Residue to Mutate META202 has residue index 201
Residue to Mutate META202 has residue index 201
Residue to Mutate META202 has residue index 201
Residue to Mutate META202 has residue index 201
Residue to Mutate META202 has residue index 201
Residue to Mutate META202 has residue index 201
Residue to Mutate META202 has residue index 201
Residue to Mutate META202 has residue index 201
Residue to Mutate META202 has residue index 201
Residue to Mutate META202 has residue index 201
Residue to Mutate META202 has residue index 201
Residue to Mutate META202 has residue index 201
Residue to Mutate META202 has residue index 201
Residue to Mutate META202 has residue index 201
Residue to Mutate META202 has residue index 201
Residue to Mutate META202 has residue index 201
Residue to Mutate META203 has residue index 202
Residue to Mutate META203 has residue index 202
Residue to Mutate META203 has residue index 202
Residue to Mutate META203 has residue index 202
Residue to Mutate META203 has residue index 202
Residue to Mutate META203 has residue index 202
Residue to Mutate META203 has residue index 202
Residue to Mutate META203 has residue index 202
Mutating residue = GLNA200 into ASP
Mutating residue = GLNA200 into CYS
Mutating residue = GLNA200 into ALA
Mutating residue = GLNA200 into TRP
Mutating residue = VALA201 into LEU
Mutating residue = VALA201 into MET
Mutating residue = VALA201 into ASN
Mutating residue = VALA201 into PRO
Mutating residue = VALA201 into LYS
Mutating residue = VALA201 into ILE
Mutating residue = VALA201 into HIS
Mutating residue = VALA201 into GLY
Mutating residue = VALA201 into PHE
Mutating residue = VALA201 into CYS
Mutating residue = VALA201 into ASP
Mutating residue = VALA201 into ALA
Mutating residue = VALA201 into GLN
Mutating residue = VALA201 into ARG
Mutating residue = VALA201 into SER
Mutating residue = VALA201 into THR
Mutating residue = VALA201 into TRP
Mutating residue = VALA201 into TYR
Mutating residue = VALA201 into GLU
Mutating residue = META202 into TRP
Mutating residue = META202 into TYR
Mutating residue = META202 into VAL
Mutating residue = META202 into LYS
Mutating residue = META202 into SER
Mutating residue = META202 into ARG
Mutating residue = META202 into GLN
Mutating residue = META202 into PRO
Mutating residue = META202 into ASN
Mutating residue = META202 into LEU
Mutating residue = META202 into HIS
Mutating residue = META202 into GLY
Mutating residue = META202 into PHE
Mutating residue = META202 into GLU
Mutating residue = META202 into ASP
Mutating residue = META202 into CYS
Mutating residue = META202 into ALA
Mutating residue = META202 into THR
Mutating residue = META202 into ILE
Mutating residue = META203 into TRP
Mutating residue = META203 into LEU
Mutating residue = META203 into GLU
Mutating residue = META203 into PHE
Mutating residue = META203 into GLY
Mutating residue = META203 into HIS
Mutating residue = META203 into ILE
Mutating residue = META203 into LYS
Your file run OK
End time of FoldX: Sat May  9 16:23:12 2026
Total time spend: 371.98 seconds.
validated file "AMIE_1.pdb" => successfully finished
validated file "AMIE_2.pdb" => successfully finished
validated file "AMIE_3.pdb" => successfully finished
validated file "AMIE_4.pdb" => successfully finished
validated file "AMIE_5.pdb" => successfully finished
validated file "AMIE_6.pdb" => successfully finished
validated file "AMIE_7.pdb" => successfully finished
validated file "AMIE_8.pdb" => successfully finished
validated file "AMIE_9.pdb" => successfully finished
validated file "AMIE_10.pdb" => successfully finished
validated file "AMIE_11.pdb" => successfully finished
validated file "AMIE_12.pdb" => successfully finished
validated file "AMIE_13.pdb" => successfully finished
validated file "AMIE_14.pdb" => successfully finished
validated file "AMIE_15.pdb" => successfully finished
validated file "AMIE_16.pdb" => successfully finished
validated file "AMIE_17.pdb" => successfully finished
validated file "AMIE_18.pdb" => successfully finished
validated file "AMIE_19.pdb" => successfully finished
validated file "AMIE_20.pdb" => successfully finished
validated file "AMIE_21.pdb" => successfully finished
validated file "AMIE_22.pdb" => successfully finished
validated file "AMIE_23.pdb" => successfully finished
validated file "AMIE_24.pdb" => successfully finished
validated file "AMIE_25.pdb" => successfully finished
validated file "AMIE_26.pdb" => successfully finished
validated file "AMIE_27.pdb" => successfully finished
validated file "AMIE_28.pdb" => successfully finished
validated file "AMIE_29.pdb" => successfully finished
validated file "AMIE_30.pdb" => successfully finished
validated file "AMIE_31.pdb" => successfully finished
validated file "AMIE_32.pdb" => successfully finished
validated file "AMIE_33.pdb" => successfully finished
validated file "AMIE_34.pdb" => successfully finished
validated file "AMIE_35.pdb" => successfully finished
validated file "AMIE_36.pdb" => successfully finished
validated file "AMIE_37.pdb" => successfully finished
validated file "AMIE_38.pdb" => successfully finished
validated file "AMIE_39.pdb" => successfully finished
validated file "AMIE_40.pdb" => successfully finished
validated file "AMIE_41.pdb" => successfully finished
validated file "AMIE_42.pdb" => successfully finished
validated file "AMIE_43.pdb" => successfully finished
validated file "AMIE_44.pdb" => successfully finished
validated file "AMIE_45.pdb" => successfully finished
validated file "AMIE_46.pdb" => successfully finished
validated file "AMIE_47.pdb" => successfully finished
validated file "AMIE_48.pdb" => successfully finished
validated file "AMIE_49.pdb" => successfully finished
validated file "AMIE_50.pdb" => successfully finished
Cleaning BuildModel...DONE
任务 73 结果提取成功，已映射突变信息。
