   ********************************************
   ***                                      ***
   ***             FoldX 5.1 (c)            ***
   ***                                      ***
   ***     code by the FoldX Consortium     ***
   ***                                      ***
   ***     Jesper Borg, Frederic Rousseau   ***
   ***    Joost Schymkowitz, Luis Serrano   ***
   ***    Peter Vanhee, Erik Verschueren    ***
   ***     Lies Baeten, Javier Delgado      ***
   ***       and Francois Stricher          ***
   *** and any other of the 9! permutations ***
   ***   based on an original concept by    ***
   ***   Raphael Guerois and Luis Serrano   ***
   ********************************************

1 models read: AMIE.pdb
1 models read: AMIE.pdb

BackHbond       =               -246.54
SideHbond       =               -101.51
Energy_VdW      =               -394.57
Electro         =               -23.16
Energy_SolvP    =               558.47
Energy_SolvH    =               -504.97
Energy_vdwclash =               24.80
energy_torsion  =               8.85
backbone_vdwclash=              191.03
Entropy_sidec   =               205.47
Entropy_mainc   =               526.18
water bonds     =               0.00
helix dipole    =               -1.74
loop_entropy    =               0.00
cis_bond        =               4.52
disulfide       =               0.00
kn electrostatic=               0.00
partial covalent interactions = 0.00
Energy_Ionisation =             0.97
Entropy Complex =               0.00
-----------------------------------------------------------
Total          = 				  56.77


BackHbond       =               -246.54
SideHbond       =               -101.51
Energy_VdW      =               -394.57
Electro         =               -23.16
Energy_SolvP    =               558.47
Energy_SolvH    =               -504.97
Energy_vdwclash =               24.80
energy_torsion  =               8.85
backbone_vdwclash=              191.03
Entropy_sidec   =               205.47
Entropy_mainc   =               526.18
water bonds     =               0.00
helix dipole    =               -1.74
loop_entropy    =               0.00
cis_bond        =               4.52
disulfide       =               0.00
kn electrostatic=               0.00
partial covalent interactions = 0.00
Energy_Ionisation =             0.97
Entropy Complex =               0.00
-----------------------------------------------------------
Total          = 				  56.77

Starting BuildModel
Reading DA53I;
Reading DA53H;
Reading DA53G;
Reading DA53F;
Reading DA53E;
Reading DA53N;
Reading LA54R;
Reading LA54Q;
Reading LA54E;
Reading LA54Y;
Reading LA54V;
Reading LA54T;
Reading LA54S;
Reading LA54C;
Reading LA54D;
Reading LA54F;
Reading LA54G;
Reading LA54H;
Reading LA54K;
Reading LA54I;
Reading LA54N;
Reading LA54P;
Reading LA54A;
Reading LA54M;
Reading VA55L;
Reading VA55P;
Reading VA55Q;
Reading VA55R;
Reading VA55S;
Reading VA55T;
Reading VA55Y;
Reading VA55N;
Reading VA55M;
Reading VA55K;
Reading VA55C;
Reading VA55H;
Reading VA55A;
Reading VA55D;
Reading VA55E;
Reading VA55I;
Reading VA55F;
Reading VA55G;
Reading VA56N;
Reading VA56A;
Reading VA56C;
Reading VA56D;
Reading VA56E;
Reading VA56F;
Reading VA56G;
Reading VA56H;
Residue to Mutate ASPA53 has residue index 52
Residue to Mutate ASPA53 has residue index 52
Residue to Mutate ASPA53 has residue index 52
Residue to Mutate ASPA53 has residue index 52
Residue to Mutate ASPA53 has residue index 52
Residue to Mutate ASPA53 has residue index 52
Residue to Mutate LEUA54 has residue index 53
Residue to Mutate LEUA54 has residue index 53
Residue to Mutate LEUA54 has residue index 53
Residue to Mutate LEUA54 has residue index 53
Residue to Mutate LEUA54 has residue index 53
Residue to Mutate LEUA54 has residue index 53
Residue to Mutate LEUA54 has residue index 53
Residue to Mutate LEUA54 has residue index 53
Residue to Mutate LEUA54 has residue index 53
Residue to Mutate LEUA54 has residue index 53
Residue to Mutate LEUA54 has residue index 53
Residue to Mutate LEUA54 has residue index 53
Residue to Mutate LEUA54 has residue index 53
Residue to Mutate LEUA54 has residue index 53
Residue to Mutate LEUA54 has residue index 53
Residue to Mutate LEUA54 has residue index 53
Residue to Mutate LEUA54 has residue index 53
Residue to Mutate LEUA54 has residue index 53
Residue to Mutate VALA55 has residue index 54
Residue to Mutate VALA55 has residue index 54
Residue to Mutate VALA55 has residue index 54
Residue to Mutate VALA55 has residue index 54
Residue to Mutate VALA55 has residue index 54
Residue to Mutate VALA55 has residue index 54
Residue to Mutate VALA55 has residue index 54
Residue to Mutate VALA55 has residue index 54
Residue to Mutate VALA55 has residue index 54
Residue to Mutate VALA55 has residue index 54
Residue to Mutate VALA55 has residue index 54
Residue to Mutate VALA55 has residue index 54
Residue to Mutate VALA55 has residue index 54
Residue to Mutate VALA55 has residue index 54
Residue to Mutate VALA55 has residue index 54
Residue to Mutate VALA55 has residue index 54
Residue to Mutate VALA55 has residue index 54
Residue to Mutate VALA55 has residue index 54
Residue to Mutate VALA56 has residue index 55
Residue to Mutate VALA56 has residue index 55
Residue to Mutate VALA56 has residue index 55
Residue to Mutate VALA56 has residue index 55
Residue to Mutate VALA56 has residue index 55
Residue to Mutate VALA56 has residue index 55
Residue to Mutate VALA56 has residue index 55
Residue to Mutate VALA56 has residue index 55
Mutating residue = ASPA53 into ILE
Mutating residue = ASPA53 into HIS
Mutating residue = ASPA53 into GLY
Mutating residue = ASPA53 into PHE
Mutating residue = ASPA53 into GLU
Mutating residue = ASPA53 into ASN
Mutating residue = LEUA54 into ARG
Mutating residue = LEUA54 into GLN
Mutating residue = LEUA54 into GLU
Mutating residue = LEUA54 into TYR
Mutating residue = LEUA54 into VAL
Mutating residue = LEUA54 into THR
Mutating residue = LEUA54 into SER
Mutating residue = LEUA54 into CYS
Mutating residue = LEUA54 into ASP
Mutating residue = LEUA54 into PHE
Mutating residue = LEUA54 into GLY
Mutating residue = LEUA54 into HIS
Mutating residue = LEUA54 into LYS
Mutating residue = LEUA54 into ILE
Mutating residue = LEUA54 into ASN
Mutating residue = LEUA54 into PRO
Mutating residue = LEUA54 into ALA
Mutating residue = LEUA54 into MET
Mutating residue = VALA55 into LEU
Mutating residue = VALA55 into PRO
Mutating residue = VALA55 into GLN
Mutating residue = VALA55 into ARG
Mutating residue = VALA55 into SER
Mutating residue = VALA55 into THR
Mutating residue = VALA55 into TYR
Mutating residue = VALA55 into ASN
Mutating residue = VALA55 into MET
Mutating residue = VALA55 into LYS
Mutating residue = VALA55 into CYS
Mutating residue = VALA55 into HIS
Mutating residue = VALA55 into ALA
Mutating residue = VALA55 into ASP
Mutating residue = VALA55 into GLU
Mutating residue = VALA55 into ILE
Mutating residue = VALA55 into PHE
Mutating residue = VALA55 into GLY
Mutating residue = VALA56 into ASN
Mutating residue = VALA56 into ALA
Mutating residue = VALA56 into CYS
Mutating residue = VALA56 into ASP
Mutating residue = VALA56 into GLU
Mutating residue = VALA56 into PHE
Mutating residue = VALA56 into GLY
Mutating residue = VALA56 into HIS
Your file run OK
End time of FoldX: Sat May  9 16:20:27 2026
Total time spend: 208.82 seconds.
validated file "AMIE_1.pdb" => successfully finished
validated file "AMIE_2.pdb" => successfully finished
validated file "AMIE_3.pdb" => successfully finished
validated file "AMIE_4.pdb" => successfully finished
validated file "AMIE_5.pdb" => successfully finished
validated file "AMIE_6.pdb" => successfully finished
validated file "AMIE_7.pdb" => successfully finished
validated file "AMIE_8.pdb" => successfully finished
validated file "AMIE_9.pdb" => successfully finished
validated file "AMIE_10.pdb" => successfully finished
validated file "AMIE_11.pdb" => successfully finished
validated file "AMIE_12.pdb" => successfully finished
validated file "AMIE_13.pdb" => successfully finished
validated file "AMIE_14.pdb" => successfully finished
validated file "AMIE_15.pdb" => successfully finished
validated file "AMIE_16.pdb" => successfully finished
validated file "AMIE_17.pdb" => successfully finished
validated file "AMIE_18.pdb" => successfully finished
validated file "AMIE_19.pdb" => successfully finished
validated file "AMIE_20.pdb" => successfully finished
validated file "AMIE_21.pdb" => successfully finished
validated file "AMIE_22.pdb" => successfully finished
validated file "AMIE_23.pdb" => successfully finished
validated file "AMIE_24.pdb" => successfully finished
validated file "AMIE_25.pdb" => successfully finished
validated file "AMIE_26.pdb" => successfully finished
validated file "AMIE_27.pdb" => successfully finished
validated file "AMIE_28.pdb" => successfully finished
validated file "AMIE_29.pdb" => successfully finished
validated file "AMIE_30.pdb" => successfully finished
validated file "AMIE_31.pdb" => successfully finished
validated file "AMIE_32.pdb" => successfully finished
validated file "AMIE_33.pdb" => successfully finished
validated file "AMIE_34.pdb" => successfully finished
validated file "AMIE_35.pdb" => successfully finished
validated file "AMIE_36.pdb" => successfully finished
validated file "AMIE_37.pdb" => successfully finished
validated file "AMIE_38.pdb" => successfully finished
validated file "AMIE_39.pdb" => successfully finished
validated file "AMIE_40.pdb" => successfully finished
validated file "AMIE_41.pdb" => successfully finished
validated file "AMIE_42.pdb" => successfully finished
validated file "AMIE_43.pdb" => successfully finished
validated file "AMIE_44.pdb" => successfully finished
validated file "AMIE_45.pdb" => successfully finished
validated file "AMIE_46.pdb" => successfully finished
validated file "AMIE_47.pdb" => successfully finished
validated file "AMIE_48.pdb" => successfully finished
validated file "AMIE_49.pdb" => successfully finished
validated file "AMIE_50.pdb" => successfully finished
Cleaning BuildModel...DONE
任务 20 结果提取成功，已映射突变信息。
