   ********************************************
   ***                                      ***
   ***             FoldX 5.1 (c)            ***
   ***                                      ***
   ***     code by the FoldX Consortium     ***
   ***                                      ***
   ***     Jesper Borg, Frederic Rousseau   ***
   ***    Joost Schymkowitz, Luis Serrano   ***
   ***    Peter Vanhee, Erik Verschueren    ***
   ***     Lies Baeten, Javier Delgado      ***
   ***       and Francois Stricher          ***
   *** and any other of the 9! permutations ***
   ***   based on an original concept by    ***
   ***   Raphael Guerois and Luis Serrano   ***
   ********************************************

1 models read: AMIE.pdb
1 models read: AMIE.pdb

BackHbond       =               -246.54
SideHbond       =               -101.51
Energy_VdW      =               -394.57
Electro         =               -23.16
Energy_SolvP    =               558.47
Energy_SolvH    =               -504.97
Energy_vdwclash =               24.80
energy_torsion  =               8.85
backbone_vdwclash=              191.03
Entropy_sidec   =               205.47
Entropy_mainc   =               526.18
water bonds     =               0.00
helix dipole    =               -1.74
loop_entropy    =               0.00
cis_bond        =               4.52
disulfide       =               0.00
kn electrostatic=               0.00
partial covalent interactions = 0.00
Energy_Ionisation =             0.97
Entropy Complex =               0.00
-----------------------------------------------------------
Total          = 				  56.77


BackHbond       =               -246.54
SideHbond       =               -101.51
Energy_VdW      =               -394.57
Electro         =               -23.16
Energy_SolvP    =               558.47
Energy_SolvH    =               -504.97
Energy_vdwclash =               24.80
energy_torsion  =               8.85
backbone_vdwclash=              191.03
Entropy_sidec   =               205.47
Entropy_mainc   =               526.18
water bonds     =               0.00
helix dipole    =               -1.74
loop_entropy    =               0.00
cis_bond        =               4.52
disulfide       =               0.00
kn electrostatic=               0.00
partial covalent interactions = 0.00
Energy_Ionisation =             0.97
Entropy Complex =               0.00
-----------------------------------------------------------
Total          = 				  56.77

Starting BuildModel
Reading AA90D;
Reading AA90L;
Reading AA90N;
Reading AA90K;
Reading AA90Q;
Reading AA90R;
Reading AA90T;
Reading AA90V;
Reading AA90Y;
Reading AA90P;
Reading CA91Y;
Reading CA91Q;
Reading CA91V;
Reading CA91T;
Reading CA91S;
Reading CA91R;
Reading CA91P;
Reading CA91W;
Reading CA91L;
Reading CA91N;
Reading CA91A;
Reading CA91E;
Reading CA91F;
Reading CA91D;
Reading CA91H;
Reading CA91I;
Reading CA91K;
Reading CA91G;
Reading RA92G;
Reading RA92K;
Reading RA92H;
Reading RA92I;
Reading RA92F;
Reading RA92D;
Reading RA92C;
Reading RA92L;
Reading RA92E;
Reading RA92N;
Reading RA92P;
Reading RA92Q;
Reading RA92S;
Reading RA92T;
Reading RA92M;
Reading RA92A;
Reading RA92V;
Reading RA92Y;
Reading KA93E;
Reading KA93F;
Reading KA93G;
Reading KA93H;
Residue to Mutate ALAA90 has residue index 89
Residue to Mutate ALAA90 has residue index 89
Residue to Mutate ALAA90 has residue index 89
Residue to Mutate ALAA90 has residue index 89
Residue to Mutate ALAA90 has residue index 89
Residue to Mutate ALAA90 has residue index 89
Residue to Mutate ALAA90 has residue index 89
Residue to Mutate ALAA90 has residue index 89
Residue to Mutate ALAA90 has residue index 89
Residue to Mutate ALAA90 has residue index 89
Residue to Mutate CYSA91 has residue index 90
Residue to Mutate CYSA91 has residue index 90
Residue to Mutate CYSA91 has residue index 90
Residue to Mutate CYSA91 has residue index 90
Residue to Mutate CYSA91 has residue index 90
Residue to Mutate CYSA91 has residue index 90
Residue to Mutate CYSA91 has residue index 90
Residue to Mutate CYSA91 has residue index 90
Residue to Mutate CYSA91 has residue index 90
Residue to Mutate CYSA91 has residue index 90
Residue to Mutate CYSA91 has residue index 90
Residue to Mutate CYSA91 has residue index 90
Residue to Mutate CYSA91 has residue index 90
Residue to Mutate CYSA91 has residue index 90
Residue to Mutate CYSA91 has residue index 90
Residue to Mutate CYSA91 has residue index 90
Residue to Mutate CYSA91 has residue index 90
Residue to Mutate CYSA91 has residue index 90
Residue to Mutate ARGA92 has residue index 91
Residue to Mutate ARGA92 has residue index 91
Residue to Mutate ARGA92 has residue index 91
Residue to Mutate ARGA92 has residue index 91
Residue to Mutate ARGA92 has residue index 91
Residue to Mutate ARGA92 has residue index 91
Residue to Mutate ARGA92 has residue index 91
Residue to Mutate ARGA92 has residue index 91
Residue to Mutate ARGA92 has residue index 91
Residue to Mutate ARGA92 has residue index 91
Residue to Mutate ARGA92 has residue index 91
Residue to Mutate ARGA92 has residue index 91
Residue to Mutate ARGA92 has residue index 91
Residue to Mutate ARGA92 has residue index 91
Residue to Mutate ARGA92 has residue index 91
Residue to Mutate ARGA92 has residue index 91
Residue to Mutate ARGA92 has residue index 91
Residue to Mutate ARGA92 has residue index 91
Residue to Mutate LYSA93 has residue index 92
Residue to Mutate LYSA93 has residue index 92
Residue to Mutate LYSA93 has residue index 92
Residue to Mutate LYSA93 has residue index 92
Mutating residue = ALAA90 into ASP
Mutating residue = ALAA90 into LEU
Mutating residue = ALAA90 into ASN
Mutating residue = ALAA90 into LYS
Mutating residue = ALAA90 into GLN
Mutating residue = ALAA90 into ARG
Mutating residue = ALAA90 into THR
Mutating residue = ALAA90 into VAL
Mutating residue = ALAA90 into TYR
Mutating residue = ALAA90 into PRO
Mutating residue = CYSA91 into TYR
Mutating residue = CYSA91 into GLN
Mutating residue = CYSA91 into VAL
Mutating residue = CYSA91 into THR
Mutating residue = CYSA91 into SER
Mutating residue = CYSA91 into ARG
Mutating residue = CYSA91 into PRO
Mutating residue = CYSA91 into TRP
Mutating residue = CYSA91 into LEU
Mutating residue = CYSA91 into ASN
Mutating residue = CYSA91 into ALA
Mutating residue = CYSA91 into GLU
Mutating residue = CYSA91 into PHE
Mutating residue = CYSA91 into ASP
Mutating residue = CYSA91 into HIS
Mutating residue = CYSA91 into ILE
Mutating residue = CYSA91 into LYS
Mutating residue = CYSA91 into GLY
Mutating residue = ARGA92 into GLY
Mutating residue = ARGA92 into LYS
Mutating residue = ARGA92 into HIS
Mutating residue = ARGA92 into ILE
Mutating residue = ARGA92 into PHE
Mutating residue = ARGA92 into ASP
Mutating residue = ARGA92 into CYS
Mutating residue = ARGA92 into LEU
Mutating residue = ARGA92 into GLU
Mutating residue = ARGA92 into ASN
Mutating residue = ARGA92 into PRO
Mutating residue = ARGA92 into GLN
Mutating residue = ARGA92 into SER
Mutating residue = ARGA92 into THR
Mutating residue = ARGA92 into MET
Mutating residue = ARGA92 into ALA
Mutating residue = ARGA92 into VAL
Mutating residue = ARGA92 into TYR
Mutating residue = LYSA93 into GLU
Mutating residue = LYSA93 into PHE
Mutating residue = LYSA93 into GLY
Mutating residue = LYSA93 into HIS
Your file run OK
End time of FoldX: Sat May  9 16:27:21 2026
Total time spend: 621.34 seconds.
validated file "AMIE_1.pdb" => successfully finished
validated file "AMIE_2.pdb" => successfully finished
validated file "AMIE_3.pdb" => successfully finished
validated file "AMIE_4.pdb" => successfully finished
validated file "AMIE_5.pdb" => successfully finished
validated file "AMIE_6.pdb" => successfully finished
validated file "AMIE_7.pdb" => successfully finished
validated file "AMIE_8.pdb" => successfully finished
validated file "AMIE_9.pdb" => successfully finished
validated file "AMIE_10.pdb" => successfully finished
validated file "AMIE_11.pdb" => successfully finished
validated file "AMIE_12.pdb" => successfully finished
validated file "AMIE_13.pdb" => successfully finished
validated file "AMIE_14.pdb" => successfully finished
validated file "AMIE_15.pdb" => successfully finished
validated file "AMIE_16.pdb" => successfully finished
validated file "AMIE_17.pdb" => successfully finished
validated file "AMIE_18.pdb" => successfully finished
validated file "AMIE_19.pdb" => successfully finished
validated file "AMIE_20.pdb" => successfully finished
validated file "AMIE_21.pdb" => successfully finished
validated file "AMIE_22.pdb" => successfully finished
validated file "AMIE_23.pdb" => successfully finished
validated file "AMIE_24.pdb" => successfully finished
validated file "AMIE_25.pdb" => successfully finished
validated file "AMIE_26.pdb" => successfully finished
validated file "AMIE_27.pdb" => successfully finished
validated file "AMIE_28.pdb" => successfully finished
validated file "AMIE_29.pdb" => successfully finished
validated file "AMIE_30.pdb" => successfully finished
validated file "AMIE_31.pdb" => successfully finished
validated file "AMIE_32.pdb" => successfully finished
validated file "AMIE_33.pdb" => successfully finished
validated file "AMIE_34.pdb" => successfully finished
validated file "AMIE_35.pdb" => successfully finished
validated file "AMIE_36.pdb" => successfully finished
validated file "AMIE_37.pdb" => successfully finished
validated file "AMIE_38.pdb" => successfully finished
validated file "AMIE_39.pdb" => successfully finished
validated file "AMIE_40.pdb" => successfully finished
validated file "AMIE_41.pdb" => successfully finished
validated file "AMIE_42.pdb" => successfully finished
validated file "AMIE_43.pdb" => successfully finished
validated file "AMIE_44.pdb" => successfully finished
validated file "AMIE_45.pdb" => successfully finished
validated file "AMIE_46.pdb" => successfully finished
validated file "AMIE_47.pdb" => successfully finished
validated file "AMIE_48.pdb" => successfully finished
validated file "AMIE_49.pdb" => successfully finished
validated file "AMIE_50.pdb" => successfully finished
Cleaning BuildModel...DONE
任务 33 结果提取成功，已映射突变信息。
