   ********************************************
   ***                                      ***
   ***             FoldX 5.1 (c)            ***
   ***                                      ***
   ***     code by the FoldX Consortium     ***
   ***                                      ***
   ***     Jesper Borg, Frederic Rousseau   ***
   ***    Joost Schymkowitz, Luis Serrano   ***
   ***    Peter Vanhee, Erik Verschueren    ***
   ***     Lies Baeten, Javier Delgado      ***
   ***       and Francois Stricher          ***
   *** and any other of the 9! permutations ***
   ***   based on an original concept by    ***
   ***   Raphael Guerois and Luis Serrano   ***
   ********************************************

1 models read: AMIE.pdb
1 models read: AMIE.pdb

BackHbond       =               -246.54
SideHbond       =               -101.51
Energy_VdW      =               -394.57
Electro         =               -23.16
Energy_SolvP    =               558.47
Energy_SolvH    =               -504.97
Energy_vdwclash =               24.80
energy_torsion  =               8.85
backbone_vdwclash=              191.03
Entropy_sidec   =               205.47
Entropy_mainc   =               526.18
water bonds     =               0.00
helix dipole    =               -1.74
loop_entropy    =               0.00
cis_bond        =               4.52
disulfide       =               0.00
kn electrostatic=               0.00
partial covalent interactions = 0.00
Energy_Ionisation =             0.97
Entropy Complex =               0.00
-----------------------------------------------------------
Total          = 				  56.77


BackHbond       =               -246.54
SideHbond       =               -101.51
Energy_VdW      =               -394.57
Electro         =               -23.16
Energy_SolvP    =               558.47
Energy_SolvH    =               -504.97
Energy_vdwclash =               24.80
energy_torsion  =               8.85
backbone_vdwclash=              191.03
Entropy_sidec   =               205.47
Entropy_mainc   =               526.18
water bonds     =               0.00
helix dipole    =               -1.74
loop_entropy    =               0.00
cis_bond        =               4.52
disulfide       =               0.00
kn electrostatic=               0.00
partial covalent interactions = 0.00
Energy_Ionisation =             0.97
Entropy Complex =               0.00
-----------------------------------------------------------
Total          = 				  56.77

Starting BuildModel
Reading QA257M;
Reading QA257W;
Reading QA257L;
Reading QA257K;
Reading QA257I;
Reading QA257H;
Reading QA257G;
Reading QA257F;
Reading QA257E;
Reading QA257C;
Reading QA257A;
Reading LA258C;
Reading LA258Y;
Reading LA258V;
Reading LA258T;
Reading LA258S;
Reading LA258R;
Reading LA258Q;
Reading LA258P;
Reading LA258N;
Reading LA258M;
Reading LA258K;
Reading LA258I;
Reading LA258H;
Reading LA258G;
Reading LA258F;
Reading LA258E;
Reading LA258D;
Reading LA258W;
Reading LA258A;
Reading SA259A;
Reading SA259V;
Reading SA259C;
Reading SA259D;
Reading SA259E;
Reading SA259F;
Reading SA259G;
Reading SA259H;
Reading SA259Y;
Reading SA259I;
Reading SA259L;
Reading SA259M;
Reading SA259N;
Reading SA259P;
Reading SA259R;
Reading SA259T;
Reading SA259K;
Reading SA259Q;
Reading LA260F;
Reading LA260Q;
Residue to Mutate GLNA257 has residue index 256
Residue to Mutate GLNA257 has residue index 256
Residue to Mutate GLNA257 has residue index 256
Residue to Mutate GLNA257 has residue index 256
Residue to Mutate GLNA257 has residue index 256
Residue to Mutate GLNA257 has residue index 256
Residue to Mutate GLNA257 has residue index 256
Residue to Mutate GLNA257 has residue index 256
Residue to Mutate GLNA257 has residue index 256
Residue to Mutate GLNA257 has residue index 256
Residue to Mutate GLNA257 has residue index 256
Residue to Mutate LEUA258 has residue index 257
Residue to Mutate LEUA258 has residue index 257
Residue to Mutate LEUA258 has residue index 257
Residue to Mutate LEUA258 has residue index 257
Residue to Mutate LEUA258 has residue index 257
Residue to Mutate LEUA258 has residue index 257
Residue to Mutate LEUA258 has residue index 257
Residue to Mutate LEUA258 has residue index 257
Residue to Mutate LEUA258 has residue index 257
Residue to Mutate LEUA258 has residue index 257
Residue to Mutate LEUA258 has residue index 257
Residue to Mutate LEUA258 has residue index 257
Residue to Mutate LEUA258 has residue index 257
Residue to Mutate LEUA258 has residue index 257
Residue to Mutate LEUA258 has residue index 257
Residue to Mutate LEUA258 has residue index 257
Residue to Mutate LEUA258 has residue index 257
Residue to Mutate LEUA258 has residue index 257
Residue to Mutate LEUA258 has residue index 257
Residue to Mutate SERA259 has residue index 258
Residue to Mutate SERA259 has residue index 258
Residue to Mutate SERA259 has residue index 258
Residue to Mutate SERA259 has residue index 258
Residue to Mutate SERA259 has residue index 258
Residue to Mutate SERA259 has residue index 258
Residue to Mutate SERA259 has residue index 258
Residue to Mutate SERA259 has residue index 258
Residue to Mutate SERA259 has residue index 258
Residue to Mutate SERA259 has residue index 258
Residue to Mutate SERA259 has residue index 258
Residue to Mutate SERA259 has residue index 258
Residue to Mutate SERA259 has residue index 258
Residue to Mutate SERA259 has residue index 258
Residue to Mutate SERA259 has residue index 258
Residue to Mutate SERA259 has residue index 258
Residue to Mutate SERA259 has residue index 258
Residue to Mutate SERA259 has residue index 258
Residue to Mutate LEUA260 has residue index 259
Residue to Mutate LEUA260 has residue index 259
Mutating residue = GLNA257 into MET
Mutating residue = GLNA257 into TRP
Mutating residue = GLNA257 into LEU
Mutating residue = GLNA257 into LYS
Mutating residue = GLNA257 into ILE
Mutating residue = GLNA257 into HIS
Mutating residue = GLNA257 into GLY
Mutating residue = GLNA257 into PHE
Mutating residue = GLNA257 into GLU
Mutating residue = GLNA257 into CYS
Mutating residue = GLNA257 into ALA
Mutating residue = LEUA258 into CYS
Mutating residue = LEUA258 into TYR
Mutating residue = LEUA258 into VAL
Mutating residue = LEUA258 into THR
Mutating residue = LEUA258 into SER
Mutating residue = LEUA258 into ARG
Mutating residue = LEUA258 into GLN
Mutating residue = LEUA258 into PRO
Mutating residue = LEUA258 into ASN
Mutating residue = LEUA258 into MET
Mutating residue = LEUA258 into LYS
Mutating residue = LEUA258 into ILE
Mutating residue = LEUA258 into HIS
Mutating residue = LEUA258 into GLY
Mutating residue = LEUA258 into PHE
Mutating residue = LEUA258 into GLU
Mutating residue = LEUA258 into ASP
Mutating residue = LEUA258 into TRP
Mutating residue = LEUA258 into ALA
Mutating residue = SERA259 into ALA
Mutating residue = SERA259 into VAL
Mutating residue = SERA259 into CYS
Mutating residue = SERA259 into ASP
Mutating residue = SERA259 into GLU
Mutating residue = SERA259 into PHE
Mutating residue = SERA259 into GLY
Mutating residue = SERA259 into HIS
Mutating residue = SERA259 into TYR
Mutating residue = SERA259 into ILE
Mutating residue = SERA259 into LEU
Mutating residue = SERA259 into MET
Mutating residue = SERA259 into ASN
Mutating residue = SERA259 into PRO
Mutating residue = SERA259 into ARG
Mutating residue = SERA259 into THR
Mutating residue = SERA259 into LYS
Mutating residue = SERA259 into GLN
Mutating residue = LEUA260 into PHE
Mutating residue = LEUA260 into GLN
Your file run OK
End time of FoldX: Sat May  9 16:22:03 2026
Total time spend: 302.85 seconds.
validated file "AMIE_1.pdb" => successfully finished
validated file "AMIE_2.pdb" => successfully finished
validated file "AMIE_3.pdb" => successfully finished
validated file "AMIE_4.pdb" => successfully finished
validated file "AMIE_5.pdb" => successfully finished
validated file "AMIE_6.pdb" => successfully finished
validated file "AMIE_7.pdb" => successfully finished
validated file "AMIE_8.pdb" => successfully finished
validated file "AMIE_9.pdb" => successfully finished
validated file "AMIE_10.pdb" => successfully finished
validated file "AMIE_11.pdb" => successfully finished
validated file "AMIE_12.pdb" => successfully finished
validated file "AMIE_13.pdb" => successfully finished
validated file "AMIE_14.pdb" => successfully finished
validated file "AMIE_15.pdb" => successfully finished
validated file "AMIE_16.pdb" => successfully finished
validated file "AMIE_17.pdb" => successfully finished
validated file "AMIE_18.pdb" => successfully finished
validated file "AMIE_19.pdb" => successfully finished
validated file "AMIE_20.pdb" => successfully finished
validated file "AMIE_21.pdb" => successfully finished
validated file "AMIE_22.pdb" => successfully finished
validated file "AMIE_23.pdb" => successfully finished
validated file "AMIE_24.pdb" => successfully finished
validated file "AMIE_25.pdb" => successfully finished
validated file "AMIE_26.pdb" => successfully finished
validated file "AMIE_27.pdb" => successfully finished
validated file "AMIE_28.pdb" => successfully finished
validated file "AMIE_29.pdb" => successfully finished
validated file "AMIE_30.pdb" => successfully finished
validated file "AMIE_31.pdb" => successfully finished
validated file "AMIE_32.pdb" => successfully finished
validated file "AMIE_33.pdb" => successfully finished
validated file "AMIE_34.pdb" => successfully finished
validated file "AMIE_35.pdb" => successfully finished
validated file "AMIE_36.pdb" => successfully finished
validated file "AMIE_37.pdb" => successfully finished
validated file "AMIE_38.pdb" => successfully finished
validated file "AMIE_39.pdb" => successfully finished
validated file "AMIE_40.pdb" => successfully finished
validated file "AMIE_41.pdb" => successfully finished
validated file "AMIE_42.pdb" => successfully finished
validated file "AMIE_43.pdb" => successfully finished
validated file "AMIE_44.pdb" => successfully finished
validated file "AMIE_45.pdb" => successfully finished
validated file "AMIE_46.pdb" => successfully finished
validated file "AMIE_47.pdb" => successfully finished
validated file "AMIE_48.pdb" => successfully finished
validated file "AMIE_49.pdb" => successfully finished
validated file "AMIE_50.pdb" => successfully finished
Cleaning BuildModel...DONE
任务 94 结果提取成功，已映射突变信息。
