   ********************************************
   ***                                      ***
   ***             FoldX 5.1 (c)            ***
   ***                                      ***
   ***     code by the FoldX Consortium     ***
   ***                                      ***
   ***     Jesper Borg, Frederic Rousseau   ***
   ***    Joost Schymkowitz, Luis Serrano   ***
   ***    Peter Vanhee, Erik Verschueren    ***
   ***     Lies Baeten, Javier Delgado      ***
   ***       and Francois Stricher          ***
   *** and any other of the 9! permutations ***
   ***   based on an original concept by    ***
   ***   Raphael Guerois and Luis Serrano   ***
   ********************************************

1 models read: AMIE.pdb
1 models read: AMIE.pdb

BackHbond       =               -246.54
SideHbond       =               -101.51
Energy_VdW      =               -394.57
Electro         =               -23.16
Energy_SolvP    =               558.47
Energy_SolvH    =               -504.97
Energy_vdwclash =               24.80
energy_torsion  =               8.85
backbone_vdwclash=              191.03
Entropy_sidec   =               205.47
Entropy_mainc   =               526.18
water bonds     =               0.00
helix dipole    =               -1.74
loop_entropy    =               0.00
cis_bond        =               4.52
disulfide       =               0.00
kn electrostatic=               0.00
partial covalent interactions = 0.00
Energy_Ionisation =             0.97
Entropy Complex =               0.00
-----------------------------------------------------------
Total          = 				  56.77


BackHbond       =               -246.54
SideHbond       =               -101.51
Energy_VdW      =               -394.57
Electro         =               -23.16
Energy_SolvP    =               558.47
Energy_SolvH    =               -504.97
Energy_vdwclash =               24.80
energy_torsion  =               8.85
backbone_vdwclash=              191.03
Entropy_sidec   =               205.47
Entropy_mainc   =               526.18
water bonds     =               0.00
helix dipole    =               -1.74
loop_entropy    =               0.00
cis_bond        =               4.52
disulfide       =               0.00
kn electrostatic=               0.00
partial covalent interactions = 0.00
Energy_Ionisation =             0.97
Entropy Complex =               0.00
-----------------------------------------------------------
Total          = 				  56.77

Starting BuildModel
Reading DA294C;
Reading RA295G;
Reading RA295F;
Reading RA295E;
Reading RA295D;
Reading RA295C;
Reading RA295A;
Reading RA295H;
Reading RA295T;
Reading RA295W;
Reading RA295V;
Reading RA295L;
Reading RA295M;
Reading RA295N;
Reading RA295Q;
Reading RA295S;
Reading RA295Y;
Reading RA295P;
Reading RA295I;
Reading RA295K;
Reading GA296Q;
Reading GA296I;
Reading GA296H;
Reading GA296F;
Reading GA296D;
Reading GA296C;
Reading GA296A;
Reading GA296M;
Reading GA296N;
Reading GA296P;
Reading GA296R;
Reading GA296S;
Reading GA296T;
Reading GA296V;
Reading GA296W;
Reading GA296Y;
Reading GA296K;
Reading GA296L;
Reading GA296E;
Reading LA297K;
Reading LA297H;
Reading LA297I;
Reading LA297E;
Reading LA297M;
Reading LA297D;
Reading LA297C;
Reading LA297A;
Reading LA297N;
Reading LA297P;
Reading LA297G;
Residue to Mutate ASPA294 has residue index 293
Residue to Mutate ARGA295 has residue index 294
Residue to Mutate ARGA295 has residue index 294
Residue to Mutate ARGA295 has residue index 294
Residue to Mutate ARGA295 has residue index 294
Residue to Mutate ARGA295 has residue index 294
Residue to Mutate ARGA295 has residue index 294
Residue to Mutate ARGA295 has residue index 294
Residue to Mutate ARGA295 has residue index 294
Residue to Mutate ARGA295 has residue index 294
Residue to Mutate ARGA295 has residue index 294
Residue to Mutate ARGA295 has residue index 294
Residue to Mutate ARGA295 has residue index 294
Residue to Mutate ARGA295 has residue index 294
Residue to Mutate ARGA295 has residue index 294
Residue to Mutate ARGA295 has residue index 294
Residue to Mutate ARGA295 has residue index 294
Residue to Mutate ARGA295 has residue index 294
Residue to Mutate ARGA295 has residue index 294
Residue to Mutate ARGA295 has residue index 294
Residue to Mutate GLYA296 has residue index 295
Residue to Mutate GLYA296 has residue index 295
Residue to Mutate GLYA296 has residue index 295
Residue to Mutate GLYA296 has residue index 295
Residue to Mutate GLYA296 has residue index 295
Residue to Mutate GLYA296 has residue index 295
Residue to Mutate GLYA296 has residue index 295
Residue to Mutate GLYA296 has residue index 295
Residue to Mutate GLYA296 has residue index 295
Residue to Mutate GLYA296 has residue index 295
Residue to Mutate GLYA296 has residue index 295
Residue to Mutate GLYA296 has residue index 295
Residue to Mutate GLYA296 has residue index 295
Residue to Mutate GLYA296 has residue index 295
Residue to Mutate GLYA296 has residue index 295
Residue to Mutate GLYA296 has residue index 295
Residue to Mutate GLYA296 has residue index 295
Residue to Mutate GLYA296 has residue index 295
Residue to Mutate GLYA296 has residue index 295
Residue to Mutate LEUA297 has residue index 296
Residue to Mutate LEUA297 has residue index 296
Residue to Mutate LEUA297 has residue index 296
Residue to Mutate LEUA297 has residue index 296
Residue to Mutate LEUA297 has residue index 296
Residue to Mutate LEUA297 has residue index 296
Residue to Mutate LEUA297 has residue index 296
Residue to Mutate LEUA297 has residue index 296
Residue to Mutate LEUA297 has residue index 296
Residue to Mutate LEUA297 has residue index 296
Residue to Mutate LEUA297 has residue index 296
Mutating residue = ASPA294 into CYS
Mutating residue = ARGA295 into GLY
Mutating residue = ARGA295 into PHE
Mutating residue = ARGA295 into GLU
Mutating residue = ARGA295 into ASP
Mutating residue = ARGA295 into CYS
Mutating residue = ARGA295 into ALA
Mutating residue = ARGA295 into HIS
Mutating residue = ARGA295 into THR
Mutating residue = ARGA295 into TRP
Mutating residue = ARGA295 into VAL
Mutating residue = ARGA295 into LEU
Mutating residue = ARGA295 into MET
Mutating residue = ARGA295 into ASN
Mutating residue = ARGA295 into GLN
Mutating residue = ARGA295 into SER
Mutating residue = ARGA295 into TYR
Mutating residue = ARGA295 into PRO
Mutating residue = ARGA295 into ILE
Mutating residue = ARGA295 into LYS
Mutating residue = GLYA296 into GLN
Mutating residue = GLYA296 into ILE
Mutating residue = GLYA296 into HIS
Mutating residue = GLYA296 into PHE
Mutating residue = GLYA296 into ASP
Mutating residue = GLYA296 into CYS
Mutating residue = GLYA296 into ALA
Mutating residue = GLYA296 into MET
Mutating residue = GLYA296 into ASN
Mutating residue = GLYA296 into PRO
Mutating residue = GLYA296 into ARG
Mutating residue = GLYA296 into SER
Mutating residue = GLYA296 into THR
Mutating residue = GLYA296 into VAL
Mutating residue = GLYA296 into TRP
Mutating residue = GLYA296 into TYR
Mutating residue = GLYA296 into LYS
Mutating residue = GLYA296 into LEU
Mutating residue = GLYA296 into GLU
Mutating residue = LEUA297 into LYS
Mutating residue = LEUA297 into HIS
Mutating residue = LEUA297 into ILE
Mutating residue = LEUA297 into GLU
Mutating residue = LEUA297 into MET
Mutating residue = LEUA297 into ASP
Mutating residue = LEUA297 into CYS
Mutating residue = LEUA297 into ALA
Mutating residue = LEUA297 into ASN
Mutating residue = LEUA297 into PRO
Mutating residue = LEUA297 into GLY
Your file run OK
End time of FoldX: Sat May  9 16:24:28 2026
Total time spend: 446.22 seconds.
validated file "AMIE_1.pdb" => successfully finished
validated file "AMIE_2.pdb" => successfully finished
validated file "AMIE_3.pdb" => successfully finished
validated file "AMIE_4.pdb" => successfully finished
validated file "AMIE_5.pdb" => successfully finished
validated file "AMIE_6.pdb" => successfully finished
validated file "AMIE_7.pdb" => successfully finished
validated file "AMIE_8.pdb" => successfully finished
validated file "AMIE_9.pdb" => successfully finished
validated file "AMIE_10.pdb" => successfully finished
validated file "AMIE_11.pdb" => successfully finished
validated file "AMIE_12.pdb" => successfully finished
validated file "AMIE_13.pdb" => successfully finished
validated file "AMIE_14.pdb" => successfully finished
validated file "AMIE_15.pdb" => successfully finished
validated file "AMIE_16.pdb" => successfully finished
validated file "AMIE_17.pdb" => successfully finished
validated file "AMIE_18.pdb" => successfully finished
validated file "AMIE_19.pdb" => successfully finished
validated file "AMIE_20.pdb" => successfully finished
validated file "AMIE_21.pdb" => successfully finished
validated file "AMIE_22.pdb" => successfully finished
validated file "AMIE_23.pdb" => successfully finished
validated file "AMIE_24.pdb" => successfully finished
validated file "AMIE_25.pdb" => successfully finished
validated file "AMIE_26.pdb" => successfully finished
validated file "AMIE_27.pdb" => successfully finished
validated file "AMIE_28.pdb" => successfully finished
validated file "AMIE_29.pdb" => successfully finished
validated file "AMIE_30.pdb" => successfully finished
validated file "AMIE_31.pdb" => successfully finished
validated file "AMIE_32.pdb" => successfully finished
validated file "AMIE_33.pdb" => successfully finished
validated file "AMIE_34.pdb" => successfully finished
validated file "AMIE_35.pdb" => successfully finished
validated file "AMIE_36.pdb" => successfully finished
validated file "AMIE_37.pdb" => successfully finished
validated file "AMIE_38.pdb" => successfully finished
validated file "AMIE_39.pdb" => successfully finished
validated file "AMIE_40.pdb" => successfully finished
validated file "AMIE_41.pdb" => successfully finished
validated file "AMIE_42.pdb" => successfully finished
validated file "AMIE_43.pdb" => successfully finished
validated file "AMIE_44.pdb" => successfully finished
validated file "AMIE_45.pdb" => successfully finished
validated file "AMIE_46.pdb" => successfully finished
validated file "AMIE_47.pdb" => successfully finished
validated file "AMIE_48.pdb" => successfully finished
validated file "AMIE_49.pdb" => successfully finished
validated file "AMIE_50.pdb" => successfully finished
Cleaning BuildModel...DONE
任务 108 结果提取成功，已映射突变信息。
