   ********************************************
   ***                                      ***
   ***             FoldX 5.1 (c)            ***
   ***                                      ***
   ***     code by the FoldX Consortium     ***
   ***                                      ***
   ***     Jesper Borg, Frederic Rousseau   ***
   ***    Joost Schymkowitz, Luis Serrano   ***
   ***    Peter Vanhee, Erik Verschueren    ***
   ***     Lies Baeten, Javier Delgado      ***
   ***       and Francois Stricher          ***
   *** and any other of the 9! permutations ***
   ***   based on an original concept by    ***
   ***   Raphael Guerois and Luis Serrano   ***
   ********************************************

1 models read: AMIE.pdb
1 models read: AMIE.pdb

BackHbond       =               -246.54
SideHbond       =               -101.51
Energy_VdW      =               -394.57
Electro         =               -23.16
Energy_SolvP    =               558.47
Energy_SolvH    =               -504.97
Energy_vdwclash =               24.80
energy_torsion  =               8.85
backbone_vdwclash=              191.03
Entropy_sidec   =               205.47
Entropy_mainc   =               526.18
water bonds     =               0.00
helix dipole    =               -1.74
loop_entropy    =               0.00
cis_bond        =               4.52
disulfide       =               0.00
kn electrostatic=               0.00
partial covalent interactions = 0.00
Energy_Ionisation =             0.97
Entropy Complex =               0.00
-----------------------------------------------------------
Total          = 				  56.77


BackHbond       =               -246.54
SideHbond       =               -101.51
Energy_VdW      =               -394.57
Electro         =               -23.16
Energy_SolvP    =               558.47
Energy_SolvH    =               -504.97
Energy_vdwclash =               24.80
energy_torsion  =               8.85
backbone_vdwclash=              191.03
Entropy_sidec   =               205.47
Entropy_mainc   =               526.18
water bonds     =               0.00
helix dipole    =               -1.74
loop_entropy    =               0.00
cis_bond        =               4.52
disulfide       =               0.00
kn electrostatic=               0.00
partial covalent interactions = 0.00
Energy_Ionisation =             0.97
Entropy Complex =               0.00
-----------------------------------------------------------
Total          = 				  56.77

Starting BuildModel
Reading LA276P;
Reading LA276I;
Reading LA276M;
Reading LA276K;
Reading LA276F;
Reading LA276E;
Reading LA276W;
Reading LA276Y;
Reading LA276N;
Reading FA277D;
Reading FA277K;
Reading FA277L;
Reading FA277I;
Reading FA277M;
Reading FA277H;
Reading FA277A;
Reading FA277C;
Reading FA277R;
Reading FA277E;
Reading FA277Q;
Reading FA277P;
Reading FA277S;
Reading FA277T;
Reading FA277G;
Reading FA277W;
Reading FA277Y;
Reading FA277N;
Reading FA277V;
Reading KA278P;
Reading KA278A;
Reading KA278C;
Reading KA278D;
Reading KA278E;
Reading KA278F;
Reading KA278Q;
Reading KA278W;
Reading KA278S;
Reading KA278Y;
Reading KA278G;
Reading KA278H;
Reading KA278I;
Reading KA278L;
Reading KA278M;
Reading KA278N;
Reading KA278V;
Reading KA278R;
Reading KA278T;
Reading IA279D;
Reading IA279F;
Reading IA279E;
Residue to Mutate LEUA276 has residue index 275
Residue to Mutate LEUA276 has residue index 275
Residue to Mutate LEUA276 has residue index 275
Residue to Mutate LEUA276 has residue index 275
Residue to Mutate LEUA276 has residue index 275
Residue to Mutate LEUA276 has residue index 275
Residue to Mutate LEUA276 has residue index 275
Residue to Mutate LEUA276 has residue index 275
Residue to Mutate LEUA276 has residue index 275
Residue to Mutate PHEA277 has residue index 276
Residue to Mutate PHEA277 has residue index 276
Residue to Mutate PHEA277 has residue index 276
Residue to Mutate PHEA277 has residue index 276
Residue to Mutate PHEA277 has residue index 276
Residue to Mutate PHEA277 has residue index 276
Residue to Mutate PHEA277 has residue index 276
Residue to Mutate PHEA277 has residue index 276
Residue to Mutate PHEA277 has residue index 276
Residue to Mutate PHEA277 has residue index 276
Residue to Mutate PHEA277 has residue index 276
Residue to Mutate PHEA277 has residue index 276
Residue to Mutate PHEA277 has residue index 276
Residue to Mutate PHEA277 has residue index 276
Residue to Mutate PHEA277 has residue index 276
Residue to Mutate PHEA277 has residue index 276
Residue to Mutate PHEA277 has residue index 276
Residue to Mutate PHEA277 has residue index 276
Residue to Mutate PHEA277 has residue index 276
Residue to Mutate LYSA278 has residue index 277
Residue to Mutate LYSA278 has residue index 277
Residue to Mutate LYSA278 has residue index 277
Residue to Mutate LYSA278 has residue index 277
Residue to Mutate LYSA278 has residue index 277
Residue to Mutate LYSA278 has residue index 277
Residue to Mutate LYSA278 has residue index 277
Residue to Mutate LYSA278 has residue index 277
Residue to Mutate LYSA278 has residue index 277
Residue to Mutate LYSA278 has residue index 277
Residue to Mutate LYSA278 has residue index 277
Residue to Mutate LYSA278 has residue index 277
Residue to Mutate LYSA278 has residue index 277
Residue to Mutate LYSA278 has residue index 277
Residue to Mutate LYSA278 has residue index 277
Residue to Mutate LYSA278 has residue index 277
Residue to Mutate LYSA278 has residue index 277
Residue to Mutate LYSA278 has residue index 277
Residue to Mutate LYSA278 has residue index 277
Residue to Mutate ILEA279 has residue index 278
Residue to Mutate ILEA279 has residue index 278
Residue to Mutate ILEA279 has residue index 278
Mutating residue = LEUA276 into PRO
Mutating residue = LEUA276 into ILE
Mutating residue = LEUA276 into MET
Mutating residue = LEUA276 into LYS
Mutating residue = LEUA276 into PHE
Mutating residue = LEUA276 into GLU
Mutating residue = LEUA276 into TRP
Mutating residue = LEUA276 into TYR
Mutating residue = LEUA276 into ASN
Mutating residue = PHEA277 into ASP
Mutating residue = PHEA277 into LYS
Mutating residue = PHEA277 into LEU
Mutating residue = PHEA277 into ILE
Mutating residue = PHEA277 into MET
Mutating residue = PHEA277 into HIS
Mutating residue = PHEA277 into ALA
Mutating residue = PHEA277 into CYS
Mutating residue = PHEA277 into ARG
Mutating residue = PHEA277 into GLU
Mutating residue = PHEA277 into GLN
Mutating residue = PHEA277 into PRO
Mutating residue = PHEA277 into SER
Mutating residue = PHEA277 into THR
Mutating residue = PHEA277 into GLY
Mutating residue = PHEA277 into TRP
Mutating residue = PHEA277 into TYR
Mutating residue = PHEA277 into ASN
Mutating residue = PHEA277 into VAL
Mutating residue = LYSA278 into PRO
Mutating residue = LYSA278 into ALA
Mutating residue = LYSA278 into CYS
Mutating residue = LYSA278 into ASP
Mutating residue = LYSA278 into GLU
Mutating residue = LYSA278 into PHE
Mutating residue = LYSA278 into GLN
Mutating residue = LYSA278 into TRP
Mutating residue = LYSA278 into SER
Mutating residue = LYSA278 into TYR
Mutating residue = LYSA278 into GLY
Mutating residue = LYSA278 into HIS
Mutating residue = LYSA278 into ILE
Mutating residue = LYSA278 into LEU
Mutating residue = LYSA278 into MET
Mutating residue = LYSA278 into ASN
Mutating residue = LYSA278 into VAL
Mutating residue = LYSA278 into ARG
Mutating residue = LYSA278 into THR
Mutating residue = ILEA279 into ASP
Mutating residue = ILEA279 into PHE
Mutating residue = ILEA279 into GLU
Your file run OK
End time of FoldX: Sat May  9 16:31:41 2026
Total time spend: 877.55 seconds.
validated file "AMIE_1.pdb" => successfully finished
validated file "AMIE_2.pdb" => successfully finished
validated file "AMIE_3.pdb" => successfully finished
validated file "AMIE_4.pdb" => successfully finished
validated file "AMIE_5.pdb" => successfully finished
validated file "AMIE_6.pdb" => successfully finished
validated file "AMIE_7.pdb" => successfully finished
validated file "AMIE_8.pdb" => successfully finished
validated file "AMIE_9.pdb" => successfully finished
validated file "AMIE_10.pdb" => successfully finished
validated file "AMIE_11.pdb" => successfully finished
validated file "AMIE_12.pdb" => successfully finished
validated file "AMIE_13.pdb" => successfully finished
validated file "AMIE_14.pdb" => successfully finished
validated file "AMIE_15.pdb" => successfully finished
validated file "AMIE_16.pdb" => successfully finished
validated file "AMIE_17.pdb" => successfully finished
validated file "AMIE_18.pdb" => successfully finished
validated file "AMIE_19.pdb" => successfully finished
validated file "AMIE_20.pdb" => successfully finished
validated file "AMIE_21.pdb" => successfully finished
validated file "AMIE_22.pdb" => successfully finished
validated file "AMIE_23.pdb" => successfully finished
validated file "AMIE_24.pdb" => successfully finished
validated file "AMIE_25.pdb" => successfully finished
validated file "AMIE_26.pdb" => successfully finished
validated file "AMIE_27.pdb" => successfully finished
validated file "AMIE_28.pdb" => successfully finished
validated file "AMIE_29.pdb" => successfully finished
validated file "AMIE_30.pdb" => successfully finished
validated file "AMIE_31.pdb" => successfully finished
validated file "AMIE_32.pdb" => successfully finished
validated file "AMIE_33.pdb" => successfully finished
validated file "AMIE_34.pdb" => successfully finished
validated file "AMIE_35.pdb" => successfully finished
validated file "AMIE_36.pdb" => successfully finished
validated file "AMIE_37.pdb" => successfully finished
validated file "AMIE_38.pdb" => successfully finished
validated file "AMIE_39.pdb" => successfully finished
validated file "AMIE_40.pdb" => successfully finished
validated file "AMIE_41.pdb" => successfully finished
validated file "AMIE_42.pdb" => successfully finished
validated file "AMIE_43.pdb" => successfully finished
validated file "AMIE_44.pdb" => successfully finished
validated file "AMIE_45.pdb" => successfully finished
validated file "AMIE_46.pdb" => successfully finished
validated file "AMIE_47.pdb" => successfully finished
validated file "AMIE_48.pdb" => successfully finished
validated file "AMIE_49.pdb" => successfully finished
validated file "AMIE_50.pdb" => successfully finished
Cleaning BuildModel...DONE
任务 101 结果提取成功，已映射突变信息。
