   ********************************************
   ***                                      ***
   ***             FoldX 5.1 (c)            ***
   ***                                      ***
   ***     code by the FoldX Consortium     ***
   ***                                      ***
   ***     Jesper Borg, Frederic Rousseau   ***
   ***    Joost Schymkowitz, Luis Serrano   ***
   ***    Peter Vanhee, Erik Verschueren    ***
   ***     Lies Baeten, Javier Delgado      ***
   ***       and Francois Stricher          ***
   *** and any other of the 9! permutations ***
   ***   based on an original concept by    ***
   ***   Raphael Guerois and Luis Serrano   ***
   ********************************************

1 models read: AMIE.pdb
1 models read: AMIE.pdb

BackHbond       =               -246.54
SideHbond       =               -101.51
Energy_VdW      =               -394.57
Electro         =               -23.16
Energy_SolvP    =               558.47
Energy_SolvH    =               -504.97
Energy_vdwclash =               24.80
energy_torsion  =               8.85
backbone_vdwclash=              191.03
Entropy_sidec   =               205.47
Entropy_mainc   =               526.18
water bonds     =               0.00
helix dipole    =               -1.74
loop_entropy    =               0.00
cis_bond        =               4.52
disulfide       =               0.00
kn electrostatic=               0.00
partial covalent interactions = 0.00
Energy_Ionisation =             0.97
Entropy Complex =               0.00
-----------------------------------------------------------
Total          = 				  56.77


BackHbond       =               -246.54
SideHbond       =               -101.51
Energy_VdW      =               -394.57
Electro         =               -23.16
Energy_SolvP    =               558.47
Energy_SolvH    =               -504.97
Energy_vdwclash =               24.80
energy_torsion  =               8.85
backbone_vdwclash=              191.03
Entropy_sidec   =               205.47
Entropy_mainc   =               526.18
water bonds     =               0.00
helix dipole    =               -1.74
loop_entropy    =               0.00
cis_bond        =               4.52
disulfide       =               0.00
kn electrostatic=               0.00
partial covalent interactions = 0.00
Energy_Ionisation =             0.97
Entropy Complex =               0.00
-----------------------------------------------------------
Total          = 				  56.77

Starting BuildModel
Reading FA230C;
Reading FA230A;
Reading FA230K;
Reading FA230W;
Reading GA231Y;
Reading GA231V;
Reading GA231N;
Reading GA231P;
Reading GA231S;
Reading GA231A;
Reading GA231C;
Reading GA231D;
Reading GA231T;
Reading GA231F;
Reading GA231E;
Reading GA231R;
Reading GA231L;
Reading GA231Q;
Reading GA231K;
Reading GA231H;
Reading HA232D;
Reading HA232P;
Reading HA232N;
Reading HA232M;
Reading HA232L;
Reading HA232K;
Reading HA232I;
Reading HA232G;
Reading HA232F;
Reading HA232S;
Reading HA232T;
Reading HA232W;
Reading HA232Y;
Reading HA232A;
Reading HA232E;
Reading HA232C;
Reading HA232V;
Reading HA232R;
Reading HA232Q;
Reading SA233C;
Reading SA233A;
Reading SA233Y;
Reading SA233W;
Reading SA233V;
Reading SA233T;
Reading SA233R;
Reading SA233Q;
Reading SA233N;
Reading SA233P;
Reading SA233L;
Residue to Mutate PHEA230 has residue index 229
Residue to Mutate PHEA230 has residue index 229
Residue to Mutate PHEA230 has residue index 229
Residue to Mutate PHEA230 has residue index 229
Residue to Mutate GLYA231 has residue index 230
Residue to Mutate GLYA231 has residue index 230
Residue to Mutate GLYA231 has residue index 230
Residue to Mutate GLYA231 has residue index 230
Residue to Mutate GLYA231 has residue index 230
Residue to Mutate GLYA231 has residue index 230
Residue to Mutate GLYA231 has residue index 230
Residue to Mutate GLYA231 has residue index 230
Residue to Mutate GLYA231 has residue index 230
Residue to Mutate GLYA231 has residue index 230
Residue to Mutate GLYA231 has residue index 230
Residue to Mutate GLYA231 has residue index 230
Residue to Mutate GLYA231 has residue index 230
Residue to Mutate GLYA231 has residue index 230
Residue to Mutate GLYA231 has residue index 230
Residue to Mutate GLYA231 has residue index 230
Residue to Mutate HISA232 has residue index 231
Residue to Mutate HISA232 has residue index 231
Residue to Mutate HISA232 has residue index 231
Residue to Mutate HISA232 has residue index 231
Residue to Mutate HISA232 has residue index 231
Residue to Mutate HISA232 has residue index 231
Residue to Mutate HISA232 has residue index 231
Residue to Mutate HISA232 has residue index 231
Residue to Mutate HISA232 has residue index 231
Residue to Mutate HISA232 has residue index 231
Residue to Mutate HISA232 has residue index 231
Residue to Mutate HISA232 has residue index 231
Residue to Mutate HISA232 has residue index 231
Residue to Mutate HISA232 has residue index 231
Residue to Mutate HISA232 has residue index 231
Residue to Mutate HISA232 has residue index 231
Residue to Mutate HISA232 has residue index 231
Residue to Mutate HISA232 has residue index 231
Residue to Mutate HISA232 has residue index 231
Residue to Mutate SERA233 has residue index 232
Residue to Mutate SERA233 has residue index 232
Residue to Mutate SERA233 has residue index 232
Residue to Mutate SERA233 has residue index 232
Residue to Mutate SERA233 has residue index 232
Residue to Mutate SERA233 has residue index 232
Residue to Mutate SERA233 has residue index 232
Residue to Mutate SERA233 has residue index 232
Residue to Mutate SERA233 has residue index 232
Residue to Mutate SERA233 has residue index 232
Residue to Mutate SERA233 has residue index 232
Mutating residue = PHEA230 into CYS
Mutating residue = PHEA230 into ALA
Mutating residue = PHEA230 into LYS
Mutating residue = PHEA230 into TRP
Mutating residue = GLYA231 into TYR
Mutating residue = GLYA231 into VAL
Mutating residue = GLYA231 into ASN
Mutating residue = GLYA231 into PRO
Mutating residue = GLYA231 into SER
Mutating residue = GLYA231 into ALA
Mutating residue = GLYA231 into CYS
Mutating residue = GLYA231 into ASP
Mutating residue = GLYA231 into THR
Mutating residue = GLYA231 into PHE
Mutating residue = GLYA231 into GLU
Mutating residue = GLYA231 into ARG
Mutating residue = GLYA231 into LEU
Mutating residue = GLYA231 into GLN
Mutating residue = GLYA231 into LYS
Mutating residue = GLYA231 into HIS
Mutating residue = H1SA232 into ASP
Mutating residue = H1SA232 into PRO
Mutating residue = H1SA232 into ASN
Mutating residue = H1SA232 into MET
Mutating residue = H1SA232 into LEU
Mutating residue = H1SA232 into LYS
Mutating residue = H1SA232 into ILE
Mutating residue = H1SA232 into GLY
Mutating residue = H1SA232 into PHE
Mutating residue = H1SA232 into SER
Mutating residue = H1SA232 into THR
Mutating residue = H1SA232 into TRP
Mutating residue = H1SA232 into TYR
Mutating residue = H1SA232 into ALA
Mutating residue = H1SA232 into GLU
Mutating residue = H1SA232 into CYS
Mutating residue = H1SA232 into VAL
Mutating residue = H1SA232 into ARG
Mutating residue = H1SA232 into GLN
Mutating residue = SERA233 into CYS
Mutating residue = SERA233 into ALA
Mutating residue = SERA233 into TYR
Mutating residue = SERA233 into TRP
Mutating residue = SERA233 into VAL
Mutating residue = SERA233 into THR
Mutating residue = SERA233 into ARG
Mutating residue = SERA233 into GLN
Mutating residue = SERA233 into ASN
Mutating residue = SERA233 into PRO
Mutating residue = SERA233 into LEU
Your file run OK
End time of FoldX: Sat May  9 16:24:08 2026
Total time spend: 427.98 seconds.
validated file "AMIE_1.pdb" => successfully finished
validated file "AMIE_2.pdb" => successfully finished
validated file "AMIE_3.pdb" => successfully finished
validated file "AMIE_4.pdb" => successfully finished
validated file "AMIE_5.pdb" => successfully finished
validated file "AMIE_6.pdb" => successfully finished
validated file "AMIE_7.pdb" => successfully finished
validated file "AMIE_8.pdb" => successfully finished
validated file "AMIE_9.pdb" => successfully finished
validated file "AMIE_10.pdb" => successfully finished
validated file "AMIE_11.pdb" => successfully finished
validated file "AMIE_12.pdb" => successfully finished
validated file "AMIE_13.pdb" => successfully finished
validated file "AMIE_14.pdb" => successfully finished
validated file "AMIE_15.pdb" => successfully finished
validated file "AMIE_16.pdb" => successfully finished
validated file "AMIE_17.pdb" => successfully finished
validated file "AMIE_18.pdb" => successfully finished
validated file "AMIE_19.pdb" => successfully finished
validated file "AMIE_20.pdb" => successfully finished
validated file "AMIE_21.pdb" => successfully finished
validated file "AMIE_22.pdb" => successfully finished
validated file "AMIE_23.pdb" => successfully finished
validated file "AMIE_24.pdb" => successfully finished
validated file "AMIE_25.pdb" => successfully finished
validated file "AMIE_26.pdb" => successfully finished
validated file "AMIE_27.pdb" => successfully finished
validated file "AMIE_28.pdb" => successfully finished
validated file "AMIE_29.pdb" => successfully finished
validated file "AMIE_30.pdb" => successfully finished
validated file "AMIE_31.pdb" => successfully finished
validated file "AMIE_32.pdb" => successfully finished
validated file "AMIE_33.pdb" => successfully finished
validated file "AMIE_34.pdb" => successfully finished
validated file "AMIE_35.pdb" => successfully finished
validated file "AMIE_36.pdb" => successfully finished
validated file "AMIE_37.pdb" => successfully finished
validated file "AMIE_38.pdb" => successfully finished
validated file "AMIE_39.pdb" => successfully finished
validated file "AMIE_40.pdb" => successfully finished
validated file "AMIE_41.pdb" => successfully finished
validated file "AMIE_42.pdb" => successfully finished
validated file "AMIE_43.pdb" => successfully finished
validated file "AMIE_44.pdb" => successfully finished
validated file "AMIE_45.pdb" => successfully finished
validated file "AMIE_46.pdb" => successfully finished
validated file "AMIE_47.pdb" => successfully finished
validated file "AMIE_48.pdb" => successfully finished
validated file "AMIE_49.pdb" => successfully finished
validated file "AMIE_50.pdb" => successfully finished
Cleaning BuildModel...DONE
任务 84 结果提取成功，已映射突变信息。
