   ********************************************
   ***                                      ***
   ***             FoldX 5.1 (c)            ***
   ***                                      ***
   ***     code by the FoldX Consortium     ***
   ***                                      ***
   ***     Jesper Borg, Frederic Rousseau   ***
   ***    Joost Schymkowitz, Luis Serrano   ***
   ***    Peter Vanhee, Erik Verschueren    ***
   ***     Lies Baeten, Javier Delgado      ***
   ***       and Francois Stricher          ***
   *** and any other of the 9! permutations ***
   ***   based on an original concept by    ***
   ***   Raphael Guerois and Luis Serrano   ***
   ********************************************

1 models read: AMIE.pdb
1 models read: AMIE.pdb

BackHbond       =               -246.54
SideHbond       =               -101.51
Energy_VdW      =               -394.57
Electro         =               -23.16
Energy_SolvP    =               558.47
Energy_SolvH    =               -504.97
Energy_vdwclash =               24.80
energy_torsion  =               8.85
backbone_vdwclash=              191.03
Entropy_sidec   =               205.47
Entropy_mainc   =               526.18
water bonds     =               0.00
helix dipole    =               -1.74
loop_entropy    =               0.00
cis_bond        =               4.52
disulfide       =               0.00
kn electrostatic=               0.00
partial covalent interactions = 0.00
Energy_Ionisation =             0.97
Entropy Complex =               0.00
-----------------------------------------------------------
Total          = 				  56.77


BackHbond       =               -246.54
SideHbond       =               -101.51
Energy_VdW      =               -394.57
Electro         =               -23.16
Energy_SolvP    =               558.47
Energy_SolvH    =               -504.97
Energy_vdwclash =               24.80
energy_torsion  =               8.85
backbone_vdwclash=              191.03
Entropy_sidec   =               205.47
Entropy_mainc   =               526.18
water bonds     =               0.00
helix dipole    =               -1.74
loop_entropy    =               0.00
cis_bond        =               4.52
disulfide       =               0.00
kn electrostatic=               0.00
partial covalent interactions = 0.00
Energy_Ionisation =             0.97
Entropy Complex =               0.00
-----------------------------------------------------------
Total          = 				  56.77

Starting BuildModel
Reading AA289W;
Reading AA289Y;
Reading AA289Q;
Reading AA289P;
Reading AA289N;
Reading AA289K;
Reading SA290Y;
Reading SA290W;
Reading SA290V;
Reading SA290T;
Reading SA290Q;
Reading SA290P;
Reading SA290N;
Reading SA290L;
Reading SA290K;
Reading SA290I;
Reading SA290H;
Reading SA290G;
Reading SA290F;
Reading SA290E;
Reading SA290D;
Reading SA290C;
Reading SA290A;
Reading SA290R;
Reading SA290M;
Reading GA291E;
Reading GA291C;
Reading GA291D;
Reading GA291A;
Reading GA291Y;
Reading GA291T;
Reading GA291V;
Reading GA291F;
Reading GA291W;
Reading GA291I;
Reading GA291K;
Reading GA291L;
Reading GA291M;
Reading GA291H;
Reading GA291P;
Reading GA291Q;
Reading GA291R;
Reading GA291S;
Reading GA291N;
Reading DA292G;
Reading DA292Q;
Reading DA292P;
Reading DA292N;
Reading DA292M;
Reading DA292L;
Residue to Mutate ALAA289 has residue index 288
Residue to Mutate ALAA289 has residue index 288
Residue to Mutate ALAA289 has residue index 288
Residue to Mutate ALAA289 has residue index 288
Residue to Mutate ALAA289 has residue index 288
Residue to Mutate ALAA289 has residue index 288
Residue to Mutate SERA290 has residue index 289
Residue to Mutate SERA290 has residue index 289
Residue to Mutate SERA290 has residue index 289
Residue to Mutate SERA290 has residue index 289
Residue to Mutate SERA290 has residue index 289
Residue to Mutate SERA290 has residue index 289
Residue to Mutate SERA290 has residue index 289
Residue to Mutate SERA290 has residue index 289
Residue to Mutate SERA290 has residue index 289
Residue to Mutate SERA290 has residue index 289
Residue to Mutate SERA290 has residue index 289
Residue to Mutate SERA290 has residue index 289
Residue to Mutate SERA290 has residue index 289
Residue to Mutate SERA290 has residue index 289
Residue to Mutate SERA290 has residue index 289
Residue to Mutate SERA290 has residue index 289
Residue to Mutate SERA290 has residue index 289
Residue to Mutate SERA290 has residue index 289
Residue to Mutate SERA290 has residue index 289
Residue to Mutate GLYA291 has residue index 290
Residue to Mutate GLYA291 has residue index 290
Residue to Mutate GLYA291 has residue index 290
Residue to Mutate GLYA291 has residue index 290
Residue to Mutate GLYA291 has residue index 290
Residue to Mutate GLYA291 has residue index 290
Residue to Mutate GLYA291 has residue index 290
Residue to Mutate GLYA291 has residue index 290
Residue to Mutate GLYA291 has residue index 290
Residue to Mutate GLYA291 has residue index 290
Residue to Mutate GLYA291 has residue index 290
Residue to Mutate GLYA291 has residue index 290
Residue to Mutate GLYA291 has residue index 290
Residue to Mutate GLYA291 has residue index 290
Residue to Mutate GLYA291 has residue index 290
Residue to Mutate GLYA291 has residue index 290
Residue to Mutate GLYA291 has residue index 290
Residue to Mutate GLYA291 has residue index 290
Residue to Mutate GLYA291 has residue index 290
Residue to Mutate ASPA292 has residue index 291
Residue to Mutate ASPA292 has residue index 291
Residue to Mutate ASPA292 has residue index 291
Residue to Mutate ASPA292 has residue index 291
Residue to Mutate ASPA292 has residue index 291
Residue to Mutate ASPA292 has residue index 291
Mutating residue = ALAA289 into TRP
Mutating residue = ALAA289 into TYR
Mutating residue = ALAA289 into GLN
Mutating residue = ALAA289 into PRO
Mutating residue = ALAA289 into ASN
Mutating residue = ALAA289 into LYS
Mutating residue = SERA290 into TYR
Mutating residue = SERA290 into TRP
Mutating residue = SERA290 into VAL
Mutating residue = SERA290 into THR
Mutating residue = SERA290 into GLN
Mutating residue = SERA290 into PRO
Mutating residue = SERA290 into ASN
Mutating residue = SERA290 into LEU
Mutating residue = SERA290 into LYS
Mutating residue = SERA290 into ILE
Mutating residue = SERA290 into HIS
Mutating residue = SERA290 into GLY
Mutating residue = SERA290 into PHE
Mutating residue = SERA290 into GLU
Mutating residue = SERA290 into ASP
Mutating residue = SERA290 into CYS
Mutating residue = SERA290 into ALA
Mutating residue = SERA290 into ARG
Mutating residue = SERA290 into MET
Mutating residue = GLYA291 into GLU
Mutating residue = GLYA291 into CYS
Mutating residue = GLYA291 into ASP
Mutating residue = GLYA291 into ALA
Mutating residue = GLYA291 into TYR
Mutating residue = GLYA291 into THR
Mutating residue = GLYA291 into VAL
Mutating residue = GLYA291 into PHE
Mutating residue = GLYA291 into TRP
Mutating residue = GLYA291 into ILE
Mutating residue = GLYA291 into LYS
Mutating residue = GLYA291 into LEU
Mutating residue = GLYA291 into MET
Mutating residue = GLYA291 into HIS
Mutating residue = GLYA291 into PRO
Mutating residue = GLYA291 into GLN
Mutating residue = GLYA291 into ARG
Mutating residue = GLYA291 into SER
Mutating residue = GLYA291 into ASN
Mutating residue = ASPA292 into GLY
Mutating residue = ASPA292 into GLN
Mutating residue = ASPA292 into PRO
Mutating residue = ASPA292 into ASN
Mutating residue = ASPA292 into MET
Mutating residue = ASPA292 into LEU
Your file run OK
End time of FoldX: Sat May  9 16:17:50 2026
Total time spend: 48.81 seconds.
validated file "AMIE_1.pdb" => successfully finished
validated file "AMIE_2.pdb" => successfully finished
validated file "AMIE_3.pdb" => successfully finished
validated file "AMIE_4.pdb" => successfully finished
validated file "AMIE_5.pdb" => successfully finished
validated file "AMIE_6.pdb" => successfully finished
validated file "AMIE_7.pdb" => successfully finished
validated file "AMIE_8.pdb" => successfully finished
validated file "AMIE_9.pdb" => successfully finished
validated file "AMIE_10.pdb" => successfully finished
validated file "AMIE_11.pdb" => successfully finished
validated file "AMIE_12.pdb" => successfully finished
validated file "AMIE_13.pdb" => successfully finished
validated file "AMIE_14.pdb" => successfully finished
validated file "AMIE_15.pdb" => successfully finished
validated file "AMIE_16.pdb" => successfully finished
validated file "AMIE_17.pdb" => successfully finished
validated file "AMIE_18.pdb" => successfully finished
validated file "AMIE_19.pdb" => successfully finished
validated file "AMIE_20.pdb" => successfully finished
validated file "AMIE_21.pdb" => successfully finished
validated file "AMIE_22.pdb" => successfully finished
validated file "AMIE_23.pdb" => successfully finished
validated file "AMIE_24.pdb" => successfully finished
validated file "AMIE_25.pdb" => successfully finished
validated file "AMIE_26.pdb" => successfully finished
validated file "AMIE_27.pdb" => successfully finished
validated file "AMIE_28.pdb" => successfully finished
validated file "AMIE_29.pdb" => successfully finished
validated file "AMIE_30.pdb" => successfully finished
validated file "AMIE_31.pdb" => successfully finished
validated file "AMIE_32.pdb" => successfully finished
validated file "AMIE_33.pdb" => successfully finished
validated file "AMIE_34.pdb" => successfully finished
validated file "AMIE_35.pdb" => successfully finished
validated file "AMIE_36.pdb" => successfully finished
validated file "AMIE_37.pdb" => successfully finished
validated file "AMIE_38.pdb" => successfully finished
validated file "AMIE_39.pdb" => successfully finished
validated file "AMIE_40.pdb" => successfully finished
validated file "AMIE_41.pdb" => successfully finished
validated file "AMIE_42.pdb" => successfully finished
validated file "AMIE_43.pdb" => successfully finished
validated file "AMIE_44.pdb" => successfully finished
validated file "AMIE_45.pdb" => successfully finished
validated file "AMIE_46.pdb" => successfully finished
validated file "AMIE_47.pdb" => successfully finished
validated file "AMIE_48.pdb" => successfully finished
validated file "AMIE_49.pdb" => successfully finished
validated file "AMIE_50.pdb" => successfully finished
Cleaning BuildModel...DONE
任务 106 结果提取成功，已映射突变信息。
