   ********************************************
   ***                                      ***
   ***             FoldX 5.1 (c)            ***
   ***                                      ***
   ***     code by the FoldX Consortium     ***
   ***                                      ***
   ***     Jesper Borg, Frederic Rousseau   ***
   ***    Joost Schymkowitz, Luis Serrano   ***
   ***    Peter Vanhee, Erik Verschueren    ***
   ***     Lies Baeten, Javier Delgado      ***
   ***       and Francois Stricher          ***
   *** and any other of the 9! permutations ***
   ***   based on an original concept by    ***
   ***   Raphael Guerois and Luis Serrano   ***
   ********************************************

1 models read: AMIE.pdb
1 models read: AMIE.pdb

BackHbond       =               -246.54
SideHbond       =               -101.51
Energy_VdW      =               -394.57
Electro         =               -23.16
Energy_SolvP    =               558.47
Energy_SolvH    =               -504.97
Energy_vdwclash =               24.80
energy_torsion  =               8.85
backbone_vdwclash=              191.03
Entropy_sidec   =               205.47
Entropy_mainc   =               526.18
water bonds     =               0.00
helix dipole    =               -1.74
loop_entropy    =               0.00
cis_bond        =               4.52
disulfide       =               0.00
kn electrostatic=               0.00
partial covalent interactions = 0.00
Energy_Ionisation =             0.97
Entropy Complex =               0.00
-----------------------------------------------------------
Total          = 				  56.77


BackHbond       =               -246.54
SideHbond       =               -101.51
Energy_VdW      =               -394.57
Electro         =               -23.16
Energy_SolvP    =               558.47
Energy_SolvH    =               -504.97
Energy_vdwclash =               24.80
energy_torsion  =               8.85
backbone_vdwclash=              191.03
Entropy_sidec   =               205.47
Entropy_mainc   =               526.18
water bonds     =               0.00
helix dipole    =               -1.74
loop_entropy    =               0.00
cis_bond        =               4.52
disulfide       =               0.00
kn electrostatic=               0.00
partial covalent interactions = 0.00
Energy_Ionisation =             0.97
Entropy Complex =               0.00
-----------------------------------------------------------
Total          = 				  56.77

Starting BuildModel
Reading PA111G;
Reading PA111T;
Reading RA112F;
Reading RA112C;
Reading RA112Y;
Reading RA112W;
Reading RA112V;
Reading RA112T;
Reading RA112S;
Reading RA112P;
Reading RA112N;
Reading RA112M;
Reading RA112L;
Reading RA112K;
Reading RA112I;
Reading RA112H;
Reading RA112G;
Reading RA112E;
Reading RA112D;
Reading RA112A;
Reading RA112Q;
Reading KA113C;
Reading KA113Y;
Reading KA113D;
Reading KA113E;
Reading KA113F;
Reading KA113G;
Reading KA113H;
Reading KA113I;
Reading KA113L;
Reading KA113M;
Reading KA113N;
Reading KA113P;
Reading KA113Q;
Reading KA113R;
Reading KA113S;
Reading KA113V;
Reading KA113W;
Reading KA113A;
Reading KA113T;
Reading AA114C;
Reading AA114W;
Reading AA114Y;
Reading AA114V;
Reading AA114T;
Reading AA114S;
Reading AA114R;
Reading AA114P;
Reading AA114N;
Reading AA114M;
Residue to Mutate PROA111 has residue index 110
Residue to Mutate PROA111 has residue index 110
Residue to Mutate ARGA112 has residue index 111
Residue to Mutate ARGA112 has residue index 111
Residue to Mutate ARGA112 has residue index 111
Residue to Mutate ARGA112 has residue index 111
Residue to Mutate ARGA112 has residue index 111
Residue to Mutate ARGA112 has residue index 111
Residue to Mutate ARGA112 has residue index 111
Residue to Mutate ARGA112 has residue index 111
Residue to Mutate ARGA112 has residue index 111
Residue to Mutate ARGA112 has residue index 111
Residue to Mutate ARGA112 has residue index 111
Residue to Mutate ARGA112 has residue index 111
Residue to Mutate ARGA112 has residue index 111
Residue to Mutate ARGA112 has residue index 111
Residue to Mutate ARGA112 has residue index 111
Residue to Mutate ARGA112 has residue index 111
Residue to Mutate ARGA112 has residue index 111
Residue to Mutate ARGA112 has residue index 111
Residue to Mutate ARGA112 has residue index 111
Residue to Mutate LYSA113 has residue index 112
Residue to Mutate LYSA113 has residue index 112
Residue to Mutate LYSA113 has residue index 112
Residue to Mutate LYSA113 has residue index 112
Residue to Mutate LYSA113 has residue index 112
Residue to Mutate LYSA113 has residue index 112
Residue to Mutate LYSA113 has residue index 112
Residue to Mutate LYSA113 has residue index 112
Residue to Mutate LYSA113 has residue index 112
Residue to Mutate LYSA113 has residue index 112
Residue to Mutate LYSA113 has residue index 112
Residue to Mutate LYSA113 has residue index 112
Residue to Mutate LYSA113 has residue index 112
Residue to Mutate LYSA113 has residue index 112
Residue to Mutate LYSA113 has residue index 112
Residue to Mutate LYSA113 has residue index 112
Residue to Mutate LYSA113 has residue index 112
Residue to Mutate LYSA113 has residue index 112
Residue to Mutate LYSA113 has residue index 112
Residue to Mutate ALAA114 has residue index 113
Residue to Mutate ALAA114 has residue index 113
Residue to Mutate ALAA114 has residue index 113
Residue to Mutate ALAA114 has residue index 113
Residue to Mutate ALAA114 has residue index 113
Residue to Mutate ALAA114 has residue index 113
Residue to Mutate ALAA114 has residue index 113
Residue to Mutate ALAA114 has residue index 113
Residue to Mutate ALAA114 has residue index 113
Residue to Mutate ALAA114 has residue index 113
Mutating residue = PROA111 into GLY
Mutating residue = PROA111 into THR
Mutating residue = ARGA112 into PHE
Mutating residue = ARGA112 into CYS
Mutating residue = ARGA112 into TYR
Mutating residue = ARGA112 into TRP
Mutating residue = ARGA112 into VAL
Mutating residue = ARGA112 into THR
Mutating residue = ARGA112 into SER
Mutating residue = ARGA112 into PRO
Mutating residue = ARGA112 into ASN
Mutating residue = ARGA112 into MET
Mutating residue = ARGA112 into LEU
Mutating residue = ARGA112 into LYS
Mutating residue = ARGA112 into ILE
Mutating residue = ARGA112 into HIS
Mutating residue = ARGA112 into GLY
Mutating residue = ARGA112 into GLU
Mutating residue = ARGA112 into ASP
Mutating residue = ARGA112 into ALA
Mutating residue = ARGA112 into GLN
Mutating residue = LYSA113 into CYS
Mutating residue = LYSA113 into TYR
Mutating residue = LYSA113 into ASP
Mutating residue = LYSA113 into GLU
Mutating residue = LYSA113 into PHE
Mutating residue = LYSA113 into GLY
Mutating residue = LYSA113 into HIS
Mutating residue = LYSA113 into ILE
Mutating residue = LYSA113 into LEU
Mutating residue = LYSA113 into MET
Mutating residue = LYSA113 into ASN
Mutating residue = LYSA113 into PRO
Mutating residue = LYSA113 into GLN
Mutating residue = LYSA113 into ARG
Mutating residue = LYSA113 into SER
Mutating residue = LYSA113 into VAL
Mutating residue = LYSA113 into TRP
Mutating residue = LYSA113 into ALA
Mutating residue = LYSA113 into THR
Mutating residue = ALAA114 into CYS
Mutating residue = ALAA114 into TRP
Mutating residue = ALAA114 into TYR
Mutating residue = ALAA114 into VAL
Mutating residue = ALAA114 into THR
Mutating residue = ALAA114 into SER
Mutating residue = ALAA114 into ARG
Mutating residue = ALAA114 into PRO
Mutating residue = ALAA114 into ASN
Mutating residue = ALAA114 into MET
Your file run OK
End time of FoldX: Sat May  9 16:26:20 2026
Total time spend: 559.92 seconds.
validated file "AMIE_1.pdb" => successfully finished
validated file "AMIE_2.pdb" => successfully finished
validated file "AMIE_3.pdb" => successfully finished
validated file "AMIE_4.pdb" => successfully finished
validated file "AMIE_5.pdb" => successfully finished
validated file "AMIE_6.pdb" => successfully finished
validated file "AMIE_7.pdb" => successfully finished
validated file "AMIE_8.pdb" => successfully finished
validated file "AMIE_9.pdb" => successfully finished
validated file "AMIE_10.pdb" => successfully finished
validated file "AMIE_11.pdb" => successfully finished
validated file "AMIE_12.pdb" => successfully finished
validated file "AMIE_13.pdb" => successfully finished
validated file "AMIE_14.pdb" => successfully finished
validated file "AMIE_15.pdb" => successfully finished
validated file "AMIE_16.pdb" => successfully finished
validated file "AMIE_17.pdb" => successfully finished
validated file "AMIE_18.pdb" => successfully finished
validated file "AMIE_19.pdb" => successfully finished
validated file "AMIE_20.pdb" => successfully finished
validated file "AMIE_21.pdb" => successfully finished
validated file "AMIE_22.pdb" => successfully finished
validated file "AMIE_23.pdb" => successfully finished
validated file "AMIE_24.pdb" => successfully finished
validated file "AMIE_25.pdb" => successfully finished
validated file "AMIE_26.pdb" => successfully finished
validated file "AMIE_27.pdb" => successfully finished
validated file "AMIE_28.pdb" => successfully finished
validated file "AMIE_29.pdb" => successfully finished
validated file "AMIE_30.pdb" => successfully finished
validated file "AMIE_31.pdb" => successfully finished
validated file "AMIE_32.pdb" => successfully finished
validated file "AMIE_33.pdb" => successfully finished
validated file "AMIE_34.pdb" => successfully finished
validated file "AMIE_35.pdb" => successfully finished
validated file "AMIE_36.pdb" => successfully finished
validated file "AMIE_37.pdb" => successfully finished
validated file "AMIE_38.pdb" => successfully finished
validated file "AMIE_39.pdb" => successfully finished
validated file "AMIE_40.pdb" => successfully finished
validated file "AMIE_41.pdb" => successfully finished
validated file "AMIE_42.pdb" => successfully finished
validated file "AMIE_43.pdb" => successfully finished
validated file "AMIE_44.pdb" => successfully finished
validated file "AMIE_45.pdb" => successfully finished
validated file "AMIE_46.pdb" => successfully finished
validated file "AMIE_47.pdb" => successfully finished
validated file "AMIE_48.pdb" => successfully finished
validated file "AMIE_49.pdb" => successfully finished
validated file "AMIE_50.pdb" => successfully finished
Cleaning BuildModel...DONE
任务 41 结果提取成功，已映射突变信息。
