   ********************************************
   ***                                      ***
   ***             FoldX 5.1 (c)            ***
   ***                                      ***
   ***     code by the FoldX Consortium     ***
   ***                                      ***
   ***     Jesper Borg, Frederic Rousseau   ***
   ***    Joost Schymkowitz, Luis Serrano   ***
   ***    Peter Vanhee, Erik Verschueren    ***
   ***     Lies Baeten, Javier Delgado      ***
   ***       and Francois Stricher          ***
   *** and any other of the 9! permutations ***
   ***   based on an original concept by    ***
   ***   Raphael Guerois and Luis Serrano   ***
   ********************************************

1 models read: AMIE.pdb
1 models read: AMIE.pdb

BackHbond       =               -246.54
SideHbond       =               -101.51
Energy_VdW      =               -394.57
Electro         =               -23.16
Energy_SolvP    =               558.47
Energy_SolvH    =               -504.97
Energy_vdwclash =               24.80
energy_torsion  =               8.85
backbone_vdwclash=              191.03
Entropy_sidec   =               205.47
Entropy_mainc   =               526.18
water bonds     =               0.00
helix dipole    =               -1.74
loop_entropy    =               0.00
cis_bond        =               4.52
disulfide       =               0.00
kn electrostatic=               0.00
partial covalent interactions = 0.00
Energy_Ionisation =             0.97
Entropy Complex =               0.00
-----------------------------------------------------------
Total          = 				  56.77


BackHbond       =               -246.54
SideHbond       =               -101.51
Energy_VdW      =               -394.57
Electro         =               -23.16
Energy_SolvP    =               558.47
Energy_SolvH    =               -504.97
Energy_vdwclash =               24.80
energy_torsion  =               8.85
backbone_vdwclash=              191.03
Entropy_sidec   =               205.47
Entropy_mainc   =               526.18
water bonds     =               0.00
helix dipole    =               -1.74
loop_entropy    =               0.00
cis_bond        =               4.52
disulfide       =               0.00
kn electrostatic=               0.00
partial covalent interactions = 0.00
Energy_Ionisation =             0.97
Entropy Complex =               0.00
-----------------------------------------------------------
Total          = 				  56.77

Starting BuildModel
Reading PA140C;
Reading PA140R;
Reading PA140S;
Reading PA140T;
Reading PA140V;
Reading PA140Y;
Reading PA140M;
Reading PA140N;
Reading PA140A;
Reading PA140E;
Reading PA140F;
Reading PA140G;
Reading PA140H;
Reading PA140I;
Reading PA140K;
Reading IA141Y;
Reading IA141W;
Reading IA141V;
Reading IA141T;
Reading IA141S;
Reading IA141R;
Reading IA141P;
Reading IA141Q;
Reading IA141F;
Reading IA141D;
Reading IA141E;
Reading IA141N;
Reading IA141C;
Reading IA141A;
Reading IA141H;
Reading IA141K;
Reading IA141L;
Reading IA141M;
Reading IA141G;
Reading EA142D;
Reading EA142K;
Reading EA142V;
Reading EA142T;
Reading EA142S;
Reading EA142R;
Reading EA142Y;
Reading EA142H;
Reading EA142I;
Reading EA142Q;
Reading EA142P;
Reading EA142N;
Reading EA142M;
Reading EA142A;
Reading EA142G;
Reading EA142C;
Residue to Mutate PROA140 has residue index 139
Residue to Mutate PROA140 has residue index 139
Residue to Mutate PROA140 has residue index 139
Residue to Mutate PROA140 has residue index 139
Residue to Mutate PROA140 has residue index 139
Residue to Mutate PROA140 has residue index 139
Residue to Mutate PROA140 has residue index 139
Residue to Mutate PROA140 has residue index 139
Residue to Mutate PROA140 has residue index 139
Residue to Mutate PROA140 has residue index 139
Residue to Mutate PROA140 has residue index 139
Residue to Mutate PROA140 has residue index 139
Residue to Mutate PROA140 has residue index 139
Residue to Mutate PROA140 has residue index 139
Residue to Mutate PROA140 has residue index 139
Residue to Mutate ILEA141 has residue index 140
Residue to Mutate ILEA141 has residue index 140
Residue to Mutate ILEA141 has residue index 140
Residue to Mutate ILEA141 has residue index 140
Residue to Mutate ILEA141 has residue index 140
Residue to Mutate ILEA141 has residue index 140
Residue to Mutate ILEA141 has residue index 140
Residue to Mutate ILEA141 has residue index 140
Residue to Mutate ILEA141 has residue index 140
Residue to Mutate ILEA141 has residue index 140
Residue to Mutate ILEA141 has residue index 140
Residue to Mutate ILEA141 has residue index 140
Residue to Mutate ILEA141 has residue index 140
Residue to Mutate ILEA141 has residue index 140
Residue to Mutate ILEA141 has residue index 140
Residue to Mutate ILEA141 has residue index 140
Residue to Mutate ILEA141 has residue index 140
Residue to Mutate ILEA141 has residue index 140
Residue to Mutate ILEA141 has residue index 140
Residue to Mutate GLUA142 has residue index 141
Residue to Mutate GLUA142 has residue index 141
Residue to Mutate GLUA142 has residue index 141
Residue to Mutate GLUA142 has residue index 141
Residue to Mutate GLUA142 has residue index 141
Residue to Mutate GLUA142 has residue index 141
Residue to Mutate GLUA142 has residue index 141
Residue to Mutate GLUA142 has residue index 141
Residue to Mutate GLUA142 has residue index 141
Residue to Mutate GLUA142 has residue index 141
Residue to Mutate GLUA142 has residue index 141
Residue to Mutate GLUA142 has residue index 141
Residue to Mutate GLUA142 has residue index 141
Residue to Mutate GLUA142 has residue index 141
Residue to Mutate GLUA142 has residue index 141
Residue to Mutate GLUA142 has residue index 141
Mutating residue = PROA140 into CYS
Mutating residue = PROA140 into ARG
Mutating residue = PROA140 into SER
Mutating residue = PROA140 into THR
Mutating residue = PROA140 into VAL
Mutating residue = PROA140 into TYR
Mutating residue = PROA140 into MET
Mutating residue = PROA140 into ASN
Mutating residue = PROA140 into ALA
Mutating residue = PROA140 into GLU
Mutating residue = PROA140 into PHE
Mutating residue = PROA140 into GLY
Mutating residue = PROA140 into HIS
Mutating residue = PROA140 into ILE
Mutating residue = PROA140 into LYS
Mutating residue = ILEA141 into TYR
Mutating residue = ILEA141 into TRP
Mutating residue = ILEA141 into VAL
Mutating residue = ILEA141 into THR
Mutating residue = ILEA141 into SER
Mutating residue = ILEA141 into ARG
Mutating residue = ILEA141 into PRO
Mutating residue = ILEA141 into GLN
Mutating residue = ILEA141 into PHE
Mutating residue = ILEA141 into ASP
Mutating residue = ILEA141 into GLU
Mutating residue = ILEA141 into ASN
Mutating residue = ILEA141 into CYS
Mutating residue = ILEA141 into ALA
Mutating residue = ILEA141 into HIS
Mutating residue = ILEA141 into LYS
Mutating residue = ILEA141 into LEU
Mutating residue = ILEA141 into MET
Mutating residue = ILEA141 into GLY
Mutating residue = GLUA142 into ASP
Mutating residue = GLUA142 into LYS
Mutating residue = GLUA142 into VAL
Mutating residue = GLUA142 into THR
Mutating residue = GLUA142 into SER
Mutating residue = GLUA142 into ARG
Mutating residue = GLUA142 into TYR
Mutating residue = GLUA142 into HIS
Mutating residue = GLUA142 into ILE
Mutating residue = GLUA142 into GLN
Mutating residue = GLUA142 into PRO
Mutating residue = GLUA142 into ASN
Mutating residue = GLUA142 into MET
Mutating residue = GLUA142 into ALA
Mutating residue = GLUA142 into GLY
Mutating residue = GLUA142 into CYS
Your file run OK
End time of FoldX: Sat May  9 16:24:08 2026
Total time spend: 427.79 seconds.
validated file "AMIE_1.pdb" => successfully finished
validated file "AMIE_2.pdb" => successfully finished
validated file "AMIE_3.pdb" => successfully finished
validated file "AMIE_4.pdb" => successfully finished
validated file "AMIE_5.pdb" => successfully finished
validated file "AMIE_6.pdb" => successfully finished
validated file "AMIE_7.pdb" => successfully finished
validated file "AMIE_8.pdb" => successfully finished
validated file "AMIE_9.pdb" => successfully finished
validated file "AMIE_10.pdb" => successfully finished
validated file "AMIE_11.pdb" => successfully finished
validated file "AMIE_12.pdb" => successfully finished
validated file "AMIE_13.pdb" => successfully finished
validated file "AMIE_14.pdb" => successfully finished
validated file "AMIE_15.pdb" => successfully finished
validated file "AMIE_16.pdb" => successfully finished
validated file "AMIE_17.pdb" => successfully finished
validated file "AMIE_18.pdb" => successfully finished
validated file "AMIE_19.pdb" => successfully finished
validated file "AMIE_20.pdb" => successfully finished
validated file "AMIE_21.pdb" => successfully finished
validated file "AMIE_22.pdb" => successfully finished
validated file "AMIE_23.pdb" => successfully finished
validated file "AMIE_24.pdb" => successfully finished
validated file "AMIE_25.pdb" => successfully finished
validated file "AMIE_26.pdb" => successfully finished
validated file "AMIE_27.pdb" => successfully finished
validated file "AMIE_28.pdb" => successfully finished
validated file "AMIE_29.pdb" => successfully finished
validated file "AMIE_30.pdb" => successfully finished
validated file "AMIE_31.pdb" => successfully finished
validated file "AMIE_32.pdb" => successfully finished
validated file "AMIE_33.pdb" => successfully finished
validated file "AMIE_34.pdb" => successfully finished
validated file "AMIE_35.pdb" => successfully finished
validated file "AMIE_36.pdb" => successfully finished
validated file "AMIE_37.pdb" => successfully finished
validated file "AMIE_38.pdb" => successfully finished
validated file "AMIE_39.pdb" => successfully finished
validated file "AMIE_40.pdb" => successfully finished
validated file "AMIE_41.pdb" => successfully finished
validated file "AMIE_42.pdb" => successfully finished
validated file "AMIE_43.pdb" => successfully finished
validated file "AMIE_44.pdb" => successfully finished
validated file "AMIE_45.pdb" => successfully finished
validated file "AMIE_46.pdb" => successfully finished
validated file "AMIE_47.pdb" => successfully finished
validated file "AMIE_48.pdb" => successfully finished
validated file "AMIE_49.pdb" => successfully finished
validated file "AMIE_50.pdb" => successfully finished
Cleaning BuildModel...DONE
任务 51 结果提取成功，已映射突变信息。
