   ********************************************
   ***                                      ***
   ***             FoldX 5.1 (c)            ***
   ***                                      ***
   ***     code by the FoldX Consortium     ***
   ***                                      ***
   ***     Jesper Borg, Frederic Rousseau   ***
   ***    Joost Schymkowitz, Luis Serrano   ***
   ***    Peter Vanhee, Erik Verschueren    ***
   ***     Lies Baeten, Javier Delgado      ***
   ***       and Francois Stricher          ***
   *** and any other of the 9! permutations ***
   ***   based on an original concept by    ***
   ***   Raphael Guerois and Luis Serrano   ***
   ********************************************

1 models read: AMIE.pdb
1 models read: AMIE.pdb

BackHbond       =               -246.54
SideHbond       =               -101.51
Energy_VdW      =               -394.57
Electro         =               -23.16
Energy_SolvP    =               558.47
Energy_SolvH    =               -504.97
Energy_vdwclash =               24.80
energy_torsion  =               8.85
backbone_vdwclash=              191.03
Entropy_sidec   =               205.47
Entropy_mainc   =               526.18
water bonds     =               0.00
helix dipole    =               -1.74
loop_entropy    =               0.00
cis_bond        =               4.52
disulfide       =               0.00
kn electrostatic=               0.00
partial covalent interactions = 0.00
Energy_Ionisation =             0.97
Entropy Complex =               0.00
-----------------------------------------------------------
Total          = 				  56.77


BackHbond       =               -246.54
SideHbond       =               -101.51
Energy_VdW      =               -394.57
Electro         =               -23.16
Energy_SolvP    =               558.47
Energy_SolvH    =               -504.97
Energy_vdwclash =               24.80
energy_torsion  =               8.85
backbone_vdwclash=              191.03
Entropy_sidec   =               205.47
Entropy_mainc   =               526.18
water bonds     =               0.00
helix dipole    =               -1.74
loop_entropy    =               0.00
cis_bond        =               4.52
disulfide       =               0.00
kn electrostatic=               0.00
partial covalent interactions = 0.00
Energy_Ionisation =             0.97
Entropy Complex =               0.00
-----------------------------------------------------------
Total          = 				  56.77

Starting BuildModel
Reading GA335I;
Reading GA335H;
Reading GA335F;
Reading GA335D;
Reading GA335P;
Reading GA335A;
Reading GA335R;
Reading GA335S;
Reading GA335T;
Reading GA335V;
Reading GA335W;
Reading GA335Y;
Reading GA335N;
Reading GA335C;
Reading RA336L;
Reading RA336K;
Reading RA336P;
Reading RA336N;
Reading RA336I;
Reading RA336Q;
Reading RA336S;
Reading RA336T;
Reading RA336V;
Reading RA336W;
Reading RA336Y;
Reading RA336M;
Reading RA336H;
Reading RA336A;
Reading RA336F;
Reading RA336E;
Reading RA336D;
Reading RA336C;
Reading RA336G;
Reading LA337A;
Reading LA337C;
Reading LA337D;
Reading LA337E;
Reading LA337F;
Reading LA337G;
Reading LA337H;
Reading LA337I;
Reading LA337T;
Reading LA337V;
Reading LA337S;
Reading LA337R;
Reading LA337Q;
Reading LA337P;
Reading LA337N;
Reading LA337M;
Reading LA337Y;
Residue to Mutate GLYA335 has residue index 334
Residue to Mutate GLYA335 has residue index 334
Residue to Mutate GLYA335 has residue index 334
Residue to Mutate GLYA335 has residue index 334
Residue to Mutate GLYA335 has residue index 334
Residue to Mutate GLYA335 has residue index 334
Residue to Mutate GLYA335 has residue index 334
Residue to Mutate GLYA335 has residue index 334
Residue to Mutate GLYA335 has residue index 334
Residue to Mutate GLYA335 has residue index 334
Residue to Mutate GLYA335 has residue index 334
Residue to Mutate GLYA335 has residue index 334
Residue to Mutate GLYA335 has residue index 334
Residue to Mutate GLYA335 has residue index 334
Residue to Mutate ARGA336 has residue index 335
Residue to Mutate ARGA336 has residue index 335
Residue to Mutate ARGA336 has residue index 335
Residue to Mutate ARGA336 has residue index 335
Residue to Mutate ARGA336 has residue index 335
Residue to Mutate ARGA336 has residue index 335
Residue to Mutate ARGA336 has residue index 335
Residue to Mutate ARGA336 has residue index 335
Residue to Mutate ARGA336 has residue index 335
Residue to Mutate ARGA336 has residue index 335
Residue to Mutate ARGA336 has residue index 335
Residue to Mutate ARGA336 has residue index 335
Residue to Mutate ARGA336 has residue index 335
Residue to Mutate ARGA336 has residue index 335
Residue to Mutate ARGA336 has residue index 335
Residue to Mutate ARGA336 has residue index 335
Residue to Mutate ARGA336 has residue index 335
Residue to Mutate ARGA336 has residue index 335
Residue to Mutate ARGA336 has residue index 335
Residue to Mutate LEUA337 has residue index 336
Residue to Mutate LEUA337 has residue index 336
Residue to Mutate LEUA337 has residue index 336
Residue to Mutate LEUA337 has residue index 336
Residue to Mutate LEUA337 has residue index 336
Residue to Mutate LEUA337 has residue index 336
Residue to Mutate LEUA337 has residue index 336
Residue to Mutate LEUA337 has residue index 336
Residue to Mutate LEUA337 has residue index 336
Residue to Mutate LEUA337 has residue index 336
Residue to Mutate LEUA337 has residue index 336
Residue to Mutate LEUA337 has residue index 336
Residue to Mutate LEUA337 has residue index 336
Residue to Mutate LEUA337 has residue index 336
Residue to Mutate LEUA337 has residue index 336
Residue to Mutate LEUA337 has residue index 336
Residue to Mutate LEUA337 has residue index 336
Mutating residue = GLYA335 into ILE
Mutating residue = GLYA335 into HIS
Mutating residue = GLYA335 into PHE
Mutating residue = GLYA335 into ASP
Mutating residue = GLYA335 into PRO
Mutating residue = GLYA335 into ALA
Mutating residue = GLYA335 into ARG
Mutating residue = GLYA335 into SER
Mutating residue = GLYA335 into THR
Mutating residue = GLYA335 into VAL
Mutating residue = GLYA335 into TRP
Mutating residue = GLYA335 into TYR
Mutating residue = GLYA335 into ASN
Mutating residue = GLYA335 into CYS
Mutating residue = ARGA336 into LEU
Mutating residue = ARGA336 into LYS
Mutating residue = ARGA336 into PRO
Mutating residue = ARGA336 into ASN
Mutating residue = ARGA336 into ILE
Mutating residue = ARGA336 into GLN
Mutating residue = ARGA336 into SER
Mutating residue = ARGA336 into THR
Mutating residue = ARGA336 into VAL
Mutating residue = ARGA336 into TRP
Mutating residue = ARGA336 into TYR
Mutating residue = ARGA336 into MET
Mutating residue = ARGA336 into HIS
Mutating residue = ARGA336 into ALA
Mutating residue = ARGA336 into PHE
Mutating residue = ARGA336 into GLU
Mutating residue = ARGA336 into ASP
Mutating residue = ARGA336 into CYS
Mutating residue = ARGA336 into GLY
Mutating residue = LEUA337 into ALA
Mutating residue = LEUA337 into CYS
Mutating residue = LEUA337 into ASP
Mutating residue = LEUA337 into GLU
Mutating residue = LEUA337 into PHE
Mutating residue = LEUA337 into GLY
Mutating residue = LEUA337 into HIS
Mutating residue = LEUA337 into ILE
Mutating residue = LEUA337 into THR
Mutating residue = LEUA337 into VAL
Mutating residue = LEUA337 into SER
Mutating residue = LEUA337 into ARG
Mutating residue = LEUA337 into GLN
Mutating residue = LEUA337 into PRO
Mutating residue = LEUA337 into ASN
Mutating residue = LEUA337 into MET
Mutating residue = LEUA337 into TYR
Your file run OK
End time of FoldX: Sat May  9 16:19:46 2026
Total time spend: 165.30 seconds.
validated file "AMIE_1.pdb" => successfully finished
validated file "AMIE_2.pdb" => successfully finished
validated file "AMIE_3.pdb" => successfully finished
validated file "AMIE_4.pdb" => successfully finished
validated file "AMIE_5.pdb" => successfully finished
validated file "AMIE_6.pdb" => successfully finished
validated file "AMIE_7.pdb" => successfully finished
validated file "AMIE_8.pdb" => successfully finished
validated file "AMIE_9.pdb" => successfully finished
validated file "AMIE_10.pdb" => successfully finished
validated file "AMIE_11.pdb" => successfully finished
validated file "AMIE_12.pdb" => successfully finished
validated file "AMIE_13.pdb" => successfully finished
validated file "AMIE_14.pdb" => successfully finished
validated file "AMIE_15.pdb" => successfully finished
validated file "AMIE_16.pdb" => successfully finished
validated file "AMIE_17.pdb" => successfully finished
validated file "AMIE_18.pdb" => successfully finished
validated file "AMIE_19.pdb" => successfully finished
validated file "AMIE_20.pdb" => successfully finished
validated file "AMIE_21.pdb" => successfully finished
validated file "AMIE_22.pdb" => successfully finished
validated file "AMIE_23.pdb" => successfully finished
validated file "AMIE_24.pdb" => successfully finished
validated file "AMIE_25.pdb" => successfully finished
validated file "AMIE_26.pdb" => successfully finished
validated file "AMIE_27.pdb" => successfully finished
validated file "AMIE_28.pdb" => successfully finished
validated file "AMIE_29.pdb" => successfully finished
validated file "AMIE_30.pdb" => successfully finished
validated file "AMIE_31.pdb" => successfully finished
validated file "AMIE_32.pdb" => successfully finished
validated file "AMIE_33.pdb" => successfully finished
validated file "AMIE_34.pdb" => successfully finished
validated file "AMIE_35.pdb" => successfully finished
validated file "AMIE_36.pdb" => successfully finished
validated file "AMIE_37.pdb" => successfully finished
validated file "AMIE_38.pdb" => successfully finished
validated file "AMIE_39.pdb" => successfully finished
validated file "AMIE_40.pdb" => successfully finished
validated file "AMIE_41.pdb" => successfully finished
validated file "AMIE_42.pdb" => successfully finished
validated file "AMIE_43.pdb" => successfully finished
validated file "AMIE_44.pdb" => successfully finished
validated file "AMIE_45.pdb" => successfully finished
validated file "AMIE_46.pdb" => successfully finished
validated file "AMIE_47.pdb" => successfully finished
validated file "AMIE_48.pdb" => successfully finished
validated file "AMIE_49.pdb" => successfully finished
validated file "AMIE_50.pdb" => successfully finished
Cleaning BuildModel...DONE
任务 123 结果提取成功，已映射突变信息。
