   ********************************************
   ***                                      ***
   ***             FoldX 5.1 (c)            ***
   ***                                      ***
   ***     code by the FoldX Consortium     ***
   ***                                      ***
   ***     Jesper Borg, Frederic Rousseau   ***
   ***    Joost Schymkowitz, Luis Serrano   ***
   ***    Peter Vanhee, Erik Verschueren    ***
   ***     Lies Baeten, Javier Delgado      ***
   ***       and Francois Stricher          ***
   *** and any other of the 9! permutations ***
   ***   based on an original concept by    ***
   ***   Raphael Guerois and Luis Serrano   ***
   ********************************************

1 models read: AMIE.pdb
1 models read: AMIE.pdb

BackHbond       =               -246.54
SideHbond       =               -101.51
Energy_VdW      =               -394.57
Electro         =               -23.16
Energy_SolvP    =               558.47
Energy_SolvH    =               -504.97
Energy_vdwclash =               24.80
energy_torsion  =               8.85
backbone_vdwclash=              191.03
Entropy_sidec   =               205.47
Entropy_mainc   =               526.18
water bonds     =               0.00
helix dipole    =               -1.74
loop_entropy    =               0.00
cis_bond        =               4.52
disulfide       =               0.00
kn electrostatic=               0.00
partial covalent interactions = 0.00
Energy_Ionisation =             0.97
Entropy Complex =               0.00
-----------------------------------------------------------
Total          = 				  56.77


BackHbond       =               -246.54
SideHbond       =               -101.51
Energy_VdW      =               -394.57
Electro         =               -23.16
Energy_SolvP    =               558.47
Energy_SolvH    =               -504.97
Energy_vdwclash =               24.80
energy_torsion  =               8.85
backbone_vdwclash=              191.03
Entropy_sidec   =               205.47
Entropy_mainc   =               526.18
water bonds     =               0.00
helix dipole    =               -1.74
loop_entropy    =               0.00
cis_bond        =               4.52
disulfide       =               0.00
kn electrostatic=               0.00
partial covalent interactions = 0.00
Energy_Ionisation =             0.97
Entropy Complex =               0.00
-----------------------------------------------------------
Total          = 				  56.77

Starting BuildModel
Reading SA153Q;
Reading SA153Y;
Reading SA153V;
Reading SA153E;
Reading SA153D;
Reading SA153C;
Reading SA153F;
Reading SA153A;
Reading EA154W;
Reading EA154V;
Reading EA154A;
Reading EA154T;
Reading EA154S;
Reading EA154R;
Reading EA154Q;
Reading EA154N;
Reading EA154M;
Reading EA154C;
Reading EA154P;
Reading EA154F;
Reading EA154G;
Reading EA154Y;
Reading EA154L;
Reading EA154K;
Reading EA154I;
Reading EA154H;
Reading EA154D;
Reading GA155M;
Reading GA155N;
Reading GA155P;
Reading GA155Q;
Reading GA155V;
Reading GA155S;
Reading GA155L;
Reading GA155W;
Reading GA155Y;
Reading GA155R;
Reading GA155K;
Reading GA155T;
Reading GA155H;
Reading GA155A;
Reading GA155C;
Reading GA155I;
Reading GA155E;
Reading GA155F;
Reading GA155D;
Reading PA156Y;
Reading PA156V;
Reading PA156D;
Reading PA156S;
Residue to Mutate SERA153 has residue index 152
Residue to Mutate SERA153 has residue index 152
Residue to Mutate SERA153 has residue index 152
Residue to Mutate SERA153 has residue index 152
Residue to Mutate SERA153 has residue index 152
Residue to Mutate SERA153 has residue index 152
Residue to Mutate SERA153 has residue index 152
Residue to Mutate SERA153 has residue index 152
Residue to Mutate GLUA154 has residue index 153
Residue to Mutate GLUA154 has residue index 153
Residue to Mutate GLUA154 has residue index 153
Residue to Mutate GLUA154 has residue index 153
Residue to Mutate GLUA154 has residue index 153
Residue to Mutate GLUA154 has residue index 153
Residue to Mutate GLUA154 has residue index 153
Residue to Mutate GLUA154 has residue index 153
Residue to Mutate GLUA154 has residue index 153
Residue to Mutate GLUA154 has residue index 153
Residue to Mutate GLUA154 has residue index 153
Residue to Mutate GLUA154 has residue index 153
Residue to Mutate GLUA154 has residue index 153
Residue to Mutate GLUA154 has residue index 153
Residue to Mutate GLUA154 has residue index 153
Residue to Mutate GLUA154 has residue index 153
Residue to Mutate GLUA154 has residue index 153
Residue to Mutate GLUA154 has residue index 153
Residue to Mutate GLUA154 has residue index 153
Residue to Mutate GLYA155 has residue index 154
Residue to Mutate GLYA155 has residue index 154
Residue to Mutate GLYA155 has residue index 154
Residue to Mutate GLYA155 has residue index 154
Residue to Mutate GLYA155 has residue index 154
Residue to Mutate GLYA155 has residue index 154
Residue to Mutate GLYA155 has residue index 154
Residue to Mutate GLYA155 has residue index 154
Residue to Mutate GLYA155 has residue index 154
Residue to Mutate GLYA155 has residue index 154
Residue to Mutate GLYA155 has residue index 154
Residue to Mutate GLYA155 has residue index 154
Residue to Mutate GLYA155 has residue index 154
Residue to Mutate GLYA155 has residue index 154
Residue to Mutate GLYA155 has residue index 154
Residue to Mutate GLYA155 has residue index 154
Residue to Mutate GLYA155 has residue index 154
Residue to Mutate GLYA155 has residue index 154
Residue to Mutate GLYA155 has residue index 154
Residue to Mutate PROA156 has residue index 155
Residue to Mutate PROA156 has residue index 155
Residue to Mutate PROA156 has residue index 155
Residue to Mutate PROA156 has residue index 155
Mutating residue = SERA153 into GLN
Mutating residue = SERA153 into TYR
Mutating residue = SERA153 into VAL
Mutating residue = SERA153 into GLU
Mutating residue = SERA153 into ASP
Mutating residue = SERA153 into CYS
Mutating residue = SERA153 into PHE
Mutating residue = SERA153 into ALA
Mutating residue = GLUA154 into TRP
Mutating residue = GLUA154 into VAL
Mutating residue = GLUA154 into ALA
Mutating residue = GLUA154 into THR
Mutating residue = GLUA154 into SER
Mutating residue = GLUA154 into ARG
Mutating residue = GLUA154 into GLN
Mutating residue = GLUA154 into ASN
Mutating residue = GLUA154 into MET
Mutating residue = GLUA154 into CYS
Mutating residue = GLUA154 into PRO
Mutating residue = GLUA154 into PHE
Mutating residue = GLUA154 into GLY
Mutating residue = GLUA154 into TYR
Mutating residue = GLUA154 into LEU
Mutating residue = GLUA154 into LYS
Mutating residue = GLUA154 into ILE
Mutating residue = GLUA154 into HIS
Mutating residue = GLUA154 into ASP
Mutating residue = GLYA155 into MET
Mutating residue = GLYA155 into ASN
Mutating residue = GLYA155 into PRO
Mutating residue = GLYA155 into GLN
Mutating residue = GLYA155 into VAL
Mutating residue = GLYA155 into SER
Mutating residue = GLYA155 into LEU
Mutating residue = GLYA155 into TRP
Mutating residue = GLYA155 into TYR
Mutating residue = GLYA155 into ARG
Mutating residue = GLYA155 into LYS
Mutating residue = GLYA155 into THR
Mutating residue = GLYA155 into HIS
Mutating residue = GLYA155 into ALA
Mutating residue = GLYA155 into CYS
Mutating residue = GLYA155 into ILE
Mutating residue = GLYA155 into GLU
Mutating residue = GLYA155 into PHE
Mutating residue = GLYA155 into ASP
Mutating residue = PROA156 into TYR
Mutating residue = PROA156 into VAL
Mutating residue = PROA156 into ASP
Mutating residue = PROA156 into SER
Your file run OK
End time of FoldX: Sat May  9 16:21:29 2026
Total time spend: 269.69 seconds.
validated file "AMIE_1.pdb" => successfully finished
validated file "AMIE_2.pdb" => successfully finished
validated file "AMIE_3.pdb" => successfully finished
validated file "AMIE_4.pdb" => successfully finished
validated file "AMIE_5.pdb" => successfully finished
validated file "AMIE_6.pdb" => successfully finished
validated file "AMIE_7.pdb" => successfully finished
validated file "AMIE_8.pdb" => successfully finished
validated file "AMIE_9.pdb" => successfully finished
validated file "AMIE_10.pdb" => successfully finished
validated file "AMIE_11.pdb" => successfully finished
validated file "AMIE_12.pdb" => successfully finished
validated file "AMIE_13.pdb" => successfully finished
validated file "AMIE_14.pdb" => successfully finished
validated file "AMIE_15.pdb" => successfully finished
validated file "AMIE_16.pdb" => successfully finished
validated file "AMIE_17.pdb" => successfully finished
validated file "AMIE_18.pdb" => successfully finished
validated file "AMIE_19.pdb" => successfully finished
validated file "AMIE_20.pdb" => successfully finished
validated file "AMIE_21.pdb" => successfully finished
validated file "AMIE_22.pdb" => successfully finished
validated file "AMIE_23.pdb" => successfully finished
validated file "AMIE_24.pdb" => successfully finished
validated file "AMIE_25.pdb" => successfully finished
validated file "AMIE_26.pdb" => successfully finished
validated file "AMIE_27.pdb" => successfully finished
validated file "AMIE_28.pdb" => successfully finished
validated file "AMIE_29.pdb" => successfully finished
validated file "AMIE_30.pdb" => successfully finished
validated file "AMIE_31.pdb" => successfully finished
validated file "AMIE_32.pdb" => successfully finished
validated file "AMIE_33.pdb" => successfully finished
validated file "AMIE_34.pdb" => successfully finished
validated file "AMIE_35.pdb" => successfully finished
validated file "AMIE_36.pdb" => successfully finished
validated file "AMIE_37.pdb" => successfully finished
validated file "AMIE_38.pdb" => successfully finished
validated file "AMIE_39.pdb" => successfully finished
validated file "AMIE_40.pdb" => successfully finished
validated file "AMIE_41.pdb" => successfully finished
validated file "AMIE_42.pdb" => successfully finished
validated file "AMIE_43.pdb" => successfully finished
validated file "AMIE_44.pdb" => successfully finished
validated file "AMIE_45.pdb" => successfully finished
validated file "AMIE_46.pdb" => successfully finished
validated file "AMIE_47.pdb" => successfully finished
validated file "AMIE_48.pdb" => successfully finished
validated file "AMIE_49.pdb" => successfully finished
validated file "AMIE_50.pdb" => successfully finished
Cleaning BuildModel...DONE
任务 56 结果提取成功，已映射突变信息。
