   ********************************************
   ***                                      ***
   ***             FoldX 5.1 (c)            ***
   ***                                      ***
   ***     code by the FoldX Consortium     ***
   ***                                      ***
   ***     Jesper Borg, Frederic Rousseau   ***
   ***    Joost Schymkowitz, Luis Serrano   ***
   ***    Peter Vanhee, Erik Verschueren    ***
   ***     Lies Baeten, Javier Delgado      ***
   ***       and Francois Stricher          ***
   *** and any other of the 9! permutations ***
   ***   based on an original concept by    ***
   ***   Raphael Guerois and Luis Serrano   ***
   ********************************************

1 models read: AMIE.pdb
1 models read: AMIE.pdb

BackHbond       =               -246.54
SideHbond       =               -101.51
Energy_VdW      =               -394.57
Electro         =               -23.16
Energy_SolvP    =               558.47
Energy_SolvH    =               -504.97
Energy_vdwclash =               24.80
energy_torsion  =               8.85
backbone_vdwclash=              191.03
Entropy_sidec   =               205.47
Entropy_mainc   =               526.18
water bonds     =               0.00
helix dipole    =               -1.74
loop_entropy    =               0.00
cis_bond        =               4.52
disulfide       =               0.00
kn electrostatic=               0.00
partial covalent interactions = 0.00
Energy_Ionisation =             0.97
Entropy Complex =               0.00
-----------------------------------------------------------
Total          = 				  56.77


BackHbond       =               -246.54
SideHbond       =               -101.51
Energy_VdW      =               -394.57
Electro         =               -23.16
Energy_SolvP    =               558.47
Energy_SolvH    =               -504.97
Energy_vdwclash =               24.80
energy_torsion  =               8.85
backbone_vdwclash=              191.03
Entropy_sidec   =               205.47
Entropy_mainc   =               526.18
water bonds     =               0.00
helix dipole    =               -1.74
loop_entropy    =               0.00
cis_bond        =               4.52
disulfide       =               0.00
kn electrostatic=               0.00
partial covalent interactions = 0.00
Energy_Ionisation =             0.97
Entropy Complex =               0.00
-----------------------------------------------------------
Total          = 				  56.77

Starting BuildModel
Reading PA137E;
Reading PA137D;
Reading PA137C;
Reading PA137A;
Reading PA137R;
Reading PA137S;
Reading PA137L;
Reading PA137V;
Reading PA137T;
Reading PA137W;
Reading WA138Y;
Reading WA138E;
Reading WA138F;
Reading WA138G;
Reading WA138H;
Reading WA138I;
Reading WA138K;
Reading WA138L;
Reading WA138M;
Reading WA138P;
Reading WA138Q;
Reading WA138R;
Reading WA138S;
Reading WA138T;
Reading WA138V;
Reading WA138C;
Reading WA138N;
Reading WA138A;
Reading CA139Y;
Reading CA139F;
Reading CA139G;
Reading CA139H;
Reading CA139I;
Reading CA139K;
Reading CA139L;
Reading CA139M;
Reading CA139N;
Reading CA139P;
Reading CA139Q;
Reading CA139R;
Reading CA139S;
Reading CA139T;
Reading CA139V;
Reading CA139W;
Reading CA139E;
Reading CA139A;
Reading CA139D;
Reading PA140D;
Reading PA140L;
Reading PA140Q;
Residue to Mutate PROA137 has residue index 136
Residue to Mutate PROA137 has residue index 136
Residue to Mutate PROA137 has residue index 136
Residue to Mutate PROA137 has residue index 136
Residue to Mutate PROA137 has residue index 136
Residue to Mutate PROA137 has residue index 136
Residue to Mutate PROA137 has residue index 136
Residue to Mutate PROA137 has residue index 136
Residue to Mutate PROA137 has residue index 136
Residue to Mutate PROA137 has residue index 136
Residue to Mutate TRPA138 has residue index 137
Residue to Mutate TRPA138 has residue index 137
Residue to Mutate TRPA138 has residue index 137
Residue to Mutate TRPA138 has residue index 137
Residue to Mutate TRPA138 has residue index 137
Residue to Mutate TRPA138 has residue index 137
Residue to Mutate TRPA138 has residue index 137
Residue to Mutate TRPA138 has residue index 137
Residue to Mutate TRPA138 has residue index 137
Residue to Mutate TRPA138 has residue index 137
Residue to Mutate TRPA138 has residue index 137
Residue to Mutate TRPA138 has residue index 137
Residue to Mutate TRPA138 has residue index 137
Residue to Mutate TRPA138 has residue index 137
Residue to Mutate TRPA138 has residue index 137
Residue to Mutate TRPA138 has residue index 137
Residue to Mutate TRPA138 has residue index 137
Residue to Mutate TRPA138 has residue index 137
Residue to Mutate CYSA139 has residue index 138
Residue to Mutate CYSA139 has residue index 138
Residue to Mutate CYSA139 has residue index 138
Residue to Mutate CYSA139 has residue index 138
Residue to Mutate CYSA139 has residue index 138
Residue to Mutate CYSA139 has residue index 138
Residue to Mutate CYSA139 has residue index 138
Residue to Mutate CYSA139 has residue index 138
Residue to Mutate CYSA139 has residue index 138
Residue to Mutate CYSA139 has residue index 138
Residue to Mutate CYSA139 has residue index 138
Residue to Mutate CYSA139 has residue index 138
Residue to Mutate CYSA139 has residue index 138
Residue to Mutate CYSA139 has residue index 138
Residue to Mutate CYSA139 has residue index 138
Residue to Mutate CYSA139 has residue index 138
Residue to Mutate CYSA139 has residue index 138
Residue to Mutate CYSA139 has residue index 138
Residue to Mutate CYSA139 has residue index 138
Residue to Mutate PROA140 has residue index 139
Residue to Mutate PROA140 has residue index 139
Residue to Mutate PROA140 has residue index 139
Mutating residue = PROA137 into GLU
Mutating residue = PROA137 into ASP
Mutating residue = PROA137 into CYS
Mutating residue = PROA137 into ALA
Mutating residue = PROA137 into ARG
Mutating residue = PROA137 into SER
Mutating residue = PROA137 into LEU
Mutating residue = PROA137 into VAL
Mutating residue = PROA137 into THR
Mutating residue = PROA137 into TRP
Mutating residue = TRPA138 into TYR
Mutating residue = TRPA138 into GLU
Mutating residue = TRPA138 into PHE
Mutating residue = TRPA138 into GLY
Mutating residue = TRPA138 into HIS
Mutating residue = TRPA138 into ILE
Mutating residue = TRPA138 into LYS
Mutating residue = TRPA138 into LEU
Mutating residue = TRPA138 into MET
Mutating residue = TRPA138 into PRO
Mutating residue = TRPA138 into GLN
Mutating residue = TRPA138 into ARG
Mutating residue = TRPA138 into SER
Mutating residue = TRPA138 into THR
Mutating residue = TRPA138 into VAL
Mutating residue = TRPA138 into CYS
Mutating residue = TRPA138 into ASN
Mutating residue = TRPA138 into ALA
Mutating residue = CYSA139 into TYR
Mutating residue = CYSA139 into PHE
Mutating residue = CYSA139 into GLY
Mutating residue = CYSA139 into HIS
Mutating residue = CYSA139 into ILE
Mutating residue = CYSA139 into LYS
Mutating residue = CYSA139 into LEU
Mutating residue = CYSA139 into MET
Mutating residue = CYSA139 into ASN
Mutating residue = CYSA139 into PRO
Mutating residue = CYSA139 into GLN
Mutating residue = CYSA139 into ARG
Mutating residue = CYSA139 into SER
Mutating residue = CYSA139 into THR
Mutating residue = CYSA139 into VAL
Mutating residue = CYSA139 into TRP
Mutating residue = CYSA139 into GLU
Mutating residue = CYSA139 into ALA
Mutating residue = CYSA139 into ASP
Mutating residue = PROA140 into ASP
Mutating residue = PROA140 into LEU
Mutating residue = PROA140 into GLN
Your file run OK
End time of FoldX: Sat May  9 16:20:54 2026
Total time spend: 234.97 seconds.
validated file "AMIE_1.pdb" => successfully finished
validated file "AMIE_2.pdb" => successfully finished
validated file "AMIE_3.pdb" => successfully finished
validated file "AMIE_4.pdb" => successfully finished
validated file "AMIE_5.pdb" => successfully finished
validated file "AMIE_6.pdb" => successfully finished
validated file "AMIE_7.pdb" => successfully finished
validated file "AMIE_8.pdb" => successfully finished
validated file "AMIE_9.pdb" => successfully finished
validated file "AMIE_10.pdb" => successfully finished
validated file "AMIE_11.pdb" => successfully finished
validated file "AMIE_12.pdb" => successfully finished
validated file "AMIE_13.pdb" => successfully finished
validated file "AMIE_14.pdb" => successfully finished
validated file "AMIE_15.pdb" => successfully finished
validated file "AMIE_16.pdb" => successfully finished
validated file "AMIE_17.pdb" => successfully finished
validated file "AMIE_18.pdb" => successfully finished
validated file "AMIE_19.pdb" => successfully finished
validated file "AMIE_20.pdb" => successfully finished
validated file "AMIE_21.pdb" => successfully finished
validated file "AMIE_22.pdb" => successfully finished
validated file "AMIE_23.pdb" => successfully finished
validated file "AMIE_24.pdb" => successfully finished
validated file "AMIE_25.pdb" => successfully finished
validated file "AMIE_26.pdb" => successfully finished
validated file "AMIE_27.pdb" => successfully finished
validated file "AMIE_28.pdb" => successfully finished
validated file "AMIE_29.pdb" => successfully finished
validated file "AMIE_30.pdb" => successfully finished
validated file "AMIE_31.pdb" => successfully finished
validated file "AMIE_32.pdb" => successfully finished
validated file "AMIE_33.pdb" => successfully finished
validated file "AMIE_34.pdb" => successfully finished
validated file "AMIE_35.pdb" => successfully finished
validated file "AMIE_36.pdb" => successfully finished
validated file "AMIE_37.pdb" => successfully finished
validated file "AMIE_38.pdb" => successfully finished
validated file "AMIE_39.pdb" => successfully finished
validated file "AMIE_40.pdb" => successfully finished
validated file "AMIE_41.pdb" => successfully finished
validated file "AMIE_42.pdb" => successfully finished
validated file "AMIE_43.pdb" => successfully finished
validated file "AMIE_44.pdb" => successfully finished
validated file "AMIE_45.pdb" => successfully finished
validated file "AMIE_46.pdb" => successfully finished
validated file "AMIE_47.pdb" => successfully finished
validated file "AMIE_48.pdb" => successfully finished
validated file "AMIE_49.pdb" => successfully finished
validated file "AMIE_50.pdb" => successfully finished
Cleaning BuildModel...DONE
任务 50 结果提取成功，已映射突变信息。
