   ********************************************
   ***                                      ***
   ***             FoldX 5.1 (c)            ***
   ***                                      ***
   ***     code by the FoldX Consortium     ***
   ***                                      ***
   ***     Jesper Borg, Frederic Rousseau   ***
   ***    Joost Schymkowitz, Luis Serrano   ***
   ***    Peter Vanhee, Erik Verschueren    ***
   ***     Lies Baeten, Javier Delgado      ***
   ***       and Francois Stricher          ***
   *** and any other of the 9! permutations ***
   ***   based on an original concept by    ***
   ***   Raphael Guerois and Luis Serrano   ***
   ********************************************

1 models read: AMIE.pdb
1 models read: AMIE.pdb

BackHbond       =               -246.54
SideHbond       =               -101.51
Energy_VdW      =               -394.57
Electro         =               -23.16
Energy_SolvP    =               558.47
Energy_SolvH    =               -504.97
Energy_vdwclash =               24.80
energy_torsion  =               8.85
backbone_vdwclash=              191.03
Entropy_sidec   =               205.47
Entropy_mainc   =               526.18
water bonds     =               0.00
helix dipole    =               -1.74
loop_entropy    =               0.00
cis_bond        =               4.52
disulfide       =               0.00
kn electrostatic=               0.00
partial covalent interactions = 0.00
Energy_Ionisation =             0.97
Entropy Complex =               0.00
-----------------------------------------------------------
Total          = 				  56.77


BackHbond       =               -246.54
SideHbond       =               -101.51
Energy_VdW      =               -394.57
Electro         =               -23.16
Energy_SolvP    =               558.47
Energy_SolvH    =               -504.97
Energy_vdwclash =               24.80
energy_torsion  =               8.85
backbone_vdwclash=              191.03
Entropy_sidec   =               205.47
Entropy_mainc   =               526.18
water bonds     =               0.00
helix dipole    =               -1.74
loop_entropy    =               0.00
cis_bond        =               4.52
disulfide       =               0.00
kn electrostatic=               0.00
partial covalent interactions = 0.00
Energy_Ionisation =             0.97
Entropy Complex =               0.00
-----------------------------------------------------------
Total          = 				  56.77

Starting BuildModel
Reading SA228N;
Reading SA228M;
Reading SA228I;
Reading SA228E;
Reading SA228F;
Reading SA228G;
Reading SA228C;
Reading SA228Q;
Reading SA228R;
Reading SA228T;
Reading SA228V;
Reading SA228Y;
Reading SA228H;
Reading SA228D;
Reading SA228K;
Reading SA228L;
Reading YA229T;
Reading YA229N;
Reading YA229M;
Reading YA229L;
Reading YA229K;
Reading YA229I;
Reading YA229H;
Reading YA229G;
Reading YA229F;
Reading YA229D;
Reading YA229C;
Reading YA229A;
Reading YA229R;
Reading YA229S;
Reading YA229V;
Reading YA229W;
Reading YA229P;
Reading YA229Q;
Reading YA229E;
Reading FA230P;
Reading FA230V;
Reading FA230T;
Reading FA230S;
Reading FA230R;
Reading FA230Q;
Reading FA230N;
Reading FA230M;
Reading FA230Y;
Reading FA230L;
Reading FA230I;
Reading FA230H;
Reading FA230G;
Reading FA230E;
Reading FA230D;
Residue to Mutate SERA228 has residue index 227
Residue to Mutate SERA228 has residue index 227
Residue to Mutate SERA228 has residue index 227
Residue to Mutate SERA228 has residue index 227
Residue to Mutate SERA228 has residue index 227
Residue to Mutate SERA228 has residue index 227
Residue to Mutate SERA228 has residue index 227
Residue to Mutate SERA228 has residue index 227
Residue to Mutate SERA228 has residue index 227
Residue to Mutate SERA228 has residue index 227
Residue to Mutate SERA228 has residue index 227
Residue to Mutate SERA228 has residue index 227
Residue to Mutate SERA228 has residue index 227
Residue to Mutate SERA228 has residue index 227
Residue to Mutate SERA228 has residue index 227
Residue to Mutate SERA228 has residue index 227
Residue to Mutate TYRA229 has residue index 228
Residue to Mutate TYRA229 has residue index 228
Residue to Mutate TYRA229 has residue index 228
Residue to Mutate TYRA229 has residue index 228
Residue to Mutate TYRA229 has residue index 228
Residue to Mutate TYRA229 has residue index 228
Residue to Mutate TYRA229 has residue index 228
Residue to Mutate TYRA229 has residue index 228
Residue to Mutate TYRA229 has residue index 228
Residue to Mutate TYRA229 has residue index 228
Residue to Mutate TYRA229 has residue index 228
Residue to Mutate TYRA229 has residue index 228
Residue to Mutate TYRA229 has residue index 228
Residue to Mutate TYRA229 has residue index 228
Residue to Mutate TYRA229 has residue index 228
Residue to Mutate TYRA229 has residue index 228
Residue to Mutate TYRA229 has residue index 228
Residue to Mutate TYRA229 has residue index 228
Residue to Mutate TYRA229 has residue index 228
Residue to Mutate PHEA230 has residue index 229
Residue to Mutate PHEA230 has residue index 229
Residue to Mutate PHEA230 has residue index 229
Residue to Mutate PHEA230 has residue index 229
Residue to Mutate PHEA230 has residue index 229
Residue to Mutate PHEA230 has residue index 229
Residue to Mutate PHEA230 has residue index 229
Residue to Mutate PHEA230 has residue index 229
Residue to Mutate PHEA230 has residue index 229
Residue to Mutate PHEA230 has residue index 229
Residue to Mutate PHEA230 has residue index 229
Residue to Mutate PHEA230 has residue index 229
Residue to Mutate PHEA230 has residue index 229
Residue to Mutate PHEA230 has residue index 229
Residue to Mutate PHEA230 has residue index 229
Mutating residue = SERA228 into ASN
Mutating residue = SERA228 into MET
Mutating residue = SERA228 into ILE
Mutating residue = SERA228 into GLU
Mutating residue = SERA228 into PHE
Mutating residue = SERA228 into GLY
Mutating residue = SERA228 into CYS
Mutating residue = SERA228 into GLN
Mutating residue = SERA228 into ARG
Mutating residue = SERA228 into THR
Mutating residue = SERA228 into VAL
Mutating residue = SERA228 into TYR
Mutating residue = SERA228 into HIS
Mutating residue = SERA228 into ASP
Mutating residue = SERA228 into LYS
Mutating residue = SERA228 into LEU
Mutating residue = TYRA229 into THR
Mutating residue = TYRA229 into ASN
Mutating residue = TYRA229 into MET
Mutating residue = TYRA229 into LEU
Mutating residue = TYRA229 into LYS
Mutating residue = TYRA229 into ILE
Mutating residue = TYRA229 into HIS
Mutating residue = TYRA229 into GLY
Mutating residue = TYRA229 into PHE
Mutating residue = TYRA229 into ASP
Mutating residue = TYRA229 into CYS
Mutating residue = TYRA229 into ALA
Mutating residue = TYRA229 into ARG
Mutating residue = TYRA229 into SER
Mutating residue = TYRA229 into VAL
Mutating residue = TYRA229 into TRP
Mutating residue = TYRA229 into PRO
Mutating residue = TYRA229 into GLN
Mutating residue = TYRA229 into GLU
Mutating residue = PHEA230 into PRO
Mutating residue = PHEA230 into VAL
Mutating residue = PHEA230 into THR
Mutating residue = PHEA230 into SER
Mutating residue = PHEA230 into ARG
Mutating residue = PHEA230 into GLN
Mutating residue = PHEA230 into ASN
Mutating residue = PHEA230 into MET
Mutating residue = PHEA230 into TYR
Mutating residue = PHEA230 into LEU
Mutating residue = PHEA230 into ILE
Mutating residue = PHEA230 into HIS
Mutating residue = PHEA230 into GLY
Mutating residue = PHEA230 into GLU
Mutating residue = PHEA230 into ASP
Your file run OK
End time of FoldX: Sat May  9 16:21:00 2026
Total time spend: 240.89 seconds.
validated file "AMIE_1.pdb" => successfully finished
validated file "AMIE_2.pdb" => successfully finished
validated file "AMIE_3.pdb" => successfully finished
validated file "AMIE_4.pdb" => successfully finished
validated file "AMIE_5.pdb" => successfully finished
validated file "AMIE_6.pdb" => successfully finished
validated file "AMIE_7.pdb" => successfully finished
validated file "AMIE_8.pdb" => successfully finished
validated file "AMIE_9.pdb" => successfully finished
validated file "AMIE_10.pdb" => successfully finished
validated file "AMIE_11.pdb" => successfully finished
validated file "AMIE_12.pdb" => successfully finished
validated file "AMIE_13.pdb" => successfully finished
validated file "AMIE_14.pdb" => successfully finished
validated file "AMIE_15.pdb" => successfully finished
validated file "AMIE_16.pdb" => successfully finished
validated file "AMIE_17.pdb" => successfully finished
validated file "AMIE_18.pdb" => successfully finished
validated file "AMIE_19.pdb" => successfully finished
validated file "AMIE_20.pdb" => successfully finished
validated file "AMIE_21.pdb" => successfully finished
validated file "AMIE_22.pdb" => successfully finished
validated file "AMIE_23.pdb" => successfully finished
validated file "AMIE_24.pdb" => successfully finished
validated file "AMIE_25.pdb" => successfully finished
validated file "AMIE_26.pdb" => successfully finished
validated file "AMIE_27.pdb" => successfully finished
validated file "AMIE_28.pdb" => successfully finished
validated file "AMIE_29.pdb" => successfully finished
validated file "AMIE_30.pdb" => successfully finished
validated file "AMIE_31.pdb" => successfully finished
validated file "AMIE_32.pdb" => successfully finished
validated file "AMIE_33.pdb" => successfully finished
validated file "AMIE_34.pdb" => successfully finished
validated file "AMIE_35.pdb" => successfully finished
validated file "AMIE_36.pdb" => successfully finished
validated file "AMIE_37.pdb" => successfully finished
validated file "AMIE_38.pdb" => successfully finished
validated file "AMIE_39.pdb" => successfully finished
validated file "AMIE_40.pdb" => successfully finished
validated file "AMIE_41.pdb" => successfully finished
validated file "AMIE_42.pdb" => successfully finished
validated file "AMIE_43.pdb" => successfully finished
validated file "AMIE_44.pdb" => successfully finished
validated file "AMIE_45.pdb" => successfully finished
validated file "AMIE_46.pdb" => successfully finished
validated file "AMIE_47.pdb" => successfully finished
validated file "AMIE_48.pdb" => successfully finished
validated file "AMIE_49.pdb" => successfully finished
validated file "AMIE_50.pdb" => successfully finished
Cleaning BuildModel...DONE
任务 83 结果提取成功，已映射突变信息。
