   ********************************************
   ***                                      ***
   ***             FoldX 5.1 (c)            ***
   ***                                      ***
   ***     code by the FoldX Consortium     ***
   ***                                      ***
   ***     Jesper Borg, Frederic Rousseau   ***
   ***    Joost Schymkowitz, Luis Serrano   ***
   ***    Peter Vanhee, Erik Verschueren    ***
   ***     Lies Baeten, Javier Delgado      ***
   ***       and Francois Stricher          ***
   *** and any other of the 9! permutations ***
   ***   based on an original concept by    ***
   ***   Raphael Guerois and Luis Serrano   ***
   ********************************************

1 models read: AMIE.pdb
1 models read: AMIE.pdb

BackHbond       =               -246.54
SideHbond       =               -101.51
Energy_VdW      =               -394.57
Electro         =               -23.16
Energy_SolvP    =               558.47
Energy_SolvH    =               -504.97
Energy_vdwclash =               24.80
energy_torsion  =               8.85
backbone_vdwclash=              191.03
Entropy_sidec   =               205.47
Entropy_mainc   =               526.18
water bonds     =               0.00
helix dipole    =               -1.74
loop_entropy    =               0.00
cis_bond        =               4.52
disulfide       =               0.00
kn electrostatic=               0.00
partial covalent interactions = 0.00
Energy_Ionisation =             0.97
Entropy Complex =               0.00
-----------------------------------------------------------
Total          = 				  56.77


BackHbond       =               -246.54
SideHbond       =               -101.51
Energy_VdW      =               -394.57
Electro         =               -23.16
Energy_SolvP    =               558.47
Energy_SolvH    =               -504.97
Energy_vdwclash =               24.80
energy_torsion  =               8.85
backbone_vdwclash=              191.03
Entropy_sidec   =               205.47
Entropy_mainc   =               526.18
water bonds     =               0.00
helix dipole    =               -1.74
loop_entropy    =               0.00
cis_bond        =               4.52
disulfide       =               0.00
kn electrostatic=               0.00
partial covalent interactions = 0.00
Energy_Ionisation =             0.97
Entropy Complex =               0.00
-----------------------------------------------------------
Total          = 				  56.77

Starting BuildModel
Reading DA198T;
Reading DA198S;
Reading DA198R;
Reading DA198Q;
Reading DA198W;
Reading DA198P;
Reading DA198M;
Reading DA198L;
Reading DA198K;
Reading DA198I;
Reading DA198H;
Reading DA198G;
Reading DA198F;
Reading DA198N;
Reading DA198C;
Reading DA198E;
Reading QA199N;
Reading QA199L;
Reading QA199M;
Reading QA199W;
Reading QA199P;
Reading QA199R;
Reading QA199S;
Reading QA199T;
Reading QA199K;
Reading QA199V;
Reading QA199H;
Reading QA199G;
Reading QA199F;
Reading QA199E;
Reading QA199D;
Reading QA199C;
Reading QA199A;
Reading QA199Y;
Reading QA199I;
Reading QA200S;
Reading QA200H;
Reading QA200I;
Reading QA200K;
Reading QA200L;
Reading QA200Y;
Reading QA200N;
Reading QA200P;
Reading QA200R;
Reading QA200T;
Reading QA200M;
Reading QA200V;
Reading QA200G;
Reading QA200F;
Reading QA200E;
Residue to Mutate ASPA198 has residue index 197
Residue to Mutate ASPA198 has residue index 197
Residue to Mutate ASPA198 has residue index 197
Residue to Mutate ASPA198 has residue index 197
Residue to Mutate ASPA198 has residue index 197
Residue to Mutate ASPA198 has residue index 197
Residue to Mutate ASPA198 has residue index 197
Residue to Mutate ASPA198 has residue index 197
Residue to Mutate ASPA198 has residue index 197
Residue to Mutate ASPA198 has residue index 197
Residue to Mutate ASPA198 has residue index 197
Residue to Mutate ASPA198 has residue index 197
Residue to Mutate ASPA198 has residue index 197
Residue to Mutate ASPA198 has residue index 197
Residue to Mutate ASPA198 has residue index 197
Residue to Mutate ASPA198 has residue index 197
Residue to Mutate GLNA199 has residue index 198
Residue to Mutate GLNA199 has residue index 198
Residue to Mutate GLNA199 has residue index 198
Residue to Mutate GLNA199 has residue index 198
Residue to Mutate GLNA199 has residue index 198
Residue to Mutate GLNA199 has residue index 198
Residue to Mutate GLNA199 has residue index 198
Residue to Mutate GLNA199 has residue index 198
Residue to Mutate GLNA199 has residue index 198
Residue to Mutate GLNA199 has residue index 198
Residue to Mutate GLNA199 has residue index 198
Residue to Mutate GLNA199 has residue index 198
Residue to Mutate GLNA199 has residue index 198
Residue to Mutate GLNA199 has residue index 198
Residue to Mutate GLNA199 has residue index 198
Residue to Mutate GLNA199 has residue index 198
Residue to Mutate GLNA199 has residue index 198
Residue to Mutate GLNA199 has residue index 198
Residue to Mutate GLNA199 has residue index 198
Residue to Mutate GLNA200 has residue index 199
Residue to Mutate GLNA200 has residue index 199
Residue to Mutate GLNA200 has residue index 199
Residue to Mutate GLNA200 has residue index 199
Residue to Mutate GLNA200 has residue index 199
Residue to Mutate GLNA200 has residue index 199
Residue to Mutate GLNA200 has residue index 199
Residue to Mutate GLNA200 has residue index 199
Residue to Mutate GLNA200 has residue index 199
Residue to Mutate GLNA200 has residue index 199
Residue to Mutate GLNA200 has residue index 199
Residue to Mutate GLNA200 has residue index 199
Residue to Mutate GLNA200 has residue index 199
Residue to Mutate GLNA200 has residue index 199
Residue to Mutate GLNA200 has residue index 199
Mutating residue = ASPA198 into THR
Mutating residue = ASPA198 into SER
Mutating residue = ASPA198 into ARG
Mutating residue = ASPA198 into GLN
Mutating residue = ASPA198 into TRP
Mutating residue = ASPA198 into PRO
Mutating residue = ASPA198 into MET
Mutating residue = ASPA198 into LEU
Mutating residue = ASPA198 into LYS
Mutating residue = ASPA198 into ILE
Mutating residue = ASPA198 into HIS
Mutating residue = ASPA198 into GLY
Mutating residue = ASPA198 into PHE
Mutating residue = ASPA198 into ASN
Mutating residue = ASPA198 into CYS
Mutating residue = ASPA198 into GLU
Mutating residue = GLNA199 into ASN
Mutating residue = GLNA199 into LEU
Mutating residue = GLNA199 into MET
Mutating residue = GLNA199 into TRP
Mutating residue = GLNA199 into PRO
Mutating residue = GLNA199 into ARG
Mutating residue = GLNA199 into SER
Mutating residue = GLNA199 into THR
Mutating residue = GLNA199 into LYS
Mutating residue = GLNA199 into VAL
Mutating residue = GLNA199 into HIS
Mutating residue = GLNA199 into GLY
Mutating residue = GLNA199 into PHE
Mutating residue = GLNA199 into GLU
Mutating residue = GLNA199 into ASP
Mutating residue = GLNA199 into CYS
Mutating residue = GLNA199 into ALA
Mutating residue = GLNA199 into TYR
Mutating residue = GLNA199 into ILE
Mutating residue = GLNA200 into SER
Mutating residue = GLNA200 into HIS
Mutating residue = GLNA200 into ILE
Mutating residue = GLNA200 into LYS
Mutating residue = GLNA200 into LEU
Mutating residue = GLNA200 into TYR
Mutating residue = GLNA200 into ASN
Mutating residue = GLNA200 into PRO
Mutating residue = GLNA200 into ARG
Mutating residue = GLNA200 into THR
Mutating residue = GLNA200 into MET
Mutating residue = GLNA200 into VAL
Mutating residue = GLNA200 into GLY
Mutating residue = GLNA200 into PHE
Mutating residue = GLNA200 into GLU
Your file run OK
End time of FoldX: Sat May  9 16:22:01 2026
Total time spend: 301.05 seconds.
validated file "AMIE_1.pdb" => successfully finished
validated file "AMIE_2.pdb" => successfully finished
validated file "AMIE_3.pdb" => successfully finished
validated file "AMIE_4.pdb" => successfully finished
validated file "AMIE_5.pdb" => successfully finished
validated file "AMIE_6.pdb" => successfully finished
validated file "AMIE_7.pdb" => successfully finished
validated file "AMIE_8.pdb" => successfully finished
validated file "AMIE_9.pdb" => successfully finished
validated file "AMIE_10.pdb" => successfully finished
validated file "AMIE_11.pdb" => successfully finished
validated file "AMIE_12.pdb" => successfully finished
validated file "AMIE_13.pdb" => successfully finished
validated file "AMIE_14.pdb" => successfully finished
validated file "AMIE_15.pdb" => successfully finished
validated file "AMIE_16.pdb" => successfully finished
validated file "AMIE_17.pdb" => successfully finished
validated file "AMIE_18.pdb" => successfully finished
validated file "AMIE_19.pdb" => successfully finished
validated file "AMIE_20.pdb" => successfully finished
validated file "AMIE_21.pdb" => successfully finished
validated file "AMIE_22.pdb" => successfully finished
validated file "AMIE_23.pdb" => successfully finished
validated file "AMIE_24.pdb" => successfully finished
validated file "AMIE_25.pdb" => successfully finished
validated file "AMIE_26.pdb" => successfully finished
validated file "AMIE_27.pdb" => successfully finished
validated file "AMIE_28.pdb" => successfully finished
validated file "AMIE_29.pdb" => successfully finished
validated file "AMIE_30.pdb" => successfully finished
validated file "AMIE_31.pdb" => successfully finished
validated file "AMIE_32.pdb" => successfully finished
validated file "AMIE_33.pdb" => successfully finished
validated file "AMIE_34.pdb" => successfully finished
validated file "AMIE_35.pdb" => successfully finished
validated file "AMIE_36.pdb" => successfully finished
validated file "AMIE_37.pdb" => successfully finished
validated file "AMIE_38.pdb" => successfully finished
validated file "AMIE_39.pdb" => successfully finished
validated file "AMIE_40.pdb" => successfully finished
validated file "AMIE_41.pdb" => successfully finished
validated file "AMIE_42.pdb" => successfully finished
validated file "AMIE_43.pdb" => successfully finished
validated file "AMIE_44.pdb" => successfully finished
validated file "AMIE_45.pdb" => successfully finished
validated file "AMIE_46.pdb" => successfully finished
validated file "AMIE_47.pdb" => successfully finished
validated file "AMIE_48.pdb" => successfully finished
validated file "AMIE_49.pdb" => successfully finished
validated file "AMIE_50.pdb" => successfully finished
Cleaning BuildModel...DONE
任务 72 结果提取成功，已映射突变信息。
