   ********************************************
   ***                                      ***
   ***             FoldX 5.1 (c)            ***
   ***                                      ***
   ***     code by the FoldX Consortium     ***
   ***                                      ***
   ***     Jesper Borg, Frederic Rousseau   ***
   ***    Joost Schymkowitz, Luis Serrano   ***
   ***    Peter Vanhee, Erik Verschueren    ***
   ***     Lies Baeten, Javier Delgado      ***
   ***       and Francois Stricher          ***
   *** and any other of the 9! permutations ***
   ***   based on an original concept by    ***
   ***   Raphael Guerois and Luis Serrano   ***
   ********************************************

1 models read: PAFA.pdb
1 models read: PAFA.pdb

BackHbond       =               -357.68
SideHbond       =               -147.65
Energy_VdW      =               -638.22
Electro         =               -24.37
Energy_SolvP    =               902.09
Energy_SolvH    =               -830.82
Energy_vdwclash =               46.76
energy_torsion  =               8.99
backbone_vdwclash=              331.59
Entropy_sidec   =               296.33
Entropy_mainc   =               848.07
water bonds     =               0.00
helix dipole    =               -2.00
loop_entropy    =               0.00
cis_bond        =               2.25
disulfide       =               0.00
kn electrostatic=               0.00
partial covalent interactions = 0.00
Energy_Ionisation =             3.52
Entropy Complex =               0.00
-----------------------------------------------------------
Total          = 				  107.28


BackHbond       =               -357.68
SideHbond       =               -147.65
Energy_VdW      =               -638.22
Electro         =               -24.37
Energy_SolvP    =               902.09
Energy_SolvH    =               -830.82
Energy_vdwclash =               46.76
energy_torsion  =               8.99
backbone_vdwclash=              331.59
Entropy_sidec   =               296.33
Entropy_mainc   =               848.07
water bonds     =               0.00
helix dipole    =               -2.00
loop_entropy    =               0.00
cis_bond        =               2.25
disulfide       =               0.00
kn electrostatic=               0.00
partial covalent interactions = 0.00
Energy_Ionisation =             3.52
Entropy Complex =               0.00
-----------------------------------------------------------
Total          = 				  107.28

Starting BuildModel
Reading VA307G;
Reading GA308A;
Reading GA308V;
Reading HA309G;
Reading HA309V;
Reading NA310G;
Reading NA310V;
Reading FA311G;
Reading FA311V;
Reading GA312A;
Reading PA313G;
Reading PA313V;
Reading NA314G;
Reading NA314V;
Reading SA315G;
Reading SA315V;
Reading IA316G;
Reading IA316V;
Reading EA317G;
Reading EA317V;
Reading VA318A;
Reading VA318G;
Reading EA319G;
Reading EA319V;
Reading DA320G;
Reading DA320V;
Reading TA321G;
Reading TA321V;
Reading YA322G;
Reading YA322V;
Reading LA323G;
Reading LA323V;
Reading RA324G;
Reading RA324V;
Reading LA325G;
Reading LA325V;
Reading DA326G;
Reading RA327G;
Reading RA327V;
Reading DA328G;
Reading DA328V;
Reading LA329G;
Reading LA329V;
Reading AA330G;
Reading AA330V;
Reading DA331G;
Reading DA331V;
Reading FA332G;
Reading FA332V;
Reading FA333G;
Residue to Mutate VALA307 has residue index 306
Residue to Mutate GLYA308 has residue index 307
Residue to Mutate GLYA308 has residue index 307
Residue to Mutate HISA309 has residue index 308
Residue to Mutate HISA309 has residue index 308
Residue to Mutate ASNA310 has residue index 309
Residue to Mutate ASNA310 has residue index 309
Residue to Mutate PHEA311 has residue index 310
Residue to Mutate PHEA311 has residue index 310
Residue to Mutate GLYA312 has residue index 311
Residue to Mutate PROA313 has residue index 312
Residue to Mutate PROA313 has residue index 312
Residue to Mutate ASNA314 has residue index 313
Residue to Mutate ASNA314 has residue index 313
Residue to Mutate SERA315 has residue index 314
Residue to Mutate SERA315 has residue index 314
Residue to Mutate ILEA316 has residue index 315
Residue to Mutate ILEA316 has residue index 315
Residue to Mutate GLUA317 has residue index 316
Residue to Mutate GLUA317 has residue index 316
Residue to Mutate VALA318 has residue index 317
Residue to Mutate VALA318 has residue index 317
Residue to Mutate GLUA319 has residue index 318
Residue to Mutate GLUA319 has residue index 318
Residue to Mutate ASPA320 has residue index 319
Residue to Mutate ASPA320 has residue index 319
Residue to Mutate THRA321 has residue index 320
Residue to Mutate THRA321 has residue index 320
Residue to Mutate TYRA322 has residue index 321
Residue to Mutate TYRA322 has residue index 321
Residue to Mutate LEUA323 has residue index 322
Residue to Mutate LEUA323 has residue index 322
Residue to Mutate ARGA324 has residue index 323
Residue to Mutate ARGA324 has residue index 323
Residue to Mutate LEUA325 has residue index 324
Residue to Mutate LEUA325 has residue index 324
Residue to Mutate ASPA326 has residue index 325
Residue to Mutate ARGA327 has residue index 326
Residue to Mutate ARGA327 has residue index 326
Residue to Mutate ASPA328 has residue index 327
Residue to Mutate ASPA328 has residue index 327
Residue to Mutate LEUA329 has residue index 328
Residue to Mutate LEUA329 has residue index 328
Residue to Mutate ALAA330 has residue index 329
Residue to Mutate ALAA330 has residue index 329
Residue to Mutate ASPA331 has residue index 330
Residue to Mutate ASPA331 has residue index 330
Residue to Mutate PHEA332 has residue index 331
Residue to Mutate PHEA332 has residue index 331
Residue to Mutate PHEA333 has residue index 332
Mutating residue = VALA307 into GLY
Mutating residue = GLYA308 into ALA
Mutating residue = GLYA308 into VAL
Mutating residue = H1SA309 into GLY
Mutating residue = H1SA309 into VAL
Mutating residue = ASNA310 into GLY
Mutating residue = ASNA310 into VAL
Mutating residue = PHEA311 into GLY
Mutating residue = PHEA311 into VAL
Mutating residue = GLYA312 into ALA
Mutating residue = PROA313 into GLY
Mutating residue = PROA313 into VAL
Mutating residue = ASNA314 into GLY
Mutating residue = ASNA314 into VAL
Mutating residue = SERA315 into GLY
Mutating residue = SERA315 into VAL
Mutating residue = ILEA316 into GLY
Mutating residue = ILEA316 into VAL
Mutating residue = GLUA317 into GLY
Mutating residue = GLUA317 into VAL
Mutating residue = VALA318 into ALA
Mutating residue = VALA318 into GLY
Mutating residue = GLUA319 into GLY
Mutating residue = GLUA319 into VAL
Mutating residue = ASPA320 into GLY
Mutating residue = ASPA320 into VAL
Mutating residue = THRA321 into GLY
Mutating residue = THRA321 into VAL
Mutating residue = TYRA322 into GLY
Mutating residue = TYRA322 into VAL
Mutating residue = LEUA323 into GLY
Mutating residue = LEUA323 into VAL
Mutating residue = ARGA324 into GLY
Mutating residue = ARGA324 into VAL
Mutating residue = LEUA325 into GLY
Mutating residue = LEUA325 into VAL
Mutating residue = ASPA326 into GLY
Mutating residue = ARGA327 into GLY
Mutating residue = ARGA327 into VAL
Mutating residue = ASPA328 into GLY
Mutating residue = ASPA328 into VAL
Mutating residue = LEUA329 into GLY
Mutating residue = LEUA329 into VAL
Mutating residue = ALAA330 into GLY
Mutating residue = ALAA330 into VAL
Mutating residue = ASPA331 into GLY
Mutating residue = ASPA331 into VAL
Mutating residue = PHEA332 into GLY
Mutating residue = PHEA332 into VAL
Mutating residue = PHEA333 into GLY
Your file run OK
End time of FoldX: Sat May  9 16:22:45 2026
Total time spend: 333.02 seconds.
validated file "PAFA_1.pdb" => successfully finished
validated file "PAFA_2.pdb" => successfully finished
validated file "PAFA_3.pdb" => successfully finished
validated file "PAFA_4.pdb" => successfully finished
validated file "PAFA_5.pdb" => successfully finished
validated file "PAFA_6.pdb" => successfully finished
validated file "PAFA_7.pdb" => successfully finished
validated file "PAFA_8.pdb" => successfully finished
validated file "PAFA_9.pdb" => successfully finished
validated file "PAFA_10.pdb" => successfully finished
validated file "PAFA_11.pdb" => successfully finished
validated file "PAFA_12.pdb" => successfully finished
validated file "PAFA_13.pdb" => successfully finished
validated file "PAFA_14.pdb" => successfully finished
validated file "PAFA_15.pdb" => successfully finished
validated file "PAFA_16.pdb" => successfully finished
validated file "PAFA_17.pdb" => successfully finished
validated file "PAFA_18.pdb" => successfully finished
validated file "PAFA_19.pdb" => successfully finished
validated file "PAFA_20.pdb" => successfully finished
validated file "PAFA_21.pdb" => successfully finished
validated file "PAFA_22.pdb" => successfully finished
validated file "PAFA_23.pdb" => successfully finished
validated file "PAFA_24.pdb" => successfully finished
validated file "PAFA_25.pdb" => successfully finished
validated file "PAFA_26.pdb" => successfully finished
validated file "PAFA_27.pdb" => successfully finished
validated file "PAFA_28.pdb" => successfully finished
validated file "PAFA_29.pdb" => successfully finished
validated file "PAFA_30.pdb" => successfully finished
validated file "PAFA_31.pdb" => successfully finished
validated file "PAFA_32.pdb" => successfully finished
validated file "PAFA_33.pdb" => successfully finished
validated file "PAFA_34.pdb" => successfully finished
validated file "PAFA_35.pdb" => successfully finished
validated file "PAFA_36.pdb" => successfully finished
validated file "PAFA_37.pdb" => successfully finished
validated file "PAFA_38.pdb" => successfully finished
validated file "PAFA_39.pdb" => successfully finished
validated file "PAFA_40.pdb" => successfully finished
validated file "PAFA_41.pdb" => successfully finished
validated file "PAFA_42.pdb" => successfully finished
validated file "PAFA_43.pdb" => successfully finished
validated file "PAFA_44.pdb" => successfully finished
validated file "PAFA_45.pdb" => successfully finished
validated file "PAFA_46.pdb" => successfully finished
validated file "PAFA_47.pdb" => successfully finished
validated file "PAFA_48.pdb" => successfully finished
validated file "PAFA_49.pdb" => successfully finished
validated file "PAFA_50.pdb" => successfully finished
Cleaning BuildModel...DONE
任务 12 结果提取成功，已映射突变信息。
