   ********************************************
   ***                                      ***
   ***             FoldX 5.1 (c)            ***
   ***                                      ***
   ***     code by the FoldX Consortium     ***
   ***                                      ***
   ***     Jesper Borg, Frederic Rousseau   ***
   ***    Joost Schymkowitz, Luis Serrano   ***
   ***    Peter Vanhee, Erik Verschueren    ***
   ***     Lies Baeten, Javier Delgado      ***
   ***       and Francois Stricher          ***
   *** and any other of the 9! permutations ***
   ***   based on an original concept by    ***
   ***   Raphael Guerois and Luis Serrano   ***
   ********************************************

1 models read: PTEN_2018.pdb
1 models read: PTEN_2018.pdb

BackHbond       =               -226.37
SideHbond       =               -75.43
Energy_VdW      =               -401.42
Electro         =               -29.03
Energy_SolvP    =               556.23
Energy_SolvH    =               -524.04
Energy_vdwclash =               33.14
energy_torsion  =               7.90
backbone_vdwclash=              169.85
Entropy_sidec   =               207.28
Entropy_mainc   =               605.00
water bonds     =               0.00
helix dipole    =               -1.33
loop_entropy    =               0.00
cis_bond        =               0.00
disulfide       =               0.00
kn electrostatic=               0.00
partial covalent interactions = 0.00
Energy_Ionisation =             2.75
Entropy Complex =               0.00
-----------------------------------------------------------
Total          = 				  154.68


BackHbond       =               -226.37
SideHbond       =               -75.43
Energy_VdW      =               -401.42
Electro         =               -29.03
Energy_SolvP    =               556.23
Energy_SolvH    =               -524.04
Energy_vdwclash =               33.14
energy_torsion  =               7.90
backbone_vdwclash=              169.85
Entropy_sidec   =               207.28
Entropy_mainc   =               605.00
water bonds     =               0.00
helix dipole    =               -1.33
loop_entropy    =               0.00
cis_bond        =               0.00
disulfide       =               0.00
kn electrostatic=               0.00
partial covalent interactions = 0.00
Energy_Ionisation =             2.75
Entropy Complex =               0.00
-----------------------------------------------------------
Total          = 				  154.68

Starting BuildModel
Reading YA315N;
Reading YA315M;
Reading YA315K;
Reading YA315I;
Reading YA315H;
Reading YA315G;
Reading YA315F;
Reading YA315E;
Reading YA315C;
Reading YA315R;
Reading YA315L;
Reading LA316Y;
Reading LA316E;
Reading LA316W;
Reading LA316D;
Reading LA316F;
Reading LA316G;
Reading LA316H;
Reading LA316I;
Reading LA316K;
Reading LA316M;
Reading LA316N;
Reading LA316P;
Reading LA316Q;
Reading LA316R;
Reading LA316S;
Reading LA316T;
Reading LA316V;
Reading LA316C;
Reading LA316A;
Reading VA317G;
Reading VA317H;
Reading VA317C;
Reading VA317A;
Reading VA317L;
Reading VA317M;
Reading VA317N;
Reading VA317P;
Reading VA317Q;
Reading VA317R;
Reading VA317K;
Reading VA317T;
Reading VA317W;
Reading VA317Y;
Reading VA317F;
Reading VA317E;
Reading VA317I;
Reading VA317D;
Reading VA317S;
Reading LA318I;
Residue to Mutate TYRA315 has residue index 314
Residue to Mutate TYRA315 has residue index 314
Residue to Mutate TYRA315 has residue index 314
Residue to Mutate TYRA315 has residue index 314
Residue to Mutate TYRA315 has residue index 314
Residue to Mutate TYRA315 has residue index 314
Residue to Mutate TYRA315 has residue index 314
Residue to Mutate TYRA315 has residue index 314
Residue to Mutate TYRA315 has residue index 314
Residue to Mutate TYRA315 has residue index 314
Residue to Mutate TYRA315 has residue index 314
Residue to Mutate LEUA316 has residue index 315
Residue to Mutate LEUA316 has residue index 315
Residue to Mutate LEUA316 has residue index 315
Residue to Mutate LEUA316 has residue index 315
Residue to Mutate LEUA316 has residue index 315
Residue to Mutate LEUA316 has residue index 315
Residue to Mutate LEUA316 has residue index 315
Residue to Mutate LEUA316 has residue index 315
Residue to Mutate LEUA316 has residue index 315
Residue to Mutate LEUA316 has residue index 315
Residue to Mutate LEUA316 has residue index 315
Residue to Mutate LEUA316 has residue index 315
Residue to Mutate LEUA316 has residue index 315
Residue to Mutate LEUA316 has residue index 315
Residue to Mutate LEUA316 has residue index 315
Residue to Mutate LEUA316 has residue index 315
Residue to Mutate LEUA316 has residue index 315
Residue to Mutate LEUA316 has residue index 315
Residue to Mutate LEUA316 has residue index 315
Residue to Mutate VALA317 has residue index 316
Residue to Mutate VALA317 has residue index 316
Residue to Mutate VALA317 has residue index 316
Residue to Mutate VALA317 has residue index 316
Residue to Mutate VALA317 has residue index 316
Residue to Mutate VALA317 has residue index 316
Residue to Mutate VALA317 has residue index 316
Residue to Mutate VALA317 has residue index 316
Residue to Mutate VALA317 has residue index 316
Residue to Mutate VALA317 has residue index 316
Residue to Mutate VALA317 has residue index 316
Residue to Mutate VALA317 has residue index 316
Residue to Mutate VALA317 has residue index 316
Residue to Mutate VALA317 has residue index 316
Residue to Mutate VALA317 has residue index 316
Residue to Mutate VALA317 has residue index 316
Residue to Mutate VALA317 has residue index 316
Residue to Mutate VALA317 has residue index 316
Residue to Mutate VALA317 has residue index 316
Residue to Mutate LEUA318 has residue index 317
Mutating residue = TYRA315 into ASN
Mutating residue = TYRA315 into MET
Mutating residue = TYRA315 into LYS
Mutating residue = TYRA315 into ILE
Mutating residue = TYRA315 into HIS
Mutating residue = TYRA315 into GLY
Mutating residue = TYRA315 into PHE
Mutating residue = TYRA315 into GLU
Mutating residue = TYRA315 into CYS
Mutating residue = TYRA315 into ARG
Mutating residue = TYRA315 into LEU
Mutating residue = LEUA316 into TYR
Mutating residue = LEUA316 into GLU
Mutating residue = LEUA316 into TRP
Mutating residue = LEUA316 into ASP
Mutating residue = LEUA316 into PHE
Mutating residue = LEUA316 into GLY
Mutating residue = LEUA316 into HIS
Mutating residue = LEUA316 into ILE
Mutating residue = LEUA316 into LYS
Mutating residue = LEUA316 into MET
Mutating residue = LEUA316 into ASN
Mutating residue = LEUA316 into PRO
Mutating residue = LEUA316 into GLN
Mutating residue = LEUA316 into ARG
Mutating residue = LEUA316 into SER
Mutating residue = LEUA316 into THR
Mutating residue = LEUA316 into VAL
Mutating residue = LEUA316 into CYS
Mutating residue = LEUA316 into ALA
Mutating residue = VALA317 into GLY
Mutating residue = VALA317 into HIS
Mutating residue = VALA317 into CYS
Mutating residue = VALA317 into ALA
Mutating residue = VALA317 into LEU
Mutating residue = VALA317 into MET
Mutating residue = VALA317 into ASN
Mutating residue = VALA317 into PRO
Mutating residue = VALA317 into GLN
Mutating residue = VALA317 into ARG
Mutating residue = VALA317 into LYS
Mutating residue = VALA317 into THR
Mutating residue = VALA317 into TRP
Mutating residue = VALA317 into TYR
Mutating residue = VALA317 into PHE
Mutating residue = VALA317 into GLU
Mutating residue = VALA317 into ILE
Mutating residue = VALA317 into ASP
Mutating residue = VALA317 into SER
Mutating residue = LEUA318 into ILE
Your file run OK
End time of FoldX: Sat May  9 16:28:39 2026
Total time spend: 680.92 seconds.
validated file "PTEN_2018_1.pdb" => successfully finished
validated file "PTEN_2018_2.pdb" => successfully finished
validated file "PTEN_2018_3.pdb" => successfully finished
validated file "PTEN_2018_4.pdb" => successfully finished
validated file "PTEN_2018_5.pdb" => successfully finished
validated file "PTEN_2018_6.pdb" => successfully finished
validated file "PTEN_2018_7.pdb" => successfully finished
validated file "PTEN_2018_8.pdb" => successfully finished
validated file "PTEN_2018_9.pdb" => successfully finished
validated file "PTEN_2018_10.pdb" => successfully finished
validated file "PTEN_2018_11.pdb" => successfully finished
validated file "PTEN_2018_12.pdb" => successfully finished
validated file "PTEN_2018_13.pdb" => successfully finished
validated file "PTEN_2018_14.pdb" => successfully finished
validated file "PTEN_2018_15.pdb" => successfully finished
validated file "PTEN_2018_16.pdb" => successfully finished
validated file "PTEN_2018_17.pdb" => successfully finished
validated file "PTEN_2018_18.pdb" => successfully finished
validated file "PTEN_2018_19.pdb" => successfully finished
validated file "PTEN_2018_20.pdb" => successfully finished
validated file "PTEN_2018_21.pdb" => successfully finished
validated file "PTEN_2018_22.pdb" => successfully finished
validated file "PTEN_2018_23.pdb" => successfully finished
validated file "PTEN_2018_24.pdb" => successfully finished
validated file "PTEN_2018_25.pdb" => successfully finished
validated file "PTEN_2018_26.pdb" => successfully finished
validated file "PTEN_2018_27.pdb" => successfully finished
validated file "PTEN_2018_28.pdb" => successfully finished
validated file "PTEN_2018_29.pdb" => successfully finished
validated file "PTEN_2018_30.pdb" => successfully finished
validated file "PTEN_2018_31.pdb" => successfully finished
validated file "PTEN_2018_32.pdb" => successfully finished
validated file "PTEN_2018_33.pdb" => successfully finished
validated file "PTEN_2018_34.pdb" => successfully finished
validated file "PTEN_2018_35.pdb" => successfully finished
validated file "PTEN_2018_36.pdb" => successfully finished
validated file "PTEN_2018_37.pdb" => successfully finished
validated file "PTEN_2018_38.pdb" => successfully finished
validated file "PTEN_2018_39.pdb" => successfully finished
validated file "PTEN_2018_40.pdb" => successfully finished
validated file "PTEN_2018_41.pdb" => successfully finished
validated file "PTEN_2018_42.pdb" => successfully finished
validated file "PTEN_2018_43.pdb" => successfully finished
validated file "PTEN_2018_44.pdb" => successfully finished
validated file "PTEN_2018_45.pdb" => successfully finished
validated file "PTEN_2018_46.pdb" => successfully finished
validated file "PTEN_2018_47.pdb" => successfully finished
validated file "PTEN_2018_48.pdb" => successfully finished
validated file "PTEN_2018_49.pdb" => successfully finished
validated file "PTEN_2018_50.pdb" => successfully finished
Cleaning BuildModel...DONE
任务 118 结果提取成功，已映射突变信息。
