   ********************************************
   ***                                      ***
   ***             FoldX 5.1 (c)            ***
   ***                                      ***
   ***     code by the FoldX Consortium     ***
   ***                                      ***
   ***     Jesper Borg, Frederic Rousseau   ***
   ***    Joost Schymkowitz, Luis Serrano   ***
   ***    Peter Vanhee, Erik Verschueren    ***
   ***     Lies Baeten, Javier Delgado      ***
   ***       and Francois Stricher          ***
   *** and any other of the 9! permutations ***
   ***   based on an original concept by    ***
   ***   Raphael Guerois and Luis Serrano   ***
   ********************************************

1 models read: PTEN_2018.pdb
1 models read: PTEN_2018.pdb

BackHbond       =               -226.37
SideHbond       =               -75.43
Energy_VdW      =               -401.42
Electro         =               -29.03
Energy_SolvP    =               556.23
Energy_SolvH    =               -524.04
Energy_vdwclash =               33.14
energy_torsion  =               7.90
backbone_vdwclash=              169.85
Entropy_sidec   =               207.28
Entropy_mainc   =               605.00
water bonds     =               0.00
helix dipole    =               -1.33
loop_entropy    =               0.00
cis_bond        =               0.00
disulfide       =               0.00
kn electrostatic=               0.00
partial covalent interactions = 0.00
Energy_Ionisation =             2.75
Entropy Complex =               0.00
-----------------------------------------------------------
Total          = 				  154.68


BackHbond       =               -226.37
SideHbond       =               -75.43
Energy_VdW      =               -401.42
Electro         =               -29.03
Energy_SolvP    =               556.23
Energy_SolvH    =               -524.04
Energy_vdwclash =               33.14
energy_torsion  =               7.90
backbone_vdwclash=              169.85
Entropy_sidec   =               207.28
Entropy_mainc   =               605.00
water bonds     =               0.00
helix dipole    =               -1.33
loop_entropy    =               0.00
cis_bond        =               0.00
disulfide       =               0.00
kn electrostatic=               0.00
partial covalent interactions = 0.00
Energy_Ionisation =             2.75
Entropy Complex =               0.00
-----------------------------------------------------------
Total          = 				  154.68

Starting BuildModel
Reading QA17D;
Reading QA17C;
Reading QA17A;
Reading QA17V;
Reading QA17W;
Reading QA17K;
Reading QA17Y;
Reading EA18D;
Reading EA18F;
Reading EA18G;
Reading EA18H;
Reading EA18I;
Reading EA18K;
Reading EA18L;
Reading EA18M;
Reading EA18A;
Reading EA18P;
Reading EA18Q;
Reading EA18R;
Reading EA18S;
Reading EA18T;
Reading EA18V;
Reading EA18W;
Reading EA18Y;
Reading EA18C;
Reading EA18N;
Reading DA19Y;
Reading DA19I;
Reading DA19W;
Reading DA19V;
Reading DA19T;
Reading DA19S;
Reading DA19R;
Reading DA19Q;
Reading DA19P;
Reading DA19N;
Reading DA19L;
Reading DA19K;
Reading DA19A;
Reading DA19C;
Reading DA19F;
Reading DA19G;
Reading DA19H;
Reading DA19M;
Reading DA19E;
Reading GA20C;
Reading GA20A;
Reading GA20W;
Reading GA20Y;
Reading GA20V;
Residue to Mutate GLNA17 has residue index 16
Residue to Mutate GLNA17 has residue index 16
Residue to Mutate GLNA17 has residue index 16
Residue to Mutate GLNA17 has residue index 16
Residue to Mutate GLNA17 has residue index 16
Residue to Mutate GLNA17 has residue index 16
Residue to Mutate GLNA17 has residue index 16
Residue to Mutate GLUA18 has residue index 17
Residue to Mutate GLUA18 has residue index 17
Residue to Mutate GLUA18 has residue index 17
Residue to Mutate GLUA18 has residue index 17
Residue to Mutate GLUA18 has residue index 17
Residue to Mutate GLUA18 has residue index 17
Residue to Mutate GLUA18 has residue index 17
Residue to Mutate GLUA18 has residue index 17
Residue to Mutate GLUA18 has residue index 17
Residue to Mutate GLUA18 has residue index 17
Residue to Mutate GLUA18 has residue index 17
Residue to Mutate GLUA18 has residue index 17
Residue to Mutate GLUA18 has residue index 17
Residue to Mutate GLUA18 has residue index 17
Residue to Mutate GLUA18 has residue index 17
Residue to Mutate GLUA18 has residue index 17
Residue to Mutate GLUA18 has residue index 17
Residue to Mutate GLUA18 has residue index 17
Residue to Mutate GLUA18 has residue index 17
Residue to Mutate ASPA19 has residue index 18
Residue to Mutate ASPA19 has residue index 18
Residue to Mutate ASPA19 has residue index 18
Residue to Mutate ASPA19 has residue index 18
Residue to Mutate ASPA19 has residue index 18
Residue to Mutate ASPA19 has residue index 18
Residue to Mutate ASPA19 has residue index 18
Residue to Mutate ASPA19 has residue index 18
Residue to Mutate ASPA19 has residue index 18
Residue to Mutate ASPA19 has residue index 18
Residue to Mutate ASPA19 has residue index 18
Residue to Mutate ASPA19 has residue index 18
Residue to Mutate ASPA19 has residue index 18
Residue to Mutate ASPA19 has residue index 18
Residue to Mutate ASPA19 has residue index 18
Residue to Mutate ASPA19 has residue index 18
Residue to Mutate ASPA19 has residue index 18
Residue to Mutate ASPA19 has residue index 18
Residue to Mutate ASPA19 has residue index 18
Residue to Mutate GLYA20 has residue index 19
Residue to Mutate GLYA20 has residue index 19
Residue to Mutate GLYA20 has residue index 19
Residue to Mutate GLYA20 has residue index 19
Residue to Mutate GLYA20 has residue index 19
Mutating residue = GLNA17 into ASP
Mutating residue = GLNA17 into CYS
Mutating residue = GLNA17 into ALA
Mutating residue = GLNA17 into VAL
Mutating residue = GLNA17 into TRP
Mutating residue = GLNA17 into LYS
Mutating residue = GLNA17 into TYR
Mutating residue = GLUA18 into ASP
Mutating residue = GLUA18 into PHE
Mutating residue = GLUA18 into GLY
Mutating residue = GLUA18 into HIS
Mutating residue = GLUA18 into ILE
Mutating residue = GLUA18 into LYS
Mutating residue = GLUA18 into LEU
Mutating residue = GLUA18 into MET
Mutating residue = GLUA18 into ALA
Mutating residue = GLUA18 into PRO
Mutating residue = GLUA18 into GLN
Mutating residue = GLUA18 into ARG
Mutating residue = GLUA18 into SER
Mutating residue = GLUA18 into THR
Mutating residue = GLUA18 into VAL
Mutating residue = GLUA18 into TRP
Mutating residue = GLUA18 into TYR
Mutating residue = GLUA18 into CYS
Mutating residue = GLUA18 into ASN
Mutating residue = ASPA19 into TYR
Mutating residue = ASPA19 into ILE
Mutating residue = ASPA19 into TRP
Mutating residue = ASPA19 into VAL
Mutating residue = ASPA19 into THR
Mutating residue = ASPA19 into SER
Mutating residue = ASPA19 into ARG
Mutating residue = ASPA19 into GLN
Mutating residue = ASPA19 into PRO
Mutating residue = ASPA19 into ASN
Mutating residue = ASPA19 into LEU
Mutating residue = ASPA19 into LYS
Mutating residue = ASPA19 into ALA
Mutating residue = ASPA19 into CYS
Mutating residue = ASPA19 into PHE
Mutating residue = ASPA19 into GLY
Mutating residue = ASPA19 into HIS
Mutating residue = ASPA19 into MET
Mutating residue = ASPA19 into GLU
Mutating residue = GLYA20 into CYS
Mutating residue = GLYA20 into ALA
Mutating residue = GLYA20 into TRP
Mutating residue = GLYA20 into TYR
Mutating residue = GLYA20 into VAL
Your file run OK
End time of FoldX: Sat May  9 16:24:29 2026
Total time spend: 434.45 seconds.
validated file "PTEN_2018_1.pdb" => successfully finished
validated file "PTEN_2018_2.pdb" => successfully finished
validated file "PTEN_2018_3.pdb" => successfully finished
validated file "PTEN_2018_4.pdb" => successfully finished
validated file "PTEN_2018_5.pdb" => successfully finished
validated file "PTEN_2018_6.pdb" => successfully finished
validated file "PTEN_2018_7.pdb" => successfully finished
validated file "PTEN_2018_8.pdb" => successfully finished
validated file "PTEN_2018_9.pdb" => successfully finished
validated file "PTEN_2018_10.pdb" => successfully finished
validated file "PTEN_2018_11.pdb" => successfully finished
validated file "PTEN_2018_12.pdb" => successfully finished
validated file "PTEN_2018_13.pdb" => successfully finished
validated file "PTEN_2018_14.pdb" => successfully finished
validated file "PTEN_2018_15.pdb" => successfully finished
validated file "PTEN_2018_16.pdb" => successfully finished
validated file "PTEN_2018_17.pdb" => successfully finished
validated file "PTEN_2018_18.pdb" => successfully finished
validated file "PTEN_2018_19.pdb" => successfully finished
validated file "PTEN_2018_20.pdb" => successfully finished
validated file "PTEN_2018_21.pdb" => successfully finished
validated file "PTEN_2018_22.pdb" => successfully finished
validated file "PTEN_2018_23.pdb" => successfully finished
validated file "PTEN_2018_24.pdb" => successfully finished
validated file "PTEN_2018_25.pdb" => successfully finished
validated file "PTEN_2018_26.pdb" => successfully finished
validated file "PTEN_2018_27.pdb" => successfully finished
validated file "PTEN_2018_28.pdb" => successfully finished
validated file "PTEN_2018_29.pdb" => successfully finished
validated file "PTEN_2018_30.pdb" => successfully finished
validated file "PTEN_2018_31.pdb" => successfully finished
validated file "PTEN_2018_32.pdb" => successfully finished
validated file "PTEN_2018_33.pdb" => successfully finished
validated file "PTEN_2018_34.pdb" => successfully finished
validated file "PTEN_2018_35.pdb" => successfully finished
validated file "PTEN_2018_36.pdb" => successfully finished
validated file "PTEN_2018_37.pdb" => successfully finished
validated file "PTEN_2018_38.pdb" => successfully finished
validated file "PTEN_2018_39.pdb" => successfully finished
validated file "PTEN_2018_40.pdb" => successfully finished
validated file "PTEN_2018_41.pdb" => successfully finished
validated file "PTEN_2018_42.pdb" => successfully finished
validated file "PTEN_2018_43.pdb" => successfully finished
validated file "PTEN_2018_44.pdb" => successfully finished
validated file "PTEN_2018_45.pdb" => successfully finished
validated file "PTEN_2018_46.pdb" => successfully finished
validated file "PTEN_2018_47.pdb" => successfully finished
validated file "PTEN_2018_48.pdb" => successfully finished
validated file "PTEN_2018_49.pdb" => successfully finished
validated file "PTEN_2018_50.pdb" => successfully finished
Cleaning BuildModel...DONE
任务 6 结果提取成功，已映射突变信息。
