   ********************************************
   ***                                      ***
   ***             FoldX 5.1 (c)            ***
   ***                                      ***
   ***     code by the FoldX Consortium     ***
   ***                                      ***
   ***     Jesper Borg, Frederic Rousseau   ***
   ***    Joost Schymkowitz, Luis Serrano   ***
   ***    Peter Vanhee, Erik Verschueren    ***
   ***     Lies Baeten, Javier Delgado      ***
   ***       and Francois Stricher          ***
   *** and any other of the 9! permutations ***
   ***   based on an original concept by    ***
   ***   Raphael Guerois and Luis Serrano   ***
   ********************************************

1 models read: PTEN_2018.pdb
1 models read: PTEN_2018.pdb

BackHbond       =               -226.37
SideHbond       =               -75.43
Energy_VdW      =               -401.42
Electro         =               -29.03
Energy_SolvP    =               556.23
Energy_SolvH    =               -524.04
Energy_vdwclash =               33.14
energy_torsion  =               7.90
backbone_vdwclash=              169.85
Entropy_sidec   =               207.28
Entropy_mainc   =               605.00
water bonds     =               0.00
helix dipole    =               -1.33
loop_entropy    =               0.00
cis_bond        =               0.00
disulfide       =               0.00
kn electrostatic=               0.00
partial covalent interactions = 0.00
Energy_Ionisation =             2.75
Entropy Complex =               0.00
-----------------------------------------------------------
Total          = 				  154.68


BackHbond       =               -226.37
SideHbond       =               -75.43
Energy_VdW      =               -401.42
Electro         =               -29.03
Energy_SolvP    =               556.23
Energy_SolvH    =               -524.04
Energy_vdwclash =               33.14
energy_torsion  =               7.90
backbone_vdwclash=              169.85
Entropy_sidec   =               207.28
Entropy_mainc   =               605.00
water bonds     =               0.00
helix dipole    =               -1.33
loop_entropy    =               0.00
cis_bond        =               0.00
disulfide       =               0.00
kn electrostatic=               0.00
partial covalent interactions = 0.00
Energy_Ionisation =             2.75
Entropy Complex =               0.00
-----------------------------------------------------------
Total          = 				  154.68

Starting BuildModel
Reading GA36N;
Reading GA36R;
Reading FA37K;
Reading FA37A;
Reading FA37C;
Reading FA37D;
Reading FA37E;
Reading FA37H;
Reading FA37G;
Reading FA37I;
Reading FA37N;
Reading FA37Y;
Reading FA37W;
Reading FA37V;
Reading FA37T;
Reading FA37S;
Reading FA37R;
Reading FA37Q;
Reading FA37P;
Reading FA37M;
Reading FA37L;
Reading PA38S;
Reading PA38Y;
Reading PA38D;
Reading PA38V;
Reading PA38T;
Reading PA38R;
Reading PA38W;
Reading PA38Q;
Reading PA38L;
Reading PA38M;
Reading PA38A;
Reading PA38K;
Reading PA38I;
Reading PA38H;
Reading PA38G;
Reading PA38F;
Reading PA38E;
Reading PA38C;
Reading PA38N;
Reading AA39E;
Reading AA39F;
Reading AA39H;
Reading AA39I;
Reading AA39C;
Reading AA39G;
Reading AA39L;
Reading AA39Y;
Reading AA39D;
Reading AA39W;
Residue to Mutate GLYA36 has residue index 35
Residue to Mutate GLYA36 has residue index 35
Residue to Mutate PHEA37 has residue index 36
Residue to Mutate PHEA37 has residue index 36
Residue to Mutate PHEA37 has residue index 36
Residue to Mutate PHEA37 has residue index 36
Residue to Mutate PHEA37 has residue index 36
Residue to Mutate PHEA37 has residue index 36
Residue to Mutate PHEA37 has residue index 36
Residue to Mutate PHEA37 has residue index 36
Residue to Mutate PHEA37 has residue index 36
Residue to Mutate PHEA37 has residue index 36
Residue to Mutate PHEA37 has residue index 36
Residue to Mutate PHEA37 has residue index 36
Residue to Mutate PHEA37 has residue index 36
Residue to Mutate PHEA37 has residue index 36
Residue to Mutate PHEA37 has residue index 36
Residue to Mutate PHEA37 has residue index 36
Residue to Mutate PHEA37 has residue index 36
Residue to Mutate PHEA37 has residue index 36
Residue to Mutate PHEA37 has residue index 36
Residue to Mutate PROA38 has residue index 37
Residue to Mutate PROA38 has residue index 37
Residue to Mutate PROA38 has residue index 37
Residue to Mutate PROA38 has residue index 37
Residue to Mutate PROA38 has residue index 37
Residue to Mutate PROA38 has residue index 37
Residue to Mutate PROA38 has residue index 37
Residue to Mutate PROA38 has residue index 37
Residue to Mutate PROA38 has residue index 37
Residue to Mutate PROA38 has residue index 37
Residue to Mutate PROA38 has residue index 37
Residue to Mutate PROA38 has residue index 37
Residue to Mutate PROA38 has residue index 37
Residue to Mutate PROA38 has residue index 37
Residue to Mutate PROA38 has residue index 37
Residue to Mutate PROA38 has residue index 37
Residue to Mutate PROA38 has residue index 37
Residue to Mutate PROA38 has residue index 37
Residue to Mutate PROA38 has residue index 37
Residue to Mutate ALAA39 has residue index 38
Residue to Mutate ALAA39 has residue index 38
Residue to Mutate ALAA39 has residue index 38
Residue to Mutate ALAA39 has residue index 38
Residue to Mutate ALAA39 has residue index 38
Residue to Mutate ALAA39 has residue index 38
Residue to Mutate ALAA39 has residue index 38
Residue to Mutate ALAA39 has residue index 38
Residue to Mutate ALAA39 has residue index 38
Residue to Mutate ALAA39 has residue index 38
Mutating residue = GLYA36 into ASN
Mutating residue = GLYA36 into ARG
Mutating residue = PHEA37 into LYS
Mutating residue = PHEA37 into ALA
Mutating residue = PHEA37 into CYS
Mutating residue = PHEA37 into ASP
Mutating residue = PHEA37 into GLU
Mutating residue = PHEA37 into HIS
Mutating residue = PHEA37 into GLY
Mutating residue = PHEA37 into ILE
Mutating residue = PHEA37 into ASN
Mutating residue = PHEA37 into TYR
Mutating residue = PHEA37 into TRP
Mutating residue = PHEA37 into VAL
Mutating residue = PHEA37 into THR
Mutating residue = PHEA37 into SER
Mutating residue = PHEA37 into ARG
Mutating residue = PHEA37 into GLN
Mutating residue = PHEA37 into PRO
Mutating residue = PHEA37 into MET
Mutating residue = PHEA37 into LEU
Mutating residue = PROA38 into SER
Mutating residue = PROA38 into TYR
Mutating residue = PROA38 into ASP
Mutating residue = PROA38 into VAL
Mutating residue = PROA38 into THR
Mutating residue = PROA38 into ARG
Mutating residue = PROA38 into TRP
Mutating residue = PROA38 into GLN
Mutating residue = PROA38 into LEU
Mutating residue = PROA38 into MET
Mutating residue = PROA38 into ALA
Mutating residue = PROA38 into LYS
Mutating residue = PROA38 into ILE
Mutating residue = PROA38 into HIS
Mutating residue = PROA38 into GLY
Mutating residue = PROA38 into PHE
Mutating residue = PROA38 into GLU
Mutating residue = PROA38 into CYS
Mutating residue = PROA38 into ASN
Mutating residue = ALAA39 into GLU
Mutating residue = ALAA39 into PHE
Mutating residue = ALAA39 into HIS
Mutating residue = ALAA39 into ILE
Mutating residue = ALAA39 into CYS
Mutating residue = ALAA39 into GLY
Mutating residue = ALAA39 into LEU
Mutating residue = ALAA39 into TYR
Mutating residue = ALAA39 into ASP
Mutating residue = ALAA39 into TRP
Your file run OK
End time of FoldX: Sat May  9 16:30:19 2026
Total time spend: 782.61 seconds.
validated file "PTEN_2018_1.pdb" => successfully finished
validated file "PTEN_2018_2.pdb" => successfully finished
validated file "PTEN_2018_3.pdb" => successfully finished
validated file "PTEN_2018_4.pdb" => successfully finished
validated file "PTEN_2018_5.pdb" => successfully finished
validated file "PTEN_2018_6.pdb" => successfully finished
validated file "PTEN_2018_7.pdb" => successfully finished
validated file "PTEN_2018_8.pdb" => successfully finished
validated file "PTEN_2018_9.pdb" => successfully finished
validated file "PTEN_2018_10.pdb" => successfully finished
validated file "PTEN_2018_11.pdb" => successfully finished
validated file "PTEN_2018_12.pdb" => successfully finished
validated file "PTEN_2018_13.pdb" => successfully finished
validated file "PTEN_2018_14.pdb" => successfully finished
validated file "PTEN_2018_15.pdb" => successfully finished
validated file "PTEN_2018_16.pdb" => successfully finished
validated file "PTEN_2018_17.pdb" => successfully finished
validated file "PTEN_2018_18.pdb" => successfully finished
validated file "PTEN_2018_19.pdb" => successfully finished
validated file "PTEN_2018_20.pdb" => successfully finished
validated file "PTEN_2018_21.pdb" => successfully finished
validated file "PTEN_2018_22.pdb" => successfully finished
validated file "PTEN_2018_23.pdb" => successfully finished
validated file "PTEN_2018_24.pdb" => successfully finished
validated file "PTEN_2018_25.pdb" => successfully finished
validated file "PTEN_2018_26.pdb" => successfully finished
validated file "PTEN_2018_27.pdb" => successfully finished
validated file "PTEN_2018_28.pdb" => successfully finished
validated file "PTEN_2018_29.pdb" => successfully finished
validated file "PTEN_2018_30.pdb" => successfully finished
validated file "PTEN_2018_31.pdb" => successfully finished
validated file "PTEN_2018_32.pdb" => successfully finished
validated file "PTEN_2018_33.pdb" => successfully finished
validated file "PTEN_2018_34.pdb" => successfully finished
validated file "PTEN_2018_35.pdb" => successfully finished
validated file "PTEN_2018_36.pdb" => successfully finished
validated file "PTEN_2018_37.pdb" => successfully finished
validated file "PTEN_2018_38.pdb" => successfully finished
validated file "PTEN_2018_39.pdb" => successfully finished
validated file "PTEN_2018_40.pdb" => successfully finished
validated file "PTEN_2018_41.pdb" => successfully finished
validated file "PTEN_2018_42.pdb" => successfully finished
validated file "PTEN_2018_43.pdb" => successfully finished
validated file "PTEN_2018_44.pdb" => successfully finished
validated file "PTEN_2018_45.pdb" => successfully finished
validated file "PTEN_2018_46.pdb" => successfully finished
validated file "PTEN_2018_47.pdb" => successfully finished
validated file "PTEN_2018_48.pdb" => successfully finished
validated file "PTEN_2018_49.pdb" => successfully finished
validated file "PTEN_2018_50.pdb" => successfully finished
Cleaning BuildModel...DONE
任务 13 结果提取成功，已映射突变信息。
