   ********************************************
   ***                                      ***
   ***             FoldX 5.1 (c)            ***
   ***                                      ***
   ***     code by the FoldX Consortium     ***
   ***                                      ***
   ***     Jesper Borg, Frederic Rousseau   ***
   ***    Joost Schymkowitz, Luis Serrano   ***
   ***    Peter Vanhee, Erik Verschueren    ***
   ***     Lies Baeten, Javier Delgado      ***
   ***       and Francois Stricher          ***
   *** and any other of the 9! permutations ***
   ***   based on an original concept by    ***
   ***   Raphael Guerois and Luis Serrano   ***
   ********************************************

1 models read: PTEN_2018.pdb
1 models read: PTEN_2018.pdb

BackHbond       =               -226.37
SideHbond       =               -75.43
Energy_VdW      =               -401.42
Electro         =               -29.03
Energy_SolvP    =               556.23
Energy_SolvH    =               -524.04
Energy_vdwclash =               33.14
energy_torsion  =               7.90
backbone_vdwclash=              169.85
Entropy_sidec   =               207.28
Entropy_mainc   =               605.00
water bonds     =               0.00
helix dipole    =               -1.33
loop_entropy    =               0.00
cis_bond        =               0.00
disulfide       =               0.00
kn electrostatic=               0.00
partial covalent interactions = 0.00
Energy_Ionisation =             2.75
Entropy Complex =               0.00
-----------------------------------------------------------
Total          = 				  154.68


BackHbond       =               -226.37
SideHbond       =               -75.43
Energy_VdW      =               -401.42
Electro         =               -29.03
Energy_SolvP    =               556.23
Energy_SolvH    =               -524.04
Energy_vdwclash =               33.14
energy_torsion  =               7.90
backbone_vdwclash=              169.85
Entropy_sidec   =               207.28
Entropy_mainc   =               605.00
water bonds     =               0.00
helix dipole    =               -1.33
loop_entropy    =               0.00
cis_bond        =               0.00
disulfide       =               0.00
kn electrostatic=               0.00
partial covalent interactions = 0.00
Energy_Ionisation =             2.75
Entropy Complex =               0.00
-----------------------------------------------------------
Total          = 				  154.68

Starting BuildModel
Reading VA249T;
Reading VA249A;
Reading VA249E;
Reading VA249F;
Reading VA249G;
Reading VA249C;
Reading VA249H;
Reading VA249I;
Reading VA249K;
Reading VA249L;
Reading VA249S;
Reading VA249M;
Reading VA249N;
Reading VA249P;
Reading VA249D;
Reading VA249W;
Reading VA249Y;
Reading VA249R;
Reading VA249Q;
Reading CA250K;
Reading CA250E;
Reading CA250F;
Reading CA250G;
Reading CA250H;
Reading CA250D;
Reading CA250A;
Reading CA250I;
Reading CA250L;
Reading CA250M;
Reading CA250P;
Reading CA250Q;
Reading CA250R;
Reading CA250S;
Reading CA250T;
Reading CA250V;
Reading CA250W;
Reading CA250Y;
Reading CA250N;
Reading GA251C;
Reading GA251A;
Reading GA251E;
Reading GA251D;
Reading GA251H;
Reading GA251Q;
Reading GA251F;
Reading GA251S;
Reading GA251T;
Reading GA251V;
Reading GA251W;
Reading GA251Y;
Residue to Mutate VALA249 has residue index 248
Residue to Mutate VALA249 has residue index 248
Residue to Mutate VALA249 has residue index 248
Residue to Mutate VALA249 has residue index 248
Residue to Mutate VALA249 has residue index 248
Residue to Mutate VALA249 has residue index 248
Residue to Mutate VALA249 has residue index 248
Residue to Mutate VALA249 has residue index 248
Residue to Mutate VALA249 has residue index 248
Residue to Mutate VALA249 has residue index 248
Residue to Mutate VALA249 has residue index 248
Residue to Mutate VALA249 has residue index 248
Residue to Mutate VALA249 has residue index 248
Residue to Mutate VALA249 has residue index 248
Residue to Mutate VALA249 has residue index 248
Residue to Mutate VALA249 has residue index 248
Residue to Mutate VALA249 has residue index 248
Residue to Mutate VALA249 has residue index 248
Residue to Mutate VALA249 has residue index 248
Residue to Mutate CYSA250 has residue index 249
Residue to Mutate CYSA250 has residue index 249
Residue to Mutate CYSA250 has residue index 249
Residue to Mutate CYSA250 has residue index 249
Residue to Mutate CYSA250 has residue index 249
Residue to Mutate CYSA250 has residue index 249
Residue to Mutate CYSA250 has residue index 249
Residue to Mutate CYSA250 has residue index 249
Residue to Mutate CYSA250 has residue index 249
Residue to Mutate CYSA250 has residue index 249
Residue to Mutate CYSA250 has residue index 249
Residue to Mutate CYSA250 has residue index 249
Residue to Mutate CYSA250 has residue index 249
Residue to Mutate CYSA250 has residue index 249
Residue to Mutate CYSA250 has residue index 249
Residue to Mutate CYSA250 has residue index 249
Residue to Mutate CYSA250 has residue index 249
Residue to Mutate CYSA250 has residue index 249
Residue to Mutate CYSA250 has residue index 249
Residue to Mutate GLYA251 has residue index 250
Residue to Mutate GLYA251 has residue index 250
Residue to Mutate GLYA251 has residue index 250
Residue to Mutate GLYA251 has residue index 250
Residue to Mutate GLYA251 has residue index 250
Residue to Mutate GLYA251 has residue index 250
Residue to Mutate GLYA251 has residue index 250
Residue to Mutate GLYA251 has residue index 250
Residue to Mutate GLYA251 has residue index 250
Residue to Mutate GLYA251 has residue index 250
Residue to Mutate GLYA251 has residue index 250
Residue to Mutate GLYA251 has residue index 250
Mutating residue = VALA249 into THR
Mutating residue = VALA249 into ALA
Mutating residue = VALA249 into GLU
Mutating residue = VALA249 into PHE
Mutating residue = VALA249 into GLY
Mutating residue = VALA249 into CYS
Mutating residue = VALA249 into HIS
Mutating residue = VALA249 into ILE
Mutating residue = VALA249 into LYS
Mutating residue = VALA249 into LEU
Mutating residue = VALA249 into SER
Mutating residue = VALA249 into MET
Mutating residue = VALA249 into ASN
Mutating residue = VALA249 into PRO
Mutating residue = VALA249 into ASP
Mutating residue = VALA249 into TRP
Mutating residue = VALA249 into TYR
Mutating residue = VALA249 into ARG
Mutating residue = VALA249 into GLN
Mutating residue = CYSA250 into LYS
Mutating residue = CYSA250 into GLU
Mutating residue = CYSA250 into PHE
Mutating residue = CYSA250 into GLY
Mutating residue = CYSA250 into HIS
Mutating residue = CYSA250 into ASP
Mutating residue = CYSA250 into ALA
Mutating residue = CYSA250 into ILE
Mutating residue = CYSA250 into LEU
Mutating residue = CYSA250 into MET
Mutating residue = CYSA250 into PRO
Mutating residue = CYSA250 into GLN
Mutating residue = CYSA250 into ARG
Mutating residue = CYSA250 into SER
Mutating residue = CYSA250 into THR
Mutating residue = CYSA250 into VAL
Mutating residue = CYSA250 into TRP
Mutating residue = CYSA250 into TYR
Mutating residue = CYSA250 into ASN
Mutating residue = GLYA251 into CYS
Mutating residue = GLYA251 into ALA
Mutating residue = GLYA251 into GLU
Mutating residue = GLYA251 into ASP
Mutating residue = GLYA251 into HIS
Mutating residue = GLYA251 into GLN
Mutating residue = GLYA251 into PHE
Mutating residue = GLYA251 into SER
Mutating residue = GLYA251 into THR
Mutating residue = GLYA251 into VAL
Mutating residue = GLYA251 into TRP
Mutating residue = GLYA251 into TYR
Your file run OK
End time of FoldX: Sat May  9 16:20:25 2026
Total time spend: 186.57 seconds.
validated file "PTEN_2018_1.pdb" => successfully finished
validated file "PTEN_2018_2.pdb" => successfully finished
validated file "PTEN_2018_3.pdb" => successfully finished
validated file "PTEN_2018_4.pdb" => successfully finished
validated file "PTEN_2018_5.pdb" => successfully finished
validated file "PTEN_2018_6.pdb" => successfully finished
validated file "PTEN_2018_7.pdb" => successfully finished
validated file "PTEN_2018_8.pdb" => successfully finished
validated file "PTEN_2018_9.pdb" => successfully finished
validated file "PTEN_2018_10.pdb" => successfully finished
validated file "PTEN_2018_11.pdb" => successfully finished
validated file "PTEN_2018_12.pdb" => successfully finished
validated file "PTEN_2018_13.pdb" => successfully finished
validated file "PTEN_2018_14.pdb" => successfully finished
validated file "PTEN_2018_15.pdb" => successfully finished
validated file "PTEN_2018_16.pdb" => successfully finished
validated file "PTEN_2018_17.pdb" => successfully finished
validated file "PTEN_2018_18.pdb" => successfully finished
validated file "PTEN_2018_19.pdb" => successfully finished
validated file "PTEN_2018_20.pdb" => successfully finished
validated file "PTEN_2018_21.pdb" => successfully finished
validated file "PTEN_2018_22.pdb" => successfully finished
validated file "PTEN_2018_23.pdb" => successfully finished
validated file "PTEN_2018_24.pdb" => successfully finished
validated file "PTEN_2018_25.pdb" => successfully finished
validated file "PTEN_2018_26.pdb" => successfully finished
validated file "PTEN_2018_27.pdb" => successfully finished
validated file "PTEN_2018_28.pdb" => successfully finished
validated file "PTEN_2018_29.pdb" => successfully finished
validated file "PTEN_2018_30.pdb" => successfully finished
validated file "PTEN_2018_31.pdb" => successfully finished
validated file "PTEN_2018_32.pdb" => successfully finished
validated file "PTEN_2018_33.pdb" => successfully finished
validated file "PTEN_2018_34.pdb" => successfully finished
validated file "PTEN_2018_35.pdb" => successfully finished
validated file "PTEN_2018_36.pdb" => successfully finished
validated file "PTEN_2018_37.pdb" => successfully finished
validated file "PTEN_2018_38.pdb" => successfully finished
validated file "PTEN_2018_39.pdb" => successfully finished
validated file "PTEN_2018_40.pdb" => successfully finished
validated file "PTEN_2018_41.pdb" => successfully finished
validated file "PTEN_2018_42.pdb" => successfully finished
validated file "PTEN_2018_43.pdb" => successfully finished
validated file "PTEN_2018_44.pdb" => successfully finished
validated file "PTEN_2018_45.pdb" => successfully finished
validated file "PTEN_2018_46.pdb" => successfully finished
validated file "PTEN_2018_47.pdb" => successfully finished
validated file "PTEN_2018_48.pdb" => successfully finished
validated file "PTEN_2018_49.pdb" => successfully finished
validated file "PTEN_2018_50.pdb" => successfully finished
Cleaning BuildModel...DONE
任务 93 结果提取成功，已映射突变信息。
