   ********************************************
   ***                                      ***
   ***             FoldX 5.1 (c)            ***
   ***                                      ***
   ***     code by the FoldX Consortium     ***
   ***                                      ***
   ***     Jesper Borg, Frederic Rousseau   ***
   ***    Joost Schymkowitz, Luis Serrano   ***
   ***    Peter Vanhee, Erik Verschueren    ***
   ***     Lies Baeten, Javier Delgado      ***
   ***       and Francois Stricher          ***
   *** and any other of the 9! permutations ***
   ***   based on an original concept by    ***
   ***   Raphael Guerois and Luis Serrano   ***
   ********************************************

1 models read: PTEN_2018.pdb
1 models read: PTEN_2018.pdb

BackHbond       =               -226.37
SideHbond       =               -75.43
Energy_VdW      =               -401.42
Electro         =               -29.03
Energy_SolvP    =               556.23
Energy_SolvH    =               -524.04
Energy_vdwclash =               33.14
energy_torsion  =               7.90
backbone_vdwclash=              169.85
Entropy_sidec   =               207.28
Entropy_mainc   =               605.00
water bonds     =               0.00
helix dipole    =               -1.33
loop_entropy    =               0.00
cis_bond        =               0.00
disulfide       =               0.00
kn electrostatic=               0.00
partial covalent interactions = 0.00
Energy_Ionisation =             2.75
Entropy Complex =               0.00
-----------------------------------------------------------
Total          = 				  154.68


BackHbond       =               -226.37
SideHbond       =               -75.43
Energy_VdW      =               -401.42
Electro         =               -29.03
Energy_SolvP    =               556.23
Energy_SolvH    =               -524.04
Energy_vdwclash =               33.14
energy_torsion  =               7.90
backbone_vdwclash=              169.85
Entropy_sidec   =               207.28
Entropy_mainc   =               605.00
water bonds     =               0.00
helix dipole    =               -1.33
loop_entropy    =               0.00
cis_bond        =               0.00
disulfide       =               0.00
kn electrostatic=               0.00
partial covalent interactions = 0.00
Energy_Ionisation =             2.75
Entropy Complex =               0.00
-----------------------------------------------------------
Total          = 				  154.68

Starting BuildModel
Reading TA363I;
Reading TA363W;
Reading TA363V;
Reading SA364H;
Reading SA364Q;
Reading SA364R;
Reading SA364T;
Reading SA364V;
Reading SA364W;
Reading SA364G;
Reading SA364I;
Reading SA364P;
Reading SA364K;
Reading SA364A;
Reading SA364C;
Reading SA364M;
Reading SA364D;
Reading SA364Y;
Reading SA364E;
Reading SA364F;
Reading SA364L;
Reading SA364N;
Reading VA365M;
Reading VA365N;
Reading VA365A;
Reading VA365C;
Reading VA365F;
Reading VA365E;
Reading VA365P;
Reading VA365Q;
Reading VA365R;
Reading VA365S;
Reading VA365D;
Reading VA365W;
Reading VA365T;
Reading VA365L;
Reading VA365K;
Reading VA365I;
Reading VA365H;
Reading VA365G;
Reading VA365Y;
Reading TA366M;
Reading TA366I;
Reading TA366K;
Reading TA366L;
Reading TA366N;
Reading TA366Y;
Reading TA366Q;
Reading TA366P;
Reading TA366G;
Residue to Mutate THRA363 has residue index 362
Residue to Mutate THRA363 has residue index 362
Residue to Mutate THRA363 has residue index 362
Residue to Mutate SERA364 has residue index 363
Residue to Mutate SERA364 has residue index 363
Residue to Mutate SERA364 has residue index 363
Residue to Mutate SERA364 has residue index 363
Residue to Mutate SERA364 has residue index 363
Residue to Mutate SERA364 has residue index 363
Residue to Mutate SERA364 has residue index 363
Residue to Mutate SERA364 has residue index 363
Residue to Mutate SERA364 has residue index 363
Residue to Mutate SERA364 has residue index 363
Residue to Mutate SERA364 has residue index 363
Residue to Mutate SERA364 has residue index 363
Residue to Mutate SERA364 has residue index 363
Residue to Mutate SERA364 has residue index 363
Residue to Mutate SERA364 has residue index 363
Residue to Mutate SERA364 has residue index 363
Residue to Mutate SERA364 has residue index 363
Residue to Mutate SERA364 has residue index 363
Residue to Mutate SERA364 has residue index 363
Residue to Mutate VALA365 has residue index 364
Residue to Mutate VALA365 has residue index 364
Residue to Mutate VALA365 has residue index 364
Residue to Mutate VALA365 has residue index 364
Residue to Mutate VALA365 has residue index 364
Residue to Mutate VALA365 has residue index 364
Residue to Mutate VALA365 has residue index 364
Residue to Mutate VALA365 has residue index 364
Residue to Mutate VALA365 has residue index 364
Residue to Mutate VALA365 has residue index 364
Residue to Mutate VALA365 has residue index 364
Residue to Mutate VALA365 has residue index 364
Residue to Mutate VALA365 has residue index 364
Residue to Mutate VALA365 has residue index 364
Residue to Mutate VALA365 has residue index 364
Residue to Mutate VALA365 has residue index 364
Residue to Mutate VALA365 has residue index 364
Residue to Mutate VALA365 has residue index 364
Residue to Mutate VALA365 has residue index 364
Residue to Mutate THRA366 has residue index 365
Residue to Mutate THRA366 has residue index 365
Residue to Mutate THRA366 has residue index 365
Residue to Mutate THRA366 has residue index 365
Residue to Mutate THRA366 has residue index 365
Residue to Mutate THRA366 has residue index 365
Residue to Mutate THRA366 has residue index 365
Residue to Mutate THRA366 has residue index 365
Residue to Mutate THRA366 has residue index 365
Mutating residue = THRA363 into ILE
Mutating residue = THRA363 into TRP
Mutating residue = THRA363 into VAL
Mutating residue = SERA364 into HIS
Mutating residue = SERA364 into GLN
Mutating residue = SERA364 into ARG
Mutating residue = SERA364 into THR
Mutating residue = SERA364 into VAL
Mutating residue = SERA364 into TRP
Mutating residue = SERA364 into GLY
Mutating residue = SERA364 into ILE
Mutating residue = SERA364 into PRO
Mutating residue = SERA364 into LYS
Mutating residue = SERA364 into ALA
Mutating residue = SERA364 into CYS
Mutating residue = SERA364 into MET
Mutating residue = SERA364 into ASP
Mutating residue = SERA364 into TYR
Mutating residue = SERA364 into GLU
Mutating residue = SERA364 into PHE
Mutating residue = SERA364 into LEU
Mutating residue = SERA364 into ASN
Mutating residue = VALA365 into MET
Mutating residue = VALA365 into ASN
Mutating residue = VALA365 into ALA
Mutating residue = VALA365 into CYS
Mutating residue = VALA365 into PHE
Mutating residue = VALA365 into GLU
Mutating residue = VALA365 into PRO
Mutating residue = VALA365 into GLN
Mutating residue = VALA365 into ARG
Mutating residue = VALA365 into SER
Mutating residue = VALA365 into ASP
Mutating residue = VALA365 into TRP
Mutating residue = VALA365 into THR
Mutating residue = VALA365 into LEU
Mutating residue = VALA365 into LYS
Mutating residue = VALA365 into ILE
Mutating residue = VALA365 into HIS
Mutating residue = VALA365 into GLY
Mutating residue = VALA365 into TYR
Mutating residue = THRA366 into MET
Mutating residue = THRA366 into ILE
Mutating residue = THRA366 into LYS
Mutating residue = THRA366 into LEU
Mutating residue = THRA366 into ASN
Mutating residue = THRA366 into TYR
Mutating residue = THRA366 into GLN
Mutating residue = THRA366 into PRO
Mutating residue = THRA366 into GLY
Your file run OK
End time of FoldX: Sat May  9 16:17:47 2026
Total time spend: 30.66 seconds.
validated file "PTEN_2018_1.pdb" => successfully finished
validated file "PTEN_2018_2.pdb" => successfully finished
validated file "PTEN_2018_3.pdb" => successfully finished
validated file "PTEN_2018_4.pdb" => successfully finished
validated file "PTEN_2018_5.pdb" => successfully finished
validated file "PTEN_2018_6.pdb" => successfully finished
validated file "PTEN_2018_7.pdb" => successfully finished
validated file "PTEN_2018_8.pdb" => successfully finished
validated file "PTEN_2018_9.pdb" => successfully finished
validated file "PTEN_2018_10.pdb" => successfully finished
validated file "PTEN_2018_11.pdb" => successfully finished
validated file "PTEN_2018_12.pdb" => successfully finished
validated file "PTEN_2018_13.pdb" => successfully finished
validated file "PTEN_2018_14.pdb" => successfully finished
validated file "PTEN_2018_15.pdb" => successfully finished
validated file "PTEN_2018_16.pdb" => successfully finished
validated file "PTEN_2018_17.pdb" => successfully finished
validated file "PTEN_2018_18.pdb" => successfully finished
validated file "PTEN_2018_19.pdb" => successfully finished
validated file "PTEN_2018_20.pdb" => successfully finished
validated file "PTEN_2018_21.pdb" => successfully finished
validated file "PTEN_2018_22.pdb" => successfully finished
validated file "PTEN_2018_23.pdb" => successfully finished
validated file "PTEN_2018_24.pdb" => successfully finished
validated file "PTEN_2018_25.pdb" => successfully finished
validated file "PTEN_2018_26.pdb" => successfully finished
validated file "PTEN_2018_27.pdb" => successfully finished
validated file "PTEN_2018_28.pdb" => successfully finished
validated file "PTEN_2018_29.pdb" => successfully finished
validated file "PTEN_2018_30.pdb" => successfully finished
validated file "PTEN_2018_31.pdb" => successfully finished
validated file "PTEN_2018_32.pdb" => successfully finished
validated file "PTEN_2018_33.pdb" => successfully finished
validated file "PTEN_2018_34.pdb" => successfully finished
validated file "PTEN_2018_35.pdb" => successfully finished
validated file "PTEN_2018_36.pdb" => successfully finished
validated file "PTEN_2018_37.pdb" => successfully finished
validated file "PTEN_2018_38.pdb" => successfully finished
validated file "PTEN_2018_39.pdb" => successfully finished
validated file "PTEN_2018_40.pdb" => successfully finished
validated file "PTEN_2018_41.pdb" => successfully finished
validated file "PTEN_2018_42.pdb" => successfully finished
validated file "PTEN_2018_43.pdb" => successfully finished
validated file "PTEN_2018_44.pdb" => successfully finished
validated file "PTEN_2018_45.pdb" => successfully finished
validated file "PTEN_2018_46.pdb" => successfully finished
validated file "PTEN_2018_47.pdb" => successfully finished
validated file "PTEN_2018_48.pdb" => successfully finished
validated file "PTEN_2018_49.pdb" => successfully finished
validated file "PTEN_2018_50.pdb" => successfully finished
Cleaning BuildModel...DONE
任务 132 结果提取成功，已映射突变信息。
