   ********************************************
   ***                                      ***
   ***             FoldX 5.1 (c)            ***
   ***                                      ***
   ***     code by the FoldX Consortium     ***
   ***                                      ***
   ***     Jesper Borg, Frederic Rousseau   ***
   ***    Joost Schymkowitz, Luis Serrano   ***
   ***    Peter Vanhee, Erik Verschueren    ***
   ***     Lies Baeten, Javier Delgado      ***
   ***       and Francois Stricher          ***
   *** and any other of the 9! permutations ***
   ***   based on an original concept by    ***
   ***   Raphael Guerois and Luis Serrano   ***
   ********************************************

1 models read: PTEN_2018.pdb
1 models read: PTEN_2018.pdb

BackHbond       =               -226.37
SideHbond       =               -75.43
Energy_VdW      =               -401.42
Electro         =               -29.03
Energy_SolvP    =               556.23
Energy_SolvH    =               -524.04
Energy_vdwclash =               33.14
energy_torsion  =               7.90
backbone_vdwclash=              169.85
Entropy_sidec   =               207.28
Entropy_mainc   =               605.00
water bonds     =               0.00
helix dipole    =               -1.33
loop_entropy    =               0.00
cis_bond        =               0.00
disulfide       =               0.00
kn electrostatic=               0.00
partial covalent interactions = 0.00
Energy_Ionisation =             2.75
Entropy Complex =               0.00
-----------------------------------------------------------
Total          = 				  154.68


BackHbond       =               -226.37
SideHbond       =               -75.43
Energy_VdW      =               -401.42
Electro         =               -29.03
Energy_SolvP    =               556.23
Energy_SolvH    =               -524.04
Energy_vdwclash =               33.14
energy_torsion  =               7.90
backbone_vdwclash=              169.85
Entropy_sidec   =               207.28
Entropy_mainc   =               605.00
water bonds     =               0.00
helix dipole    =               -1.33
loop_entropy    =               0.00
cis_bond        =               0.00
disulfide       =               0.00
kn electrostatic=               0.00
partial covalent interactions = 0.00
Energy_Ionisation =             2.75
Entropy Complex =               0.00
-----------------------------------------------------------
Total          = 				  154.68

Starting BuildModel
Reading CA304M;
Reading CA304T;
Reading SA305H;
Reading SA305V;
Reading SA305G;
Reading SA305F;
Reading SA305E;
Reading SA305D;
Reading SA305C;
Reading SA305A;
Reading SA305W;
Reading SA305K;
Reading SA305M;
Reading SA305N;
Reading SA305P;
Reading SA305Q;
Reading SA305R;
Reading SA305T;
Reading SA305L;
Reading SA305I;
Reading SA305Y;
Reading IA306Q;
Reading IA306A;
Reading IA306E;
Reading IA306F;
Reading IA306Y;
Reading IA306G;
Reading IA306H;
Reading IA306V;
Reading IA306T;
Reading IA306S;
Reading IA306R;
Reading IA306D;
Reading IA306P;
Reading IA306N;
Reading IA306M;
Reading IA306K;
Reading IA306W;
Reading IA306L;
Reading IA306C;
Reading EA307T;
Reading EA307V;
Reading EA307W;
Reading EA307C;
Reading EA307N;
Reading EA307Q;
Reading EA307R;
Reading EA307P;
Reading EA307M;
Reading EA307L;
Residue to Mutate CYSA304 has residue index 303
Residue to Mutate CYSA304 has residue index 303
Residue to Mutate SERA305 has residue index 304
Residue to Mutate SERA305 has residue index 304
Residue to Mutate SERA305 has residue index 304
Residue to Mutate SERA305 has residue index 304
Residue to Mutate SERA305 has residue index 304
Residue to Mutate SERA305 has residue index 304
Residue to Mutate SERA305 has residue index 304
Residue to Mutate SERA305 has residue index 304
Residue to Mutate SERA305 has residue index 304
Residue to Mutate SERA305 has residue index 304
Residue to Mutate SERA305 has residue index 304
Residue to Mutate SERA305 has residue index 304
Residue to Mutate SERA305 has residue index 304
Residue to Mutate SERA305 has residue index 304
Residue to Mutate SERA305 has residue index 304
Residue to Mutate SERA305 has residue index 304
Residue to Mutate SERA305 has residue index 304
Residue to Mutate SERA305 has residue index 304
Residue to Mutate SERA305 has residue index 304
Residue to Mutate ILEA306 has residue index 305
Residue to Mutate ILEA306 has residue index 305
Residue to Mutate ILEA306 has residue index 305
Residue to Mutate ILEA306 has residue index 305
Residue to Mutate ILEA306 has residue index 305
Residue to Mutate ILEA306 has residue index 305
Residue to Mutate ILEA306 has residue index 305
Residue to Mutate ILEA306 has residue index 305
Residue to Mutate ILEA306 has residue index 305
Residue to Mutate ILEA306 has residue index 305
Residue to Mutate ILEA306 has residue index 305
Residue to Mutate ILEA306 has residue index 305
Residue to Mutate ILEA306 has residue index 305
Residue to Mutate ILEA306 has residue index 305
Residue to Mutate ILEA306 has residue index 305
Residue to Mutate ILEA306 has residue index 305
Residue to Mutate ILEA306 has residue index 305
Residue to Mutate ILEA306 has residue index 305
Residue to Mutate ILEA306 has residue index 305
Residue to Mutate GLUA307 has residue index 306
Residue to Mutate GLUA307 has residue index 306
Residue to Mutate GLUA307 has residue index 306
Residue to Mutate GLUA307 has residue index 306
Residue to Mutate GLUA307 has residue index 306
Residue to Mutate GLUA307 has residue index 306
Residue to Mutate GLUA307 has residue index 306
Residue to Mutate GLUA307 has residue index 306
Residue to Mutate GLUA307 has residue index 306
Residue to Mutate GLUA307 has residue index 306
Mutating residue = CYSA304 into MET
Mutating residue = CYSA304 into THR
Mutating residue = SERA305 into HIS
Mutating residue = SERA305 into VAL
Mutating residue = SERA305 into GLY
Mutating residue = SERA305 into PHE
Mutating residue = SERA305 into GLU
Mutating residue = SERA305 into ASP
Mutating residue = SERA305 into CYS
Mutating residue = SERA305 into ALA
Mutating residue = SERA305 into TRP
Mutating residue = SERA305 into LYS
Mutating residue = SERA305 into MET
Mutating residue = SERA305 into ASN
Mutating residue = SERA305 into PRO
Mutating residue = SERA305 into GLN
Mutating residue = SERA305 into ARG
Mutating residue = SERA305 into THR
Mutating residue = SERA305 into LEU
Mutating residue = SERA305 into ILE
Mutating residue = SERA305 into TYR
Mutating residue = ILEA306 into GLN
Mutating residue = ILEA306 into ALA
Mutating residue = ILEA306 into GLU
Mutating residue = ILEA306 into PHE
Mutating residue = ILEA306 into TYR
Mutating residue = ILEA306 into GLY
Mutating residue = ILEA306 into HIS
Mutating residue = ILEA306 into VAL
Mutating residue = ILEA306 into THR
Mutating residue = ILEA306 into SER
Mutating residue = ILEA306 into ARG
Mutating residue = ILEA306 into ASP
Mutating residue = ILEA306 into PRO
Mutating residue = ILEA306 into ASN
Mutating residue = ILEA306 into MET
Mutating residue = ILEA306 into LYS
Mutating residue = ILEA306 into TRP
Mutating residue = ILEA306 into LEU
Mutating residue = ILEA306 into CYS
Mutating residue = GLUA307 into THR
Mutating residue = GLUA307 into VAL
Mutating residue = GLUA307 into TRP
Mutating residue = GLUA307 into CYS
Mutating residue = GLUA307 into ASN
Mutating residue = GLUA307 into GLN
Mutating residue = GLUA307 into ARG
Mutating residue = GLUA307 into PRO
Mutating residue = GLUA307 into MET
Mutating residue = GLUA307 into LEU
Your file run OK
End time of FoldX: Sat May  9 16:22:33 2026
Total time spend: 313.79 seconds.
validated file "PTEN_2018_1.pdb" => successfully finished
validated file "PTEN_2018_2.pdb" => successfully finished
validated file "PTEN_2018_3.pdb" => successfully finished
validated file "PTEN_2018_4.pdb" => successfully finished
validated file "PTEN_2018_5.pdb" => successfully finished
validated file "PTEN_2018_6.pdb" => successfully finished
validated file "PTEN_2018_7.pdb" => successfully finished
validated file "PTEN_2018_8.pdb" => successfully finished
validated file "PTEN_2018_9.pdb" => successfully finished
validated file "PTEN_2018_10.pdb" => successfully finished
validated file "PTEN_2018_11.pdb" => successfully finished
validated file "PTEN_2018_12.pdb" => successfully finished
validated file "PTEN_2018_13.pdb" => successfully finished
validated file "PTEN_2018_14.pdb" => successfully finished
validated file "PTEN_2018_15.pdb" => successfully finished
validated file "PTEN_2018_16.pdb" => successfully finished
validated file "PTEN_2018_17.pdb" => successfully finished
validated file "PTEN_2018_18.pdb" => successfully finished
validated file "PTEN_2018_19.pdb" => successfully finished
validated file "PTEN_2018_20.pdb" => successfully finished
validated file "PTEN_2018_21.pdb" => successfully finished
validated file "PTEN_2018_22.pdb" => successfully finished
validated file "PTEN_2018_23.pdb" => successfully finished
validated file "PTEN_2018_24.pdb" => successfully finished
validated file "PTEN_2018_25.pdb" => successfully finished
validated file "PTEN_2018_26.pdb" => successfully finished
validated file "PTEN_2018_27.pdb" => successfully finished
validated file "PTEN_2018_28.pdb" => successfully finished
validated file "PTEN_2018_29.pdb" => successfully finished
validated file "PTEN_2018_30.pdb" => successfully finished
validated file "PTEN_2018_31.pdb" => successfully finished
validated file "PTEN_2018_32.pdb" => successfully finished
validated file "PTEN_2018_33.pdb" => successfully finished
validated file "PTEN_2018_34.pdb" => successfully finished
validated file "PTEN_2018_35.pdb" => successfully finished
validated file "PTEN_2018_36.pdb" => successfully finished
validated file "PTEN_2018_37.pdb" => successfully finished
validated file "PTEN_2018_38.pdb" => successfully finished
validated file "PTEN_2018_39.pdb" => successfully finished
validated file "PTEN_2018_40.pdb" => successfully finished
validated file "PTEN_2018_41.pdb" => successfully finished
validated file "PTEN_2018_42.pdb" => successfully finished
validated file "PTEN_2018_43.pdb" => successfully finished
validated file "PTEN_2018_44.pdb" => successfully finished
validated file "PTEN_2018_45.pdb" => successfully finished
validated file "PTEN_2018_46.pdb" => successfully finished
validated file "PTEN_2018_47.pdb" => successfully finished
validated file "PTEN_2018_48.pdb" => successfully finished
validated file "PTEN_2018_49.pdb" => successfully finished
validated file "PTEN_2018_50.pdb" => successfully finished
Cleaning BuildModel...DONE
任务 114 结果提取成功，已映射突变信息。
