   ********************************************
   ***                                      ***
   ***             FoldX 5.1 (c)            ***
   ***                                      ***
   ***     code by the FoldX Consortium     ***
   ***                                      ***
   ***     Jesper Borg, Frederic Rousseau   ***
   ***    Joost Schymkowitz, Luis Serrano   ***
   ***    Peter Vanhee, Erik Verschueren    ***
   ***     Lies Baeten, Javier Delgado      ***
   ***       and Francois Stricher          ***
   *** and any other of the 9! permutations ***
   ***   based on an original concept by    ***
   ***   Raphael Guerois and Luis Serrano   ***
   ********************************************

1 models read: PTEN_2018.pdb
1 models read: PTEN_2018.pdb

BackHbond       =               -226.37
SideHbond       =               -75.43
Energy_VdW      =               -401.42
Electro         =               -29.03
Energy_SolvP    =               556.23
Energy_SolvH    =               -524.04
Energy_vdwclash =               33.14
energy_torsion  =               7.90
backbone_vdwclash=              169.85
Entropy_sidec   =               207.28
Entropy_mainc   =               605.00
water bonds     =               0.00
helix dipole    =               -1.33
loop_entropy    =               0.00
cis_bond        =               0.00
disulfide       =               0.00
kn electrostatic=               0.00
partial covalent interactions = 0.00
Energy_Ionisation =             2.75
Entropy Complex =               0.00
-----------------------------------------------------------
Total          = 				  154.68


BackHbond       =               -226.37
SideHbond       =               -75.43
Energy_VdW      =               -401.42
Electro         =               -29.03
Energy_SolvP    =               556.23
Energy_SolvH    =               -524.04
Energy_vdwclash =               33.14
energy_torsion  =               7.90
backbone_vdwclash=              169.85
Entropy_sidec   =               207.28
Entropy_mainc   =               605.00
water bonds     =               0.00
helix dipole    =               -1.33
loop_entropy    =               0.00
cis_bond        =               0.00
disulfide       =               0.00
kn electrostatic=               0.00
partial covalent interactions = 0.00
Energy_Ionisation =             2.75
Entropy Complex =               0.00
-----------------------------------------------------------
Total          = 				  154.68

Starting BuildModel
Reading VA222E;
Reading VA222D;
Reading VA222A;
Reading VA222C;
Reading VA222L;
Reading VA222H;
Reading VA222P;
Reading KA223P;
Reading KA223V;
Reading KA223T;
Reading KA223S;
Reading KA223R;
Reading KA223Q;
Reading KA223N;
Reading KA223M;
Reading KA223W;
Reading KA223L;
Reading KA223H;
Reading KA223G;
Reading KA223F;
Reading KA223E;
Reading KA223D;
Reading KA223C;
Reading KA223A;
Reading KA223I;
Reading KA223Y;
Reading IA224Y;
Reading IA224W;
Reading IA224V;
Reading IA224A;
Reading IA224C;
Reading IA224D;
Reading IA224E;
Reading IA224G;
Reading IA224H;
Reading IA224K;
Reading IA224L;
Reading IA224F;
Reading IA224N;
Reading IA224P;
Reading IA224Q;
Reading IA224R;
Reading IA224S;
Reading IA224T;
Reading IA224M;
Reading YA225L;
Reading YA225K;
Reading YA225I;
Reading YA225H;
Reading YA225E;
Residue to Mutate VALA222 has residue index 221
Residue to Mutate VALA222 has residue index 221
Residue to Mutate VALA222 has residue index 221
Residue to Mutate VALA222 has residue index 221
Residue to Mutate VALA222 has residue index 221
Residue to Mutate VALA222 has residue index 221
Residue to Mutate VALA222 has residue index 221
Residue to Mutate LYSA223 has residue index 222
Residue to Mutate LYSA223 has residue index 222
Residue to Mutate LYSA223 has residue index 222
Residue to Mutate LYSA223 has residue index 222
Residue to Mutate LYSA223 has residue index 222
Residue to Mutate LYSA223 has residue index 222
Residue to Mutate LYSA223 has residue index 222
Residue to Mutate LYSA223 has residue index 222
Residue to Mutate LYSA223 has residue index 222
Residue to Mutate LYSA223 has residue index 222
Residue to Mutate LYSA223 has residue index 222
Residue to Mutate LYSA223 has residue index 222
Residue to Mutate LYSA223 has residue index 222
Residue to Mutate LYSA223 has residue index 222
Residue to Mutate LYSA223 has residue index 222
Residue to Mutate LYSA223 has residue index 222
Residue to Mutate LYSA223 has residue index 222
Residue to Mutate LYSA223 has residue index 222
Residue to Mutate LYSA223 has residue index 222
Residue to Mutate ILEA224 has residue index 223
Residue to Mutate ILEA224 has residue index 223
Residue to Mutate ILEA224 has residue index 223
Residue to Mutate ILEA224 has residue index 223
Residue to Mutate ILEA224 has residue index 223
Residue to Mutate ILEA224 has residue index 223
Residue to Mutate ILEA224 has residue index 223
Residue to Mutate ILEA224 has residue index 223
Residue to Mutate ILEA224 has residue index 223
Residue to Mutate ILEA224 has residue index 223
Residue to Mutate ILEA224 has residue index 223
Residue to Mutate ILEA224 has residue index 223
Residue to Mutate ILEA224 has residue index 223
Residue to Mutate ILEA224 has residue index 223
Residue to Mutate ILEA224 has residue index 223
Residue to Mutate ILEA224 has residue index 223
Residue to Mutate ILEA224 has residue index 223
Residue to Mutate ILEA224 has residue index 223
Residue to Mutate ILEA224 has residue index 223
Residue to Mutate TYRA225 has residue index 224
Residue to Mutate TYRA225 has residue index 224
Residue to Mutate TYRA225 has residue index 224
Residue to Mutate TYRA225 has residue index 224
Residue to Mutate TYRA225 has residue index 224
Mutating residue = VALA222 into GLU
Mutating residue = VALA222 into ASP
Mutating residue = VALA222 into ALA
Mutating residue = VALA222 into CYS
Mutating residue = VALA222 into LEU
Mutating residue = VALA222 into HIS
Mutating residue = VALA222 into PRO
Mutating residue = LYSA223 into PRO
Mutating residue = LYSA223 into VAL
Mutating residue = LYSA223 into THR
Mutating residue = LYSA223 into SER
Mutating residue = LYSA223 into ARG
Mutating residue = LYSA223 into GLN
Mutating residue = LYSA223 into ASN
Mutating residue = LYSA223 into MET
Mutating residue = LYSA223 into TRP
Mutating residue = LYSA223 into LEU
Mutating residue = LYSA223 into HIS
Mutating residue = LYSA223 into GLY
Mutating residue = LYSA223 into PHE
Mutating residue = LYSA223 into GLU
Mutating residue = LYSA223 into ASP
Mutating residue = LYSA223 into CYS
Mutating residue = LYSA223 into ALA
Mutating residue = LYSA223 into ILE
Mutating residue = LYSA223 into TYR
Mutating residue = ILEA224 into TYR
Mutating residue = ILEA224 into TRP
Mutating residue = ILEA224 into VAL
Mutating residue = ILEA224 into ALA
Mutating residue = ILEA224 into CYS
Mutating residue = ILEA224 into ASP
Mutating residue = ILEA224 into GLU
Mutating residue = ILEA224 into GLY
Mutating residue = ILEA224 into HIS
Mutating residue = ILEA224 into LYS
Mutating residue = ILEA224 into LEU
Mutating residue = ILEA224 into PHE
Mutating residue = ILEA224 into ASN
Mutating residue = ILEA224 into PRO
Mutating residue = ILEA224 into GLN
Mutating residue = ILEA224 into ARG
Mutating residue = ILEA224 into SER
Mutating residue = ILEA224 into THR
Mutating residue = ILEA224 into MET
Mutating residue = TYRA225 into LEU
Mutating residue = TYRA225 into LYS
Mutating residue = TYRA225 into ILE
Mutating residue = TYRA225 into HIS
Mutating residue = TYRA225 into GLU
Your file run OK
End time of FoldX: Sat May  9 16:22:30 2026
Total time spend: 312.97 seconds.
validated file "PTEN_2018_1.pdb" => successfully finished
validated file "PTEN_2018_2.pdb" => successfully finished
validated file "PTEN_2018_3.pdb" => successfully finished
validated file "PTEN_2018_4.pdb" => successfully finished
validated file "PTEN_2018_5.pdb" => successfully finished
validated file "PTEN_2018_6.pdb" => successfully finished
validated file "PTEN_2018_7.pdb" => successfully finished
validated file "PTEN_2018_8.pdb" => successfully finished
validated file "PTEN_2018_9.pdb" => successfully finished
validated file "PTEN_2018_10.pdb" => successfully finished
validated file "PTEN_2018_11.pdb" => successfully finished
validated file "PTEN_2018_12.pdb" => successfully finished
validated file "PTEN_2018_13.pdb" => successfully finished
validated file "PTEN_2018_14.pdb" => successfully finished
validated file "PTEN_2018_15.pdb" => successfully finished
validated file "PTEN_2018_16.pdb" => successfully finished
validated file "PTEN_2018_17.pdb" => successfully finished
validated file "PTEN_2018_18.pdb" => successfully finished
validated file "PTEN_2018_19.pdb" => successfully finished
validated file "PTEN_2018_20.pdb" => successfully finished
validated file "PTEN_2018_21.pdb" => successfully finished
validated file "PTEN_2018_22.pdb" => successfully finished
validated file "PTEN_2018_23.pdb" => successfully finished
validated file "PTEN_2018_24.pdb" => successfully finished
validated file "PTEN_2018_25.pdb" => successfully finished
validated file "PTEN_2018_26.pdb" => successfully finished
validated file "PTEN_2018_27.pdb" => successfully finished
validated file "PTEN_2018_28.pdb" => successfully finished
validated file "PTEN_2018_29.pdb" => successfully finished
validated file "PTEN_2018_30.pdb" => successfully finished
validated file "PTEN_2018_31.pdb" => successfully finished
validated file "PTEN_2018_32.pdb" => successfully finished
validated file "PTEN_2018_33.pdb" => successfully finished
validated file "PTEN_2018_34.pdb" => successfully finished
validated file "PTEN_2018_35.pdb" => successfully finished
validated file "PTEN_2018_36.pdb" => successfully finished
validated file "PTEN_2018_37.pdb" => successfully finished
validated file "PTEN_2018_38.pdb" => successfully finished
validated file "PTEN_2018_39.pdb" => successfully finished
validated file "PTEN_2018_40.pdb" => successfully finished
validated file "PTEN_2018_41.pdb" => successfully finished
validated file "PTEN_2018_42.pdb" => successfully finished
validated file "PTEN_2018_43.pdb" => successfully finished
validated file "PTEN_2018_44.pdb" => successfully finished
validated file "PTEN_2018_45.pdb" => successfully finished
validated file "PTEN_2018_46.pdb" => successfully finished
validated file "PTEN_2018_47.pdb" => successfully finished
validated file "PTEN_2018_48.pdb" => successfully finished
validated file "PTEN_2018_49.pdb" => successfully finished
validated file "PTEN_2018_50.pdb" => successfully finished
Cleaning BuildModel...DONE
任务 83 结果提取成功，已映射突变信息。
