   ********************************************
   ***                                      ***
   ***             FoldX 5.1 (c)            ***
   ***                                      ***
   ***     code by the FoldX Consortium     ***
   ***                                      ***
   ***     Jesper Borg, Frederic Rousseau   ***
   ***    Joost Schymkowitz, Luis Serrano   ***
   ***    Peter Vanhee, Erik Verschueren    ***
   ***     Lies Baeten, Javier Delgado      ***
   ***       and Francois Stricher          ***
   *** and any other of the 9! permutations ***
   ***   based on an original concept by    ***
   ***   Raphael Guerois and Luis Serrano   ***
   ********************************************

1 models read: PTEN_2018.pdb
1 models read: PTEN_2018.pdb

BackHbond       =               -226.37
SideHbond       =               -75.43
Energy_VdW      =               -401.42
Electro         =               -29.03
Energy_SolvP    =               556.23
Energy_SolvH    =               -524.04
Energy_vdwclash =               33.14
energy_torsion  =               7.90
backbone_vdwclash=              169.85
Entropy_sidec   =               207.28
Entropy_mainc   =               605.00
water bonds     =               0.00
helix dipole    =               -1.33
loop_entropy    =               0.00
cis_bond        =               0.00
disulfide       =               0.00
kn electrostatic=               0.00
partial covalent interactions = 0.00
Energy_Ionisation =             2.75
Entropy Complex =               0.00
-----------------------------------------------------------
Total          = 				  154.68


BackHbond       =               -226.37
SideHbond       =               -75.43
Energy_VdW      =               -401.42
Electro         =               -29.03
Energy_SolvP    =               556.23
Energy_SolvH    =               -524.04
Energy_vdwclash =               33.14
energy_torsion  =               7.90
backbone_vdwclash=              169.85
Entropy_sidec   =               207.28
Entropy_mainc   =               605.00
water bonds     =               0.00
helix dipole    =               -1.33
loop_entropy    =               0.00
cis_bond        =               0.00
disulfide       =               0.00
kn electrostatic=               0.00
partial covalent interactions = 0.00
Energy_Ionisation =             2.75
Entropy Complex =               0.00
-----------------------------------------------------------
Total          = 				  154.68

Starting BuildModel
Reading EA353M;
Reading EA353N;
Reading EA353P;
Reading EA353Q;
Reading EA353R;
Reading EA353S;
Reading EA353K;
Reading EA353F;
Reading EA353I;
Reading EA353T;
Reading EA353C;
Reading EA353H;
Reading EA353A;
Reading EA353W;
Reading EA353Y;
Reading EA353V;
Reading PA354T;
Reading PA354A;
Reading PA354Y;
Reading PA354C;
Reading PA354D;
Reading PA354E;
Reading PA354F;
Reading PA354G;
Reading PA354V;
Reading PA354H;
Reading PA354W;
Reading PA354L;
Reading PA354M;
Reading PA354N;
Reading PA354Q;
Reading PA354R;
Reading PA354S;
Reading PA354I;
Reading PA354K;
Reading SA355Y;
Reading SA355T;
Reading SA355A;
Reading SA355C;
Reading SA355D;
Reading SA355E;
Reading SA355F;
Reading SA355G;
Reading SA355W;
Reading SA355H;
Reading SA355K;
Reading SA355L;
Reading SA355M;
Reading SA355N;
Reading SA355P;
Residue to Mutate GLUA353 has residue index 352
Residue to Mutate GLUA353 has residue index 352
Residue to Mutate GLUA353 has residue index 352
Residue to Mutate GLUA353 has residue index 352
Residue to Mutate GLUA353 has residue index 352
Residue to Mutate GLUA353 has residue index 352
Residue to Mutate GLUA353 has residue index 352
Residue to Mutate GLUA353 has residue index 352
Residue to Mutate GLUA353 has residue index 352
Residue to Mutate GLUA353 has residue index 352
Residue to Mutate GLUA353 has residue index 352
Residue to Mutate GLUA353 has residue index 352
Residue to Mutate GLUA353 has residue index 352
Residue to Mutate GLUA353 has residue index 352
Residue to Mutate GLUA353 has residue index 352
Residue to Mutate GLUA353 has residue index 352
Residue to Mutate PROA354 has residue index 353
Residue to Mutate PROA354 has residue index 353
Residue to Mutate PROA354 has residue index 353
Residue to Mutate PROA354 has residue index 353
Residue to Mutate PROA354 has residue index 353
Residue to Mutate PROA354 has residue index 353
Residue to Mutate PROA354 has residue index 353
Residue to Mutate PROA354 has residue index 353
Residue to Mutate PROA354 has residue index 353
Residue to Mutate PROA354 has residue index 353
Residue to Mutate PROA354 has residue index 353
Residue to Mutate PROA354 has residue index 353
Residue to Mutate PROA354 has residue index 353
Residue to Mutate PROA354 has residue index 353
Residue to Mutate PROA354 has residue index 353
Residue to Mutate PROA354 has residue index 353
Residue to Mutate PROA354 has residue index 353
Residue to Mutate PROA354 has residue index 353
Residue to Mutate PROA354 has residue index 353
Residue to Mutate SERA355 has residue index 354
Residue to Mutate SERA355 has residue index 354
Residue to Mutate SERA355 has residue index 354
Residue to Mutate SERA355 has residue index 354
Residue to Mutate SERA355 has residue index 354
Residue to Mutate SERA355 has residue index 354
Residue to Mutate SERA355 has residue index 354
Residue to Mutate SERA355 has residue index 354
Residue to Mutate SERA355 has residue index 354
Residue to Mutate SERA355 has residue index 354
Residue to Mutate SERA355 has residue index 354
Residue to Mutate SERA355 has residue index 354
Residue to Mutate SERA355 has residue index 354
Residue to Mutate SERA355 has residue index 354
Residue to Mutate SERA355 has residue index 354
Mutating residue = GLUA353 into MET
Mutating residue = GLUA353 into ASN
Mutating residue = GLUA353 into PRO
Mutating residue = GLUA353 into GLN
Mutating residue = GLUA353 into ARG
Mutating residue = GLUA353 into SER
Mutating residue = GLUA353 into LYS
Mutating residue = GLUA353 into PHE
Mutating residue = GLUA353 into ILE
Mutating residue = GLUA353 into THR
Mutating residue = GLUA353 into CYS
Mutating residue = GLUA353 into HIS
Mutating residue = GLUA353 into ALA
Mutating residue = GLUA353 into TRP
Mutating residue = GLUA353 into TYR
Mutating residue = GLUA353 into VAL
Mutating residue = PROA354 into THR
Mutating residue = PROA354 into ALA
Mutating residue = PROA354 into TYR
Mutating residue = PROA354 into CYS
Mutating residue = PROA354 into ASP
Mutating residue = PROA354 into GLU
Mutating residue = PROA354 into PHE
Mutating residue = PROA354 into GLY
Mutating residue = PROA354 into VAL
Mutating residue = PROA354 into HIS
Mutating residue = PROA354 into TRP
Mutating residue = PROA354 into LEU
Mutating residue = PROA354 into MET
Mutating residue = PROA354 into ASN
Mutating residue = PROA354 into GLN
Mutating residue = PROA354 into ARG
Mutating residue = PROA354 into SER
Mutating residue = PROA354 into ILE
Mutating residue = PROA354 into LYS
Mutating residue = SERA355 into TYR
Mutating residue = SERA355 into THR
Mutating residue = SERA355 into ALA
Mutating residue = SERA355 into CYS
Mutating residue = SERA355 into ASP
Mutating residue = SERA355 into GLU
Mutating residue = SERA355 into PHE
Mutating residue = SERA355 into GLY
Mutating residue = SERA355 into TRP
Mutating residue = SERA355 into HIS
Mutating residue = SERA355 into LYS
Mutating residue = SERA355 into LEU
Mutating residue = SERA355 into MET
Mutating residue = SERA355 into ASN
Mutating residue = SERA355 into PRO
Your file run OK
End time of FoldX: Sat May  9 16:21:47 2026
Total time spend: 271.19 seconds.
validated file "PTEN_2018_1.pdb" => successfully finished
validated file "PTEN_2018_2.pdb" => successfully finished
validated file "PTEN_2018_3.pdb" => successfully finished
validated file "PTEN_2018_4.pdb" => successfully finished
validated file "PTEN_2018_5.pdb" => successfully finished
validated file "PTEN_2018_6.pdb" => successfully finished
validated file "PTEN_2018_7.pdb" => successfully finished
validated file "PTEN_2018_8.pdb" => successfully finished
validated file "PTEN_2018_9.pdb" => successfully finished
validated file "PTEN_2018_10.pdb" => successfully finished
validated file "PTEN_2018_11.pdb" => successfully finished
validated file "PTEN_2018_12.pdb" => successfully finished
validated file "PTEN_2018_13.pdb" => successfully finished
validated file "PTEN_2018_14.pdb" => successfully finished
validated file "PTEN_2018_15.pdb" => successfully finished
validated file "PTEN_2018_16.pdb" => successfully finished
validated file "PTEN_2018_17.pdb" => successfully finished
validated file "PTEN_2018_18.pdb" => successfully finished
validated file "PTEN_2018_19.pdb" => successfully finished
validated file "PTEN_2018_20.pdb" => successfully finished
validated file "PTEN_2018_21.pdb" => successfully finished
validated file "PTEN_2018_22.pdb" => successfully finished
validated file "PTEN_2018_23.pdb" => successfully finished
validated file "PTEN_2018_24.pdb" => successfully finished
validated file "PTEN_2018_25.pdb" => successfully finished
validated file "PTEN_2018_26.pdb" => successfully finished
validated file "PTEN_2018_27.pdb" => successfully finished
validated file "PTEN_2018_28.pdb" => successfully finished
validated file "PTEN_2018_29.pdb" => successfully finished
validated file "PTEN_2018_30.pdb" => successfully finished
validated file "PTEN_2018_31.pdb" => successfully finished
validated file "PTEN_2018_32.pdb" => successfully finished
validated file "PTEN_2018_33.pdb" => successfully finished
validated file "PTEN_2018_34.pdb" => successfully finished
validated file "PTEN_2018_35.pdb" => successfully finished
validated file "PTEN_2018_36.pdb" => successfully finished
validated file "PTEN_2018_37.pdb" => successfully finished
validated file "PTEN_2018_38.pdb" => successfully finished
validated file "PTEN_2018_39.pdb" => successfully finished
validated file "PTEN_2018_40.pdb" => successfully finished
validated file "PTEN_2018_41.pdb" => successfully finished
validated file "PTEN_2018_42.pdb" => successfully finished
validated file "PTEN_2018_43.pdb" => successfully finished
validated file "PTEN_2018_44.pdb" => successfully finished
validated file "PTEN_2018_45.pdb" => successfully finished
validated file "PTEN_2018_46.pdb" => successfully finished
validated file "PTEN_2018_47.pdb" => successfully finished
validated file "PTEN_2018_48.pdb" => successfully finished
validated file "PTEN_2018_49.pdb" => successfully finished
validated file "PTEN_2018_50.pdb" => successfully finished
Cleaning BuildModel...DONE
任务 128 结果提取成功，已映射突变信息。
