   ********************************************
   ***                                      ***
   ***             FoldX 5.1 (c)            ***
   ***                                      ***
   ***     code by the FoldX Consortium     ***
   ***                                      ***
   ***     Jesper Borg, Frederic Rousseau   ***
   ***    Joost Schymkowitz, Luis Serrano   ***
   ***    Peter Vanhee, Erik Verschueren    ***
   ***     Lies Baeten, Javier Delgado      ***
   ***       and Francois Stricher          ***
   *** and any other of the 9! permutations ***
   ***   based on an original concept by    ***
   ***   Raphael Guerois and Luis Serrano   ***
   ********************************************

1 models read: PTEN_2018.pdb
1 models read: PTEN_2018.pdb

BackHbond       =               -226.37
SideHbond       =               -75.43
Energy_VdW      =               -401.42
Electro         =               -29.03
Energy_SolvP    =               556.23
Energy_SolvH    =               -524.04
Energy_vdwclash =               33.14
energy_torsion  =               7.90
backbone_vdwclash=              169.85
Entropy_sidec   =               207.28
Entropy_mainc   =               605.00
water bonds     =               0.00
helix dipole    =               -1.33
loop_entropy    =               0.00
cis_bond        =               0.00
disulfide       =               0.00
kn electrostatic=               0.00
partial covalent interactions = 0.00
Energy_Ionisation =             2.75
Entropy Complex =               0.00
-----------------------------------------------------------
Total          = 				  154.68


BackHbond       =               -226.37
SideHbond       =               -75.43
Energy_VdW      =               -401.42
Electro         =               -29.03
Energy_SolvP    =               556.23
Energy_SolvH    =               -524.04
Energy_vdwclash =               33.14
energy_torsion  =               7.90
backbone_vdwclash=              169.85
Entropy_sidec   =               207.28
Entropy_mainc   =               605.00
water bonds     =               0.00
helix dipole    =               -1.33
loop_entropy    =               0.00
cis_bond        =               0.00
disulfide       =               0.00
kn electrostatic=               0.00
partial covalent interactions = 0.00
Energy_Ionisation =             2.75
Entropy Complex =               0.00
-----------------------------------------------------------
Total          = 				  154.68

Starting BuildModel
Reading IA33Q;
Reading IA33P;
Reading IA33N;
Reading IA33S;
Reading AA34N;
Reading AA34K;
Reading AA34H;
Reading AA34G;
Reading AA34E;
Reading AA34D;
Reading AA34C;
Reading AA34R;
Reading AA34T;
Reading AA34L;
Reading AA34Q;
Reading AA34P;
Reading MA35S;
Reading MA35A;
Reading MA35C;
Reading MA35D;
Reading MA35E;
Reading MA35H;
Reading MA35I;
Reading MA35K;
Reading MA35L;
Reading MA35N;
Reading MA35Y;
Reading MA35P;
Reading MA35W;
Reading MA35Q;
Reading MA35T;
Reading MA35R;
Reading MA35G;
Reading GA36T;
Reading GA36W;
Reading GA36A;
Reading GA36C;
Reading GA36D;
Reading GA36E;
Reading GA36F;
Reading GA36H;
Reading GA36I;
Reading GA36K;
Reading GA36Y;
Reading GA36M;
Reading GA36L;
Reading GA36P;
Reading GA36Q;
Reading GA36S;
Reading GA36V;
Residue to Mutate ILEA33 has residue index 32
Residue to Mutate ILEA33 has residue index 32
Residue to Mutate ILEA33 has residue index 32
Residue to Mutate ILEA33 has residue index 32
Residue to Mutate ALAA34 has residue index 33
Residue to Mutate ALAA34 has residue index 33
Residue to Mutate ALAA34 has residue index 33
Residue to Mutate ALAA34 has residue index 33
Residue to Mutate ALAA34 has residue index 33
Residue to Mutate ALAA34 has residue index 33
Residue to Mutate ALAA34 has residue index 33
Residue to Mutate ALAA34 has residue index 33
Residue to Mutate ALAA34 has residue index 33
Residue to Mutate ALAA34 has residue index 33
Residue to Mutate ALAA34 has residue index 33
Residue to Mutate ALAA34 has residue index 33
Residue to Mutate META35 has residue index 34
Residue to Mutate META35 has residue index 34
Residue to Mutate META35 has residue index 34
Residue to Mutate META35 has residue index 34
Residue to Mutate META35 has residue index 34
Residue to Mutate META35 has residue index 34
Residue to Mutate META35 has residue index 34
Residue to Mutate META35 has residue index 34
Residue to Mutate META35 has residue index 34
Residue to Mutate META35 has residue index 34
Residue to Mutate META35 has residue index 34
Residue to Mutate META35 has residue index 34
Residue to Mutate META35 has residue index 34
Residue to Mutate META35 has residue index 34
Residue to Mutate META35 has residue index 34
Residue to Mutate META35 has residue index 34
Residue to Mutate META35 has residue index 34
Residue to Mutate GLYA36 has residue index 35
Residue to Mutate GLYA36 has residue index 35
Residue to Mutate GLYA36 has residue index 35
Residue to Mutate GLYA36 has residue index 35
Residue to Mutate GLYA36 has residue index 35
Residue to Mutate GLYA36 has residue index 35
Residue to Mutate GLYA36 has residue index 35
Residue to Mutate GLYA36 has residue index 35
Residue to Mutate GLYA36 has residue index 35
Residue to Mutate GLYA36 has residue index 35
Residue to Mutate GLYA36 has residue index 35
Residue to Mutate GLYA36 has residue index 35
Residue to Mutate GLYA36 has residue index 35
Residue to Mutate GLYA36 has residue index 35
Residue to Mutate GLYA36 has residue index 35
Residue to Mutate GLYA36 has residue index 35
Residue to Mutate GLYA36 has residue index 35
Mutating residue = ILEA33 into GLN
Mutating residue = ILEA33 into PRO
Mutating residue = ILEA33 into ASN
Mutating residue = ILEA33 into SER
Mutating residue = ALAA34 into ASN
Mutating residue = ALAA34 into LYS
Mutating residue = ALAA34 into HIS
Mutating residue = ALAA34 into GLY
Mutating residue = ALAA34 into GLU
Mutating residue = ALAA34 into ASP
Mutating residue = ALAA34 into CYS
Mutating residue = ALAA34 into ARG
Mutating residue = ALAA34 into THR
Mutating residue = ALAA34 into LEU
Mutating residue = ALAA34 into GLN
Mutating residue = ALAA34 into PRO
Mutating residue = META35 into SER
Mutating residue = META35 into ALA
Mutating residue = META35 into CYS
Mutating residue = META35 into ASP
Mutating residue = META35 into GLU
Mutating residue = META35 into HIS
Mutating residue = META35 into ILE
Mutating residue = META35 into LYS
Mutating residue = META35 into LEU
Mutating residue = META35 into ASN
Mutating residue = META35 into TYR
Mutating residue = META35 into PRO
Mutating residue = META35 into TRP
Mutating residue = META35 into GLN
Mutating residue = META35 into THR
Mutating residue = META35 into ARG
Mutating residue = META35 into GLY
Mutating residue = GLYA36 into THR
Mutating residue = GLYA36 into TRP
Mutating residue = GLYA36 into ALA
Mutating residue = GLYA36 into CYS
Mutating residue = GLYA36 into ASP
Mutating residue = GLYA36 into GLU
Mutating residue = GLYA36 into PHE
Mutating residue = GLYA36 into HIS
Mutating residue = GLYA36 into ILE
Mutating residue = GLYA36 into LYS
Mutating residue = GLYA36 into TYR
Mutating residue = GLYA36 into MET
Mutating residue = GLYA36 into LEU
Mutating residue = GLYA36 into PRO
Mutating residue = GLYA36 into GLN
Mutating residue = GLYA36 into SER
Mutating residue = GLYA36 into VAL
Your file run OK
End time of FoldX: Sat May  9 16:24:47 2026
Total time spend: 450.60 seconds.
validated file "PTEN_2018_1.pdb" => successfully finished
validated file "PTEN_2018_2.pdb" => successfully finished
validated file "PTEN_2018_3.pdb" => successfully finished
validated file "PTEN_2018_4.pdb" => successfully finished
validated file "PTEN_2018_5.pdb" => successfully finished
validated file "PTEN_2018_6.pdb" => successfully finished
validated file "PTEN_2018_7.pdb" => successfully finished
validated file "PTEN_2018_8.pdb" => successfully finished
validated file "PTEN_2018_9.pdb" => successfully finished
validated file "PTEN_2018_10.pdb" => successfully finished
validated file "PTEN_2018_11.pdb" => successfully finished
validated file "PTEN_2018_12.pdb" => successfully finished
validated file "PTEN_2018_13.pdb" => successfully finished
validated file "PTEN_2018_14.pdb" => successfully finished
validated file "PTEN_2018_15.pdb" => successfully finished
validated file "PTEN_2018_16.pdb" => successfully finished
validated file "PTEN_2018_17.pdb" => successfully finished
validated file "PTEN_2018_18.pdb" => successfully finished
validated file "PTEN_2018_19.pdb" => successfully finished
validated file "PTEN_2018_20.pdb" => successfully finished
validated file "PTEN_2018_21.pdb" => successfully finished
validated file "PTEN_2018_22.pdb" => successfully finished
validated file "PTEN_2018_23.pdb" => successfully finished
validated file "PTEN_2018_24.pdb" => successfully finished
validated file "PTEN_2018_25.pdb" => successfully finished
validated file "PTEN_2018_26.pdb" => successfully finished
validated file "PTEN_2018_27.pdb" => successfully finished
validated file "PTEN_2018_28.pdb" => successfully finished
validated file "PTEN_2018_29.pdb" => successfully finished
validated file "PTEN_2018_30.pdb" => successfully finished
validated file "PTEN_2018_31.pdb" => successfully finished
validated file "PTEN_2018_32.pdb" => successfully finished
validated file "PTEN_2018_33.pdb" => successfully finished
validated file "PTEN_2018_34.pdb" => successfully finished
validated file "PTEN_2018_35.pdb" => successfully finished
validated file "PTEN_2018_36.pdb" => successfully finished
validated file "PTEN_2018_37.pdb" => successfully finished
validated file "PTEN_2018_38.pdb" => successfully finished
validated file "PTEN_2018_39.pdb" => successfully finished
validated file "PTEN_2018_40.pdb" => successfully finished
validated file "PTEN_2018_41.pdb" => successfully finished
validated file "PTEN_2018_42.pdb" => successfully finished
validated file "PTEN_2018_43.pdb" => successfully finished
validated file "PTEN_2018_44.pdb" => successfully finished
validated file "PTEN_2018_45.pdb" => successfully finished
validated file "PTEN_2018_46.pdb" => successfully finished
validated file "PTEN_2018_47.pdb" => successfully finished
validated file "PTEN_2018_48.pdb" => successfully finished
validated file "PTEN_2018_49.pdb" => successfully finished
validated file "PTEN_2018_50.pdb" => successfully finished
Cleaning BuildModel...DONE
任务 12 结果提取成功，已映射突变信息。
