   ********************************************
   ***                                      ***
   ***             FoldX 5.1 (c)            ***
   ***                                      ***
   ***     code by the FoldX Consortium     ***
   ***                                      ***
   ***     Jesper Borg, Frederic Rousseau   ***
   ***    Joost Schymkowitz, Luis Serrano   ***
   ***    Peter Vanhee, Erik Verschueren    ***
   ***     Lies Baeten, Javier Delgado      ***
   ***       and Francois Stricher          ***
   *** and any other of the 9! permutations ***
   ***   based on an original concept by    ***
   ***   Raphael Guerois and Luis Serrano   ***
   ********************************************

1 models read: PTEN_2018.pdb
1 models read: PTEN_2018.pdb

BackHbond       =               -226.37
SideHbond       =               -75.43
Energy_VdW      =               -401.42
Electro         =               -29.03
Energy_SolvP    =               556.23
Energy_SolvH    =               -524.04
Energy_vdwclash =               33.14
energy_torsion  =               7.90
backbone_vdwclash=              169.85
Entropy_sidec   =               207.28
Entropy_mainc   =               605.00
water bonds     =               0.00
helix dipole    =               -1.33
loop_entropy    =               0.00
cis_bond        =               0.00
disulfide       =               0.00
kn electrostatic=               0.00
partial covalent interactions = 0.00
Energy_Ionisation =             2.75
Entropy Complex =               0.00
-----------------------------------------------------------
Total          = 				  154.68


BackHbond       =               -226.37
SideHbond       =               -75.43
Energy_VdW      =               -401.42
Electro         =               -29.03
Energy_SolvP    =               556.23
Energy_SolvH    =               -524.04
Energy_vdwclash =               33.14
energy_torsion  =               7.90
backbone_vdwclash=              169.85
Entropy_sidec   =               207.28
Entropy_mainc   =               605.00
water bonds     =               0.00
helix dipole    =               -1.33
loop_entropy    =               0.00
cis_bond        =               0.00
disulfide       =               0.00
kn electrostatic=               0.00
partial covalent interactions = 0.00
Energy_Ionisation =             2.75
Entropy Complex =               0.00
-----------------------------------------------------------
Total          = 				  154.68

Starting BuildModel
Reading TA366F;
Reading TA366E;
Reading TA366D;
Reading TA366H;
Reading TA366C;
Reading TA366W;
Reading TA366V;
Reading TA366S;
Reading TA366R;
Reading TA366A;
Reading PA367G;
Reading PA367F;
Reading PA367A;
Reading PA367C;
Reading PA367H;
Reading PA367L;
Reading PA367K;
Reading PA367M;
Reading PA367N;
Reading PA367D;
Reading PA367Q;
Reading PA367R;
Reading PA367S;
Reading PA367T;
Reading PA367V;
Reading PA367W;
Reading PA367Y;
Reading PA367I;
Reading PA367E;
Reading DA368I;
Reading DA368M;
Reading DA368R;
Reading DA368V;
Reading DA368W;
Reading DA368Y;
Reading DA368Q;
Reading DA368P;
Reading DA368N;
Reading DA368S;
Reading DA368T;
Reading DA368K;
Reading DA368H;
Reading DA368G;
Reading DA368F;
Reading DA368E;
Reading DA368C;
Reading DA368A;
Reading DA368L;
Reading VA369C;
Reading VA369W;
Residue to Mutate THRA366 has residue index 365
Residue to Mutate THRA366 has residue index 365
Residue to Mutate THRA366 has residue index 365
Residue to Mutate THRA366 has residue index 365
Residue to Mutate THRA366 has residue index 365
Residue to Mutate THRA366 has residue index 365
Residue to Mutate THRA366 has residue index 365
Residue to Mutate THRA366 has residue index 365
Residue to Mutate THRA366 has residue index 365
Residue to Mutate THRA366 has residue index 365
Residue to Mutate PROA367 has residue index 366
Residue to Mutate PROA367 has residue index 366
Residue to Mutate PROA367 has residue index 366
Residue to Mutate PROA367 has residue index 366
Residue to Mutate PROA367 has residue index 366
Residue to Mutate PROA367 has residue index 366
Residue to Mutate PROA367 has residue index 366
Residue to Mutate PROA367 has residue index 366
Residue to Mutate PROA367 has residue index 366
Residue to Mutate PROA367 has residue index 366
Residue to Mutate PROA367 has residue index 366
Residue to Mutate PROA367 has residue index 366
Residue to Mutate PROA367 has residue index 366
Residue to Mutate PROA367 has residue index 366
Residue to Mutate PROA367 has residue index 366
Residue to Mutate PROA367 has residue index 366
Residue to Mutate PROA367 has residue index 366
Residue to Mutate PROA367 has residue index 366
Residue to Mutate PROA367 has residue index 366
Residue to Mutate ASPA368 has residue index 367
Residue to Mutate ASPA368 has residue index 367
Residue to Mutate ASPA368 has residue index 367
Residue to Mutate ASPA368 has residue index 367
Residue to Mutate ASPA368 has residue index 367
Residue to Mutate ASPA368 has residue index 367
Residue to Mutate ASPA368 has residue index 367
Residue to Mutate ASPA368 has residue index 367
Residue to Mutate ASPA368 has residue index 367
Residue to Mutate ASPA368 has residue index 367
Residue to Mutate ASPA368 has residue index 367
Residue to Mutate ASPA368 has residue index 367
Residue to Mutate ASPA368 has residue index 367
Residue to Mutate ASPA368 has residue index 367
Residue to Mutate ASPA368 has residue index 367
Residue to Mutate ASPA368 has residue index 367
Residue to Mutate ASPA368 has residue index 367
Residue to Mutate ASPA368 has residue index 367
Residue to Mutate ASPA368 has residue index 367
Residue to Mutate VALA369 has residue index 368
Residue to Mutate VALA369 has residue index 368
Mutating residue = THRA366 into PHE
Mutating residue = THRA366 into GLU
Mutating residue = THRA366 into ASP
Mutating residue = THRA366 into HIS
Mutating residue = THRA366 into CYS
Mutating residue = THRA366 into TRP
Mutating residue = THRA366 into VAL
Mutating residue = THRA366 into SER
Mutating residue = THRA366 into ARG
Mutating residue = THRA366 into ALA
Mutating residue = PROA367 into GLY
Mutating residue = PROA367 into PHE
Mutating residue = PROA367 into ALA
Mutating residue = PROA367 into CYS
Mutating residue = PROA367 into HIS
Mutating residue = PROA367 into LEU
Mutating residue = PROA367 into LYS
Mutating residue = PROA367 into MET
Mutating residue = PROA367 into ASN
Mutating residue = PROA367 into ASP
Mutating residue = PROA367 into GLN
Mutating residue = PROA367 into ARG
Mutating residue = PROA367 into SER
Mutating residue = PROA367 into THR
Mutating residue = PROA367 into VAL
Mutating residue = PROA367 into TRP
Mutating residue = PROA367 into TYR
Mutating residue = PROA367 into ILE
Mutating residue = PROA367 into GLU
Mutating residue = ASPA368 into ILE
Mutating residue = ASPA368 into MET
Mutating residue = ASPA368 into ARG
Mutating residue = ASPA368 into VAL
Mutating residue = ASPA368 into TRP
Mutating residue = ASPA368 into TYR
Mutating residue = ASPA368 into GLN
Mutating residue = ASPA368 into PRO
Mutating residue = ASPA368 into ASN
Mutating residue = ASPA368 into SER
Mutating residue = ASPA368 into THR
Mutating residue = ASPA368 into LYS
Mutating residue = ASPA368 into HIS
Mutating residue = ASPA368 into GLY
Mutating residue = ASPA368 into PHE
Mutating residue = ASPA368 into GLU
Mutating residue = ASPA368 into CYS
Mutating residue = ASPA368 into ALA
Mutating residue = ASPA368 into LEU
Mutating residue = VALA369 into CYS
Mutating residue = VALA369 into TRP
Your file run OK
End time of FoldX: Sat May  9 16:17:54 2026
Total time spend: 38.37 seconds.
validated file "PTEN_2018_1.pdb" => successfully finished
validated file "PTEN_2018_2.pdb" => successfully finished
validated file "PTEN_2018_3.pdb" => successfully finished
validated file "PTEN_2018_4.pdb" => successfully finished
validated file "PTEN_2018_5.pdb" => successfully finished
validated file "PTEN_2018_6.pdb" => successfully finished
validated file "PTEN_2018_7.pdb" => successfully finished
validated file "PTEN_2018_8.pdb" => successfully finished
validated file "PTEN_2018_9.pdb" => successfully finished
validated file "PTEN_2018_10.pdb" => successfully finished
validated file "PTEN_2018_11.pdb" => successfully finished
validated file "PTEN_2018_12.pdb" => successfully finished
validated file "PTEN_2018_13.pdb" => successfully finished
validated file "PTEN_2018_14.pdb" => successfully finished
validated file "PTEN_2018_15.pdb" => successfully finished
validated file "PTEN_2018_16.pdb" => successfully finished
validated file "PTEN_2018_17.pdb" => successfully finished
validated file "PTEN_2018_18.pdb" => successfully finished
validated file "PTEN_2018_19.pdb" => successfully finished
validated file "PTEN_2018_20.pdb" => successfully finished
validated file "PTEN_2018_21.pdb" => successfully finished
validated file "PTEN_2018_22.pdb" => successfully finished
validated file "PTEN_2018_23.pdb" => successfully finished
validated file "PTEN_2018_24.pdb" => successfully finished
validated file "PTEN_2018_25.pdb" => successfully finished
validated file "PTEN_2018_26.pdb" => successfully finished
validated file "PTEN_2018_27.pdb" => successfully finished
validated file "PTEN_2018_28.pdb" => successfully finished
validated file "PTEN_2018_29.pdb" => successfully finished
validated file "PTEN_2018_30.pdb" => successfully finished
validated file "PTEN_2018_31.pdb" => successfully finished
validated file "PTEN_2018_32.pdb" => successfully finished
validated file "PTEN_2018_33.pdb" => successfully finished
validated file "PTEN_2018_34.pdb" => successfully finished
validated file "PTEN_2018_35.pdb" => successfully finished
validated file "PTEN_2018_36.pdb" => successfully finished
validated file "PTEN_2018_37.pdb" => successfully finished
validated file "PTEN_2018_38.pdb" => successfully finished
validated file "PTEN_2018_39.pdb" => successfully finished
validated file "PTEN_2018_40.pdb" => successfully finished
validated file "PTEN_2018_41.pdb" => successfully finished
validated file "PTEN_2018_42.pdb" => successfully finished
validated file "PTEN_2018_43.pdb" => successfully finished
validated file "PTEN_2018_44.pdb" => successfully finished
validated file "PTEN_2018_45.pdb" => successfully finished
validated file "PTEN_2018_46.pdb" => successfully finished
validated file "PTEN_2018_47.pdb" => successfully finished
validated file "PTEN_2018_48.pdb" => successfully finished
validated file "PTEN_2018_49.pdb" => successfully finished
validated file "PTEN_2018_50.pdb" => successfully finished
Cleaning BuildModel...DONE
任务 133 结果提取成功，已映射突变信息。
