   ********************************************
   ***                                      ***
   ***             FoldX 5.1 (c)            ***
   ***                                      ***
   ***     code by the FoldX Consortium     ***
   ***                                      ***
   ***     Jesper Borg, Frederic Rousseau   ***
   ***    Joost Schymkowitz, Luis Serrano   ***
   ***    Peter Vanhee, Erik Verschueren    ***
   ***     Lies Baeten, Javier Delgado      ***
   ***       and Francois Stricher          ***
   *** and any other of the 9! permutations ***
   ***   based on an original concept by    ***
   ***   Raphael Guerois and Luis Serrano   ***
   ********************************************

1 models read: PTEN_2018.pdb
1 models read: PTEN_2018.pdb

BackHbond       =               -226.37
SideHbond       =               -75.43
Energy_VdW      =               -401.42
Electro         =               -29.03
Energy_SolvP    =               556.23
Energy_SolvH    =               -524.04
Energy_vdwclash =               33.14
energy_torsion  =               7.90
backbone_vdwclash=              169.85
Entropy_sidec   =               207.28
Entropy_mainc   =               605.00
water bonds     =               0.00
helix dipole    =               -1.33
loop_entropy    =               0.00
cis_bond        =               0.00
disulfide       =               0.00
kn electrostatic=               0.00
partial covalent interactions = 0.00
Energy_Ionisation =             2.75
Entropy Complex =               0.00
-----------------------------------------------------------
Total          = 				  154.68


BackHbond       =               -226.37
SideHbond       =               -75.43
Energy_VdW      =               -401.42
Electro         =               -29.03
Energy_SolvP    =               556.23
Energy_SolvH    =               -524.04
Energy_vdwclash =               33.14
energy_torsion  =               7.90
backbone_vdwclash=              169.85
Entropy_sidec   =               207.28
Entropy_mainc   =               605.00
water bonds     =               0.00
helix dipole    =               -1.33
loop_entropy    =               0.00
cis_bond        =               0.00
disulfide       =               0.00
kn electrostatic=               0.00
partial covalent interactions = 0.00
Energy_Ionisation =             2.75
Entropy Complex =               0.00
-----------------------------------------------------------
Total          = 				  154.68

Starting BuildModel
Reading VA369A;
Reading VA369T;
Reading VA369S;
Reading VA369R;
Reading VA369Q;
Reading VA369P;
Reading VA369M;
Reading VA369L;
Reading VA369K;
Reading VA369I;
Reading VA369H;
Reading VA369F;
Reading VA369E;
Reading VA369D;
Reading VA369Y;
Reading VA369N;
Reading VA369G;
Reading SA370A;
Reading SA370D;
Reading SA370E;
Reading SA370F;
Reading SA370G;
Reading SA370H;
Reading SA370C;
Reading SA370K;
Reading SA370L;
Reading SA370I;
Reading SA370N;
Reading SA370P;
Reading SA370Q;
Reading SA370R;
Reading SA370T;
Reading SA370V;
Reading SA370W;
Reading SA370Y;
Reading SA370M;
Reading DA371Q;
Reading DA371P;
Reading DA371M;
Reading DA371L;
Reading DA371K;
Reading DA371I;
Reading DA371C;
Reading DA371G;
Reading DA371F;
Reading DA371E;
Reading DA371R;
Reading DA371A;
Reading DA371H;
Reading DA371S;
Residue to Mutate VALA369 has residue index 368
Residue to Mutate VALA369 has residue index 368
Residue to Mutate VALA369 has residue index 368
Residue to Mutate VALA369 has residue index 368
Residue to Mutate VALA369 has residue index 368
Residue to Mutate VALA369 has residue index 368
Residue to Mutate VALA369 has residue index 368
Residue to Mutate VALA369 has residue index 368
Residue to Mutate VALA369 has residue index 368
Residue to Mutate VALA369 has residue index 368
Residue to Mutate VALA369 has residue index 368
Residue to Mutate VALA369 has residue index 368
Residue to Mutate VALA369 has residue index 368
Residue to Mutate VALA369 has residue index 368
Residue to Mutate VALA369 has residue index 368
Residue to Mutate VALA369 has residue index 368
Residue to Mutate VALA369 has residue index 368
Residue to Mutate SERA370 has residue index 369
Residue to Mutate SERA370 has residue index 369
Residue to Mutate SERA370 has residue index 369
Residue to Mutate SERA370 has residue index 369
Residue to Mutate SERA370 has residue index 369
Residue to Mutate SERA370 has residue index 369
Residue to Mutate SERA370 has residue index 369
Residue to Mutate SERA370 has residue index 369
Residue to Mutate SERA370 has residue index 369
Residue to Mutate SERA370 has residue index 369
Residue to Mutate SERA370 has residue index 369
Residue to Mutate SERA370 has residue index 369
Residue to Mutate SERA370 has residue index 369
Residue to Mutate SERA370 has residue index 369
Residue to Mutate SERA370 has residue index 369
Residue to Mutate SERA370 has residue index 369
Residue to Mutate SERA370 has residue index 369
Residue to Mutate SERA370 has residue index 369
Residue to Mutate SERA370 has residue index 369
Residue to Mutate ASPA371 has residue index 370
Residue to Mutate ASPA371 has residue index 370
Residue to Mutate ASPA371 has residue index 370
Residue to Mutate ASPA371 has residue index 370
Residue to Mutate ASPA371 has residue index 370
Residue to Mutate ASPA371 has residue index 370
Residue to Mutate ASPA371 has residue index 370
Residue to Mutate ASPA371 has residue index 370
Residue to Mutate ASPA371 has residue index 370
Residue to Mutate ASPA371 has residue index 370
Residue to Mutate ASPA371 has residue index 370
Residue to Mutate ASPA371 has residue index 370
Residue to Mutate ASPA371 has residue index 370
Residue to Mutate ASPA371 has residue index 370
Mutating residue = VALA369 into ALA
Mutating residue = VALA369 into THR
Mutating residue = VALA369 into SER
Mutating residue = VALA369 into ARG
Mutating residue = VALA369 into GLN
Mutating residue = VALA369 into PRO
Mutating residue = VALA369 into MET
Mutating residue = VALA369 into LEU
Mutating residue = VALA369 into LYS
Mutating residue = VALA369 into ILE
Mutating residue = VALA369 into HIS
Mutating residue = VALA369 into PHE
Mutating residue = VALA369 into GLU
Mutating residue = VALA369 into ASP
Mutating residue = VALA369 into TYR
Mutating residue = VALA369 into ASN
Mutating residue = VALA369 into GLY
Mutating residue = SERA370 into ALA
Mutating residue = SERA370 into ASP
Mutating residue = SERA370 into GLU
Mutating residue = SERA370 into PHE
Mutating residue = SERA370 into GLY
Mutating residue = SERA370 into HIS
Mutating residue = SERA370 into CYS
Mutating residue = SERA370 into LYS
Mutating residue = SERA370 into LEU
Mutating residue = SERA370 into ILE
Mutating residue = SERA370 into ASN
Mutating residue = SERA370 into PRO
Mutating residue = SERA370 into GLN
Mutating residue = SERA370 into ARG
Mutating residue = SERA370 into THR
Mutating residue = SERA370 into VAL
Mutating residue = SERA370 into TRP
Mutating residue = SERA370 into TYR
Mutating residue = SERA370 into MET
Mutating residue = ASPA371 into GLN
Mutating residue = ASPA371 into PRO
Mutating residue = ASPA371 into MET
Mutating residue = ASPA371 into LEU
Mutating residue = ASPA371 into LYS
Mutating residue = ASPA371 into ILE
Mutating residue = ASPA371 into CYS
Mutating residue = ASPA371 into GLY
Mutating residue = ASPA371 into PHE
Mutating residue = ASPA371 into GLU
Mutating residue = ASPA371 into ARG
Mutating residue = ASPA371 into ALA
Mutating residue = ASPA371 into HIS
Mutating residue = ASPA371 into SER
Your file run OK
End time of FoldX: Sat May  9 16:18:12 2026
Total time spend: 55.97 seconds.
validated file "PTEN_2018_1.pdb" => successfully finished
validated file "PTEN_2018_2.pdb" => successfully finished
validated file "PTEN_2018_3.pdb" => successfully finished
validated file "PTEN_2018_4.pdb" => successfully finished
validated file "PTEN_2018_5.pdb" => successfully finished
validated file "PTEN_2018_6.pdb" => successfully finished
validated file "PTEN_2018_7.pdb" => successfully finished
validated file "PTEN_2018_8.pdb" => successfully finished
validated file "PTEN_2018_9.pdb" => successfully finished
validated file "PTEN_2018_10.pdb" => successfully finished
validated file "PTEN_2018_11.pdb" => successfully finished
validated file "PTEN_2018_12.pdb" => successfully finished
validated file "PTEN_2018_13.pdb" => successfully finished
validated file "PTEN_2018_14.pdb" => successfully finished
validated file "PTEN_2018_15.pdb" => successfully finished
validated file "PTEN_2018_16.pdb" => successfully finished
validated file "PTEN_2018_17.pdb" => successfully finished
validated file "PTEN_2018_18.pdb" => successfully finished
validated file "PTEN_2018_19.pdb" => successfully finished
validated file "PTEN_2018_20.pdb" => successfully finished
validated file "PTEN_2018_21.pdb" => successfully finished
validated file "PTEN_2018_22.pdb" => successfully finished
validated file "PTEN_2018_23.pdb" => successfully finished
validated file "PTEN_2018_24.pdb" => successfully finished
validated file "PTEN_2018_25.pdb" => successfully finished
validated file "PTEN_2018_26.pdb" => successfully finished
validated file "PTEN_2018_27.pdb" => successfully finished
validated file "PTEN_2018_28.pdb" => successfully finished
validated file "PTEN_2018_29.pdb" => successfully finished
validated file "PTEN_2018_30.pdb" => successfully finished
validated file "PTEN_2018_31.pdb" => successfully finished
validated file "PTEN_2018_32.pdb" => successfully finished
validated file "PTEN_2018_33.pdb" => successfully finished
validated file "PTEN_2018_34.pdb" => successfully finished
validated file "PTEN_2018_35.pdb" => successfully finished
validated file "PTEN_2018_36.pdb" => successfully finished
validated file "PTEN_2018_37.pdb" => successfully finished
validated file "PTEN_2018_38.pdb" => successfully finished
validated file "PTEN_2018_39.pdb" => successfully finished
validated file "PTEN_2018_40.pdb" => successfully finished
validated file "PTEN_2018_41.pdb" => successfully finished
validated file "PTEN_2018_42.pdb" => successfully finished
validated file "PTEN_2018_43.pdb" => successfully finished
validated file "PTEN_2018_44.pdb" => successfully finished
validated file "PTEN_2018_45.pdb" => successfully finished
validated file "PTEN_2018_46.pdb" => successfully finished
validated file "PTEN_2018_47.pdb" => successfully finished
validated file "PTEN_2018_48.pdb" => successfully finished
validated file "PTEN_2018_49.pdb" => successfully finished
validated file "PTEN_2018_50.pdb" => successfully finished
Cleaning BuildModel...DONE
任务 134 结果提取成功，已映射突变信息。
