   ********************************************
   ***                                      ***
   ***             FoldX 5.1 (c)            ***
   ***                                      ***
   ***     code by the FoldX Consortium     ***
   ***                                      ***
   ***     Jesper Borg, Frederic Rousseau   ***
   ***    Joost Schymkowitz, Luis Serrano   ***
   ***    Peter Vanhee, Erik Verschueren    ***
   ***     Lies Baeten, Javier Delgado      ***
   ***       and Francois Stricher          ***
   *** and any other of the 9! permutations ***
   ***   based on an original concept by    ***
   ***   Raphael Guerois and Luis Serrano   ***
   ********************************************

1 models read: PTEN_2018.pdb
1 models read: PTEN_2018.pdb

BackHbond       =               -226.37
SideHbond       =               -75.43
Energy_VdW      =               -401.42
Electro         =               -29.03
Energy_SolvP    =               556.23
Energy_SolvH    =               -524.04
Energy_vdwclash =               33.14
energy_torsion  =               7.90
backbone_vdwclash=              169.85
Entropy_sidec   =               207.28
Entropy_mainc   =               605.00
water bonds     =               0.00
helix dipole    =               -1.33
loop_entropy    =               0.00
cis_bond        =               0.00
disulfide       =               0.00
kn electrostatic=               0.00
partial covalent interactions = 0.00
Energy_Ionisation =             2.75
Entropy Complex =               0.00
-----------------------------------------------------------
Total          = 				  154.68


BackHbond       =               -226.37
SideHbond       =               -75.43
Energy_VdW      =               -401.42
Electro         =               -29.03
Energy_SolvP    =               556.23
Energy_SolvH    =               -524.04
Energy_vdwclash =               33.14
energy_torsion  =               7.90
backbone_vdwclash=              169.85
Entropy_sidec   =               207.28
Entropy_mainc   =               605.00
water bonds     =               0.00
helix dipole    =               -1.33
loop_entropy    =               0.00
cis_bond        =               0.00
disulfide       =               0.00
kn electrostatic=               0.00
partial covalent interactions = 0.00
Energy_Ionisation =             2.75
Entropy Complex =               0.00
-----------------------------------------------------------
Total          = 				  154.68

Starting BuildModel
Reading EA307K;
Reading EA307I;
Reading EA307H;
Reading EA307G;
Reading EA307F;
Reading EA307D;
Reading EA307S;
Reading EA307Y;
Reading EA307A;
Reading RA308P;
Reading RA308T;
Reading RA308S;
Reading RA308Q;
Reading RA308A;
Reading RA308C;
Reading RA308D;
Reading RA308E;
Reading RA308N;
Reading RA308F;
Reading RA308H;
Reading RA308I;
Reading RA308K;
Reading RA308L;
Reading RA308W;
Reading RA308M;
Reading RA308Y;
Reading RA308G;
Reading RA308V;
Reading AA309Y;
Reading AA309D;
Reading AA309T;
Reading AA309C;
Reading AA309E;
Reading AA309F;
Reading AA309G;
Reading AA309H;
Reading AA309I;
Reading AA309W;
Reading AA309K;
Reading AA309M;
Reading AA309N;
Reading AA309P;
Reading AA309Q;
Reading AA309R;
Reading AA309S;
Reading AA309L;
Reading AA309V;
Reading DA310Q;
Reading DA310P;
Reading DA310V;
Residue to Mutate GLUA307 has residue index 306
Residue to Mutate GLUA307 has residue index 306
Residue to Mutate GLUA307 has residue index 306
Residue to Mutate GLUA307 has residue index 306
Residue to Mutate GLUA307 has residue index 306
Residue to Mutate GLUA307 has residue index 306
Residue to Mutate GLUA307 has residue index 306
Residue to Mutate GLUA307 has residue index 306
Residue to Mutate GLUA307 has residue index 306
Residue to Mutate ARGA308 has residue index 307
Residue to Mutate ARGA308 has residue index 307
Residue to Mutate ARGA308 has residue index 307
Residue to Mutate ARGA308 has residue index 307
Residue to Mutate ARGA308 has residue index 307
Residue to Mutate ARGA308 has residue index 307
Residue to Mutate ARGA308 has residue index 307
Residue to Mutate ARGA308 has residue index 307
Residue to Mutate ARGA308 has residue index 307
Residue to Mutate ARGA308 has residue index 307
Residue to Mutate ARGA308 has residue index 307
Residue to Mutate ARGA308 has residue index 307
Residue to Mutate ARGA308 has residue index 307
Residue to Mutate ARGA308 has residue index 307
Residue to Mutate ARGA308 has residue index 307
Residue to Mutate ARGA308 has residue index 307
Residue to Mutate ARGA308 has residue index 307
Residue to Mutate ARGA308 has residue index 307
Residue to Mutate ARGA308 has residue index 307
Residue to Mutate ALAA309 has residue index 308
Residue to Mutate ALAA309 has residue index 308
Residue to Mutate ALAA309 has residue index 308
Residue to Mutate ALAA309 has residue index 308
Residue to Mutate ALAA309 has residue index 308
Residue to Mutate ALAA309 has residue index 308
Residue to Mutate ALAA309 has residue index 308
Residue to Mutate ALAA309 has residue index 308
Residue to Mutate ALAA309 has residue index 308
Residue to Mutate ALAA309 has residue index 308
Residue to Mutate ALAA309 has residue index 308
Residue to Mutate ALAA309 has residue index 308
Residue to Mutate ALAA309 has residue index 308
Residue to Mutate ALAA309 has residue index 308
Residue to Mutate ALAA309 has residue index 308
Residue to Mutate ALAA309 has residue index 308
Residue to Mutate ALAA309 has residue index 308
Residue to Mutate ALAA309 has residue index 308
Residue to Mutate ALAA309 has residue index 308
Residue to Mutate ASPA310 has residue index 309
Residue to Mutate ASPA310 has residue index 309
Residue to Mutate ASPA310 has residue index 309
Mutating residue = GLUA307 into LYS
Mutating residue = GLUA307 into ILE
Mutating residue = GLUA307 into HIS
Mutating residue = GLUA307 into GLY
Mutating residue = GLUA307 into PHE
Mutating residue = GLUA307 into ASP
Mutating residue = GLUA307 into SER
Mutating residue = GLUA307 into TYR
Mutating residue = GLUA307 into ALA
Mutating residue = ARGA308 into PRO
Mutating residue = ARGA308 into THR
Mutating residue = ARGA308 into SER
Mutating residue = ARGA308 into GLN
Mutating residue = ARGA308 into ALA
Mutating residue = ARGA308 into CYS
Mutating residue = ARGA308 into ASP
Mutating residue = ARGA308 into GLU
Mutating residue = ARGA308 into ASN
Mutating residue = ARGA308 into PHE
Mutating residue = ARGA308 into HIS
Mutating residue = ARGA308 into ILE
Mutating residue = ARGA308 into LYS
Mutating residue = ARGA308 into LEU
Mutating residue = ARGA308 into TRP
Mutating residue = ARGA308 into MET
Mutating residue = ARGA308 into TYR
Mutating residue = ARGA308 into GLY
Mutating residue = ARGA308 into VAL
Mutating residue = ALAA309 into TYR
Mutating residue = ALAA309 into ASP
Mutating residue = ALAA309 into THR
Mutating residue = ALAA309 into CYS
Mutating residue = ALAA309 into GLU
Mutating residue = ALAA309 into PHE
Mutating residue = ALAA309 into GLY
Mutating residue = ALAA309 into HIS
Mutating residue = ALAA309 into ILE
Mutating residue = ALAA309 into TRP
Mutating residue = ALAA309 into LYS
Mutating residue = ALAA309 into MET
Mutating residue = ALAA309 into ASN
Mutating residue = ALAA309 into PRO
Mutating residue = ALAA309 into GLN
Mutating residue = ALAA309 into ARG
Mutating residue = ALAA309 into SER
Mutating residue = ALAA309 into LEU
Mutating residue = ALAA309 into VAL
Mutating residue = ASPA310 into GLN
Mutating residue = ASPA310 into PRO
Mutating residue = ASPA310 into VAL
Your file run OK
End time of FoldX: Sat May  9 16:27:21 2026
Total time spend: 602.50 seconds.
validated file "PTEN_2018_1.pdb" => successfully finished
validated file "PTEN_2018_2.pdb" => successfully finished
validated file "PTEN_2018_3.pdb" => successfully finished
validated file "PTEN_2018_4.pdb" => successfully finished
validated file "PTEN_2018_5.pdb" => successfully finished
validated file "PTEN_2018_6.pdb" => successfully finished
validated file "PTEN_2018_7.pdb" => successfully finished
validated file "PTEN_2018_8.pdb" => successfully finished
validated file "PTEN_2018_9.pdb" => successfully finished
validated file "PTEN_2018_10.pdb" => successfully finished
validated file "PTEN_2018_11.pdb" => successfully finished
validated file "PTEN_2018_12.pdb" => successfully finished
validated file "PTEN_2018_13.pdb" => successfully finished
validated file "PTEN_2018_14.pdb" => successfully finished
validated file "PTEN_2018_15.pdb" => successfully finished
validated file "PTEN_2018_16.pdb" => successfully finished
validated file "PTEN_2018_17.pdb" => successfully finished
validated file "PTEN_2018_18.pdb" => successfully finished
validated file "PTEN_2018_19.pdb" => successfully finished
validated file "PTEN_2018_20.pdb" => successfully finished
validated file "PTEN_2018_21.pdb" => successfully finished
validated file "PTEN_2018_22.pdb" => successfully finished
validated file "PTEN_2018_23.pdb" => successfully finished
validated file "PTEN_2018_24.pdb" => successfully finished
validated file "PTEN_2018_25.pdb" => successfully finished
validated file "PTEN_2018_26.pdb" => successfully finished
validated file "PTEN_2018_27.pdb" => successfully finished
validated file "PTEN_2018_28.pdb" => successfully finished
validated file "PTEN_2018_29.pdb" => successfully finished
validated file "PTEN_2018_30.pdb" => successfully finished
validated file "PTEN_2018_31.pdb" => successfully finished
validated file "PTEN_2018_32.pdb" => successfully finished
validated file "PTEN_2018_33.pdb" => successfully finished
validated file "PTEN_2018_34.pdb" => successfully finished
validated file "PTEN_2018_35.pdb" => successfully finished
validated file "PTEN_2018_36.pdb" => successfully finished
validated file "PTEN_2018_37.pdb" => successfully finished
validated file "PTEN_2018_38.pdb" => successfully finished
validated file "PTEN_2018_39.pdb" => successfully finished
validated file "PTEN_2018_40.pdb" => successfully finished
validated file "PTEN_2018_41.pdb" => successfully finished
validated file "PTEN_2018_42.pdb" => successfully finished
validated file "PTEN_2018_43.pdb" => successfully finished
validated file "PTEN_2018_44.pdb" => successfully finished
validated file "PTEN_2018_45.pdb" => successfully finished
validated file "PTEN_2018_46.pdb" => successfully finished
validated file "PTEN_2018_47.pdb" => successfully finished
validated file "PTEN_2018_48.pdb" => successfully finished
validated file "PTEN_2018_49.pdb" => successfully finished
validated file "PTEN_2018_50.pdb" => successfully finished
Cleaning BuildModel...DONE
任务 115 结果提取成功，已映射突变信息。
