   ********************************************
   ***                                      ***
   ***             FoldX 5.1 (c)            ***
   ***                                      ***
   ***     code by the FoldX Consortium     ***
   ***                                      ***
   ***     Jesper Borg, Frederic Rousseau   ***
   ***    Joost Schymkowitz, Luis Serrano   ***
   ***    Peter Vanhee, Erik Verschueren    ***
   ***     Lies Baeten, Javier Delgado      ***
   ***       and Francois Stricher          ***
   *** and any other of the 9! permutations ***
   ***   based on an original concept by    ***
   ***   Raphael Guerois and Luis Serrano   ***
   ********************************************

1 models read: PTEN_2018.pdb
1 models read: PTEN_2018.pdb

BackHbond       =               -226.37
SideHbond       =               -75.43
Energy_VdW      =               -401.42
Electro         =               -29.03
Energy_SolvP    =               556.23
Energy_SolvH    =               -524.04
Energy_vdwclash =               33.14
energy_torsion  =               7.90
backbone_vdwclash=              169.85
Entropy_sidec   =               207.28
Entropy_mainc   =               605.00
water bonds     =               0.00
helix dipole    =               -1.33
loop_entropy    =               0.00
cis_bond        =               0.00
disulfide       =               0.00
kn electrostatic=               0.00
partial covalent interactions = 0.00
Energy_Ionisation =             2.75
Entropy Complex =               0.00
-----------------------------------------------------------
Total          = 				  154.68


BackHbond       =               -226.37
SideHbond       =               -75.43
Energy_VdW      =               -401.42
Electro         =               -29.03
Energy_SolvP    =               556.23
Energy_SolvH    =               -524.04
Energy_vdwclash =               33.14
energy_torsion  =               7.90
backbone_vdwclash=              169.85
Entropy_sidec   =               207.28
Entropy_mainc   =               605.00
water bonds     =               0.00
helix dipole    =               -1.33
loop_entropy    =               0.00
cis_bond        =               0.00
disulfide       =               0.00
kn electrostatic=               0.00
partial covalent interactions = 0.00
Energy_Ionisation =             2.75
Entropy Complex =               0.00
-----------------------------------------------------------
Total          = 				  154.68

Starting BuildModel
Reading LA98K;
Reading LA98F;
Reading LA98E;
Reading LA98D;
Reading LA98C;
Reading LA98H;
Reading LA98M;
Reading LA98G;
Reading LA98P;
Reading LA98Y;
Reading LA98W;
Reading LA98V;
Reading LA98T;
Reading LA98S;
Reading LA98Q;
Reading LA98R;
Reading LA98N;
Reading EA99G;
Reading EA99H;
Reading EA99I;
Reading EA99L;
Reading EA99M;
Reading EA99N;
Reading EA99P;
Reading EA99Q;
Reading EA99S;
Reading EA99T;
Reading EA99V;
Reading EA99W;
Reading EA99Y;
Reading EA99K;
Reading EA99R;
Reading EA99C;
Reading EA99D;
Reading EA99A;
Reading EA99F;
Reading LA100S;
Reading LA100R;
Reading LA100Q;
Reading LA100P;
Reading LA100N;
Reading LA100M;
Reading LA100K;
Reading LA100I;
Reading LA100H;
Reading LA100F;
Reading LA100E;
Reading LA100D;
Reading LA100C;
Reading LA100A;
Residue to Mutate LEUA98 has residue index 97
Residue to Mutate LEUA98 has residue index 97
Residue to Mutate LEUA98 has residue index 97
Residue to Mutate LEUA98 has residue index 97
Residue to Mutate LEUA98 has residue index 97
Residue to Mutate LEUA98 has residue index 97
Residue to Mutate LEUA98 has residue index 97
Residue to Mutate LEUA98 has residue index 97
Residue to Mutate LEUA98 has residue index 97
Residue to Mutate LEUA98 has residue index 97
Residue to Mutate LEUA98 has residue index 97
Residue to Mutate LEUA98 has residue index 97
Residue to Mutate LEUA98 has residue index 97
Residue to Mutate LEUA98 has residue index 97
Residue to Mutate LEUA98 has residue index 97
Residue to Mutate LEUA98 has residue index 97
Residue to Mutate LEUA98 has residue index 97
Residue to Mutate GLUA99 has residue index 98
Residue to Mutate GLUA99 has residue index 98
Residue to Mutate GLUA99 has residue index 98
Residue to Mutate GLUA99 has residue index 98
Residue to Mutate GLUA99 has residue index 98
Residue to Mutate GLUA99 has residue index 98
Residue to Mutate GLUA99 has residue index 98
Residue to Mutate GLUA99 has residue index 98
Residue to Mutate GLUA99 has residue index 98
Residue to Mutate GLUA99 has residue index 98
Residue to Mutate GLUA99 has residue index 98
Residue to Mutate GLUA99 has residue index 98
Residue to Mutate GLUA99 has residue index 98
Residue to Mutate GLUA99 has residue index 98
Residue to Mutate GLUA99 has residue index 98
Residue to Mutate GLUA99 has residue index 98
Residue to Mutate GLUA99 has residue index 98
Residue to Mutate GLUA99 has residue index 98
Residue to Mutate GLUA99 has residue index 98
Residue to Mutate LEUA100 has residue index 99
Residue to Mutate LEUA100 has residue index 99
Residue to Mutate LEUA100 has residue index 99
Residue to Mutate LEUA100 has residue index 99
Residue to Mutate LEUA100 has residue index 99
Residue to Mutate LEUA100 has residue index 99
Residue to Mutate LEUA100 has residue index 99
Residue to Mutate LEUA100 has residue index 99
Residue to Mutate LEUA100 has residue index 99
Residue to Mutate LEUA100 has residue index 99
Residue to Mutate LEUA100 has residue index 99
Residue to Mutate LEUA100 has residue index 99
Residue to Mutate LEUA100 has residue index 99
Residue to Mutate LEUA100 has residue index 99
Mutating residue = LEUA98 into LYS
Mutating residue = LEUA98 into PHE
Mutating residue = LEUA98 into GLU
Mutating residue = LEUA98 into ASP
Mutating residue = LEUA98 into CYS
Mutating residue = LEUA98 into HIS
Mutating residue = LEUA98 into MET
Mutating residue = LEUA98 into GLY
Mutating residue = LEUA98 into PRO
Mutating residue = LEUA98 into TYR
Mutating residue = LEUA98 into TRP
Mutating residue = LEUA98 into VAL
Mutating residue = LEUA98 into THR
Mutating residue = LEUA98 into SER
Mutating residue = LEUA98 into GLN
Mutating residue = LEUA98 into ARG
Mutating residue = LEUA98 into ASN
Mutating residue = GLUA99 into GLY
Mutating residue = GLUA99 into HIS
Mutating residue = GLUA99 into ILE
Mutating residue = GLUA99 into LEU
Mutating residue = GLUA99 into MET
Mutating residue = GLUA99 into ASN
Mutating residue = GLUA99 into PRO
Mutating residue = GLUA99 into GLN
Mutating residue = GLUA99 into SER
Mutating residue = GLUA99 into THR
Mutating residue = GLUA99 into VAL
Mutating residue = GLUA99 into TRP
Mutating residue = GLUA99 into TYR
Mutating residue = GLUA99 into LYS
Mutating residue = GLUA99 into ARG
Mutating residue = GLUA99 into CYS
Mutating residue = GLUA99 into ASP
Mutating residue = GLUA99 into ALA
Mutating residue = GLUA99 into PHE
Mutating residue = LEUA100 into SER
Mutating residue = LEUA100 into ARG
Mutating residue = LEUA100 into GLN
Mutating residue = LEUA100 into PRO
Mutating residue = LEUA100 into ASN
Mutating residue = LEUA100 into MET
Mutating residue = LEUA100 into LYS
Mutating residue = LEUA100 into ILE
Mutating residue = LEUA100 into HIS
Mutating residue = LEUA100 into PHE
Mutating residue = LEUA100 into GLU
Mutating residue = LEUA100 into ASP
Mutating residue = LEUA100 into CYS
Mutating residue = LEUA100 into ALA
Your file run OK
End time of FoldX: Sat May  9 16:23:40 2026
Total time spend: 385.06 seconds.
validated file "PTEN_2018_1.pdb" => successfully finished
validated file "PTEN_2018_2.pdb" => successfully finished
validated file "PTEN_2018_3.pdb" => successfully finished
validated file "PTEN_2018_4.pdb" => successfully finished
validated file "PTEN_2018_5.pdb" => successfully finished
validated file "PTEN_2018_6.pdb" => successfully finished
validated file "PTEN_2018_7.pdb" => successfully finished
validated file "PTEN_2018_8.pdb" => successfully finished
validated file "PTEN_2018_9.pdb" => successfully finished
validated file "PTEN_2018_10.pdb" => successfully finished
validated file "PTEN_2018_11.pdb" => successfully finished
validated file "PTEN_2018_12.pdb" => successfully finished
validated file "PTEN_2018_13.pdb" => successfully finished
validated file "PTEN_2018_14.pdb" => successfully finished
validated file "PTEN_2018_15.pdb" => successfully finished
validated file "PTEN_2018_16.pdb" => successfully finished
validated file "PTEN_2018_17.pdb" => successfully finished
validated file "PTEN_2018_18.pdb" => successfully finished
validated file "PTEN_2018_19.pdb" => successfully finished
validated file "PTEN_2018_20.pdb" => successfully finished
validated file "PTEN_2018_21.pdb" => successfully finished
validated file "PTEN_2018_22.pdb" => successfully finished
validated file "PTEN_2018_23.pdb" => successfully finished
validated file "PTEN_2018_24.pdb" => successfully finished
validated file "PTEN_2018_25.pdb" => successfully finished
validated file "PTEN_2018_26.pdb" => successfully finished
validated file "PTEN_2018_27.pdb" => successfully finished
validated file "PTEN_2018_28.pdb" => successfully finished
validated file "PTEN_2018_29.pdb" => successfully finished
validated file "PTEN_2018_30.pdb" => successfully finished
validated file "PTEN_2018_31.pdb" => successfully finished
validated file "PTEN_2018_32.pdb" => successfully finished
validated file "PTEN_2018_33.pdb" => successfully finished
validated file "PTEN_2018_34.pdb" => successfully finished
validated file "PTEN_2018_35.pdb" => successfully finished
validated file "PTEN_2018_36.pdb" => successfully finished
validated file "PTEN_2018_37.pdb" => successfully finished
validated file "PTEN_2018_38.pdb" => successfully finished
validated file "PTEN_2018_39.pdb" => successfully finished
validated file "PTEN_2018_40.pdb" => successfully finished
validated file "PTEN_2018_41.pdb" => successfully finished
validated file "PTEN_2018_42.pdb" => successfully finished
validated file "PTEN_2018_43.pdb" => successfully finished
validated file "PTEN_2018_44.pdb" => successfully finished
validated file "PTEN_2018_45.pdb" => successfully finished
validated file "PTEN_2018_46.pdb" => successfully finished
validated file "PTEN_2018_47.pdb" => successfully finished
validated file "PTEN_2018_48.pdb" => successfully finished
validated file "PTEN_2018_49.pdb" => successfully finished
validated file "PTEN_2018_50.pdb" => successfully finished
Cleaning BuildModel...DONE
任务 36 结果提取成功，已映射突变信息。
