   ********************************************
   ***                                      ***
   ***             FoldX 5.1 (c)            ***
   ***                                      ***
   ***     code by the FoldX Consortium     ***
   ***                                      ***
   ***     Jesper Borg, Frederic Rousseau   ***
   ***    Joost Schymkowitz, Luis Serrano   ***
   ***    Peter Vanhee, Erik Verschueren    ***
   ***     Lies Baeten, Javier Delgado      ***
   ***       and Francois Stricher          ***
   *** and any other of the 9! permutations ***
   ***   based on an original concept by    ***
   ***   Raphael Guerois and Luis Serrano   ***
   ********************************************

1 models read: PTEN_2018.pdb
1 models read: PTEN_2018.pdb

BackHbond       =               -226.37
SideHbond       =               -75.43
Energy_VdW      =               -401.42
Electro         =               -29.03
Energy_SolvP    =               556.23
Energy_SolvH    =               -524.04
Energy_vdwclash =               33.14
energy_torsion  =               7.90
backbone_vdwclash=              169.85
Entropy_sidec   =               207.28
Entropy_mainc   =               605.00
water bonds     =               0.00
helix dipole    =               -1.33
loop_entropy    =               0.00
cis_bond        =               0.00
disulfide       =               0.00
kn electrostatic=               0.00
partial covalent interactions = 0.00
Energy_Ionisation =             2.75
Entropy Complex =               0.00
-----------------------------------------------------------
Total          = 				  154.68


BackHbond       =               -226.37
SideHbond       =               -75.43
Energy_VdW      =               -401.42
Electro         =               -29.03
Energy_SolvP    =               556.23
Energy_SolvH    =               -524.04
Energy_vdwclash =               33.14
energy_torsion  =               7.90
backbone_vdwclash=              169.85
Entropy_sidec   =               207.28
Entropy_mainc   =               605.00
water bonds     =               0.00
helix dipole    =               -1.33
loop_entropy    =               0.00
cis_bond        =               0.00
disulfide       =               0.00
kn electrostatic=               0.00
partial covalent interactions = 0.00
Energy_Ionisation =             2.75
Entropy Complex =               0.00
-----------------------------------------------------------
Total          = 				  154.68

Starting BuildModel
Reading EA288P;
Reading EA288V;
Reading EA288Q;
Reading EA288R;
Reading EA288G;
Reading EA288T;
Reading EA288W;
Reading KA289A;
Reading KA289D;
Reading KA289L;
Reading KA289I;
Reading KA289H;
Reading KA289F;
Reading KA289E;
Reading KA289C;
Reading KA289G;
Reading KA289P;
Reading KA289S;
Reading KA289Y;
Reading KA289W;
Reading KA289V;
Reading KA289T;
Reading KA289N;
Reading KA289R;
Reading KA289M;
Reading KA289Q;
Reading VA290N;
Reading VA290Y;
Reading VA290W;
Reading VA290T;
Reading VA290Q;
Reading VA290P;
Reading VA290S;
Reading VA290R;
Reading VA290G;
Reading VA290H;
Reading VA290I;
Reading VA290L;
Reading VA290M;
Reading VA290F;
Reading VA290A;
Reading VA290C;
Reading VA290D;
Reading VA290E;
Reading EA291W;
Reading EA291C;
Reading EA291A;
Reading EA291D;
Reading EA291R;
Reading EA291Q;
Residue to Mutate GLUA288 has residue index 287
Residue to Mutate GLUA288 has residue index 287
Residue to Mutate GLUA288 has residue index 287
Residue to Mutate GLUA288 has residue index 287
Residue to Mutate GLUA288 has residue index 287
Residue to Mutate GLUA288 has residue index 287
Residue to Mutate GLUA288 has residue index 287
Residue to Mutate LYSA289 has residue index 288
Residue to Mutate LYSA289 has residue index 288
Residue to Mutate LYSA289 has residue index 288
Residue to Mutate LYSA289 has residue index 288
Residue to Mutate LYSA289 has residue index 288
Residue to Mutate LYSA289 has residue index 288
Residue to Mutate LYSA289 has residue index 288
Residue to Mutate LYSA289 has residue index 288
Residue to Mutate LYSA289 has residue index 288
Residue to Mutate LYSA289 has residue index 288
Residue to Mutate LYSA289 has residue index 288
Residue to Mutate LYSA289 has residue index 288
Residue to Mutate LYSA289 has residue index 288
Residue to Mutate LYSA289 has residue index 288
Residue to Mutate LYSA289 has residue index 288
Residue to Mutate LYSA289 has residue index 288
Residue to Mutate LYSA289 has residue index 288
Residue to Mutate LYSA289 has residue index 288
Residue to Mutate LYSA289 has residue index 288
Residue to Mutate VALA290 has residue index 289
Residue to Mutate VALA290 has residue index 289
Residue to Mutate VALA290 has residue index 289
Residue to Mutate VALA290 has residue index 289
Residue to Mutate VALA290 has residue index 289
Residue to Mutate VALA290 has residue index 289
Residue to Mutate VALA290 has residue index 289
Residue to Mutate VALA290 has residue index 289
Residue to Mutate VALA290 has residue index 289
Residue to Mutate VALA290 has residue index 289
Residue to Mutate VALA290 has residue index 289
Residue to Mutate VALA290 has residue index 289
Residue to Mutate VALA290 has residue index 289
Residue to Mutate VALA290 has residue index 289
Residue to Mutate VALA290 has residue index 289
Residue to Mutate VALA290 has residue index 289
Residue to Mutate VALA290 has residue index 289
Residue to Mutate VALA290 has residue index 289
Residue to Mutate GLUA291 has residue index 290
Residue to Mutate GLUA291 has residue index 290
Residue to Mutate GLUA291 has residue index 290
Residue to Mutate GLUA291 has residue index 290
Residue to Mutate GLUA291 has residue index 290
Residue to Mutate GLUA291 has residue index 290
Mutating residue = GLUA288 into PRO
Mutating residue = GLUA288 into VAL
Mutating residue = GLUA288 into GLN
Mutating residue = GLUA288 into ARG
Mutating residue = GLUA288 into GLY
Mutating residue = GLUA288 into THR
Mutating residue = GLUA288 into TRP
Mutating residue = LYSA289 into ALA
Mutating residue = LYSA289 into ASP
Mutating residue = LYSA289 into LEU
Mutating residue = LYSA289 into ILE
Mutating residue = LYSA289 into HIS
Mutating residue = LYSA289 into PHE
Mutating residue = LYSA289 into GLU
Mutating residue = LYSA289 into CYS
Mutating residue = LYSA289 into GLY
Mutating residue = LYSA289 into PRO
Mutating residue = LYSA289 into SER
Mutating residue = LYSA289 into TYR
Mutating residue = LYSA289 into TRP
Mutating residue = LYSA289 into VAL
Mutating residue = LYSA289 into THR
Mutating residue = LYSA289 into ASN
Mutating residue = LYSA289 into ARG
Mutating residue = LYSA289 into MET
Mutating residue = LYSA289 into GLN
Mutating residue = VALA290 into ASN
Mutating residue = VALA290 into TYR
Mutating residue = VALA290 into TRP
Mutating residue = VALA290 into THR
Mutating residue = VALA290 into GLN
Mutating residue = VALA290 into PRO
Mutating residue = VALA290 into SER
Mutating residue = VALA290 into ARG
Mutating residue = VALA290 into GLY
Mutating residue = VALA290 into HIS
Mutating residue = VALA290 into ILE
Mutating residue = VALA290 into LEU
Mutating residue = VALA290 into MET
Mutating residue = VALA290 into PHE
Mutating residue = VALA290 into ALA
Mutating residue = VALA290 into CYS
Mutating residue = VALA290 into ASP
Mutating residue = VALA290 into GLU
Mutating residue = GLUA291 into TRP
Mutating residue = GLUA291 into CYS
Mutating residue = GLUA291 into ALA
Mutating residue = GLUA291 into ASP
Mutating residue = GLUA291 into ARG
Mutating residue = GLUA291 into GLN
Your file run OK
End time of FoldX: Sat May  9 16:20:35 2026
Total time spend: 197.71 seconds.
validated file "PTEN_2018_1.pdb" => successfully finished
validated file "PTEN_2018_2.pdb" => successfully finished
validated file "PTEN_2018_3.pdb" => successfully finished
validated file "PTEN_2018_4.pdb" => successfully finished
validated file "PTEN_2018_5.pdb" => successfully finished
validated file "PTEN_2018_6.pdb" => successfully finished
validated file "PTEN_2018_7.pdb" => successfully finished
validated file "PTEN_2018_8.pdb" => successfully finished
validated file "PTEN_2018_9.pdb" => successfully finished
validated file "PTEN_2018_10.pdb" => successfully finished
validated file "PTEN_2018_11.pdb" => successfully finished
validated file "PTEN_2018_12.pdb" => successfully finished
validated file "PTEN_2018_13.pdb" => successfully finished
validated file "PTEN_2018_14.pdb" => successfully finished
validated file "PTEN_2018_15.pdb" => successfully finished
validated file "PTEN_2018_16.pdb" => successfully finished
validated file "PTEN_2018_17.pdb" => successfully finished
validated file "PTEN_2018_18.pdb" => successfully finished
validated file "PTEN_2018_19.pdb" => successfully finished
validated file "PTEN_2018_20.pdb" => successfully finished
validated file "PTEN_2018_21.pdb" => successfully finished
validated file "PTEN_2018_22.pdb" => successfully finished
validated file "PTEN_2018_23.pdb" => successfully finished
validated file "PTEN_2018_24.pdb" => successfully finished
validated file "PTEN_2018_25.pdb" => successfully finished
validated file "PTEN_2018_26.pdb" => successfully finished
validated file "PTEN_2018_27.pdb" => successfully finished
validated file "PTEN_2018_28.pdb" => successfully finished
validated file "PTEN_2018_29.pdb" => successfully finished
validated file "PTEN_2018_30.pdb" => successfully finished
validated file "PTEN_2018_31.pdb" => successfully finished
validated file "PTEN_2018_32.pdb" => successfully finished
validated file "PTEN_2018_33.pdb" => successfully finished
validated file "PTEN_2018_34.pdb" => successfully finished
validated file "PTEN_2018_35.pdb" => successfully finished
validated file "PTEN_2018_36.pdb" => successfully finished
validated file "PTEN_2018_37.pdb" => successfully finished
validated file "PTEN_2018_38.pdb" => successfully finished
validated file "PTEN_2018_39.pdb" => successfully finished
validated file "PTEN_2018_40.pdb" => successfully finished
validated file "PTEN_2018_41.pdb" => successfully finished
validated file "PTEN_2018_42.pdb" => successfully finished
validated file "PTEN_2018_43.pdb" => successfully finished
validated file "PTEN_2018_44.pdb" => successfully finished
validated file "PTEN_2018_45.pdb" => successfully finished
validated file "PTEN_2018_46.pdb" => successfully finished
validated file "PTEN_2018_47.pdb" => successfully finished
validated file "PTEN_2018_48.pdb" => successfully finished
validated file "PTEN_2018_49.pdb" => successfully finished
validated file "PTEN_2018_50.pdb" => successfully finished
Cleaning BuildModel...DONE
任务 108 结果提取成功，已映射突变信息。
