   ********************************************
   ***                                      ***
   ***             FoldX 5.1 (c)            ***
   ***                                      ***
   ***     code by the FoldX Consortium     ***
   ***                                      ***
   ***     Jesper Borg, Frederic Rousseau   ***
   ***    Joost Schymkowitz, Luis Serrano   ***
   ***    Peter Vanhee, Erik Verschueren    ***
   ***     Lies Baeten, Javier Delgado      ***
   ***       and Francois Stricher          ***
   *** and any other of the 9! permutations ***
   ***   based on an original concept by    ***
   ***   Raphael Guerois and Luis Serrano   ***
   ********************************************

1 models read: PTEN_2018.pdb
1 models read: PTEN_2018.pdb

BackHbond       =               -226.37
SideHbond       =               -75.43
Energy_VdW      =               -401.42
Electro         =               -29.03
Energy_SolvP    =               556.23
Energy_SolvH    =               -524.04
Energy_vdwclash =               33.14
energy_torsion  =               7.90
backbone_vdwclash=              169.85
Entropy_sidec   =               207.28
Entropy_mainc   =               605.00
water bonds     =               0.00
helix dipole    =               -1.33
loop_entropy    =               0.00
cis_bond        =               0.00
disulfide       =               0.00
kn electrostatic=               0.00
partial covalent interactions = 0.00
Energy_Ionisation =             2.75
Entropy Complex =               0.00
-----------------------------------------------------------
Total          = 				  154.68


BackHbond       =               -226.37
SideHbond       =               -75.43
Energy_VdW      =               -401.42
Electro         =               -29.03
Energy_SolvP    =               556.23
Energy_SolvH    =               -524.04
Energy_vdwclash =               33.14
energy_torsion  =               7.90
backbone_vdwclash=              169.85
Entropy_sidec   =               207.28
Entropy_mainc   =               605.00
water bonds     =               0.00
helix dipole    =               -1.33
loop_entropy    =               0.00
cis_bond        =               0.00
disulfide       =               0.00
kn electrostatic=               0.00
partial covalent interactions = 0.00
Energy_Ionisation =             2.75
Entropy Complex =               0.00
-----------------------------------------------------------
Total          = 				  154.68

Starting BuildModel
Reading KA402R;
Reading KA402S;
Reading KA402E;
Reading KA402A;
Reading VA403M;
Reading VA403I;
Reading VA403G;
Reading VA403E;
Reading VA403W;
Reading VA403A;
Residue to Mutate LYSA402 has residue index 401
Residue to Mutate LYSA402 has residue index 401
Residue to Mutate LYSA402 has residue index 401
Residue to Mutate LYSA402 has residue index 401
Residue to Mutate VALA403 has residue index 402
Residue to Mutate VALA403 has residue index 402
Residue to Mutate VALA403 has residue index 402
Residue to Mutate VALA403 has residue index 402
Residue to Mutate VALA403 has residue index 402
Residue to Mutate VALA403 has residue index 402
Mutating residue = LYSA402 into ARG
Mutating residue = LYSA402 into SER
Mutating residue = LYSA402 into GLU
Mutating residue = LYSA402 into ALA
Mutating residue = VALA403 into MET
Mutating residue = VALA403 into ILE
Mutating residue = VALA403 into GLY
Mutating residue = VALA403 into GLU
Mutating residue = VALA403 into TRP
Mutating residue = VALA403 into ALA
Your file run OK
End time of FoldX: Sat May  9 16:17:39 2026
Total time spend: 23.04 seconds.
validated file "PTEN_2018_1.pdb" => successfully finished
validated file "PTEN_2018_2.pdb" => successfully finished
validated file "PTEN_2018_3.pdb" => successfully finished
validated file "PTEN_2018_4.pdb" => successfully finished
validated file "PTEN_2018_5.pdb" => successfully finished
validated file "PTEN_2018_6.pdb" => successfully finished
validated file "PTEN_2018_7.pdb" => successfully finished
validated file "PTEN_2018_8.pdb" => successfully finished
validated file "PTEN_2018_9.pdb" => successfully finished
validated file "PTEN_2018_10.pdb" => successfully finished
Cleaning BuildModel...DONE
任务 146 结果提取成功，已映射突变信息。
