   ********************************************
   ***                                      ***
   ***             FoldX 5.1 (c)            ***
   ***                                      ***
   ***     code by the FoldX Consortium     ***
   ***                                      ***
   ***     Jesper Borg, Frederic Rousseau   ***
   ***    Joost Schymkowitz, Luis Serrano   ***
   ***    Peter Vanhee, Erik Verschueren    ***
   ***     Lies Baeten, Javier Delgado      ***
   ***       and Francois Stricher          ***
   *** and any other of the 9! permutations ***
   ***   based on an original concept by    ***
   ***   Raphael Guerois and Luis Serrano   ***
   ********************************************

1 models read: PTEN_2018.pdb
1 models read: PTEN_2018.pdb

BackHbond       =               -226.37
SideHbond       =               -75.43
Energy_VdW      =               -401.42
Electro         =               -29.03
Energy_SolvP    =               556.23
Energy_SolvH    =               -524.04
Energy_vdwclash =               33.14
energy_torsion  =               7.90
backbone_vdwclash=              169.85
Entropy_sidec   =               207.28
Entropy_mainc   =               605.00
water bonds     =               0.00
helix dipole    =               -1.33
loop_entropy    =               0.00
cis_bond        =               0.00
disulfide       =               0.00
kn electrostatic=               0.00
partial covalent interactions = 0.00
Energy_Ionisation =             2.75
Entropy Complex =               0.00
-----------------------------------------------------------
Total          = 				  154.68


BackHbond       =               -226.37
SideHbond       =               -75.43
Energy_VdW      =               -401.42
Electro         =               -29.03
Energy_SolvP    =               556.23
Energy_SolvH    =               -524.04
Energy_vdwclash =               33.14
energy_torsion  =               7.90
backbone_vdwclash=              169.85
Entropy_sidec   =               207.28
Entropy_mainc   =               605.00
water bonds     =               0.00
helix dipole    =               -1.33
loop_entropy    =               0.00
cis_bond        =               0.00
disulfide       =               0.00
kn electrostatic=               0.00
partial covalent interactions = 0.00
Energy_Ionisation =             2.75
Entropy Complex =               0.00
-----------------------------------------------------------
Total          = 				  154.68

Starting BuildModel
Reading PA204V;
Reading PA204T;
Reading PA204S;
Reading PA204R;
Reading PA204N;
Reading PA204M;
Reading PA204L;
Reading PA204K;
Reading PA204I;
Reading PA204H;
Reading PA204G;
Reading PA204F;
Reading PA204E;
Reading PA204D;
Reading PA204Q;
Reading PA204C;
Reading PA204A;
Reading MA205S;
Reading MA205A;
Reading MA205C;
Reading MA205D;
Reading MA205E;
Reading MA205F;
Reading MA205G;
Reading MA205I;
Reading MA205K;
Reading MA205L;
Reading MA205H;
Reading MA205P;
Reading MA205Y;
Reading MA205N;
Reading MA205V;
Reading MA205T;
Reading MA205W;
Reading MA205R;
Reading MA205Q;
Reading FA206N;
Reading FA206W;
Reading FA206Y;
Reading FA206T;
Reading FA206S;
Reading FA206R;
Reading FA206Q;
Reading FA206P;
Reading FA206V;
Reading FA206M;
Reading FA206G;
Reading FA206K;
Reading FA206I;
Reading FA206L;
Residue to Mutate PROA204 has residue index 203
Residue to Mutate PROA204 has residue index 203
Residue to Mutate PROA204 has residue index 203
Residue to Mutate PROA204 has residue index 203
Residue to Mutate PROA204 has residue index 203
Residue to Mutate PROA204 has residue index 203
Residue to Mutate PROA204 has residue index 203
Residue to Mutate PROA204 has residue index 203
Residue to Mutate PROA204 has residue index 203
Residue to Mutate PROA204 has residue index 203
Residue to Mutate PROA204 has residue index 203
Residue to Mutate PROA204 has residue index 203
Residue to Mutate PROA204 has residue index 203
Residue to Mutate PROA204 has residue index 203
Residue to Mutate PROA204 has residue index 203
Residue to Mutate PROA204 has residue index 203
Residue to Mutate PROA204 has residue index 203
Residue to Mutate META205 has residue index 204
Residue to Mutate META205 has residue index 204
Residue to Mutate META205 has residue index 204
Residue to Mutate META205 has residue index 204
Residue to Mutate META205 has residue index 204
Residue to Mutate META205 has residue index 204
Residue to Mutate META205 has residue index 204
Residue to Mutate META205 has residue index 204
Residue to Mutate META205 has residue index 204
Residue to Mutate META205 has residue index 204
Residue to Mutate META205 has residue index 204
Residue to Mutate META205 has residue index 204
Residue to Mutate META205 has residue index 204
Residue to Mutate META205 has residue index 204
Residue to Mutate META205 has residue index 204
Residue to Mutate META205 has residue index 204
Residue to Mutate META205 has residue index 204
Residue to Mutate META205 has residue index 204
Residue to Mutate META205 has residue index 204
Residue to Mutate PHEA206 has residue index 205
Residue to Mutate PHEA206 has residue index 205
Residue to Mutate PHEA206 has residue index 205
Residue to Mutate PHEA206 has residue index 205
Residue to Mutate PHEA206 has residue index 205
Residue to Mutate PHEA206 has residue index 205
Residue to Mutate PHEA206 has residue index 205
Residue to Mutate PHEA206 has residue index 205
Residue to Mutate PHEA206 has residue index 205
Residue to Mutate PHEA206 has residue index 205
Residue to Mutate PHEA206 has residue index 205
Residue to Mutate PHEA206 has residue index 205
Residue to Mutate PHEA206 has residue index 205
Residue to Mutate PHEA206 has residue index 205
Mutating residue = PROA204 into VAL
Mutating residue = PROA204 into THR
Mutating residue = PROA204 into SER
Mutating residue = PROA204 into ARG
Mutating residue = PROA204 into ASN
Mutating residue = PROA204 into MET
Mutating residue = PROA204 into LEU
Mutating residue = PROA204 into LYS
Mutating residue = PROA204 into ILE
Mutating residue = PROA204 into HIS
Mutating residue = PROA204 into GLY
Mutating residue = PROA204 into PHE
Mutating residue = PROA204 into GLU
Mutating residue = PROA204 into ASP
Mutating residue = PROA204 into GLN
Mutating residue = PROA204 into CYS
Mutating residue = PROA204 into ALA
Mutating residue = META205 into SER
Mutating residue = META205 into ALA
Mutating residue = META205 into CYS
Mutating residue = META205 into ASP
Mutating residue = META205 into GLU
Mutating residue = META205 into PHE
Mutating residue = META205 into GLY
Mutating residue = META205 into ILE
Mutating residue = META205 into LYS
Mutating residue = META205 into LEU
Mutating residue = META205 into HIS
Mutating residue = META205 into PRO
Mutating residue = META205 into TYR
Mutating residue = META205 into ASN
Mutating residue = META205 into VAL
Mutating residue = META205 into THR
Mutating residue = META205 into TRP
Mutating residue = META205 into ARG
Mutating residue = META205 into GLN
Mutating residue = PHEA206 into ASN
Mutating residue = PHEA206 into TRP
Mutating residue = PHEA206 into TYR
Mutating residue = PHEA206 into THR
Mutating residue = PHEA206 into SER
Mutating residue = PHEA206 into ARG
Mutating residue = PHEA206 into GLN
Mutating residue = PHEA206 into PRO
Mutating residue = PHEA206 into VAL
Mutating residue = PHEA206 into MET
Mutating residue = PHEA206 into GLY
Mutating residue = PHEA206 into LYS
Mutating residue = PHEA206 into ILE
Mutating residue = PHEA206 into LEU
Your file run OK
End time of FoldX: Sat May  9 16:23:02 2026
Total time spend: 345.37 seconds.
validated file "PTEN_2018_1.pdb" => successfully finished
validated file "PTEN_2018_2.pdb" => successfully finished
validated file "PTEN_2018_3.pdb" => successfully finished
validated file "PTEN_2018_4.pdb" => successfully finished
validated file "PTEN_2018_5.pdb" => successfully finished
validated file "PTEN_2018_6.pdb" => successfully finished
validated file "PTEN_2018_7.pdb" => successfully finished
validated file "PTEN_2018_8.pdb" => successfully finished
validated file "PTEN_2018_9.pdb" => successfully finished
validated file "PTEN_2018_10.pdb" => successfully finished
validated file "PTEN_2018_11.pdb" => successfully finished
validated file "PTEN_2018_12.pdb" => successfully finished
validated file "PTEN_2018_13.pdb" => successfully finished
validated file "PTEN_2018_14.pdb" => successfully finished
validated file "PTEN_2018_15.pdb" => successfully finished
validated file "PTEN_2018_16.pdb" => successfully finished
validated file "PTEN_2018_17.pdb" => successfully finished
validated file "PTEN_2018_18.pdb" => successfully finished
validated file "PTEN_2018_19.pdb" => successfully finished
validated file "PTEN_2018_20.pdb" => successfully finished
validated file "PTEN_2018_21.pdb" => successfully finished
validated file "PTEN_2018_22.pdb" => successfully finished
validated file "PTEN_2018_23.pdb" => successfully finished
validated file "PTEN_2018_24.pdb" => successfully finished
validated file "PTEN_2018_25.pdb" => successfully finished
validated file "PTEN_2018_26.pdb" => successfully finished
validated file "PTEN_2018_27.pdb" => successfully finished
validated file "PTEN_2018_28.pdb" => successfully finished
validated file "PTEN_2018_29.pdb" => successfully finished
validated file "PTEN_2018_30.pdb" => successfully finished
validated file "PTEN_2018_31.pdb" => successfully finished
validated file "PTEN_2018_32.pdb" => successfully finished
validated file "PTEN_2018_33.pdb" => successfully finished
validated file "PTEN_2018_34.pdb" => successfully finished
validated file "PTEN_2018_35.pdb" => successfully finished
validated file "PTEN_2018_36.pdb" => successfully finished
validated file "PTEN_2018_37.pdb" => successfully finished
validated file "PTEN_2018_38.pdb" => successfully finished
validated file "PTEN_2018_39.pdb" => successfully finished
validated file "PTEN_2018_40.pdb" => successfully finished
validated file "PTEN_2018_41.pdb" => successfully finished
validated file "PTEN_2018_42.pdb" => successfully finished
validated file "PTEN_2018_43.pdb" => successfully finished
validated file "PTEN_2018_44.pdb" => successfully finished
validated file "PTEN_2018_45.pdb" => successfully finished
validated file "PTEN_2018_46.pdb" => successfully finished
validated file "PTEN_2018_47.pdb" => successfully finished
validated file "PTEN_2018_48.pdb" => successfully finished
validated file "PTEN_2018_49.pdb" => successfully finished
validated file "PTEN_2018_50.pdb" => successfully finished
Cleaning BuildModel...DONE
任务 76 结果提取成功，已映射突变信息。
