   ********************************************
   ***                                      ***
   ***             FoldX 5.1 (c)            ***
   ***                                      ***
   ***     code by the FoldX Consortium     ***
   ***                                      ***
   ***     Jesper Borg, Frederic Rousseau   ***
   ***    Joost Schymkowitz, Luis Serrano   ***
   ***    Peter Vanhee, Erik Verschueren    ***
   ***     Lies Baeten, Javier Delgado      ***
   ***       and Francois Stricher          ***
   *** and any other of the 9! permutations ***
   ***   based on an original concept by    ***
   ***   Raphael Guerois and Luis Serrano   ***
   ********************************************

1 models read: PTEN_2018.pdb
1 models read: PTEN_2018.pdb

BackHbond       =               -226.37
SideHbond       =               -75.43
Energy_VdW      =               -401.42
Electro         =               -29.03
Energy_SolvP    =               556.23
Energy_SolvH    =               -524.04
Energy_vdwclash =               33.14
energy_torsion  =               7.90
backbone_vdwclash=              169.85
Entropy_sidec   =               207.28
Entropy_mainc   =               605.00
water bonds     =               0.00
helix dipole    =               -1.33
loop_entropy    =               0.00
cis_bond        =               0.00
disulfide       =               0.00
kn electrostatic=               0.00
partial covalent interactions = 0.00
Energy_Ionisation =             2.75
Entropy Complex =               0.00
-----------------------------------------------------------
Total          = 				  154.68


BackHbond       =               -226.37
SideHbond       =               -75.43
Energy_VdW      =               -401.42
Electro         =               -29.03
Energy_SolvP    =               556.23
Energy_SolvH    =               -524.04
Energy_vdwclash =               33.14
energy_torsion  =               7.90
backbone_vdwclash=              169.85
Entropy_sidec   =               207.28
Entropy_mainc   =               605.00
water bonds     =               0.00
helix dipole    =               -1.33
loop_entropy    =               0.00
cis_bond        =               0.00
disulfide       =               0.00
kn electrostatic=               0.00
partial covalent interactions = 0.00
Energy_Ionisation =             2.75
Entropy Complex =               0.00
-----------------------------------------------------------
Total          = 				  154.68

Starting BuildModel
Reading DA395Q;
Reading DA395L;
Reading DA395H;
Reading DA395G;
Reading DA395F;
Reading DA395E;
Reading DA395C;
Reading DA395A;
Reading DA395I;
Reading QA396Y;
Reading QA396W;
Reading QA396V;
Reading QA396T;
Reading QA396S;
Reading QA396R;
Reading QA396P;
Reading QA396N;
Reading QA396M;
Reading QA396I;
Reading QA396K;
Reading QA396H;
Reading QA396G;
Reading QA396F;
Reading QA396E;
Reading QA396D;
Reading QA396C;
Reading QA396A;
Reading QA396L;
Reading HA397Y;
Reading HA397S;
Reading HA397I;
Reading HA397C;
Reading HA397D;
Reading HA397V;
Reading HA397T;
Reading HA397E;
Reading HA397F;
Reading HA397G;
Reading HA397W;
Reading HA397K;
Reading HA397L;
Reading HA397M;
Reading HA397N;
Reading HA397P;
Reading HA397Q;
Reading HA397R;
Reading HA397A;
Reading TA398Y;
Reading TA398C;
Reading TA398E;
Residue to Mutate ASPA395 has residue index 394
Residue to Mutate ASPA395 has residue index 394
Residue to Mutate ASPA395 has residue index 394
Residue to Mutate ASPA395 has residue index 394
Residue to Mutate ASPA395 has residue index 394
Residue to Mutate ASPA395 has residue index 394
Residue to Mutate ASPA395 has residue index 394
Residue to Mutate ASPA395 has residue index 394
Residue to Mutate ASPA395 has residue index 394
Residue to Mutate GLNA396 has residue index 395
Residue to Mutate GLNA396 has residue index 395
Residue to Mutate GLNA396 has residue index 395
Residue to Mutate GLNA396 has residue index 395
Residue to Mutate GLNA396 has residue index 395
Residue to Mutate GLNA396 has residue index 395
Residue to Mutate GLNA396 has residue index 395
Residue to Mutate GLNA396 has residue index 395
Residue to Mutate GLNA396 has residue index 395
Residue to Mutate GLNA396 has residue index 395
Residue to Mutate GLNA396 has residue index 395
Residue to Mutate GLNA396 has residue index 395
Residue to Mutate GLNA396 has residue index 395
Residue to Mutate GLNA396 has residue index 395
Residue to Mutate GLNA396 has residue index 395
Residue to Mutate GLNA396 has residue index 395
Residue to Mutate GLNA396 has residue index 395
Residue to Mutate GLNA396 has residue index 395
Residue to Mutate GLNA396 has residue index 395
Residue to Mutate HISA397 has residue index 396
Residue to Mutate HISA397 has residue index 396
Residue to Mutate HISA397 has residue index 396
Residue to Mutate HISA397 has residue index 396
Residue to Mutate HISA397 has residue index 396
Residue to Mutate HISA397 has residue index 396
Residue to Mutate HISA397 has residue index 396
Residue to Mutate HISA397 has residue index 396
Residue to Mutate HISA397 has residue index 396
Residue to Mutate HISA397 has residue index 396
Residue to Mutate HISA397 has residue index 396
Residue to Mutate HISA397 has residue index 396
Residue to Mutate HISA397 has residue index 396
Residue to Mutate HISA397 has residue index 396
Residue to Mutate HISA397 has residue index 396
Residue to Mutate HISA397 has residue index 396
Residue to Mutate HISA397 has residue index 396
Residue to Mutate HISA397 has residue index 396
Residue to Mutate HISA397 has residue index 396
Residue to Mutate THRA398 has residue index 397
Residue to Mutate THRA398 has residue index 397
Residue to Mutate THRA398 has residue index 397
Mutating residue = ASPA395 into GLN
Mutating residue = ASPA395 into LEU
Mutating residue = ASPA395 into HIS
Mutating residue = ASPA395 into GLY
Mutating residue = ASPA395 into PHE
Mutating residue = ASPA395 into GLU
Mutating residue = ASPA395 into CYS
Mutating residue = ASPA395 into ALA
Mutating residue = ASPA395 into ILE
Mutating residue = GLNA396 into TYR
Mutating residue = GLNA396 into TRP
Mutating residue = GLNA396 into VAL
Mutating residue = GLNA396 into THR
Mutating residue = GLNA396 into SER
Mutating residue = GLNA396 into ARG
Mutating residue = GLNA396 into PRO
Mutating residue = GLNA396 into ASN
Mutating residue = GLNA396 into MET
Mutating residue = GLNA396 into ILE
Mutating residue = GLNA396 into LYS
Mutating residue = GLNA396 into HIS
Mutating residue = GLNA396 into GLY
Mutating residue = GLNA396 into PHE
Mutating residue = GLNA396 into GLU
Mutating residue = GLNA396 into ASP
Mutating residue = GLNA396 into CYS
Mutating residue = GLNA396 into ALA
Mutating residue = GLNA396 into LEU
Mutating residue = H1SA397 into TYR
Mutating residue = H1SA397 into SER
Mutating residue = H1SA397 into ILE
Mutating residue = H1SA397 into CYS
Mutating residue = H1SA397 into ASP
Mutating residue = H1SA397 into VAL
Mutating residue = H1SA397 into THR
Mutating residue = H1SA397 into GLU
Mutating residue = H1SA397 into PHE
Mutating residue = H1SA397 into GLY
Mutating residue = H1SA397 into TRP
Mutating residue = H1SA397 into LYS
Mutating residue = H1SA397 into LEU
Mutating residue = H1SA397 into MET
Mutating residue = H1SA397 into ASN
Mutating residue = H1SA397 into PRO
Mutating residue = H1SA397 into GLN
Mutating residue = H1SA397 into ARG
Mutating residue = H1SA397 into ALA
Mutating residue = THRA398 into TYR
Mutating residue = THRA398 into CYS
Mutating residue = THRA398 into GLU
Your file run OK
End time of FoldX: Sat May  9 16:18:43 2026
Total time spend: 85.53 seconds.
validated file "PTEN_2018_1.pdb" => successfully finished
validated file "PTEN_2018_2.pdb" => successfully finished
validated file "PTEN_2018_3.pdb" => successfully finished
validated file "PTEN_2018_4.pdb" => successfully finished
validated file "PTEN_2018_5.pdb" => successfully finished
validated file "PTEN_2018_6.pdb" => successfully finished
validated file "PTEN_2018_7.pdb" => successfully finished
validated file "PTEN_2018_8.pdb" => successfully finished
validated file "PTEN_2018_9.pdb" => successfully finished
validated file "PTEN_2018_10.pdb" => successfully finished
validated file "PTEN_2018_11.pdb" => successfully finished
validated file "PTEN_2018_12.pdb" => successfully finished
validated file "PTEN_2018_13.pdb" => successfully finished
validated file "PTEN_2018_14.pdb" => successfully finished
validated file "PTEN_2018_15.pdb" => successfully finished
validated file "PTEN_2018_16.pdb" => successfully finished
validated file "PTEN_2018_17.pdb" => successfully finished
validated file "PTEN_2018_18.pdb" => successfully finished
validated file "PTEN_2018_19.pdb" => successfully finished
validated file "PTEN_2018_20.pdb" => successfully finished
validated file "PTEN_2018_21.pdb" => successfully finished
validated file "PTEN_2018_22.pdb" => successfully finished
validated file "PTEN_2018_23.pdb" => successfully finished
validated file "PTEN_2018_24.pdb" => successfully finished
validated file "PTEN_2018_25.pdb" => successfully finished
validated file "PTEN_2018_26.pdb" => successfully finished
validated file "PTEN_2018_27.pdb" => successfully finished
validated file "PTEN_2018_28.pdb" => successfully finished
validated file "PTEN_2018_29.pdb" => successfully finished
validated file "PTEN_2018_30.pdb" => successfully finished
validated file "PTEN_2018_31.pdb" => successfully finished
validated file "PTEN_2018_32.pdb" => successfully finished
validated file "PTEN_2018_33.pdb" => successfully finished
validated file "PTEN_2018_34.pdb" => successfully finished
validated file "PTEN_2018_35.pdb" => successfully finished
validated file "PTEN_2018_36.pdb" => successfully finished
validated file "PTEN_2018_37.pdb" => successfully finished
validated file "PTEN_2018_38.pdb" => successfully finished
validated file "PTEN_2018_39.pdb" => successfully finished
validated file "PTEN_2018_40.pdb" => successfully finished
validated file "PTEN_2018_41.pdb" => successfully finished
validated file "PTEN_2018_42.pdb" => successfully finished
validated file "PTEN_2018_43.pdb" => successfully finished
validated file "PTEN_2018_44.pdb" => successfully finished
validated file "PTEN_2018_45.pdb" => successfully finished
validated file "PTEN_2018_46.pdb" => successfully finished
validated file "PTEN_2018_47.pdb" => successfully finished
validated file "PTEN_2018_48.pdb" => successfully finished
validated file "PTEN_2018_49.pdb" => successfully finished
validated file "PTEN_2018_50.pdb" => successfully finished
Cleaning BuildModel...DONE
任务 144 结果提取成功，已映射突变信息。
