   ********************************************
   ***                                      ***
   ***             FoldX 5.1 (c)            ***
   ***                                      ***
   ***     code by the FoldX Consortium     ***
   ***                                      ***
   ***     Jesper Borg, Frederic Rousseau   ***
   ***    Joost Schymkowitz, Luis Serrano   ***
   ***    Peter Vanhee, Erik Verschueren    ***
   ***     Lies Baeten, Javier Delgado      ***
   ***       and Francois Stricher          ***
   *** and any other of the 9! permutations ***
   ***   based on an original concept by    ***
   ***   Raphael Guerois and Luis Serrano   ***
   ********************************************

1 models read: PTEN_2018.pdb
1 models read: PTEN_2018.pdb

BackHbond       =               -226.37
SideHbond       =               -75.43
Energy_VdW      =               -401.42
Electro         =               -29.03
Energy_SolvP    =               556.23
Energy_SolvH    =               -524.04
Energy_vdwclash =               33.14
energy_torsion  =               7.90
backbone_vdwclash=              169.85
Entropy_sidec   =               207.28
Entropy_mainc   =               605.00
water bonds     =               0.00
helix dipole    =               -1.33
loop_entropy    =               0.00
cis_bond        =               0.00
disulfide       =               0.00
kn electrostatic=               0.00
partial covalent interactions = 0.00
Energy_Ionisation =             2.75
Entropy Complex =               0.00
-----------------------------------------------------------
Total          = 				  154.68


BackHbond       =               -226.37
SideHbond       =               -75.43
Energy_VdW      =               -401.42
Electro         =               -29.03
Energy_SolvP    =               556.23
Energy_SolvH    =               -524.04
Energy_vdwclash =               33.14
energy_torsion  =               7.90
backbone_vdwclash=              169.85
Entropy_sidec   =               207.28
Entropy_mainc   =               605.00
water bonds     =               0.00
helix dipole    =               -1.33
loop_entropy    =               0.00
cis_bond        =               0.00
disulfide       =               0.00
kn electrostatic=               0.00
partial covalent interactions = 0.00
Energy_Ionisation =             2.75
Entropy Complex =               0.00
-----------------------------------------------------------
Total          = 				  154.68

Starting BuildModel
Reading PA103H;
Reading PA103I;
Reading PA103K;
Reading PA103C;
Reading PA103M;
Reading PA103N;
Reading PA103Q;
Reading PA103R;
Reading PA103S;
Reading PA103T;
Reading PA103V;
Reading PA103L;
Reading FA104H;
Reading FA104I;
Reading FA104K;
Reading FA104L;
Reading FA104M;
Reading FA104N;
Reading FA104P;
Reading FA104T;
Reading FA104R;
Reading FA104S;
Reading FA104V;
Reading FA104W;
Reading FA104Y;
Reading FA104G;
Reading FA104Q;
Reading FA104A;
Reading FA104C;
Reading FA104D;
Reading FA104E;
Reading CA105Q;
Reading CA105E;
Reading CA105F;
Reading CA105G;
Reading CA105H;
Reading CA105I;
Reading CA105K;
Reading CA105L;
Reading CA105M;
Reading CA105N;
Reading CA105P;
Reading CA105R;
Reading CA105S;
Reading CA105T;
Reading CA105V;
Reading CA105D;
Reading CA105A;
Reading CA105Y;
Reading CA105W;
Residue to Mutate PROA103 has residue index 102
Residue to Mutate PROA103 has residue index 102
Residue to Mutate PROA103 has residue index 102
Residue to Mutate PROA103 has residue index 102
Residue to Mutate PROA103 has residue index 102
Residue to Mutate PROA103 has residue index 102
Residue to Mutate PROA103 has residue index 102
Residue to Mutate PROA103 has residue index 102
Residue to Mutate PROA103 has residue index 102
Residue to Mutate PROA103 has residue index 102
Residue to Mutate PROA103 has residue index 102
Residue to Mutate PROA103 has residue index 102
Residue to Mutate PHEA104 has residue index 103
Residue to Mutate PHEA104 has residue index 103
Residue to Mutate PHEA104 has residue index 103
Residue to Mutate PHEA104 has residue index 103
Residue to Mutate PHEA104 has residue index 103
Residue to Mutate PHEA104 has residue index 103
Residue to Mutate PHEA104 has residue index 103
Residue to Mutate PHEA104 has residue index 103
Residue to Mutate PHEA104 has residue index 103
Residue to Mutate PHEA104 has residue index 103
Residue to Mutate PHEA104 has residue index 103
Residue to Mutate PHEA104 has residue index 103
Residue to Mutate PHEA104 has residue index 103
Residue to Mutate PHEA104 has residue index 103
Residue to Mutate PHEA104 has residue index 103
Residue to Mutate PHEA104 has residue index 103
Residue to Mutate PHEA104 has residue index 103
Residue to Mutate PHEA104 has residue index 103
Residue to Mutate PHEA104 has residue index 103
Residue to Mutate CYSA105 has residue index 104
Residue to Mutate CYSA105 has residue index 104
Residue to Mutate CYSA105 has residue index 104
Residue to Mutate CYSA105 has residue index 104
Residue to Mutate CYSA105 has residue index 104
Residue to Mutate CYSA105 has residue index 104
Residue to Mutate CYSA105 has residue index 104
Residue to Mutate CYSA105 has residue index 104
Residue to Mutate CYSA105 has residue index 104
Residue to Mutate CYSA105 has residue index 104
Residue to Mutate CYSA105 has residue index 104
Residue to Mutate CYSA105 has residue index 104
Residue to Mutate CYSA105 has residue index 104
Residue to Mutate CYSA105 has residue index 104
Residue to Mutate CYSA105 has residue index 104
Residue to Mutate CYSA105 has residue index 104
Residue to Mutate CYSA105 has residue index 104
Residue to Mutate CYSA105 has residue index 104
Residue to Mutate CYSA105 has residue index 104
Mutating residue = PROA103 into HIS
Mutating residue = PROA103 into ILE
Mutating residue = PROA103 into LYS
Mutating residue = PROA103 into CYS
Mutating residue = PROA103 into MET
Mutating residue = PROA103 into ASN
Mutating residue = PROA103 into GLN
Mutating residue = PROA103 into ARG
Mutating residue = PROA103 into SER
Mutating residue = PROA103 into THR
Mutating residue = PROA103 into VAL
Mutating residue = PROA103 into LEU
Mutating residue = PHEA104 into HIS
Mutating residue = PHEA104 into ILE
Mutating residue = PHEA104 into LYS
Mutating residue = PHEA104 into LEU
Mutating residue = PHEA104 into MET
Mutating residue = PHEA104 into ASN
Mutating residue = PHEA104 into PRO
Mutating residue = PHEA104 into THR
Mutating residue = PHEA104 into ARG
Mutating residue = PHEA104 into SER
Mutating residue = PHEA104 into VAL
Mutating residue = PHEA104 into TRP
Mutating residue = PHEA104 into TYR
Mutating residue = PHEA104 into GLY
Mutating residue = PHEA104 into GLN
Mutating residue = PHEA104 into ALA
Mutating residue = PHEA104 into CYS
Mutating residue = PHEA104 into ASP
Mutating residue = PHEA104 into GLU
Mutating residue = CYSA105 into GLN
Mutating residue = CYSA105 into GLU
Mutating residue = CYSA105 into PHE
Mutating residue = CYSA105 into GLY
Mutating residue = CYSA105 into HIS
Mutating residue = CYSA105 into ILE
Mutating residue = CYSA105 into LYS
Mutating residue = CYSA105 into LEU
Mutating residue = CYSA105 into MET
Mutating residue = CYSA105 into ASN
Mutating residue = CYSA105 into PRO
Mutating residue = CYSA105 into ARG
Mutating residue = CYSA105 into SER
Mutating residue = CYSA105 into THR
Mutating residue = CYSA105 into VAL
Mutating residue = CYSA105 into ASP
Mutating residue = CYSA105 into ALA
Mutating residue = CYSA105 into TYR
Mutating residue = CYSA105 into TRP
Your file run OK
End time of FoldX: Sat May  9 16:28:55 2026
Total time spend: 699.57 seconds.
validated file "PTEN_2018_1.pdb" => successfully finished
validated file "PTEN_2018_2.pdb" => successfully finished
validated file "PTEN_2018_3.pdb" => successfully finished
validated file "PTEN_2018_4.pdb" => successfully finished
validated file "PTEN_2018_5.pdb" => successfully finished
validated file "PTEN_2018_6.pdb" => successfully finished
validated file "PTEN_2018_7.pdb" => successfully finished
validated file "PTEN_2018_8.pdb" => successfully finished
validated file "PTEN_2018_9.pdb" => successfully finished
validated file "PTEN_2018_10.pdb" => successfully finished
validated file "PTEN_2018_11.pdb" => successfully finished
validated file "PTEN_2018_12.pdb" => successfully finished
validated file "PTEN_2018_13.pdb" => successfully finished
validated file "PTEN_2018_14.pdb" => successfully finished
validated file "PTEN_2018_15.pdb" => successfully finished
validated file "PTEN_2018_16.pdb" => successfully finished
validated file "PTEN_2018_17.pdb" => successfully finished
validated file "PTEN_2018_18.pdb" => successfully finished
validated file "PTEN_2018_19.pdb" => successfully finished
validated file "PTEN_2018_20.pdb" => successfully finished
validated file "PTEN_2018_21.pdb" => successfully finished
validated file "PTEN_2018_22.pdb" => successfully finished
validated file "PTEN_2018_23.pdb" => successfully finished
validated file "PTEN_2018_24.pdb" => successfully finished
validated file "PTEN_2018_25.pdb" => successfully finished
validated file "PTEN_2018_26.pdb" => successfully finished
validated file "PTEN_2018_27.pdb" => successfully finished
validated file "PTEN_2018_28.pdb" => successfully finished
validated file "PTEN_2018_29.pdb" => successfully finished
validated file "PTEN_2018_30.pdb" => successfully finished
validated file "PTEN_2018_31.pdb" => successfully finished
validated file "PTEN_2018_32.pdb" => successfully finished
validated file "PTEN_2018_33.pdb" => successfully finished
validated file "PTEN_2018_34.pdb" => successfully finished
validated file "PTEN_2018_35.pdb" => successfully finished
validated file "PTEN_2018_36.pdb" => successfully finished
validated file "PTEN_2018_37.pdb" => successfully finished
validated file "PTEN_2018_38.pdb" => successfully finished
validated file "PTEN_2018_39.pdb" => successfully finished
validated file "PTEN_2018_40.pdb" => successfully finished
validated file "PTEN_2018_41.pdb" => successfully finished
validated file "PTEN_2018_42.pdb" => successfully finished
validated file "PTEN_2018_43.pdb" => successfully finished
validated file "PTEN_2018_44.pdb" => successfully finished
validated file "PTEN_2018_45.pdb" => successfully finished
validated file "PTEN_2018_46.pdb" => successfully finished
validated file "PTEN_2018_47.pdb" => successfully finished
validated file "PTEN_2018_48.pdb" => successfully finished
validated file "PTEN_2018_49.pdb" => successfully finished
validated file "PTEN_2018_50.pdb" => successfully finished
Cleaning BuildModel...DONE
任务 38 结果提取成功，已映射突变信息。
