   ********************************************
   ***                                      ***
   ***             FoldX 5.1 (c)            ***
   ***                                      ***
   ***     code by the FoldX Consortium     ***
   ***                                      ***
   ***     Jesper Borg, Frederic Rousseau   ***
   ***    Joost Schymkowitz, Luis Serrano   ***
   ***    Peter Vanhee, Erik Verschueren    ***
   ***     Lies Baeten, Javier Delgado      ***
   ***       and Francois Stricher          ***
   *** and any other of the 9! permutations ***
   ***   based on an original concept by    ***
   ***   Raphael Guerois and Luis Serrano   ***
   ********************************************

1 models read: PTEN_2018.pdb
1 models read: PTEN_2018.pdb

BackHbond       =               -226.37
SideHbond       =               -75.43
Energy_VdW      =               -401.42
Electro         =               -29.03
Energy_SolvP    =               556.23
Energy_SolvH    =               -524.04
Energy_vdwclash =               33.14
energy_torsion  =               7.90
backbone_vdwclash=              169.85
Entropy_sidec   =               207.28
Entropy_mainc   =               605.00
water bonds     =               0.00
helix dipole    =               -1.33
loop_entropy    =               0.00
cis_bond        =               0.00
disulfide       =               0.00
kn electrostatic=               0.00
partial covalent interactions = 0.00
Energy_Ionisation =             2.75
Entropy Complex =               0.00
-----------------------------------------------------------
Total          = 				  154.68


BackHbond       =               -226.37
SideHbond       =               -75.43
Energy_VdW      =               -401.42
Electro         =               -29.03
Energy_SolvP    =               556.23
Energy_SolvH    =               -524.04
Energy_vdwclash =               33.14
energy_torsion  =               7.90
backbone_vdwclash=              169.85
Entropy_sidec   =               207.28
Entropy_mainc   =               605.00
water bonds     =               0.00
helix dipole    =               -1.33
loop_entropy    =               0.00
cis_bond        =               0.00
disulfide       =               0.00
kn electrostatic=               0.00
partial covalent interactions = 0.00
Energy_Ionisation =             2.75
Entropy Complex =               0.00
-----------------------------------------------------------
Total          = 				  154.68

Starting BuildModel
Reading TA398F;
Reading TA398G;
Reading TA398I;
Reading TA398K;
Reading TA398L;
Reading TA398M;
Reading TA398N;
Reading TA398P;
Reading TA398Q;
Reading TA398R;
Reading TA398S;
Reading TA398V;
Reading TA398W;
Reading TA398A;
Reading TA398H;
Reading QA399M;
Reading QA399C;
Reading QA399A;
Reading QA399T;
Reading QA399S;
Reading QA399P;
Reading QA399N;
Reading QA399L;
Reading QA399Y;
Reading QA399I;
Reading QA399G;
Reading QA399F;
Reading QA399E;
Reading QA399D;
Reading QA399K;
Reading IA400L;
Reading IA400D;
Reading IA400F;
Reading IA400M;
Reading IA400G;
Reading IA400P;
Reading IA400R;
Reading IA400S;
Reading IA400W;
Reading IA400Y;
Reading IA400N;
Reading TA401R;
Reading TA401P;
Reading TA401N;
Reading TA401F;
Reading TA401D;
Reading TA401C;
Reading KA402F;
Reading KA402N;
Reading KA402Q;
Residue to Mutate THRA398 has residue index 397
Residue to Mutate THRA398 has residue index 397
Residue to Mutate THRA398 has residue index 397
Residue to Mutate THRA398 has residue index 397
Residue to Mutate THRA398 has residue index 397
Residue to Mutate THRA398 has residue index 397
Residue to Mutate THRA398 has residue index 397
Residue to Mutate THRA398 has residue index 397
Residue to Mutate THRA398 has residue index 397
Residue to Mutate THRA398 has residue index 397
Residue to Mutate THRA398 has residue index 397
Residue to Mutate THRA398 has residue index 397
Residue to Mutate THRA398 has residue index 397
Residue to Mutate THRA398 has residue index 397
Residue to Mutate THRA398 has residue index 397
Residue to Mutate GLNA399 has residue index 398
Residue to Mutate GLNA399 has residue index 398
Residue to Mutate GLNA399 has residue index 398
Residue to Mutate GLNA399 has residue index 398
Residue to Mutate GLNA399 has residue index 398
Residue to Mutate GLNA399 has residue index 398
Residue to Mutate GLNA399 has residue index 398
Residue to Mutate GLNA399 has residue index 398
Residue to Mutate GLNA399 has residue index 398
Residue to Mutate GLNA399 has residue index 398
Residue to Mutate GLNA399 has residue index 398
Residue to Mutate GLNA399 has residue index 398
Residue to Mutate GLNA399 has residue index 398
Residue to Mutate GLNA399 has residue index 398
Residue to Mutate GLNA399 has residue index 398
Residue to Mutate ILEA400 has residue index 399
Residue to Mutate ILEA400 has residue index 399
Residue to Mutate ILEA400 has residue index 399
Residue to Mutate ILEA400 has residue index 399
Residue to Mutate ILEA400 has residue index 399
Residue to Mutate ILEA400 has residue index 399
Residue to Mutate ILEA400 has residue index 399
Residue to Mutate ILEA400 has residue index 399
Residue to Mutate ILEA400 has residue index 399
Residue to Mutate ILEA400 has residue index 399
Residue to Mutate ILEA400 has residue index 399
Residue to Mutate THRA401 has residue index 400
Residue to Mutate THRA401 has residue index 400
Residue to Mutate THRA401 has residue index 400
Residue to Mutate THRA401 has residue index 400
Residue to Mutate THRA401 has residue index 400
Residue to Mutate THRA401 has residue index 400
Residue to Mutate LYSA402 has residue index 401
Residue to Mutate LYSA402 has residue index 401
Residue to Mutate LYSA402 has residue index 401
Mutating residue = THRA398 into PHE
Mutating residue = THRA398 into GLY
Mutating residue = THRA398 into ILE
Mutating residue = THRA398 into LYS
Mutating residue = THRA398 into LEU
Mutating residue = THRA398 into MET
Mutating residue = THRA398 into ASN
Mutating residue = THRA398 into PRO
Mutating residue = THRA398 into GLN
Mutating residue = THRA398 into ARG
Mutating residue = THRA398 into SER
Mutating residue = THRA398 into VAL
Mutating residue = THRA398 into TRP
Mutating residue = THRA398 into ALA
Mutating residue = THRA398 into HIS
Mutating residue = GLNA399 into MET
Mutating residue = GLNA399 into CYS
Mutating residue = GLNA399 into ALA
Mutating residue = GLNA399 into THR
Mutating residue = GLNA399 into SER
Mutating residue = GLNA399 into PRO
Mutating residue = GLNA399 into ASN
Mutating residue = GLNA399 into LEU
Mutating residue = GLNA399 into TYR
Mutating residue = GLNA399 into ILE
Mutating residue = GLNA399 into GLY
Mutating residue = GLNA399 into PHE
Mutating residue = GLNA399 into GLU
Mutating residue = GLNA399 into ASP
Mutating residue = GLNA399 into LYS
Mutating residue = ILEA400 into LEU
Mutating residue = ILEA400 into ASP
Mutating residue = ILEA400 into PHE
Mutating residue = ILEA400 into MET
Mutating residue = ILEA400 into GLY
Mutating residue = ILEA400 into PRO
Mutating residue = ILEA400 into ARG
Mutating residue = ILEA400 into SER
Mutating residue = ILEA400 into TRP
Mutating residue = ILEA400 into TYR
Mutating residue = ILEA400 into ASN
Mutating residue = THRA401 into ARG
Mutating residue = THRA401 into PRO
Mutating residue = THRA401 into ASN
Mutating residue = THRA401 into PHE
Mutating residue = THRA401 into ASP
Mutating residue = THRA401 into CYS
Mutating residue = LYSA402 into PHE
Mutating residue = LYSA402 into ASN
Mutating residue = LYSA402 into GLN
Your file run OK
End time of FoldX: Sat May  9 16:18:28 2026
Total time spend: 72.06 seconds.
validated file "PTEN_2018_1.pdb" => successfully finished
validated file "PTEN_2018_2.pdb" => successfully finished
validated file "PTEN_2018_3.pdb" => successfully finished
validated file "PTEN_2018_4.pdb" => successfully finished
validated file "PTEN_2018_5.pdb" => successfully finished
validated file "PTEN_2018_6.pdb" => successfully finished
validated file "PTEN_2018_7.pdb" => successfully finished
validated file "PTEN_2018_8.pdb" => successfully finished
validated file "PTEN_2018_9.pdb" => successfully finished
validated file "PTEN_2018_10.pdb" => successfully finished
validated file "PTEN_2018_11.pdb" => successfully finished
validated file "PTEN_2018_12.pdb" => successfully finished
validated file "PTEN_2018_13.pdb" => successfully finished
validated file "PTEN_2018_14.pdb" => successfully finished
validated file "PTEN_2018_15.pdb" => successfully finished
validated file "PTEN_2018_16.pdb" => successfully finished
validated file "PTEN_2018_17.pdb" => successfully finished
validated file "PTEN_2018_18.pdb" => successfully finished
validated file "PTEN_2018_19.pdb" => successfully finished
validated file "PTEN_2018_20.pdb" => successfully finished
validated file "PTEN_2018_21.pdb" => successfully finished
validated file "PTEN_2018_22.pdb" => successfully finished
validated file "PTEN_2018_23.pdb" => successfully finished
validated file "PTEN_2018_24.pdb" => successfully finished
validated file "PTEN_2018_25.pdb" => successfully finished
validated file "PTEN_2018_26.pdb" => successfully finished
validated file "PTEN_2018_27.pdb" => successfully finished
validated file "PTEN_2018_28.pdb" => successfully finished
validated file "PTEN_2018_29.pdb" => successfully finished
validated file "PTEN_2018_30.pdb" => successfully finished
validated file "PTEN_2018_31.pdb" => successfully finished
validated file "PTEN_2018_32.pdb" => successfully finished
validated file "PTEN_2018_33.pdb" => successfully finished
validated file "PTEN_2018_34.pdb" => successfully finished
validated file "PTEN_2018_35.pdb" => successfully finished
validated file "PTEN_2018_36.pdb" => successfully finished
validated file "PTEN_2018_37.pdb" => successfully finished
validated file "PTEN_2018_38.pdb" => successfully finished
validated file "PTEN_2018_39.pdb" => successfully finished
validated file "PTEN_2018_40.pdb" => successfully finished
validated file "PTEN_2018_41.pdb" => successfully finished
validated file "PTEN_2018_42.pdb" => successfully finished
validated file "PTEN_2018_43.pdb" => successfully finished
validated file "PTEN_2018_44.pdb" => successfully finished
validated file "PTEN_2018_45.pdb" => successfully finished
validated file "PTEN_2018_46.pdb" => successfully finished
validated file "PTEN_2018_47.pdb" => successfully finished
validated file "PTEN_2018_48.pdb" => successfully finished
validated file "PTEN_2018_49.pdb" => successfully finished
validated file "PTEN_2018_50.pdb" => successfully finished
Cleaning BuildModel...DONE
任务 145 结果提取成功，已映射突变信息。
