   ********************************************
   ***                                      ***
   ***             FoldX 5.1 (c)            ***
   ***                                      ***
   ***     code by the FoldX Consortium     ***
   ***                                      ***
   ***     Jesper Borg, Frederic Rousseau   ***
   ***    Joost Schymkowitz, Luis Serrano   ***
   ***    Peter Vanhee, Erik Verschueren    ***
   ***     Lies Baeten, Javier Delgado      ***
   ***       and Francois Stricher          ***
   *** and any other of the 9! permutations ***
   ***   based on an original concept by    ***
   ***   Raphael Guerois and Luis Serrano   ***
   ********************************************

1 models read: PTEN_2018.pdb
1 models read: PTEN_2018.pdb

BackHbond       =               -226.37
SideHbond       =               -75.43
Energy_VdW      =               -401.42
Electro         =               -29.03
Energy_SolvP    =               556.23
Energy_SolvH    =               -524.04
Energy_vdwclash =               33.14
energy_torsion  =               7.90
backbone_vdwclash=              169.85
Entropy_sidec   =               207.28
Entropy_mainc   =               605.00
water bonds     =               0.00
helix dipole    =               -1.33
loop_entropy    =               0.00
cis_bond        =               0.00
disulfide       =               0.00
kn electrostatic=               0.00
partial covalent interactions = 0.00
Energy_Ionisation =             2.75
Entropy Complex =               0.00
-----------------------------------------------------------
Total          = 				  154.68


BackHbond       =               -226.37
SideHbond       =               -75.43
Energy_VdW      =               -401.42
Electro         =               -29.03
Energy_SolvP    =               556.23
Energy_SolvH    =               -524.04
Energy_vdwclash =               33.14
energy_torsion  =               7.90
backbone_vdwclash=              169.85
Entropy_sidec   =               207.28
Entropy_mainc   =               605.00
water bonds     =               0.00
helix dipole    =               -1.33
loop_entropy    =               0.00
cis_bond        =               0.00
disulfide       =               0.00
kn electrostatic=               0.00
partial covalent interactions = 0.00
Energy_Ionisation =             2.75
Entropy Complex =               0.00
-----------------------------------------------------------
Total          = 				  154.68

Starting BuildModel
Reading YA174N;
Reading YA174P;
Reading YA174W;
Reading YA174V;
Reading YA174T;
Reading YA174S;
Reading YA174D;
Reading YA174A;
Reading YA174Q;
Reading YA174R;
Reading YA174C;
Reading VA175W;
Reading VA175E;
Reading VA175F;
Reading VA175D;
Reading VA175C;
Reading VA175A;
Reading VA175G;
Reading VA175H;
Reading VA175I;
Reading VA175L;
Reading VA175M;
Reading VA175P;
Reading VA175Q;
Reading VA175S;
Reading VA175Y;
Reading YA176R;
Reading YA176S;
Reading YA176T;
Reading YA176V;
Reading YA176Q;
Reading YA176P;
Reading YA176W;
Reading YA176M;
Reading YA176L;
Reading YA176K;
Reading YA176I;
Reading YA176H;
Reading YA176G;
Reading YA176N;
Reading YA176F;
Reading YA176D;
Reading YA176A;
Reading YA176C;
Reading YA176E;
Reading YA177W;
Reading YA177A;
Reading YA177C;
Reading YA177D;
Reading YA177E;
Residue to Mutate TYRA174 has residue index 173
Residue to Mutate TYRA174 has residue index 173
Residue to Mutate TYRA174 has residue index 173
Residue to Mutate TYRA174 has residue index 173
Residue to Mutate TYRA174 has residue index 173
Residue to Mutate TYRA174 has residue index 173
Residue to Mutate TYRA174 has residue index 173
Residue to Mutate TYRA174 has residue index 173
Residue to Mutate TYRA174 has residue index 173
Residue to Mutate TYRA174 has residue index 173
Residue to Mutate TYRA174 has residue index 173
Residue to Mutate VALA175 has residue index 174
Residue to Mutate VALA175 has residue index 174
Residue to Mutate VALA175 has residue index 174
Residue to Mutate VALA175 has residue index 174
Residue to Mutate VALA175 has residue index 174
Residue to Mutate VALA175 has residue index 174
Residue to Mutate VALA175 has residue index 174
Residue to Mutate VALA175 has residue index 174
Residue to Mutate VALA175 has residue index 174
Residue to Mutate VALA175 has residue index 174
Residue to Mutate VALA175 has residue index 174
Residue to Mutate VALA175 has residue index 174
Residue to Mutate VALA175 has residue index 174
Residue to Mutate VALA175 has residue index 174
Residue to Mutate VALA175 has residue index 174
Residue to Mutate TYRA176 has residue index 175
Residue to Mutate TYRA176 has residue index 175
Residue to Mutate TYRA176 has residue index 175
Residue to Mutate TYRA176 has residue index 175
Residue to Mutate TYRA176 has residue index 175
Residue to Mutate TYRA176 has residue index 175
Residue to Mutate TYRA176 has residue index 175
Residue to Mutate TYRA176 has residue index 175
Residue to Mutate TYRA176 has residue index 175
Residue to Mutate TYRA176 has residue index 175
Residue to Mutate TYRA176 has residue index 175
Residue to Mutate TYRA176 has residue index 175
Residue to Mutate TYRA176 has residue index 175
Residue to Mutate TYRA176 has residue index 175
Residue to Mutate TYRA176 has residue index 175
Residue to Mutate TYRA176 has residue index 175
Residue to Mutate TYRA176 has residue index 175
Residue to Mutate TYRA176 has residue index 175
Residue to Mutate TYRA176 has residue index 175
Residue to Mutate TYRA177 has residue index 176
Residue to Mutate TYRA177 has residue index 176
Residue to Mutate TYRA177 has residue index 176
Residue to Mutate TYRA177 has residue index 176
Residue to Mutate TYRA177 has residue index 176
Mutating residue = TYRA174 into ASN
Mutating residue = TYRA174 into PRO
Mutating residue = TYRA174 into TRP
Mutating residue = TYRA174 into VAL
Mutating residue = TYRA174 into THR
Mutating residue = TYRA174 into SER
Mutating residue = TYRA174 into ASP
Mutating residue = TYRA174 into ALA
Mutating residue = TYRA174 into GLN
Mutating residue = TYRA174 into ARG
Mutating residue = TYRA174 into CYS
Mutating residue = VALA175 into TRP
Mutating residue = VALA175 into GLU
Mutating residue = VALA175 into PHE
Mutating residue = VALA175 into ASP
Mutating residue = VALA175 into CYS
Mutating residue = VALA175 into ALA
Mutating residue = VALA175 into GLY
Mutating residue = VALA175 into HIS
Mutating residue = VALA175 into ILE
Mutating residue = VALA175 into LEU
Mutating residue = VALA175 into MET
Mutating residue = VALA175 into PRO
Mutating residue = VALA175 into GLN
Mutating residue = VALA175 into SER
Mutating residue = VALA175 into TYR
Mutating residue = TYRA176 into ARG
Mutating residue = TYRA176 into SER
Mutating residue = TYRA176 into THR
Mutating residue = TYRA176 into VAL
Mutating residue = TYRA176 into GLN
Mutating residue = TYRA176 into PRO
Mutating residue = TYRA176 into TRP
Mutating residue = TYRA176 into MET
Mutating residue = TYRA176 into LEU
Mutating residue = TYRA176 into LYS
Mutating residue = TYRA176 into ILE
Mutating residue = TYRA176 into HIS
Mutating residue = TYRA176 into GLY
Mutating residue = TYRA176 into ASN
Mutating residue = TYRA176 into PHE
Mutating residue = TYRA176 into ASP
Mutating residue = TYRA176 into ALA
Mutating residue = TYRA176 into CYS
Mutating residue = TYRA176 into GLU
Mutating residue = TYRA177 into TRP
Mutating residue = TYRA177 into ALA
Mutating residue = TYRA177 into CYS
Mutating residue = TYRA177 into ASP
Mutating residue = TYRA177 into GLU
Your file run OK
End time of FoldX: Sat May  9 16:25:22 2026
Total time spend: 485.86 seconds.
validated file "PTEN_2018_1.pdb" => successfully finished
validated file "PTEN_2018_2.pdb" => successfully finished
validated file "PTEN_2018_3.pdb" => successfully finished
validated file "PTEN_2018_4.pdb" => successfully finished
validated file "PTEN_2018_5.pdb" => successfully finished
validated file "PTEN_2018_6.pdb" => successfully finished
validated file "PTEN_2018_7.pdb" => successfully finished
validated file "PTEN_2018_8.pdb" => successfully finished
validated file "PTEN_2018_9.pdb" => successfully finished
validated file "PTEN_2018_10.pdb" => successfully finished
validated file "PTEN_2018_11.pdb" => successfully finished
validated file "PTEN_2018_12.pdb" => successfully finished
validated file "PTEN_2018_13.pdb" => successfully finished
validated file "PTEN_2018_14.pdb" => successfully finished
validated file "PTEN_2018_15.pdb" => successfully finished
validated file "PTEN_2018_16.pdb" => successfully finished
validated file "PTEN_2018_17.pdb" => successfully finished
validated file "PTEN_2018_18.pdb" => successfully finished
validated file "PTEN_2018_19.pdb" => successfully finished
validated file "PTEN_2018_20.pdb" => successfully finished
validated file "PTEN_2018_21.pdb" => successfully finished
validated file "PTEN_2018_22.pdb" => successfully finished
validated file "PTEN_2018_23.pdb" => successfully finished
validated file "PTEN_2018_24.pdb" => successfully finished
validated file "PTEN_2018_25.pdb" => successfully finished
validated file "PTEN_2018_26.pdb" => successfully finished
validated file "PTEN_2018_27.pdb" => successfully finished
validated file "PTEN_2018_28.pdb" => successfully finished
validated file "PTEN_2018_29.pdb" => successfully finished
validated file "PTEN_2018_30.pdb" => successfully finished
validated file "PTEN_2018_31.pdb" => successfully finished
validated file "PTEN_2018_32.pdb" => successfully finished
validated file "PTEN_2018_33.pdb" => successfully finished
validated file "PTEN_2018_34.pdb" => successfully finished
validated file "PTEN_2018_35.pdb" => successfully finished
validated file "PTEN_2018_36.pdb" => successfully finished
validated file "PTEN_2018_37.pdb" => successfully finished
validated file "PTEN_2018_38.pdb" => successfully finished
validated file "PTEN_2018_39.pdb" => successfully finished
validated file "PTEN_2018_40.pdb" => successfully finished
validated file "PTEN_2018_41.pdb" => successfully finished
validated file "PTEN_2018_42.pdb" => successfully finished
validated file "PTEN_2018_43.pdb" => successfully finished
validated file "PTEN_2018_44.pdb" => successfully finished
validated file "PTEN_2018_45.pdb" => successfully finished
validated file "PTEN_2018_46.pdb" => successfully finished
validated file "PTEN_2018_47.pdb" => successfully finished
validated file "PTEN_2018_48.pdb" => successfully finished
validated file "PTEN_2018_49.pdb" => successfully finished
validated file "PTEN_2018_50.pdb" => successfully finished
Cleaning BuildModel...DONE
任务 65 结果提取成功，已映射突变信息。
