   ********************************************
   ***                                      ***
   ***             FoldX 5.1 (c)            ***
   ***                                      ***
   ***     code by the FoldX Consortium     ***
   ***                                      ***
   ***     Jesper Borg, Frederic Rousseau   ***
   ***    Joost Schymkowitz, Luis Serrano   ***
   ***    Peter Vanhee, Erik Verschueren    ***
   ***     Lies Baeten, Javier Delgado      ***
   ***       and Francois Stricher          ***
   *** and any other of the 9! permutations ***
   ***   based on an original concept by    ***
   ***   Raphael Guerois and Luis Serrano   ***
   ********************************************

1 models read: PTEN_2018.pdb
1 models read: PTEN_2018.pdb

BackHbond       =               -226.37
SideHbond       =               -75.43
Energy_VdW      =               -401.42
Electro         =               -29.03
Energy_SolvP    =               556.23
Energy_SolvH    =               -524.04
Energy_vdwclash =               33.14
energy_torsion  =               7.90
backbone_vdwclash=              169.85
Entropy_sidec   =               207.28
Entropy_mainc   =               605.00
water bonds     =               0.00
helix dipole    =               -1.33
loop_entropy    =               0.00
cis_bond        =               0.00
disulfide       =               0.00
kn electrostatic=               0.00
partial covalent interactions = 0.00
Energy_Ionisation =             2.75
Entropy Complex =               0.00
-----------------------------------------------------------
Total          = 				  154.68


BackHbond       =               -226.37
SideHbond       =               -75.43
Energy_VdW      =               -401.42
Electro         =               -29.03
Energy_SolvP    =               556.23
Energy_SolvH    =               -524.04
Energy_vdwclash =               33.14
energy_torsion  =               7.90
backbone_vdwclash=              169.85
Entropy_sidec   =               207.28
Entropy_mainc   =               605.00
water bonds     =               0.00
helix dipole    =               -1.33
loop_entropy    =               0.00
cis_bond        =               0.00
disulfide       =               0.00
kn electrostatic=               0.00
partial covalent interactions = 0.00
Energy_Ionisation =             2.75
Entropy Complex =               0.00
-----------------------------------------------------------
Total          = 				  154.68

Starting BuildModel
Reading EA235W;
Reading EA235Y;
Reading EA235P;
Reading EA235C;
Reading DA236T;
Reading DA236S;
Reading DA236E;
Reading DA236V;
Reading DA236A;
Reading DA236C;
Reading DA236F;
Reading DA236G;
Reading DA236W;
Reading DA236I;
Reading DA236H;
Reading DA236L;
Reading DA236M;
Reading DA236N;
Reading DA236P;
Reading DA236Q;
Reading DA236R;
Reading DA236K;
Reading DA236Y;
Reading KA237I;
Reading KA237H;
Reading KA237G;
Reading KA237N;
Reading KA237E;
Reading KA237A;
Reading KA237L;
Reading KA237F;
Reading KA237C;
Reading KA237M;
Reading KA237D;
Reading KA237Q;
Reading KA237W;
Reading KA237V;
Reading KA237Y;
Reading KA237T;
Reading KA237S;
Reading KA237R;
Reading FA238C;
Reading FA238K;
Reading FA238D;
Reading FA238E;
Reading FA238G;
Reading FA238H;
Reading FA238I;
Reading FA238A;
Reading FA238L;
Residue to Mutate GLUA235 has residue index 234
Residue to Mutate GLUA235 has residue index 234
Residue to Mutate GLUA235 has residue index 234
Residue to Mutate GLUA235 has residue index 234
Residue to Mutate ASPA236 has residue index 235
Residue to Mutate ASPA236 has residue index 235
Residue to Mutate ASPA236 has residue index 235
Residue to Mutate ASPA236 has residue index 235
Residue to Mutate ASPA236 has residue index 235
Residue to Mutate ASPA236 has residue index 235
Residue to Mutate ASPA236 has residue index 235
Residue to Mutate ASPA236 has residue index 235
Residue to Mutate ASPA236 has residue index 235
Residue to Mutate ASPA236 has residue index 235
Residue to Mutate ASPA236 has residue index 235
Residue to Mutate ASPA236 has residue index 235
Residue to Mutate ASPA236 has residue index 235
Residue to Mutate ASPA236 has residue index 235
Residue to Mutate ASPA236 has residue index 235
Residue to Mutate ASPA236 has residue index 235
Residue to Mutate ASPA236 has residue index 235
Residue to Mutate ASPA236 has residue index 235
Residue to Mutate ASPA236 has residue index 235
Residue to Mutate LYSA237 has residue index 236
Residue to Mutate LYSA237 has residue index 236
Residue to Mutate LYSA237 has residue index 236
Residue to Mutate LYSA237 has residue index 236
Residue to Mutate LYSA237 has residue index 236
Residue to Mutate LYSA237 has residue index 236
Residue to Mutate LYSA237 has residue index 236
Residue to Mutate LYSA237 has residue index 236
Residue to Mutate LYSA237 has residue index 236
Residue to Mutate LYSA237 has residue index 236
Residue to Mutate LYSA237 has residue index 236
Residue to Mutate LYSA237 has residue index 236
Residue to Mutate LYSA237 has residue index 236
Residue to Mutate LYSA237 has residue index 236
Residue to Mutate LYSA237 has residue index 236
Residue to Mutate LYSA237 has residue index 236
Residue to Mutate LYSA237 has residue index 236
Residue to Mutate LYSA237 has residue index 236
Residue to Mutate PHEA238 has residue index 237
Residue to Mutate PHEA238 has residue index 237
Residue to Mutate PHEA238 has residue index 237
Residue to Mutate PHEA238 has residue index 237
Residue to Mutate PHEA238 has residue index 237
Residue to Mutate PHEA238 has residue index 237
Residue to Mutate PHEA238 has residue index 237
Residue to Mutate PHEA238 has residue index 237
Residue to Mutate PHEA238 has residue index 237
Mutating residue = GLUA235 into TRP
Mutating residue = GLUA235 into TYR
Mutating residue = GLUA235 into PRO
Mutating residue = GLUA235 into CYS
Mutating residue = ASPA236 into THR
Mutating residue = ASPA236 into SER
Mutating residue = ASPA236 into GLU
Mutating residue = ASPA236 into VAL
Mutating residue = ASPA236 into ALA
Mutating residue = ASPA236 into CYS
Mutating residue = ASPA236 into PHE
Mutating residue = ASPA236 into GLY
Mutating residue = ASPA236 into TRP
Mutating residue = ASPA236 into ILE
Mutating residue = ASPA236 into HIS
Mutating residue = ASPA236 into LEU
Mutating residue = ASPA236 into MET
Mutating residue = ASPA236 into ASN
Mutating residue = ASPA236 into PRO
Mutating residue = ASPA236 into GLN
Mutating residue = ASPA236 into ARG
Mutating residue = ASPA236 into LYS
Mutating residue = ASPA236 into TYR
Mutating residue = LYSA237 into ILE
Mutating residue = LYSA237 into HIS
Mutating residue = LYSA237 into GLY
Mutating residue = LYSA237 into ASN
Mutating residue = LYSA237 into GLU
Mutating residue = LYSA237 into ALA
Mutating residue = LYSA237 into LEU
Mutating residue = LYSA237 into PHE
Mutating residue = LYSA237 into CYS
Mutating residue = LYSA237 into MET
Mutating residue = LYSA237 into ASP
Mutating residue = LYSA237 into GLN
Mutating residue = LYSA237 into TRP
Mutating residue = LYSA237 into VAL
Mutating residue = LYSA237 into TYR
Mutating residue = LYSA237 into THR
Mutating residue = LYSA237 into SER
Mutating residue = LYSA237 into ARG
Mutating residue = PHEA238 into CYS
Mutating residue = PHEA238 into LYS
Mutating residue = PHEA238 into ASP
Mutating residue = PHEA238 into GLU
Mutating residue = PHEA238 into GLY
Mutating residue = PHEA238 into HIS
Mutating residue = PHEA238 into ILE
Mutating residue = PHEA238 into ALA
Mutating residue = PHEA238 into LEU
Your file run OK
End time of FoldX: Sat May  9 16:25:30 2026
Total time spend: 490.58 seconds.
validated file "PTEN_2018_1.pdb" => successfully finished
validated file "PTEN_2018_2.pdb" => successfully finished
validated file "PTEN_2018_3.pdb" => successfully finished
validated file "PTEN_2018_4.pdb" => successfully finished
validated file "PTEN_2018_5.pdb" => successfully finished
validated file "PTEN_2018_6.pdb" => successfully finished
validated file "PTEN_2018_7.pdb" => successfully finished
validated file "PTEN_2018_8.pdb" => successfully finished
validated file "PTEN_2018_9.pdb" => successfully finished
validated file "PTEN_2018_10.pdb" => successfully finished
validated file "PTEN_2018_11.pdb" => successfully finished
validated file "PTEN_2018_12.pdb" => successfully finished
validated file "PTEN_2018_13.pdb" => successfully finished
validated file "PTEN_2018_14.pdb" => successfully finished
validated file "PTEN_2018_15.pdb" => successfully finished
validated file "PTEN_2018_16.pdb" => successfully finished
validated file "PTEN_2018_17.pdb" => successfully finished
validated file "PTEN_2018_18.pdb" => successfully finished
validated file "PTEN_2018_19.pdb" => successfully finished
validated file "PTEN_2018_20.pdb" => successfully finished
validated file "PTEN_2018_21.pdb" => successfully finished
validated file "PTEN_2018_22.pdb" => successfully finished
validated file "PTEN_2018_23.pdb" => successfully finished
validated file "PTEN_2018_24.pdb" => successfully finished
validated file "PTEN_2018_25.pdb" => successfully finished
validated file "PTEN_2018_26.pdb" => successfully finished
validated file "PTEN_2018_27.pdb" => successfully finished
validated file "PTEN_2018_28.pdb" => successfully finished
validated file "PTEN_2018_29.pdb" => successfully finished
validated file "PTEN_2018_30.pdb" => successfully finished
validated file "PTEN_2018_31.pdb" => successfully finished
validated file "PTEN_2018_32.pdb" => successfully finished
validated file "PTEN_2018_33.pdb" => successfully finished
validated file "PTEN_2018_34.pdb" => successfully finished
validated file "PTEN_2018_35.pdb" => successfully finished
validated file "PTEN_2018_36.pdb" => successfully finished
validated file "PTEN_2018_37.pdb" => successfully finished
validated file "PTEN_2018_38.pdb" => successfully finished
validated file "PTEN_2018_39.pdb" => successfully finished
validated file "PTEN_2018_40.pdb" => successfully finished
validated file "PTEN_2018_41.pdb" => successfully finished
validated file "PTEN_2018_42.pdb" => successfully finished
validated file "PTEN_2018_43.pdb" => successfully finished
validated file "PTEN_2018_44.pdb" => successfully finished
validated file "PTEN_2018_45.pdb" => successfully finished
validated file "PTEN_2018_46.pdb" => successfully finished
validated file "PTEN_2018_47.pdb" => successfully finished
validated file "PTEN_2018_48.pdb" => successfully finished
validated file "PTEN_2018_49.pdb" => successfully finished
validated file "PTEN_2018_50.pdb" => successfully finished
Cleaning BuildModel...DONE
任务 88 结果提取成功，已映射突变信息。
