   ********************************************
   ***                                      ***
   ***             FoldX 5.1 (c)            ***
   ***                                      ***
   ***     code by the FoldX Consortium     ***
   ***                                      ***
   ***     Jesper Borg, Frederic Rousseau   ***
   ***    Joost Schymkowitz, Luis Serrano   ***
   ***    Peter Vanhee, Erik Verschueren    ***
   ***     Lies Baeten, Javier Delgado      ***
   ***       and Francois Stricher          ***
   *** and any other of the 9! permutations ***
   ***   based on an original concept by    ***
   ***   Raphael Guerois and Luis Serrano   ***
   ********************************************

1 models read: PTEN_2018.pdb
1 models read: PTEN_2018.pdb

BackHbond       =               -226.37
SideHbond       =               -75.43
Energy_VdW      =               -401.42
Electro         =               -29.03
Energy_SolvP    =               556.23
Energy_SolvH    =               -524.04
Energy_vdwclash =               33.14
energy_torsion  =               7.90
backbone_vdwclash=              169.85
Entropy_sidec   =               207.28
Entropy_mainc   =               605.00
water bonds     =               0.00
helix dipole    =               -1.33
loop_entropy    =               0.00
cis_bond        =               0.00
disulfide       =               0.00
kn electrostatic=               0.00
partial covalent interactions = 0.00
Energy_Ionisation =             2.75
Entropy Complex =               0.00
-----------------------------------------------------------
Total          = 				  154.68


BackHbond       =               -226.37
SideHbond       =               -75.43
Energy_VdW      =               -401.42
Electro         =               -29.03
Energy_SolvP    =               556.23
Energy_SolvH    =               -524.04
Energy_vdwclash =               33.14
energy_torsion  =               7.90
backbone_vdwclash=              169.85
Entropy_sidec   =               207.28
Entropy_mainc   =               605.00
water bonds     =               0.00
helix dipole    =               -1.33
loop_entropy    =               0.00
cis_bond        =               0.00
disulfide       =               0.00
kn electrostatic=               0.00
partial covalent interactions = 0.00
Energy_Ionisation =             2.75
Entropy Complex =               0.00
-----------------------------------------------------------
Total          = 				  154.68

Starting BuildModel
Reading YA188G;
Reading YA188F;
Reading YA188V;
Reading YA188W;
Reading YA188H;
Reading YA188T;
Reading YA188D;
Reading YA188R;
Reading YA188S;
Reading YA188P;
Reading YA188N;
Reading YA188M;
Reading YA188L;
Reading YA188K;
Reading YA188I;
Reading YA188Q;
Reading YA188C;
Reading RA189L;
Reading RA189M;
Reading RA189N;
Reading RA189V;
Reading RA189Q;
Reading RA189S;
Reading RA189W;
Reading RA189Y;
Reading RA189P;
Reading RA189K;
Reading RA189T;
Reading RA189H;
Reading RA189A;
Reading RA189C;
Reading RA189I;
Reading RA189G;
Reading RA189F;
Reading RA189E;
Reading RA189D;
Reading PA190W;
Reading PA190S;
Reading PA190R;
Reading PA190Q;
Reading PA190N;
Reading PA190M;
Reading PA190L;
Reading PA190K;
Reading PA190H;
Reading PA190G;
Reading PA190F;
Reading PA190E;
Reading PA190D;
Reading PA190Y;
Residue to Mutate TYRA188 has residue index 187
Residue to Mutate TYRA188 has residue index 187
Residue to Mutate TYRA188 has residue index 187
Residue to Mutate TYRA188 has residue index 187
Residue to Mutate TYRA188 has residue index 187
Residue to Mutate TYRA188 has residue index 187
Residue to Mutate TYRA188 has residue index 187
Residue to Mutate TYRA188 has residue index 187
Residue to Mutate TYRA188 has residue index 187
Residue to Mutate TYRA188 has residue index 187
Residue to Mutate TYRA188 has residue index 187
Residue to Mutate TYRA188 has residue index 187
Residue to Mutate TYRA188 has residue index 187
Residue to Mutate TYRA188 has residue index 187
Residue to Mutate TYRA188 has residue index 187
Residue to Mutate TYRA188 has residue index 187
Residue to Mutate TYRA188 has residue index 187
Residue to Mutate ARGA189 has residue index 188
Residue to Mutate ARGA189 has residue index 188
Residue to Mutate ARGA189 has residue index 188
Residue to Mutate ARGA189 has residue index 188
Residue to Mutate ARGA189 has residue index 188
Residue to Mutate ARGA189 has residue index 188
Residue to Mutate ARGA189 has residue index 188
Residue to Mutate ARGA189 has residue index 188
Residue to Mutate ARGA189 has residue index 188
Residue to Mutate ARGA189 has residue index 188
Residue to Mutate ARGA189 has residue index 188
Residue to Mutate ARGA189 has residue index 188
Residue to Mutate ARGA189 has residue index 188
Residue to Mutate ARGA189 has residue index 188
Residue to Mutate ARGA189 has residue index 188
Residue to Mutate ARGA189 has residue index 188
Residue to Mutate ARGA189 has residue index 188
Residue to Mutate ARGA189 has residue index 188
Residue to Mutate ARGA189 has residue index 188
Residue to Mutate PROA190 has residue index 189
Residue to Mutate PROA190 has residue index 189
Residue to Mutate PROA190 has residue index 189
Residue to Mutate PROA190 has residue index 189
Residue to Mutate PROA190 has residue index 189
Residue to Mutate PROA190 has residue index 189
Residue to Mutate PROA190 has residue index 189
Residue to Mutate PROA190 has residue index 189
Residue to Mutate PROA190 has residue index 189
Residue to Mutate PROA190 has residue index 189
Residue to Mutate PROA190 has residue index 189
Residue to Mutate PROA190 has residue index 189
Residue to Mutate PROA190 has residue index 189
Residue to Mutate PROA190 has residue index 189
Mutating residue = TYRA188 into GLY
Mutating residue = TYRA188 into PHE
Mutating residue = TYRA188 into VAL
Mutating residue = TYRA188 into TRP
Mutating residue = TYRA188 into HIS
Mutating residue = TYRA188 into THR
Mutating residue = TYRA188 into ASP
Mutating residue = TYRA188 into ARG
Mutating residue = TYRA188 into SER
Mutating residue = TYRA188 into PRO
Mutating residue = TYRA188 into ASN
Mutating residue = TYRA188 into MET
Mutating residue = TYRA188 into LEU
Mutating residue = TYRA188 into LYS
Mutating residue = TYRA188 into ILE
Mutating residue = TYRA188 into GLN
Mutating residue = TYRA188 into CYS
Mutating residue = ARGA189 into LEU
Mutating residue = ARGA189 into MET
Mutating residue = ARGA189 into ASN
Mutating residue = ARGA189 into VAL
Mutating residue = ARGA189 into GLN
Mutating residue = ARGA189 into SER
Mutating residue = ARGA189 into TRP
Mutating residue = ARGA189 into TYR
Mutating residue = ARGA189 into PRO
Mutating residue = ARGA189 into LYS
Mutating residue = ARGA189 into THR
Mutating residue = ARGA189 into HIS
Mutating residue = ARGA189 into ALA
Mutating residue = ARGA189 into CYS
Mutating residue = ARGA189 into ILE
Mutating residue = ARGA189 into GLY
Mutating residue = ARGA189 into PHE
Mutating residue = ARGA189 into GLU
Mutating residue = ARGA189 into ASP
Mutating residue = PROA190 into TRP
Mutating residue = PROA190 into SER
Mutating residue = PROA190 into ARG
Mutating residue = PROA190 into GLN
Mutating residue = PROA190 into ASN
Mutating residue = PROA190 into MET
Mutating residue = PROA190 into LEU
Mutating residue = PROA190 into LYS
Mutating residue = PROA190 into HIS
Mutating residue = PROA190 into GLY
Mutating residue = PROA190 into PHE
Mutating residue = PROA190 into GLU
Mutating residue = PROA190 into ASP
Mutating residue = PROA190 into TYR
Your file run OK
End time of FoldX: Sat May  9 16:26:37 2026
Total time spend: 561.17 seconds.
validated file "PTEN_2018_1.pdb" => successfully finished
validated file "PTEN_2018_2.pdb" => successfully finished
validated file "PTEN_2018_3.pdb" => successfully finished
validated file "PTEN_2018_4.pdb" => successfully finished
validated file "PTEN_2018_5.pdb" => successfully finished
validated file "PTEN_2018_6.pdb" => successfully finished
validated file "PTEN_2018_7.pdb" => successfully finished
validated file "PTEN_2018_8.pdb" => successfully finished
validated file "PTEN_2018_9.pdb" => successfully finished
validated file "PTEN_2018_10.pdb" => successfully finished
validated file "PTEN_2018_11.pdb" => successfully finished
validated file "PTEN_2018_12.pdb" => successfully finished
validated file "PTEN_2018_13.pdb" => successfully finished
validated file "PTEN_2018_14.pdb" => successfully finished
validated file "PTEN_2018_15.pdb" => successfully finished
validated file "PTEN_2018_16.pdb" => successfully finished
validated file "PTEN_2018_17.pdb" => successfully finished
validated file "PTEN_2018_18.pdb" => successfully finished
validated file "PTEN_2018_19.pdb" => successfully finished
validated file "PTEN_2018_20.pdb" => successfully finished
validated file "PTEN_2018_21.pdb" => successfully finished
validated file "PTEN_2018_22.pdb" => successfully finished
validated file "PTEN_2018_23.pdb" => successfully finished
validated file "PTEN_2018_24.pdb" => successfully finished
validated file "PTEN_2018_25.pdb" => successfully finished
validated file "PTEN_2018_26.pdb" => successfully finished
validated file "PTEN_2018_27.pdb" => successfully finished
validated file "PTEN_2018_28.pdb" => successfully finished
validated file "PTEN_2018_29.pdb" => successfully finished
validated file "PTEN_2018_30.pdb" => successfully finished
validated file "PTEN_2018_31.pdb" => successfully finished
validated file "PTEN_2018_32.pdb" => successfully finished
validated file "PTEN_2018_33.pdb" => successfully finished
validated file "PTEN_2018_34.pdb" => successfully finished
validated file "PTEN_2018_35.pdb" => successfully finished
validated file "PTEN_2018_36.pdb" => successfully finished
validated file "PTEN_2018_37.pdb" => successfully finished
validated file "PTEN_2018_38.pdb" => successfully finished
validated file "PTEN_2018_39.pdb" => successfully finished
validated file "PTEN_2018_40.pdb" => successfully finished
validated file "PTEN_2018_41.pdb" => successfully finished
validated file "PTEN_2018_42.pdb" => successfully finished
validated file "PTEN_2018_43.pdb" => successfully finished
validated file "PTEN_2018_44.pdb" => successfully finished
validated file "PTEN_2018_45.pdb" => successfully finished
validated file "PTEN_2018_46.pdb" => successfully finished
validated file "PTEN_2018_47.pdb" => successfully finished
validated file "PTEN_2018_48.pdb" => successfully finished
validated file "PTEN_2018_49.pdb" => successfully finished
validated file "PTEN_2018_50.pdb" => successfully finished
Cleaning BuildModel...DONE
任务 70 结果提取成功，已映射突变信息。
