   ********************************************
   ***                                      ***
   ***             FoldX 5.1 (c)            ***
   ***                                      ***
   ***     code by the FoldX Consortium     ***
   ***                                      ***
   ***     Jesper Borg, Frederic Rousseau   ***
   ***    Joost Schymkowitz, Luis Serrano   ***
   ***    Peter Vanhee, Erik Verschueren    ***
   ***     Lies Baeten, Javier Delgado      ***
   ***       and Francois Stricher          ***
   *** and any other of the 9! permutations ***
   ***   based on an original concept by    ***
   ***   Raphael Guerois and Luis Serrano   ***
   ********************************************

1 models read: PTEN_2018.pdb
1 models read: PTEN_2018.pdb

BackHbond       =               -226.37
SideHbond       =               -75.43
Energy_VdW      =               -401.42
Electro         =               -29.03
Energy_SolvP    =               556.23
Energy_SolvH    =               -524.04
Energy_vdwclash =               33.14
energy_torsion  =               7.90
backbone_vdwclash=              169.85
Entropy_sidec   =               207.28
Entropy_mainc   =               605.00
water bonds     =               0.00
helix dipole    =               -1.33
loop_entropy    =               0.00
cis_bond        =               0.00
disulfide       =               0.00
kn electrostatic=               0.00
partial covalent interactions = 0.00
Energy_Ionisation =             2.75
Entropy Complex =               0.00
-----------------------------------------------------------
Total          = 				  154.68


BackHbond       =               -226.37
SideHbond       =               -75.43
Energy_VdW      =               -401.42
Electro         =               -29.03
Energy_SolvP    =               556.23
Energy_SolvH    =               -524.04
Energy_vdwclash =               33.14
energy_torsion  =               7.90
backbone_vdwclash=              169.85
Entropy_sidec   =               207.28
Entropy_mainc   =               605.00
water bonds     =               0.00
helix dipole    =               -1.33
loop_entropy    =               0.00
cis_bond        =               0.00
disulfide       =               0.00
kn electrostatic=               0.00
partial covalent interactions = 0.00
Energy_Ionisation =             2.75
Entropy Complex =               0.00
-----------------------------------------------------------
Total          = 				  154.68

Starting BuildModel
Reading PA246Y;
Reading PA246S;
Reading PA246K;
Reading PA246M;
Reading PA246H;
Reading PA246G;
Reading PA246F;
Reading PA246E;
Reading PA246D;
Reading PA246C;
Reading PA246A;
Reading PA246I;
Reading LA247R;
Reading LA247D;
Reading LA247T;
Reading LA247S;
Reading LA247G;
Reading LA247H;
Reading LA247P;
Reading LA247K;
Reading LA247M;
Reading LA247N;
Reading LA247C;
Reading LA247Q;
Reading LA247I;
Reading LA247A;
Reading LA247E;
Reading LA247V;
Reading LA247W;
Reading LA247Y;
Reading LA247F;
Reading PA248S;
Reading PA248H;
Reading PA248G;
Reading PA248F;
Reading PA248E;
Reading PA248D;
Reading PA248C;
Reading PA248A;
Reading PA248L;
Reading PA248Y;
Reading PA248W;
Reading PA248V;
Reading PA248T;
Reading PA248M;
Reading PA248Q;
Reading PA248R;
Reading PA248N;
Reading PA248K;
Reading PA248I;
Residue to Mutate PROA246 has residue index 245
Residue to Mutate PROA246 has residue index 245
Residue to Mutate PROA246 has residue index 245
Residue to Mutate PROA246 has residue index 245
Residue to Mutate PROA246 has residue index 245
Residue to Mutate PROA246 has residue index 245
Residue to Mutate PROA246 has residue index 245
Residue to Mutate PROA246 has residue index 245
Residue to Mutate PROA246 has residue index 245
Residue to Mutate PROA246 has residue index 245
Residue to Mutate PROA246 has residue index 245
Residue to Mutate PROA246 has residue index 245
Residue to Mutate LEUA247 has residue index 246
Residue to Mutate LEUA247 has residue index 246
Residue to Mutate LEUA247 has residue index 246
Residue to Mutate LEUA247 has residue index 246
Residue to Mutate LEUA247 has residue index 246
Residue to Mutate LEUA247 has residue index 246
Residue to Mutate LEUA247 has residue index 246
Residue to Mutate LEUA247 has residue index 246
Residue to Mutate LEUA247 has residue index 246
Residue to Mutate LEUA247 has residue index 246
Residue to Mutate LEUA247 has residue index 246
Residue to Mutate LEUA247 has residue index 246
Residue to Mutate LEUA247 has residue index 246
Residue to Mutate LEUA247 has residue index 246
Residue to Mutate LEUA247 has residue index 246
Residue to Mutate LEUA247 has residue index 246
Residue to Mutate LEUA247 has residue index 246
Residue to Mutate LEUA247 has residue index 246
Residue to Mutate LEUA247 has residue index 246
Residue to Mutate PROA248 has residue index 247
Residue to Mutate PROA248 has residue index 247
Residue to Mutate PROA248 has residue index 247
Residue to Mutate PROA248 has residue index 247
Residue to Mutate PROA248 has residue index 247
Residue to Mutate PROA248 has residue index 247
Residue to Mutate PROA248 has residue index 247
Residue to Mutate PROA248 has residue index 247
Residue to Mutate PROA248 has residue index 247
Residue to Mutate PROA248 has residue index 247
Residue to Mutate PROA248 has residue index 247
Residue to Mutate PROA248 has residue index 247
Residue to Mutate PROA248 has residue index 247
Residue to Mutate PROA248 has residue index 247
Residue to Mutate PROA248 has residue index 247
Residue to Mutate PROA248 has residue index 247
Residue to Mutate PROA248 has residue index 247
Residue to Mutate PROA248 has residue index 247
Residue to Mutate PROA248 has residue index 247
Mutating residue = PROA246 into TYR
Mutating residue = PROA246 into SER
Mutating residue = PROA246 into LYS
Mutating residue = PROA246 into MET
Mutating residue = PROA246 into HIS
Mutating residue = PROA246 into GLY
Mutating residue = PROA246 into PHE
Mutating residue = PROA246 into GLU
Mutating residue = PROA246 into ASP
Mutating residue = PROA246 into CYS
Mutating residue = PROA246 into ALA
Mutating residue = PROA246 into ILE
Mutating residue = LEUA247 into ARG
Mutating residue = LEUA247 into ASP
Mutating residue = LEUA247 into THR
Mutating residue = LEUA247 into SER
Mutating residue = LEUA247 into GLY
Mutating residue = LEUA247 into HIS
Mutating residue = LEUA247 into PRO
Mutating residue = LEUA247 into LYS
Mutating residue = LEUA247 into MET
Mutating residue = LEUA247 into ASN
Mutating residue = LEUA247 into CYS
Mutating residue = LEUA247 into GLN
Mutating residue = LEUA247 into ILE
Mutating residue = LEUA247 into ALA
Mutating residue = LEUA247 into GLU
Mutating residue = LEUA247 into VAL
Mutating residue = LEUA247 into TRP
Mutating residue = LEUA247 into TYR
Mutating residue = LEUA247 into PHE
Mutating residue = PROA248 into SER
Mutating residue = PROA248 into HIS
Mutating residue = PROA248 into GLY
Mutating residue = PROA248 into PHE
Mutating residue = PROA248 into GLU
Mutating residue = PROA248 into ASP
Mutating residue = PROA248 into CYS
Mutating residue = PROA248 into ALA
Mutating residue = PROA248 into LEU
Mutating residue = PROA248 into TYR
Mutating residue = PROA248 into TRP
Mutating residue = PROA248 into VAL
Mutating residue = PROA248 into THR
Mutating residue = PROA248 into MET
Mutating residue = PROA248 into GLN
Mutating residue = PROA248 into ARG
Mutating residue = PROA248 into ASN
Mutating residue = PROA248 into LYS
Mutating residue = PROA248 into ILE
Your file run OK
End time of FoldX: Sat May  9 16:19:08 2026
Total time spend: 110.20 seconds.
validated file "PTEN_2018_1.pdb" => successfully finished
validated file "PTEN_2018_2.pdb" => successfully finished
validated file "PTEN_2018_3.pdb" => successfully finished
validated file "PTEN_2018_4.pdb" => successfully finished
validated file "PTEN_2018_5.pdb" => successfully finished
validated file "PTEN_2018_6.pdb" => successfully finished
validated file "PTEN_2018_7.pdb" => successfully finished
validated file "PTEN_2018_8.pdb" => successfully finished
validated file "PTEN_2018_9.pdb" => successfully finished
validated file "PTEN_2018_10.pdb" => successfully finished
validated file "PTEN_2018_11.pdb" => successfully finished
validated file "PTEN_2018_12.pdb" => successfully finished
validated file "PTEN_2018_13.pdb" => successfully finished
validated file "PTEN_2018_14.pdb" => successfully finished
validated file "PTEN_2018_15.pdb" => successfully finished
validated file "PTEN_2018_16.pdb" => successfully finished
validated file "PTEN_2018_17.pdb" => successfully finished
validated file "PTEN_2018_18.pdb" => successfully finished
validated file "PTEN_2018_19.pdb" => successfully finished
validated file "PTEN_2018_20.pdb" => successfully finished
validated file "PTEN_2018_21.pdb" => successfully finished
validated file "PTEN_2018_22.pdb" => successfully finished
validated file "PTEN_2018_23.pdb" => successfully finished
validated file "PTEN_2018_24.pdb" => successfully finished
validated file "PTEN_2018_25.pdb" => successfully finished
validated file "PTEN_2018_26.pdb" => successfully finished
validated file "PTEN_2018_27.pdb" => successfully finished
validated file "PTEN_2018_28.pdb" => successfully finished
validated file "PTEN_2018_29.pdb" => successfully finished
validated file "PTEN_2018_30.pdb" => successfully finished
validated file "PTEN_2018_31.pdb" => successfully finished
validated file "PTEN_2018_32.pdb" => successfully finished
validated file "PTEN_2018_33.pdb" => successfully finished
validated file "PTEN_2018_34.pdb" => successfully finished
validated file "PTEN_2018_35.pdb" => successfully finished
validated file "PTEN_2018_36.pdb" => successfully finished
validated file "PTEN_2018_37.pdb" => successfully finished
validated file "PTEN_2018_38.pdb" => successfully finished
validated file "PTEN_2018_39.pdb" => successfully finished
validated file "PTEN_2018_40.pdb" => successfully finished
validated file "PTEN_2018_41.pdb" => successfully finished
validated file "PTEN_2018_42.pdb" => successfully finished
validated file "PTEN_2018_43.pdb" => successfully finished
validated file "PTEN_2018_44.pdb" => successfully finished
validated file "PTEN_2018_45.pdb" => successfully finished
validated file "PTEN_2018_46.pdb" => successfully finished
validated file "PTEN_2018_47.pdb" => successfully finished
validated file "PTEN_2018_48.pdb" => successfully finished
validated file "PTEN_2018_49.pdb" => successfully finished
validated file "PTEN_2018_50.pdb" => successfully finished
Cleaning BuildModel...DONE
任务 92 结果提取成功，已映射突变信息。
