   ********************************************
   ***                                      ***
   ***             FoldX 5.1 (c)            ***
   ***                                      ***
   ***     code by the FoldX Consortium     ***
   ***                                      ***
   ***     Jesper Borg, Frederic Rousseau   ***
   ***    Joost Schymkowitz, Luis Serrano   ***
   ***    Peter Vanhee, Erik Verschueren    ***
   ***     Lies Baeten, Javier Delgado      ***
   ***       and Francois Stricher          ***
   *** and any other of the 9! permutations ***
   ***   based on an original concept by    ***
   ***   Raphael Guerois and Luis Serrano   ***
   ********************************************

1 models read: PTEN_2018.pdb
1 models read: PTEN_2018.pdb

BackHbond       =               -226.37
SideHbond       =               -75.43
Energy_VdW      =               -401.42
Electro         =               -29.03
Energy_SolvP    =               556.23
Energy_SolvH    =               -524.04
Energy_vdwclash =               33.14
energy_torsion  =               7.90
backbone_vdwclash=              169.85
Entropy_sidec   =               207.28
Entropy_mainc   =               605.00
water bonds     =               0.00
helix dipole    =               -1.33
loop_entropy    =               0.00
cis_bond        =               0.00
disulfide       =               0.00
kn electrostatic=               0.00
partial covalent interactions = 0.00
Energy_Ionisation =             2.75
Entropy Complex =               0.00
-----------------------------------------------------------
Total          = 				  154.68


BackHbond       =               -226.37
SideHbond       =               -75.43
Energy_VdW      =               -401.42
Electro         =               -29.03
Energy_SolvP    =               556.23
Energy_SolvH    =               -524.04
Energy_vdwclash =               33.14
energy_torsion  =               7.90
backbone_vdwclash=              169.85
Entropy_sidec   =               207.28
Entropy_mainc   =               605.00
water bonds     =               0.00
helix dipole    =               -1.33
loop_entropy    =               0.00
cis_bond        =               0.00
disulfide       =               0.00
kn electrostatic=               0.00
partial covalent interactions = 0.00
Energy_Ionisation =             2.75
Entropy Complex =               0.00
-----------------------------------------------------------
Total          = 				  154.68

Starting BuildModel
Reading EA150Q;
Reading EA150R;
Reading EA150S;
Reading EA150V;
Reading EA150W;
Reading AA151F;
Reading AA151G;
Reading AA151C;
Reading AA151D;
Reading AA151Y;
Reading AA151W;
Reading AA151V;
Reading AA151T;
Reading AA151S;
Reading AA151E;
Reading AA151R;
Reading AA151P;
Reading AA151N;
Reading AA151M;
Reading AA151L;
Reading AA151K;
Reading AA151I;
Reading AA151H;
Reading AA151Q;
Reading LA152C;
Reading LA152N;
Reading LA152W;
Reading LA152E;
Reading LA152F;
Reading LA152G;
Reading LA152H;
Reading LA152I;
Reading LA152K;
Reading LA152Y;
Reading LA152M;
Reading LA152P;
Reading LA152Q;
Reading LA152R;
Reading LA152S;
Reading LA152T;
Reading LA152V;
Reading LA152A;
Reading LA152D;
Reading DA153G;
Reading DA153Y;
Reading DA153V;
Reading DA153T;
Reading DA153S;
Reading DA153R;
Reading DA153Q;
Residue to Mutate GLUA150 has residue index 149
Residue to Mutate GLUA150 has residue index 149
Residue to Mutate GLUA150 has residue index 149
Residue to Mutate GLUA150 has residue index 149
Residue to Mutate GLUA150 has residue index 149
Residue to Mutate ALAA151 has residue index 150
Residue to Mutate ALAA151 has residue index 150
Residue to Mutate ALAA151 has residue index 150
Residue to Mutate ALAA151 has residue index 150
Residue to Mutate ALAA151 has residue index 150
Residue to Mutate ALAA151 has residue index 150
Residue to Mutate ALAA151 has residue index 150
Residue to Mutate ALAA151 has residue index 150
Residue to Mutate ALAA151 has residue index 150
Residue to Mutate ALAA151 has residue index 150
Residue to Mutate ALAA151 has residue index 150
Residue to Mutate ALAA151 has residue index 150
Residue to Mutate ALAA151 has residue index 150
Residue to Mutate ALAA151 has residue index 150
Residue to Mutate ALAA151 has residue index 150
Residue to Mutate ALAA151 has residue index 150
Residue to Mutate ALAA151 has residue index 150
Residue to Mutate ALAA151 has residue index 150
Residue to Mutate ALAA151 has residue index 150
Residue to Mutate LEUA152 has residue index 151
Residue to Mutate LEUA152 has residue index 151
Residue to Mutate LEUA152 has residue index 151
Residue to Mutate LEUA152 has residue index 151
Residue to Mutate LEUA152 has residue index 151
Residue to Mutate LEUA152 has residue index 151
Residue to Mutate LEUA152 has residue index 151
Residue to Mutate LEUA152 has residue index 151
Residue to Mutate LEUA152 has residue index 151
Residue to Mutate LEUA152 has residue index 151
Residue to Mutate LEUA152 has residue index 151
Residue to Mutate LEUA152 has residue index 151
Residue to Mutate LEUA152 has residue index 151
Residue to Mutate LEUA152 has residue index 151
Residue to Mutate LEUA152 has residue index 151
Residue to Mutate LEUA152 has residue index 151
Residue to Mutate LEUA152 has residue index 151
Residue to Mutate LEUA152 has residue index 151
Residue to Mutate LEUA152 has residue index 151
Residue to Mutate ASPA153 has residue index 152
Residue to Mutate ASPA153 has residue index 152
Residue to Mutate ASPA153 has residue index 152
Residue to Mutate ASPA153 has residue index 152
Residue to Mutate ASPA153 has residue index 152
Residue to Mutate ASPA153 has residue index 152
Residue to Mutate ASPA153 has residue index 152
Mutating residue = GLUA150 into GLN
Mutating residue = GLUA150 into ARG
Mutating residue = GLUA150 into SER
Mutating residue = GLUA150 into VAL
Mutating residue = GLUA150 into TRP
Mutating residue = ALAA151 into PHE
Mutating residue = ALAA151 into GLY
Mutating residue = ALAA151 into CYS
Mutating residue = ALAA151 into ASP
Mutating residue = ALAA151 into TYR
Mutating residue = ALAA151 into TRP
Mutating residue = ALAA151 into VAL
Mutating residue = ALAA151 into THR
Mutating residue = ALAA151 into SER
Mutating residue = ALAA151 into GLU
Mutating residue = ALAA151 into ARG
Mutating residue = ALAA151 into PRO
Mutating residue = ALAA151 into ASN
Mutating residue = ALAA151 into MET
Mutating residue = ALAA151 into LEU
Mutating residue = ALAA151 into LYS
Mutating residue = ALAA151 into ILE
Mutating residue = ALAA151 into HIS
Mutating residue = ALAA151 into GLN
Mutating residue = LEUA152 into CYS
Mutating residue = LEUA152 into ASN
Mutating residue = LEUA152 into TRP
Mutating residue = LEUA152 into GLU
Mutating residue = LEUA152 into PHE
Mutating residue = LEUA152 into GLY
Mutating residue = LEUA152 into HIS
Mutating residue = LEUA152 into ILE
Mutating residue = LEUA152 into LYS
Mutating residue = LEUA152 into TYR
Mutating residue = LEUA152 into MET
Mutating residue = LEUA152 into PRO
Mutating residue = LEUA152 into GLN
Mutating residue = LEUA152 into ARG
Mutating residue = LEUA152 into SER
Mutating residue = LEUA152 into THR
Mutating residue = LEUA152 into VAL
Mutating residue = LEUA152 into ALA
Mutating residue = LEUA152 into ASP
Mutating residue = ASPA153 into GLY
Mutating residue = ASPA153 into TYR
Mutating residue = ASPA153 into VAL
Mutating residue = ASPA153 into THR
Mutating residue = ASPA153 into SER
Mutating residue = ASPA153 into ARG
Mutating residue = ASPA153 into GLN
Your file run OK
End time of FoldX: Sat May  9 16:29:30 2026
Total time spend: 731.95 seconds.
validated file "PTEN_2018_1.pdb" => successfully finished
validated file "PTEN_2018_2.pdb" => successfully finished
validated file "PTEN_2018_3.pdb" => successfully finished
validated file "PTEN_2018_4.pdb" => successfully finished
validated file "PTEN_2018_5.pdb" => successfully finished
validated file "PTEN_2018_6.pdb" => successfully finished
validated file "PTEN_2018_7.pdb" => successfully finished
validated file "PTEN_2018_8.pdb" => successfully finished
validated file "PTEN_2018_9.pdb" => successfully finished
validated file "PTEN_2018_10.pdb" => successfully finished
validated file "PTEN_2018_11.pdb" => successfully finished
validated file "PTEN_2018_12.pdb" => successfully finished
validated file "PTEN_2018_13.pdb" => successfully finished
validated file "PTEN_2018_14.pdb" => successfully finished
validated file "PTEN_2018_15.pdb" => successfully finished
validated file "PTEN_2018_16.pdb" => successfully finished
validated file "PTEN_2018_17.pdb" => successfully finished
validated file "PTEN_2018_18.pdb" => successfully finished
validated file "PTEN_2018_19.pdb" => successfully finished
validated file "PTEN_2018_20.pdb" => successfully finished
validated file "PTEN_2018_21.pdb" => successfully finished
validated file "PTEN_2018_22.pdb" => successfully finished
validated file "PTEN_2018_23.pdb" => successfully finished
validated file "PTEN_2018_24.pdb" => successfully finished
validated file "PTEN_2018_25.pdb" => successfully finished
validated file "PTEN_2018_26.pdb" => successfully finished
validated file "PTEN_2018_27.pdb" => successfully finished
validated file "PTEN_2018_28.pdb" => successfully finished
validated file "PTEN_2018_29.pdb" => successfully finished
validated file "PTEN_2018_30.pdb" => successfully finished
validated file "PTEN_2018_31.pdb" => successfully finished
validated file "PTEN_2018_32.pdb" => successfully finished
validated file "PTEN_2018_33.pdb" => successfully finished
validated file "PTEN_2018_34.pdb" => successfully finished
validated file "PTEN_2018_35.pdb" => successfully finished
validated file "PTEN_2018_36.pdb" => successfully finished
validated file "PTEN_2018_37.pdb" => successfully finished
validated file "PTEN_2018_38.pdb" => successfully finished
validated file "PTEN_2018_39.pdb" => successfully finished
validated file "PTEN_2018_40.pdb" => successfully finished
validated file "PTEN_2018_41.pdb" => successfully finished
validated file "PTEN_2018_42.pdb" => successfully finished
validated file "PTEN_2018_43.pdb" => successfully finished
validated file "PTEN_2018_44.pdb" => successfully finished
validated file "PTEN_2018_45.pdb" => successfully finished
validated file "PTEN_2018_46.pdb" => successfully finished
validated file "PTEN_2018_47.pdb" => successfully finished
validated file "PTEN_2018_48.pdb" => successfully finished
validated file "PTEN_2018_49.pdb" => successfully finished
validated file "PTEN_2018_50.pdb" => successfully finished
Cleaning BuildModel...DONE
任务 56 结果提取成功，已映射突变信息。
