   ********************************************
   ***                                      ***
   ***             FoldX 5.1 (c)            ***
   ***                                      ***
   ***     code by the FoldX Consortium     ***
   ***                                      ***
   ***     Jesper Borg, Frederic Rousseau   ***
   ***    Joost Schymkowitz, Luis Serrano   ***
   ***    Peter Vanhee, Erik Verschueren    ***
   ***     Lies Baeten, Javier Delgado      ***
   ***       and Francois Stricher          ***
   *** and any other of the 9! permutations ***
   ***   based on an original concept by    ***
   ***   Raphael Guerois and Luis Serrano   ***
   ********************************************

1 models read: PTEN_2018.pdb
1 models read: PTEN_2018.pdb

BackHbond       =               -226.37
SideHbond       =               -75.43
Energy_VdW      =               -401.42
Electro         =               -29.03
Energy_SolvP    =               556.23
Energy_SolvH    =               -524.04
Energy_vdwclash =               33.14
energy_torsion  =               7.90
backbone_vdwclash=              169.85
Entropy_sidec   =               207.28
Entropy_mainc   =               605.00
water bonds     =               0.00
helix dipole    =               -1.33
loop_entropy    =               0.00
cis_bond        =               0.00
disulfide       =               0.00
kn electrostatic=               0.00
partial covalent interactions = 0.00
Energy_Ionisation =             2.75
Entropy Complex =               0.00
-----------------------------------------------------------
Total          = 				  154.68


BackHbond       =               -226.37
SideHbond       =               -75.43
Energy_VdW      =               -401.42
Electro         =               -29.03
Energy_SolvP    =               556.23
Energy_SolvH    =               -524.04
Energy_vdwclash =               33.14
energy_torsion  =               7.90
backbone_vdwclash=              169.85
Entropy_sidec   =               207.28
Entropy_mainc   =               605.00
water bonds     =               0.00
helix dipole    =               -1.33
loop_entropy    =               0.00
cis_bond        =               0.00
disulfide       =               0.00
kn electrostatic=               0.00
partial covalent interactions = 0.00
Energy_Ionisation =             2.75
Entropy Complex =               0.00
-----------------------------------------------------------
Total          = 				  154.68

Starting BuildModel
Reading NA323Q;
Reading NA323P;
Reading NA323M;
Reading NA323V;
Reading NA323K;
Reading NA323I;
Reading NA323H;
Reading NA323G;
Reading NA323F;
Reading NA323E;
Reading NA323D;
Reading NA323C;
Reading NA323L;
Reading DA324E;
Reading DA324F;
Reading DA324G;
Reading DA324H;
Reading DA324I;
Reading DA324K;
Reading DA324M;
Reading DA324R;
Reading DA324P;
Reading DA324Q;
Reading DA324S;
Reading DA324T;
Reading DA324V;
Reading DA324C;
Reading DA324N;
Reading DA324A;
Reading DA324Y;
Reading DA324W;
Reading LA325A;
Reading LA325C;
Reading LA325D;
Reading LA325E;
Reading LA325F;
Reading LA325G;
Reading LA325H;
Reading LA325W;
Reading LA325Y;
Reading LA325M;
Reading LA325N;
Reading LA325P;
Reading LA325Q;
Reading LA325R;
Reading LA325S;
Reading LA325V;
Reading LA325K;
Reading LA325I;
Reading LA325T;
Residue to Mutate ASNA323 has residue index 322
Residue to Mutate ASNA323 has residue index 322
Residue to Mutate ASNA323 has residue index 322
Residue to Mutate ASNA323 has residue index 322
Residue to Mutate ASNA323 has residue index 322
Residue to Mutate ASNA323 has residue index 322
Residue to Mutate ASNA323 has residue index 322
Residue to Mutate ASNA323 has residue index 322
Residue to Mutate ASNA323 has residue index 322
Residue to Mutate ASNA323 has residue index 322
Residue to Mutate ASNA323 has residue index 322
Residue to Mutate ASNA323 has residue index 322
Residue to Mutate ASNA323 has residue index 322
Residue to Mutate ASPA324 has residue index 323
Residue to Mutate ASPA324 has residue index 323
Residue to Mutate ASPA324 has residue index 323
Residue to Mutate ASPA324 has residue index 323
Residue to Mutate ASPA324 has residue index 323
Residue to Mutate ASPA324 has residue index 323
Residue to Mutate ASPA324 has residue index 323
Residue to Mutate ASPA324 has residue index 323
Residue to Mutate ASPA324 has residue index 323
Residue to Mutate ASPA324 has residue index 323
Residue to Mutate ASPA324 has residue index 323
Residue to Mutate ASPA324 has residue index 323
Residue to Mutate ASPA324 has residue index 323
Residue to Mutate ASPA324 has residue index 323
Residue to Mutate ASPA324 has residue index 323
Residue to Mutate ASPA324 has residue index 323
Residue to Mutate ASPA324 has residue index 323
Residue to Mutate ASPA324 has residue index 323
Residue to Mutate LEUA325 has residue index 324
Residue to Mutate LEUA325 has residue index 324
Residue to Mutate LEUA325 has residue index 324
Residue to Mutate LEUA325 has residue index 324
Residue to Mutate LEUA325 has residue index 324
Residue to Mutate LEUA325 has residue index 324
Residue to Mutate LEUA325 has residue index 324
Residue to Mutate LEUA325 has residue index 324
Residue to Mutate LEUA325 has residue index 324
Residue to Mutate LEUA325 has residue index 324
Residue to Mutate LEUA325 has residue index 324
Residue to Mutate LEUA325 has residue index 324
Residue to Mutate LEUA325 has residue index 324
Residue to Mutate LEUA325 has residue index 324
Residue to Mutate LEUA325 has residue index 324
Residue to Mutate LEUA325 has residue index 324
Residue to Mutate LEUA325 has residue index 324
Residue to Mutate LEUA325 has residue index 324
Residue to Mutate LEUA325 has residue index 324
Mutating residue = ASNA323 into GLN
Mutating residue = ASNA323 into PRO
Mutating residue = ASNA323 into MET
Mutating residue = ASNA323 into VAL
Mutating residue = ASNA323 into LYS
Mutating residue = ASNA323 into ILE
Mutating residue = ASNA323 into HIS
Mutating residue = ASNA323 into GLY
Mutating residue = ASNA323 into PHE
Mutating residue = ASNA323 into GLU
Mutating residue = ASNA323 into ASP
Mutating residue = ASNA323 into CYS
Mutating residue = ASNA323 into LEU
Mutating residue = ASPA324 into GLU
Mutating residue = ASPA324 into PHE
Mutating residue = ASPA324 into GLY
Mutating residue = ASPA324 into HIS
Mutating residue = ASPA324 into ILE
Mutating residue = ASPA324 into LYS
Mutating residue = ASPA324 into MET
Mutating residue = ASPA324 into ARG
Mutating residue = ASPA324 into PRO
Mutating residue = ASPA324 into GLN
Mutating residue = ASPA324 into SER
Mutating residue = ASPA324 into THR
Mutating residue = ASPA324 into VAL
Mutating residue = ASPA324 into CYS
Mutating residue = ASPA324 into ASN
Mutating residue = ASPA324 into ALA
Mutating residue = ASPA324 into TYR
Mutating residue = ASPA324 into TRP
Mutating residue = LEUA325 into ALA
Mutating residue = LEUA325 into CYS
Mutating residue = LEUA325 into ASP
Mutating residue = LEUA325 into GLU
Mutating residue = LEUA325 into PHE
Mutating residue = LEUA325 into GLY
Mutating residue = LEUA325 into HIS
Mutating residue = LEUA325 into TRP
Mutating residue = LEUA325 into TYR
Mutating residue = LEUA325 into MET
Mutating residue = LEUA325 into ASN
Mutating residue = LEUA325 into PRO
Mutating residue = LEUA325 into GLN
Mutating residue = LEUA325 into ARG
Mutating residue = LEUA325 into SER
Mutating residue = LEUA325 into VAL
Mutating residue = LEUA325 into LYS
Mutating residue = LEUA325 into ILE
Mutating residue = LEUA325 into THR
Your file run OK
End time of FoldX: Sat May  9 16:28:31 2026
Total time spend: 674.12 seconds.
validated file "PTEN_2018_1.pdb" => successfully finished
validated file "PTEN_2018_2.pdb" => successfully finished
validated file "PTEN_2018_3.pdb" => successfully finished
validated file "PTEN_2018_4.pdb" => successfully finished
validated file "PTEN_2018_5.pdb" => successfully finished
validated file "PTEN_2018_6.pdb" => successfully finished
validated file "PTEN_2018_7.pdb" => successfully finished
validated file "PTEN_2018_8.pdb" => successfully finished
validated file "PTEN_2018_9.pdb" => successfully finished
validated file "PTEN_2018_10.pdb" => successfully finished
validated file "PTEN_2018_11.pdb" => successfully finished
validated file "PTEN_2018_12.pdb" => successfully finished
validated file "PTEN_2018_13.pdb" => successfully finished
validated file "PTEN_2018_14.pdb" => successfully finished
validated file "PTEN_2018_15.pdb" => successfully finished
validated file "PTEN_2018_16.pdb" => successfully finished
validated file "PTEN_2018_17.pdb" => successfully finished
validated file "PTEN_2018_18.pdb" => successfully finished
validated file "PTEN_2018_19.pdb" => successfully finished
validated file "PTEN_2018_20.pdb" => successfully finished
validated file "PTEN_2018_21.pdb" => successfully finished
validated file "PTEN_2018_22.pdb" => successfully finished
validated file "PTEN_2018_23.pdb" => successfully finished
validated file "PTEN_2018_24.pdb" => successfully finished
validated file "PTEN_2018_25.pdb" => successfully finished
validated file "PTEN_2018_26.pdb" => successfully finished
validated file "PTEN_2018_27.pdb" => successfully finished
validated file "PTEN_2018_28.pdb" => successfully finished
validated file "PTEN_2018_29.pdb" => successfully finished
validated file "PTEN_2018_30.pdb" => successfully finished
validated file "PTEN_2018_31.pdb" => successfully finished
validated file "PTEN_2018_32.pdb" => successfully finished
validated file "PTEN_2018_33.pdb" => successfully finished
validated file "PTEN_2018_34.pdb" => successfully finished
validated file "PTEN_2018_35.pdb" => successfully finished
validated file "PTEN_2018_36.pdb" => successfully finished
validated file "PTEN_2018_37.pdb" => successfully finished
validated file "PTEN_2018_38.pdb" => successfully finished
validated file "PTEN_2018_39.pdb" => successfully finished
validated file "PTEN_2018_40.pdb" => successfully finished
validated file "PTEN_2018_41.pdb" => successfully finished
validated file "PTEN_2018_42.pdb" => successfully finished
validated file "PTEN_2018_43.pdb" => successfully finished
validated file "PTEN_2018_44.pdb" => successfully finished
validated file "PTEN_2018_45.pdb" => successfully finished
validated file "PTEN_2018_46.pdb" => successfully finished
validated file "PTEN_2018_47.pdb" => successfully finished
validated file "PTEN_2018_48.pdb" => successfully finished
validated file "PTEN_2018_49.pdb" => successfully finished
validated file "PTEN_2018_50.pdb" => successfully finished
Cleaning BuildModel...DONE
任务 121 结果提取成功，已映射突变信息。
