   ********************************************
   ***                                      ***
   ***             FoldX 5.1 (c)            ***
   ***                                      ***
   ***     code by the FoldX Consortium     ***
   ***                                      ***
   ***     Jesper Borg, Frederic Rousseau   ***
   ***    Joost Schymkowitz, Luis Serrano   ***
   ***    Peter Vanhee, Erik Verschueren    ***
   ***     Lies Baeten, Javier Delgado      ***
   ***       and Francois Stricher          ***
   *** and any other of the 9! permutations ***
   ***   based on an original concept by    ***
   ***   Raphael Guerois and Luis Serrano   ***
   ********************************************

1 models read: PTEN_2018.pdb
1 models read: PTEN_2018.pdb

BackHbond       =               -226.37
SideHbond       =               -75.43
Energy_VdW      =               -401.42
Electro         =               -29.03
Energy_SolvP    =               556.23
Energy_SolvH    =               -524.04
Energy_vdwclash =               33.14
energy_torsion  =               7.90
backbone_vdwclash=              169.85
Entropy_sidec   =               207.28
Entropy_mainc   =               605.00
water bonds     =               0.00
helix dipole    =               -1.33
loop_entropy    =               0.00
cis_bond        =               0.00
disulfide       =               0.00
kn electrostatic=               0.00
partial covalent interactions = 0.00
Energy_Ionisation =             2.75
Entropy Complex =               0.00
-----------------------------------------------------------
Total          = 				  154.68


BackHbond       =               -226.37
SideHbond       =               -75.43
Energy_VdW      =               -401.42
Electro         =               -29.03
Energy_SolvP    =               556.23
Energy_SolvH    =               -524.04
Energy_vdwclash =               33.14
energy_torsion  =               7.90
backbone_vdwclash=              169.85
Entropy_sidec   =               207.28
Entropy_mainc   =               605.00
water bonds     =               0.00
helix dipole    =               -1.33
loop_entropy    =               0.00
cis_bond        =               0.00
disulfide       =               0.00
kn electrostatic=               0.00
partial covalent interactions = 0.00
Energy_Ionisation =             2.75
Entropy Complex =               0.00
-----------------------------------------------------------
Total          = 				  154.68

Starting BuildModel
Reading VA217P;
Reading VA217N;
Reading VA217M;
Reading VA217W;
Reading VA217K;
Reading VA217I;
Reading VA217H;
Reading VA217G;
Reading VA217F;
Reading VA217E;
Reading VA217D;
Reading VA217L;
Reading CA218S;
Reading CA218R;
Reading CA218Q;
Reading CA218P;
Reading CA218N;
Reading CA218M;
Reading CA218H;
Reading CA218K;
Reading CA218I;
Reading CA218G;
Reading CA218F;
Reading CA218E;
Reading CA218L;
Reading CA218Y;
Reading CA218W;
Reading CA218A;
Reading CA218D;
Reading CA218V;
Reading CA218T;
Reading QA219L;
Reading QA219K;
Reading QA219A;
Reading QA219C;
Reading QA219D;
Reading QA219E;
Reading QA219F;
Reading QA219H;
Reading QA219I;
Reading QA219G;
Reading QA219N;
Reading QA219P;
Reading QA219R;
Reading QA219S;
Reading QA219T;
Reading QA219V;
Reading QA219Y;
Reading QA219W;
Reading QA219M;
Residue to Mutate VALA217 has residue index 216
Residue to Mutate VALA217 has residue index 216
Residue to Mutate VALA217 has residue index 216
Residue to Mutate VALA217 has residue index 216
Residue to Mutate VALA217 has residue index 216
Residue to Mutate VALA217 has residue index 216
Residue to Mutate VALA217 has residue index 216
Residue to Mutate VALA217 has residue index 216
Residue to Mutate VALA217 has residue index 216
Residue to Mutate VALA217 has residue index 216
Residue to Mutate VALA217 has residue index 216
Residue to Mutate VALA217 has residue index 216
Residue to Mutate CYSA218 has residue index 217
Residue to Mutate CYSA218 has residue index 217
Residue to Mutate CYSA218 has residue index 217
Residue to Mutate CYSA218 has residue index 217
Residue to Mutate CYSA218 has residue index 217
Residue to Mutate CYSA218 has residue index 217
Residue to Mutate CYSA218 has residue index 217
Residue to Mutate CYSA218 has residue index 217
Residue to Mutate CYSA218 has residue index 217
Residue to Mutate CYSA218 has residue index 217
Residue to Mutate CYSA218 has residue index 217
Residue to Mutate CYSA218 has residue index 217
Residue to Mutate CYSA218 has residue index 217
Residue to Mutate CYSA218 has residue index 217
Residue to Mutate CYSA218 has residue index 217
Residue to Mutate CYSA218 has residue index 217
Residue to Mutate CYSA218 has residue index 217
Residue to Mutate CYSA218 has residue index 217
Residue to Mutate CYSA218 has residue index 217
Residue to Mutate GLNA219 has residue index 218
Residue to Mutate GLNA219 has residue index 218
Residue to Mutate GLNA219 has residue index 218
Residue to Mutate GLNA219 has residue index 218
Residue to Mutate GLNA219 has residue index 218
Residue to Mutate GLNA219 has residue index 218
Residue to Mutate GLNA219 has residue index 218
Residue to Mutate GLNA219 has residue index 218
Residue to Mutate GLNA219 has residue index 218
Residue to Mutate GLNA219 has residue index 218
Residue to Mutate GLNA219 has residue index 218
Residue to Mutate GLNA219 has residue index 218
Residue to Mutate GLNA219 has residue index 218
Residue to Mutate GLNA219 has residue index 218
Residue to Mutate GLNA219 has residue index 218
Residue to Mutate GLNA219 has residue index 218
Residue to Mutate GLNA219 has residue index 218
Residue to Mutate GLNA219 has residue index 218
Residue to Mutate GLNA219 has residue index 218
Mutating residue = VALA217 into PRO
Mutating residue = VALA217 into ASN
Mutating residue = VALA217 into MET
Mutating residue = VALA217 into TRP
Mutating residue = VALA217 into LYS
Mutating residue = VALA217 into ILE
Mutating residue = VALA217 into HIS
Mutating residue = VALA217 into GLY
Mutating residue = VALA217 into PHE
Mutating residue = VALA217 into GLU
Mutating residue = VALA217 into ASP
Mutating residue = VALA217 into LEU
Mutating residue = CYSA218 into SER
Mutating residue = CYSA218 into ARG
Mutating residue = CYSA218 into GLN
Mutating residue = CYSA218 into PRO
Mutating residue = CYSA218 into ASN
Mutating residue = CYSA218 into MET
Mutating residue = CYSA218 into HIS
Mutating residue = CYSA218 into LYS
Mutating residue = CYSA218 into ILE
Mutating residue = CYSA218 into GLY
Mutating residue = CYSA218 into PHE
Mutating residue = CYSA218 into GLU
Mutating residue = CYSA218 into LEU
Mutating residue = CYSA218 into TYR
Mutating residue = CYSA218 into TRP
Mutating residue = CYSA218 into ALA
Mutating residue = CYSA218 into ASP
Mutating residue = CYSA218 into VAL
Mutating residue = CYSA218 into THR
Mutating residue = GLNA219 into LEU
Mutating residue = GLNA219 into LYS
Mutating residue = GLNA219 into ALA
Mutating residue = GLNA219 into CYS
Mutating residue = GLNA219 into ASP
Mutating residue = GLNA219 into GLU
Mutating residue = GLNA219 into PHE
Mutating residue = GLNA219 into HIS
Mutating residue = GLNA219 into ILE
Mutating residue = GLNA219 into GLY
Mutating residue = GLNA219 into ASN
Mutating residue = GLNA219 into PRO
Mutating residue = GLNA219 into ARG
Mutating residue = GLNA219 into SER
Mutating residue = GLNA219 into THR
Mutating residue = GLNA219 into VAL
Mutating residue = GLNA219 into TYR
Mutating residue = GLNA219 into TRP
Mutating residue = GLNA219 into MET
Your file run OK
End time of FoldX: Sat May  9 16:22:28 2026
Total time spend: 310.04 seconds.
validated file "PTEN_2018_1.pdb" => successfully finished
validated file "PTEN_2018_2.pdb" => successfully finished
validated file "PTEN_2018_3.pdb" => successfully finished
validated file "PTEN_2018_4.pdb" => successfully finished
validated file "PTEN_2018_5.pdb" => successfully finished
validated file "PTEN_2018_6.pdb" => successfully finished
validated file "PTEN_2018_7.pdb" => successfully finished
validated file "PTEN_2018_8.pdb" => successfully finished
validated file "PTEN_2018_9.pdb" => successfully finished
validated file "PTEN_2018_10.pdb" => successfully finished
validated file "PTEN_2018_11.pdb" => successfully finished
validated file "PTEN_2018_12.pdb" => successfully finished
validated file "PTEN_2018_13.pdb" => successfully finished
validated file "PTEN_2018_14.pdb" => successfully finished
validated file "PTEN_2018_15.pdb" => successfully finished
validated file "PTEN_2018_16.pdb" => successfully finished
validated file "PTEN_2018_17.pdb" => successfully finished
validated file "PTEN_2018_18.pdb" => successfully finished
validated file "PTEN_2018_19.pdb" => successfully finished
validated file "PTEN_2018_20.pdb" => successfully finished
validated file "PTEN_2018_21.pdb" => successfully finished
validated file "PTEN_2018_22.pdb" => successfully finished
validated file "PTEN_2018_23.pdb" => successfully finished
validated file "PTEN_2018_24.pdb" => successfully finished
validated file "PTEN_2018_25.pdb" => successfully finished
validated file "PTEN_2018_26.pdb" => successfully finished
validated file "PTEN_2018_27.pdb" => successfully finished
validated file "PTEN_2018_28.pdb" => successfully finished
validated file "PTEN_2018_29.pdb" => successfully finished
validated file "PTEN_2018_30.pdb" => successfully finished
validated file "PTEN_2018_31.pdb" => successfully finished
validated file "PTEN_2018_32.pdb" => successfully finished
validated file "PTEN_2018_33.pdb" => successfully finished
validated file "PTEN_2018_34.pdb" => successfully finished
validated file "PTEN_2018_35.pdb" => successfully finished
validated file "PTEN_2018_36.pdb" => successfully finished
validated file "PTEN_2018_37.pdb" => successfully finished
validated file "PTEN_2018_38.pdb" => successfully finished
validated file "PTEN_2018_39.pdb" => successfully finished
validated file "PTEN_2018_40.pdb" => successfully finished
validated file "PTEN_2018_41.pdb" => successfully finished
validated file "PTEN_2018_42.pdb" => successfully finished
validated file "PTEN_2018_43.pdb" => successfully finished
validated file "PTEN_2018_44.pdb" => successfully finished
validated file "PTEN_2018_45.pdb" => successfully finished
validated file "PTEN_2018_46.pdb" => successfully finished
validated file "PTEN_2018_47.pdb" => successfully finished
validated file "PTEN_2018_48.pdb" => successfully finished
validated file "PTEN_2018_49.pdb" => successfully finished
validated file "PTEN_2018_50.pdb" => successfully finished
Cleaning BuildModel...DONE
任务 81 结果提取成功，已映射突变信息。
