   ********************************************
   ***                                      ***
   ***             FoldX 5.1 (c)            ***
   ***                                      ***
   ***     code by the FoldX Consortium     ***
   ***                                      ***
   ***     Jesper Borg, Frederic Rousseau   ***
   ***    Joost Schymkowitz, Luis Serrano   ***
   ***    Peter Vanhee, Erik Verschueren    ***
   ***     Lies Baeten, Javier Delgado      ***
   ***       and Francois Stricher          ***
   *** and any other of the 9! permutations ***
   ***   based on an original concept by    ***
   ***   Raphael Guerois and Luis Serrano   ***
   ********************************************

1 models read: PTEN_2018.pdb
1 models read: PTEN_2018.pdb

BackHbond       =               -226.37
SideHbond       =               -75.43
Energy_VdW      =               -401.42
Electro         =               -29.03
Energy_SolvP    =               556.23
Energy_SolvH    =               -524.04
Energy_vdwclash =               33.14
energy_torsion  =               7.90
backbone_vdwclash=              169.85
Entropy_sidec   =               207.28
Entropy_mainc   =               605.00
water bonds     =               0.00
helix dipole    =               -1.33
loop_entropy    =               0.00
cis_bond        =               0.00
disulfide       =               0.00
kn electrostatic=               0.00
partial covalent interactions = 0.00
Energy_Ionisation =             2.75
Entropy Complex =               0.00
-----------------------------------------------------------
Total          = 				  154.68


BackHbond       =               -226.37
SideHbond       =               -75.43
Energy_VdW      =               -401.42
Electro         =               -29.03
Energy_SolvP    =               556.23
Energy_SolvH    =               -524.04
Energy_vdwclash =               33.14
energy_torsion  =               7.90
backbone_vdwclash=              169.85
Entropy_sidec   =               207.28
Entropy_mainc   =               605.00
water bonds     =               0.00
helix dipole    =               -1.33
loop_entropy    =               0.00
cis_bond        =               0.00
disulfide       =               0.00
kn electrostatic=               0.00
partial covalent interactions = 0.00
Energy_Ionisation =             2.75
Entropy Complex =               0.00
-----------------------------------------------------------
Total          = 				  154.68

Starting BuildModel
Reading DA92F;
Reading DA92I;
Reading DA92E;
Reading HA93I;
Reading HA93C;
Reading HA93D;
Reading HA93E;
Reading HA93F;
Reading HA93G;
Reading HA93Y;
Reading HA93W;
Reading HA93V;
Reading HA93T;
Reading HA93R;
Reading HA93Q;
Reading HA93P;
Reading HA93N;
Reading HA93M;
Reading HA93L;
Reading HA93K;
Reading HA93S;
Reading HA93A;
Reading NA94W;
Reading NA94Y;
Reading NA94S;
Reading NA94V;
Reading NA94R;
Reading NA94Q;
Reading NA94P;
Reading NA94M;
Reading NA94L;
Reading NA94K;
Reading NA94T;
Reading NA94I;
Reading NA94G;
Reading NA94F;
Reading NA94E;
Reading NA94D;
Reading NA94C;
Reading NA94A;
Reading NA94H;
Reading PA95A;
Reading PA95E;
Reading PA95Y;
Reading PA95F;
Reading PA95G;
Reading PA95H;
Reading PA95I;
Reading PA95K;
Reading PA95L;
Residue to Mutate ASPA92 has residue index 91
Residue to Mutate ASPA92 has residue index 91
Residue to Mutate ASPA92 has residue index 91
Residue to Mutate HISA93 has residue index 92
Residue to Mutate HISA93 has residue index 92
Residue to Mutate HISA93 has residue index 92
Residue to Mutate HISA93 has residue index 92
Residue to Mutate HISA93 has residue index 92
Residue to Mutate HISA93 has residue index 92
Residue to Mutate HISA93 has residue index 92
Residue to Mutate HISA93 has residue index 92
Residue to Mutate HISA93 has residue index 92
Residue to Mutate HISA93 has residue index 92
Residue to Mutate HISA93 has residue index 92
Residue to Mutate HISA93 has residue index 92
Residue to Mutate HISA93 has residue index 92
Residue to Mutate HISA93 has residue index 92
Residue to Mutate HISA93 has residue index 92
Residue to Mutate HISA93 has residue index 92
Residue to Mutate HISA93 has residue index 92
Residue to Mutate HISA93 has residue index 92
Residue to Mutate HISA93 has residue index 92
Residue to Mutate ASNA94 has residue index 93
Residue to Mutate ASNA94 has residue index 93
Residue to Mutate ASNA94 has residue index 93
Residue to Mutate ASNA94 has residue index 93
Residue to Mutate ASNA94 has residue index 93
Residue to Mutate ASNA94 has residue index 93
Residue to Mutate ASNA94 has residue index 93
Residue to Mutate ASNA94 has residue index 93
Residue to Mutate ASNA94 has residue index 93
Residue to Mutate ASNA94 has residue index 93
Residue to Mutate ASNA94 has residue index 93
Residue to Mutate ASNA94 has residue index 93
Residue to Mutate ASNA94 has residue index 93
Residue to Mutate ASNA94 has residue index 93
Residue to Mutate ASNA94 has residue index 93
Residue to Mutate ASNA94 has residue index 93
Residue to Mutate ASNA94 has residue index 93
Residue to Mutate ASNA94 has residue index 93
Residue to Mutate ASNA94 has residue index 93
Residue to Mutate PROA95 has residue index 94
Residue to Mutate PROA95 has residue index 94
Residue to Mutate PROA95 has residue index 94
Residue to Mutate PROA95 has residue index 94
Residue to Mutate PROA95 has residue index 94
Residue to Mutate PROA95 has residue index 94
Residue to Mutate PROA95 has residue index 94
Residue to Mutate PROA95 has residue index 94
Residue to Mutate PROA95 has residue index 94
Mutating residue = ASPA92 into PHE
Mutating residue = ASPA92 into ILE
Mutating residue = ASPA92 into GLU
Mutating residue = HISA93 into ILE
Mutating residue = HISA93 into CYS
Mutating residue = HISA93 into ASP
Mutating residue = HISA93 into GLU
Mutating residue = HISA93 into PHE
Mutating residue = HISA93 into GLY
Mutating residue = HISA93 into TYR
Mutating residue = HISA93 into TRP
Mutating residue = HISA93 into VAL
Mutating residue = HISA93 into THR
Mutating residue = HISA93 into ARG
Mutating residue = HISA93 into GLN
Mutating residue = HISA93 into PRO
Mutating residue = HISA93 into ASN
Mutating residue = HISA93 into MET
Mutating residue = HISA93 into LEU
Mutating residue = HISA93 into LYS
Mutating residue = HISA93 into SER
Mutating residue = HISA93 into ALA
Mutating residue = ASNA94 into TRP
Mutating residue = ASNA94 into TYR
Mutating residue = ASNA94 into SER
Mutating residue = ASNA94 into VAL
Mutating residue = ASNA94 into ARG
Mutating residue = ASNA94 into GLN
Mutating residue = ASNA94 into PRO
Mutating residue = ASNA94 into MET
Mutating residue = ASNA94 into LEU
Mutating residue = ASNA94 into LYS
Mutating residue = ASNA94 into THR
Mutating residue = ASNA94 into ILE
Mutating residue = ASNA94 into GLY
Mutating residue = ASNA94 into PHE
Mutating residue = ASNA94 into GLU
Mutating residue = ASNA94 into ASP
Mutating residue = ASNA94 into CYS
Mutating residue = ASNA94 into ALA
Mutating residue = ASNA94 into HIS
Mutating residue = PROA95 into ALA
Mutating residue = PROA95 into GLU
Mutating residue = PROA95 into TYR
Mutating residue = PROA95 into PHE
Mutating residue = PROA95 into GLY
Mutating residue = PROA95 into HIS
Mutating residue = PROA95 into ILE
Mutating residue = PROA95 into LYS
Mutating residue = PROA95 into LEU
Your file run OK
End time of FoldX: Sat May  9 16:32:26 2026
Total time spend: 909.21 seconds.
validated file "PTEN_2018_1.pdb" => successfully finished
validated file "PTEN_2018_2.pdb" => successfully finished
validated file "PTEN_2018_3.pdb" => successfully finished
validated file "PTEN_2018_4.pdb" => successfully finished
validated file "PTEN_2018_5.pdb" => successfully finished
validated file "PTEN_2018_6.pdb" => successfully finished
validated file "PTEN_2018_7.pdb" => successfully finished
validated file "PTEN_2018_8.pdb" => successfully finished
validated file "PTEN_2018_9.pdb" => successfully finished
validated file "PTEN_2018_10.pdb" => successfully finished
validated file "PTEN_2018_11.pdb" => successfully finished
validated file "PTEN_2018_12.pdb" => successfully finished
validated file "PTEN_2018_13.pdb" => successfully finished
validated file "PTEN_2018_14.pdb" => successfully finished
validated file "PTEN_2018_15.pdb" => successfully finished
validated file "PTEN_2018_16.pdb" => successfully finished
validated file "PTEN_2018_17.pdb" => successfully finished
validated file "PTEN_2018_18.pdb" => successfully finished
validated file "PTEN_2018_19.pdb" => successfully finished
validated file "PTEN_2018_20.pdb" => successfully finished
validated file "PTEN_2018_21.pdb" => successfully finished
validated file "PTEN_2018_22.pdb" => successfully finished
validated file "PTEN_2018_23.pdb" => successfully finished
validated file "PTEN_2018_24.pdb" => successfully finished
validated file "PTEN_2018_25.pdb" => successfully finished
validated file "PTEN_2018_26.pdb" => successfully finished
validated file "PTEN_2018_27.pdb" => successfully finished
validated file "PTEN_2018_28.pdb" => successfully finished
validated file "PTEN_2018_29.pdb" => successfully finished
validated file "PTEN_2018_30.pdb" => successfully finished
validated file "PTEN_2018_31.pdb" => successfully finished
validated file "PTEN_2018_32.pdb" => successfully finished
validated file "PTEN_2018_33.pdb" => successfully finished
validated file "PTEN_2018_34.pdb" => successfully finished
validated file "PTEN_2018_35.pdb" => successfully finished
validated file "PTEN_2018_36.pdb" => successfully finished
validated file "PTEN_2018_37.pdb" => successfully finished
validated file "PTEN_2018_38.pdb" => successfully finished
validated file "PTEN_2018_39.pdb" => successfully finished
validated file "PTEN_2018_40.pdb" => successfully finished
validated file "PTEN_2018_41.pdb" => successfully finished
validated file "PTEN_2018_42.pdb" => successfully finished
validated file "PTEN_2018_43.pdb" => successfully finished
validated file "PTEN_2018_44.pdb" => successfully finished
validated file "PTEN_2018_45.pdb" => successfully finished
validated file "PTEN_2018_46.pdb" => successfully finished
validated file "PTEN_2018_47.pdb" => successfully finished
validated file "PTEN_2018_48.pdb" => successfully finished
validated file "PTEN_2018_49.pdb" => successfully finished
validated file "PTEN_2018_50.pdb" => successfully finished
Cleaning BuildModel...DONE
任务 34 结果提取成功，已映射突变信息。
