   ********************************************
   ***                                      ***
   ***             FoldX 5.1 (c)            ***
   ***                                      ***
   ***     code by the FoldX Consortium     ***
   ***                                      ***
   ***     Jesper Borg, Frederic Rousseau   ***
   ***    Joost Schymkowitz, Luis Serrano   ***
   ***    Peter Vanhee, Erik Verschueren    ***
   ***     Lies Baeten, Javier Delgado      ***
   ***       and Francois Stricher          ***
   *** and any other of the 9! permutations ***
   ***   based on an original concept by    ***
   ***   Raphael Guerois and Luis Serrano   ***
   ********************************************

1 models read: PTEN_2018.pdb
1 models read: PTEN_2018.pdb

BackHbond       =               -226.37
SideHbond       =               -75.43
Energy_VdW      =               -401.42
Electro         =               -29.03
Energy_SolvP    =               556.23
Energy_SolvH    =               -524.04
Energy_vdwclash =               33.14
energy_torsion  =               7.90
backbone_vdwclash=              169.85
Entropy_sidec   =               207.28
Entropy_mainc   =               605.00
water bonds     =               0.00
helix dipole    =               -1.33
loop_entropy    =               0.00
cis_bond        =               0.00
disulfide       =               0.00
kn electrostatic=               0.00
partial covalent interactions = 0.00
Energy_Ionisation =             2.75
Entropy Complex =               0.00
-----------------------------------------------------------
Total          = 				  154.68


BackHbond       =               -226.37
SideHbond       =               -75.43
Energy_VdW      =               -401.42
Electro         =               -29.03
Energy_SolvP    =               556.23
Energy_SolvH    =               -524.04
Energy_vdwclash =               33.14
energy_torsion  =               7.90
backbone_vdwclash=              169.85
Entropy_sidec   =               207.28
Entropy_mainc   =               605.00
water bonds     =               0.00
helix dipole    =               -1.33
loop_entropy    =               0.00
cis_bond        =               0.00
disulfide       =               0.00
kn electrostatic=               0.00
partial covalent interactions = 0.00
Energy_Ionisation =             2.75
Entropy Complex =               0.00
-----------------------------------------------------------
Total          = 				  154.68

Starting BuildModel
Reading AA79W;
Reading AA79H;
Reading AA79I;
Reading AA79C;
Reading AA79D;
Reading AA79E;
Reading KA80L;
Reading KA80N;
Reading KA80P;
Reading KA80Q;
Reading KA80M;
Reading KA80R;
Reading KA80S;
Reading KA80T;
Reading KA80W;
Reading KA80V;
Reading KA80A;
Reading KA80C;
Reading KA80D;
Reading KA80E;
Reading KA80F;
Reading KA80G;
Reading KA80H;
Reading KA80I;
Reading KA80Y;
Reading FA81N;
Reading FA81V;
Reading FA81T;
Reading FA81S;
Reading FA81R;
Reading FA81Q;
Reading FA81M;
Reading FA81C;
Reading FA81K;
Reading FA81I;
Reading FA81H;
Reading FA81G;
Reading FA81E;
Reading FA81D;
Reading FA81A;
Reading FA81W;
Reading FA81L;
Reading FA81Y;
Reading FA81P;
Reading NA82E;
Reading NA82D;
Reading NA82F;
Reading NA82G;
Reading NA82H;
Reading NA82I;
Residue to Mutate ALAA79 has residue index 78
Residue to Mutate ALAA79 has residue index 78
Residue to Mutate ALAA79 has residue index 78
Residue to Mutate ALAA79 has residue index 78
Residue to Mutate ALAA79 has residue index 78
Residue to Mutate ALAA79 has residue index 78
Residue to Mutate LYSA80 has residue index 79
Residue to Mutate LYSA80 has residue index 79
Residue to Mutate LYSA80 has residue index 79
Residue to Mutate LYSA80 has residue index 79
Residue to Mutate LYSA80 has residue index 79
Residue to Mutate LYSA80 has residue index 79
Residue to Mutate LYSA80 has residue index 79
Residue to Mutate LYSA80 has residue index 79
Residue to Mutate LYSA80 has residue index 79
Residue to Mutate LYSA80 has residue index 79
Residue to Mutate LYSA80 has residue index 79
Residue to Mutate LYSA80 has residue index 79
Residue to Mutate LYSA80 has residue index 79
Residue to Mutate LYSA80 has residue index 79
Residue to Mutate LYSA80 has residue index 79
Residue to Mutate LYSA80 has residue index 79
Residue to Mutate LYSA80 has residue index 79
Residue to Mutate LYSA80 has residue index 79
Residue to Mutate LYSA80 has residue index 79
Residue to Mutate PHEA81 has residue index 80
Residue to Mutate PHEA81 has residue index 80
Residue to Mutate PHEA81 has residue index 80
Residue to Mutate PHEA81 has residue index 80
Residue to Mutate PHEA81 has residue index 80
Residue to Mutate PHEA81 has residue index 80
Residue to Mutate PHEA81 has residue index 80
Residue to Mutate PHEA81 has residue index 80
Residue to Mutate PHEA81 has residue index 80
Residue to Mutate PHEA81 has residue index 80
Residue to Mutate PHEA81 has residue index 80
Residue to Mutate PHEA81 has residue index 80
Residue to Mutate PHEA81 has residue index 80
Residue to Mutate PHEA81 has residue index 80
Residue to Mutate PHEA81 has residue index 80
Residue to Mutate PHEA81 has residue index 80
Residue to Mutate PHEA81 has residue index 80
Residue to Mutate PHEA81 has residue index 80
Residue to Mutate PHEA81 has residue index 80
Residue to Mutate ASNA82 has residue index 81
Residue to Mutate ASNA82 has residue index 81
Residue to Mutate ASNA82 has residue index 81
Residue to Mutate ASNA82 has residue index 81
Residue to Mutate ASNA82 has residue index 81
Residue to Mutate ASNA82 has residue index 81
Mutating residue = ALAA79 into TRP
Mutating residue = ALAA79 into HIS
Mutating residue = ALAA79 into ILE
Mutating residue = ALAA79 into CYS
Mutating residue = ALAA79 into ASP
Mutating residue = ALAA79 into GLU
Mutating residue = LYSA80 into LEU
Mutating residue = LYSA80 into ASN
Mutating residue = LYSA80 into PRO
Mutating residue = LYSA80 into GLN
Mutating residue = LYSA80 into MET
Mutating residue = LYSA80 into ARG
Mutating residue = LYSA80 into SER
Mutating residue = LYSA80 into THR
Mutating residue = LYSA80 into TRP
Mutating residue = LYSA80 into VAL
Mutating residue = LYSA80 into ALA
Mutating residue = LYSA80 into CYS
Mutating residue = LYSA80 into ASP
Mutating residue = LYSA80 into GLU
Mutating residue = LYSA80 into PHE
Mutating residue = LYSA80 into GLY
Mutating residue = LYSA80 into HIS
Mutating residue = LYSA80 into ILE
Mutating residue = LYSA80 into TYR
Mutating residue = PHEA81 into ASN
Mutating residue = PHEA81 into VAL
Mutating residue = PHEA81 into THR
Mutating residue = PHEA81 into SER
Mutating residue = PHEA81 into ARG
Mutating residue = PHEA81 into GLN
Mutating residue = PHEA81 into MET
Mutating residue = PHEA81 into CYS
Mutating residue = PHEA81 into LYS
Mutating residue = PHEA81 into ILE
Mutating residue = PHEA81 into HIS
Mutating residue = PHEA81 into GLY
Mutating residue = PHEA81 into GLU
Mutating residue = PHEA81 into ASP
Mutating residue = PHEA81 into ALA
Mutating residue = PHEA81 into TRP
Mutating residue = PHEA81 into LEU
Mutating residue = PHEA81 into TYR
Mutating residue = PHEA81 into PRO
Mutating residue = ASNA82 into GLU
Mutating residue = ASNA82 into ASP
Mutating residue = ASNA82 into PHE
Mutating residue = ASNA82 into GLY
Mutating residue = ASNA82 into HIS
Mutating residue = ASNA82 into ILE
Your file run OK
End time of FoldX: Sat May  9 16:30:20 2026
Total time spend: 785.37 seconds.
validated file "PTEN_2018_1.pdb" => successfully finished
validated file "PTEN_2018_2.pdb" => successfully finished
validated file "PTEN_2018_3.pdb" => successfully finished
validated file "PTEN_2018_4.pdb" => successfully finished
validated file "PTEN_2018_5.pdb" => successfully finished
validated file "PTEN_2018_6.pdb" => successfully finished
validated file "PTEN_2018_7.pdb" => successfully finished
validated file "PTEN_2018_8.pdb" => successfully finished
validated file "PTEN_2018_9.pdb" => successfully finished
validated file "PTEN_2018_10.pdb" => successfully finished
validated file "PTEN_2018_11.pdb" => successfully finished
validated file "PTEN_2018_12.pdb" => successfully finished
validated file "PTEN_2018_13.pdb" => successfully finished
validated file "PTEN_2018_14.pdb" => successfully finished
validated file "PTEN_2018_15.pdb" => successfully finished
validated file "PTEN_2018_16.pdb" => successfully finished
validated file "PTEN_2018_17.pdb" => successfully finished
validated file "PTEN_2018_18.pdb" => successfully finished
validated file "PTEN_2018_19.pdb" => successfully finished
validated file "PTEN_2018_20.pdb" => successfully finished
validated file "PTEN_2018_21.pdb" => successfully finished
validated file "PTEN_2018_22.pdb" => successfully finished
validated file "PTEN_2018_23.pdb" => successfully finished
validated file "PTEN_2018_24.pdb" => successfully finished
validated file "PTEN_2018_25.pdb" => successfully finished
validated file "PTEN_2018_26.pdb" => successfully finished
validated file "PTEN_2018_27.pdb" => successfully finished
validated file "PTEN_2018_28.pdb" => successfully finished
validated file "PTEN_2018_29.pdb" => successfully finished
validated file "PTEN_2018_30.pdb" => successfully finished
validated file "PTEN_2018_31.pdb" => successfully finished
validated file "PTEN_2018_32.pdb" => successfully finished
validated file "PTEN_2018_33.pdb" => successfully finished
validated file "PTEN_2018_34.pdb" => successfully finished
validated file "PTEN_2018_35.pdb" => successfully finished
validated file "PTEN_2018_36.pdb" => successfully finished
validated file "PTEN_2018_37.pdb" => successfully finished
validated file "PTEN_2018_38.pdb" => successfully finished
validated file "PTEN_2018_39.pdb" => successfully finished
validated file "PTEN_2018_40.pdb" => successfully finished
validated file "PTEN_2018_41.pdb" => successfully finished
validated file "PTEN_2018_42.pdb" => successfully finished
validated file "PTEN_2018_43.pdb" => successfully finished
validated file "PTEN_2018_44.pdb" => successfully finished
validated file "PTEN_2018_45.pdb" => successfully finished
validated file "PTEN_2018_46.pdb" => successfully finished
validated file "PTEN_2018_47.pdb" => successfully finished
validated file "PTEN_2018_48.pdb" => successfully finished
validated file "PTEN_2018_49.pdb" => successfully finished
validated file "PTEN_2018_50.pdb" => successfully finished
Cleaning BuildModel...DONE
任务 29 结果提取成功，已映射突变信息。
