   ********************************************
   ***                                      ***
   ***             FoldX 5.1 (c)            ***
   ***                                      ***
   ***     code by the FoldX Consortium     ***
   ***                                      ***
   ***     Jesper Borg, Frederic Rousseau   ***
   ***    Joost Schymkowitz, Luis Serrano   ***
   ***    Peter Vanhee, Erik Verschueren    ***
   ***     Lies Baeten, Javier Delgado      ***
   ***       and Francois Stricher          ***
   *** and any other of the 9! permutations ***
   ***   based on an original concept by    ***
   ***   Raphael Guerois and Luis Serrano   ***
   ********************************************

1 models read: PTEN_2018.pdb
1 models read: PTEN_2018.pdb

BackHbond       =               -226.37
SideHbond       =               -75.43
Energy_VdW      =               -401.42
Electro         =               -29.03
Energy_SolvP    =               556.23
Energy_SolvH    =               -524.04
Energy_vdwclash =               33.14
energy_torsion  =               7.90
backbone_vdwclash=              169.85
Entropy_sidec   =               207.28
Entropy_mainc   =               605.00
water bonds     =               0.00
helix dipole    =               -1.33
loop_entropy    =               0.00
cis_bond        =               0.00
disulfide       =               0.00
kn electrostatic=               0.00
partial covalent interactions = 0.00
Energy_Ionisation =             2.75
Entropy Complex =               0.00
-----------------------------------------------------------
Total          = 				  154.68


BackHbond       =               -226.37
SideHbond       =               -75.43
Energy_VdW      =               -401.42
Electro         =               -29.03
Energy_SolvP    =               556.23
Energy_SolvH    =               -524.04
Energy_vdwclash =               33.14
energy_torsion  =               7.90
backbone_vdwclash=              169.85
Entropy_sidec   =               207.28
Entropy_mainc   =               605.00
water bonds     =               0.00
helix dipole    =               -1.33
loop_entropy    =               0.00
cis_bond        =               0.00
disulfide       =               0.00
kn electrostatic=               0.00
partial covalent interactions = 0.00
Energy_Ionisation =             2.75
Entropy Complex =               0.00
-----------------------------------------------------------
Total          = 				  154.68

Starting BuildModel
Reading VA166K;
Reading VA166I;
Reading VA166E;
Reading VA166F;
Reading VA166H;
Reading VA166G;
Reading VA166M;
Reading VA166C;
Reading VA166W;
Reading TA167C;
Reading TA167A;
Reading TA167D;
Reading TA167E;
Reading TA167F;
Reading TA167G;
Reading TA167H;
Reading TA167I;
Reading TA167K;
Reading TA167L;
Reading TA167M;
Reading TA167N;
Reading TA167Q;
Reading TA167R;
Reading TA167S;
Reading TA167V;
Reading TA167W;
Reading TA167Y;
Reading TA167P;
Reading IA168H;
Reading IA168E;
Reading IA168D;
Reading IA168C;
Reading IA168A;
Reading IA168F;
Reading IA168K;
Reading IA168G;
Reading IA168M;
Reading IA168L;
Reading IA168Y;
Reading IA168W;
Reading IA168T;
Reading IA168S;
Reading IA168V;
Reading IA168Q;
Reading IA168P;
Reading IA168N;
Reading IA168R;
Reading PA169V;
Reading PA169Q;
Reading PA169T;
Residue to Mutate VALA166 has residue index 165
Residue to Mutate VALA166 has residue index 165
Residue to Mutate VALA166 has residue index 165
Residue to Mutate VALA166 has residue index 165
Residue to Mutate VALA166 has residue index 165
Residue to Mutate VALA166 has residue index 165
Residue to Mutate VALA166 has residue index 165
Residue to Mutate VALA166 has residue index 165
Residue to Mutate VALA166 has residue index 165
Residue to Mutate THRA167 has residue index 166
Residue to Mutate THRA167 has residue index 166
Residue to Mutate THRA167 has residue index 166
Residue to Mutate THRA167 has residue index 166
Residue to Mutate THRA167 has residue index 166
Residue to Mutate THRA167 has residue index 166
Residue to Mutate THRA167 has residue index 166
Residue to Mutate THRA167 has residue index 166
Residue to Mutate THRA167 has residue index 166
Residue to Mutate THRA167 has residue index 166
Residue to Mutate THRA167 has residue index 166
Residue to Mutate THRA167 has residue index 166
Residue to Mutate THRA167 has residue index 166
Residue to Mutate THRA167 has residue index 166
Residue to Mutate THRA167 has residue index 166
Residue to Mutate THRA167 has residue index 166
Residue to Mutate THRA167 has residue index 166
Residue to Mutate THRA167 has residue index 166
Residue to Mutate THRA167 has residue index 166
Residue to Mutate ILEA168 has residue index 167
Residue to Mutate ILEA168 has residue index 167
Residue to Mutate ILEA168 has residue index 167
Residue to Mutate ILEA168 has residue index 167
Residue to Mutate ILEA168 has residue index 167
Residue to Mutate ILEA168 has residue index 167
Residue to Mutate ILEA168 has residue index 167
Residue to Mutate ILEA168 has residue index 167
Residue to Mutate ILEA168 has residue index 167
Residue to Mutate ILEA168 has residue index 167
Residue to Mutate ILEA168 has residue index 167
Residue to Mutate ILEA168 has residue index 167
Residue to Mutate ILEA168 has residue index 167
Residue to Mutate ILEA168 has residue index 167
Residue to Mutate ILEA168 has residue index 167
Residue to Mutate ILEA168 has residue index 167
Residue to Mutate ILEA168 has residue index 167
Residue to Mutate ILEA168 has residue index 167
Residue to Mutate ILEA168 has residue index 167
Residue to Mutate PROA169 has residue index 168
Residue to Mutate PROA169 has residue index 168
Residue to Mutate PROA169 has residue index 168
Mutating residue = VALA166 into LYS
Mutating residue = VALA166 into ILE
Mutating residue = VALA166 into GLU
Mutating residue = VALA166 into PHE
Mutating residue = VALA166 into HIS
Mutating residue = VALA166 into GLY
Mutating residue = VALA166 into MET
Mutating residue = VALA166 into CYS
Mutating residue = VALA166 into TRP
Mutating residue = THRA167 into CYS
Mutating residue = THRA167 into ALA
Mutating residue = THRA167 into ASP
Mutating residue = THRA167 into GLU
Mutating residue = THRA167 into PHE
Mutating residue = THRA167 into GLY
Mutating residue = THRA167 into HIS
Mutating residue = THRA167 into ILE
Mutating residue = THRA167 into LYS
Mutating residue = THRA167 into LEU
Mutating residue = THRA167 into MET
Mutating residue = THRA167 into ASN
Mutating residue = THRA167 into GLN
Mutating residue = THRA167 into ARG
Mutating residue = THRA167 into SER
Mutating residue = THRA167 into VAL
Mutating residue = THRA167 into TRP
Mutating residue = THRA167 into TYR
Mutating residue = THRA167 into PRO
Mutating residue = ILEA168 into HIS
Mutating residue = ILEA168 into GLU
Mutating residue = ILEA168 into ASP
Mutating residue = ILEA168 into CYS
Mutating residue = ILEA168 into ALA
Mutating residue = ILEA168 into PHE
Mutating residue = ILEA168 into LYS
Mutating residue = ILEA168 into GLY
Mutating residue = ILEA168 into MET
Mutating residue = ILEA168 into LEU
Mutating residue = ILEA168 into TYR
Mutating residue = ILEA168 into TRP
Mutating residue = ILEA168 into THR
Mutating residue = ILEA168 into SER
Mutating residue = ILEA168 into VAL
Mutating residue = ILEA168 into GLN
Mutating residue = ILEA168 into PRO
Mutating residue = ILEA168 into ASN
Mutating residue = ILEA168 into ARG
Mutating residue = PROA169 into VAL
Mutating residue = PROA169 into GLN
Mutating residue = PROA169 into THR
Your file run OK
End time of FoldX: Sat May  9 16:38:58 2026
Total time spend: 1297.64 seconds.
validated file "PTEN_2018_1.pdb" => successfully finished
validated file "PTEN_2018_2.pdb" => successfully finished
validated file "PTEN_2018_3.pdb" => successfully finished
validated file "PTEN_2018_4.pdb" => successfully finished
validated file "PTEN_2018_5.pdb" => successfully finished
validated file "PTEN_2018_6.pdb" => successfully finished
validated file "PTEN_2018_7.pdb" => successfully finished
validated file "PTEN_2018_8.pdb" => successfully finished
validated file "PTEN_2018_9.pdb" => successfully finished
validated file "PTEN_2018_10.pdb" => successfully finished
validated file "PTEN_2018_11.pdb" => successfully finished
validated file "PTEN_2018_12.pdb" => successfully finished
validated file "PTEN_2018_13.pdb" => successfully finished
validated file "PTEN_2018_14.pdb" => successfully finished
validated file "PTEN_2018_15.pdb" => successfully finished
validated file "PTEN_2018_16.pdb" => successfully finished
validated file "PTEN_2018_17.pdb" => successfully finished
validated file "PTEN_2018_18.pdb" => successfully finished
validated file "PTEN_2018_19.pdb" => successfully finished
validated file "PTEN_2018_20.pdb" => successfully finished
validated file "PTEN_2018_21.pdb" => successfully finished
validated file "PTEN_2018_22.pdb" => successfully finished
validated file "PTEN_2018_23.pdb" => successfully finished
validated file "PTEN_2018_24.pdb" => successfully finished
validated file "PTEN_2018_25.pdb" => successfully finished
validated file "PTEN_2018_26.pdb" => successfully finished
validated file "PTEN_2018_27.pdb" => successfully finished
validated file "PTEN_2018_28.pdb" => successfully finished
validated file "PTEN_2018_29.pdb" => successfully finished
validated file "PTEN_2018_30.pdb" => successfully finished
validated file "PTEN_2018_31.pdb" => successfully finished
validated file "PTEN_2018_32.pdb" => successfully finished
validated file "PTEN_2018_33.pdb" => successfully finished
validated file "PTEN_2018_34.pdb" => successfully finished
validated file "PTEN_2018_35.pdb" => successfully finished
validated file "PTEN_2018_36.pdb" => successfully finished
validated file "PTEN_2018_37.pdb" => successfully finished
validated file "PTEN_2018_38.pdb" => successfully finished
validated file "PTEN_2018_39.pdb" => successfully finished
validated file "PTEN_2018_40.pdb" => successfully finished
validated file "PTEN_2018_41.pdb" => successfully finished
validated file "PTEN_2018_42.pdb" => successfully finished
validated file "PTEN_2018_43.pdb" => successfully finished
validated file "PTEN_2018_44.pdb" => successfully finished
validated file "PTEN_2018_45.pdb" => successfully finished
validated file "PTEN_2018_46.pdb" => successfully finished
validated file "PTEN_2018_47.pdb" => successfully finished
validated file "PTEN_2018_48.pdb" => successfully finished
validated file "PTEN_2018_49.pdb" => successfully finished
validated file "PTEN_2018_50.pdb" => successfully finished
Cleaning BuildModel...DONE
任务 62 结果提取成功，已映射突变信息。
