   ********************************************
   ***                                      ***
   ***             FoldX 5.1 (c)            ***
   ***                                      ***
   ***     code by the FoldX Consortium     ***
   ***                                      ***
   ***     Jesper Borg, Frederic Rousseau   ***
   ***    Joost Schymkowitz, Luis Serrano   ***
   ***    Peter Vanhee, Erik Verschueren    ***
   ***     Lies Baeten, Javier Delgado      ***
   ***       and Francois Stricher          ***
   *** and any other of the 9! permutations ***
   ***   based on an original concept by    ***
   ***   Raphael Guerois and Luis Serrano   ***
   ********************************************

1 models read: PTEN_2018.pdb
1 models read: PTEN_2018.pdb

BackHbond       =               -226.37
SideHbond       =               -75.43
Energy_VdW      =               -401.42
Electro         =               -29.03
Energy_SolvP    =               556.23
Energy_SolvH    =               -524.04
Energy_vdwclash =               33.14
energy_torsion  =               7.90
backbone_vdwclash=              169.85
Entropy_sidec   =               207.28
Entropy_mainc   =               605.00
water bonds     =               0.00
helix dipole    =               -1.33
loop_entropy    =               0.00
cis_bond        =               0.00
disulfide       =               0.00
kn electrostatic=               0.00
partial covalent interactions = 0.00
Energy_Ionisation =             2.75
Entropy Complex =               0.00
-----------------------------------------------------------
Total          = 				  154.68


BackHbond       =               -226.37
SideHbond       =               -75.43
Energy_VdW      =               -401.42
Electro         =               -29.03
Energy_SolvP    =               556.23
Energy_SolvH    =               -524.04
Energy_vdwclash =               33.14
energy_torsion  =               7.90
backbone_vdwclash=              169.85
Entropy_sidec   =               207.28
Entropy_mainc   =               605.00
water bonds     =               0.00
helix dipole    =               -1.33
loop_entropy    =               0.00
cis_bond        =               0.00
disulfide       =               0.00
kn electrostatic=               0.00
partial covalent interactions = 0.00
Energy_Ionisation =             2.75
Entropy Complex =               0.00
-----------------------------------------------------------
Total          = 				  154.68

Starting BuildModel
Reading VA53Q;
Reading VA53P;
Reading VA53N;
Reading VA53L;
Reading VA53K;
Reading VA53G;
Reading VA53W;
Reading VA53E;
Reading VA53D;
Reading VA53C;
Reading VA53F;
Reading VA53A;
Reading VA54G;
Reading VA54Y;
Reading VA54A;
Reading VA54C;
Reading VA54D;
Reading VA54E;
Reading VA54F;
Reading VA54W;
Reading VA54S;
Reading VA54T;
Reading VA54Q;
Reading VA54P;
Reading VA54N;
Reading VA54M;
Reading VA54L;
Reading VA54K;
Reading VA54I;
Reading VA54H;
Reading VA54R;
Reading RA55M;
Reading RA55N;
Reading RA55P;
Reading RA55Q;
Reading RA55H;
Reading RA55T;
Reading RA55V;
Reading RA55W;
Reading RA55Y;
Reading RA55S;
Reading RA55L;
Reading RA55C;
Reading RA55I;
Reading RA55G;
Reading RA55F;
Reading RA55E;
Reading RA55D;
Reading RA55A;
Reading RA55K;
Residue to Mutate VALA53 has residue index 52
Residue to Mutate VALA53 has residue index 52
Residue to Mutate VALA53 has residue index 52
Residue to Mutate VALA53 has residue index 52
Residue to Mutate VALA53 has residue index 52
Residue to Mutate VALA53 has residue index 52
Residue to Mutate VALA53 has residue index 52
Residue to Mutate VALA53 has residue index 52
Residue to Mutate VALA53 has residue index 52
Residue to Mutate VALA53 has residue index 52
Residue to Mutate VALA53 has residue index 52
Residue to Mutate VALA53 has residue index 52
Residue to Mutate VALA54 has residue index 53
Residue to Mutate VALA54 has residue index 53
Residue to Mutate VALA54 has residue index 53
Residue to Mutate VALA54 has residue index 53
Residue to Mutate VALA54 has residue index 53
Residue to Mutate VALA54 has residue index 53
Residue to Mutate VALA54 has residue index 53
Residue to Mutate VALA54 has residue index 53
Residue to Mutate VALA54 has residue index 53
Residue to Mutate VALA54 has residue index 53
Residue to Mutate VALA54 has residue index 53
Residue to Mutate VALA54 has residue index 53
Residue to Mutate VALA54 has residue index 53
Residue to Mutate VALA54 has residue index 53
Residue to Mutate VALA54 has residue index 53
Residue to Mutate VALA54 has residue index 53
Residue to Mutate VALA54 has residue index 53
Residue to Mutate VALA54 has residue index 53
Residue to Mutate VALA54 has residue index 53
Residue to Mutate ARGA55 has residue index 54
Residue to Mutate ARGA55 has residue index 54
Residue to Mutate ARGA55 has residue index 54
Residue to Mutate ARGA55 has residue index 54
Residue to Mutate ARGA55 has residue index 54
Residue to Mutate ARGA55 has residue index 54
Residue to Mutate ARGA55 has residue index 54
Residue to Mutate ARGA55 has residue index 54
Residue to Mutate ARGA55 has residue index 54
Residue to Mutate ARGA55 has residue index 54
Residue to Mutate ARGA55 has residue index 54
Residue to Mutate ARGA55 has residue index 54
Residue to Mutate ARGA55 has residue index 54
Residue to Mutate ARGA55 has residue index 54
Residue to Mutate ARGA55 has residue index 54
Residue to Mutate ARGA55 has residue index 54
Residue to Mutate ARGA55 has residue index 54
Residue to Mutate ARGA55 has residue index 54
Residue to Mutate ARGA55 has residue index 54
Mutating residue = VALA53 into GLN
Mutating residue = VALA53 into PRO
Mutating residue = VALA53 into ASN
Mutating residue = VALA53 into LEU
Mutating residue = VALA53 into LYS
Mutating residue = VALA53 into GLY
Mutating residue = VALA53 into TRP
Mutating residue = VALA53 into GLU
Mutating residue = VALA53 into ASP
Mutating residue = VALA53 into CYS
Mutating residue = VALA53 into PHE
Mutating residue = VALA53 into ALA
Mutating residue = VALA54 into GLY
Mutating residue = VALA54 into TYR
Mutating residue = VALA54 into ALA
Mutating residue = VALA54 into CYS
Mutating residue = VALA54 into ASP
Mutating residue = VALA54 into GLU
Mutating residue = VALA54 into PHE
Mutating residue = VALA54 into TRP
Mutating residue = VALA54 into SER
Mutating residue = VALA54 into THR
Mutating residue = VALA54 into GLN
Mutating residue = VALA54 into PRO
Mutating residue = VALA54 into ASN
Mutating residue = VALA54 into MET
Mutating residue = VALA54 into LEU
Mutating residue = VALA54 into LYS
Mutating residue = VALA54 into ILE
Mutating residue = VALA54 into HIS
Mutating residue = VALA54 into ARG
Mutating residue = ARGA55 into MET
Mutating residue = ARGA55 into ASN
Mutating residue = ARGA55 into PRO
Mutating residue = ARGA55 into GLN
Mutating residue = ARGA55 into HIS
Mutating residue = ARGA55 into THR
Mutating residue = ARGA55 into VAL
Mutating residue = ARGA55 into TRP
Mutating residue = ARGA55 into TYR
Mutating residue = ARGA55 into SER
Mutating residue = ARGA55 into LEU
Mutating residue = ARGA55 into CYS
Mutating residue = ARGA55 into ILE
Mutating residue = ARGA55 into GLY
Mutating residue = ARGA55 into PHE
Mutating residue = ARGA55 into GLU
Mutating residue = ARGA55 into ASP
Mutating residue = ARGA55 into ALA
Mutating residue = ARGA55 into LYS
Your file run OK
End time of FoldX: Sat May  9 16:26:16 2026
Total time spend: 541.07 seconds.
validated file "PTEN_2018_1.pdb" => successfully finished
validated file "PTEN_2018_2.pdb" => successfully finished
validated file "PTEN_2018_3.pdb" => successfully finished
validated file "PTEN_2018_4.pdb" => successfully finished
validated file "PTEN_2018_5.pdb" => successfully finished
validated file "PTEN_2018_6.pdb" => successfully finished
validated file "PTEN_2018_7.pdb" => successfully finished
validated file "PTEN_2018_8.pdb" => successfully finished
validated file "PTEN_2018_9.pdb" => successfully finished
validated file "PTEN_2018_10.pdb" => successfully finished
validated file "PTEN_2018_11.pdb" => successfully finished
validated file "PTEN_2018_12.pdb" => successfully finished
validated file "PTEN_2018_13.pdb" => successfully finished
validated file "PTEN_2018_14.pdb" => successfully finished
validated file "PTEN_2018_15.pdb" => successfully finished
validated file "PTEN_2018_16.pdb" => successfully finished
validated file "PTEN_2018_17.pdb" => successfully finished
validated file "PTEN_2018_18.pdb" => successfully finished
validated file "PTEN_2018_19.pdb" => successfully finished
validated file "PTEN_2018_20.pdb" => successfully finished
validated file "PTEN_2018_21.pdb" => successfully finished
validated file "PTEN_2018_22.pdb" => successfully finished
validated file "PTEN_2018_23.pdb" => successfully finished
validated file "PTEN_2018_24.pdb" => successfully finished
validated file "PTEN_2018_25.pdb" => successfully finished
validated file "PTEN_2018_26.pdb" => successfully finished
validated file "PTEN_2018_27.pdb" => successfully finished
validated file "PTEN_2018_28.pdb" => successfully finished
validated file "PTEN_2018_29.pdb" => successfully finished
validated file "PTEN_2018_30.pdb" => successfully finished
validated file "PTEN_2018_31.pdb" => successfully finished
validated file "PTEN_2018_32.pdb" => successfully finished
validated file "PTEN_2018_33.pdb" => successfully finished
validated file "PTEN_2018_34.pdb" => successfully finished
validated file "PTEN_2018_35.pdb" => successfully finished
validated file "PTEN_2018_36.pdb" => successfully finished
validated file "PTEN_2018_37.pdb" => successfully finished
validated file "PTEN_2018_38.pdb" => successfully finished
validated file "PTEN_2018_39.pdb" => successfully finished
validated file "PTEN_2018_40.pdb" => successfully finished
validated file "PTEN_2018_41.pdb" => successfully finished
validated file "PTEN_2018_42.pdb" => successfully finished
validated file "PTEN_2018_43.pdb" => successfully finished
validated file "PTEN_2018_44.pdb" => successfully finished
validated file "PTEN_2018_45.pdb" => successfully finished
validated file "PTEN_2018_46.pdb" => successfully finished
validated file "PTEN_2018_47.pdb" => successfully finished
validated file "PTEN_2018_48.pdb" => successfully finished
validated file "PTEN_2018_49.pdb" => successfully finished
validated file "PTEN_2018_50.pdb" => successfully finished
Cleaning BuildModel...DONE
任务 19 结果提取成功，已映射突变信息。
