   ********************************************
   ***                                      ***
   ***             FoldX 5.1 (c)            ***
   ***                                      ***
   ***     code by the FoldX Consortium     ***
   ***                                      ***
   ***     Jesper Borg, Frederic Rousseau   ***
   ***    Joost Schymkowitz, Luis Serrano   ***
   ***    Peter Vanhee, Erik Verschueren    ***
   ***     Lies Baeten, Javier Delgado      ***
   ***       and Francois Stricher          ***
   *** and any other of the 9! permutations ***
   ***   based on an original concept by    ***
   ***   Raphael Guerois and Luis Serrano   ***
   ********************************************

1 models read: PTEN_2018.pdb
1 models read: PTEN_2018.pdb

BackHbond       =               -226.37
SideHbond       =               -75.43
Energy_VdW      =               -401.42
Electro         =               -29.03
Energy_SolvP    =               556.23
Energy_SolvH    =               -524.04
Energy_vdwclash =               33.14
energy_torsion  =               7.90
backbone_vdwclash=              169.85
Entropy_sidec   =               207.28
Entropy_mainc   =               605.00
water bonds     =               0.00
helix dipole    =               -1.33
loop_entropy    =               0.00
cis_bond        =               0.00
disulfide       =               0.00
kn electrostatic=               0.00
partial covalent interactions = 0.00
Energy_Ionisation =             2.75
Entropy Complex =               0.00
-----------------------------------------------------------
Total          = 				  154.68


BackHbond       =               -226.37
SideHbond       =               -75.43
Energy_VdW      =               -401.42
Electro         =               -29.03
Energy_SolvP    =               556.23
Energy_SolvH    =               -524.04
Energy_vdwclash =               33.14
energy_torsion  =               7.90
backbone_vdwclash=              169.85
Entropy_sidec   =               207.28
Entropy_mainc   =               605.00
water bonds     =               0.00
helix dipole    =               -1.33
loop_entropy    =               0.00
cis_bond        =               0.00
disulfide       =               0.00
kn electrostatic=               0.00
partial covalent interactions = 0.00
Energy_Ionisation =             2.75
Entropy Complex =               0.00
-----------------------------------------------------------
Total          = 				  154.68

Starting BuildModel
Reading FA278I;
Reading FA278H;
Reading FA278G;
Reading FA278D;
Reading FA278C;
Reading FA278N;
Reading FA278P;
Reading FA278Q;
Reading FA278S;
Reading FA278T;
Reading FA278V;
Reading FA278W;
Reading FA278Y;
Reading FA278K;
Reading FA278R;
Reading FA278M;
Reading FA278L;
Reading FA278A;
Reading FA279M;
Reading FA279N;
Reading FA279P;
Reading FA279Q;
Reading FA279I;
Reading FA279H;
Reading FA279G;
Reading FA279E;
Reading FA279D;
Reading FA279C;
Reading FA279K;
Reading FA279A;
Reading FA279R;
Reading FA279S;
Reading FA279T;
Reading FA279V;
Reading FA279W;
Reading FA279Y;
Reading FA279L;
Reading IA280R;
Reading IA280S;
Reading IA280T;
Reading IA280V;
Reading IA280K;
Reading IA280N;
Reading IA280W;
Reading IA280M;
Reading IA280L;
Reading IA280H;
Reading IA280G;
Reading IA280F;
Reading IA280E;
Residue to Mutate PHEA278 has residue index 277
Residue to Mutate PHEA278 has residue index 277
Residue to Mutate PHEA278 has residue index 277
Residue to Mutate PHEA278 has residue index 277
Residue to Mutate PHEA278 has residue index 277
Residue to Mutate PHEA278 has residue index 277
Residue to Mutate PHEA278 has residue index 277
Residue to Mutate PHEA278 has residue index 277
Residue to Mutate PHEA278 has residue index 277
Residue to Mutate PHEA278 has residue index 277
Residue to Mutate PHEA278 has residue index 277
Residue to Mutate PHEA278 has residue index 277
Residue to Mutate PHEA278 has residue index 277
Residue to Mutate PHEA278 has residue index 277
Residue to Mutate PHEA278 has residue index 277
Residue to Mutate PHEA278 has residue index 277
Residue to Mutate PHEA278 has residue index 277
Residue to Mutate PHEA278 has residue index 277
Residue to Mutate PHEA279 has residue index 278
Residue to Mutate PHEA279 has residue index 278
Residue to Mutate PHEA279 has residue index 278
Residue to Mutate PHEA279 has residue index 278
Residue to Mutate PHEA279 has residue index 278
Residue to Mutate PHEA279 has residue index 278
Residue to Mutate PHEA279 has residue index 278
Residue to Mutate PHEA279 has residue index 278
Residue to Mutate PHEA279 has residue index 278
Residue to Mutate PHEA279 has residue index 278
Residue to Mutate PHEA279 has residue index 278
Residue to Mutate PHEA279 has residue index 278
Residue to Mutate PHEA279 has residue index 278
Residue to Mutate PHEA279 has residue index 278
Residue to Mutate PHEA279 has residue index 278
Residue to Mutate PHEA279 has residue index 278
Residue to Mutate PHEA279 has residue index 278
Residue to Mutate PHEA279 has residue index 278
Residue to Mutate PHEA279 has residue index 278
Residue to Mutate ILEA280 has residue index 279
Residue to Mutate ILEA280 has residue index 279
Residue to Mutate ILEA280 has residue index 279
Residue to Mutate ILEA280 has residue index 279
Residue to Mutate ILEA280 has residue index 279
Residue to Mutate ILEA280 has residue index 279
Residue to Mutate ILEA280 has residue index 279
Residue to Mutate ILEA280 has residue index 279
Residue to Mutate ILEA280 has residue index 279
Residue to Mutate ILEA280 has residue index 279
Residue to Mutate ILEA280 has residue index 279
Residue to Mutate ILEA280 has residue index 279
Residue to Mutate ILEA280 has residue index 279
Mutating residue = PHEA278 into ILE
Mutating residue = PHEA278 into HIS
Mutating residue = PHEA278 into GLY
Mutating residue = PHEA278 into ASP
Mutating residue = PHEA278 into CYS
Mutating residue = PHEA278 into ASN
Mutating residue = PHEA278 into PRO
Mutating residue = PHEA278 into GLN
Mutating residue = PHEA278 into SER
Mutating residue = PHEA278 into THR
Mutating residue = PHEA278 into VAL
Mutating residue = PHEA278 into TRP
Mutating residue = PHEA278 into TYR
Mutating residue = PHEA278 into LYS
Mutating residue = PHEA278 into ARG
Mutating residue = PHEA278 into MET
Mutating residue = PHEA278 into LEU
Mutating residue = PHEA278 into ALA
Mutating residue = PHEA279 into MET
Mutating residue = PHEA279 into ASN
Mutating residue = PHEA279 into PRO
Mutating residue = PHEA279 into GLN
Mutating residue = PHEA279 into ILE
Mutating residue = PHEA279 into HIS
Mutating residue = PHEA279 into GLY
Mutating residue = PHEA279 into GLU
Mutating residue = PHEA279 into ASP
Mutating residue = PHEA279 into CYS
Mutating residue = PHEA279 into LYS
Mutating residue = PHEA279 into ALA
Mutating residue = PHEA279 into ARG
Mutating residue = PHEA279 into SER
Mutating residue = PHEA279 into THR
Mutating residue = PHEA279 into VAL
Mutating residue = PHEA279 into TRP
Mutating residue = PHEA279 into TYR
Mutating residue = PHEA279 into LEU
Mutating residue = ILEA280 into ARG
Mutating residue = ILEA280 into SER
Mutating residue = ILEA280 into THR
Mutating residue = ILEA280 into VAL
Mutating residue = ILEA280 into LYS
Mutating residue = ILEA280 into ASN
Mutating residue = ILEA280 into TRP
Mutating residue = ILEA280 into MET
Mutating residue = ILEA280 into LEU
Mutating residue = ILEA280 into HIS
Mutating residue = ILEA280 into GLY
Mutating residue = ILEA280 into PHE
Mutating residue = ILEA280 into GLU
Your file run OK
End time of FoldX: Sat May  9 16:20:50 2026
Total time spend: 213.60 seconds.
validated file "PTEN_2018_1.pdb" => successfully finished
validated file "PTEN_2018_2.pdb" => successfully finished
validated file "PTEN_2018_3.pdb" => successfully finished
validated file "PTEN_2018_4.pdb" => successfully finished
validated file "PTEN_2018_5.pdb" => successfully finished
validated file "PTEN_2018_6.pdb" => successfully finished
validated file "PTEN_2018_7.pdb" => successfully finished
validated file "PTEN_2018_8.pdb" => successfully finished
validated file "PTEN_2018_9.pdb" => successfully finished
validated file "PTEN_2018_10.pdb" => successfully finished
validated file "PTEN_2018_11.pdb" => successfully finished
validated file "PTEN_2018_12.pdb" => successfully finished
validated file "PTEN_2018_13.pdb" => successfully finished
validated file "PTEN_2018_14.pdb" => successfully finished
validated file "PTEN_2018_15.pdb" => successfully finished
validated file "PTEN_2018_16.pdb" => successfully finished
validated file "PTEN_2018_17.pdb" => successfully finished
validated file "PTEN_2018_18.pdb" => successfully finished
validated file "PTEN_2018_19.pdb" => successfully finished
validated file "PTEN_2018_20.pdb" => successfully finished
validated file "PTEN_2018_21.pdb" => successfully finished
validated file "PTEN_2018_22.pdb" => successfully finished
validated file "PTEN_2018_23.pdb" => successfully finished
validated file "PTEN_2018_24.pdb" => successfully finished
validated file "PTEN_2018_25.pdb" => successfully finished
validated file "PTEN_2018_26.pdb" => successfully finished
validated file "PTEN_2018_27.pdb" => successfully finished
validated file "PTEN_2018_28.pdb" => successfully finished
validated file "PTEN_2018_29.pdb" => successfully finished
validated file "PTEN_2018_30.pdb" => successfully finished
validated file "PTEN_2018_31.pdb" => successfully finished
validated file "PTEN_2018_32.pdb" => successfully finished
validated file "PTEN_2018_33.pdb" => successfully finished
validated file "PTEN_2018_34.pdb" => successfully finished
validated file "PTEN_2018_35.pdb" => successfully finished
validated file "PTEN_2018_36.pdb" => successfully finished
validated file "PTEN_2018_37.pdb" => successfully finished
validated file "PTEN_2018_38.pdb" => successfully finished
validated file "PTEN_2018_39.pdb" => successfully finished
validated file "PTEN_2018_40.pdb" => successfully finished
validated file "PTEN_2018_41.pdb" => successfully finished
validated file "PTEN_2018_42.pdb" => successfully finished
validated file "PTEN_2018_43.pdb" => successfully finished
validated file "PTEN_2018_44.pdb" => successfully finished
validated file "PTEN_2018_45.pdb" => successfully finished
validated file "PTEN_2018_46.pdb" => successfully finished
validated file "PTEN_2018_47.pdb" => successfully finished
validated file "PTEN_2018_48.pdb" => successfully finished
validated file "PTEN_2018_49.pdb" => successfully finished
validated file "PTEN_2018_50.pdb" => successfully finished
Cleaning BuildModel...DONE
任务 104 结果提取成功，已映射突变信息。
