   ********************************************
   ***                                      ***
   ***             FoldX 5.1 (c)            ***
   ***                                      ***
   ***     code by the FoldX Consortium     ***
   ***                                      ***
   ***     Jesper Borg, Frederic Rousseau   ***
   ***    Joost Schymkowitz, Luis Serrano   ***
   ***    Peter Vanhee, Erik Verschueren    ***
   ***     Lies Baeten, Javier Delgado      ***
   ***       and Francois Stricher          ***
   *** and any other of the 9! permutations ***
   ***   based on an original concept by    ***
   ***   Raphael Guerois and Luis Serrano   ***
   ********************************************

1 models read: PTEN_2018.pdb
1 models read: PTEN_2018.pdb

BackHbond       =               -226.37
SideHbond       =               -75.43
Energy_VdW      =               -401.42
Electro         =               -29.03
Energy_SolvP    =               556.23
Energy_SolvH    =               -524.04
Energy_vdwclash =               33.14
energy_torsion  =               7.90
backbone_vdwclash=              169.85
Entropy_sidec   =               207.28
Entropy_mainc   =               605.00
water bonds     =               0.00
helix dipole    =               -1.33
loop_entropy    =               0.00
cis_bond        =               0.00
disulfide       =               0.00
kn electrostatic=               0.00
partial covalent interactions = 0.00
Energy_Ionisation =             2.75
Entropy Complex =               0.00
-----------------------------------------------------------
Total          = 				  154.68


BackHbond       =               -226.37
SideHbond       =               -75.43
Energy_VdW      =               -401.42
Electro         =               -29.03
Energy_SolvP    =               556.23
Energy_SolvH    =               -524.04
Energy_vdwclash =               33.14
energy_torsion  =               7.90
backbone_vdwclash=              169.85
Entropy_sidec   =               207.28
Entropy_mainc   =               605.00
water bonds     =               0.00
helix dipole    =               -1.33
loop_entropy    =               0.00
cis_bond        =               0.00
disulfide       =               0.00
kn electrostatic=               0.00
partial covalent interactions = 0.00
Energy_Ionisation =             2.75
Entropy Complex =               0.00
-----------------------------------------------------------
Total          = 				  154.68

Starting BuildModel
Reading EA299D;
Reading EA299K;
Reading EA299Y;
Reading EA299R;
Reading EA299S;
Reading EA299T;
Reading EA299V;
Reading EA299W;
Reading IA300A;
Reading IA300C;
Reading IA300D;
Reading IA300E;
Reading IA300T;
Reading IA300W;
Reading IA300G;
Reading IA300H;
Reading IA300K;
Reading IA300V;
Reading IA300M;
Reading IA300N;
Reading IA300P;
Reading IA300Q;
Reading IA300S;
Reading IA300L;
Reading IA300R;
Reading IA300F;
Reading DA301E;
Reading DA301F;
Reading DA301G;
Reading DA301H;
Reading DA301I;
Reading DA301K;
Reading DA301L;
Reading DA301M;
Reading DA301C;
Reading DA301Y;
Reading DA301V;
Reading DA301T;
Reading DA301N;
Reading DA301P;
Reading DA301Q;
Reading DA301R;
Reading DA301S;
Reading DA301W;
Reading DA301A;
Reading SA302I;
Reading SA302H;
Reading SA302M;
Reading SA302K;
Reading SA302D;
Residue to Mutate GLUA299 has residue index 298
Residue to Mutate GLUA299 has residue index 298
Residue to Mutate GLUA299 has residue index 298
Residue to Mutate GLUA299 has residue index 298
Residue to Mutate GLUA299 has residue index 298
Residue to Mutate GLUA299 has residue index 298
Residue to Mutate GLUA299 has residue index 298
Residue to Mutate GLUA299 has residue index 298
Residue to Mutate ILEA300 has residue index 299
Residue to Mutate ILEA300 has residue index 299
Residue to Mutate ILEA300 has residue index 299
Residue to Mutate ILEA300 has residue index 299
Residue to Mutate ILEA300 has residue index 299
Residue to Mutate ILEA300 has residue index 299
Residue to Mutate ILEA300 has residue index 299
Residue to Mutate ILEA300 has residue index 299
Residue to Mutate ILEA300 has residue index 299
Residue to Mutate ILEA300 has residue index 299
Residue to Mutate ILEA300 has residue index 299
Residue to Mutate ILEA300 has residue index 299
Residue to Mutate ILEA300 has residue index 299
Residue to Mutate ILEA300 has residue index 299
Residue to Mutate ILEA300 has residue index 299
Residue to Mutate ILEA300 has residue index 299
Residue to Mutate ILEA300 has residue index 299
Residue to Mutate ILEA300 has residue index 299
Residue to Mutate ASPA301 has residue index 300
Residue to Mutate ASPA301 has residue index 300
Residue to Mutate ASPA301 has residue index 300
Residue to Mutate ASPA301 has residue index 300
Residue to Mutate ASPA301 has residue index 300
Residue to Mutate ASPA301 has residue index 300
Residue to Mutate ASPA301 has residue index 300
Residue to Mutate ASPA301 has residue index 300
Residue to Mutate ASPA301 has residue index 300
Residue to Mutate ASPA301 has residue index 300
Residue to Mutate ASPA301 has residue index 300
Residue to Mutate ASPA301 has residue index 300
Residue to Mutate ASPA301 has residue index 300
Residue to Mutate ASPA301 has residue index 300
Residue to Mutate ASPA301 has residue index 300
Residue to Mutate ASPA301 has residue index 300
Residue to Mutate ASPA301 has residue index 300
Residue to Mutate ASPA301 has residue index 300
Residue to Mutate ASPA301 has residue index 300
Residue to Mutate SERA302 has residue index 301
Residue to Mutate SERA302 has residue index 301
Residue to Mutate SERA302 has residue index 301
Residue to Mutate SERA302 has residue index 301
Residue to Mutate SERA302 has residue index 301
Mutating residue = GLUA299 into ASP
Mutating residue = GLUA299 into LYS
Mutating residue = GLUA299 into TYR
Mutating residue = GLUA299 into ARG
Mutating residue = GLUA299 into SER
Mutating residue = GLUA299 into THR
Mutating residue = GLUA299 into VAL
Mutating residue = GLUA299 into TRP
Mutating residue = ILEA300 into ALA
Mutating residue = ILEA300 into CYS
Mutating residue = ILEA300 into ASP
Mutating residue = ILEA300 into GLU
Mutating residue = ILEA300 into THR
Mutating residue = ILEA300 into TRP
Mutating residue = ILEA300 into GLY
Mutating residue = ILEA300 into HIS
Mutating residue = ILEA300 into LYS
Mutating residue = ILEA300 into VAL
Mutating residue = ILEA300 into MET
Mutating residue = ILEA300 into ASN
Mutating residue = ILEA300 into PRO
Mutating residue = ILEA300 into GLN
Mutating residue = ILEA300 into SER
Mutating residue = ILEA300 into LEU
Mutating residue = ILEA300 into ARG
Mutating residue = ILEA300 into PHE
Mutating residue = ASPA301 into GLU
Mutating residue = ASPA301 into PHE
Mutating residue = ASPA301 into GLY
Mutating residue = ASPA301 into HIS
Mutating residue = ASPA301 into ILE
Mutating residue = ASPA301 into LYS
Mutating residue = ASPA301 into LEU
Mutating residue = ASPA301 into MET
Mutating residue = ASPA301 into CYS
Mutating residue = ASPA301 into TYR
Mutating residue = ASPA301 into VAL
Mutating residue = ASPA301 into THR
Mutating residue = ASPA301 into ASN
Mutating residue = ASPA301 into PRO
Mutating residue = ASPA301 into GLN
Mutating residue = ASPA301 into ARG
Mutating residue = ASPA301 into SER
Mutating residue = ASPA301 into TRP
Mutating residue = ASPA301 into ALA
Mutating residue = SERA302 into ILE
Mutating residue = SERA302 into HIS
Mutating residue = SERA302 into MET
Mutating residue = SERA302 into LYS
Mutating residue = SERA302 into ASP
Your file run OK
End time of FoldX: Sat May  9 16:25:24 2026
Total time spend: 482.52 seconds.
validated file "PTEN_2018_1.pdb" => successfully finished
validated file "PTEN_2018_2.pdb" => successfully finished
validated file "PTEN_2018_3.pdb" => successfully finished
validated file "PTEN_2018_4.pdb" => successfully finished
validated file "PTEN_2018_5.pdb" => successfully finished
validated file "PTEN_2018_6.pdb" => successfully finished
validated file "PTEN_2018_7.pdb" => successfully finished
validated file "PTEN_2018_8.pdb" => successfully finished
validated file "PTEN_2018_9.pdb" => successfully finished
validated file "PTEN_2018_10.pdb" => successfully finished
validated file "PTEN_2018_11.pdb" => successfully finished
validated file "PTEN_2018_12.pdb" => successfully finished
validated file "PTEN_2018_13.pdb" => successfully finished
validated file "PTEN_2018_14.pdb" => successfully finished
validated file "PTEN_2018_15.pdb" => successfully finished
validated file "PTEN_2018_16.pdb" => successfully finished
validated file "PTEN_2018_17.pdb" => successfully finished
validated file "PTEN_2018_18.pdb" => successfully finished
validated file "PTEN_2018_19.pdb" => successfully finished
validated file "PTEN_2018_20.pdb" => successfully finished
validated file "PTEN_2018_21.pdb" => successfully finished
validated file "PTEN_2018_22.pdb" => successfully finished
validated file "PTEN_2018_23.pdb" => successfully finished
validated file "PTEN_2018_24.pdb" => successfully finished
validated file "PTEN_2018_25.pdb" => successfully finished
validated file "PTEN_2018_26.pdb" => successfully finished
validated file "PTEN_2018_27.pdb" => successfully finished
validated file "PTEN_2018_28.pdb" => successfully finished
validated file "PTEN_2018_29.pdb" => successfully finished
validated file "PTEN_2018_30.pdb" => successfully finished
validated file "PTEN_2018_31.pdb" => successfully finished
validated file "PTEN_2018_32.pdb" => successfully finished
validated file "PTEN_2018_33.pdb" => successfully finished
validated file "PTEN_2018_34.pdb" => successfully finished
validated file "PTEN_2018_35.pdb" => successfully finished
validated file "PTEN_2018_36.pdb" => successfully finished
validated file "PTEN_2018_37.pdb" => successfully finished
validated file "PTEN_2018_38.pdb" => successfully finished
validated file "PTEN_2018_39.pdb" => successfully finished
validated file "PTEN_2018_40.pdb" => successfully finished
validated file "PTEN_2018_41.pdb" => successfully finished
validated file "PTEN_2018_42.pdb" => successfully finished
validated file "PTEN_2018_43.pdb" => successfully finished
validated file "PTEN_2018_44.pdb" => successfully finished
validated file "PTEN_2018_45.pdb" => successfully finished
validated file "PTEN_2018_46.pdb" => successfully finished
validated file "PTEN_2018_47.pdb" => successfully finished
validated file "PTEN_2018_48.pdb" => successfully finished
validated file "PTEN_2018_49.pdb" => successfully finished
validated file "PTEN_2018_50.pdb" => successfully finished
Cleaning BuildModel...DONE
任务 112 结果提取成功，已映射突变信息。
