   ********************************************
   ***                                      ***
   ***             FoldX 5.1 (c)            ***
   ***                                      ***
   ***     code by the FoldX Consortium     ***
   ***                                      ***
   ***     Jesper Borg, Frederic Rousseau   ***
   ***    Joost Schymkowitz, Luis Serrano   ***
   ***    Peter Vanhee, Erik Verschueren    ***
   ***     Lies Baeten, Javier Delgado      ***
   ***       and Francois Stricher          ***
   *** and any other of the 9! permutations ***
   ***   based on an original concept by    ***
   ***   Raphael Guerois and Luis Serrano   ***
   ********************************************

1 models read: PTEN_2018.pdb
1 models read: PTEN_2018.pdb

BackHbond       =               -226.37
SideHbond       =               -75.43
Energy_VdW      =               -401.42
Electro         =               -29.03
Energy_SolvP    =               556.23
Energy_SolvH    =               -524.04
Energy_vdwclash =               33.14
energy_torsion  =               7.90
backbone_vdwclash=              169.85
Entropy_sidec   =               207.28
Entropy_mainc   =               605.00
water bonds     =               0.00
helix dipole    =               -1.33
loop_entropy    =               0.00
cis_bond        =               0.00
disulfide       =               0.00
kn electrostatic=               0.00
partial covalent interactions = 0.00
Energy_Ionisation =             2.75
Entropy Complex =               0.00
-----------------------------------------------------------
Total          = 				  154.68


BackHbond       =               -226.37
SideHbond       =               -75.43
Energy_VdW      =               -401.42
Electro         =               -29.03
Energy_SolvP    =               556.23
Energy_SolvH    =               -524.04
Energy_vdwclash =               33.14
energy_torsion  =               7.90
backbone_vdwclash=              169.85
Entropy_sidec   =               207.28
Entropy_mainc   =               605.00
water bonds     =               0.00
helix dipole    =               -1.33
loop_entropy    =               0.00
cis_bond        =               0.00
disulfide       =               0.00
kn electrostatic=               0.00
partial covalent interactions = 0.00
Energy_Ionisation =             2.75
Entropy Complex =               0.00
-----------------------------------------------------------
Total          = 				  154.68

Starting BuildModel
Reading RA161F;
Reading RA161Y;
Reading RA161V;
Reading RA161T;
Reading RA161S;
Reading RA161Q;
Reading RA161P;
Reading RA161N;
Reading RA161W;
Reading RA161L;
Reading RA161K;
Reading RA161I;
Reading RA161H;
Reading RA161M;
Reading DA162E;
Reading DA162F;
Reading DA162G;
Reading DA162H;
Reading DA162Y;
Reading DA162K;
Reading DA162L;
Reading DA162M;
Reading DA162P;
Reading DA162Q;
Reading DA162R;
Reading DA162S;
Reading DA162W;
Reading DA162C;
Reading DA162V;
Reading DA162T;
Reading DA162N;
Reading DA162A;
Reading DA162I;
Reading KA163A;
Reading KA163C;
Reading KA163W;
Reading KA163V;
Reading KA163T;
Reading KA163S;
Reading KA163R;
Reading KA163Q;
Reading KA163P;
Reading KA163Y;
Reading KA163M;
Reading KA163L;
Reading KA163I;
Reading KA163H;
Reading KA163G;
Reading KA163F;
Reading KA163E;
Residue to Mutate ARGA161 has residue index 160
Residue to Mutate ARGA161 has residue index 160
Residue to Mutate ARGA161 has residue index 160
Residue to Mutate ARGA161 has residue index 160
Residue to Mutate ARGA161 has residue index 160
Residue to Mutate ARGA161 has residue index 160
Residue to Mutate ARGA161 has residue index 160
Residue to Mutate ARGA161 has residue index 160
Residue to Mutate ARGA161 has residue index 160
Residue to Mutate ARGA161 has residue index 160
Residue to Mutate ARGA161 has residue index 160
Residue to Mutate ARGA161 has residue index 160
Residue to Mutate ARGA161 has residue index 160
Residue to Mutate ARGA161 has residue index 160
Residue to Mutate ASPA162 has residue index 161
Residue to Mutate ASPA162 has residue index 161
Residue to Mutate ASPA162 has residue index 161
Residue to Mutate ASPA162 has residue index 161
Residue to Mutate ASPA162 has residue index 161
Residue to Mutate ASPA162 has residue index 161
Residue to Mutate ASPA162 has residue index 161
Residue to Mutate ASPA162 has residue index 161
Residue to Mutate ASPA162 has residue index 161
Residue to Mutate ASPA162 has residue index 161
Residue to Mutate ASPA162 has residue index 161
Residue to Mutate ASPA162 has residue index 161
Residue to Mutate ASPA162 has residue index 161
Residue to Mutate ASPA162 has residue index 161
Residue to Mutate ASPA162 has residue index 161
Residue to Mutate ASPA162 has residue index 161
Residue to Mutate ASPA162 has residue index 161
Residue to Mutate ASPA162 has residue index 161
Residue to Mutate ASPA162 has residue index 161
Residue to Mutate LYSA163 has residue index 162
Residue to Mutate LYSA163 has residue index 162
Residue to Mutate LYSA163 has residue index 162
Residue to Mutate LYSA163 has residue index 162
Residue to Mutate LYSA163 has residue index 162
Residue to Mutate LYSA163 has residue index 162
Residue to Mutate LYSA163 has residue index 162
Residue to Mutate LYSA163 has residue index 162
Residue to Mutate LYSA163 has residue index 162
Residue to Mutate LYSA163 has residue index 162
Residue to Mutate LYSA163 has residue index 162
Residue to Mutate LYSA163 has residue index 162
Residue to Mutate LYSA163 has residue index 162
Residue to Mutate LYSA163 has residue index 162
Residue to Mutate LYSA163 has residue index 162
Residue to Mutate LYSA163 has residue index 162
Residue to Mutate LYSA163 has residue index 162
Mutating residue = ARGA161 into PHE
Mutating residue = ARGA161 into TYR
Mutating residue = ARGA161 into VAL
Mutating residue = ARGA161 into THR
Mutating residue = ARGA161 into SER
Mutating residue = ARGA161 into GLN
Mutating residue = ARGA161 into PRO
Mutating residue = ARGA161 into ASN
Mutating residue = ARGA161 into TRP
Mutating residue = ARGA161 into LEU
Mutating residue = ARGA161 into LYS
Mutating residue = ARGA161 into ILE
Mutating residue = ARGA161 into HIS
Mutating residue = ARGA161 into MET
Mutating residue = ASPA162 into GLU
Mutating residue = ASPA162 into PHE
Mutating residue = ASPA162 into GLY
Mutating residue = ASPA162 into HIS
Mutating residue = ASPA162 into TYR
Mutating residue = ASPA162 into LYS
Mutating residue = ASPA162 into LEU
Mutating residue = ASPA162 into MET
Mutating residue = ASPA162 into PRO
Mutating residue = ASPA162 into GLN
Mutating residue = ASPA162 into ARG
Mutating residue = ASPA162 into SER
Mutating residue = ASPA162 into TRP
Mutating residue = ASPA162 into CYS
Mutating residue = ASPA162 into VAL
Mutating residue = ASPA162 into THR
Mutating residue = ASPA162 into ASN
Mutating residue = ASPA162 into ALA
Mutating residue = ASPA162 into ILE
Mutating residue = LYSA163 into ALA
Mutating residue = LYSA163 into CYS
Mutating residue = LYSA163 into TRP
Mutating residue = LYSA163 into VAL
Mutating residue = LYSA163 into THR
Mutating residue = LYSA163 into SER
Mutating residue = LYSA163 into ARG
Mutating residue = LYSA163 into GLN
Mutating residue = LYSA163 into PRO
Mutating residue = LYSA163 into TYR
Mutating residue = LYSA163 into MET
Mutating residue = LYSA163 into LEU
Mutating residue = LYSA163 into ILE
Mutating residue = LYSA163 into HIS
Mutating residue = LYSA163 into GLY
Mutating residue = LYSA163 into PHE
Mutating residue = LYSA163 into GLU
Your file run OK
End time of FoldX: Sat May  9 16:34:19 2026
Total time spend: 1021.26 seconds.
validated file "PTEN_2018_1.pdb" => successfully finished
validated file "PTEN_2018_2.pdb" => successfully finished
validated file "PTEN_2018_3.pdb" => successfully finished
validated file "PTEN_2018_4.pdb" => successfully finished
validated file "PTEN_2018_5.pdb" => successfully finished
validated file "PTEN_2018_6.pdb" => successfully finished
validated file "PTEN_2018_7.pdb" => successfully finished
validated file "PTEN_2018_8.pdb" => successfully finished
validated file "PTEN_2018_9.pdb" => successfully finished
validated file "PTEN_2018_10.pdb" => successfully finished
validated file "PTEN_2018_11.pdb" => successfully finished
validated file "PTEN_2018_12.pdb" => successfully finished
validated file "PTEN_2018_13.pdb" => successfully finished
validated file "PTEN_2018_14.pdb" => successfully finished
validated file "PTEN_2018_15.pdb" => successfully finished
validated file "PTEN_2018_16.pdb" => successfully finished
validated file "PTEN_2018_17.pdb" => successfully finished
validated file "PTEN_2018_18.pdb" => successfully finished
validated file "PTEN_2018_19.pdb" => successfully finished
validated file "PTEN_2018_20.pdb" => successfully finished
validated file "PTEN_2018_21.pdb" => successfully finished
validated file "PTEN_2018_22.pdb" => successfully finished
validated file "PTEN_2018_23.pdb" => successfully finished
validated file "PTEN_2018_24.pdb" => successfully finished
validated file "PTEN_2018_25.pdb" => successfully finished
validated file "PTEN_2018_26.pdb" => successfully finished
validated file "PTEN_2018_27.pdb" => successfully finished
validated file "PTEN_2018_28.pdb" => successfully finished
validated file "PTEN_2018_29.pdb" => successfully finished
validated file "PTEN_2018_30.pdb" => successfully finished
validated file "PTEN_2018_31.pdb" => successfully finished
validated file "PTEN_2018_32.pdb" => successfully finished
validated file "PTEN_2018_33.pdb" => successfully finished
validated file "PTEN_2018_34.pdb" => successfully finished
validated file "PTEN_2018_35.pdb" => successfully finished
validated file "PTEN_2018_36.pdb" => successfully finished
validated file "PTEN_2018_37.pdb" => successfully finished
validated file "PTEN_2018_38.pdb" => successfully finished
validated file "PTEN_2018_39.pdb" => successfully finished
validated file "PTEN_2018_40.pdb" => successfully finished
validated file "PTEN_2018_41.pdb" => successfully finished
validated file "PTEN_2018_42.pdb" => successfully finished
validated file "PTEN_2018_43.pdb" => successfully finished
validated file "PTEN_2018_44.pdb" => successfully finished
validated file "PTEN_2018_45.pdb" => successfully finished
validated file "PTEN_2018_46.pdb" => successfully finished
validated file "PTEN_2018_47.pdb" => successfully finished
validated file "PTEN_2018_48.pdb" => successfully finished
validated file "PTEN_2018_49.pdb" => successfully finished
validated file "PTEN_2018_50.pdb" => successfully finished
Cleaning BuildModel...DONE
任务 60 结果提取成功，已映射突变信息。
