   ********************************************
   ***                                      ***
   ***             FoldX 5.1 (c)            ***
   ***                                      ***
   ***     code by the FoldX Consortium     ***
   ***                                      ***
   ***     Jesper Borg, Frederic Rousseau   ***
   ***    Joost Schymkowitz, Luis Serrano   ***
   ***    Peter Vanhee, Erik Verschueren    ***
   ***     Lies Baeten, Javier Delgado      ***
   ***       and Francois Stricher          ***
   *** and any other of the 9! permutations ***
   ***   based on an original concept by    ***
   ***   Raphael Guerois and Luis Serrano   ***
   ********************************************

1 models read: PTEN.pdb
1 models read: PTEN.pdb

BackHbond       =               -227.30
SideHbond       =               -82.03
Energy_VdW      =               -403.58
Electro         =               -27.63
Energy_SolvP    =               559.36
Energy_SolvH    =               -526.04
Energy_vdwclash =               32.43
energy_torsion  =               8.76
backbone_vdwclash=              176.30
Entropy_sidec   =               210.75
Entropy_mainc   =               606.81
water bonds     =               0.00
helix dipole    =               -1.32
loop_entropy    =               0.00
cis_bond        =               0.00
disulfide       =               0.00
kn electrostatic=               0.00
partial covalent interactions = 0.00
Energy_Ionisation =             2.72
Entropy Complex =               0.00
-----------------------------------------------------------
Total          = 				  152.93


BackHbond       =               -227.30
SideHbond       =               -82.03
Energy_VdW      =               -403.58
Electro         =               -27.63
Energy_SolvP    =               559.36
Energy_SolvH    =               -526.04
Energy_vdwclash =               32.43
energy_torsion  =               8.76
backbone_vdwclash=              176.30
Entropy_sidec   =               210.75
Entropy_mainc   =               606.81
water bonds     =               0.00
helix dipole    =               -1.32
loop_entropy    =               0.00
cis_bond        =               0.00
disulfide       =               0.00
kn electrostatic=               0.00
partial covalent interactions = 0.00
Energy_Ionisation =             2.72
Entropy Complex =               0.00
-----------------------------------------------------------
Total          = 				  152.93

Starting BuildModel
Reading KA163N;
Reading KA163Q;
Reading KA163C;
Reading KA163G;
Reading KA163P;
Reading KA163R;
Reading KA163H;
Reading KA163K;
Reading KA163D;
Reading KA163E;
Reading KA164A;
Reading KA164V;
Reading KA164I;
Reading KA164L;
Reading KA164M;
Reading KA164F;
Reading KA164Y;
Reading KA164W;
Reading KA164S;
Reading KA164T;
Reading KA164N;
Reading KA164Q;
Reading KA164C;
Reading KA164G;
Reading KA164P;
Reading KA164R;
Reading KA164H;
Reading KA164K;
Reading KA164D;
Reading KA164E;
Reading GA165A;
Reading GA165V;
Reading GA165I;
Reading GA165L;
Reading GA165M;
Reading GA165F;
Reading GA165Y;
Reading GA165W;
Reading GA165S;
Reading GA165T;
Reading GA165N;
Reading GA165Q;
Reading GA165C;
Reading GA165G;
Reading GA165P;
Reading GA165R;
Reading GA165H;
Reading GA165K;
Reading GA165D;
Reading GA165E;
Residue to Mutate LYSA163 has residue index 162
Residue to Mutate LYSA163 has residue index 162
Residue to Mutate LYSA163 has residue index 162
Residue to Mutate LYSA163 has residue index 162
Residue to Mutate LYSA163 has residue index 162
Residue to Mutate LYSA163 has residue index 162
Residue to Mutate LYSA163 has residue index 162
Residue to Mutate LYSA163 has residue index 162
Residue to Mutate LYSA163 has residue index 162
Residue to Mutate LYSA163 has residue index 162
Residue to Mutate LYSA164 has residue index 163
Residue to Mutate LYSA164 has residue index 163
Residue to Mutate LYSA164 has residue index 163
Residue to Mutate LYSA164 has residue index 163
Residue to Mutate LYSA164 has residue index 163
Residue to Mutate LYSA164 has residue index 163
Residue to Mutate LYSA164 has residue index 163
Residue to Mutate LYSA164 has residue index 163
Residue to Mutate LYSA164 has residue index 163
Residue to Mutate LYSA164 has residue index 163
Residue to Mutate LYSA164 has residue index 163
Residue to Mutate LYSA164 has residue index 163
Residue to Mutate LYSA164 has residue index 163
Residue to Mutate LYSA164 has residue index 163
Residue to Mutate LYSA164 has residue index 163
Residue to Mutate LYSA164 has residue index 163
Residue to Mutate LYSA164 has residue index 163
Residue to Mutate LYSA164 has residue index 163
Residue to Mutate LYSA164 has residue index 163
Residue to Mutate LYSA164 has residue index 163
Residue to Mutate GLYA165 has residue index 164
Residue to Mutate GLYA165 has residue index 164
Residue to Mutate GLYA165 has residue index 164
Residue to Mutate GLYA165 has residue index 164
Residue to Mutate GLYA165 has residue index 164
Residue to Mutate GLYA165 has residue index 164
Residue to Mutate GLYA165 has residue index 164
Residue to Mutate GLYA165 has residue index 164
Residue to Mutate GLYA165 has residue index 164
Residue to Mutate GLYA165 has residue index 164
Residue to Mutate GLYA165 has residue index 164
Residue to Mutate GLYA165 has residue index 164
Residue to Mutate GLYA165 has residue index 164
Residue to Mutate GLYA165 has residue index 164
Residue to Mutate GLYA165 has residue index 164
Residue to Mutate GLYA165 has residue index 164
Residue to Mutate GLYA165 has residue index 164
Residue to Mutate GLYA165 has residue index 164
Residue to Mutate GLYA165 has residue index 164
Residue to Mutate GLYA165 has residue index 164
Mutating residue = LYSA163 into ASN
Mutating residue = LYSA163 into GLN
Mutating residue = LYSA163 into CYS
Mutating residue = LYSA163 into GLY
Mutating residue = LYSA163 into PRO
Mutating residue = LYSA163 into ARG
Mutating residue = LYSA163 into HIS
Mutating residue = LYSA163 into LYS
Mutating residue = LYSA163 into ASP
Mutating residue = LYSA163 into GLU
Mutating residue = LYSA164 into ALA
Mutating residue = LYSA164 into VAL
Mutating residue = LYSA164 into ILE
Mutating residue = LYSA164 into LEU
Mutating residue = LYSA164 into MET
Mutating residue = LYSA164 into PHE
Mutating residue = LYSA164 into TYR
Mutating residue = LYSA164 into TRP
Mutating residue = LYSA164 into SER
Mutating residue = LYSA164 into THR
Mutating residue = LYSA164 into ASN
Mutating residue = LYSA164 into GLN
Mutating residue = LYSA164 into CYS
Mutating residue = LYSA164 into GLY
Mutating residue = LYSA164 into PRO
Mutating residue = LYSA164 into ARG
Mutating residue = LYSA164 into HIS
Mutating residue = LYSA164 into LYS
Mutating residue = LYSA164 into ASP
Mutating residue = LYSA164 into GLU
Mutating residue = GLYA165 into ALA
Mutating residue = GLYA165 into VAL
Mutating residue = GLYA165 into ILE
Mutating residue = GLYA165 into LEU
Mutating residue = GLYA165 into MET
Mutating residue = GLYA165 into PHE
Mutating residue = GLYA165 into TYR
Mutating residue = GLYA165 into TRP
Mutating residue = GLYA165 into SER
Mutating residue = GLYA165 into THR
Mutating residue = GLYA165 into ASN
Mutating residue = GLYA165 into GLN
Mutating residue = GLYA165 into CYS
Mutating residue = GLYA165 into GLY
Mutating residue = GLYA165 into PRO
Mutating residue = GLYA165 into ARG
Mutating residue = GLYA165 into HIS
Mutating residue = GLYA165 into LYS
Mutating residue = GLYA165 into ASP
Mutating residue = GLYA165 into GLU
Your file run OK
End time of FoldX: Sat May  9 16:42:39 2026
Total time spend: 1522.31 seconds.
validated file "PTEN_1.pdb" => successfully finished
validated file "PTEN_2.pdb" => successfully finished
validated file "PTEN_3.pdb" => successfully finished
validated file "PTEN_4.pdb" => successfully finished
validated file "PTEN_5.pdb" => successfully finished
validated file "PTEN_6.pdb" => successfully finished
validated file "PTEN_7.pdb" => successfully finished
validated file "PTEN_8.pdb" => successfully finished
validated file "PTEN_9.pdb" => successfully finished
validated file "PTEN_10.pdb" => successfully finished
validated file "PTEN_11.pdb" => successfully finished
validated file "PTEN_12.pdb" => successfully finished
validated file "PTEN_13.pdb" => successfully finished
validated file "PTEN_14.pdb" => successfully finished
validated file "PTEN_15.pdb" => successfully finished
validated file "PTEN_16.pdb" => successfully finished
validated file "PTEN_17.pdb" => successfully finished
validated file "PTEN_18.pdb" => successfully finished
validated file "PTEN_19.pdb" => successfully finished
validated file "PTEN_20.pdb" => successfully finished
validated file "PTEN_21.pdb" => successfully finished
validated file "PTEN_22.pdb" => successfully finished
validated file "PTEN_23.pdb" => successfully finished
validated file "PTEN_24.pdb" => successfully finished
validated file "PTEN_25.pdb" => successfully finished
validated file "PTEN_26.pdb" => successfully finished
validated file "PTEN_27.pdb" => successfully finished
validated file "PTEN_28.pdb" => successfully finished
validated file "PTEN_29.pdb" => successfully finished
validated file "PTEN_30.pdb" => successfully finished
validated file "PTEN_31.pdb" => successfully finished
validated file "PTEN_32.pdb" => successfully finished
validated file "PTEN_33.pdb" => successfully finished
validated file "PTEN_34.pdb" => successfully finished
validated file "PTEN_35.pdb" => successfully finished
validated file "PTEN_36.pdb" => successfully finished
validated file "PTEN_37.pdb" => successfully finished
validated file "PTEN_38.pdb" => successfully finished
validated file "PTEN_39.pdb" => successfully finished
validated file "PTEN_40.pdb" => successfully finished
validated file "PTEN_41.pdb" => successfully finished
validated file "PTEN_42.pdb" => successfully finished
validated file "PTEN_43.pdb" => successfully finished
validated file "PTEN_44.pdb" => successfully finished
validated file "PTEN_45.pdb" => successfully finished
validated file "PTEN_46.pdb" => successfully finished
validated file "PTEN_47.pdb" => successfully finished
validated file "PTEN_48.pdb" => successfully finished
validated file "PTEN_49.pdb" => successfully finished
validated file "PTEN_50.pdb" => successfully finished
Cleaning BuildModel...DONE
任务 66 结果提取成功，已映射突变信息。
