   ********************************************
   ***                                      ***
   ***             FoldX 5.1 (c)            ***
   ***                                      ***
   ***     code by the FoldX Consortium     ***
   ***                                      ***
   ***     Jesper Borg, Frederic Rousseau   ***
   ***    Joost Schymkowitz, Luis Serrano   ***
   ***    Peter Vanhee, Erik Verschueren    ***
   ***     Lies Baeten, Javier Delgado      ***
   ***       and Francois Stricher          ***
   *** and any other of the 9! permutations ***
   ***   based on an original concept by    ***
   ***   Raphael Guerois and Luis Serrano   ***
   ********************************************

1 models read: PTEN.pdb
1 models read: PTEN.pdb

BackHbond       =               -227.30
SideHbond       =               -82.03
Energy_VdW      =               -403.58
Electro         =               -27.63
Energy_SolvP    =               559.36
Energy_SolvH    =               -526.04
Energy_vdwclash =               32.43
energy_torsion  =               8.76
backbone_vdwclash=              176.30
Entropy_sidec   =               210.75
Entropy_mainc   =               606.81
water bonds     =               0.00
helix dipole    =               -1.32
loop_entropy    =               0.00
cis_bond        =               0.00
disulfide       =               0.00
kn electrostatic=               0.00
partial covalent interactions = 0.00
Energy_Ionisation =             2.72
Entropy Complex =               0.00
-----------------------------------------------------------
Total          = 				  152.93


BackHbond       =               -227.30
SideHbond       =               -82.03
Energy_VdW      =               -403.58
Electro         =               -27.63
Energy_SolvP    =               559.36
Energy_SolvH    =               -526.04
Energy_vdwclash =               32.43
energy_torsion  =               8.76
backbone_vdwclash=              176.30
Entropy_sidec   =               210.75
Entropy_mainc   =               606.81
water bonds     =               0.00
helix dipole    =               -1.32
loop_entropy    =               0.00
cis_bond        =               0.00
disulfide       =               0.00
kn electrostatic=               0.00
partial covalent interactions = 0.00
Energy_Ionisation =             2.72
Entropy Complex =               0.00
-----------------------------------------------------------
Total          = 				  152.93

Starting BuildModel
Reading NA356A;
Reading NA356V;
Reading NA356I;
Reading NA356L;
Reading NA356M;
Reading NA356F;
Reading NA356Y;
Reading NA356W;
Reading NA356S;
Reading NA356T;
Reading NA356N;
Reading NA356Q;
Reading NA356C;
Reading NA356G;
Reading NA356P;
Reading NA356R;
Reading NA356H;
Reading NA356K;
Reading NA356D;
Reading NA356E;
Reading PA357A;
Reading PA357V;
Reading PA357I;
Reading PA357L;
Reading PA357M;
Reading PA357F;
Reading PA357Y;
Reading PA357W;
Reading PA357S;
Reading PA357T;
Reading PA357N;
Reading PA357Q;
Reading PA357C;
Reading PA357G;
Reading PA357P;
Reading PA357R;
Reading PA357H;
Reading PA357K;
Reading PA357D;
Reading PA357E;
Reading EA358A;
Reading EA358V;
Reading EA358I;
Reading EA358L;
Reading EA358M;
Reading EA358F;
Reading EA358Y;
Reading EA358W;
Reading EA358S;
Reading EA358T;
Residue to Mutate ASNA356 has residue index 355
Residue to Mutate ASNA356 has residue index 355
Residue to Mutate ASNA356 has residue index 355
Residue to Mutate ASNA356 has residue index 355
Residue to Mutate ASNA356 has residue index 355
Residue to Mutate ASNA356 has residue index 355
Residue to Mutate ASNA356 has residue index 355
Residue to Mutate ASNA356 has residue index 355
Residue to Mutate ASNA356 has residue index 355
Residue to Mutate ASNA356 has residue index 355
Residue to Mutate ASNA356 has residue index 355
Residue to Mutate ASNA356 has residue index 355
Residue to Mutate ASNA356 has residue index 355
Residue to Mutate ASNA356 has residue index 355
Residue to Mutate ASNA356 has residue index 355
Residue to Mutate ASNA356 has residue index 355
Residue to Mutate ASNA356 has residue index 355
Residue to Mutate ASNA356 has residue index 355
Residue to Mutate ASNA356 has residue index 355
Residue to Mutate ASNA356 has residue index 355
Residue to Mutate PROA357 has residue index 356
Residue to Mutate PROA357 has residue index 356
Residue to Mutate PROA357 has residue index 356
Residue to Mutate PROA357 has residue index 356
Residue to Mutate PROA357 has residue index 356
Residue to Mutate PROA357 has residue index 356
Residue to Mutate PROA357 has residue index 356
Residue to Mutate PROA357 has residue index 356
Residue to Mutate PROA357 has residue index 356
Residue to Mutate PROA357 has residue index 356
Residue to Mutate PROA357 has residue index 356
Residue to Mutate PROA357 has residue index 356
Residue to Mutate PROA357 has residue index 356
Residue to Mutate PROA357 has residue index 356
Residue to Mutate PROA357 has residue index 356
Residue to Mutate PROA357 has residue index 356
Residue to Mutate PROA357 has residue index 356
Residue to Mutate PROA357 has residue index 356
Residue to Mutate PROA357 has residue index 356
Residue to Mutate PROA357 has residue index 356
Residue to Mutate GLUA358 has residue index 357
Residue to Mutate GLUA358 has residue index 357
Residue to Mutate GLUA358 has residue index 357
Residue to Mutate GLUA358 has residue index 357
Residue to Mutate GLUA358 has residue index 357
Residue to Mutate GLUA358 has residue index 357
Residue to Mutate GLUA358 has residue index 357
Residue to Mutate GLUA358 has residue index 357
Residue to Mutate GLUA358 has residue index 357
Residue to Mutate GLUA358 has residue index 357
Mutating residue = ASNA356 into ALA
Mutating residue = ASNA356 into VAL
Mutating residue = ASNA356 into ILE
Mutating residue = ASNA356 into LEU
Mutating residue = ASNA356 into MET
Mutating residue = ASNA356 into PHE
Mutating residue = ASNA356 into TYR
Mutating residue = ASNA356 into TRP
Mutating residue = ASNA356 into SER
Mutating residue = ASNA356 into THR
Mutating residue = ASNA356 into ASN
Mutating residue = ASNA356 into GLN
Mutating residue = ASNA356 into CYS
Mutating residue = ASNA356 into GLY
Mutating residue = ASNA356 into PRO
Mutating residue = ASNA356 into ARG
Mutating residue = ASNA356 into HIS
Mutating residue = ASNA356 into LYS
Mutating residue = ASNA356 into ASP
Mutating residue = ASNA356 into GLU
Mutating residue = PROA357 into ALA
Mutating residue = PROA357 into VAL
Mutating residue = PROA357 into ILE
Mutating residue = PROA357 into LEU
Mutating residue = PROA357 into MET
Mutating residue = PROA357 into PHE
Mutating residue = PROA357 into TYR
Mutating residue = PROA357 into TRP
Mutating residue = PROA357 into SER
Mutating residue = PROA357 into THR
Mutating residue = PROA357 into ASN
Mutating residue = PROA357 into GLN
Mutating residue = PROA357 into CYS
Mutating residue = PROA357 into GLY
Mutating residue = PROA357 into PRO
Mutating residue = PROA357 into ARG
Mutating residue = PROA357 into HIS
Mutating residue = PROA357 into LYS
Mutating residue = PROA357 into ASP
Mutating residue = PROA357 into GLU
Mutating residue = GLUA358 into ALA
Mutating residue = GLUA358 into VAL
Mutating residue = GLUA358 into ILE
Mutating residue = GLUA358 into LEU
Mutating residue = GLUA358 into MET
Mutating residue = GLUA358 into PHE
Mutating residue = GLUA358 into TYR
Mutating residue = GLUA358 into TRP
Mutating residue = GLUA358 into SER
Mutating residue = GLUA358 into THR
Your file run OK
End time of FoldX: Sat May  9 16:18:43 2026
Total time spend: 87.43 seconds.
validated file "PTEN_1.pdb" => successfully finished
validated file "PTEN_2.pdb" => successfully finished
validated file "PTEN_3.pdb" => successfully finished
validated file "PTEN_4.pdb" => successfully finished
validated file "PTEN_5.pdb" => successfully finished
validated file "PTEN_6.pdb" => successfully finished
validated file "PTEN_7.pdb" => successfully finished
validated file "PTEN_8.pdb" => successfully finished
validated file "PTEN_9.pdb" => successfully finished
validated file "PTEN_10.pdb" => successfully finished
validated file "PTEN_11.pdb" => successfully finished
validated file "PTEN_12.pdb" => successfully finished
validated file "PTEN_13.pdb" => successfully finished
validated file "PTEN_14.pdb" => successfully finished
validated file "PTEN_15.pdb" => successfully finished
validated file "PTEN_16.pdb" => successfully finished
validated file "PTEN_17.pdb" => successfully finished
validated file "PTEN_18.pdb" => successfully finished
validated file "PTEN_19.pdb" => successfully finished
validated file "PTEN_20.pdb" => successfully finished
validated file "PTEN_21.pdb" => successfully finished
validated file "PTEN_22.pdb" => successfully finished
validated file "PTEN_23.pdb" => successfully finished
validated file "PTEN_24.pdb" => successfully finished
validated file "PTEN_25.pdb" => successfully finished
validated file "PTEN_26.pdb" => successfully finished
validated file "PTEN_27.pdb" => successfully finished
validated file "PTEN_28.pdb" => successfully finished
validated file "PTEN_29.pdb" => successfully finished
validated file "PTEN_30.pdb" => successfully finished
validated file "PTEN_31.pdb" => successfully finished
validated file "PTEN_32.pdb" => successfully finished
validated file "PTEN_33.pdb" => successfully finished
validated file "PTEN_34.pdb" => successfully finished
validated file "PTEN_35.pdb" => successfully finished
validated file "PTEN_36.pdb" => successfully finished
validated file "PTEN_37.pdb" => successfully finished
validated file "PTEN_38.pdb" => successfully finished
validated file "PTEN_39.pdb" => successfully finished
validated file "PTEN_40.pdb" => successfully finished
validated file "PTEN_41.pdb" => successfully finished
validated file "PTEN_42.pdb" => successfully finished
validated file "PTEN_43.pdb" => successfully finished
validated file "PTEN_44.pdb" => successfully finished
validated file "PTEN_45.pdb" => successfully finished
validated file "PTEN_46.pdb" => successfully finished
validated file "PTEN_47.pdb" => successfully finished
validated file "PTEN_48.pdb" => successfully finished
validated file "PTEN_49.pdb" => successfully finished
validated file "PTEN_50.pdb" => successfully finished
Cleaning BuildModel...DONE
任务 143 结果提取成功，已映射突变信息。
