   ********************************************
   ***                                      ***
   ***             FoldX 5.1 (c)            ***
   ***                                      ***
   ***     code by the FoldX Consortium     ***
   ***                                      ***
   ***     Jesper Borg, Frederic Rousseau   ***
   ***    Joost Schymkowitz, Luis Serrano   ***
   ***    Peter Vanhee, Erik Verschueren    ***
   ***     Lies Baeten, Javier Delgado      ***
   ***       and Francois Stricher          ***
   *** and any other of the 9! permutations ***
   ***   based on an original concept by    ***
   ***   Raphael Guerois and Luis Serrano   ***
   ********************************************

1 models read: PTEN.pdb
1 models read: PTEN.pdb

BackHbond       =               -227.30
SideHbond       =               -82.03
Energy_VdW      =               -403.58
Electro         =               -27.63
Energy_SolvP    =               559.36
Energy_SolvH    =               -526.04
Energy_vdwclash =               32.43
energy_torsion  =               8.76
backbone_vdwclash=              176.30
Entropy_sidec   =               210.75
Entropy_mainc   =               606.81
water bonds     =               0.00
helix dipole    =               -1.32
loop_entropy    =               0.00
cis_bond        =               0.00
disulfide       =               0.00
kn electrostatic=               0.00
partial covalent interactions = 0.00
Energy_Ionisation =             2.72
Entropy Complex =               0.00
-----------------------------------------------------------
Total          = 				  152.93


BackHbond       =               -227.30
SideHbond       =               -82.03
Energy_VdW      =               -403.58
Electro         =               -27.63
Energy_SolvP    =               559.36
Energy_SolvH    =               -526.04
Energy_vdwclash =               32.43
energy_torsion  =               8.76
backbone_vdwclash=              176.30
Entropy_sidec   =               210.75
Entropy_mainc   =               606.81
water bonds     =               0.00
helix dipole    =               -1.32
loop_entropy    =               0.00
cis_bond        =               0.00
disulfide       =               0.00
kn electrostatic=               0.00
partial covalent interactions = 0.00
Energy_Ionisation =             2.72
Entropy Complex =               0.00
-----------------------------------------------------------
Total          = 				  152.93

Starting BuildModel
Reading VA133N;
Reading VA133Q;
Reading VA133C;
Reading VA133G;
Reading VA133P;
Reading VA133R;
Reading VA133H;
Reading VA133K;
Reading VA133D;
Reading VA133E;
Reading MA134A;
Reading MA134V;
Reading MA134I;
Reading MA134L;
Reading MA134M;
Reading MA134F;
Reading MA134Y;
Reading MA134W;
Reading MA134S;
Reading MA134T;
Reading MA134N;
Reading MA134Q;
Reading MA134C;
Reading MA134G;
Reading MA134P;
Reading MA134R;
Reading MA134H;
Reading MA134K;
Reading MA134D;
Reading MA134E;
Reading IA135A;
Reading IA135V;
Reading IA135I;
Reading IA135L;
Reading IA135M;
Reading IA135F;
Reading IA135Y;
Reading IA135W;
Reading IA135S;
Reading IA135T;
Reading IA135N;
Reading IA135Q;
Reading IA135C;
Reading IA135G;
Reading IA135P;
Reading IA135R;
Reading IA135H;
Reading IA135K;
Reading IA135D;
Reading IA135E;
Residue to Mutate VALA133 has residue index 132
Residue to Mutate VALA133 has residue index 132
Residue to Mutate VALA133 has residue index 132
Residue to Mutate VALA133 has residue index 132
Residue to Mutate VALA133 has residue index 132
Residue to Mutate VALA133 has residue index 132
Residue to Mutate VALA133 has residue index 132
Residue to Mutate VALA133 has residue index 132
Residue to Mutate VALA133 has residue index 132
Residue to Mutate VALA133 has residue index 132
Residue to Mutate META134 has residue index 133
Residue to Mutate META134 has residue index 133
Residue to Mutate META134 has residue index 133
Residue to Mutate META134 has residue index 133
Residue to Mutate META134 has residue index 133
Residue to Mutate META134 has residue index 133
Residue to Mutate META134 has residue index 133
Residue to Mutate META134 has residue index 133
Residue to Mutate META134 has residue index 133
Residue to Mutate META134 has residue index 133
Residue to Mutate META134 has residue index 133
Residue to Mutate META134 has residue index 133
Residue to Mutate META134 has residue index 133
Residue to Mutate META134 has residue index 133
Residue to Mutate META134 has residue index 133
Residue to Mutate META134 has residue index 133
Residue to Mutate META134 has residue index 133
Residue to Mutate META134 has residue index 133
Residue to Mutate META134 has residue index 133
Residue to Mutate META134 has residue index 133
Residue to Mutate ILEA135 has residue index 134
Residue to Mutate ILEA135 has residue index 134
Residue to Mutate ILEA135 has residue index 134
Residue to Mutate ILEA135 has residue index 134
Residue to Mutate ILEA135 has residue index 134
Residue to Mutate ILEA135 has residue index 134
Residue to Mutate ILEA135 has residue index 134
Residue to Mutate ILEA135 has residue index 134
Residue to Mutate ILEA135 has residue index 134
Residue to Mutate ILEA135 has residue index 134
Residue to Mutate ILEA135 has residue index 134
Residue to Mutate ILEA135 has residue index 134
Residue to Mutate ILEA135 has residue index 134
Residue to Mutate ILEA135 has residue index 134
Residue to Mutate ILEA135 has residue index 134
Residue to Mutate ILEA135 has residue index 134
Residue to Mutate ILEA135 has residue index 134
Residue to Mutate ILEA135 has residue index 134
Residue to Mutate ILEA135 has residue index 134
Residue to Mutate ILEA135 has residue index 134
Mutating residue = VALA133 into ASN
Mutating residue = VALA133 into GLN
Mutating residue = VALA133 into CYS
Mutating residue = VALA133 into GLY
Mutating residue = VALA133 into PRO
Mutating residue = VALA133 into ARG
Mutating residue = VALA133 into HIS
Mutating residue = VALA133 into LYS
Mutating residue = VALA133 into ASP
Mutating residue = VALA133 into GLU
Mutating residue = META134 into ALA
Mutating residue = META134 into VAL
Mutating residue = META134 into ILE
Mutating residue = META134 into LEU
Mutating residue = META134 into MET
Mutating residue = META134 into PHE
Mutating residue = META134 into TYR
Mutating residue = META134 into TRP
Mutating residue = META134 into SER
Mutating residue = META134 into THR
Mutating residue = META134 into ASN
Mutating residue = META134 into GLN
Mutating residue = META134 into CYS
Mutating residue = META134 into GLY
Mutating residue = META134 into PRO
Mutating residue = META134 into ARG
Mutating residue = META134 into HIS
Mutating residue = META134 into LYS
Mutating residue = META134 into ASP
Mutating residue = META134 into GLU
Mutating residue = ILEA135 into ALA
Mutating residue = ILEA135 into VAL
Mutating residue = ILEA135 into ILE
Mutating residue = ILEA135 into LEU
Mutating residue = ILEA135 into MET
Mutating residue = ILEA135 into PHE
Mutating residue = ILEA135 into TYR
Mutating residue = ILEA135 into TRP
Mutating residue = ILEA135 into SER
Mutating residue = ILEA135 into THR
Mutating residue = ILEA135 into ASN
Mutating residue = ILEA135 into GLN
Mutating residue = ILEA135 into CYS
Mutating residue = ILEA135 into GLY
Mutating residue = ILEA135 into PRO
Mutating residue = ILEA135 into ARG
Mutating residue = ILEA135 into HIS
Mutating residue = ILEA135 into LYS
Mutating residue = ILEA135 into ASP
Mutating residue = ILEA135 into GLU
Your file run OK
End time of FoldX: Sat May  9 16:21:19 2026
Total time spend: 245.08 seconds.
validated file "PTEN_1.pdb" => successfully finished
validated file "PTEN_2.pdb" => successfully finished
validated file "PTEN_3.pdb" => successfully finished
validated file "PTEN_4.pdb" => successfully finished
validated file "PTEN_5.pdb" => successfully finished
validated file "PTEN_6.pdb" => successfully finished
validated file "PTEN_7.pdb" => successfully finished
validated file "PTEN_8.pdb" => successfully finished
validated file "PTEN_9.pdb" => successfully finished
validated file "PTEN_10.pdb" => successfully finished
validated file "PTEN_11.pdb" => successfully finished
validated file "PTEN_12.pdb" => successfully finished
validated file "PTEN_13.pdb" => successfully finished
validated file "PTEN_14.pdb" => successfully finished
validated file "PTEN_15.pdb" => successfully finished
validated file "PTEN_16.pdb" => successfully finished
validated file "PTEN_17.pdb" => successfully finished
validated file "PTEN_18.pdb" => successfully finished
validated file "PTEN_19.pdb" => successfully finished
validated file "PTEN_20.pdb" => successfully finished
validated file "PTEN_21.pdb" => successfully finished
validated file "PTEN_22.pdb" => successfully finished
validated file "PTEN_23.pdb" => successfully finished
validated file "PTEN_24.pdb" => successfully finished
validated file "PTEN_25.pdb" => successfully finished
validated file "PTEN_26.pdb" => successfully finished
validated file "PTEN_27.pdb" => successfully finished
validated file "PTEN_28.pdb" => successfully finished
validated file "PTEN_29.pdb" => successfully finished
validated file "PTEN_30.pdb" => successfully finished
validated file "PTEN_31.pdb" => successfully finished
validated file "PTEN_32.pdb" => successfully finished
validated file "PTEN_33.pdb" => successfully finished
validated file "PTEN_34.pdb" => successfully finished
validated file "PTEN_35.pdb" => successfully finished
validated file "PTEN_36.pdb" => successfully finished
validated file "PTEN_37.pdb" => successfully finished
validated file "PTEN_38.pdb" => successfully finished
validated file "PTEN_39.pdb" => successfully finished
validated file "PTEN_40.pdb" => successfully finished
validated file "PTEN_41.pdb" => successfully finished
validated file "PTEN_42.pdb" => successfully finished
validated file "PTEN_43.pdb" => successfully finished
validated file "PTEN_44.pdb" => successfully finished
validated file "PTEN_45.pdb" => successfully finished
validated file "PTEN_46.pdb" => successfully finished
validated file "PTEN_47.pdb" => successfully finished
validated file "PTEN_48.pdb" => successfully finished
validated file "PTEN_49.pdb" => successfully finished
validated file "PTEN_50.pdb" => successfully finished
Cleaning BuildModel...DONE
任务 54 结果提取成功，已映射突变信息。
