   ********************************************
   ***                                      ***
   ***             FoldX 5.1 (c)            ***
   ***                                      ***
   ***     code by the FoldX Consortium     ***
   ***                                      ***
   ***     Jesper Borg, Frederic Rousseau   ***
   ***    Joost Schymkowitz, Luis Serrano   ***
   ***    Peter Vanhee, Erik Verschueren    ***
   ***     Lies Baeten, Javier Delgado      ***
   ***       and Francois Stricher          ***
   *** and any other of the 9! permutations ***
   ***   based on an original concept by    ***
   ***   Raphael Guerois and Luis Serrano   ***
   ********************************************

1 models read: PTEN.pdb
1 models read: PTEN.pdb

BackHbond       =               -227.30
SideHbond       =               -82.03
Energy_VdW      =               -403.58
Electro         =               -27.63
Energy_SolvP    =               559.36
Energy_SolvH    =               -526.04
Energy_vdwclash =               32.43
energy_torsion  =               8.76
backbone_vdwclash=              176.30
Entropy_sidec   =               210.75
Entropy_mainc   =               606.81
water bonds     =               0.00
helix dipole    =               -1.32
loop_entropy    =               0.00
cis_bond        =               0.00
disulfide       =               0.00
kn electrostatic=               0.00
partial covalent interactions = 0.00
Energy_Ionisation =             2.72
Entropy Complex =               0.00
-----------------------------------------------------------
Total          = 				  152.93


BackHbond       =               -227.30
SideHbond       =               -82.03
Energy_VdW      =               -403.58
Electro         =               -27.63
Energy_SolvP    =               559.36
Energy_SolvH    =               -526.04
Energy_vdwclash =               32.43
energy_torsion  =               8.76
backbone_vdwclash=              176.30
Entropy_sidec   =               210.75
Entropy_mainc   =               606.81
water bonds     =               0.00
helix dipole    =               -1.32
loop_entropy    =               0.00
cis_bond        =               0.00
disulfide       =               0.00
kn electrostatic=               0.00
partial covalent interactions = 0.00
Energy_Ionisation =             2.72
Entropy Complex =               0.00
-----------------------------------------------------------
Total          = 				  152.93

Starting BuildModel
Reading PA96A;
Reading PA96V;
Reading PA96I;
Reading PA96L;
Reading PA96M;
Reading PA96F;
Reading PA96Y;
Reading PA96W;
Reading PA96S;
Reading PA96T;
Reading PA96N;
Reading PA96Q;
Reading PA96C;
Reading PA96G;
Reading PA96P;
Reading PA96R;
Reading PA96H;
Reading PA96K;
Reading PA96D;
Reading PA96E;
Reading QA97A;
Reading QA97V;
Reading QA97I;
Reading QA97L;
Reading QA97M;
Reading QA97F;
Reading QA97Y;
Reading QA97W;
Reading QA97S;
Reading QA97T;
Reading QA97N;
Reading QA97Q;
Reading QA97C;
Reading QA97G;
Reading QA97P;
Reading QA97R;
Reading QA97H;
Reading QA97K;
Reading QA97D;
Reading QA97E;
Reading LA98A;
Reading LA98V;
Reading LA98I;
Reading LA98L;
Reading LA98M;
Reading LA98F;
Reading LA98Y;
Reading LA98W;
Reading LA98S;
Reading LA98T;
Residue to Mutate PROA96 has residue index 95
Residue to Mutate PROA96 has residue index 95
Residue to Mutate PROA96 has residue index 95
Residue to Mutate PROA96 has residue index 95
Residue to Mutate PROA96 has residue index 95
Residue to Mutate PROA96 has residue index 95
Residue to Mutate PROA96 has residue index 95
Residue to Mutate PROA96 has residue index 95
Residue to Mutate PROA96 has residue index 95
Residue to Mutate PROA96 has residue index 95
Residue to Mutate PROA96 has residue index 95
Residue to Mutate PROA96 has residue index 95
Residue to Mutate PROA96 has residue index 95
Residue to Mutate PROA96 has residue index 95
Residue to Mutate PROA96 has residue index 95
Residue to Mutate PROA96 has residue index 95
Residue to Mutate PROA96 has residue index 95
Residue to Mutate PROA96 has residue index 95
Residue to Mutate PROA96 has residue index 95
Residue to Mutate PROA96 has residue index 95
Residue to Mutate GLNA97 has residue index 96
Residue to Mutate GLNA97 has residue index 96
Residue to Mutate GLNA97 has residue index 96
Residue to Mutate GLNA97 has residue index 96
Residue to Mutate GLNA97 has residue index 96
Residue to Mutate GLNA97 has residue index 96
Residue to Mutate GLNA97 has residue index 96
Residue to Mutate GLNA97 has residue index 96
Residue to Mutate GLNA97 has residue index 96
Residue to Mutate GLNA97 has residue index 96
Residue to Mutate GLNA97 has residue index 96
Residue to Mutate GLNA97 has residue index 96
Residue to Mutate GLNA97 has residue index 96
Residue to Mutate GLNA97 has residue index 96
Residue to Mutate GLNA97 has residue index 96
Residue to Mutate GLNA97 has residue index 96
Residue to Mutate GLNA97 has residue index 96
Residue to Mutate GLNA97 has residue index 96
Residue to Mutate GLNA97 has residue index 96
Residue to Mutate GLNA97 has residue index 96
Residue to Mutate LEUA98 has residue index 97
Residue to Mutate LEUA98 has residue index 97
Residue to Mutate LEUA98 has residue index 97
Residue to Mutate LEUA98 has residue index 97
Residue to Mutate LEUA98 has residue index 97
Residue to Mutate LEUA98 has residue index 97
Residue to Mutate LEUA98 has residue index 97
Residue to Mutate LEUA98 has residue index 97
Residue to Mutate LEUA98 has residue index 97
Residue to Mutate LEUA98 has residue index 97
Mutating residue = PROA96 into ALA
Mutating residue = PROA96 into VAL
Mutating residue = PROA96 into ILE
Mutating residue = PROA96 into LEU
Mutating residue = PROA96 into MET
Mutating residue = PROA96 into PHE
Mutating residue = PROA96 into TYR
Mutating residue = PROA96 into TRP
Mutating residue = PROA96 into SER
Mutating residue = PROA96 into THR
Mutating residue = PROA96 into ASN
Mutating residue = PROA96 into GLN
Mutating residue = PROA96 into CYS
Mutating residue = PROA96 into GLY
Mutating residue = PROA96 into PRO
Mutating residue = PROA96 into ARG
Mutating residue = PROA96 into HIS
Mutating residue = PROA96 into LYS
Mutating residue = PROA96 into ASP
Mutating residue = PROA96 into GLU
Mutating residue = GLNA97 into ALA
Mutating residue = GLNA97 into VAL
Mutating residue = GLNA97 into ILE
Mutating residue = GLNA97 into LEU
Mutating residue = GLNA97 into MET
Mutating residue = GLNA97 into PHE
Mutating residue = GLNA97 into TYR
Mutating residue = GLNA97 into TRP
Mutating residue = GLNA97 into SER
Mutating residue = GLNA97 into THR
Mutating residue = GLNA97 into ASN
Mutating residue = GLNA97 into GLN
Mutating residue = GLNA97 into CYS
Mutating residue = GLNA97 into GLY
Mutating residue = GLNA97 into PRO
Mutating residue = GLNA97 into ARG
Mutating residue = GLNA97 into HIS
Mutating residue = GLNA97 into LYS
Mutating residue = GLNA97 into ASP
Mutating residue = GLNA97 into GLU
Mutating residue = LEUA98 into ALA
Mutating residue = LEUA98 into VAL
Mutating residue = LEUA98 into ILE
Mutating residue = LEUA98 into LEU
Mutating residue = LEUA98 into MET
Mutating residue = LEUA98 into PHE
Mutating residue = LEUA98 into TYR
Mutating residue = LEUA98 into TRP
Mutating residue = LEUA98 into SER
Mutating residue = LEUA98 into THR
Your file run OK
End time of FoldX: Sat May  9 16:23:30 2026
Total time spend: 377.41 seconds.
validated file "PTEN_1.pdb" => successfully finished
validated file "PTEN_2.pdb" => successfully finished
validated file "PTEN_3.pdb" => successfully finished
validated file "PTEN_4.pdb" => successfully finished
validated file "PTEN_5.pdb" => successfully finished
validated file "PTEN_6.pdb" => successfully finished
validated file "PTEN_7.pdb" => successfully finished
validated file "PTEN_8.pdb" => successfully finished
validated file "PTEN_9.pdb" => successfully finished
validated file "PTEN_10.pdb" => successfully finished
validated file "PTEN_11.pdb" => successfully finished
validated file "PTEN_12.pdb" => successfully finished
validated file "PTEN_13.pdb" => successfully finished
validated file "PTEN_14.pdb" => successfully finished
validated file "PTEN_15.pdb" => successfully finished
validated file "PTEN_16.pdb" => successfully finished
validated file "PTEN_17.pdb" => successfully finished
validated file "PTEN_18.pdb" => successfully finished
validated file "PTEN_19.pdb" => successfully finished
validated file "PTEN_20.pdb" => successfully finished
validated file "PTEN_21.pdb" => successfully finished
validated file "PTEN_22.pdb" => successfully finished
validated file "PTEN_23.pdb" => successfully finished
validated file "PTEN_24.pdb" => successfully finished
validated file "PTEN_25.pdb" => successfully finished
validated file "PTEN_26.pdb" => successfully finished
validated file "PTEN_27.pdb" => successfully finished
validated file "PTEN_28.pdb" => successfully finished
validated file "PTEN_29.pdb" => successfully finished
validated file "PTEN_30.pdb" => successfully finished
validated file "PTEN_31.pdb" => successfully finished
validated file "PTEN_32.pdb" => successfully finished
validated file "PTEN_33.pdb" => successfully finished
validated file "PTEN_34.pdb" => successfully finished
validated file "PTEN_35.pdb" => successfully finished
validated file "PTEN_36.pdb" => successfully finished
validated file "PTEN_37.pdb" => successfully finished
validated file "PTEN_38.pdb" => successfully finished
validated file "PTEN_39.pdb" => successfully finished
validated file "PTEN_40.pdb" => successfully finished
validated file "PTEN_41.pdb" => successfully finished
validated file "PTEN_42.pdb" => successfully finished
validated file "PTEN_43.pdb" => successfully finished
validated file "PTEN_44.pdb" => successfully finished
validated file "PTEN_45.pdb" => successfully finished
validated file "PTEN_46.pdb" => successfully finished
validated file "PTEN_47.pdb" => successfully finished
validated file "PTEN_48.pdb" => successfully finished
validated file "PTEN_49.pdb" => successfully finished
validated file "PTEN_50.pdb" => successfully finished
Cleaning BuildModel...DONE
任务 39 结果提取成功，已映射突变信息。
