   ********************************************
   ***                                      ***
   ***             FoldX 5.1 (c)            ***
   ***                                      ***
   ***     code by the FoldX Consortium     ***
   ***                                      ***
   ***     Jesper Borg, Frederic Rousseau   ***
   ***    Joost Schymkowitz, Luis Serrano   ***
   ***    Peter Vanhee, Erik Verschueren    ***
   ***     Lies Baeten, Javier Delgado      ***
   ***       and Francois Stricher          ***
   *** and any other of the 9! permutations ***
   ***   based on an original concept by    ***
   ***   Raphael Guerois and Luis Serrano   ***
   ********************************************

1 models read: PTEN.pdb
1 models read: PTEN.pdb

BackHbond       =               -227.30
SideHbond       =               -82.03
Energy_VdW      =               -403.58
Electro         =               -27.63
Energy_SolvP    =               559.36
Energy_SolvH    =               -526.04
Energy_vdwclash =               32.43
energy_torsion  =               8.76
backbone_vdwclash=              176.30
Entropy_sidec   =               210.75
Entropy_mainc   =               606.81
water bonds     =               0.00
helix dipole    =               -1.32
loop_entropy    =               0.00
cis_bond        =               0.00
disulfide       =               0.00
kn electrostatic=               0.00
partial covalent interactions = 0.00
Energy_Ionisation =             2.72
Entropy Complex =               0.00
-----------------------------------------------------------
Total          = 				  152.93


BackHbond       =               -227.30
SideHbond       =               -82.03
Energy_VdW      =               -403.58
Electro         =               -27.63
Energy_SolvP    =               559.36
Energy_SolvH    =               -526.04
Energy_vdwclash =               32.43
energy_torsion  =               8.76
backbone_vdwclash=              176.30
Entropy_sidec   =               210.75
Entropy_mainc   =               606.81
water bonds     =               0.00
helix dipole    =               -1.32
loop_entropy    =               0.00
cis_bond        =               0.00
disulfide       =               0.00
kn electrostatic=               0.00
partial covalent interactions = 0.00
Energy_Ionisation =             2.72
Entropy Complex =               0.00
-----------------------------------------------------------
Total          = 				  152.93

Starting BuildModel
Reading VA343N;
Reading VA343Q;
Reading VA343C;
Reading VA343G;
Reading VA343P;
Reading VA343R;
Reading VA343H;
Reading VA343K;
Reading VA343D;
Reading VA343E;
Reading KA344A;
Reading KA344V;
Reading KA344I;
Reading KA344L;
Reading KA344M;
Reading KA344F;
Reading KA344Y;
Reading KA344W;
Reading KA344S;
Reading KA344T;
Reading KA344N;
Reading KA344Q;
Reading KA344C;
Reading KA344G;
Reading KA344P;
Reading KA344R;
Reading KA344H;
Reading KA344K;
Reading KA344D;
Reading KA344E;
Reading LA345A;
Reading LA345V;
Reading LA345I;
Reading LA345L;
Reading LA345M;
Reading LA345F;
Reading LA345Y;
Reading LA345W;
Reading LA345S;
Reading LA345T;
Reading LA345N;
Reading LA345Q;
Reading LA345C;
Reading LA345G;
Reading LA345P;
Reading LA345R;
Reading LA345H;
Reading LA345K;
Reading LA345D;
Reading LA345E;
Residue to Mutate VALA343 has residue index 342
Residue to Mutate VALA343 has residue index 342
Residue to Mutate VALA343 has residue index 342
Residue to Mutate VALA343 has residue index 342
Residue to Mutate VALA343 has residue index 342
Residue to Mutate VALA343 has residue index 342
Residue to Mutate VALA343 has residue index 342
Residue to Mutate VALA343 has residue index 342
Residue to Mutate VALA343 has residue index 342
Residue to Mutate VALA343 has residue index 342
Residue to Mutate LYSA344 has residue index 343
Residue to Mutate LYSA344 has residue index 343
Residue to Mutate LYSA344 has residue index 343
Residue to Mutate LYSA344 has residue index 343
Residue to Mutate LYSA344 has residue index 343
Residue to Mutate LYSA344 has residue index 343
Residue to Mutate LYSA344 has residue index 343
Residue to Mutate LYSA344 has residue index 343
Residue to Mutate LYSA344 has residue index 343
Residue to Mutate LYSA344 has residue index 343
Residue to Mutate LYSA344 has residue index 343
Residue to Mutate LYSA344 has residue index 343
Residue to Mutate LYSA344 has residue index 343
Residue to Mutate LYSA344 has residue index 343
Residue to Mutate LYSA344 has residue index 343
Residue to Mutate LYSA344 has residue index 343
Residue to Mutate LYSA344 has residue index 343
Residue to Mutate LYSA344 has residue index 343
Residue to Mutate LYSA344 has residue index 343
Residue to Mutate LYSA344 has residue index 343
Residue to Mutate LEUA345 has residue index 344
Residue to Mutate LEUA345 has residue index 344
Residue to Mutate LEUA345 has residue index 344
Residue to Mutate LEUA345 has residue index 344
Residue to Mutate LEUA345 has residue index 344
Residue to Mutate LEUA345 has residue index 344
Residue to Mutate LEUA345 has residue index 344
Residue to Mutate LEUA345 has residue index 344
Residue to Mutate LEUA345 has residue index 344
Residue to Mutate LEUA345 has residue index 344
Residue to Mutate LEUA345 has residue index 344
Residue to Mutate LEUA345 has residue index 344
Residue to Mutate LEUA345 has residue index 344
Residue to Mutate LEUA345 has residue index 344
Residue to Mutate LEUA345 has residue index 344
Residue to Mutate LEUA345 has residue index 344
Residue to Mutate LEUA345 has residue index 344
Residue to Mutate LEUA345 has residue index 344
Residue to Mutate LEUA345 has residue index 344
Residue to Mutate LEUA345 has residue index 344
Mutating residue = VALA343 into ASN
Mutating residue = VALA343 into GLN
Mutating residue = VALA343 into CYS
Mutating residue = VALA343 into GLY
Mutating residue = VALA343 into PRO
Mutating residue = VALA343 into ARG
Mutating residue = VALA343 into HIS
Mutating residue = VALA343 into LYS
Mutating residue = VALA343 into ASP
Mutating residue = VALA343 into GLU
Mutating residue = LYSA344 into ALA
Mutating residue = LYSA344 into VAL
Mutating residue = LYSA344 into ILE
Mutating residue = LYSA344 into LEU
Mutating residue = LYSA344 into MET
Mutating residue = LYSA344 into PHE
Mutating residue = LYSA344 into TYR
Mutating residue = LYSA344 into TRP
Mutating residue = LYSA344 into SER
Mutating residue = LYSA344 into THR
Mutating residue = LYSA344 into ASN
Mutating residue = LYSA344 into GLN
Mutating residue = LYSA344 into CYS
Mutating residue = LYSA344 into GLY
Mutating residue = LYSA344 into PRO
Mutating residue = LYSA344 into ARG
Mutating residue = LYSA344 into HIS
Mutating residue = LYSA344 into LYS
Mutating residue = LYSA344 into ASP
Mutating residue = LYSA344 into GLU
Mutating residue = LEUA345 into ALA
Mutating residue = LEUA345 into VAL
Mutating residue = LEUA345 into ILE
Mutating residue = LEUA345 into LEU
Mutating residue = LEUA345 into MET
Mutating residue = LEUA345 into PHE
Mutating residue = LEUA345 into TYR
Mutating residue = LEUA345 into TRP
Mutating residue = LEUA345 into SER
Mutating residue = LEUA345 into THR
Mutating residue = LEUA345 into ASN
Mutating residue = LEUA345 into GLN
Mutating residue = LEUA345 into CYS
Mutating residue = LEUA345 into GLY
Mutating residue = LEUA345 into PRO
Mutating residue = LEUA345 into ARG
Mutating residue = LEUA345 into HIS
Mutating residue = LEUA345 into LYS
Mutating residue = LEUA345 into ASP
Mutating residue = LEUA345 into GLU
Your file run OK
End time of FoldX: Sat May  9 16:30:34 2026
Total time spend: 798.25 seconds.
validated file "PTEN_1.pdb" => successfully finished
validated file "PTEN_2.pdb" => successfully finished
validated file "PTEN_3.pdb" => successfully finished
validated file "PTEN_4.pdb" => successfully finished
validated file "PTEN_5.pdb" => successfully finished
validated file "PTEN_6.pdb" => successfully finished
validated file "PTEN_7.pdb" => successfully finished
validated file "PTEN_8.pdb" => successfully finished
validated file "PTEN_9.pdb" => successfully finished
validated file "PTEN_10.pdb" => successfully finished
validated file "PTEN_11.pdb" => successfully finished
validated file "PTEN_12.pdb" => successfully finished
validated file "PTEN_13.pdb" => successfully finished
validated file "PTEN_14.pdb" => successfully finished
validated file "PTEN_15.pdb" => successfully finished
validated file "PTEN_16.pdb" => successfully finished
validated file "PTEN_17.pdb" => successfully finished
validated file "PTEN_18.pdb" => successfully finished
validated file "PTEN_19.pdb" => successfully finished
validated file "PTEN_20.pdb" => successfully finished
validated file "PTEN_21.pdb" => successfully finished
validated file "PTEN_22.pdb" => successfully finished
validated file "PTEN_23.pdb" => successfully finished
validated file "PTEN_24.pdb" => successfully finished
validated file "PTEN_25.pdb" => successfully finished
validated file "PTEN_26.pdb" => successfully finished
validated file "PTEN_27.pdb" => successfully finished
validated file "PTEN_28.pdb" => successfully finished
validated file "PTEN_29.pdb" => successfully finished
validated file "PTEN_30.pdb" => successfully finished
validated file "PTEN_31.pdb" => successfully finished
validated file "PTEN_32.pdb" => successfully finished
validated file "PTEN_33.pdb" => successfully finished
validated file "PTEN_34.pdb" => successfully finished
validated file "PTEN_35.pdb" => successfully finished
validated file "PTEN_36.pdb" => successfully finished
validated file "PTEN_37.pdb" => successfully finished
validated file "PTEN_38.pdb" => successfully finished
validated file "PTEN_39.pdb" => successfully finished
validated file "PTEN_40.pdb" => successfully finished
validated file "PTEN_41.pdb" => successfully finished
validated file "PTEN_42.pdb" => successfully finished
validated file "PTEN_43.pdb" => successfully finished
validated file "PTEN_44.pdb" => successfully finished
validated file "PTEN_45.pdb" => successfully finished
validated file "PTEN_46.pdb" => successfully finished
validated file "PTEN_47.pdb" => successfully finished
validated file "PTEN_48.pdb" => successfully finished
validated file "PTEN_49.pdb" => successfully finished
validated file "PTEN_50.pdb" => successfully finished
Cleaning BuildModel...DONE
任务 138 结果提取成功，已映射突变信息。
