   ********************************************
   ***                                      ***
   ***             FoldX 5.1 (c)            ***
   ***                                      ***
   ***     code by the FoldX Consortium     ***
   ***                                      ***
   ***     Jesper Borg, Frederic Rousseau   ***
   ***    Joost Schymkowitz, Luis Serrano   ***
   ***    Peter Vanhee, Erik Verschueren    ***
   ***     Lies Baeten, Javier Delgado      ***
   ***       and Francois Stricher          ***
   *** and any other of the 9! permutations ***
   ***   based on an original concept by    ***
   ***   Raphael Guerois and Luis Serrano   ***
   ********************************************

1 models read: PTEN.pdb
1 models read: PTEN.pdb

BackHbond       =               -227.30
SideHbond       =               -82.03
Energy_VdW      =               -403.58
Electro         =               -27.63
Energy_SolvP    =               559.36
Energy_SolvH    =               -526.04
Energy_vdwclash =               32.43
energy_torsion  =               8.76
backbone_vdwclash=              176.30
Entropy_sidec   =               210.75
Entropy_mainc   =               606.81
water bonds     =               0.00
helix dipole    =               -1.32
loop_entropy    =               0.00
cis_bond        =               0.00
disulfide       =               0.00
kn electrostatic=               0.00
partial covalent interactions = 0.00
Energy_Ionisation =             2.72
Entropy Complex =               0.00
-----------------------------------------------------------
Total          = 				  152.93


BackHbond       =               -227.30
SideHbond       =               -82.03
Energy_VdW      =               -403.58
Electro         =               -27.63
Energy_SolvP    =               559.36
Energy_SolvH    =               -526.04
Energy_vdwclash =               32.43
energy_torsion  =               8.76
backbone_vdwclash=              176.30
Entropy_sidec   =               210.75
Entropy_mainc   =               606.81
water bonds     =               0.00
helix dipole    =               -1.32
loop_entropy    =               0.00
cis_bond        =               0.00
disulfide       =               0.00
kn electrostatic=               0.00
partial covalent interactions = 0.00
Energy_Ionisation =             2.72
Entropy Complex =               0.00
-----------------------------------------------------------
Total          = 				  152.93

Starting BuildModel
Reading QA261A;
Reading QA261V;
Reading QA261I;
Reading QA261L;
Reading QA261M;
Reading QA261F;
Reading QA261Y;
Reading QA261W;
Reading QA261S;
Reading QA261T;
Reading QA261N;
Reading QA261Q;
Reading QA261C;
Reading QA261G;
Reading QA261P;
Reading QA261R;
Reading QA261H;
Reading QA261K;
Reading QA261D;
Reading QA261E;
Reading NA262A;
Reading NA262V;
Reading NA262I;
Reading NA262L;
Reading NA262M;
Reading NA262F;
Reading NA262Y;
Reading NA262W;
Reading NA262S;
Reading NA262T;
Reading NA262N;
Reading NA262Q;
Reading NA262C;
Reading NA262G;
Reading NA262P;
Reading NA262R;
Reading NA262H;
Reading NA262K;
Reading NA262D;
Reading NA262E;
Reading KA263A;
Reading KA263V;
Reading KA263I;
Reading KA263L;
Reading KA263M;
Reading KA263F;
Reading KA263Y;
Reading KA263W;
Reading KA263S;
Reading KA263T;
Residue to Mutate GLNA261 has residue index 260
Residue to Mutate GLNA261 has residue index 260
Residue to Mutate GLNA261 has residue index 260
Residue to Mutate GLNA261 has residue index 260
Residue to Mutate GLNA261 has residue index 260
Residue to Mutate GLNA261 has residue index 260
Residue to Mutate GLNA261 has residue index 260
Residue to Mutate GLNA261 has residue index 260
Residue to Mutate GLNA261 has residue index 260
Residue to Mutate GLNA261 has residue index 260
Residue to Mutate GLNA261 has residue index 260
Residue to Mutate GLNA261 has residue index 260
Residue to Mutate GLNA261 has residue index 260
Residue to Mutate GLNA261 has residue index 260
Residue to Mutate GLNA261 has residue index 260
Residue to Mutate GLNA261 has residue index 260
Residue to Mutate GLNA261 has residue index 260
Residue to Mutate GLNA261 has residue index 260
Residue to Mutate GLNA261 has residue index 260
Residue to Mutate GLNA261 has residue index 260
Residue to Mutate ASNA262 has residue index 261
Residue to Mutate ASNA262 has residue index 261
Residue to Mutate ASNA262 has residue index 261
Residue to Mutate ASNA262 has residue index 261
Residue to Mutate ASNA262 has residue index 261
Residue to Mutate ASNA262 has residue index 261
Residue to Mutate ASNA262 has residue index 261
Residue to Mutate ASNA262 has residue index 261
Residue to Mutate ASNA262 has residue index 261
Residue to Mutate ASNA262 has residue index 261
Residue to Mutate ASNA262 has residue index 261
Residue to Mutate ASNA262 has residue index 261
Residue to Mutate ASNA262 has residue index 261
Residue to Mutate ASNA262 has residue index 261
Residue to Mutate ASNA262 has residue index 261
Residue to Mutate ASNA262 has residue index 261
Residue to Mutate ASNA262 has residue index 261
Residue to Mutate ASNA262 has residue index 261
Residue to Mutate ASNA262 has residue index 261
Residue to Mutate ASNA262 has residue index 261
Residue to Mutate LYSA263 has residue index 262
Residue to Mutate LYSA263 has residue index 262
Residue to Mutate LYSA263 has residue index 262
Residue to Mutate LYSA263 has residue index 262
Residue to Mutate LYSA263 has residue index 262
Residue to Mutate LYSA263 has residue index 262
Residue to Mutate LYSA263 has residue index 262
Residue to Mutate LYSA263 has residue index 262
Residue to Mutate LYSA263 has residue index 262
Residue to Mutate LYSA263 has residue index 262
Mutating residue = GLNA261 into ALA
Mutating residue = GLNA261 into VAL
Mutating residue = GLNA261 into ILE
Mutating residue = GLNA261 into LEU
Mutating residue = GLNA261 into MET
Mutating residue = GLNA261 into PHE
Mutating residue = GLNA261 into TYR
Mutating residue = GLNA261 into TRP
Mutating residue = GLNA261 into SER
Mutating residue = GLNA261 into THR
Mutating residue = GLNA261 into ASN
Mutating residue = GLNA261 into GLN
Mutating residue = GLNA261 into CYS
Mutating residue = GLNA261 into GLY
Mutating residue = GLNA261 into PRO
Mutating residue = GLNA261 into ARG
Mutating residue = GLNA261 into HIS
Mutating residue = GLNA261 into LYS
Mutating residue = GLNA261 into ASP
Mutating residue = GLNA261 into GLU
Mutating residue = ASNA262 into ALA
Mutating residue = ASNA262 into VAL
Mutating residue = ASNA262 into ILE
Mutating residue = ASNA262 into LEU
Mutating residue = ASNA262 into MET
Mutating residue = ASNA262 into PHE
Mutating residue = ASNA262 into TYR
Mutating residue = ASNA262 into TRP
Mutating residue = ASNA262 into SER
Mutating residue = ASNA262 into THR
Mutating residue = ASNA262 into ASN
Mutating residue = ASNA262 into GLN
Mutating residue = ASNA262 into CYS
Mutating residue = ASNA262 into GLY
Mutating residue = ASNA262 into PRO
Mutating residue = ASNA262 into ARG
Mutating residue = ASNA262 into HIS
Mutating residue = ASNA262 into LYS
Mutating residue = ASNA262 into ASP
Mutating residue = ASNA262 into GLU
Mutating residue = LYSA263 into ALA
Mutating residue = LYSA263 into VAL
Mutating residue = LYSA263 into ILE
Mutating residue = LYSA263 into LEU
Mutating residue = LYSA263 into MET
Mutating residue = LYSA263 into PHE
Mutating residue = LYSA263 into TYR
Mutating residue = LYSA263 into TRP
Mutating residue = LYSA263 into SER
Mutating residue = LYSA263 into THR
Your file run OK
End time of FoldX: Sat May  9 16:21:20 2026
Total time spend: 245.36 seconds.
validated file "PTEN_1.pdb" => successfully finished
validated file "PTEN_2.pdb" => successfully finished
validated file "PTEN_3.pdb" => successfully finished
validated file "PTEN_4.pdb" => successfully finished
validated file "PTEN_5.pdb" => successfully finished
validated file "PTEN_6.pdb" => successfully finished
validated file "PTEN_7.pdb" => successfully finished
validated file "PTEN_8.pdb" => successfully finished
validated file "PTEN_9.pdb" => successfully finished
validated file "PTEN_10.pdb" => successfully finished
validated file "PTEN_11.pdb" => successfully finished
validated file "PTEN_12.pdb" => successfully finished
validated file "PTEN_13.pdb" => successfully finished
validated file "PTEN_14.pdb" => successfully finished
validated file "PTEN_15.pdb" => successfully finished
validated file "PTEN_16.pdb" => successfully finished
validated file "PTEN_17.pdb" => successfully finished
validated file "PTEN_18.pdb" => successfully finished
validated file "PTEN_19.pdb" => successfully finished
validated file "PTEN_20.pdb" => successfully finished
validated file "PTEN_21.pdb" => successfully finished
validated file "PTEN_22.pdb" => successfully finished
validated file "PTEN_23.pdb" => successfully finished
validated file "PTEN_24.pdb" => successfully finished
validated file "PTEN_25.pdb" => successfully finished
validated file "PTEN_26.pdb" => successfully finished
validated file "PTEN_27.pdb" => successfully finished
validated file "PTEN_28.pdb" => successfully finished
validated file "PTEN_29.pdb" => successfully finished
validated file "PTEN_30.pdb" => successfully finished
validated file "PTEN_31.pdb" => successfully finished
validated file "PTEN_32.pdb" => successfully finished
validated file "PTEN_33.pdb" => successfully finished
validated file "PTEN_34.pdb" => successfully finished
validated file "PTEN_35.pdb" => successfully finished
validated file "PTEN_36.pdb" => successfully finished
validated file "PTEN_37.pdb" => successfully finished
validated file "PTEN_38.pdb" => successfully finished
validated file "PTEN_39.pdb" => successfully finished
validated file "PTEN_40.pdb" => successfully finished
validated file "PTEN_41.pdb" => successfully finished
validated file "PTEN_42.pdb" => successfully finished
validated file "PTEN_43.pdb" => successfully finished
validated file "PTEN_44.pdb" => successfully finished
validated file "PTEN_45.pdb" => successfully finished
validated file "PTEN_46.pdb" => successfully finished
validated file "PTEN_47.pdb" => successfully finished
validated file "PTEN_48.pdb" => successfully finished
validated file "PTEN_49.pdb" => successfully finished
validated file "PTEN_50.pdb" => successfully finished
Cleaning BuildModel...DONE
任务 105 结果提取成功，已映射突变信息。
