   ********************************************
   ***                                      ***
   ***             FoldX 5.1 (c)            ***
   ***                                      ***
   ***     code by the FoldX Consortium     ***
   ***                                      ***
   ***     Jesper Borg, Frederic Rousseau   ***
   ***    Joost Schymkowitz, Luis Serrano   ***
   ***    Peter Vanhee, Erik Verschueren    ***
   ***     Lies Baeten, Javier Delgado      ***
   ***       and Francois Stricher          ***
   *** and any other of the 9! permutations ***
   ***   based on an original concept by    ***
   ***   Raphael Guerois and Luis Serrano   ***
   ********************************************

1 models read: PTEN.pdb
1 models read: PTEN.pdb

BackHbond       =               -227.30
SideHbond       =               -82.03
Energy_VdW      =               -403.58
Electro         =               -27.63
Energy_SolvP    =               559.36
Energy_SolvH    =               -526.04
Energy_vdwclash =               32.43
energy_torsion  =               8.76
backbone_vdwclash=              176.30
Entropy_sidec   =               210.75
Entropy_mainc   =               606.81
water bonds     =               0.00
helix dipole    =               -1.32
loop_entropy    =               0.00
cis_bond        =               0.00
disulfide       =               0.00
kn electrostatic=               0.00
partial covalent interactions = 0.00
Energy_Ionisation =             2.72
Entropy Complex =               0.00
-----------------------------------------------------------
Total          = 				  152.93


BackHbond       =               -227.30
SideHbond       =               -82.03
Energy_VdW      =               -403.58
Electro         =               -27.63
Energy_SolvP    =               559.36
Energy_SolvH    =               -526.04
Energy_vdwclash =               32.43
energy_torsion  =               8.76
backbone_vdwclash=              176.30
Entropy_sidec   =               210.75
Entropy_mainc   =               606.81
water bonds     =               0.00
helix dipole    =               -1.32
loop_entropy    =               0.00
cis_bond        =               0.00
disulfide       =               0.00
kn electrostatic=               0.00
partial covalent interactions = 0.00
Energy_Ionisation =             2.72
Entropy Complex =               0.00
-----------------------------------------------------------
Total          = 				  152.93

Starting BuildModel
Reading VA403N;
Reading VA403Q;
Reading VA403C;
Reading VA403G;
Reading VA403P;
Reading VA403R;
Reading VA403H;
Reading VA403K;
Reading VA403D;
Reading VA403E;
Residue to Mutate VALA403 has residue index 402
Residue to Mutate VALA403 has residue index 402
Residue to Mutate VALA403 has residue index 402
Residue to Mutate VALA403 has residue index 402
Residue to Mutate VALA403 has residue index 402
Residue to Mutate VALA403 has residue index 402
Residue to Mutate VALA403 has residue index 402
Residue to Mutate VALA403 has residue index 402
Residue to Mutate VALA403 has residue index 402
Residue to Mutate VALA403 has residue index 402
Mutating residue = VALA403 into ASN
Mutating residue = VALA403 into GLN
Mutating residue = VALA403 into CYS
Mutating residue = VALA403 into GLY
Mutating residue = VALA403 into PRO
Mutating residue = VALA403 into ARG
Mutating residue = VALA403 into HIS
Mutating residue = VALA403 into LYS
Mutating residue = VALA403 into ASP
Mutating residue = VALA403 into GLU
Your file run OK
End time of FoldX: Sat May  9 16:17:35 2026
Total time spend: 21.31 seconds.
validated file "PTEN_1.pdb" => successfully finished
validated file "PTEN_2.pdb" => successfully finished
validated file "PTEN_3.pdb" => successfully finished
validated file "PTEN_4.pdb" => successfully finished
validated file "PTEN_5.pdb" => successfully finished
validated file "PTEN_6.pdb" => successfully finished
validated file "PTEN_7.pdb" => successfully finished
validated file "PTEN_8.pdb" => successfully finished
validated file "PTEN_9.pdb" => successfully finished
validated file "PTEN_10.pdb" => successfully finished
Cleaning BuildModel...DONE
任务 162 结果提取成功，已映射突变信息。
