   ********************************************
   ***                                      ***
   ***             FoldX 5.1 (c)            ***
   ***                                      ***
   ***     code by the FoldX Consortium     ***
   ***                                      ***
   ***     Jesper Borg, Frederic Rousseau   ***
   ***    Joost Schymkowitz, Luis Serrano   ***
   ***    Peter Vanhee, Erik Verschueren    ***
   ***     Lies Baeten, Javier Delgado      ***
   ***       and Francois Stricher          ***
   *** and any other of the 9! permutations ***
   ***   based on an original concept by    ***
   ***   Raphael Guerois and Luis Serrano   ***
   ********************************************

1 models read: PTEN.pdb
1 models read: PTEN.pdb

BackHbond       =               -227.30
SideHbond       =               -82.03
Energy_VdW      =               -403.58
Electro         =               -27.63
Energy_SolvP    =               559.36
Energy_SolvH    =               -526.04
Energy_vdwclash =               32.43
energy_torsion  =               8.76
backbone_vdwclash=              176.30
Entropy_sidec   =               210.75
Entropy_mainc   =               606.81
water bonds     =               0.00
helix dipole    =               -1.32
loop_entropy    =               0.00
cis_bond        =               0.00
disulfide       =               0.00
kn electrostatic=               0.00
partial covalent interactions = 0.00
Energy_Ionisation =             2.72
Entropy Complex =               0.00
-----------------------------------------------------------
Total          = 				  152.93


BackHbond       =               -227.30
SideHbond       =               -82.03
Energy_VdW      =               -403.58
Electro         =               -27.63
Energy_SolvP    =               559.36
Energy_SolvH    =               -526.04
Energy_vdwclash =               32.43
energy_torsion  =               8.76
backbone_vdwclash=              176.30
Entropy_sidec   =               210.75
Entropy_mainc   =               606.81
water bonds     =               0.00
helix dipole    =               -1.32
loop_entropy    =               0.00
cis_bond        =               0.00
disulfide       =               0.00
kn electrostatic=               0.00
partial covalent interactions = 0.00
Energy_Ionisation =             2.72
Entropy Complex =               0.00
-----------------------------------------------------------
Total          = 				  152.93

Starting BuildModel
Reading TA363N;
Reading TA363Q;
Reading TA363C;
Reading TA363G;
Reading TA363P;
Reading TA363R;
Reading TA363H;
Reading TA363K;
Reading TA363D;
Reading TA363E;
Reading SA364A;
Reading SA364V;
Reading SA364I;
Reading SA364L;
Reading SA364M;
Reading SA364F;
Reading SA364Y;
Reading SA364W;
Reading SA364S;
Reading SA364T;
Reading SA364N;
Reading SA364Q;
Reading SA364C;
Reading SA364G;
Reading SA364P;
Reading SA364R;
Reading SA364H;
Reading SA364K;
Reading SA364D;
Reading SA364E;
Reading VA365A;
Reading VA365V;
Reading VA365I;
Reading VA365L;
Reading VA365M;
Reading VA365F;
Reading VA365Y;
Reading VA365W;
Reading VA365S;
Reading VA365T;
Reading VA365N;
Reading VA365Q;
Reading VA365C;
Reading VA365G;
Reading VA365P;
Reading VA365R;
Reading VA365H;
Reading VA365K;
Reading VA365D;
Reading VA365E;
Residue to Mutate THRA363 has residue index 362
Residue to Mutate THRA363 has residue index 362
Residue to Mutate THRA363 has residue index 362
Residue to Mutate THRA363 has residue index 362
Residue to Mutate THRA363 has residue index 362
Residue to Mutate THRA363 has residue index 362
Residue to Mutate THRA363 has residue index 362
Residue to Mutate THRA363 has residue index 362
Residue to Mutate THRA363 has residue index 362
Residue to Mutate THRA363 has residue index 362
Residue to Mutate SERA364 has residue index 363
Residue to Mutate SERA364 has residue index 363
Residue to Mutate SERA364 has residue index 363
Residue to Mutate SERA364 has residue index 363
Residue to Mutate SERA364 has residue index 363
Residue to Mutate SERA364 has residue index 363
Residue to Mutate SERA364 has residue index 363
Residue to Mutate SERA364 has residue index 363
Residue to Mutate SERA364 has residue index 363
Residue to Mutate SERA364 has residue index 363
Residue to Mutate SERA364 has residue index 363
Residue to Mutate SERA364 has residue index 363
Residue to Mutate SERA364 has residue index 363
Residue to Mutate SERA364 has residue index 363
Residue to Mutate SERA364 has residue index 363
Residue to Mutate SERA364 has residue index 363
Residue to Mutate SERA364 has residue index 363
Residue to Mutate SERA364 has residue index 363
Residue to Mutate SERA364 has residue index 363
Residue to Mutate SERA364 has residue index 363
Residue to Mutate VALA365 has residue index 364
Residue to Mutate VALA365 has residue index 364
Residue to Mutate VALA365 has residue index 364
Residue to Mutate VALA365 has residue index 364
Residue to Mutate VALA365 has residue index 364
Residue to Mutate VALA365 has residue index 364
Residue to Mutate VALA365 has residue index 364
Residue to Mutate VALA365 has residue index 364
Residue to Mutate VALA365 has residue index 364
Residue to Mutate VALA365 has residue index 364
Residue to Mutate VALA365 has residue index 364
Residue to Mutate VALA365 has residue index 364
Residue to Mutate VALA365 has residue index 364
Residue to Mutate VALA365 has residue index 364
Residue to Mutate VALA365 has residue index 364
Residue to Mutate VALA365 has residue index 364
Residue to Mutate VALA365 has residue index 364
Residue to Mutate VALA365 has residue index 364
Residue to Mutate VALA365 has residue index 364
Residue to Mutate VALA365 has residue index 364
Mutating residue = THRA363 into ASN
Mutating residue = THRA363 into GLN
Mutating residue = THRA363 into CYS
Mutating residue = THRA363 into GLY
Mutating residue = THRA363 into PRO
Mutating residue = THRA363 into ARG
Mutating residue = THRA363 into HIS
Mutating residue = THRA363 into LYS
Mutating residue = THRA363 into ASP
Mutating residue = THRA363 into GLU
Mutating residue = SERA364 into ALA
Mutating residue = SERA364 into VAL
Mutating residue = SERA364 into ILE
Mutating residue = SERA364 into LEU
Mutating residue = SERA364 into MET
Mutating residue = SERA364 into PHE
Mutating residue = SERA364 into TYR
Mutating residue = SERA364 into TRP
Mutating residue = SERA364 into SER
Mutating residue = SERA364 into THR
Mutating residue = SERA364 into ASN
Mutating residue = SERA364 into GLN
Mutating residue = SERA364 into CYS
Mutating residue = SERA364 into GLY
Mutating residue = SERA364 into PRO
Mutating residue = SERA364 into ARG
Mutating residue = SERA364 into HIS
Mutating residue = SERA364 into LYS
Mutating residue = SERA364 into ASP
Mutating residue = SERA364 into GLU
Mutating residue = VALA365 into ALA
Mutating residue = VALA365 into VAL
Mutating residue = VALA365 into ILE
Mutating residue = VALA365 into LEU
Mutating residue = VALA365 into MET
Mutating residue = VALA365 into PHE
Mutating residue = VALA365 into TYR
Mutating residue = VALA365 into TRP
Mutating residue = VALA365 into SER
Mutating residue = VALA365 into THR
Mutating residue = VALA365 into ASN
Mutating residue = VALA365 into GLN
Mutating residue = VALA365 into CYS
Mutating residue = VALA365 into GLY
Mutating residue = VALA365 into PRO
Mutating residue = VALA365 into ARG
Mutating residue = VALA365 into HIS
Mutating residue = VALA365 into LYS
Mutating residue = VALA365 into ASP
Mutating residue = VALA365 into GLU
Your file run OK
End time of FoldX: Sat May  9 16:18:01 2026
Total time spend: 46.89 seconds.
validated file "PTEN_1.pdb" => successfully finished
validated file "PTEN_2.pdb" => successfully finished
validated file "PTEN_3.pdb" => successfully finished
validated file "PTEN_4.pdb" => successfully finished
validated file "PTEN_5.pdb" => successfully finished
validated file "PTEN_6.pdb" => successfully finished
validated file "PTEN_7.pdb" => successfully finished
validated file "PTEN_8.pdb" => successfully finished
validated file "PTEN_9.pdb" => successfully finished
validated file "PTEN_10.pdb" => successfully finished
validated file "PTEN_11.pdb" => successfully finished
validated file "PTEN_12.pdb" => successfully finished
validated file "PTEN_13.pdb" => successfully finished
validated file "PTEN_14.pdb" => successfully finished
validated file "PTEN_15.pdb" => successfully finished
validated file "PTEN_16.pdb" => successfully finished
validated file "PTEN_17.pdb" => successfully finished
validated file "PTEN_18.pdb" => successfully finished
validated file "PTEN_19.pdb" => successfully finished
validated file "PTEN_20.pdb" => successfully finished
validated file "PTEN_21.pdb" => successfully finished
validated file "PTEN_22.pdb" => successfully finished
validated file "PTEN_23.pdb" => successfully finished
validated file "PTEN_24.pdb" => successfully finished
validated file "PTEN_25.pdb" => successfully finished
validated file "PTEN_26.pdb" => successfully finished
validated file "PTEN_27.pdb" => successfully finished
validated file "PTEN_28.pdb" => successfully finished
validated file "PTEN_29.pdb" => successfully finished
validated file "PTEN_30.pdb" => successfully finished
validated file "PTEN_31.pdb" => successfully finished
validated file "PTEN_32.pdb" => successfully finished
validated file "PTEN_33.pdb" => successfully finished
validated file "PTEN_34.pdb" => successfully finished
validated file "PTEN_35.pdb" => successfully finished
validated file "PTEN_36.pdb" => successfully finished
validated file "PTEN_37.pdb" => successfully finished
validated file "PTEN_38.pdb" => successfully finished
validated file "PTEN_39.pdb" => successfully finished
validated file "PTEN_40.pdb" => successfully finished
validated file "PTEN_41.pdb" => successfully finished
validated file "PTEN_42.pdb" => successfully finished
validated file "PTEN_43.pdb" => successfully finished
validated file "PTEN_44.pdb" => successfully finished
validated file "PTEN_45.pdb" => successfully finished
validated file "PTEN_46.pdb" => successfully finished
validated file "PTEN_47.pdb" => successfully finished
validated file "PTEN_48.pdb" => successfully finished
validated file "PTEN_49.pdb" => successfully finished
validated file "PTEN_50.pdb" => successfully finished
Cleaning BuildModel...DONE
任务 146 结果提取成功，已映射突变信息。
