   ********************************************
   ***                                      ***
   ***             FoldX 5.1 (c)            ***
   ***                                      ***
   ***     code by the FoldX Consortium     ***
   ***                                      ***
   ***     Jesper Borg, Frederic Rousseau   ***
   ***    Joost Schymkowitz, Luis Serrano   ***
   ***    Peter Vanhee, Erik Verschueren    ***
   ***     Lies Baeten, Javier Delgado      ***
   ***       and Francois Stricher          ***
   *** and any other of the 9! permutations ***
   ***   based on an original concept by    ***
   ***   Raphael Guerois and Luis Serrano   ***
   ********************************************

1 models read: PTEN.pdb
1 models read: PTEN.pdb

BackHbond       =               -227.30
SideHbond       =               -82.03
Energy_VdW      =               -403.58
Electro         =               -27.63
Energy_SolvP    =               559.36
Energy_SolvH    =               -526.04
Energy_vdwclash =               32.43
energy_torsion  =               8.76
backbone_vdwclash=              176.30
Entropy_sidec   =               210.75
Entropy_mainc   =               606.81
water bonds     =               0.00
helix dipole    =               -1.32
loop_entropy    =               0.00
cis_bond        =               0.00
disulfide       =               0.00
kn electrostatic=               0.00
partial covalent interactions = 0.00
Energy_Ionisation =             2.72
Entropy Complex =               0.00
-----------------------------------------------------------
Total          = 				  152.93


BackHbond       =               -227.30
SideHbond       =               -82.03
Energy_VdW      =               -403.58
Electro         =               -27.63
Energy_SolvP    =               559.36
Energy_SolvH    =               -526.04
Energy_vdwclash =               32.43
energy_torsion  =               8.76
backbone_vdwclash=              176.30
Entropy_sidec   =               210.75
Entropy_mainc   =               606.81
water bonds     =               0.00
helix dipole    =               -1.32
loop_entropy    =               0.00
cis_bond        =               0.00
disulfide       =               0.00
kn electrostatic=               0.00
partial covalent interactions = 0.00
Energy_Ionisation =             2.72
Entropy Complex =               0.00
-----------------------------------------------------------
Total          = 				  152.93

Starting BuildModel
Reading NA48N;
Reading NA48Q;
Reading NA48C;
Reading NA48G;
Reading NA48P;
Reading NA48R;
Reading NA48H;
Reading NA48K;
Reading NA48D;
Reading NA48E;
Reading NA49A;
Reading NA49V;
Reading NA49I;
Reading NA49L;
Reading NA49M;
Reading NA49F;
Reading NA49Y;
Reading NA49W;
Reading NA49S;
Reading NA49T;
Reading NA49N;
Reading NA49Q;
Reading NA49C;
Reading NA49G;
Reading NA49P;
Reading NA49R;
Reading NA49H;
Reading NA49K;
Reading NA49D;
Reading NA49E;
Reading IA50A;
Reading IA50V;
Reading IA50I;
Reading IA50L;
Reading IA50M;
Reading IA50F;
Reading IA50Y;
Reading IA50W;
Reading IA50S;
Reading IA50T;
Reading IA50N;
Reading IA50Q;
Reading IA50C;
Reading IA50G;
Reading IA50P;
Reading IA50R;
Reading IA50H;
Reading IA50K;
Reading IA50D;
Reading IA50E;
Residue to Mutate ASNA48 has residue index 47
Residue to Mutate ASNA48 has residue index 47
Residue to Mutate ASNA48 has residue index 47
Residue to Mutate ASNA48 has residue index 47
Residue to Mutate ASNA48 has residue index 47
Residue to Mutate ASNA48 has residue index 47
Residue to Mutate ASNA48 has residue index 47
Residue to Mutate ASNA48 has residue index 47
Residue to Mutate ASNA48 has residue index 47
Residue to Mutate ASNA48 has residue index 47
Residue to Mutate ASNA49 has residue index 48
Residue to Mutate ASNA49 has residue index 48
Residue to Mutate ASNA49 has residue index 48
Residue to Mutate ASNA49 has residue index 48
Residue to Mutate ASNA49 has residue index 48
Residue to Mutate ASNA49 has residue index 48
Residue to Mutate ASNA49 has residue index 48
Residue to Mutate ASNA49 has residue index 48
Residue to Mutate ASNA49 has residue index 48
Residue to Mutate ASNA49 has residue index 48
Residue to Mutate ASNA49 has residue index 48
Residue to Mutate ASNA49 has residue index 48
Residue to Mutate ASNA49 has residue index 48
Residue to Mutate ASNA49 has residue index 48
Residue to Mutate ASNA49 has residue index 48
Residue to Mutate ASNA49 has residue index 48
Residue to Mutate ASNA49 has residue index 48
Residue to Mutate ASNA49 has residue index 48
Residue to Mutate ASNA49 has residue index 48
Residue to Mutate ASNA49 has residue index 48
Residue to Mutate ILEA50 has residue index 49
Residue to Mutate ILEA50 has residue index 49
Residue to Mutate ILEA50 has residue index 49
Residue to Mutate ILEA50 has residue index 49
Residue to Mutate ILEA50 has residue index 49
Residue to Mutate ILEA50 has residue index 49
Residue to Mutate ILEA50 has residue index 49
Residue to Mutate ILEA50 has residue index 49
Residue to Mutate ILEA50 has residue index 49
Residue to Mutate ILEA50 has residue index 49
Residue to Mutate ILEA50 has residue index 49
Residue to Mutate ILEA50 has residue index 49
Residue to Mutate ILEA50 has residue index 49
Residue to Mutate ILEA50 has residue index 49
Residue to Mutate ILEA50 has residue index 49
Residue to Mutate ILEA50 has residue index 49
Residue to Mutate ILEA50 has residue index 49
Residue to Mutate ILEA50 has residue index 49
Residue to Mutate ILEA50 has residue index 49
Residue to Mutate ILEA50 has residue index 49
Mutating residue = ASNA48 into ASN
Mutating residue = ASNA48 into GLN
Mutating residue = ASNA48 into CYS
Mutating residue = ASNA48 into GLY
Mutating residue = ASNA48 into PRO
Mutating residue = ASNA48 into ARG
Mutating residue = ASNA48 into HIS
Mutating residue = ASNA48 into LYS
Mutating residue = ASNA48 into ASP
Mutating residue = ASNA48 into GLU
Mutating residue = ASNA49 into ALA
Mutating residue = ASNA49 into VAL
Mutating residue = ASNA49 into ILE
Mutating residue = ASNA49 into LEU
Mutating residue = ASNA49 into MET
Mutating residue = ASNA49 into PHE
Mutating residue = ASNA49 into TYR
Mutating residue = ASNA49 into TRP
Mutating residue = ASNA49 into SER
Mutating residue = ASNA49 into THR
Mutating residue = ASNA49 into ASN
Mutating residue = ASNA49 into GLN
Mutating residue = ASNA49 into CYS
Mutating residue = ASNA49 into GLY
Mutating residue = ASNA49 into PRO
Mutating residue = ASNA49 into ARG
Mutating residue = ASNA49 into HIS
Mutating residue = ASNA49 into LYS
Mutating residue = ASNA49 into ASP
Mutating residue = ASNA49 into GLU
Mutating residue = ILEA50 into ALA
Mutating residue = ILEA50 into VAL
Mutating residue = ILEA50 into ILE
Mutating residue = ILEA50 into LEU
Mutating residue = ILEA50 into MET
Mutating residue = ILEA50 into PHE
Mutating residue = ILEA50 into TYR
Mutating residue = ILEA50 into TRP
Mutating residue = ILEA50 into SER
Mutating residue = ILEA50 into THR
Mutating residue = ILEA50 into ASN
Mutating residue = ILEA50 into GLN
Mutating residue = ILEA50 into CYS
Mutating residue = ILEA50 into GLY
Mutating residue = ILEA50 into PRO
Mutating residue = ILEA50 into ARG
Mutating residue = ILEA50 into HIS
Mutating residue = ILEA50 into LYS
Mutating residue = ILEA50 into ASP
Mutating residue = ILEA50 into GLU
Your file run OK
End time of FoldX: Sat May  9 16:28:15 2026
Total time spend: 661.64 seconds.
validated file "PTEN_1.pdb" => successfully finished
validated file "PTEN_2.pdb" => successfully finished
validated file "PTEN_3.pdb" => successfully finished
validated file "PTEN_4.pdb" => successfully finished
validated file "PTEN_5.pdb" => successfully finished
validated file "PTEN_6.pdb" => successfully finished
validated file "PTEN_7.pdb" => successfully finished
validated file "PTEN_8.pdb" => successfully finished
validated file "PTEN_9.pdb" => successfully finished
validated file "PTEN_10.pdb" => successfully finished
validated file "PTEN_11.pdb" => successfully finished
validated file "PTEN_12.pdb" => successfully finished
validated file "PTEN_13.pdb" => successfully finished
validated file "PTEN_14.pdb" => successfully finished
validated file "PTEN_15.pdb" => successfully finished
validated file "PTEN_16.pdb" => successfully finished
validated file "PTEN_17.pdb" => successfully finished
validated file "PTEN_18.pdb" => successfully finished
validated file "PTEN_19.pdb" => successfully finished
validated file "PTEN_20.pdb" => successfully finished
validated file "PTEN_21.pdb" => successfully finished
validated file "PTEN_22.pdb" => successfully finished
validated file "PTEN_23.pdb" => successfully finished
validated file "PTEN_24.pdb" => successfully finished
validated file "PTEN_25.pdb" => successfully finished
validated file "PTEN_26.pdb" => successfully finished
validated file "PTEN_27.pdb" => successfully finished
validated file "PTEN_28.pdb" => successfully finished
validated file "PTEN_29.pdb" => successfully finished
validated file "PTEN_30.pdb" => successfully finished
validated file "PTEN_31.pdb" => successfully finished
validated file "PTEN_32.pdb" => successfully finished
validated file "PTEN_33.pdb" => successfully finished
validated file "PTEN_34.pdb" => successfully finished
validated file "PTEN_35.pdb" => successfully finished
validated file "PTEN_36.pdb" => successfully finished
validated file "PTEN_37.pdb" => successfully finished
validated file "PTEN_38.pdb" => successfully finished
validated file "PTEN_39.pdb" => successfully finished
validated file "PTEN_40.pdb" => successfully finished
validated file "PTEN_41.pdb" => successfully finished
validated file "PTEN_42.pdb" => successfully finished
validated file "PTEN_43.pdb" => successfully finished
validated file "PTEN_44.pdb" => successfully finished
validated file "PTEN_45.pdb" => successfully finished
validated file "PTEN_46.pdb" => successfully finished
validated file "PTEN_47.pdb" => successfully finished
validated file "PTEN_48.pdb" => successfully finished
validated file "PTEN_49.pdb" => successfully finished
validated file "PTEN_50.pdb" => successfully finished
Cleaning BuildModel...DONE
任务 20 结果提取成功，已映射突变信息。
