   ********************************************
   ***                                      ***
   ***             FoldX 5.1 (c)            ***
   ***                                      ***
   ***     code by the FoldX Consortium     ***
   ***                                      ***
   ***     Jesper Borg, Frederic Rousseau   ***
   ***    Joost Schymkowitz, Luis Serrano   ***
   ***    Peter Vanhee, Erik Verschueren    ***
   ***     Lies Baeten, Javier Delgado      ***
   ***       and Francois Stricher          ***
   *** and any other of the 9! permutations ***
   ***   based on an original concept by    ***
   ***   Raphael Guerois and Luis Serrano   ***
   ********************************************

1 models read: PTEN.pdb
1 models read: PTEN.pdb

BackHbond       =               -227.30
SideHbond       =               -82.03
Energy_VdW      =               -403.58
Electro         =               -27.63
Energy_SolvP    =               559.36
Energy_SolvH    =               -526.04
Energy_vdwclash =               32.43
energy_torsion  =               8.76
backbone_vdwclash=              176.30
Entropy_sidec   =               210.75
Entropy_mainc   =               606.81
water bonds     =               0.00
helix dipole    =               -1.32
loop_entropy    =               0.00
cis_bond        =               0.00
disulfide       =               0.00
kn electrostatic=               0.00
partial covalent interactions = 0.00
Energy_Ionisation =             2.72
Entropy Complex =               0.00
-----------------------------------------------------------
Total          = 				  152.93


BackHbond       =               -227.30
SideHbond       =               -82.03
Energy_VdW      =               -403.58
Electro         =               -27.63
Energy_SolvP    =               559.36
Energy_SolvH    =               -526.04
Energy_vdwclash =               32.43
energy_torsion  =               8.76
backbone_vdwclash=              176.30
Entropy_sidec   =               210.75
Entropy_mainc   =               606.81
water bonds     =               0.00
helix dipole    =               -1.32
loop_entropy    =               0.00
cis_bond        =               0.00
disulfide       =               0.00
kn electrostatic=               0.00
partial covalent interactions = 0.00
Energy_Ionisation =             2.72
Entropy Complex =               0.00
-----------------------------------------------------------
Total          = 				  152.93

Starting BuildModel
Reading EA91A;
Reading EA91V;
Reading EA91I;
Reading EA91L;
Reading EA91M;
Reading EA91F;
Reading EA91Y;
Reading EA91W;
Reading EA91S;
Reading EA91T;
Reading EA91N;
Reading EA91Q;
Reading EA91C;
Reading EA91G;
Reading EA91P;
Reading EA91R;
Reading EA91H;
Reading EA91K;
Reading EA91D;
Reading EA91E;
Reading DA92A;
Reading DA92V;
Reading DA92I;
Reading DA92L;
Reading DA92M;
Reading DA92F;
Reading DA92Y;
Reading DA92W;
Reading DA92S;
Reading DA92T;
Reading DA92N;
Reading DA92Q;
Reading DA92C;
Reading DA92G;
Reading DA92P;
Reading DA92R;
Reading DA92H;
Reading DA92K;
Reading DA92D;
Reading DA92E;
Reading HA93A;
Reading HA93V;
Reading HA93I;
Reading HA93L;
Reading HA93M;
Reading HA93F;
Reading HA93Y;
Reading HA93W;
Reading HA93S;
Reading HA93T;
Residue to Mutate GLUA91 has residue index 90
Residue to Mutate GLUA91 has residue index 90
Residue to Mutate GLUA91 has residue index 90
Residue to Mutate GLUA91 has residue index 90
Residue to Mutate GLUA91 has residue index 90
Residue to Mutate GLUA91 has residue index 90
Residue to Mutate GLUA91 has residue index 90
Residue to Mutate GLUA91 has residue index 90
Residue to Mutate GLUA91 has residue index 90
Residue to Mutate GLUA91 has residue index 90
Residue to Mutate GLUA91 has residue index 90
Residue to Mutate GLUA91 has residue index 90
Residue to Mutate GLUA91 has residue index 90
Residue to Mutate GLUA91 has residue index 90
Residue to Mutate GLUA91 has residue index 90
Residue to Mutate GLUA91 has residue index 90
Residue to Mutate GLUA91 has residue index 90
Residue to Mutate GLUA91 has residue index 90
Residue to Mutate GLUA91 has residue index 90
Residue to Mutate GLUA91 has residue index 90
Residue to Mutate ASPA92 has residue index 91
Residue to Mutate ASPA92 has residue index 91
Residue to Mutate ASPA92 has residue index 91
Residue to Mutate ASPA92 has residue index 91
Residue to Mutate ASPA92 has residue index 91
Residue to Mutate ASPA92 has residue index 91
Residue to Mutate ASPA92 has residue index 91
Residue to Mutate ASPA92 has residue index 91
Residue to Mutate ASPA92 has residue index 91
Residue to Mutate ASPA92 has residue index 91
Residue to Mutate ASPA92 has residue index 91
Residue to Mutate ASPA92 has residue index 91
Residue to Mutate ASPA92 has residue index 91
Residue to Mutate ASPA92 has residue index 91
Residue to Mutate ASPA92 has residue index 91
Residue to Mutate ASPA92 has residue index 91
Residue to Mutate ASPA92 has residue index 91
Residue to Mutate ASPA92 has residue index 91
Residue to Mutate ASPA92 has residue index 91
Residue to Mutate ASPA92 has residue index 91
Residue to Mutate HISA93 has residue index 92
Residue to Mutate HISA93 has residue index 92
Residue to Mutate HISA93 has residue index 92
Residue to Mutate HISA93 has residue index 92
Residue to Mutate HISA93 has residue index 92
Residue to Mutate HISA93 has residue index 92
Residue to Mutate HISA93 has residue index 92
Residue to Mutate HISA93 has residue index 92
Residue to Mutate HISA93 has residue index 92
Residue to Mutate HISA93 has residue index 92
Mutating residue = GLUA91 into ALA
Mutating residue = GLUA91 into VAL
Mutating residue = GLUA91 into ILE
Mutating residue = GLUA91 into LEU
Mutating residue = GLUA91 into MET
Mutating residue = GLUA91 into PHE
Mutating residue = GLUA91 into TYR
Mutating residue = GLUA91 into TRP
Mutating residue = GLUA91 into SER
Mutating residue = GLUA91 into THR
Mutating residue = GLUA91 into ASN
Mutating residue = GLUA91 into GLN
Mutating residue = GLUA91 into CYS
Mutating residue = GLUA91 into GLY
Mutating residue = GLUA91 into PRO
Mutating residue = GLUA91 into ARG
Mutating residue = GLUA91 into HIS
Mutating residue = GLUA91 into LYS
Mutating residue = GLUA91 into ASP
Mutating residue = GLUA91 into GLU
Mutating residue = ASPA92 into ALA
Mutating residue = ASPA92 into VAL
Mutating residue = ASPA92 into ILE
Mutating residue = ASPA92 into LEU
Mutating residue = ASPA92 into MET
Mutating residue = ASPA92 into PHE
Mutating residue = ASPA92 into TYR
Mutating residue = ASPA92 into TRP
Mutating residue = ASPA92 into SER
Mutating residue = ASPA92 into THR
Mutating residue = ASPA92 into ASN
Mutating residue = ASPA92 into GLN
Mutating residue = ASPA92 into CYS
Mutating residue = ASPA92 into GLY
Mutating residue = ASPA92 into PRO
Mutating residue = ASPA92 into ARG
Mutating residue = ASPA92 into HIS
Mutating residue = ASPA92 into LYS
Mutating residue = ASPA92 into ASP
Mutating residue = ASPA92 into GLU
Mutating residue = H1SA93 into ALA
Mutating residue = H1SA93 into VAL
Mutating residue = H1SA93 into ILE
Mutating residue = H1SA93 into LEU
Mutating residue = H1SA93 into MET
Mutating residue = H1SA93 into PHE
Mutating residue = H1SA93 into TYR
Mutating residue = H1SA93 into TRP
Mutating residue = H1SA93 into SER
Mutating residue = H1SA93 into THR
Your file run OK
End time of FoldX: Sat May  9 16:34:07 2026
Total time spend: 1013.35 seconds.
validated file "PTEN_1.pdb" => successfully finished
validated file "PTEN_2.pdb" => successfully finished
validated file "PTEN_3.pdb" => successfully finished
validated file "PTEN_4.pdb" => successfully finished
validated file "PTEN_5.pdb" => successfully finished
validated file "PTEN_6.pdb" => successfully finished
validated file "PTEN_7.pdb" => successfully finished
validated file "PTEN_8.pdb" => successfully finished
validated file "PTEN_9.pdb" => successfully finished
validated file "PTEN_10.pdb" => successfully finished
validated file "PTEN_11.pdb" => successfully finished
validated file "PTEN_12.pdb" => successfully finished
validated file "PTEN_13.pdb" => successfully finished
validated file "PTEN_14.pdb" => successfully finished
validated file "PTEN_15.pdb" => successfully finished
validated file "PTEN_16.pdb" => successfully finished
validated file "PTEN_17.pdb" => successfully finished
validated file "PTEN_18.pdb" => successfully finished
validated file "PTEN_19.pdb" => successfully finished
validated file "PTEN_20.pdb" => successfully finished
validated file "PTEN_21.pdb" => successfully finished
validated file "PTEN_22.pdb" => successfully finished
validated file "PTEN_23.pdb" => successfully finished
validated file "PTEN_24.pdb" => successfully finished
validated file "PTEN_25.pdb" => successfully finished
validated file "PTEN_26.pdb" => successfully finished
validated file "PTEN_27.pdb" => successfully finished
validated file "PTEN_28.pdb" => successfully finished
validated file "PTEN_29.pdb" => successfully finished
validated file "PTEN_30.pdb" => successfully finished
validated file "PTEN_31.pdb" => successfully finished
validated file "PTEN_32.pdb" => successfully finished
validated file "PTEN_33.pdb" => successfully finished
validated file "PTEN_34.pdb" => successfully finished
validated file "PTEN_35.pdb" => successfully finished
validated file "PTEN_36.pdb" => successfully finished
validated file "PTEN_37.pdb" => successfully finished
validated file "PTEN_38.pdb" => successfully finished
validated file "PTEN_39.pdb" => successfully finished
validated file "PTEN_40.pdb" => successfully finished
validated file "PTEN_41.pdb" => successfully finished
validated file "PTEN_42.pdb" => successfully finished
validated file "PTEN_43.pdb" => successfully finished
validated file "PTEN_44.pdb" => successfully finished
validated file "PTEN_45.pdb" => successfully finished
validated file "PTEN_46.pdb" => successfully finished
validated file "PTEN_47.pdb" => successfully finished
validated file "PTEN_48.pdb" => successfully finished
validated file "PTEN_49.pdb" => successfully finished
validated file "PTEN_50.pdb" => successfully finished
Cleaning BuildModel...DONE
任务 37 结果提取成功，已映射突变信息。
