   ********************************************
   ***                                      ***
   ***             FoldX 5.1 (c)            ***
   ***                                      ***
   ***     code by the FoldX Consortium     ***
   ***                                      ***
   ***     Jesper Borg, Frederic Rousseau   ***
   ***    Joost Schymkowitz, Luis Serrano   ***
   ***    Peter Vanhee, Erik Verschueren    ***
   ***     Lies Baeten, Javier Delgado      ***
   ***       and Francois Stricher          ***
   *** and any other of the 9! permutations ***
   ***   based on an original concept by    ***
   ***   Raphael Guerois and Luis Serrano   ***
   ********************************************

1 models read: PTEN.pdb
1 models read: PTEN.pdb

BackHbond       =               -227.30
SideHbond       =               -82.03
Energy_VdW      =               -403.58
Electro         =               -27.63
Energy_SolvP    =               559.36
Energy_SolvH    =               -526.04
Energy_vdwclash =               32.43
energy_torsion  =               8.76
backbone_vdwclash=              176.30
Entropy_sidec   =               210.75
Entropy_mainc   =               606.81
water bonds     =               0.00
helix dipole    =               -1.32
loop_entropy    =               0.00
cis_bond        =               0.00
disulfide       =               0.00
kn electrostatic=               0.00
partial covalent interactions = 0.00
Energy_Ionisation =             2.72
Entropy Complex =               0.00
-----------------------------------------------------------
Total          = 				  152.93


BackHbond       =               -227.30
SideHbond       =               -82.03
Energy_VdW      =               -403.58
Electro         =               -27.63
Energy_SolvP    =               559.36
Energy_SolvH    =               -526.04
Energy_vdwclash =               32.43
energy_torsion  =               8.76
backbone_vdwclash=              176.30
Entropy_sidec   =               210.75
Entropy_mainc   =               606.81
water bonds     =               0.00
helix dipole    =               -1.32
loop_entropy    =               0.00
cis_bond        =               0.00
disulfide       =               0.00
kn electrostatic=               0.00
partial covalent interactions = 0.00
Energy_Ionisation =             2.72
Entropy Complex =               0.00
-----------------------------------------------------------
Total          = 				  152.93

Starting BuildModel
Reading CA296A;
Reading CA296V;
Reading CA296I;
Reading CA296L;
Reading CA296M;
Reading CA296F;
Reading CA296Y;
Reading CA296W;
Reading CA296S;
Reading CA296T;
Reading CA296N;
Reading CA296Q;
Reading CA296C;
Reading CA296G;
Reading CA296P;
Reading CA296R;
Reading CA296H;
Reading CA296K;
Reading CA296D;
Reading CA296E;
Reading DA297A;
Reading DA297V;
Reading DA297I;
Reading DA297L;
Reading DA297M;
Reading DA297F;
Reading DA297Y;
Reading DA297W;
Reading DA297S;
Reading DA297T;
Reading DA297N;
Reading DA297Q;
Reading DA297C;
Reading DA297G;
Reading DA297P;
Reading DA297R;
Reading DA297H;
Reading DA297K;
Reading DA297D;
Reading DA297E;
Reading QA298A;
Reading QA298V;
Reading QA298I;
Reading QA298L;
Reading QA298M;
Reading QA298F;
Reading QA298Y;
Reading QA298W;
Reading QA298S;
Reading QA298T;
Residue to Mutate CYSA296 has residue index 295
Residue to Mutate CYSA296 has residue index 295
Residue to Mutate CYSA296 has residue index 295
Residue to Mutate CYSA296 has residue index 295
Residue to Mutate CYSA296 has residue index 295
Residue to Mutate CYSA296 has residue index 295
Residue to Mutate CYSA296 has residue index 295
Residue to Mutate CYSA296 has residue index 295
Residue to Mutate CYSA296 has residue index 295
Residue to Mutate CYSA296 has residue index 295
Residue to Mutate CYSA296 has residue index 295
Residue to Mutate CYSA296 has residue index 295
Residue to Mutate CYSA296 has residue index 295
Residue to Mutate CYSA296 has residue index 295
Residue to Mutate CYSA296 has residue index 295
Residue to Mutate CYSA296 has residue index 295
Residue to Mutate CYSA296 has residue index 295
Residue to Mutate CYSA296 has residue index 295
Residue to Mutate CYSA296 has residue index 295
Residue to Mutate CYSA296 has residue index 295
Residue to Mutate ASPA297 has residue index 296
Residue to Mutate ASPA297 has residue index 296
Residue to Mutate ASPA297 has residue index 296
Residue to Mutate ASPA297 has residue index 296
Residue to Mutate ASPA297 has residue index 296
Residue to Mutate ASPA297 has residue index 296
Residue to Mutate ASPA297 has residue index 296
Residue to Mutate ASPA297 has residue index 296
Residue to Mutate ASPA297 has residue index 296
Residue to Mutate ASPA297 has residue index 296
Residue to Mutate ASPA297 has residue index 296
Residue to Mutate ASPA297 has residue index 296
Residue to Mutate ASPA297 has residue index 296
Residue to Mutate ASPA297 has residue index 296
Residue to Mutate ASPA297 has residue index 296
Residue to Mutate ASPA297 has residue index 296
Residue to Mutate ASPA297 has residue index 296
Residue to Mutate ASPA297 has residue index 296
Residue to Mutate ASPA297 has residue index 296
Residue to Mutate ASPA297 has residue index 296
Residue to Mutate GLNA298 has residue index 297
Residue to Mutate GLNA298 has residue index 297
Residue to Mutate GLNA298 has residue index 297
Residue to Mutate GLNA298 has residue index 297
Residue to Mutate GLNA298 has residue index 297
Residue to Mutate GLNA298 has residue index 297
Residue to Mutate GLNA298 has residue index 297
Residue to Mutate GLNA298 has residue index 297
Residue to Mutate GLNA298 has residue index 297
Residue to Mutate GLNA298 has residue index 297
Mutating residue = CYSA296 into ALA
Mutating residue = CYSA296 into VAL
Mutating residue = CYSA296 into ILE
Mutating residue = CYSA296 into LEU
Mutating residue = CYSA296 into MET
Mutating residue = CYSA296 into PHE
Mutating residue = CYSA296 into TYR
Mutating residue = CYSA296 into TRP
Mutating residue = CYSA296 into SER
Mutating residue = CYSA296 into THR
Mutating residue = CYSA296 into ASN
Mutating residue = CYSA296 into GLN
Mutating residue = CYSA296 into CYS
Mutating residue = CYSA296 into GLY
Mutating residue = CYSA296 into PRO
Mutating residue = CYSA296 into ARG
Mutating residue = CYSA296 into HIS
Mutating residue = CYSA296 into LYS
Mutating residue = CYSA296 into ASP
Mutating residue = CYSA296 into GLU
Mutating residue = ASPA297 into ALA
Mutating residue = ASPA297 into VAL
Mutating residue = ASPA297 into ILE
Mutating residue = ASPA297 into LEU
Mutating residue = ASPA297 into MET
Mutating residue = ASPA297 into PHE
Mutating residue = ASPA297 into TYR
Mutating residue = ASPA297 into TRP
Mutating residue = ASPA297 into SER
Mutating residue = ASPA297 into THR
Mutating residue = ASPA297 into ASN
Mutating residue = ASPA297 into GLN
Mutating residue = ASPA297 into CYS
Mutating residue = ASPA297 into GLY
Mutating residue = ASPA297 into PRO
Mutating residue = ASPA297 into ARG
Mutating residue = ASPA297 into HIS
Mutating residue = ASPA297 into LYS
Mutating residue = ASPA297 into ASP
Mutating residue = ASPA297 into GLU
Mutating residue = GLNA298 into ALA
Mutating residue = GLNA298 into VAL
Mutating residue = GLNA298 into ILE
Mutating residue = GLNA298 into LEU
Mutating residue = GLNA298 into MET
Mutating residue = GLNA298 into PHE
Mutating residue = GLNA298 into TYR
Mutating residue = GLNA298 into TRP
Mutating residue = GLNA298 into SER
Mutating residue = GLNA298 into THR
Your file run OK
End time of FoldX: Sat May  9 16:27:51 2026
Total time spend: 636.85 seconds.
validated file "PTEN_1.pdb" => successfully finished
validated file "PTEN_2.pdb" => successfully finished
validated file "PTEN_3.pdb" => successfully finished
validated file "PTEN_4.pdb" => successfully finished
validated file "PTEN_5.pdb" => successfully finished
validated file "PTEN_6.pdb" => successfully finished
validated file "PTEN_7.pdb" => successfully finished
validated file "PTEN_8.pdb" => successfully finished
validated file "PTEN_9.pdb" => successfully finished
validated file "PTEN_10.pdb" => successfully finished
validated file "PTEN_11.pdb" => successfully finished
validated file "PTEN_12.pdb" => successfully finished
validated file "PTEN_13.pdb" => successfully finished
validated file "PTEN_14.pdb" => successfully finished
validated file "PTEN_15.pdb" => successfully finished
validated file "PTEN_16.pdb" => successfully finished
validated file "PTEN_17.pdb" => successfully finished
validated file "PTEN_18.pdb" => successfully finished
validated file "PTEN_19.pdb" => successfully finished
validated file "PTEN_20.pdb" => successfully finished
validated file "PTEN_21.pdb" => successfully finished
validated file "PTEN_22.pdb" => successfully finished
validated file "PTEN_23.pdb" => successfully finished
validated file "PTEN_24.pdb" => successfully finished
validated file "PTEN_25.pdb" => successfully finished
validated file "PTEN_26.pdb" => successfully finished
validated file "PTEN_27.pdb" => successfully finished
validated file "PTEN_28.pdb" => successfully finished
validated file "PTEN_29.pdb" => successfully finished
validated file "PTEN_30.pdb" => successfully finished
validated file "PTEN_31.pdb" => successfully finished
validated file "PTEN_32.pdb" => successfully finished
validated file "PTEN_33.pdb" => successfully finished
validated file "PTEN_34.pdb" => successfully finished
validated file "PTEN_35.pdb" => successfully finished
validated file "PTEN_36.pdb" => successfully finished
validated file "PTEN_37.pdb" => successfully finished
validated file "PTEN_38.pdb" => successfully finished
validated file "PTEN_39.pdb" => successfully finished
validated file "PTEN_40.pdb" => successfully finished
validated file "PTEN_41.pdb" => successfully finished
validated file "PTEN_42.pdb" => successfully finished
validated file "PTEN_43.pdb" => successfully finished
validated file "PTEN_44.pdb" => successfully finished
validated file "PTEN_45.pdb" => successfully finished
validated file "PTEN_46.pdb" => successfully finished
validated file "PTEN_47.pdb" => successfully finished
validated file "PTEN_48.pdb" => successfully finished
validated file "PTEN_49.pdb" => successfully finished
validated file "PTEN_50.pdb" => successfully finished
Cleaning BuildModel...DONE
任务 119 结果提取成功，已映射突变信息。
