   ********************************************
   ***                                      ***
   ***             FoldX 5.1 (c)            ***
   ***                                      ***
   ***     code by the FoldX Consortium     ***
   ***                                      ***
   ***     Jesper Borg, Frederic Rousseau   ***
   ***    Joost Schymkowitz, Luis Serrano   ***
   ***    Peter Vanhee, Erik Verschueren    ***
   ***     Lies Baeten, Javier Delgado      ***
   ***       and Francois Stricher          ***
   *** and any other of the 9! permutations ***
   ***   based on an original concept by    ***
   ***   Raphael Guerois and Luis Serrano   ***
   ********************************************

1 models read: PTEN.pdb
1 models read: PTEN.pdb

BackHbond       =               -227.30
SideHbond       =               -82.03
Energy_VdW      =               -403.58
Electro         =               -27.63
Energy_SolvP    =               559.36
Energy_SolvH    =               -526.04
Energy_vdwclash =               32.43
energy_torsion  =               8.76
backbone_vdwclash=              176.30
Entropy_sidec   =               210.75
Entropy_mainc   =               606.81
water bonds     =               0.00
helix dipole    =               -1.32
loop_entropy    =               0.00
cis_bond        =               0.00
disulfide       =               0.00
kn electrostatic=               0.00
partial covalent interactions = 0.00
Energy_Ionisation =             2.72
Entropy Complex =               0.00
-----------------------------------------------------------
Total          = 				  152.93


BackHbond       =               -227.30
SideHbond       =               -82.03
Energy_VdW      =               -403.58
Electro         =               -27.63
Energy_SolvP    =               559.36
Energy_SolvH    =               -526.04
Energy_vdwclash =               32.43
energy_torsion  =               8.76
backbone_vdwclash=              176.30
Entropy_sidec   =               210.75
Entropy_mainc   =               606.81
water bonds     =               0.00
helix dipole    =               -1.32
loop_entropy    =               0.00
cis_bond        =               0.00
disulfide       =               0.00
kn electrostatic=               0.00
partial covalent interactions = 0.00
Energy_Ionisation =             2.72
Entropy Complex =               0.00
-----------------------------------------------------------
Total          = 				  152.93

Starting BuildModel
Reading AA148N;
Reading AA148Q;
Reading AA148C;
Reading AA148G;
Reading AA148P;
Reading AA148R;
Reading AA148H;
Reading AA148K;
Reading AA148D;
Reading AA148E;
Reading QA149A;
Reading QA149V;
Reading QA149I;
Reading QA149L;
Reading QA149M;
Reading QA149F;
Reading QA149Y;
Reading QA149W;
Reading QA149S;
Reading QA149T;
Reading QA149N;
Reading QA149Q;
Reading QA149C;
Reading QA149G;
Reading QA149P;
Reading QA149R;
Reading QA149H;
Reading QA149K;
Reading QA149D;
Reading QA149E;
Reading EA150A;
Reading EA150V;
Reading EA150I;
Reading EA150L;
Reading EA150M;
Reading EA150F;
Reading EA150Y;
Reading EA150W;
Reading EA150S;
Reading EA150T;
Reading EA150N;
Reading EA150Q;
Reading EA150C;
Reading EA150G;
Reading EA150P;
Reading EA150R;
Reading EA150H;
Reading EA150K;
Reading EA150D;
Reading EA150E;
Residue to Mutate ALAA148 has residue index 147
Residue to Mutate ALAA148 has residue index 147
Residue to Mutate ALAA148 has residue index 147
Residue to Mutate ALAA148 has residue index 147
Residue to Mutate ALAA148 has residue index 147
Residue to Mutate ALAA148 has residue index 147
Residue to Mutate ALAA148 has residue index 147
Residue to Mutate ALAA148 has residue index 147
Residue to Mutate ALAA148 has residue index 147
Residue to Mutate ALAA148 has residue index 147
Residue to Mutate GLNA149 has residue index 148
Residue to Mutate GLNA149 has residue index 148
Residue to Mutate GLNA149 has residue index 148
Residue to Mutate GLNA149 has residue index 148
Residue to Mutate GLNA149 has residue index 148
Residue to Mutate GLNA149 has residue index 148
Residue to Mutate GLNA149 has residue index 148
Residue to Mutate GLNA149 has residue index 148
Residue to Mutate GLNA149 has residue index 148
Residue to Mutate GLNA149 has residue index 148
Residue to Mutate GLNA149 has residue index 148
Residue to Mutate GLNA149 has residue index 148
Residue to Mutate GLNA149 has residue index 148
Residue to Mutate GLNA149 has residue index 148
Residue to Mutate GLNA149 has residue index 148
Residue to Mutate GLNA149 has residue index 148
Residue to Mutate GLNA149 has residue index 148
Residue to Mutate GLNA149 has residue index 148
Residue to Mutate GLNA149 has residue index 148
Residue to Mutate GLNA149 has residue index 148
Residue to Mutate GLUA150 has residue index 149
Residue to Mutate GLUA150 has residue index 149
Residue to Mutate GLUA150 has residue index 149
Residue to Mutate GLUA150 has residue index 149
Residue to Mutate GLUA150 has residue index 149
Residue to Mutate GLUA150 has residue index 149
Residue to Mutate GLUA150 has residue index 149
Residue to Mutate GLUA150 has residue index 149
Residue to Mutate GLUA150 has residue index 149
Residue to Mutate GLUA150 has residue index 149
Residue to Mutate GLUA150 has residue index 149
Residue to Mutate GLUA150 has residue index 149
Residue to Mutate GLUA150 has residue index 149
Residue to Mutate GLUA150 has residue index 149
Residue to Mutate GLUA150 has residue index 149
Residue to Mutate GLUA150 has residue index 149
Residue to Mutate GLUA150 has residue index 149
Residue to Mutate GLUA150 has residue index 149
Residue to Mutate GLUA150 has residue index 149
Residue to Mutate GLUA150 has residue index 149
Mutating residue = ALAA148 into ASN
Mutating residue = ALAA148 into GLN
Mutating residue = ALAA148 into CYS
Mutating residue = ALAA148 into GLY
Mutating residue = ALAA148 into PRO
Mutating residue = ALAA148 into ARG
Mutating residue = ALAA148 into HIS
Mutating residue = ALAA148 into LYS
Mutating residue = ALAA148 into ASP
Mutating residue = ALAA148 into GLU
Mutating residue = GLNA149 into ALA
Mutating residue = GLNA149 into VAL
Mutating residue = GLNA149 into ILE
Mutating residue = GLNA149 into LEU
Mutating residue = GLNA149 into MET
Mutating residue = GLNA149 into PHE
Mutating residue = GLNA149 into TYR
Mutating residue = GLNA149 into TRP
Mutating residue = GLNA149 into SER
Mutating residue = GLNA149 into THR
Mutating residue = GLNA149 into ASN
Mutating residue = GLNA149 into GLN
Mutating residue = GLNA149 into CYS
Mutating residue = GLNA149 into GLY
Mutating residue = GLNA149 into PRO
Mutating residue = GLNA149 into ARG
Mutating residue = GLNA149 into HIS
Mutating residue = GLNA149 into LYS
Mutating residue = GLNA149 into ASP
Mutating residue = GLNA149 into GLU
Mutating residue = GLUA150 into ALA
Mutating residue = GLUA150 into VAL
Mutating residue = GLUA150 into ILE
Mutating residue = GLUA150 into LEU
Mutating residue = GLUA150 into MET
Mutating residue = GLUA150 into PHE
Mutating residue = GLUA150 into TYR
Mutating residue = GLUA150 into TRP
Mutating residue = GLUA150 into SER
Mutating residue = GLUA150 into THR
Mutating residue = GLUA150 into ASN
Mutating residue = GLUA150 into GLN
Mutating residue = GLUA150 into CYS
Mutating residue = GLUA150 into GLY
Mutating residue = GLUA150 into PRO
Mutating residue = GLUA150 into ARG
Mutating residue = GLUA150 into HIS
Mutating residue = GLUA150 into LYS
Mutating residue = GLUA150 into ASP
Mutating residue = GLUA150 into GLU
Your file run OK
End time of FoldX: Sat May  9 16:36:31 2026
Total time spend: 1155.70 seconds.
validated file "PTEN_1.pdb" => successfully finished
validated file "PTEN_2.pdb" => successfully finished
validated file "PTEN_3.pdb" => successfully finished
validated file "PTEN_4.pdb" => successfully finished
validated file "PTEN_5.pdb" => successfully finished
validated file "PTEN_6.pdb" => successfully finished
validated file "PTEN_7.pdb" => successfully finished
validated file "PTEN_8.pdb" => successfully finished
validated file "PTEN_9.pdb" => successfully finished
validated file "PTEN_10.pdb" => successfully finished
validated file "PTEN_11.pdb" => successfully finished
validated file "PTEN_12.pdb" => successfully finished
validated file "PTEN_13.pdb" => successfully finished
validated file "PTEN_14.pdb" => successfully finished
validated file "PTEN_15.pdb" => successfully finished
validated file "PTEN_16.pdb" => successfully finished
validated file "PTEN_17.pdb" => successfully finished
validated file "PTEN_18.pdb" => successfully finished
validated file "PTEN_19.pdb" => successfully finished
validated file "PTEN_20.pdb" => successfully finished
validated file "PTEN_21.pdb" => successfully finished
validated file "PTEN_22.pdb" => successfully finished
validated file "PTEN_23.pdb" => successfully finished
validated file "PTEN_24.pdb" => successfully finished
validated file "PTEN_25.pdb" => successfully finished
validated file "PTEN_26.pdb" => successfully finished
validated file "PTEN_27.pdb" => successfully finished
validated file "PTEN_28.pdb" => successfully finished
validated file "PTEN_29.pdb" => successfully finished
validated file "PTEN_30.pdb" => successfully finished
validated file "PTEN_31.pdb" => successfully finished
validated file "PTEN_32.pdb" => successfully finished
validated file "PTEN_33.pdb" => successfully finished
validated file "PTEN_34.pdb" => successfully finished
validated file "PTEN_35.pdb" => successfully finished
validated file "PTEN_36.pdb" => successfully finished
validated file "PTEN_37.pdb" => successfully finished
validated file "PTEN_38.pdb" => successfully finished
validated file "PTEN_39.pdb" => successfully finished
validated file "PTEN_40.pdb" => successfully finished
validated file "PTEN_41.pdb" => successfully finished
validated file "PTEN_42.pdb" => successfully finished
validated file "PTEN_43.pdb" => successfully finished
validated file "PTEN_44.pdb" => successfully finished
validated file "PTEN_45.pdb" => successfully finished
validated file "PTEN_46.pdb" => successfully finished
validated file "PTEN_47.pdb" => successfully finished
validated file "PTEN_48.pdb" => successfully finished
validated file "PTEN_49.pdb" => successfully finished
validated file "PTEN_50.pdb" => successfully finished
Cleaning BuildModel...DONE
任务 60 结果提取成功，已映射突变信息。
