   ********************************************
   ***                                      ***
   ***             FoldX 5.1 (c)            ***
   ***                                      ***
   ***     code by the FoldX Consortium     ***
   ***                                      ***
   ***     Jesper Borg, Frederic Rousseau   ***
   ***    Joost Schymkowitz, Luis Serrano   ***
   ***    Peter Vanhee, Erik Verschueren    ***
   ***     Lies Baeten, Javier Delgado      ***
   ***       and Francois Stricher          ***
   *** and any other of the 9! permutations ***
   ***   based on an original concept by    ***
   ***   Raphael Guerois and Luis Serrano   ***
   ********************************************

1 models read: PTEN.pdb
1 models read: PTEN.pdb

BackHbond       =               -227.30
SideHbond       =               -82.03
Energy_VdW      =               -403.58
Electro         =               -27.63
Energy_SolvP    =               559.36
Energy_SolvH    =               -526.04
Energy_vdwclash =               32.43
energy_torsion  =               8.76
backbone_vdwclash=              176.30
Entropy_sidec   =               210.75
Entropy_mainc   =               606.81
water bonds     =               0.00
helix dipole    =               -1.32
loop_entropy    =               0.00
cis_bond        =               0.00
disulfide       =               0.00
kn electrostatic=               0.00
partial covalent interactions = 0.00
Energy_Ionisation =             2.72
Entropy Complex =               0.00
-----------------------------------------------------------
Total          = 				  152.93


BackHbond       =               -227.30
SideHbond       =               -82.03
Energy_VdW      =               -403.58
Electro         =               -27.63
Energy_SolvP    =               559.36
Energy_SolvH    =               -526.04
Energy_vdwclash =               32.43
energy_torsion  =               8.76
backbone_vdwclash=              176.30
Entropy_sidec   =               210.75
Entropy_mainc   =               606.81
water bonds     =               0.00
helix dipole    =               -1.32
loop_entropy    =               0.00
cis_bond        =               0.00
disulfide       =               0.00
kn electrostatic=               0.00
partial covalent interactions = 0.00
Energy_Ionisation =             2.72
Entropy Complex =               0.00
-----------------------------------------------------------
Total          = 				  152.93

Starting BuildModel
Reading PA281A;
Reading PA281V;
Reading PA281I;
Reading PA281L;
Reading PA281M;
Reading PA281F;
Reading PA281Y;
Reading PA281W;
Reading PA281S;
Reading PA281T;
Reading PA281N;
Reading PA281Q;
Reading PA281C;
Reading PA281G;
Reading PA281P;
Reading PA281R;
Reading PA281H;
Reading PA281K;
Reading PA281D;
Reading PA281E;
Reading GA282A;
Reading GA282V;
Reading GA282I;
Reading GA282L;
Reading GA282M;
Reading GA282F;
Reading GA282Y;
Reading GA282W;
Reading GA282S;
Reading GA282T;
Reading GA282N;
Reading GA282Q;
Reading GA282C;
Reading GA282G;
Reading GA282P;
Reading GA282R;
Reading GA282H;
Reading GA282K;
Reading GA282D;
Reading GA282E;
Reading PA283A;
Reading PA283V;
Reading PA283I;
Reading PA283L;
Reading PA283M;
Reading PA283F;
Reading PA283Y;
Reading PA283W;
Reading PA283S;
Reading PA283T;
Residue to Mutate PROA281 has residue index 280
Residue to Mutate PROA281 has residue index 280
Residue to Mutate PROA281 has residue index 280
Residue to Mutate PROA281 has residue index 280
Residue to Mutate PROA281 has residue index 280
Residue to Mutate PROA281 has residue index 280
Residue to Mutate PROA281 has residue index 280
Residue to Mutate PROA281 has residue index 280
Residue to Mutate PROA281 has residue index 280
Residue to Mutate PROA281 has residue index 280
Residue to Mutate PROA281 has residue index 280
Residue to Mutate PROA281 has residue index 280
Residue to Mutate PROA281 has residue index 280
Residue to Mutate PROA281 has residue index 280
Residue to Mutate PROA281 has residue index 280
Residue to Mutate PROA281 has residue index 280
Residue to Mutate PROA281 has residue index 280
Residue to Mutate PROA281 has residue index 280
Residue to Mutate PROA281 has residue index 280
Residue to Mutate PROA281 has residue index 280
Residue to Mutate GLYA282 has residue index 281
Residue to Mutate GLYA282 has residue index 281
Residue to Mutate GLYA282 has residue index 281
Residue to Mutate GLYA282 has residue index 281
Residue to Mutate GLYA282 has residue index 281
Residue to Mutate GLYA282 has residue index 281
Residue to Mutate GLYA282 has residue index 281
Residue to Mutate GLYA282 has residue index 281
Residue to Mutate GLYA282 has residue index 281
Residue to Mutate GLYA282 has residue index 281
Residue to Mutate GLYA282 has residue index 281
Residue to Mutate GLYA282 has residue index 281
Residue to Mutate GLYA282 has residue index 281
Residue to Mutate GLYA282 has residue index 281
Residue to Mutate GLYA282 has residue index 281
Residue to Mutate GLYA282 has residue index 281
Residue to Mutate GLYA282 has residue index 281
Residue to Mutate GLYA282 has residue index 281
Residue to Mutate GLYA282 has residue index 281
Residue to Mutate GLYA282 has residue index 281
Residue to Mutate PROA283 has residue index 282
Residue to Mutate PROA283 has residue index 282
Residue to Mutate PROA283 has residue index 282
Residue to Mutate PROA283 has residue index 282
Residue to Mutate PROA283 has residue index 282
Residue to Mutate PROA283 has residue index 282
Residue to Mutate PROA283 has residue index 282
Residue to Mutate PROA283 has residue index 282
Residue to Mutate PROA283 has residue index 282
Residue to Mutate PROA283 has residue index 282
Mutating residue = PROA281 into ALA
Mutating residue = PROA281 into VAL
Mutating residue = PROA281 into ILE
Mutating residue = PROA281 into LEU
Mutating residue = PROA281 into MET
Mutating residue = PROA281 into PHE
Mutating residue = PROA281 into TYR
Mutating residue = PROA281 into TRP
Mutating residue = PROA281 into SER
Mutating residue = PROA281 into THR
Mutating residue = PROA281 into ASN
Mutating residue = PROA281 into GLN
Mutating residue = PROA281 into CYS
Mutating residue = PROA281 into GLY
Mutating residue = PROA281 into PRO
Mutating residue = PROA281 into ARG
Mutating residue = PROA281 into HIS
Mutating residue = PROA281 into LYS
Mutating residue = PROA281 into ASP
Mutating residue = PROA281 into GLU
Mutating residue = GLYA282 into ALA
Mutating residue = GLYA282 into VAL
Mutating residue = GLYA282 into ILE
Mutating residue = GLYA282 into LEU
Mutating residue = GLYA282 into MET
Mutating residue = GLYA282 into PHE
Mutating residue = GLYA282 into TYR
Mutating residue = GLYA282 into TRP
Mutating residue = GLYA282 into SER
Mutating residue = GLYA282 into THR
Mutating residue = GLYA282 into ASN
Mutating residue = GLYA282 into GLN
Mutating residue = GLYA282 into CYS
Mutating residue = GLYA282 into GLY
Mutating residue = GLYA282 into PRO
Mutating residue = GLYA282 into ARG
Mutating residue = GLYA282 into HIS
Mutating residue = GLYA282 into LYS
Mutating residue = GLYA282 into ASP
Mutating residue = GLYA282 into GLU
Mutating residue = PROA283 into ALA
Mutating residue = PROA283 into VAL
Mutating residue = PROA283 into ILE
Mutating residue = PROA283 into LEU
Mutating residue = PROA283 into MET
Mutating residue = PROA283 into PHE
Mutating residue = PROA283 into TYR
Mutating residue = PROA283 into TRP
Mutating residue = PROA283 into SER
Mutating residue = PROA283 into THR
Your file run OK
End time of FoldX: Sat May  9 16:23:40 2026
Total time spend: 385.19 seconds.
validated file "PTEN_1.pdb" => successfully finished
validated file "PTEN_2.pdb" => successfully finished
validated file "PTEN_3.pdb" => successfully finished
validated file "PTEN_4.pdb" => successfully finished
validated file "PTEN_5.pdb" => successfully finished
validated file "PTEN_6.pdb" => successfully finished
validated file "PTEN_7.pdb" => successfully finished
validated file "PTEN_8.pdb" => successfully finished
validated file "PTEN_9.pdb" => successfully finished
validated file "PTEN_10.pdb" => successfully finished
validated file "PTEN_11.pdb" => successfully finished
validated file "PTEN_12.pdb" => successfully finished
validated file "PTEN_13.pdb" => successfully finished
validated file "PTEN_14.pdb" => successfully finished
validated file "PTEN_15.pdb" => successfully finished
validated file "PTEN_16.pdb" => successfully finished
validated file "PTEN_17.pdb" => successfully finished
validated file "PTEN_18.pdb" => successfully finished
validated file "PTEN_19.pdb" => successfully finished
validated file "PTEN_20.pdb" => successfully finished
validated file "PTEN_21.pdb" => successfully finished
validated file "PTEN_22.pdb" => successfully finished
validated file "PTEN_23.pdb" => successfully finished
validated file "PTEN_24.pdb" => successfully finished
validated file "PTEN_25.pdb" => successfully finished
validated file "PTEN_26.pdb" => successfully finished
validated file "PTEN_27.pdb" => successfully finished
validated file "PTEN_28.pdb" => successfully finished
validated file "PTEN_29.pdb" => successfully finished
validated file "PTEN_30.pdb" => successfully finished
validated file "PTEN_31.pdb" => successfully finished
validated file "PTEN_32.pdb" => successfully finished
validated file "PTEN_33.pdb" => successfully finished
validated file "PTEN_34.pdb" => successfully finished
validated file "PTEN_35.pdb" => successfully finished
validated file "PTEN_36.pdb" => successfully finished
validated file "PTEN_37.pdb" => successfully finished
validated file "PTEN_38.pdb" => successfully finished
validated file "PTEN_39.pdb" => successfully finished
validated file "PTEN_40.pdb" => successfully finished
validated file "PTEN_41.pdb" => successfully finished
validated file "PTEN_42.pdb" => successfully finished
validated file "PTEN_43.pdb" => successfully finished
validated file "PTEN_44.pdb" => successfully finished
validated file "PTEN_45.pdb" => successfully finished
validated file "PTEN_46.pdb" => successfully finished
validated file "PTEN_47.pdb" => successfully finished
validated file "PTEN_48.pdb" => successfully finished
validated file "PTEN_49.pdb" => successfully finished
validated file "PTEN_50.pdb" => successfully finished
Cleaning BuildModel...DONE
任务 113 结果提取成功，已映射突变信息。
