   ********************************************
   ***                                      ***
   ***             FoldX 5.1 (c)            ***
   ***                                      ***
   ***     code by the FoldX Consortium     ***
   ***                                      ***
   ***     Jesper Borg, Frederic Rousseau   ***
   ***    Joost Schymkowitz, Luis Serrano   ***
   ***    Peter Vanhee, Erik Verschueren    ***
   ***     Lies Baeten, Javier Delgado      ***
   ***       and Francois Stricher          ***
   *** and any other of the 9! permutations ***
   ***   based on an original concept by    ***
   ***   Raphael Guerois and Luis Serrano   ***
   ********************************************

1 models read: PTEN.pdb
1 models read: PTEN.pdb

BackHbond       =               -227.30
SideHbond       =               -82.03
Energy_VdW      =               -403.58
Electro         =               -27.63
Energy_SolvP    =               559.36
Energy_SolvH    =               -526.04
Energy_vdwclash =               32.43
energy_torsion  =               8.76
backbone_vdwclash=              176.30
Entropy_sidec   =               210.75
Entropy_mainc   =               606.81
water bonds     =               0.00
helix dipole    =               -1.32
loop_entropy    =               0.00
cis_bond        =               0.00
disulfide       =               0.00
kn electrostatic=               0.00
partial covalent interactions = 0.00
Energy_Ionisation =             2.72
Entropy Complex =               0.00
-----------------------------------------------------------
Total          = 				  152.93


BackHbond       =               -227.30
SideHbond       =               -82.03
Energy_VdW      =               -403.58
Electro         =               -27.63
Energy_SolvP    =               559.36
Energy_SolvH    =               -526.04
Energy_vdwclash =               32.43
energy_torsion  =               8.76
backbone_vdwclash=              176.30
Entropy_sidec   =               210.75
Entropy_mainc   =               606.81
water bonds     =               0.00
helix dipole    =               -1.32
loop_entropy    =               0.00
cis_bond        =               0.00
disulfide       =               0.00
kn electrostatic=               0.00
partial covalent interactions = 0.00
Energy_Ionisation =             2.72
Entropy Complex =               0.00
-----------------------------------------------------------
Total          = 				  152.93

Starting BuildModel
Reading RA41A;
Reading RA41V;
Reading RA41I;
Reading RA41L;
Reading RA41M;
Reading RA41F;
Reading RA41Y;
Reading RA41W;
Reading RA41S;
Reading RA41T;
Reading RA41N;
Reading RA41Q;
Reading RA41C;
Reading RA41G;
Reading RA41P;
Reading RA41R;
Reading RA41H;
Reading RA41K;
Reading RA41D;
Reading RA41E;
Reading LA42A;
Reading LA42V;
Reading LA42I;
Reading LA42L;
Reading LA42M;
Reading LA42F;
Reading LA42Y;
Reading LA42W;
Reading LA42S;
Reading LA42T;
Reading LA42N;
Reading LA42Q;
Reading LA42C;
Reading LA42G;
Reading LA42P;
Reading LA42R;
Reading LA42H;
Reading LA42K;
Reading LA42D;
Reading LA42E;
Reading EA43A;
Reading EA43V;
Reading EA43I;
Reading EA43L;
Reading EA43M;
Reading EA43F;
Reading EA43Y;
Reading EA43W;
Reading EA43S;
Reading EA43T;
Residue to Mutate ARGA41 has residue index 40
Residue to Mutate ARGA41 has residue index 40
Residue to Mutate ARGA41 has residue index 40
Residue to Mutate ARGA41 has residue index 40
Residue to Mutate ARGA41 has residue index 40
Residue to Mutate ARGA41 has residue index 40
Residue to Mutate ARGA41 has residue index 40
Residue to Mutate ARGA41 has residue index 40
Residue to Mutate ARGA41 has residue index 40
Residue to Mutate ARGA41 has residue index 40
Residue to Mutate ARGA41 has residue index 40
Residue to Mutate ARGA41 has residue index 40
Residue to Mutate ARGA41 has residue index 40
Residue to Mutate ARGA41 has residue index 40
Residue to Mutate ARGA41 has residue index 40
Residue to Mutate ARGA41 has residue index 40
Residue to Mutate ARGA41 has residue index 40
Residue to Mutate ARGA41 has residue index 40
Residue to Mutate ARGA41 has residue index 40
Residue to Mutate ARGA41 has residue index 40
Residue to Mutate LEUA42 has residue index 41
Residue to Mutate LEUA42 has residue index 41
Residue to Mutate LEUA42 has residue index 41
Residue to Mutate LEUA42 has residue index 41
Residue to Mutate LEUA42 has residue index 41
Residue to Mutate LEUA42 has residue index 41
Residue to Mutate LEUA42 has residue index 41
Residue to Mutate LEUA42 has residue index 41
Residue to Mutate LEUA42 has residue index 41
Residue to Mutate LEUA42 has residue index 41
Residue to Mutate LEUA42 has residue index 41
Residue to Mutate LEUA42 has residue index 41
Residue to Mutate LEUA42 has residue index 41
Residue to Mutate LEUA42 has residue index 41
Residue to Mutate LEUA42 has residue index 41
Residue to Mutate LEUA42 has residue index 41
Residue to Mutate LEUA42 has residue index 41
Residue to Mutate LEUA42 has residue index 41
Residue to Mutate LEUA42 has residue index 41
Residue to Mutate LEUA42 has residue index 41
Residue to Mutate GLUA43 has residue index 42
Residue to Mutate GLUA43 has residue index 42
Residue to Mutate GLUA43 has residue index 42
Residue to Mutate GLUA43 has residue index 42
Residue to Mutate GLUA43 has residue index 42
Residue to Mutate GLUA43 has residue index 42
Residue to Mutate GLUA43 has residue index 42
Residue to Mutate GLUA43 has residue index 42
Residue to Mutate GLUA43 has residue index 42
Residue to Mutate GLUA43 has residue index 42
Mutating residue = ARGA41 into ALA
Mutating residue = ARGA41 into VAL
Mutating residue = ARGA41 into ILE
Mutating residue = ARGA41 into LEU
Mutating residue = ARGA41 into MET
Mutating residue = ARGA41 into PHE
Mutating residue = ARGA41 into TYR
Mutating residue = ARGA41 into TRP
Mutating residue = ARGA41 into SER
Mutating residue = ARGA41 into THR
Mutating residue = ARGA41 into ASN
Mutating residue = ARGA41 into GLN
Mutating residue = ARGA41 into CYS
Mutating residue = ARGA41 into GLY
Mutating residue = ARGA41 into PRO
Mutating residue = ARGA41 into ARG
Mutating residue = ARGA41 into HIS
Mutating residue = ARGA41 into LYS
Mutating residue = ARGA41 into ASP
Mutating residue = ARGA41 into GLU
Mutating residue = LEUA42 into ALA
Mutating residue = LEUA42 into VAL
Mutating residue = LEUA42 into ILE
Mutating residue = LEUA42 into LEU
Mutating residue = LEUA42 into MET
Mutating residue = LEUA42 into PHE
Mutating residue = LEUA42 into TYR
Mutating residue = LEUA42 into TRP
Mutating residue = LEUA42 into SER
Mutating residue = LEUA42 into THR
Mutating residue = LEUA42 into ASN
Mutating residue = LEUA42 into GLN
Mutating residue = LEUA42 into CYS
Mutating residue = LEUA42 into GLY
Mutating residue = LEUA42 into PRO
Mutating residue = LEUA42 into ARG
Mutating residue = LEUA42 into HIS
Mutating residue = LEUA42 into LYS
Mutating residue = LEUA42 into ASP
Mutating residue = LEUA42 into GLU
Mutating residue = GLUA43 into ALA
Mutating residue = GLUA43 into VAL
Mutating residue = GLUA43 into ILE
Mutating residue = GLUA43 into LEU
Mutating residue = GLUA43 into MET
Mutating residue = GLUA43 into PHE
Mutating residue = GLUA43 into TYR
Mutating residue = GLUA43 into TRP
Mutating residue = GLUA43 into SER
Mutating residue = GLUA43 into THR
Your file run OK
End time of FoldX: Sat May  9 16:23:52 2026
Total time spend: 399.75 seconds.
validated file "PTEN_1.pdb" => successfully finished
validated file "PTEN_2.pdb" => successfully finished
validated file "PTEN_3.pdb" => successfully finished
validated file "PTEN_4.pdb" => successfully finished
validated file "PTEN_5.pdb" => successfully finished
validated file "PTEN_6.pdb" => successfully finished
validated file "PTEN_7.pdb" => successfully finished
validated file "PTEN_8.pdb" => successfully finished
validated file "PTEN_9.pdb" => successfully finished
validated file "PTEN_10.pdb" => successfully finished
validated file "PTEN_11.pdb" => successfully finished
validated file "PTEN_12.pdb" => successfully finished
validated file "PTEN_13.pdb" => successfully finished
validated file "PTEN_14.pdb" => successfully finished
validated file "PTEN_15.pdb" => successfully finished
validated file "PTEN_16.pdb" => successfully finished
validated file "PTEN_17.pdb" => successfully finished
validated file "PTEN_18.pdb" => successfully finished
validated file "PTEN_19.pdb" => successfully finished
validated file "PTEN_20.pdb" => successfully finished
validated file "PTEN_21.pdb" => successfully finished
validated file "PTEN_22.pdb" => successfully finished
validated file "PTEN_23.pdb" => successfully finished
validated file "PTEN_24.pdb" => successfully finished
validated file "PTEN_25.pdb" => successfully finished
validated file "PTEN_26.pdb" => successfully finished
validated file "PTEN_27.pdb" => successfully finished
validated file "PTEN_28.pdb" => successfully finished
validated file "PTEN_29.pdb" => successfully finished
validated file "PTEN_30.pdb" => successfully finished
validated file "PTEN_31.pdb" => successfully finished
validated file "PTEN_32.pdb" => successfully finished
validated file "PTEN_33.pdb" => successfully finished
validated file "PTEN_34.pdb" => successfully finished
validated file "PTEN_35.pdb" => successfully finished
validated file "PTEN_36.pdb" => successfully finished
validated file "PTEN_37.pdb" => successfully finished
validated file "PTEN_38.pdb" => successfully finished
validated file "PTEN_39.pdb" => successfully finished
validated file "PTEN_40.pdb" => successfully finished
validated file "PTEN_41.pdb" => successfully finished
validated file "PTEN_42.pdb" => successfully finished
validated file "PTEN_43.pdb" => successfully finished
validated file "PTEN_44.pdb" => successfully finished
validated file "PTEN_45.pdb" => successfully finished
validated file "PTEN_46.pdb" => successfully finished
validated file "PTEN_47.pdb" => successfully finished
validated file "PTEN_48.pdb" => successfully finished
validated file "PTEN_49.pdb" => successfully finished
validated file "PTEN_50.pdb" => successfully finished
Cleaning BuildModel...DONE
任务 17 结果提取成功，已映射突变信息。
