   ********************************************
   ***                                      ***
   ***             FoldX 5.1 (c)            ***
   ***                                      ***
   ***     code by the FoldX Consortium     ***
   ***                                      ***
   ***     Jesper Borg, Frederic Rousseau   ***
   ***    Joost Schymkowitz, Luis Serrano   ***
   ***    Peter Vanhee, Erik Verschueren    ***
   ***     Lies Baeten, Javier Delgado      ***
   ***       and Francois Stricher          ***
   *** and any other of the 9! permutations ***
   ***   based on an original concept by    ***
   ***   Raphael Guerois and Luis Serrano   ***
   ********************************************

1 models read: PTEN.pdb
1 models read: PTEN.pdb

BackHbond       =               -227.30
SideHbond       =               -82.03
Energy_VdW      =               -403.58
Electro         =               -27.63
Energy_SolvP    =               559.36
Energy_SolvH    =               -526.04
Energy_vdwclash =               32.43
energy_torsion  =               8.76
backbone_vdwclash=              176.30
Entropy_sidec   =               210.75
Entropy_mainc   =               606.81
water bonds     =               0.00
helix dipole    =               -1.32
loop_entropy    =               0.00
cis_bond        =               0.00
disulfide       =               0.00
kn electrostatic=               0.00
partial covalent interactions = 0.00
Energy_Ionisation =             2.72
Entropy Complex =               0.00
-----------------------------------------------------------
Total          = 				  152.93


BackHbond       =               -227.30
SideHbond       =               -82.03
Energy_VdW      =               -403.58
Electro         =               -27.63
Energy_SolvP    =               559.36
Energy_SolvH    =               -526.04
Energy_vdwclash =               32.43
energy_torsion  =               8.76
backbone_vdwclash=              176.30
Entropy_sidec   =               210.75
Entropy_mainc   =               606.81
water bonds     =               0.00
helix dipole    =               -1.32
loop_entropy    =               0.00
cis_bond        =               0.00
disulfide       =               0.00
kn electrostatic=               0.00
partial covalent interactions = 0.00
Energy_Ionisation =             2.72
Entropy Complex =               0.00
-----------------------------------------------------------
Total          = 				  152.93

Starting BuildModel
Reading DA153N;
Reading DA153Q;
Reading DA153C;
Reading DA153G;
Reading DA153P;
Reading DA153R;
Reading DA153H;
Reading DA153K;
Reading DA153D;
Reading DA153E;
Reading FA154A;
Reading FA154V;
Reading FA154I;
Reading FA154L;
Reading FA154M;
Reading FA154F;
Reading FA154Y;
Reading FA154W;
Reading FA154S;
Reading FA154T;
Reading FA154N;
Reading FA154Q;
Reading FA154C;
Reading FA154G;
Reading FA154P;
Reading FA154R;
Reading FA154H;
Reading FA154K;
Reading FA154D;
Reading FA154E;
Reading YA155A;
Reading YA155V;
Reading YA155I;
Reading YA155L;
Reading YA155M;
Reading YA155F;
Reading YA155Y;
Reading YA155W;
Reading YA155S;
Reading YA155T;
Reading YA155N;
Reading YA155Q;
Reading YA155C;
Reading YA155G;
Reading YA155P;
Reading YA155R;
Reading YA155H;
Reading YA155K;
Reading YA155D;
Reading YA155E;
Residue to Mutate ASPA153 has residue index 152
Residue to Mutate ASPA153 has residue index 152
Residue to Mutate ASPA153 has residue index 152
Residue to Mutate ASPA153 has residue index 152
Residue to Mutate ASPA153 has residue index 152
Residue to Mutate ASPA153 has residue index 152
Residue to Mutate ASPA153 has residue index 152
Residue to Mutate ASPA153 has residue index 152
Residue to Mutate ASPA153 has residue index 152
Residue to Mutate ASPA153 has residue index 152
Residue to Mutate PHEA154 has residue index 153
Residue to Mutate PHEA154 has residue index 153
Residue to Mutate PHEA154 has residue index 153
Residue to Mutate PHEA154 has residue index 153
Residue to Mutate PHEA154 has residue index 153
Residue to Mutate PHEA154 has residue index 153
Residue to Mutate PHEA154 has residue index 153
Residue to Mutate PHEA154 has residue index 153
Residue to Mutate PHEA154 has residue index 153
Residue to Mutate PHEA154 has residue index 153
Residue to Mutate PHEA154 has residue index 153
Residue to Mutate PHEA154 has residue index 153
Residue to Mutate PHEA154 has residue index 153
Residue to Mutate PHEA154 has residue index 153
Residue to Mutate PHEA154 has residue index 153
Residue to Mutate PHEA154 has residue index 153
Residue to Mutate PHEA154 has residue index 153
Residue to Mutate PHEA154 has residue index 153
Residue to Mutate PHEA154 has residue index 153
Residue to Mutate PHEA154 has residue index 153
Residue to Mutate TYRA155 has residue index 154
Residue to Mutate TYRA155 has residue index 154
Residue to Mutate TYRA155 has residue index 154
Residue to Mutate TYRA155 has residue index 154
Residue to Mutate TYRA155 has residue index 154
Residue to Mutate TYRA155 has residue index 154
Residue to Mutate TYRA155 has residue index 154
Residue to Mutate TYRA155 has residue index 154
Residue to Mutate TYRA155 has residue index 154
Residue to Mutate TYRA155 has residue index 154
Residue to Mutate TYRA155 has residue index 154
Residue to Mutate TYRA155 has residue index 154
Residue to Mutate TYRA155 has residue index 154
Residue to Mutate TYRA155 has residue index 154
Residue to Mutate TYRA155 has residue index 154
Residue to Mutate TYRA155 has residue index 154
Residue to Mutate TYRA155 has residue index 154
Residue to Mutate TYRA155 has residue index 154
Residue to Mutate TYRA155 has residue index 154
Residue to Mutate TYRA155 has residue index 154
Mutating residue = ASPA153 into ASN
Mutating residue = ASPA153 into GLN
Mutating residue = ASPA153 into CYS
Mutating residue = ASPA153 into GLY
Mutating residue = ASPA153 into PRO
Mutating residue = ASPA153 into ARG
Mutating residue = ASPA153 into HIS
Mutating residue = ASPA153 into LYS
Mutating residue = ASPA153 into ASP
Mutating residue = ASPA153 into GLU
Mutating residue = PHEA154 into ALA
Mutating residue = PHEA154 into VAL
Mutating residue = PHEA154 into ILE
Mutating residue = PHEA154 into LEU
Mutating residue = PHEA154 into MET
Mutating residue = PHEA154 into PHE
Mutating residue = PHEA154 into TYR
Mutating residue = PHEA154 into TRP
Mutating residue = PHEA154 into SER
Mutating residue = PHEA154 into THR
Mutating residue = PHEA154 into ASN
Mutating residue = PHEA154 into GLN
Mutating residue = PHEA154 into CYS
Mutating residue = PHEA154 into GLY
Mutating residue = PHEA154 into PRO
Mutating residue = PHEA154 into ARG
Mutating residue = PHEA154 into HIS
Mutating residue = PHEA154 into LYS
Mutating residue = PHEA154 into ASP
Mutating residue = PHEA154 into GLU
Mutating residue = TYRA155 into ALA
Mutating residue = TYRA155 into VAL
Mutating residue = TYRA155 into ILE
Mutating residue = TYRA155 into LEU
Mutating residue = TYRA155 into MET
Mutating residue = TYRA155 into PHE
Mutating residue = TYRA155 into TYR
Mutating residue = TYRA155 into TRP
Mutating residue = TYRA155 into SER
Mutating residue = TYRA155 into THR
Mutating residue = TYRA155 into ASN
Mutating residue = TYRA155 into GLN
Mutating residue = TYRA155 into CYS
Mutating residue = TYRA155 into GLY
Mutating residue = TYRA155 into PRO
Mutating residue = TYRA155 into ARG
Mutating residue = TYRA155 into HIS
Mutating residue = TYRA155 into LYS
Mutating residue = TYRA155 into ASP
Mutating residue = TYRA155 into GLU
Your file run OK
End time of FoldX: Sat May  9 16:26:06 2026
Total time spend: 532.18 seconds.
validated file "PTEN_1.pdb" => successfully finished
validated file "PTEN_2.pdb" => successfully finished
validated file "PTEN_3.pdb" => successfully finished
validated file "PTEN_4.pdb" => successfully finished
validated file "PTEN_5.pdb" => successfully finished
validated file "PTEN_6.pdb" => successfully finished
validated file "PTEN_7.pdb" => successfully finished
validated file "PTEN_8.pdb" => successfully finished
validated file "PTEN_9.pdb" => successfully finished
validated file "PTEN_10.pdb" => successfully finished
validated file "PTEN_11.pdb" => successfully finished
validated file "PTEN_12.pdb" => successfully finished
validated file "PTEN_13.pdb" => successfully finished
validated file "PTEN_14.pdb" => successfully finished
validated file "PTEN_15.pdb" => successfully finished
validated file "PTEN_16.pdb" => successfully finished
validated file "PTEN_17.pdb" => successfully finished
validated file "PTEN_18.pdb" => successfully finished
validated file "PTEN_19.pdb" => successfully finished
validated file "PTEN_20.pdb" => successfully finished
validated file "PTEN_21.pdb" => successfully finished
validated file "PTEN_22.pdb" => successfully finished
validated file "PTEN_23.pdb" => successfully finished
validated file "PTEN_24.pdb" => successfully finished
validated file "PTEN_25.pdb" => successfully finished
validated file "PTEN_26.pdb" => successfully finished
validated file "PTEN_27.pdb" => successfully finished
validated file "PTEN_28.pdb" => successfully finished
validated file "PTEN_29.pdb" => successfully finished
validated file "PTEN_30.pdb" => successfully finished
validated file "PTEN_31.pdb" => successfully finished
validated file "PTEN_32.pdb" => successfully finished
validated file "PTEN_33.pdb" => successfully finished
validated file "PTEN_34.pdb" => successfully finished
validated file "PTEN_35.pdb" => successfully finished
validated file "PTEN_36.pdb" => successfully finished
validated file "PTEN_37.pdb" => successfully finished
validated file "PTEN_38.pdb" => successfully finished
validated file "PTEN_39.pdb" => successfully finished
validated file "PTEN_40.pdb" => successfully finished
validated file "PTEN_41.pdb" => successfully finished
validated file "PTEN_42.pdb" => successfully finished
validated file "PTEN_43.pdb" => successfully finished
validated file "PTEN_44.pdb" => successfully finished
validated file "PTEN_45.pdb" => successfully finished
validated file "PTEN_46.pdb" => successfully finished
validated file "PTEN_47.pdb" => successfully finished
validated file "PTEN_48.pdb" => successfully finished
validated file "PTEN_49.pdb" => successfully finished
validated file "PTEN_50.pdb" => successfully finished
Cleaning BuildModel...DONE
任务 62 结果提取成功，已映射突变信息。
