   ********************************************
   ***                                      ***
   ***             FoldX 5.1 (c)            ***
   ***                                      ***
   ***     code by the FoldX Consortium     ***
   ***                                      ***
   ***     Jesper Borg, Frederic Rousseau   ***
   ***    Joost Schymkowitz, Luis Serrano   ***
   ***    Peter Vanhee, Erik Verschueren    ***
   ***     Lies Baeten, Javier Delgado      ***
   ***       and Francois Stricher          ***
   *** and any other of the 9! permutations ***
   ***   based on an original concept by    ***
   ***   Raphael Guerois and Luis Serrano   ***
   ********************************************

1 models read: PTEN.pdb
1 models read: PTEN.pdb

BackHbond       =               -227.30
SideHbond       =               -82.03
Energy_VdW      =               -403.58
Electro         =               -27.63
Energy_SolvP    =               559.36
Energy_SolvH    =               -526.04
Energy_vdwclash =               32.43
energy_torsion  =               8.76
backbone_vdwclash=              176.30
Entropy_sidec   =               210.75
Entropy_mainc   =               606.81
water bonds     =               0.00
helix dipole    =               -1.32
loop_entropy    =               0.00
cis_bond        =               0.00
disulfide       =               0.00
kn electrostatic=               0.00
partial covalent interactions = 0.00
Energy_Ionisation =             2.72
Entropy Complex =               0.00
-----------------------------------------------------------
Total          = 				  152.93


BackHbond       =               -227.30
SideHbond       =               -82.03
Energy_VdW      =               -403.58
Electro         =               -27.63
Energy_SolvP    =               559.36
Energy_SolvH    =               -526.04
Energy_vdwclash =               32.43
energy_torsion  =               8.76
backbone_vdwclash=              176.30
Entropy_sidec   =               210.75
Entropy_mainc   =               606.81
water bonds     =               0.00
helix dipole    =               -1.32
loop_entropy    =               0.00
cis_bond        =               0.00
disulfide       =               0.00
kn electrostatic=               0.00
partial covalent interactions = 0.00
Energy_Ionisation =             2.72
Entropy Complex =               0.00
-----------------------------------------------------------
Total          = 				  152.93

Starting BuildModel
Reading LA146A;
Reading LA146V;
Reading LA146I;
Reading LA146L;
Reading LA146M;
Reading LA146F;
Reading LA146Y;
Reading LA146W;
Reading LA146S;
Reading LA146T;
Reading LA146N;
Reading LA146Q;
Reading LA146C;
Reading LA146G;
Reading LA146P;
Reading LA146R;
Reading LA146H;
Reading LA146K;
Reading LA146D;
Reading LA146E;
Reading KA147A;
Reading KA147V;
Reading KA147I;
Reading KA147L;
Reading KA147M;
Reading KA147F;
Reading KA147Y;
Reading KA147W;
Reading KA147S;
Reading KA147T;
Reading KA147N;
Reading KA147Q;
Reading KA147C;
Reading KA147G;
Reading KA147P;
Reading KA147R;
Reading KA147H;
Reading KA147K;
Reading KA147D;
Reading KA147E;
Reading AA148A;
Reading AA148V;
Reading AA148I;
Reading AA148L;
Reading AA148M;
Reading AA148F;
Reading AA148Y;
Reading AA148W;
Reading AA148S;
Reading AA148T;
Residue to Mutate LEUA146 has residue index 145
Residue to Mutate LEUA146 has residue index 145
Residue to Mutate LEUA146 has residue index 145
Residue to Mutate LEUA146 has residue index 145
Residue to Mutate LEUA146 has residue index 145
Residue to Mutate LEUA146 has residue index 145
Residue to Mutate LEUA146 has residue index 145
Residue to Mutate LEUA146 has residue index 145
Residue to Mutate LEUA146 has residue index 145
Residue to Mutate LEUA146 has residue index 145
Residue to Mutate LEUA146 has residue index 145
Residue to Mutate LEUA146 has residue index 145
Residue to Mutate LEUA146 has residue index 145
Residue to Mutate LEUA146 has residue index 145
Residue to Mutate LEUA146 has residue index 145
Residue to Mutate LEUA146 has residue index 145
Residue to Mutate LEUA146 has residue index 145
Residue to Mutate LEUA146 has residue index 145
Residue to Mutate LEUA146 has residue index 145
Residue to Mutate LEUA146 has residue index 145
Residue to Mutate LYSA147 has residue index 146
Residue to Mutate LYSA147 has residue index 146
Residue to Mutate LYSA147 has residue index 146
Residue to Mutate LYSA147 has residue index 146
Residue to Mutate LYSA147 has residue index 146
Residue to Mutate LYSA147 has residue index 146
Residue to Mutate LYSA147 has residue index 146
Residue to Mutate LYSA147 has residue index 146
Residue to Mutate LYSA147 has residue index 146
Residue to Mutate LYSA147 has residue index 146
Residue to Mutate LYSA147 has residue index 146
Residue to Mutate LYSA147 has residue index 146
Residue to Mutate LYSA147 has residue index 146
Residue to Mutate LYSA147 has residue index 146
Residue to Mutate LYSA147 has residue index 146
Residue to Mutate LYSA147 has residue index 146
Residue to Mutate LYSA147 has residue index 146
Residue to Mutate LYSA147 has residue index 146
Residue to Mutate LYSA147 has residue index 146
Residue to Mutate LYSA147 has residue index 146
Residue to Mutate ALAA148 has residue index 147
Residue to Mutate ALAA148 has residue index 147
Residue to Mutate ALAA148 has residue index 147
Residue to Mutate ALAA148 has residue index 147
Residue to Mutate ALAA148 has residue index 147
Residue to Mutate ALAA148 has residue index 147
Residue to Mutate ALAA148 has residue index 147
Residue to Mutate ALAA148 has residue index 147
Residue to Mutate ALAA148 has residue index 147
Residue to Mutate ALAA148 has residue index 147
Mutating residue = LEUA146 into ALA
Mutating residue = LEUA146 into VAL
Mutating residue = LEUA146 into ILE
Mutating residue = LEUA146 into LEU
Mutating residue = LEUA146 into MET
Mutating residue = LEUA146 into PHE
Mutating residue = LEUA146 into TYR
Mutating residue = LEUA146 into TRP
Mutating residue = LEUA146 into SER
Mutating residue = LEUA146 into THR
Mutating residue = LEUA146 into ASN
Mutating residue = LEUA146 into GLN
Mutating residue = LEUA146 into CYS
Mutating residue = LEUA146 into GLY
Mutating residue = LEUA146 into PRO
Mutating residue = LEUA146 into ARG
Mutating residue = LEUA146 into HIS
Mutating residue = LEUA146 into LYS
Mutating residue = LEUA146 into ASP
Mutating residue = LEUA146 into GLU
Mutating residue = LYSA147 into ALA
Mutating residue = LYSA147 into VAL
Mutating residue = LYSA147 into ILE
Mutating residue = LYSA147 into LEU
Mutating residue = LYSA147 into MET
Mutating residue = LYSA147 into PHE
Mutating residue = LYSA147 into TYR
Mutating residue = LYSA147 into TRP
Mutating residue = LYSA147 into SER
Mutating residue = LYSA147 into THR
Mutating residue = LYSA147 into ASN
Mutating residue = LYSA147 into GLN
Mutating residue = LYSA147 into CYS
Mutating residue = LYSA147 into GLY
Mutating residue = LYSA147 into PRO
Mutating residue = LYSA147 into ARG
Mutating residue = LYSA147 into HIS
Mutating residue = LYSA147 into LYS
Mutating residue = LYSA147 into ASP
Mutating residue = LYSA147 into GLU
Mutating residue = ALAA148 into ALA
Mutating residue = ALAA148 into VAL
Mutating residue = ALAA148 into ILE
Mutating residue = ALAA148 into LEU
Mutating residue = ALAA148 into MET
Mutating residue = ALAA148 into PHE
Mutating residue = ALAA148 into TYR
Mutating residue = ALAA148 into TRP
Mutating residue = ALAA148 into SER
Mutating residue = ALAA148 into THR
Your file run OK
End time of FoldX: Sat May  9 16:42:30 2026
Total time spend: 1513.22 seconds.
validated file "PTEN_1.pdb" => successfully finished
validated file "PTEN_2.pdb" => successfully finished
validated file "PTEN_3.pdb" => successfully finished
validated file "PTEN_4.pdb" => successfully finished
validated file "PTEN_5.pdb" => successfully finished
validated file "PTEN_6.pdb" => successfully finished
validated file "PTEN_7.pdb" => successfully finished
validated file "PTEN_8.pdb" => successfully finished
validated file "PTEN_9.pdb" => successfully finished
validated file "PTEN_10.pdb" => successfully finished
validated file "PTEN_11.pdb" => successfully finished
validated file "PTEN_12.pdb" => successfully finished
validated file "PTEN_13.pdb" => successfully finished
validated file "PTEN_14.pdb" => successfully finished
validated file "PTEN_15.pdb" => successfully finished
validated file "PTEN_16.pdb" => successfully finished
validated file "PTEN_17.pdb" => successfully finished
validated file "PTEN_18.pdb" => successfully finished
validated file "PTEN_19.pdb" => successfully finished
validated file "PTEN_20.pdb" => successfully finished
validated file "PTEN_21.pdb" => successfully finished
validated file "PTEN_22.pdb" => successfully finished
validated file "PTEN_23.pdb" => successfully finished
validated file "PTEN_24.pdb" => successfully finished
validated file "PTEN_25.pdb" => successfully finished
validated file "PTEN_26.pdb" => successfully finished
validated file "PTEN_27.pdb" => successfully finished
validated file "PTEN_28.pdb" => successfully finished
validated file "PTEN_29.pdb" => successfully finished
validated file "PTEN_30.pdb" => successfully finished
validated file "PTEN_31.pdb" => successfully finished
validated file "PTEN_32.pdb" => successfully finished
validated file "PTEN_33.pdb" => successfully finished
validated file "PTEN_34.pdb" => successfully finished
validated file "PTEN_35.pdb" => successfully finished
validated file "PTEN_36.pdb" => successfully finished
validated file "PTEN_37.pdb" => successfully finished
validated file "PTEN_38.pdb" => successfully finished
validated file "PTEN_39.pdb" => successfully finished
validated file "PTEN_40.pdb" => successfully finished
validated file "PTEN_41.pdb" => successfully finished
validated file "PTEN_42.pdb" => successfully finished
validated file "PTEN_43.pdb" => successfully finished
validated file "PTEN_44.pdb" => successfully finished
validated file "PTEN_45.pdb" => successfully finished
validated file "PTEN_46.pdb" => successfully finished
validated file "PTEN_47.pdb" => successfully finished
validated file "PTEN_48.pdb" => successfully finished
validated file "PTEN_49.pdb" => successfully finished
validated file "PTEN_50.pdb" => successfully finished
Cleaning BuildModel...DONE
任务 59 结果提取成功，已映射突变信息。
