   ********************************************
   ***                                      ***
   ***             FoldX 5.1 (c)            ***
   ***                                      ***
   ***     code by the FoldX Consortium     ***
   ***                                      ***
   ***     Jesper Borg, Frederic Rousseau   ***
   ***    Joost Schymkowitz, Luis Serrano   ***
   ***    Peter Vanhee, Erik Verschueren    ***
   ***     Lies Baeten, Javier Delgado      ***
   ***       and Francois Stricher          ***
   *** and any other of the 9! permutations ***
   ***   based on an original concept by    ***
   ***   Raphael Guerois and Luis Serrano   ***
   ********************************************

1 models read: PTEN.pdb
1 models read: PTEN.pdb

BackHbond       =               -227.30
SideHbond       =               -82.03
Energy_VdW      =               -403.58
Electro         =               -27.63
Energy_SolvP    =               559.36
Energy_SolvH    =               -526.04
Energy_vdwclash =               32.43
energy_torsion  =               8.76
backbone_vdwclash=              176.30
Entropy_sidec   =               210.75
Entropy_mainc   =               606.81
water bonds     =               0.00
helix dipole    =               -1.32
loop_entropy    =               0.00
cis_bond        =               0.00
disulfide       =               0.00
kn electrostatic=               0.00
partial covalent interactions = 0.00
Energy_Ionisation =             2.72
Entropy Complex =               0.00
-----------------------------------------------------------
Total          = 				  152.93


BackHbond       =               -227.30
SideHbond       =               -82.03
Energy_VdW      =               -403.58
Electro         =               -27.63
Energy_SolvP    =               559.36
Energy_SolvH    =               -526.04
Energy_vdwclash =               32.43
energy_torsion  =               8.76
backbone_vdwclash=              176.30
Entropy_sidec   =               210.75
Entropy_mainc   =               606.81
water bonds     =               0.00
helix dipole    =               -1.32
loop_entropy    =               0.00
cis_bond        =               0.00
disulfide       =               0.00
kn electrostatic=               0.00
partial covalent interactions = 0.00
Energy_Ionisation =             2.72
Entropy Complex =               0.00
-----------------------------------------------------------
Total          = 				  152.93

Starting BuildModel
Reading LA108N;
Reading LA108Q;
Reading LA108C;
Reading LA108G;
Reading LA108P;
Reading LA108R;
Reading LA108H;
Reading LA108K;
Reading LA108D;
Reading LA108E;
Reading DA109A;
Reading DA109V;
Reading DA109I;
Reading DA109L;
Reading DA109M;
Reading DA109F;
Reading DA109Y;
Reading DA109W;
Reading DA109S;
Reading DA109T;
Reading DA109N;
Reading DA109Q;
Reading DA109C;
Reading DA109G;
Reading DA109P;
Reading DA109R;
Reading DA109H;
Reading DA109K;
Reading DA109D;
Reading DA109E;
Reading QA110A;
Reading QA110V;
Reading QA110I;
Reading QA110L;
Reading QA110M;
Reading QA110F;
Reading QA110Y;
Reading QA110W;
Reading QA110S;
Reading QA110T;
Reading QA110N;
Reading QA110Q;
Reading QA110C;
Reading QA110G;
Reading QA110P;
Reading QA110R;
Reading QA110H;
Reading QA110K;
Reading QA110D;
Reading QA110E;
Residue to Mutate LEUA108 has residue index 107
Residue to Mutate LEUA108 has residue index 107
Residue to Mutate LEUA108 has residue index 107
Residue to Mutate LEUA108 has residue index 107
Residue to Mutate LEUA108 has residue index 107
Residue to Mutate LEUA108 has residue index 107
Residue to Mutate LEUA108 has residue index 107
Residue to Mutate LEUA108 has residue index 107
Residue to Mutate LEUA108 has residue index 107
Residue to Mutate LEUA108 has residue index 107
Residue to Mutate ASPA109 has residue index 108
Residue to Mutate ASPA109 has residue index 108
Residue to Mutate ASPA109 has residue index 108
Residue to Mutate ASPA109 has residue index 108
Residue to Mutate ASPA109 has residue index 108
Residue to Mutate ASPA109 has residue index 108
Residue to Mutate ASPA109 has residue index 108
Residue to Mutate ASPA109 has residue index 108
Residue to Mutate ASPA109 has residue index 108
Residue to Mutate ASPA109 has residue index 108
Residue to Mutate ASPA109 has residue index 108
Residue to Mutate ASPA109 has residue index 108
Residue to Mutate ASPA109 has residue index 108
Residue to Mutate ASPA109 has residue index 108
Residue to Mutate ASPA109 has residue index 108
Residue to Mutate ASPA109 has residue index 108
Residue to Mutate ASPA109 has residue index 108
Residue to Mutate ASPA109 has residue index 108
Residue to Mutate ASPA109 has residue index 108
Residue to Mutate ASPA109 has residue index 108
Residue to Mutate GLNA110 has residue index 109
Residue to Mutate GLNA110 has residue index 109
Residue to Mutate GLNA110 has residue index 109
Residue to Mutate GLNA110 has residue index 109
Residue to Mutate GLNA110 has residue index 109
Residue to Mutate GLNA110 has residue index 109
Residue to Mutate GLNA110 has residue index 109
Residue to Mutate GLNA110 has residue index 109
Residue to Mutate GLNA110 has residue index 109
Residue to Mutate GLNA110 has residue index 109
Residue to Mutate GLNA110 has residue index 109
Residue to Mutate GLNA110 has residue index 109
Residue to Mutate GLNA110 has residue index 109
Residue to Mutate GLNA110 has residue index 109
Residue to Mutate GLNA110 has residue index 109
Residue to Mutate GLNA110 has residue index 109
Residue to Mutate GLNA110 has residue index 109
Residue to Mutate GLNA110 has residue index 109
Residue to Mutate GLNA110 has residue index 109
Residue to Mutate GLNA110 has residue index 109
Mutating residue = LEUA108 into ASN
Mutating residue = LEUA108 into GLN
Mutating residue = LEUA108 into CYS
Mutating residue = LEUA108 into GLY
Mutating residue = LEUA108 into PRO
Mutating residue = LEUA108 into ARG
Mutating residue = LEUA108 into HIS
Mutating residue = LEUA108 into LYS
Mutating residue = LEUA108 into ASP
Mutating residue = LEUA108 into GLU
Mutating residue = ASPA109 into ALA
Mutating residue = ASPA109 into VAL
Mutating residue = ASPA109 into ILE
Mutating residue = ASPA109 into LEU
Mutating residue = ASPA109 into MET
Mutating residue = ASPA109 into PHE
Mutating residue = ASPA109 into TYR
Mutating residue = ASPA109 into TRP
Mutating residue = ASPA109 into SER
Mutating residue = ASPA109 into THR
Mutating residue = ASPA109 into ASN
Mutating residue = ASPA109 into GLN
Mutating residue = ASPA109 into CYS
Mutating residue = ASPA109 into GLY
Mutating residue = ASPA109 into PRO
Mutating residue = ASPA109 into ARG
Mutating residue = ASPA109 into HIS
Mutating residue = ASPA109 into LYS
Mutating residue = ASPA109 into ASP
Mutating residue = ASPA109 into GLU
Mutating residue = GLNA110 into ALA
Mutating residue = GLNA110 into VAL
Mutating residue = GLNA110 into ILE
Mutating residue = GLNA110 into LEU
Mutating residue = GLNA110 into MET
Mutating residue = GLNA110 into PHE
Mutating residue = GLNA110 into TYR
Mutating residue = GLNA110 into TRP
Mutating residue = GLNA110 into SER
Mutating residue = GLNA110 into THR
Mutating residue = GLNA110 into ASN
Mutating residue = GLNA110 into GLN
Mutating residue = GLNA110 into CYS
Mutating residue = GLNA110 into GLY
Mutating residue = GLNA110 into PRO
Mutating residue = GLNA110 into ARG
Mutating residue = GLNA110 into HIS
Mutating residue = GLNA110 into LYS
Mutating residue = GLNA110 into ASP
Mutating residue = GLNA110 into GLU
Your file run OK
End time of FoldX: Sat May  9 16:20:53 2026
Total time spend: 221.45 seconds.
validated file "PTEN_1.pdb" => successfully finished
validated file "PTEN_2.pdb" => successfully finished
validated file "PTEN_3.pdb" => successfully finished
validated file "PTEN_4.pdb" => successfully finished
validated file "PTEN_5.pdb" => successfully finished
validated file "PTEN_6.pdb" => successfully finished
validated file "PTEN_7.pdb" => successfully finished
validated file "PTEN_8.pdb" => successfully finished
validated file "PTEN_9.pdb" => successfully finished
validated file "PTEN_10.pdb" => successfully finished
validated file "PTEN_11.pdb" => successfully finished
validated file "PTEN_12.pdb" => successfully finished
validated file "PTEN_13.pdb" => successfully finished
validated file "PTEN_14.pdb" => successfully finished
validated file "PTEN_15.pdb" => successfully finished
validated file "PTEN_16.pdb" => successfully finished
validated file "PTEN_17.pdb" => successfully finished
validated file "PTEN_18.pdb" => successfully finished
validated file "PTEN_19.pdb" => successfully finished
validated file "PTEN_20.pdb" => successfully finished
validated file "PTEN_21.pdb" => successfully finished
validated file "PTEN_22.pdb" => successfully finished
validated file "PTEN_23.pdb" => successfully finished
validated file "PTEN_24.pdb" => successfully finished
validated file "PTEN_25.pdb" => successfully finished
validated file "PTEN_26.pdb" => successfully finished
validated file "PTEN_27.pdb" => successfully finished
validated file "PTEN_28.pdb" => successfully finished
validated file "PTEN_29.pdb" => successfully finished
validated file "PTEN_30.pdb" => successfully finished
validated file "PTEN_31.pdb" => successfully finished
validated file "PTEN_32.pdb" => successfully finished
validated file "PTEN_33.pdb" => successfully finished
validated file "PTEN_34.pdb" => successfully finished
validated file "PTEN_35.pdb" => successfully finished
validated file "PTEN_36.pdb" => successfully finished
validated file "PTEN_37.pdb" => successfully finished
validated file "PTEN_38.pdb" => successfully finished
validated file "PTEN_39.pdb" => successfully finished
validated file "PTEN_40.pdb" => successfully finished
validated file "PTEN_41.pdb" => successfully finished
validated file "PTEN_42.pdb" => successfully finished
validated file "PTEN_43.pdb" => successfully finished
validated file "PTEN_44.pdb" => successfully finished
validated file "PTEN_45.pdb" => successfully finished
validated file "PTEN_46.pdb" => successfully finished
validated file "PTEN_47.pdb" => successfully finished
validated file "PTEN_48.pdb" => successfully finished
validated file "PTEN_49.pdb" => successfully finished
validated file "PTEN_50.pdb" => successfully finished
Cleaning BuildModel...DONE
任务 44 结果提取成功，已映射突变信息。
