   ********************************************
   ***                                      ***
   ***             FoldX 5.1 (c)            ***
   ***                                      ***
   ***     code by the FoldX Consortium     ***
   ***                                      ***
   ***     Jesper Borg, Frederic Rousseau   ***
   ***    Joost Schymkowitz, Luis Serrano   ***
   ***    Peter Vanhee, Erik Verschueren    ***
   ***     Lies Baeten, Javier Delgado      ***
   ***       and Francois Stricher          ***
   *** and any other of the 9! permutations ***
   ***   based on an original concept by    ***
   ***   Raphael Guerois and Luis Serrano   ***
   ********************************************

1 models read: PTEN.pdb
1 models read: PTEN.pdb

BackHbond       =               -227.30
SideHbond       =               -82.03
Energy_VdW      =               -403.58
Electro         =               -27.63
Energy_SolvP    =               559.36
Energy_SolvH    =               -526.04
Energy_vdwclash =               32.43
energy_torsion  =               8.76
backbone_vdwclash=              176.30
Entropy_sidec   =               210.75
Entropy_mainc   =               606.81
water bonds     =               0.00
helix dipole    =               -1.32
loop_entropy    =               0.00
cis_bond        =               0.00
disulfide       =               0.00
kn electrostatic=               0.00
partial covalent interactions = 0.00
Energy_Ionisation =             2.72
Entropy Complex =               0.00
-----------------------------------------------------------
Total          = 				  152.93


BackHbond       =               -227.30
SideHbond       =               -82.03
Energy_VdW      =               -403.58
Electro         =               -27.63
Energy_SolvP    =               559.36
Energy_SolvH    =               -526.04
Energy_vdwclash =               32.43
energy_torsion  =               8.76
backbone_vdwclash=              176.30
Entropy_sidec   =               210.75
Entropy_mainc   =               606.81
water bonds     =               0.00
helix dipole    =               -1.32
loop_entropy    =               0.00
cis_bond        =               0.00
disulfide       =               0.00
kn electrostatic=               0.00
partial covalent interactions = 0.00
Energy_Ionisation =             2.72
Entropy Complex =               0.00
-----------------------------------------------------------
Total          = 				  152.93

Starting BuildModel
Reading LA98N;
Reading LA98Q;
Reading LA98C;
Reading LA98G;
Reading LA98P;
Reading LA98R;
Reading LA98H;
Reading LA98K;
Reading LA98D;
Reading LA98E;
Reading EA99A;
Reading EA99V;
Reading EA99I;
Reading EA99L;
Reading EA99M;
Reading EA99F;
Reading EA99Y;
Reading EA99W;
Reading EA99S;
Reading EA99T;
Reading EA99N;
Reading EA99Q;
Reading EA99C;
Reading EA99G;
Reading EA99P;
Reading EA99R;
Reading EA99H;
Reading EA99K;
Reading EA99D;
Reading EA99E;
Reading LA100A;
Reading LA100V;
Reading LA100I;
Reading LA100L;
Reading LA100M;
Reading LA100F;
Reading LA100Y;
Reading LA100W;
Reading LA100S;
Reading LA100T;
Reading LA100N;
Reading LA100Q;
Reading LA100C;
Reading LA100G;
Reading LA100P;
Reading LA100R;
Reading LA100H;
Reading LA100K;
Reading LA100D;
Reading LA100E;
Residue to Mutate LEUA98 has residue index 97
Residue to Mutate LEUA98 has residue index 97
Residue to Mutate LEUA98 has residue index 97
Residue to Mutate LEUA98 has residue index 97
Residue to Mutate LEUA98 has residue index 97
Residue to Mutate LEUA98 has residue index 97
Residue to Mutate LEUA98 has residue index 97
Residue to Mutate LEUA98 has residue index 97
Residue to Mutate LEUA98 has residue index 97
Residue to Mutate LEUA98 has residue index 97
Residue to Mutate GLUA99 has residue index 98
Residue to Mutate GLUA99 has residue index 98
Residue to Mutate GLUA99 has residue index 98
Residue to Mutate GLUA99 has residue index 98
Residue to Mutate GLUA99 has residue index 98
Residue to Mutate GLUA99 has residue index 98
Residue to Mutate GLUA99 has residue index 98
Residue to Mutate GLUA99 has residue index 98
Residue to Mutate GLUA99 has residue index 98
Residue to Mutate GLUA99 has residue index 98
Residue to Mutate GLUA99 has residue index 98
Residue to Mutate GLUA99 has residue index 98
Residue to Mutate GLUA99 has residue index 98
Residue to Mutate GLUA99 has residue index 98
Residue to Mutate GLUA99 has residue index 98
Residue to Mutate GLUA99 has residue index 98
Residue to Mutate GLUA99 has residue index 98
Residue to Mutate GLUA99 has residue index 98
Residue to Mutate GLUA99 has residue index 98
Residue to Mutate GLUA99 has residue index 98
Residue to Mutate LEUA100 has residue index 99
Residue to Mutate LEUA100 has residue index 99
Residue to Mutate LEUA100 has residue index 99
Residue to Mutate LEUA100 has residue index 99
Residue to Mutate LEUA100 has residue index 99
Residue to Mutate LEUA100 has residue index 99
Residue to Mutate LEUA100 has residue index 99
Residue to Mutate LEUA100 has residue index 99
Residue to Mutate LEUA100 has residue index 99
Residue to Mutate LEUA100 has residue index 99
Residue to Mutate LEUA100 has residue index 99
Residue to Mutate LEUA100 has residue index 99
Residue to Mutate LEUA100 has residue index 99
Residue to Mutate LEUA100 has residue index 99
Residue to Mutate LEUA100 has residue index 99
Residue to Mutate LEUA100 has residue index 99
Residue to Mutate LEUA100 has residue index 99
Residue to Mutate LEUA100 has residue index 99
Residue to Mutate LEUA100 has residue index 99
Residue to Mutate LEUA100 has residue index 99
Mutating residue = LEUA98 into ASN
Mutating residue = LEUA98 into GLN
Mutating residue = LEUA98 into CYS
Mutating residue = LEUA98 into GLY
Mutating residue = LEUA98 into PRO
Mutating residue = LEUA98 into ARG
Mutating residue = LEUA98 into HIS
Mutating residue = LEUA98 into LYS
Mutating residue = LEUA98 into ASP
Mutating residue = LEUA98 into GLU
Mutating residue = GLUA99 into ALA
Mutating residue = GLUA99 into VAL
Mutating residue = GLUA99 into ILE
Mutating residue = GLUA99 into LEU
Mutating residue = GLUA99 into MET
Mutating residue = GLUA99 into PHE
Mutating residue = GLUA99 into TYR
Mutating residue = GLUA99 into TRP
Mutating residue = GLUA99 into SER
Mutating residue = GLUA99 into THR
Mutating residue = GLUA99 into ASN
Mutating residue = GLUA99 into GLN
Mutating residue = GLUA99 into CYS
Mutating residue = GLUA99 into GLY
Mutating residue = GLUA99 into PRO
Mutating residue = GLUA99 into ARG
Mutating residue = GLUA99 into HIS
Mutating residue = GLUA99 into LYS
Mutating residue = GLUA99 into ASP
Mutating residue = GLUA99 into GLU
Mutating residue = LEUA100 into ALA
Mutating residue = LEUA100 into VAL
Mutating residue = LEUA100 into ILE
Mutating residue = LEUA100 into LEU
Mutating residue = LEUA100 into MET
Mutating residue = LEUA100 into PHE
Mutating residue = LEUA100 into TYR
Mutating residue = LEUA100 into TRP
Mutating residue = LEUA100 into SER
Mutating residue = LEUA100 into THR
Mutating residue = LEUA100 into ASN
Mutating residue = LEUA100 into GLN
Mutating residue = LEUA100 into CYS
Mutating residue = LEUA100 into GLY
Mutating residue = LEUA100 into PRO
Mutating residue = LEUA100 into ARG
Mutating residue = LEUA100 into HIS
Mutating residue = LEUA100 into LYS
Mutating residue = LEUA100 into ASP
Mutating residue = LEUA100 into GLU
Your file run OK
End time of FoldX: Sat May  9 16:23:29 2026
Total time spend: 376.49 seconds.
validated file "PTEN_1.pdb" => successfully finished
validated file "PTEN_2.pdb" => successfully finished
validated file "PTEN_3.pdb" => successfully finished
validated file "PTEN_4.pdb" => successfully finished
validated file "PTEN_5.pdb" => successfully finished
validated file "PTEN_6.pdb" => successfully finished
validated file "PTEN_7.pdb" => successfully finished
validated file "PTEN_8.pdb" => successfully finished
validated file "PTEN_9.pdb" => successfully finished
validated file "PTEN_10.pdb" => successfully finished
validated file "PTEN_11.pdb" => successfully finished
validated file "PTEN_12.pdb" => successfully finished
validated file "PTEN_13.pdb" => successfully finished
validated file "PTEN_14.pdb" => successfully finished
validated file "PTEN_15.pdb" => successfully finished
validated file "PTEN_16.pdb" => successfully finished
validated file "PTEN_17.pdb" => successfully finished
validated file "PTEN_18.pdb" => successfully finished
validated file "PTEN_19.pdb" => successfully finished
validated file "PTEN_20.pdb" => successfully finished
validated file "PTEN_21.pdb" => successfully finished
validated file "PTEN_22.pdb" => successfully finished
validated file "PTEN_23.pdb" => successfully finished
validated file "PTEN_24.pdb" => successfully finished
validated file "PTEN_25.pdb" => successfully finished
validated file "PTEN_26.pdb" => successfully finished
validated file "PTEN_27.pdb" => successfully finished
validated file "PTEN_28.pdb" => successfully finished
validated file "PTEN_29.pdb" => successfully finished
validated file "PTEN_30.pdb" => successfully finished
validated file "PTEN_31.pdb" => successfully finished
validated file "PTEN_32.pdb" => successfully finished
validated file "PTEN_33.pdb" => successfully finished
validated file "PTEN_34.pdb" => successfully finished
validated file "PTEN_35.pdb" => successfully finished
validated file "PTEN_36.pdb" => successfully finished
validated file "PTEN_37.pdb" => successfully finished
validated file "PTEN_38.pdb" => successfully finished
validated file "PTEN_39.pdb" => successfully finished
validated file "PTEN_40.pdb" => successfully finished
validated file "PTEN_41.pdb" => successfully finished
validated file "PTEN_42.pdb" => successfully finished
validated file "PTEN_43.pdb" => successfully finished
validated file "PTEN_44.pdb" => successfully finished
validated file "PTEN_45.pdb" => successfully finished
validated file "PTEN_46.pdb" => successfully finished
validated file "PTEN_47.pdb" => successfully finished
validated file "PTEN_48.pdb" => successfully finished
validated file "PTEN_49.pdb" => successfully finished
validated file "PTEN_50.pdb" => successfully finished
Cleaning BuildModel...DONE
任务 40 结果提取成功，已映射突变信息。
