   ********************************************
   ***                                      ***
   ***             FoldX 5.1 (c)            ***
   ***                                      ***
   ***     code by the FoldX Consortium     ***
   ***                                      ***
   ***     Jesper Borg, Frederic Rousseau   ***
   ***    Joost Schymkowitz, Luis Serrano   ***
   ***    Peter Vanhee, Erik Verschueren    ***
   ***     Lies Baeten, Javier Delgado      ***
   ***       and Francois Stricher          ***
   *** and any other of the 9! permutations ***
   ***   based on an original concept by    ***
   ***   Raphael Guerois and Luis Serrano   ***
   ********************************************

1 models read: PTEN.pdb
1 models read: PTEN.pdb

BackHbond       =               -227.30
SideHbond       =               -82.03
Energy_VdW      =               -403.58
Electro         =               -27.63
Energy_SolvP    =               559.36
Energy_SolvH    =               -526.04
Energy_vdwclash =               32.43
energy_torsion  =               8.76
backbone_vdwclash=              176.30
Entropy_sidec   =               210.75
Entropy_mainc   =               606.81
water bonds     =               0.00
helix dipole    =               -1.32
loop_entropy    =               0.00
cis_bond        =               0.00
disulfide       =               0.00
kn electrostatic=               0.00
partial covalent interactions = 0.00
Energy_Ionisation =             2.72
Entropy Complex =               0.00
-----------------------------------------------------------
Total          = 				  152.93


BackHbond       =               -227.30
SideHbond       =               -82.03
Energy_VdW      =               -403.58
Electro         =               -27.63
Energy_SolvP    =               559.36
Energy_SolvH    =               -526.04
Energy_vdwclash =               32.43
energy_torsion  =               8.76
backbone_vdwclash=              176.30
Entropy_sidec   =               210.75
Entropy_mainc   =               606.81
water bonds     =               0.00
helix dipole    =               -1.32
loop_entropy    =               0.00
cis_bond        =               0.00
disulfide       =               0.00
kn electrostatic=               0.00
partial covalent interactions = 0.00
Energy_Ionisation =             2.72
Entropy Complex =               0.00
-----------------------------------------------------------
Total          = 				  152.93

Starting BuildModel
Reading YA46A;
Reading YA46V;
Reading YA46I;
Reading YA46L;
Reading YA46M;
Reading YA46F;
Reading YA46Y;
Reading YA46W;
Reading YA46S;
Reading YA46T;
Reading YA46N;
Reading YA46Q;
Reading YA46C;
Reading YA46G;
Reading YA46P;
Reading YA46R;
Reading YA46H;
Reading YA46K;
Reading YA46D;
Reading YA46E;
Reading RA47A;
Reading RA47V;
Reading RA47I;
Reading RA47L;
Reading RA47M;
Reading RA47F;
Reading RA47Y;
Reading RA47W;
Reading RA47S;
Reading RA47T;
Reading RA47N;
Reading RA47Q;
Reading RA47C;
Reading RA47G;
Reading RA47P;
Reading RA47R;
Reading RA47H;
Reading RA47K;
Reading RA47D;
Reading RA47E;
Reading NA48A;
Reading NA48V;
Reading NA48I;
Reading NA48L;
Reading NA48M;
Reading NA48F;
Reading NA48Y;
Reading NA48W;
Reading NA48S;
Reading NA48T;
Residue to Mutate TYRA46 has residue index 45
Residue to Mutate TYRA46 has residue index 45
Residue to Mutate TYRA46 has residue index 45
Residue to Mutate TYRA46 has residue index 45
Residue to Mutate TYRA46 has residue index 45
Residue to Mutate TYRA46 has residue index 45
Residue to Mutate TYRA46 has residue index 45
Residue to Mutate TYRA46 has residue index 45
Residue to Mutate TYRA46 has residue index 45
Residue to Mutate TYRA46 has residue index 45
Residue to Mutate TYRA46 has residue index 45
Residue to Mutate TYRA46 has residue index 45
Residue to Mutate TYRA46 has residue index 45
Residue to Mutate TYRA46 has residue index 45
Residue to Mutate TYRA46 has residue index 45
Residue to Mutate TYRA46 has residue index 45
Residue to Mutate TYRA46 has residue index 45
Residue to Mutate TYRA46 has residue index 45
Residue to Mutate TYRA46 has residue index 45
Residue to Mutate TYRA46 has residue index 45
Residue to Mutate ARGA47 has residue index 46
Residue to Mutate ARGA47 has residue index 46
Residue to Mutate ARGA47 has residue index 46
Residue to Mutate ARGA47 has residue index 46
Residue to Mutate ARGA47 has residue index 46
Residue to Mutate ARGA47 has residue index 46
Residue to Mutate ARGA47 has residue index 46
Residue to Mutate ARGA47 has residue index 46
Residue to Mutate ARGA47 has residue index 46
Residue to Mutate ARGA47 has residue index 46
Residue to Mutate ARGA47 has residue index 46
Residue to Mutate ARGA47 has residue index 46
Residue to Mutate ARGA47 has residue index 46
Residue to Mutate ARGA47 has residue index 46
Residue to Mutate ARGA47 has residue index 46
Residue to Mutate ARGA47 has residue index 46
Residue to Mutate ARGA47 has residue index 46
Residue to Mutate ARGA47 has residue index 46
Residue to Mutate ARGA47 has residue index 46
Residue to Mutate ARGA47 has residue index 46
Residue to Mutate ASNA48 has residue index 47
Residue to Mutate ASNA48 has residue index 47
Residue to Mutate ASNA48 has residue index 47
Residue to Mutate ASNA48 has residue index 47
Residue to Mutate ASNA48 has residue index 47
Residue to Mutate ASNA48 has residue index 47
Residue to Mutate ASNA48 has residue index 47
Residue to Mutate ASNA48 has residue index 47
Residue to Mutate ASNA48 has residue index 47
Residue to Mutate ASNA48 has residue index 47
Mutating residue = TYRA46 into ALA
Mutating residue = TYRA46 into VAL
Mutating residue = TYRA46 into ILE
Mutating residue = TYRA46 into LEU
Mutating residue = TYRA46 into MET
Mutating residue = TYRA46 into PHE
Mutating residue = TYRA46 into TYR
Mutating residue = TYRA46 into TRP
Mutating residue = TYRA46 into SER
Mutating residue = TYRA46 into THR
Mutating residue = TYRA46 into ASN
Mutating residue = TYRA46 into GLN
Mutating residue = TYRA46 into CYS
Mutating residue = TYRA46 into GLY
Mutating residue = TYRA46 into PRO
Mutating residue = TYRA46 into ARG
Mutating residue = TYRA46 into HIS
Mutating residue = TYRA46 into LYS
Mutating residue = TYRA46 into ASP
Mutating residue = TYRA46 into GLU
Mutating residue = ARGA47 into ALA
Mutating residue = ARGA47 into VAL
Mutating residue = ARGA47 into ILE
Mutating residue = ARGA47 into LEU
Mutating residue = ARGA47 into MET
Mutating residue = ARGA47 into PHE
Mutating residue = ARGA47 into TYR
Mutating residue = ARGA47 into TRP
Mutating residue = ARGA47 into SER
Mutating residue = ARGA47 into THR
Mutating residue = ARGA47 into ASN
Mutating residue = ARGA47 into GLN
Mutating residue = ARGA47 into CYS
Mutating residue = ARGA47 into GLY
Mutating residue = ARGA47 into PRO
Mutating residue = ARGA47 into ARG
Mutating residue = ARGA47 into HIS
Mutating residue = ARGA47 into LYS
Mutating residue = ARGA47 into ASP
Mutating residue = ARGA47 into GLU
Mutating residue = ASNA48 into ALA
Mutating residue = ASNA48 into VAL
Mutating residue = ASNA48 into ILE
Mutating residue = ASNA48 into LEU
Mutating residue = ASNA48 into MET
Mutating residue = ASNA48 into PHE
Mutating residue = ASNA48 into TYR
Mutating residue = ASNA48 into TRP
Mutating residue = ASNA48 into SER
Mutating residue = ASNA48 into THR
Your file run OK
End time of FoldX: Sat May  9 16:29:11 2026
Total time spend: 718.51 seconds.
validated file "PTEN_1.pdb" => successfully finished
validated file "PTEN_2.pdb" => successfully finished
validated file "PTEN_3.pdb" => successfully finished
validated file "PTEN_4.pdb" => successfully finished
validated file "PTEN_5.pdb" => successfully finished
validated file "PTEN_6.pdb" => successfully finished
validated file "PTEN_7.pdb" => successfully finished
validated file "PTEN_8.pdb" => successfully finished
validated file "PTEN_9.pdb" => successfully finished
validated file "PTEN_10.pdb" => successfully finished
validated file "PTEN_11.pdb" => successfully finished
validated file "PTEN_12.pdb" => successfully finished
validated file "PTEN_13.pdb" => successfully finished
validated file "PTEN_14.pdb" => successfully finished
validated file "PTEN_15.pdb" => successfully finished
validated file "PTEN_16.pdb" => successfully finished
validated file "PTEN_17.pdb" => successfully finished
validated file "PTEN_18.pdb" => successfully finished
validated file "PTEN_19.pdb" => successfully finished
validated file "PTEN_20.pdb" => successfully finished
validated file "PTEN_21.pdb" => successfully finished
validated file "PTEN_22.pdb" => successfully finished
validated file "PTEN_23.pdb" => successfully finished
validated file "PTEN_24.pdb" => successfully finished
validated file "PTEN_25.pdb" => successfully finished
validated file "PTEN_26.pdb" => successfully finished
validated file "PTEN_27.pdb" => successfully finished
validated file "PTEN_28.pdb" => successfully finished
validated file "PTEN_29.pdb" => successfully finished
validated file "PTEN_30.pdb" => successfully finished
validated file "PTEN_31.pdb" => successfully finished
validated file "PTEN_32.pdb" => successfully finished
validated file "PTEN_33.pdb" => successfully finished
validated file "PTEN_34.pdb" => successfully finished
validated file "PTEN_35.pdb" => successfully finished
validated file "PTEN_36.pdb" => successfully finished
validated file "PTEN_37.pdb" => successfully finished
validated file "PTEN_38.pdb" => successfully finished
validated file "PTEN_39.pdb" => successfully finished
validated file "PTEN_40.pdb" => successfully finished
validated file "PTEN_41.pdb" => successfully finished
validated file "PTEN_42.pdb" => successfully finished
validated file "PTEN_43.pdb" => successfully finished
validated file "PTEN_44.pdb" => successfully finished
validated file "PTEN_45.pdb" => successfully finished
validated file "PTEN_46.pdb" => successfully finished
validated file "PTEN_47.pdb" => successfully finished
validated file "PTEN_48.pdb" => successfully finished
validated file "PTEN_49.pdb" => successfully finished
validated file "PTEN_50.pdb" => successfully finished
Cleaning BuildModel...DONE
任务 19 结果提取成功，已映射突变信息。
