   ********************************************
   ***                                      ***
   ***             FoldX 5.1 (c)            ***
   ***                                      ***
   ***     code by the FoldX Consortium     ***
   ***                                      ***
   ***     Jesper Borg, Frederic Rousseau   ***
   ***    Joost Schymkowitz, Luis Serrano   ***
   ***    Peter Vanhee, Erik Verschueren    ***
   ***     Lies Baeten, Javier Delgado      ***
   ***       and Francois Stricher          ***
   *** and any other of the 9! permutations ***
   ***   based on an original concept by    ***
   ***   Raphael Guerois and Luis Serrano   ***
   ********************************************

1 models read: PTEN.pdb
1 models read: PTEN.pdb

BackHbond       =               -227.30
SideHbond       =               -82.03
Energy_VdW      =               -403.58
Electro         =               -27.63
Energy_SolvP    =               559.36
Energy_SolvH    =               -526.04
Energy_vdwclash =               32.43
energy_torsion  =               8.76
backbone_vdwclash=              176.30
Entropy_sidec   =               210.75
Entropy_mainc   =               606.81
water bonds     =               0.00
helix dipole    =               -1.32
loop_entropy    =               0.00
cis_bond        =               0.00
disulfide       =               0.00
kn electrostatic=               0.00
partial covalent interactions = 0.00
Energy_Ionisation =             2.72
Entropy Complex =               0.00
-----------------------------------------------------------
Total          = 				  152.93


BackHbond       =               -227.30
SideHbond       =               -82.03
Energy_VdW      =               -403.58
Electro         =               -27.63
Energy_SolvP    =               559.36
Energy_SolvH    =               -526.04
Energy_vdwclash =               32.43
energy_torsion  =               8.76
backbone_vdwclash=              176.30
Entropy_sidec   =               210.75
Entropy_mainc   =               606.81
water bonds     =               0.00
helix dipole    =               -1.32
loop_entropy    =               0.00
cis_bond        =               0.00
disulfide       =               0.00
kn electrostatic=               0.00
partial covalent interactions = 0.00
Energy_Ionisation =             2.72
Entropy Complex =               0.00
-----------------------------------------------------------
Total          = 				  152.93

Starting BuildModel
Reading FA56A;
Reading FA56V;
Reading FA56I;
Reading FA56L;
Reading FA56M;
Reading FA56F;
Reading FA56Y;
Reading FA56W;
Reading FA56S;
Reading FA56T;
Reading FA56N;
Reading FA56Q;
Reading FA56C;
Reading FA56G;
Reading FA56P;
Reading FA56R;
Reading FA56H;
Reading FA56K;
Reading FA56D;
Reading FA56E;
Reading LA57A;
Reading LA57V;
Reading LA57I;
Reading LA57L;
Reading LA57M;
Reading LA57F;
Reading LA57Y;
Reading LA57W;
Reading LA57S;
Reading LA57T;
Reading LA57N;
Reading LA57Q;
Reading LA57C;
Reading LA57G;
Reading LA57P;
Reading LA57R;
Reading LA57H;
Reading LA57K;
Reading LA57D;
Reading LA57E;
Reading DA58A;
Reading DA58V;
Reading DA58I;
Reading DA58L;
Reading DA58M;
Reading DA58F;
Reading DA58Y;
Reading DA58W;
Reading DA58S;
Reading DA58T;
Residue to Mutate PHEA56 has residue index 55
Residue to Mutate PHEA56 has residue index 55
Residue to Mutate PHEA56 has residue index 55
Residue to Mutate PHEA56 has residue index 55
Residue to Mutate PHEA56 has residue index 55
Residue to Mutate PHEA56 has residue index 55
Residue to Mutate PHEA56 has residue index 55
Residue to Mutate PHEA56 has residue index 55
Residue to Mutate PHEA56 has residue index 55
Residue to Mutate PHEA56 has residue index 55
Residue to Mutate PHEA56 has residue index 55
Residue to Mutate PHEA56 has residue index 55
Residue to Mutate PHEA56 has residue index 55
Residue to Mutate PHEA56 has residue index 55
Residue to Mutate PHEA56 has residue index 55
Residue to Mutate PHEA56 has residue index 55
Residue to Mutate PHEA56 has residue index 55
Residue to Mutate PHEA56 has residue index 55
Residue to Mutate PHEA56 has residue index 55
Residue to Mutate PHEA56 has residue index 55
Residue to Mutate LEUA57 has residue index 56
Residue to Mutate LEUA57 has residue index 56
Residue to Mutate LEUA57 has residue index 56
Residue to Mutate LEUA57 has residue index 56
Residue to Mutate LEUA57 has residue index 56
Residue to Mutate LEUA57 has residue index 56
Residue to Mutate LEUA57 has residue index 56
Residue to Mutate LEUA57 has residue index 56
Residue to Mutate LEUA57 has residue index 56
Residue to Mutate LEUA57 has residue index 56
Residue to Mutate LEUA57 has residue index 56
Residue to Mutate LEUA57 has residue index 56
Residue to Mutate LEUA57 has residue index 56
Residue to Mutate LEUA57 has residue index 56
Residue to Mutate LEUA57 has residue index 56
Residue to Mutate LEUA57 has residue index 56
Residue to Mutate LEUA57 has residue index 56
Residue to Mutate LEUA57 has residue index 56
Residue to Mutate LEUA57 has residue index 56
Residue to Mutate LEUA57 has residue index 56
Residue to Mutate ASPA58 has residue index 57
Residue to Mutate ASPA58 has residue index 57
Residue to Mutate ASPA58 has residue index 57
Residue to Mutate ASPA58 has residue index 57
Residue to Mutate ASPA58 has residue index 57
Residue to Mutate ASPA58 has residue index 57
Residue to Mutate ASPA58 has residue index 57
Residue to Mutate ASPA58 has residue index 57
Residue to Mutate ASPA58 has residue index 57
Residue to Mutate ASPA58 has residue index 57
Mutating residue = PHEA56 into ALA
Mutating residue = PHEA56 into VAL
Mutating residue = PHEA56 into ILE
Mutating residue = PHEA56 into LEU
Mutating residue = PHEA56 into MET
Mutating residue = PHEA56 into PHE
Mutating residue = PHEA56 into TYR
Mutating residue = PHEA56 into TRP
Mutating residue = PHEA56 into SER
Mutating residue = PHEA56 into THR
Mutating residue = PHEA56 into ASN
Mutating residue = PHEA56 into GLN
Mutating residue = PHEA56 into CYS
Mutating residue = PHEA56 into GLY
Mutating residue = PHEA56 into PRO
Mutating residue = PHEA56 into ARG
Mutating residue = PHEA56 into HIS
Mutating residue = PHEA56 into LYS
Mutating residue = PHEA56 into ASP
Mutating residue = PHEA56 into GLU
Mutating residue = LEUA57 into ALA
Mutating residue = LEUA57 into VAL
Mutating residue = LEUA57 into ILE
Mutating residue = LEUA57 into LEU
Mutating residue = LEUA57 into MET
Mutating residue = LEUA57 into PHE
Mutating residue = LEUA57 into TYR
Mutating residue = LEUA57 into TRP
Mutating residue = LEUA57 into SER
Mutating residue = LEUA57 into THR
Mutating residue = LEUA57 into ASN
Mutating residue = LEUA57 into GLN
Mutating residue = LEUA57 into CYS
Mutating residue = LEUA57 into GLY
Mutating residue = LEUA57 into PRO
Mutating residue = LEUA57 into ARG
Mutating residue = LEUA57 into HIS
Mutating residue = LEUA57 into LYS
Mutating residue = LEUA57 into ASP
Mutating residue = LEUA57 into GLU
Mutating residue = ASPA58 into ALA
Mutating residue = ASPA58 into VAL
Mutating residue = ASPA58 into ILE
Mutating residue = ASPA58 into LEU
Mutating residue = ASPA58 into MET
Mutating residue = ASPA58 into PHE
Mutating residue = ASPA58 into TYR
Mutating residue = ASPA58 into TRP
Mutating residue = ASPA58 into SER
Mutating residue = ASPA58 into THR
Your file run OK
End time of FoldX: Sat May  9 16:24:29 2026
Total time spend: 436.67 seconds.
validated file "PTEN_1.pdb" => successfully finished
validated file "PTEN_2.pdb" => successfully finished
validated file "PTEN_3.pdb" => successfully finished
validated file "PTEN_4.pdb" => successfully finished
validated file "PTEN_5.pdb" => successfully finished
validated file "PTEN_6.pdb" => successfully finished
validated file "PTEN_7.pdb" => successfully finished
validated file "PTEN_8.pdb" => successfully finished
validated file "PTEN_9.pdb" => successfully finished
validated file "PTEN_10.pdb" => successfully finished
validated file "PTEN_11.pdb" => successfully finished
validated file "PTEN_12.pdb" => successfully finished
validated file "PTEN_13.pdb" => successfully finished
validated file "PTEN_14.pdb" => successfully finished
validated file "PTEN_15.pdb" => successfully finished
validated file "PTEN_16.pdb" => successfully finished
validated file "PTEN_17.pdb" => successfully finished
validated file "PTEN_18.pdb" => successfully finished
validated file "PTEN_19.pdb" => successfully finished
validated file "PTEN_20.pdb" => successfully finished
validated file "PTEN_21.pdb" => successfully finished
validated file "PTEN_22.pdb" => successfully finished
validated file "PTEN_23.pdb" => successfully finished
validated file "PTEN_24.pdb" => successfully finished
validated file "PTEN_25.pdb" => successfully finished
validated file "PTEN_26.pdb" => successfully finished
validated file "PTEN_27.pdb" => successfully finished
validated file "PTEN_28.pdb" => successfully finished
validated file "PTEN_29.pdb" => successfully finished
validated file "PTEN_30.pdb" => successfully finished
validated file "PTEN_31.pdb" => successfully finished
validated file "PTEN_32.pdb" => successfully finished
validated file "PTEN_33.pdb" => successfully finished
validated file "PTEN_34.pdb" => successfully finished
validated file "PTEN_35.pdb" => successfully finished
validated file "PTEN_36.pdb" => successfully finished
validated file "PTEN_37.pdb" => successfully finished
validated file "PTEN_38.pdb" => successfully finished
validated file "PTEN_39.pdb" => successfully finished
validated file "PTEN_40.pdb" => successfully finished
validated file "PTEN_41.pdb" => successfully finished
validated file "PTEN_42.pdb" => successfully finished
validated file "PTEN_43.pdb" => successfully finished
validated file "PTEN_44.pdb" => successfully finished
validated file "PTEN_45.pdb" => successfully finished
validated file "PTEN_46.pdb" => successfully finished
validated file "PTEN_47.pdb" => successfully finished
validated file "PTEN_48.pdb" => successfully finished
validated file "PTEN_49.pdb" => successfully finished
validated file "PTEN_50.pdb" => successfully finished
Cleaning BuildModel...DONE
任务 23 结果提取成功，已映射突变信息。
