   ********************************************
   ***                                      ***
   ***             FoldX 5.1 (c)            ***
   ***                                      ***
   ***     code by the FoldX Consortium     ***
   ***                                      ***
   ***     Jesper Borg, Frederic Rousseau   ***
   ***    Joost Schymkowitz, Luis Serrano   ***
   ***    Peter Vanhee, Erik Verschueren    ***
   ***     Lies Baeten, Javier Delgado      ***
   ***       and Francois Stricher          ***
   *** and any other of the 9! permutations ***
   ***   based on an original concept by    ***
   ***   Raphael Guerois and Luis Serrano   ***
   ********************************************

1 models read: PTEN.pdb
1 models read: PTEN.pdb

BackHbond       =               -227.30
SideHbond       =               -82.03
Energy_VdW      =               -403.58
Electro         =               -27.63
Energy_SolvP    =               559.36
Energy_SolvH    =               -526.04
Energy_vdwclash =               32.43
energy_torsion  =               8.76
backbone_vdwclash=              176.30
Entropy_sidec   =               210.75
Entropy_mainc   =               606.81
water bonds     =               0.00
helix dipole    =               -1.32
loop_entropy    =               0.00
cis_bond        =               0.00
disulfide       =               0.00
kn electrostatic=               0.00
partial covalent interactions = 0.00
Energy_Ionisation =             2.72
Entropy Complex =               0.00
-----------------------------------------------------------
Total          = 				  152.93


BackHbond       =               -227.30
SideHbond       =               -82.03
Energy_VdW      =               -403.58
Electro         =               -27.63
Energy_SolvP    =               559.36
Energy_SolvH    =               -526.04
Energy_vdwclash =               32.43
energy_torsion  =               8.76
backbone_vdwclash=              176.30
Entropy_sidec   =               210.75
Entropy_mainc   =               606.81
water bonds     =               0.00
helix dipole    =               -1.32
loop_entropy    =               0.00
cis_bond        =               0.00
disulfide       =               0.00
kn electrostatic=               0.00
partial covalent interactions = 0.00
Energy_Ionisation =             2.72
Entropy Complex =               0.00
-----------------------------------------------------------
Total          = 				  152.93

Starting BuildModel
Reading EA18N;
Reading EA18Q;
Reading EA18C;
Reading EA18G;
Reading EA18P;
Reading EA18R;
Reading EA18H;
Reading EA18K;
Reading EA18D;
Reading EA18E;
Reading DA19A;
Reading DA19V;
Reading DA19I;
Reading DA19L;
Reading DA19M;
Reading DA19F;
Reading DA19Y;
Reading DA19W;
Reading DA19S;
Reading DA19T;
Reading DA19N;
Reading DA19Q;
Reading DA19C;
Reading DA19G;
Reading DA19P;
Reading DA19R;
Reading DA19H;
Reading DA19K;
Reading DA19D;
Reading DA19E;
Reading GA20A;
Reading GA20V;
Reading GA20I;
Reading GA20L;
Reading GA20M;
Reading GA20F;
Reading GA20Y;
Reading GA20W;
Reading GA20S;
Reading GA20T;
Reading GA20N;
Reading GA20Q;
Reading GA20C;
Reading GA20G;
Reading GA20P;
Reading GA20R;
Reading GA20H;
Reading GA20K;
Reading GA20D;
Reading GA20E;
Residue to Mutate GLUA18 has residue index 17
Residue to Mutate GLUA18 has residue index 17
Residue to Mutate GLUA18 has residue index 17
Residue to Mutate GLUA18 has residue index 17
Residue to Mutate GLUA18 has residue index 17
Residue to Mutate GLUA18 has residue index 17
Residue to Mutate GLUA18 has residue index 17
Residue to Mutate GLUA18 has residue index 17
Residue to Mutate GLUA18 has residue index 17
Residue to Mutate GLUA18 has residue index 17
Residue to Mutate ASPA19 has residue index 18
Residue to Mutate ASPA19 has residue index 18
Residue to Mutate ASPA19 has residue index 18
Residue to Mutate ASPA19 has residue index 18
Residue to Mutate ASPA19 has residue index 18
Residue to Mutate ASPA19 has residue index 18
Residue to Mutate ASPA19 has residue index 18
Residue to Mutate ASPA19 has residue index 18
Residue to Mutate ASPA19 has residue index 18
Residue to Mutate ASPA19 has residue index 18
Residue to Mutate ASPA19 has residue index 18
Residue to Mutate ASPA19 has residue index 18
Residue to Mutate ASPA19 has residue index 18
Residue to Mutate ASPA19 has residue index 18
Residue to Mutate ASPA19 has residue index 18
Residue to Mutate ASPA19 has residue index 18
Residue to Mutate ASPA19 has residue index 18
Residue to Mutate ASPA19 has residue index 18
Residue to Mutate ASPA19 has residue index 18
Residue to Mutate ASPA19 has residue index 18
Residue to Mutate GLYA20 has residue index 19
Residue to Mutate GLYA20 has residue index 19
Residue to Mutate GLYA20 has residue index 19
Residue to Mutate GLYA20 has residue index 19
Residue to Mutate GLYA20 has residue index 19
Residue to Mutate GLYA20 has residue index 19
Residue to Mutate GLYA20 has residue index 19
Residue to Mutate GLYA20 has residue index 19
Residue to Mutate GLYA20 has residue index 19
Residue to Mutate GLYA20 has residue index 19
Residue to Mutate GLYA20 has residue index 19
Residue to Mutate GLYA20 has residue index 19
Residue to Mutate GLYA20 has residue index 19
Residue to Mutate GLYA20 has residue index 19
Residue to Mutate GLYA20 has residue index 19
Residue to Mutate GLYA20 has residue index 19
Residue to Mutate GLYA20 has residue index 19
Residue to Mutate GLYA20 has residue index 19
Residue to Mutate GLYA20 has residue index 19
Residue to Mutate GLYA20 has residue index 19
Mutating residue = GLUA18 into ASN
Mutating residue = GLUA18 into GLN
Mutating residue = GLUA18 into CYS
Mutating residue = GLUA18 into GLY
Mutating residue = GLUA18 into PRO
Mutating residue = GLUA18 into ARG
Mutating residue = GLUA18 into HIS
Mutating residue = GLUA18 into LYS
Mutating residue = GLUA18 into ASP
Mutating residue = GLUA18 into GLU
Mutating residue = ASPA19 into ALA
Mutating residue = ASPA19 into VAL
Mutating residue = ASPA19 into ILE
Mutating residue = ASPA19 into LEU
Mutating residue = ASPA19 into MET
Mutating residue = ASPA19 into PHE
Mutating residue = ASPA19 into TYR
Mutating residue = ASPA19 into TRP
Mutating residue = ASPA19 into SER
Mutating residue = ASPA19 into THR
Mutating residue = ASPA19 into ASN
Mutating residue = ASPA19 into GLN
Mutating residue = ASPA19 into CYS
Mutating residue = ASPA19 into GLY
Mutating residue = ASPA19 into PRO
Mutating residue = ASPA19 into ARG
Mutating residue = ASPA19 into HIS
Mutating residue = ASPA19 into LYS
Mutating residue = ASPA19 into ASP
Mutating residue = ASPA19 into GLU
Mutating residue = GLYA20 into ALA
Mutating residue = GLYA20 into VAL
Mutating residue = GLYA20 into ILE
Mutating residue = GLYA20 into LEU
Mutating residue = GLYA20 into MET
Mutating residue = GLYA20 into PHE
Mutating residue = GLYA20 into TYR
Mutating residue = GLYA20 into TRP
Mutating residue = GLYA20 into SER
Mutating residue = GLYA20 into THR
Mutating residue = GLYA20 into ASN
Mutating residue = GLYA20 into GLN
Mutating residue = GLYA20 into CYS
Mutating residue = GLYA20 into GLY
Mutating residue = GLYA20 into PRO
Mutating residue = GLYA20 into ARG
Mutating residue = GLYA20 into HIS
Mutating residue = GLYA20 into LYS
Mutating residue = GLYA20 into ASP
Mutating residue = GLYA20 into GLU
Your file run OK
End time of FoldX: Sat May  9 16:22:15 2026
Total time spend: 303.07 seconds.
validated file "PTEN_1.pdb" => successfully finished
validated file "PTEN_2.pdb" => successfully finished
validated file "PTEN_3.pdb" => successfully finished
validated file "PTEN_4.pdb" => successfully finished
validated file "PTEN_5.pdb" => successfully finished
validated file "PTEN_6.pdb" => successfully finished
validated file "PTEN_7.pdb" => successfully finished
validated file "PTEN_8.pdb" => successfully finished
validated file "PTEN_9.pdb" => successfully finished
validated file "PTEN_10.pdb" => successfully finished
validated file "PTEN_11.pdb" => successfully finished
validated file "PTEN_12.pdb" => successfully finished
validated file "PTEN_13.pdb" => successfully finished
validated file "PTEN_14.pdb" => successfully finished
validated file "PTEN_15.pdb" => successfully finished
validated file "PTEN_16.pdb" => successfully finished
validated file "PTEN_17.pdb" => successfully finished
validated file "PTEN_18.pdb" => successfully finished
validated file "PTEN_19.pdb" => successfully finished
validated file "PTEN_20.pdb" => successfully finished
validated file "PTEN_21.pdb" => successfully finished
validated file "PTEN_22.pdb" => successfully finished
validated file "PTEN_23.pdb" => successfully finished
validated file "PTEN_24.pdb" => successfully finished
validated file "PTEN_25.pdb" => successfully finished
validated file "PTEN_26.pdb" => successfully finished
validated file "PTEN_27.pdb" => successfully finished
validated file "PTEN_28.pdb" => successfully finished
validated file "PTEN_29.pdb" => successfully finished
validated file "PTEN_30.pdb" => successfully finished
validated file "PTEN_31.pdb" => successfully finished
validated file "PTEN_32.pdb" => successfully finished
validated file "PTEN_33.pdb" => successfully finished
validated file "PTEN_34.pdb" => successfully finished
validated file "PTEN_35.pdb" => successfully finished
validated file "PTEN_36.pdb" => successfully finished
validated file "PTEN_37.pdb" => successfully finished
validated file "PTEN_38.pdb" => successfully finished
validated file "PTEN_39.pdb" => successfully finished
validated file "PTEN_40.pdb" => successfully finished
validated file "PTEN_41.pdb" => successfully finished
validated file "PTEN_42.pdb" => successfully finished
validated file "PTEN_43.pdb" => successfully finished
validated file "PTEN_44.pdb" => successfully finished
validated file "PTEN_45.pdb" => successfully finished
validated file "PTEN_46.pdb" => successfully finished
validated file "PTEN_47.pdb" => successfully finished
validated file "PTEN_48.pdb" => successfully finished
validated file "PTEN_49.pdb" => successfully finished
validated file "PTEN_50.pdb" => successfully finished
Cleaning BuildModel...DONE
任务 8 结果提取成功，已映射突变信息。
