   ********************************************
   ***                                      ***
   ***             FoldX 5.1 (c)            ***
   ***                                      ***
   ***     code by the FoldX Consortium     ***
   ***                                      ***
   ***     Jesper Borg, Frederic Rousseau   ***
   ***    Joost Schymkowitz, Luis Serrano   ***
   ***    Peter Vanhee, Erik Verschueren    ***
   ***     Lies Baeten, Javier Delgado      ***
   ***       and Francois Stricher          ***
   *** and any other of the 9! permutations ***
   ***   based on an original concept by    ***
   ***   Raphael Guerois and Luis Serrano   ***
   ********************************************

1 models read: PTEN.pdb
1 models read: PTEN.pdb

BackHbond       =               -227.30
SideHbond       =               -82.03
Energy_VdW      =               -403.58
Electro         =               -27.63
Energy_SolvP    =               559.36
Energy_SolvH    =               -526.04
Energy_vdwclash =               32.43
energy_torsion  =               8.76
backbone_vdwclash=              176.30
Entropy_sidec   =               210.75
Entropy_mainc   =               606.81
water bonds     =               0.00
helix dipole    =               -1.32
loop_entropy    =               0.00
cis_bond        =               0.00
disulfide       =               0.00
kn electrostatic=               0.00
partial covalent interactions = 0.00
Energy_Ionisation =             2.72
Entropy Complex =               0.00
-----------------------------------------------------------
Total          = 				  152.93


BackHbond       =               -227.30
SideHbond       =               -82.03
Energy_VdW      =               -403.58
Electro         =               -27.63
Energy_SolvP    =               559.36
Energy_SolvH    =               -526.04
Energy_vdwclash =               32.43
energy_torsion  =               8.76
backbone_vdwclash=              176.30
Entropy_sidec   =               210.75
Entropy_mainc   =               606.81
water bonds     =               0.00
helix dipole    =               -1.32
loop_entropy    =               0.00
cis_bond        =               0.00
disulfide       =               0.00
kn electrostatic=               0.00
partial covalent interactions = 0.00
Energy_Ionisation =             2.72
Entropy Complex =               0.00
-----------------------------------------------------------
Total          = 				  152.93

Starting BuildModel
Reading RA308N;
Reading RA308Q;
Reading RA308C;
Reading RA308G;
Reading RA308P;
Reading RA308R;
Reading RA308H;
Reading RA308K;
Reading RA308D;
Reading RA308E;
Reading AA309A;
Reading AA309V;
Reading AA309I;
Reading AA309L;
Reading AA309M;
Reading AA309F;
Reading AA309Y;
Reading AA309W;
Reading AA309S;
Reading AA309T;
Reading AA309N;
Reading AA309Q;
Reading AA309C;
Reading AA309G;
Reading AA309P;
Reading AA309R;
Reading AA309H;
Reading AA309K;
Reading AA309D;
Reading AA309E;
Reading DA310A;
Reading DA310V;
Reading DA310I;
Reading DA310L;
Reading DA310M;
Reading DA310F;
Reading DA310Y;
Reading DA310W;
Reading DA310S;
Reading DA310T;
Reading DA310N;
Reading DA310Q;
Reading DA310C;
Reading DA310G;
Reading DA310P;
Reading DA310R;
Reading DA310H;
Reading DA310K;
Reading DA310D;
Reading DA310E;
Residue to Mutate ARGA308 has residue index 307
Residue to Mutate ARGA308 has residue index 307
Residue to Mutate ARGA308 has residue index 307
Residue to Mutate ARGA308 has residue index 307
Residue to Mutate ARGA308 has residue index 307
Residue to Mutate ARGA308 has residue index 307
Residue to Mutate ARGA308 has residue index 307
Residue to Mutate ARGA308 has residue index 307
Residue to Mutate ARGA308 has residue index 307
Residue to Mutate ARGA308 has residue index 307
Residue to Mutate ALAA309 has residue index 308
Residue to Mutate ALAA309 has residue index 308
Residue to Mutate ALAA309 has residue index 308
Residue to Mutate ALAA309 has residue index 308
Residue to Mutate ALAA309 has residue index 308
Residue to Mutate ALAA309 has residue index 308
Residue to Mutate ALAA309 has residue index 308
Residue to Mutate ALAA309 has residue index 308
Residue to Mutate ALAA309 has residue index 308
Residue to Mutate ALAA309 has residue index 308
Residue to Mutate ALAA309 has residue index 308
Residue to Mutate ALAA309 has residue index 308
Residue to Mutate ALAA309 has residue index 308
Residue to Mutate ALAA309 has residue index 308
Residue to Mutate ALAA309 has residue index 308
Residue to Mutate ALAA309 has residue index 308
Residue to Mutate ALAA309 has residue index 308
Residue to Mutate ALAA309 has residue index 308
Residue to Mutate ALAA309 has residue index 308
Residue to Mutate ALAA309 has residue index 308
Residue to Mutate ASPA310 has residue index 309
Residue to Mutate ASPA310 has residue index 309
Residue to Mutate ASPA310 has residue index 309
Residue to Mutate ASPA310 has residue index 309
Residue to Mutate ASPA310 has residue index 309
Residue to Mutate ASPA310 has residue index 309
Residue to Mutate ASPA310 has residue index 309
Residue to Mutate ASPA310 has residue index 309
Residue to Mutate ASPA310 has residue index 309
Residue to Mutate ASPA310 has residue index 309
Residue to Mutate ASPA310 has residue index 309
Residue to Mutate ASPA310 has residue index 309
Residue to Mutate ASPA310 has residue index 309
Residue to Mutate ASPA310 has residue index 309
Residue to Mutate ASPA310 has residue index 309
Residue to Mutate ASPA310 has residue index 309
Residue to Mutate ASPA310 has residue index 309
Residue to Mutate ASPA310 has residue index 309
Residue to Mutate ASPA310 has residue index 309
Residue to Mutate ASPA310 has residue index 309
Mutating residue = ARGA308 into ASN
Mutating residue = ARGA308 into GLN
Mutating residue = ARGA308 into CYS
Mutating residue = ARGA308 into GLY
Mutating residue = ARGA308 into PRO
Mutating residue = ARGA308 into ARG
Mutating residue = ARGA308 into HIS
Mutating residue = ARGA308 into LYS
Mutating residue = ARGA308 into ASP
Mutating residue = ARGA308 into GLU
Mutating residue = ALAA309 into ALA
Mutating residue = ALAA309 into VAL
Mutating residue = ALAA309 into ILE
Mutating residue = ALAA309 into LEU
Mutating residue = ALAA309 into MET
Mutating residue = ALAA309 into PHE
Mutating residue = ALAA309 into TYR
Mutating residue = ALAA309 into TRP
Mutating residue = ALAA309 into SER
Mutating residue = ALAA309 into THR
Mutating residue = ALAA309 into ASN
Mutating residue = ALAA309 into GLN
Mutating residue = ALAA309 into CYS
Mutating residue = ALAA309 into GLY
Mutating residue = ALAA309 into PRO
Mutating residue = ALAA309 into ARG
Mutating residue = ALAA309 into HIS
Mutating residue = ALAA309 into LYS
Mutating residue = ALAA309 into ASP
Mutating residue = ALAA309 into GLU
Mutating residue = ASPA310 into ALA
Mutating residue = ASPA310 into VAL
Mutating residue = ASPA310 into ILE
Mutating residue = ASPA310 into LEU
Mutating residue = ASPA310 into MET
Mutating residue = ASPA310 into PHE
Mutating residue = ASPA310 into TYR
Mutating residue = ASPA310 into TRP
Mutating residue = ASPA310 into SER
Mutating residue = ASPA310 into THR
Mutating residue = ASPA310 into ASN
Mutating residue = ASPA310 into GLN
Mutating residue = ASPA310 into CYS
Mutating residue = ASPA310 into GLY
Mutating residue = ASPA310 into PRO
Mutating residue = ASPA310 into ARG
Mutating residue = ASPA310 into HIS
Mutating residue = ASPA310 into LYS
Mutating residue = ASPA310 into ASP
Mutating residue = ASPA310 into GLU
Your file run OK
End time of FoldX: Sat May  9 16:25:10 2026
Total time spend: 475.43 seconds.
validated file "PTEN_1.pdb" => successfully finished
validated file "PTEN_2.pdb" => successfully finished
validated file "PTEN_3.pdb" => successfully finished
validated file "PTEN_4.pdb" => successfully finished
validated file "PTEN_5.pdb" => successfully finished
validated file "PTEN_6.pdb" => successfully finished
validated file "PTEN_7.pdb" => successfully finished
validated file "PTEN_8.pdb" => successfully finished
validated file "PTEN_9.pdb" => successfully finished
validated file "PTEN_10.pdb" => successfully finished
validated file "PTEN_11.pdb" => successfully finished
validated file "PTEN_12.pdb" => successfully finished
validated file "PTEN_13.pdb" => successfully finished
validated file "PTEN_14.pdb" => successfully finished
validated file "PTEN_15.pdb" => successfully finished
validated file "PTEN_16.pdb" => successfully finished
validated file "PTEN_17.pdb" => successfully finished
validated file "PTEN_18.pdb" => successfully finished
validated file "PTEN_19.pdb" => successfully finished
validated file "PTEN_20.pdb" => successfully finished
validated file "PTEN_21.pdb" => successfully finished
validated file "PTEN_22.pdb" => successfully finished
validated file "PTEN_23.pdb" => successfully finished
validated file "PTEN_24.pdb" => successfully finished
validated file "PTEN_25.pdb" => successfully finished
validated file "PTEN_26.pdb" => successfully finished
validated file "PTEN_27.pdb" => successfully finished
validated file "PTEN_28.pdb" => successfully finished
validated file "PTEN_29.pdb" => successfully finished
validated file "PTEN_30.pdb" => successfully finished
validated file "PTEN_31.pdb" => successfully finished
validated file "PTEN_32.pdb" => successfully finished
validated file "PTEN_33.pdb" => successfully finished
validated file "PTEN_34.pdb" => successfully finished
validated file "PTEN_35.pdb" => successfully finished
validated file "PTEN_36.pdb" => successfully finished
validated file "PTEN_37.pdb" => successfully finished
validated file "PTEN_38.pdb" => successfully finished
validated file "PTEN_39.pdb" => successfully finished
validated file "PTEN_40.pdb" => successfully finished
validated file "PTEN_41.pdb" => successfully finished
validated file "PTEN_42.pdb" => successfully finished
validated file "PTEN_43.pdb" => successfully finished
validated file "PTEN_44.pdb" => successfully finished
validated file "PTEN_45.pdb" => successfully finished
validated file "PTEN_46.pdb" => successfully finished
validated file "PTEN_47.pdb" => successfully finished
validated file "PTEN_48.pdb" => successfully finished
validated file "PTEN_49.pdb" => successfully finished
validated file "PTEN_50.pdb" => successfully finished
Cleaning BuildModel...DONE
任务 124 结果提取成功，已映射突变信息。
