   ********************************************
   ***                                      ***
   ***             FoldX 5.1 (c)            ***
   ***                                      ***
   ***     code by the FoldX Consortium     ***
   ***                                      ***
   ***     Jesper Borg, Frederic Rousseau   ***
   ***    Joost Schymkowitz, Luis Serrano   ***
   ***    Peter Vanhee, Erik Verschueren    ***
   ***     Lies Baeten, Javier Delgado      ***
   ***       and Francois Stricher          ***
   *** and any other of the 9! permutations ***
   ***   based on an original concept by    ***
   ***   Raphael Guerois and Luis Serrano   ***
   ********************************************

1 models read: PTEN.pdb
1 models read: PTEN.pdb

BackHbond       =               -227.30
SideHbond       =               -82.03
Energy_VdW      =               -403.58
Electro         =               -27.63
Energy_SolvP    =               559.36
Energy_SolvH    =               -526.04
Energy_vdwclash =               32.43
energy_torsion  =               8.76
backbone_vdwclash=              176.30
Entropy_sidec   =               210.75
Entropy_mainc   =               606.81
water bonds     =               0.00
helix dipole    =               -1.32
loop_entropy    =               0.00
cis_bond        =               0.00
disulfide       =               0.00
kn electrostatic=               0.00
partial covalent interactions = 0.00
Energy_Ionisation =             2.72
Entropy Complex =               0.00
-----------------------------------------------------------
Total          = 				  152.93


BackHbond       =               -227.30
SideHbond       =               -82.03
Energy_VdW      =               -403.58
Electro         =               -27.63
Energy_SolvP    =               559.36
Energy_SolvH    =               -526.04
Energy_vdwclash =               32.43
energy_torsion  =               8.76
backbone_vdwclash=              176.30
Entropy_sidec   =               210.75
Entropy_mainc   =               606.81
water bonds     =               0.00
helix dipole    =               -1.32
loop_entropy    =               0.00
cis_bond        =               0.00
disulfide       =               0.00
kn electrostatic=               0.00
partial covalent interactions = 0.00
Energy_Ionisation =             2.72
Entropy Complex =               0.00
-----------------------------------------------------------
Total          = 				  152.93

Starting BuildModel
Reading LA181A;
Reading LA181V;
Reading LA181I;
Reading LA181L;
Reading LA181M;
Reading LA181F;
Reading LA181Y;
Reading LA181W;
Reading LA181S;
Reading LA181T;
Reading LA181N;
Reading LA181Q;
Reading LA181C;
Reading LA181G;
Reading LA181P;
Reading LA181R;
Reading LA181H;
Reading LA181K;
Reading LA181D;
Reading LA181E;
Reading LA182A;
Reading LA182V;
Reading LA182I;
Reading LA182L;
Reading LA182M;
Reading LA182F;
Reading LA182Y;
Reading LA182W;
Reading LA182S;
Reading LA182T;
Reading LA182N;
Reading LA182Q;
Reading LA182C;
Reading LA182G;
Reading LA182P;
Reading LA182R;
Reading LA182H;
Reading LA182K;
Reading LA182D;
Reading LA182E;
Reading KA183A;
Reading KA183V;
Reading KA183I;
Reading KA183L;
Reading KA183M;
Reading KA183F;
Reading KA183Y;
Reading KA183W;
Reading KA183S;
Reading KA183T;
Residue to Mutate LEUA181 has residue index 180
Residue to Mutate LEUA181 has residue index 180
Residue to Mutate LEUA181 has residue index 180
Residue to Mutate LEUA181 has residue index 180
Residue to Mutate LEUA181 has residue index 180
Residue to Mutate LEUA181 has residue index 180
Residue to Mutate LEUA181 has residue index 180
Residue to Mutate LEUA181 has residue index 180
Residue to Mutate LEUA181 has residue index 180
Residue to Mutate LEUA181 has residue index 180
Residue to Mutate LEUA181 has residue index 180
Residue to Mutate LEUA181 has residue index 180
Residue to Mutate LEUA181 has residue index 180
Residue to Mutate LEUA181 has residue index 180
Residue to Mutate LEUA181 has residue index 180
Residue to Mutate LEUA181 has residue index 180
Residue to Mutate LEUA181 has residue index 180
Residue to Mutate LEUA181 has residue index 180
Residue to Mutate LEUA181 has residue index 180
Residue to Mutate LEUA181 has residue index 180
Residue to Mutate LEUA182 has residue index 181
Residue to Mutate LEUA182 has residue index 181
Residue to Mutate LEUA182 has residue index 181
Residue to Mutate LEUA182 has residue index 181
Residue to Mutate LEUA182 has residue index 181
Residue to Mutate LEUA182 has residue index 181
Residue to Mutate LEUA182 has residue index 181
Residue to Mutate LEUA182 has residue index 181
Residue to Mutate LEUA182 has residue index 181
Residue to Mutate LEUA182 has residue index 181
Residue to Mutate LEUA182 has residue index 181
Residue to Mutate LEUA182 has residue index 181
Residue to Mutate LEUA182 has residue index 181
Residue to Mutate LEUA182 has residue index 181
Residue to Mutate LEUA182 has residue index 181
Residue to Mutate LEUA182 has residue index 181
Residue to Mutate LEUA182 has residue index 181
Residue to Mutate LEUA182 has residue index 181
Residue to Mutate LEUA182 has residue index 181
Residue to Mutate LEUA182 has residue index 181
Residue to Mutate LYSA183 has residue index 182
Residue to Mutate LYSA183 has residue index 182
Residue to Mutate LYSA183 has residue index 182
Residue to Mutate LYSA183 has residue index 182
Residue to Mutate LYSA183 has residue index 182
Residue to Mutate LYSA183 has residue index 182
Residue to Mutate LYSA183 has residue index 182
Residue to Mutate LYSA183 has residue index 182
Residue to Mutate LYSA183 has residue index 182
Residue to Mutate LYSA183 has residue index 182
Mutating residue = LEUA181 into ALA
Mutating residue = LEUA181 into VAL
Mutating residue = LEUA181 into ILE
Mutating residue = LEUA181 into LEU
Mutating residue = LEUA181 into MET
Mutating residue = LEUA181 into PHE
Mutating residue = LEUA181 into TYR
Mutating residue = LEUA181 into TRP
Mutating residue = LEUA181 into SER
Mutating residue = LEUA181 into THR
Mutating residue = LEUA181 into ASN
Mutating residue = LEUA181 into GLN
Mutating residue = LEUA181 into CYS
Mutating residue = LEUA181 into GLY
Mutating residue = LEUA181 into PRO
Mutating residue = LEUA181 into ARG
Mutating residue = LEUA181 into HIS
Mutating residue = LEUA181 into LYS
Mutating residue = LEUA181 into ASP
Mutating residue = LEUA181 into GLU
Mutating residue = LEUA182 into ALA
Mutating residue = LEUA182 into VAL
Mutating residue = LEUA182 into ILE
Mutating residue = LEUA182 into LEU
Mutating residue = LEUA182 into MET
Mutating residue = LEUA182 into PHE
Mutating residue = LEUA182 into TYR
Mutating residue = LEUA182 into TRP
Mutating residue = LEUA182 into SER
Mutating residue = LEUA182 into THR
Mutating residue = LEUA182 into ASN
Mutating residue = LEUA182 into GLN
Mutating residue = LEUA182 into CYS
Mutating residue = LEUA182 into GLY
Mutating residue = LEUA182 into PRO
Mutating residue = LEUA182 into ARG
Mutating residue = LEUA182 into HIS
Mutating residue = LEUA182 into LYS
Mutating residue = LEUA182 into ASP
Mutating residue = LEUA182 into GLU
Mutating residue = LYSA183 into ALA
Mutating residue = LYSA183 into VAL
Mutating residue = LYSA183 into ILE
Mutating residue = LYSA183 into LEU
Mutating residue = LYSA183 into MET
Mutating residue = LYSA183 into PHE
Mutating residue = LYSA183 into TYR
Mutating residue = LYSA183 into TRP
Mutating residue = LYSA183 into SER
Mutating residue = LYSA183 into THR
Your file run OK
End time of FoldX: Sat May  9 16:31:02 2026
Total time spend: 827.36 seconds.
validated file "PTEN_1.pdb" => successfully finished
validated file "PTEN_2.pdb" => successfully finished
validated file "PTEN_3.pdb" => successfully finished
validated file "PTEN_4.pdb" => successfully finished
validated file "PTEN_5.pdb" => successfully finished
validated file "PTEN_6.pdb" => successfully finished
validated file "PTEN_7.pdb" => successfully finished
validated file "PTEN_8.pdb" => successfully finished
validated file "PTEN_9.pdb" => successfully finished
validated file "PTEN_10.pdb" => successfully finished
validated file "PTEN_11.pdb" => successfully finished
validated file "PTEN_12.pdb" => successfully finished
validated file "PTEN_13.pdb" => successfully finished
validated file "PTEN_14.pdb" => successfully finished
validated file "PTEN_15.pdb" => successfully finished
validated file "PTEN_16.pdb" => successfully finished
validated file "PTEN_17.pdb" => successfully finished
validated file "PTEN_18.pdb" => successfully finished
validated file "PTEN_19.pdb" => successfully finished
validated file "PTEN_20.pdb" => successfully finished
validated file "PTEN_21.pdb" => successfully finished
validated file "PTEN_22.pdb" => successfully finished
validated file "PTEN_23.pdb" => successfully finished
validated file "PTEN_24.pdb" => successfully finished
validated file "PTEN_25.pdb" => successfully finished
validated file "PTEN_26.pdb" => successfully finished
validated file "PTEN_27.pdb" => successfully finished
validated file "PTEN_28.pdb" => successfully finished
validated file "PTEN_29.pdb" => successfully finished
validated file "PTEN_30.pdb" => successfully finished
validated file "PTEN_31.pdb" => successfully finished
validated file "PTEN_32.pdb" => successfully finished
validated file "PTEN_33.pdb" => successfully finished
validated file "PTEN_34.pdb" => successfully finished
validated file "PTEN_35.pdb" => successfully finished
validated file "PTEN_36.pdb" => successfully finished
validated file "PTEN_37.pdb" => successfully finished
validated file "PTEN_38.pdb" => successfully finished
validated file "PTEN_39.pdb" => successfully finished
validated file "PTEN_40.pdb" => successfully finished
validated file "PTEN_41.pdb" => successfully finished
validated file "PTEN_42.pdb" => successfully finished
validated file "PTEN_43.pdb" => successfully finished
validated file "PTEN_44.pdb" => successfully finished
validated file "PTEN_45.pdb" => successfully finished
validated file "PTEN_46.pdb" => successfully finished
validated file "PTEN_47.pdb" => successfully finished
validated file "PTEN_48.pdb" => successfully finished
validated file "PTEN_49.pdb" => successfully finished
validated file "PTEN_50.pdb" => successfully finished
Cleaning BuildModel...DONE
任务 73 结果提取成功，已映射突变信息。
