   ********************************************
   ***                                      ***
   ***             FoldX 5.1 (c)            ***
   ***                                      ***
   ***     code by the FoldX Consortium     ***
   ***                                      ***
   ***     Jesper Borg, Frederic Rousseau   ***
   ***    Joost Schymkowitz, Luis Serrano   ***
   ***    Peter Vanhee, Erik Verschueren    ***
   ***     Lies Baeten, Javier Delgado      ***
   ***       and Francois Stricher          ***
   *** and any other of the 9! permutations ***
   ***   based on an original concept by    ***
   ***   Raphael Guerois and Luis Serrano   ***
   ********************************************

1 models read: PTEN.pdb
1 models read: PTEN.pdb

BackHbond       =               -227.30
SideHbond       =               -82.03
Energy_VdW      =               -403.58
Electro         =               -27.63
Energy_SolvP    =               559.36
Energy_SolvH    =               -526.04
Energy_vdwclash =               32.43
energy_torsion  =               8.76
backbone_vdwclash=              176.30
Entropy_sidec   =               210.75
Entropy_mainc   =               606.81
water bonds     =               0.00
helix dipole    =               -1.32
loop_entropy    =               0.00
cis_bond        =               0.00
disulfide       =               0.00
kn electrostatic=               0.00
partial covalent interactions = 0.00
Energy_Ionisation =             2.72
Entropy Complex =               0.00
-----------------------------------------------------------
Total          = 				  152.93


BackHbond       =               -227.30
SideHbond       =               -82.03
Energy_VdW      =               -403.58
Electro         =               -27.63
Energy_SolvP    =               559.36
Energy_SolvH    =               -526.04
Energy_vdwclash =               32.43
energy_torsion  =               8.76
backbone_vdwclash=              176.30
Entropy_sidec   =               210.75
Entropy_mainc   =               606.81
water bonds     =               0.00
helix dipole    =               -1.32
loop_entropy    =               0.00
cis_bond        =               0.00
disulfide       =               0.00
kn electrostatic=               0.00
partial covalent interactions = 0.00
Energy_Ionisation =             2.72
Entropy Complex =               0.00
-----------------------------------------------------------
Total          = 				  152.93

Starting BuildModel
Reading DA371A;
Reading DA371V;
Reading DA371I;
Reading DA371L;
Reading DA371M;
Reading DA371F;
Reading DA371Y;
Reading DA371W;
Reading DA371S;
Reading DA371T;
Reading DA371N;
Reading DA371Q;
Reading DA371C;
Reading DA371G;
Reading DA371P;
Reading DA371R;
Reading DA371H;
Reading DA371K;
Reading DA371D;
Reading DA371E;
Reading NA372A;
Reading NA372V;
Reading NA372I;
Reading NA372L;
Reading NA372M;
Reading NA372F;
Reading NA372Y;
Reading NA372W;
Reading NA372S;
Reading NA372T;
Reading NA372N;
Reading NA372Q;
Reading NA372C;
Reading NA372G;
Reading NA372P;
Reading NA372R;
Reading NA372H;
Reading NA372K;
Reading NA372D;
Reading NA372E;
Reading EA373A;
Reading EA373V;
Reading EA373I;
Reading EA373L;
Reading EA373M;
Reading EA373F;
Reading EA373Y;
Reading EA373W;
Reading EA373S;
Reading EA373T;
Residue to Mutate ASPA371 has residue index 370
Residue to Mutate ASPA371 has residue index 370
Residue to Mutate ASPA371 has residue index 370
Residue to Mutate ASPA371 has residue index 370
Residue to Mutate ASPA371 has residue index 370
Residue to Mutate ASPA371 has residue index 370
Residue to Mutate ASPA371 has residue index 370
Residue to Mutate ASPA371 has residue index 370
Residue to Mutate ASPA371 has residue index 370
Residue to Mutate ASPA371 has residue index 370
Residue to Mutate ASPA371 has residue index 370
Residue to Mutate ASPA371 has residue index 370
Residue to Mutate ASPA371 has residue index 370
Residue to Mutate ASPA371 has residue index 370
Residue to Mutate ASPA371 has residue index 370
Residue to Mutate ASPA371 has residue index 370
Residue to Mutate ASPA371 has residue index 370
Residue to Mutate ASPA371 has residue index 370
Residue to Mutate ASPA371 has residue index 370
Residue to Mutate ASPA371 has residue index 370
Residue to Mutate ASNA372 has residue index 371
Residue to Mutate ASNA372 has residue index 371
Residue to Mutate ASNA372 has residue index 371
Residue to Mutate ASNA372 has residue index 371
Residue to Mutate ASNA372 has residue index 371
Residue to Mutate ASNA372 has residue index 371
Residue to Mutate ASNA372 has residue index 371
Residue to Mutate ASNA372 has residue index 371
Residue to Mutate ASNA372 has residue index 371
Residue to Mutate ASNA372 has residue index 371
Residue to Mutate ASNA372 has residue index 371
Residue to Mutate ASNA372 has residue index 371
Residue to Mutate ASNA372 has residue index 371
Residue to Mutate ASNA372 has residue index 371
Residue to Mutate ASNA372 has residue index 371
Residue to Mutate ASNA372 has residue index 371
Residue to Mutate ASNA372 has residue index 371
Residue to Mutate ASNA372 has residue index 371
Residue to Mutate ASNA372 has residue index 371
Residue to Mutate ASNA372 has residue index 371
Residue to Mutate GLUA373 has residue index 372
Residue to Mutate GLUA373 has residue index 372
Residue to Mutate GLUA373 has residue index 372
Residue to Mutate GLUA373 has residue index 372
Residue to Mutate GLUA373 has residue index 372
Residue to Mutate GLUA373 has residue index 372
Residue to Mutate GLUA373 has residue index 372
Residue to Mutate GLUA373 has residue index 372
Residue to Mutate GLUA373 has residue index 372
Residue to Mutate GLUA373 has residue index 372
Mutating residue = ASPA371 into ALA
Mutating residue = ASPA371 into VAL
Mutating residue = ASPA371 into ILE
Mutating residue = ASPA371 into LEU
Mutating residue = ASPA371 into MET
Mutating residue = ASPA371 into PHE
Mutating residue = ASPA371 into TYR
Mutating residue = ASPA371 into TRP
Mutating residue = ASPA371 into SER
Mutating residue = ASPA371 into THR
Mutating residue = ASPA371 into ASN
Mutating residue = ASPA371 into GLN
Mutating residue = ASPA371 into CYS
Mutating residue = ASPA371 into GLY
Mutating residue = ASPA371 into PRO
Mutating residue = ASPA371 into ARG
Mutating residue = ASPA371 into HIS
Mutating residue = ASPA371 into LYS
Mutating residue = ASPA371 into ASP
Mutating residue = ASPA371 into GLU
Mutating residue = ASNA372 into ALA
Mutating residue = ASNA372 into VAL
Mutating residue = ASNA372 into ILE
Mutating residue = ASNA372 into LEU
Mutating residue = ASNA372 into MET
Mutating residue = ASNA372 into PHE
Mutating residue = ASNA372 into TYR
Mutating residue = ASNA372 into TRP
Mutating residue = ASNA372 into SER
Mutating residue = ASNA372 into THR
Mutating residue = ASNA372 into ASN
Mutating residue = ASNA372 into GLN
Mutating residue = ASNA372 into CYS
Mutating residue = ASNA372 into GLY
Mutating residue = ASNA372 into PRO
Mutating residue = ASNA372 into ARG
Mutating residue = ASNA372 into HIS
Mutating residue = ASNA372 into LYS
Mutating residue = ASNA372 into ASP
Mutating residue = ASNA372 into GLU
Mutating residue = GLUA373 into ALA
Mutating residue = GLUA373 into VAL
Mutating residue = GLUA373 into ILE
Mutating residue = GLUA373 into LEU
Mutating residue = GLUA373 into MET
Mutating residue = GLUA373 into PHE
Mutating residue = GLUA373 into TYR
Mutating residue = GLUA373 into TRP
Mutating residue = GLUA373 into SER
Mutating residue = GLUA373 into THR
Your file run OK
End time of FoldX: Sat May  9 16:18:39 2026
Total time spend: 84.21 seconds.
validated file "PTEN_1.pdb" => successfully finished
validated file "PTEN_2.pdb" => successfully finished
validated file "PTEN_3.pdb" => successfully finished
validated file "PTEN_4.pdb" => successfully finished
validated file "PTEN_5.pdb" => successfully finished
validated file "PTEN_6.pdb" => successfully finished
validated file "PTEN_7.pdb" => successfully finished
validated file "PTEN_8.pdb" => successfully finished
validated file "PTEN_9.pdb" => successfully finished
validated file "PTEN_10.pdb" => successfully finished
validated file "PTEN_11.pdb" => successfully finished
validated file "PTEN_12.pdb" => successfully finished
validated file "PTEN_13.pdb" => successfully finished
validated file "PTEN_14.pdb" => successfully finished
validated file "PTEN_15.pdb" => successfully finished
validated file "PTEN_16.pdb" => successfully finished
validated file "PTEN_17.pdb" => successfully finished
validated file "PTEN_18.pdb" => successfully finished
validated file "PTEN_19.pdb" => successfully finished
validated file "PTEN_20.pdb" => successfully finished
validated file "PTEN_21.pdb" => successfully finished
validated file "PTEN_22.pdb" => successfully finished
validated file "PTEN_23.pdb" => successfully finished
validated file "PTEN_24.pdb" => successfully finished
validated file "PTEN_25.pdb" => successfully finished
validated file "PTEN_26.pdb" => successfully finished
validated file "PTEN_27.pdb" => successfully finished
validated file "PTEN_28.pdb" => successfully finished
validated file "PTEN_29.pdb" => successfully finished
validated file "PTEN_30.pdb" => successfully finished
validated file "PTEN_31.pdb" => successfully finished
validated file "PTEN_32.pdb" => successfully finished
validated file "PTEN_33.pdb" => successfully finished
validated file "PTEN_34.pdb" => successfully finished
validated file "PTEN_35.pdb" => successfully finished
validated file "PTEN_36.pdb" => successfully finished
validated file "PTEN_37.pdb" => successfully finished
validated file "PTEN_38.pdb" => successfully finished
validated file "PTEN_39.pdb" => successfully finished
validated file "PTEN_40.pdb" => successfully finished
validated file "PTEN_41.pdb" => successfully finished
validated file "PTEN_42.pdb" => successfully finished
validated file "PTEN_43.pdb" => successfully finished
validated file "PTEN_44.pdb" => successfully finished
validated file "PTEN_45.pdb" => successfully finished
validated file "PTEN_46.pdb" => successfully finished
validated file "PTEN_47.pdb" => successfully finished
validated file "PTEN_48.pdb" => successfully finished
validated file "PTEN_49.pdb" => successfully finished
validated file "PTEN_50.pdb" => successfully finished
Cleaning BuildModel...DONE
任务 149 结果提取成功，已映射突变信息。
