   ********************************************
   ***                                      ***
   ***             FoldX 5.1 (c)            ***
   ***                                      ***
   ***     code by the FoldX Consortium     ***
   ***                                      ***
   ***     Jesper Borg, Frederic Rousseau   ***
   ***    Joost Schymkowitz, Luis Serrano   ***
   ***    Peter Vanhee, Erik Verschueren    ***
   ***     Lies Baeten, Javier Delgado      ***
   ***       and Francois Stricher          ***
   *** and any other of the 9! permutations ***
   ***   based on an original concept by    ***
   ***   Raphael Guerois and Luis Serrano   ***
   ********************************************

1 models read: PTEN.pdb
1 models read: PTEN.pdb

BackHbond       =               -227.30
SideHbond       =               -82.03
Energy_VdW      =               -403.58
Electro         =               -27.63
Energy_SolvP    =               559.36
Energy_SolvH    =               -526.04
Energy_vdwclash =               32.43
energy_torsion  =               8.76
backbone_vdwclash=              176.30
Entropy_sidec   =               210.75
Entropy_mainc   =               606.81
water bonds     =               0.00
helix dipole    =               -1.32
loop_entropy    =               0.00
cis_bond        =               0.00
disulfide       =               0.00
kn electrostatic=               0.00
partial covalent interactions = 0.00
Energy_Ionisation =             2.72
Entropy Complex =               0.00
-----------------------------------------------------------
Total          = 				  152.93


BackHbond       =               -227.30
SideHbond       =               -82.03
Energy_VdW      =               -403.58
Electro         =               -27.63
Energy_SolvP    =               559.36
Energy_SolvH    =               -526.04
Energy_vdwclash =               32.43
energy_torsion  =               8.76
backbone_vdwclash=              176.30
Entropy_sidec   =               210.75
Entropy_mainc   =               606.81
water bonds     =               0.00
helix dipole    =               -1.32
loop_entropy    =               0.00
cis_bond        =               0.00
disulfide       =               0.00
kn electrostatic=               0.00
partial covalent interactions = 0.00
Energy_Ionisation =             2.72
Entropy Complex =               0.00
-----------------------------------------------------------
Total          = 				  152.93

Starting BuildModel
Reading YA336A;
Reading YA336V;
Reading YA336I;
Reading YA336L;
Reading YA336M;
Reading YA336F;
Reading YA336Y;
Reading YA336W;
Reading YA336S;
Reading YA336T;
Reading YA336N;
Reading YA336Q;
Reading YA336C;
Reading YA336G;
Reading YA336P;
Reading YA336R;
Reading YA336H;
Reading YA336K;
Reading YA336D;
Reading YA336E;
Reading FA337A;
Reading FA337V;
Reading FA337I;
Reading FA337L;
Reading FA337M;
Reading FA337F;
Reading FA337Y;
Reading FA337W;
Reading FA337S;
Reading FA337T;
Reading FA337N;
Reading FA337Q;
Reading FA337C;
Reading FA337G;
Reading FA337P;
Reading FA337R;
Reading FA337H;
Reading FA337K;
Reading FA337D;
Reading FA337E;
Reading SA338A;
Reading SA338V;
Reading SA338I;
Reading SA338L;
Reading SA338M;
Reading SA338F;
Reading SA338Y;
Reading SA338W;
Reading SA338S;
Reading SA338T;
Residue to Mutate TYRA336 has residue index 335
Residue to Mutate TYRA336 has residue index 335
Residue to Mutate TYRA336 has residue index 335
Residue to Mutate TYRA336 has residue index 335
Residue to Mutate TYRA336 has residue index 335
Residue to Mutate TYRA336 has residue index 335
Residue to Mutate TYRA336 has residue index 335
Residue to Mutate TYRA336 has residue index 335
Residue to Mutate TYRA336 has residue index 335
Residue to Mutate TYRA336 has residue index 335
Residue to Mutate TYRA336 has residue index 335
Residue to Mutate TYRA336 has residue index 335
Residue to Mutate TYRA336 has residue index 335
Residue to Mutate TYRA336 has residue index 335
Residue to Mutate TYRA336 has residue index 335
Residue to Mutate TYRA336 has residue index 335
Residue to Mutate TYRA336 has residue index 335
Residue to Mutate TYRA336 has residue index 335
Residue to Mutate TYRA336 has residue index 335
Residue to Mutate TYRA336 has residue index 335
Residue to Mutate PHEA337 has residue index 336
Residue to Mutate PHEA337 has residue index 336
Residue to Mutate PHEA337 has residue index 336
Residue to Mutate PHEA337 has residue index 336
Residue to Mutate PHEA337 has residue index 336
Residue to Mutate PHEA337 has residue index 336
Residue to Mutate PHEA337 has residue index 336
Residue to Mutate PHEA337 has residue index 336
Residue to Mutate PHEA337 has residue index 336
Residue to Mutate PHEA337 has residue index 336
Residue to Mutate PHEA337 has residue index 336
Residue to Mutate PHEA337 has residue index 336
Residue to Mutate PHEA337 has residue index 336
Residue to Mutate PHEA337 has residue index 336
Residue to Mutate PHEA337 has residue index 336
Residue to Mutate PHEA337 has residue index 336
Residue to Mutate PHEA337 has residue index 336
Residue to Mutate PHEA337 has residue index 336
Residue to Mutate PHEA337 has residue index 336
Residue to Mutate PHEA337 has residue index 336
Residue to Mutate SERA338 has residue index 337
Residue to Mutate SERA338 has residue index 337
Residue to Mutate SERA338 has residue index 337
Residue to Mutate SERA338 has residue index 337
Residue to Mutate SERA338 has residue index 337
Residue to Mutate SERA338 has residue index 337
Residue to Mutate SERA338 has residue index 337
Residue to Mutate SERA338 has residue index 337
Residue to Mutate SERA338 has residue index 337
Residue to Mutate SERA338 has residue index 337
Mutating residue = TYRA336 into ALA
Mutating residue = TYRA336 into VAL
Mutating residue = TYRA336 into ILE
Mutating residue = TYRA336 into LEU
Mutating residue = TYRA336 into MET
Mutating residue = TYRA336 into PHE
Mutating residue = TYRA336 into TYR
Mutating residue = TYRA336 into TRP
Mutating residue = TYRA336 into SER
Mutating residue = TYRA336 into THR
Mutating residue = TYRA336 into ASN
Mutating residue = TYRA336 into GLN
Mutating residue = TYRA336 into CYS
Mutating residue = TYRA336 into GLY
Mutating residue = TYRA336 into PRO
Mutating residue = TYRA336 into ARG
Mutating residue = TYRA336 into HIS
Mutating residue = TYRA336 into LYS
Mutating residue = TYRA336 into ASP
Mutating residue = TYRA336 into GLU
Mutating residue = PHEA337 into ALA
Mutating residue = PHEA337 into VAL
Mutating residue = PHEA337 into ILE
Mutating residue = PHEA337 into LEU
Mutating residue = PHEA337 into MET
Mutating residue = PHEA337 into PHE
Mutating residue = PHEA337 into TYR
Mutating residue = PHEA337 into TRP
Mutating residue = PHEA337 into SER
Mutating residue = PHEA337 into THR
Mutating residue = PHEA337 into ASN
Mutating residue = PHEA337 into GLN
Mutating residue = PHEA337 into CYS
Mutating residue = PHEA337 into GLY
Mutating residue = PHEA337 into PRO
Mutating residue = PHEA337 into ARG
Mutating residue = PHEA337 into HIS
Mutating residue = PHEA337 into LYS
Mutating residue = PHEA337 into ASP
Mutating residue = PHEA337 into GLU
Mutating residue = SERA338 into ALA
Mutating residue = SERA338 into VAL
Mutating residue = SERA338 into ILE
Mutating residue = SERA338 into LEU
Mutating residue = SERA338 into MET
Mutating residue = SERA338 into PHE
Mutating residue = SERA338 into TYR
Mutating residue = SERA338 into TRP
Mutating residue = SERA338 into SER
Mutating residue = SERA338 into THR
Your file run OK
End time of FoldX: Sat May  9 16:22:24 2026
Total time spend: 309.54 seconds.
validated file "PTEN_1.pdb" => successfully finished
validated file "PTEN_2.pdb" => successfully finished
validated file "PTEN_3.pdb" => successfully finished
validated file "PTEN_4.pdb" => successfully finished
validated file "PTEN_5.pdb" => successfully finished
validated file "PTEN_6.pdb" => successfully finished
validated file "PTEN_7.pdb" => successfully finished
validated file "PTEN_8.pdb" => successfully finished
validated file "PTEN_9.pdb" => successfully finished
validated file "PTEN_10.pdb" => successfully finished
validated file "PTEN_11.pdb" => successfully finished
validated file "PTEN_12.pdb" => successfully finished
validated file "PTEN_13.pdb" => successfully finished
validated file "PTEN_14.pdb" => successfully finished
validated file "PTEN_15.pdb" => successfully finished
validated file "PTEN_16.pdb" => successfully finished
validated file "PTEN_17.pdb" => successfully finished
validated file "PTEN_18.pdb" => successfully finished
validated file "PTEN_19.pdb" => successfully finished
validated file "PTEN_20.pdb" => successfully finished
validated file "PTEN_21.pdb" => successfully finished
validated file "PTEN_22.pdb" => successfully finished
validated file "PTEN_23.pdb" => successfully finished
validated file "PTEN_24.pdb" => successfully finished
validated file "PTEN_25.pdb" => successfully finished
validated file "PTEN_26.pdb" => successfully finished
validated file "PTEN_27.pdb" => successfully finished
validated file "PTEN_28.pdb" => successfully finished
validated file "PTEN_29.pdb" => successfully finished
validated file "PTEN_30.pdb" => successfully finished
validated file "PTEN_31.pdb" => successfully finished
validated file "PTEN_32.pdb" => successfully finished
validated file "PTEN_33.pdb" => successfully finished
validated file "PTEN_34.pdb" => successfully finished
validated file "PTEN_35.pdb" => successfully finished
validated file "PTEN_36.pdb" => successfully finished
validated file "PTEN_37.pdb" => successfully finished
validated file "PTEN_38.pdb" => successfully finished
validated file "PTEN_39.pdb" => successfully finished
validated file "PTEN_40.pdb" => successfully finished
validated file "PTEN_41.pdb" => successfully finished
validated file "PTEN_42.pdb" => successfully finished
validated file "PTEN_43.pdb" => successfully finished
validated file "PTEN_44.pdb" => successfully finished
validated file "PTEN_45.pdb" => successfully finished
validated file "PTEN_46.pdb" => successfully finished
validated file "PTEN_47.pdb" => successfully finished
validated file "PTEN_48.pdb" => successfully finished
validated file "PTEN_49.pdb" => successfully finished
validated file "PTEN_50.pdb" => successfully finished
Cleaning BuildModel...DONE
任务 135 结果提取成功，已映射突变信息。
