   ********************************************
   ***                                      ***
   ***             FoldX 5.1 (c)            ***
   ***                                      ***
   ***     code by the FoldX Consortium     ***
   ***                                      ***
   ***     Jesper Borg, Frederic Rousseau   ***
   ***    Joost Schymkowitz, Luis Serrano   ***
   ***    Peter Vanhee, Erik Verschueren    ***
   ***     Lies Baeten, Javier Delgado      ***
   ***       and Francois Stricher          ***
   *** and any other of the 9! permutations ***
   ***   based on an original concept by    ***
   ***   Raphael Guerois and Luis Serrano   ***
   ********************************************

1 models read: PTEN.pdb
1 models read: PTEN.pdb

BackHbond       =               -227.30
SideHbond       =               -82.03
Energy_VdW      =               -403.58
Electro         =               -27.63
Energy_SolvP    =               559.36
Energy_SolvH    =               -526.04
Energy_vdwclash =               32.43
energy_torsion  =               8.76
backbone_vdwclash=              176.30
Entropy_sidec   =               210.75
Entropy_mainc   =               606.81
water bonds     =               0.00
helix dipole    =               -1.32
loop_entropy    =               0.00
cis_bond        =               0.00
disulfide       =               0.00
kn electrostatic=               0.00
partial covalent interactions = 0.00
Energy_Ionisation =             2.72
Entropy Complex =               0.00
-----------------------------------------------------------
Total          = 				  152.93


BackHbond       =               -227.30
SideHbond       =               -82.03
Energy_VdW      =               -403.58
Electro         =               -27.63
Energy_SolvP    =               559.36
Energy_SolvH    =               -526.04
Energy_vdwclash =               32.43
energy_torsion  =               8.76
backbone_vdwclash=              176.30
Entropy_sidec   =               210.75
Entropy_mainc   =               606.81
water bonds     =               0.00
helix dipole    =               -1.32
loop_entropy    =               0.00
cis_bond        =               0.00
disulfide       =               0.00
kn electrostatic=               0.00
partial covalent interactions = 0.00
Energy_Ionisation =             2.72
Entropy Complex =               0.00
-----------------------------------------------------------
Total          = 				  152.93

Starting BuildModel
Reading FA278N;
Reading FA278Q;
Reading FA278C;
Reading FA278G;
Reading FA278P;
Reading FA278R;
Reading FA278H;
Reading FA278K;
Reading FA278D;
Reading FA278E;
Reading FA279A;
Reading FA279V;
Reading FA279I;
Reading FA279L;
Reading FA279M;
Reading FA279F;
Reading FA279Y;
Reading FA279W;
Reading FA279S;
Reading FA279T;
Reading FA279N;
Reading FA279Q;
Reading FA279C;
Reading FA279G;
Reading FA279P;
Reading FA279R;
Reading FA279H;
Reading FA279K;
Reading FA279D;
Reading FA279E;
Reading IA280A;
Reading IA280V;
Reading IA280I;
Reading IA280L;
Reading IA280M;
Reading IA280F;
Reading IA280Y;
Reading IA280W;
Reading IA280S;
Reading IA280T;
Reading IA280N;
Reading IA280Q;
Reading IA280C;
Reading IA280G;
Reading IA280P;
Reading IA280R;
Reading IA280H;
Reading IA280K;
Reading IA280D;
Reading IA280E;
Residue to Mutate PHEA278 has residue index 277
Residue to Mutate PHEA278 has residue index 277
Residue to Mutate PHEA278 has residue index 277
Residue to Mutate PHEA278 has residue index 277
Residue to Mutate PHEA278 has residue index 277
Residue to Mutate PHEA278 has residue index 277
Residue to Mutate PHEA278 has residue index 277
Residue to Mutate PHEA278 has residue index 277
Residue to Mutate PHEA278 has residue index 277
Residue to Mutate PHEA278 has residue index 277
Residue to Mutate PHEA279 has residue index 278
Residue to Mutate PHEA279 has residue index 278
Residue to Mutate PHEA279 has residue index 278
Residue to Mutate PHEA279 has residue index 278
Residue to Mutate PHEA279 has residue index 278
Residue to Mutate PHEA279 has residue index 278
Residue to Mutate PHEA279 has residue index 278
Residue to Mutate PHEA279 has residue index 278
Residue to Mutate PHEA279 has residue index 278
Residue to Mutate PHEA279 has residue index 278
Residue to Mutate PHEA279 has residue index 278
Residue to Mutate PHEA279 has residue index 278
Residue to Mutate PHEA279 has residue index 278
Residue to Mutate PHEA279 has residue index 278
Residue to Mutate PHEA279 has residue index 278
Residue to Mutate PHEA279 has residue index 278
Residue to Mutate PHEA279 has residue index 278
Residue to Mutate PHEA279 has residue index 278
Residue to Mutate PHEA279 has residue index 278
Residue to Mutate PHEA279 has residue index 278
Residue to Mutate ILEA280 has residue index 279
Residue to Mutate ILEA280 has residue index 279
Residue to Mutate ILEA280 has residue index 279
Residue to Mutate ILEA280 has residue index 279
Residue to Mutate ILEA280 has residue index 279
Residue to Mutate ILEA280 has residue index 279
Residue to Mutate ILEA280 has residue index 279
Residue to Mutate ILEA280 has residue index 279
Residue to Mutate ILEA280 has residue index 279
Residue to Mutate ILEA280 has residue index 279
Residue to Mutate ILEA280 has residue index 279
Residue to Mutate ILEA280 has residue index 279
Residue to Mutate ILEA280 has residue index 279
Residue to Mutate ILEA280 has residue index 279
Residue to Mutate ILEA280 has residue index 279
Residue to Mutate ILEA280 has residue index 279
Residue to Mutate ILEA280 has residue index 279
Residue to Mutate ILEA280 has residue index 279
Residue to Mutate ILEA280 has residue index 279
Residue to Mutate ILEA280 has residue index 279
Mutating residue = PHEA278 into ASN
Mutating residue = PHEA278 into GLN
Mutating residue = PHEA278 into CYS
Mutating residue = PHEA278 into GLY
Mutating residue = PHEA278 into PRO
Mutating residue = PHEA278 into ARG
Mutating residue = PHEA278 into HIS
Mutating residue = PHEA278 into LYS
Mutating residue = PHEA278 into ASP
Mutating residue = PHEA278 into GLU
Mutating residue = PHEA279 into ALA
Mutating residue = PHEA279 into VAL
Mutating residue = PHEA279 into ILE
Mutating residue = PHEA279 into LEU
Mutating residue = PHEA279 into MET
Mutating residue = PHEA279 into PHE
Mutating residue = PHEA279 into TYR
Mutating residue = PHEA279 into TRP
Mutating residue = PHEA279 into SER
Mutating residue = PHEA279 into THR
Mutating residue = PHEA279 into ASN
Mutating residue = PHEA279 into GLN
Mutating residue = PHEA279 into CYS
Mutating residue = PHEA279 into GLY
Mutating residue = PHEA279 into PRO
Mutating residue = PHEA279 into ARG
Mutating residue = PHEA279 into HIS
Mutating residue = PHEA279 into LYS
Mutating residue = PHEA279 into ASP
Mutating residue = PHEA279 into GLU
Mutating residue = ILEA280 into ALA
Mutating residue = ILEA280 into VAL
Mutating residue = ILEA280 into ILE
Mutating residue = ILEA280 into LEU
Mutating residue = ILEA280 into MET
Mutating residue = ILEA280 into PHE
Mutating residue = ILEA280 into TYR
Mutating residue = ILEA280 into TRP
Mutating residue = ILEA280 into SER
Mutating residue = ILEA280 into THR
Mutating residue = ILEA280 into ASN
Mutating residue = ILEA280 into GLN
Mutating residue = ILEA280 into CYS
Mutating residue = ILEA280 into GLY
Mutating residue = ILEA280 into PRO
Mutating residue = ILEA280 into ARG
Mutating residue = ILEA280 into HIS
Mutating residue = ILEA280 into LYS
Mutating residue = ILEA280 into ASP
Mutating residue = ILEA280 into GLU
Your file run OK
End time of FoldX: Sat May  9 16:21:08 2026
Total time spend: 233.25 seconds.
validated file "PTEN_1.pdb" => successfully finished
validated file "PTEN_2.pdb" => successfully finished
validated file "PTEN_3.pdb" => successfully finished
validated file "PTEN_4.pdb" => successfully finished
validated file "PTEN_5.pdb" => successfully finished
validated file "PTEN_6.pdb" => successfully finished
validated file "PTEN_7.pdb" => successfully finished
validated file "PTEN_8.pdb" => successfully finished
validated file "PTEN_9.pdb" => successfully finished
validated file "PTEN_10.pdb" => successfully finished
validated file "PTEN_11.pdb" => successfully finished
validated file "PTEN_12.pdb" => successfully finished
validated file "PTEN_13.pdb" => successfully finished
validated file "PTEN_14.pdb" => successfully finished
validated file "PTEN_15.pdb" => successfully finished
validated file "PTEN_16.pdb" => successfully finished
validated file "PTEN_17.pdb" => successfully finished
validated file "PTEN_18.pdb" => successfully finished
validated file "PTEN_19.pdb" => successfully finished
validated file "PTEN_20.pdb" => successfully finished
validated file "PTEN_21.pdb" => successfully finished
validated file "PTEN_22.pdb" => successfully finished
validated file "PTEN_23.pdb" => successfully finished
validated file "PTEN_24.pdb" => successfully finished
validated file "PTEN_25.pdb" => successfully finished
validated file "PTEN_26.pdb" => successfully finished
validated file "PTEN_27.pdb" => successfully finished
validated file "PTEN_28.pdb" => successfully finished
validated file "PTEN_29.pdb" => successfully finished
validated file "PTEN_30.pdb" => successfully finished
validated file "PTEN_31.pdb" => successfully finished
validated file "PTEN_32.pdb" => successfully finished
validated file "PTEN_33.pdb" => successfully finished
validated file "PTEN_34.pdb" => successfully finished
validated file "PTEN_35.pdb" => successfully finished
validated file "PTEN_36.pdb" => successfully finished
validated file "PTEN_37.pdb" => successfully finished
validated file "PTEN_38.pdb" => successfully finished
validated file "PTEN_39.pdb" => successfully finished
validated file "PTEN_40.pdb" => successfully finished
validated file "PTEN_41.pdb" => successfully finished
validated file "PTEN_42.pdb" => successfully finished
validated file "PTEN_43.pdb" => successfully finished
validated file "PTEN_44.pdb" => successfully finished
validated file "PTEN_45.pdb" => successfully finished
validated file "PTEN_46.pdb" => successfully finished
validated file "PTEN_47.pdb" => successfully finished
validated file "PTEN_48.pdb" => successfully finished
validated file "PTEN_49.pdb" => successfully finished
validated file "PTEN_50.pdb" => successfully finished
Cleaning BuildModel...DONE
任务 112 结果提取成功，已映射突变信息。
