   ********************************************
   ***                                      ***
   ***             FoldX 5.1 (c)            ***
   ***                                      ***
   ***     code by the FoldX Consortium     ***
   ***                                      ***
   ***     Jesper Borg, Frederic Rousseau   ***
   ***    Joost Schymkowitz, Luis Serrano   ***
   ***    Peter Vanhee, Erik Verschueren    ***
   ***     Lies Baeten, Javier Delgado      ***
   ***       and Francois Stricher          ***
   *** and any other of the 9! permutations ***
   ***   based on an original concept by    ***
   ***   Raphael Guerois and Luis Serrano   ***
   ********************************************

1 models read: PTEN.pdb
1 models read: PTEN.pdb

BackHbond       =               -227.30
SideHbond       =               -82.03
Energy_VdW      =               -403.58
Electro         =               -27.63
Energy_SolvP    =               559.36
Energy_SolvH    =               -526.04
Energy_vdwclash =               32.43
energy_torsion  =               8.76
backbone_vdwclash=              176.30
Entropy_sidec   =               210.75
Entropy_mainc   =               606.81
water bonds     =               0.00
helix dipole    =               -1.32
loop_entropy    =               0.00
cis_bond        =               0.00
disulfide       =               0.00
kn electrostatic=               0.00
partial covalent interactions = 0.00
Energy_Ionisation =             2.72
Entropy Complex =               0.00
-----------------------------------------------------------
Total          = 				  152.93


BackHbond       =               -227.30
SideHbond       =               -82.03
Energy_VdW      =               -403.58
Electro         =               -27.63
Energy_SolvP    =               559.36
Energy_SolvH    =               -526.04
Energy_vdwclash =               32.43
energy_torsion  =               8.76
backbone_vdwclash=              176.30
Entropy_sidec   =               210.75
Entropy_mainc   =               606.81
water bonds     =               0.00
helix dipole    =               -1.32
loop_entropy    =               0.00
cis_bond        =               0.00
disulfide       =               0.00
kn electrostatic=               0.00
partial covalent interactions = 0.00
Energy_Ionisation =             2.72
Entropy Complex =               0.00
-----------------------------------------------------------
Total          = 				  152.93

Starting BuildModel
Reading IA168N;
Reading IA168Q;
Reading IA168C;
Reading IA168G;
Reading IA168P;
Reading IA168R;
Reading IA168H;
Reading IA168K;
Reading IA168D;
Reading IA168E;
Reading PA169A;
Reading PA169V;
Reading PA169I;
Reading PA169L;
Reading PA169M;
Reading PA169F;
Reading PA169Y;
Reading PA169W;
Reading PA169S;
Reading PA169T;
Reading PA169N;
Reading PA169Q;
Reading PA169C;
Reading PA169G;
Reading PA169P;
Reading PA169R;
Reading PA169H;
Reading PA169K;
Reading PA169D;
Reading PA169E;
Reading SA170A;
Reading SA170V;
Reading SA170I;
Reading SA170L;
Reading SA170M;
Reading SA170F;
Reading SA170Y;
Reading SA170W;
Reading SA170S;
Reading SA170T;
Reading SA170N;
Reading SA170Q;
Reading SA170C;
Reading SA170G;
Reading SA170P;
Reading SA170R;
Reading SA170H;
Reading SA170K;
Reading SA170D;
Reading SA170E;
Residue to Mutate ILEA168 has residue index 167
Residue to Mutate ILEA168 has residue index 167
Residue to Mutate ILEA168 has residue index 167
Residue to Mutate ILEA168 has residue index 167
Residue to Mutate ILEA168 has residue index 167
Residue to Mutate ILEA168 has residue index 167
Residue to Mutate ILEA168 has residue index 167
Residue to Mutate ILEA168 has residue index 167
Residue to Mutate ILEA168 has residue index 167
Residue to Mutate ILEA168 has residue index 167
Residue to Mutate PROA169 has residue index 168
Residue to Mutate PROA169 has residue index 168
Residue to Mutate PROA169 has residue index 168
Residue to Mutate PROA169 has residue index 168
Residue to Mutate PROA169 has residue index 168
Residue to Mutate PROA169 has residue index 168
Residue to Mutate PROA169 has residue index 168
Residue to Mutate PROA169 has residue index 168
Residue to Mutate PROA169 has residue index 168
Residue to Mutate PROA169 has residue index 168
Residue to Mutate PROA169 has residue index 168
Residue to Mutate PROA169 has residue index 168
Residue to Mutate PROA169 has residue index 168
Residue to Mutate PROA169 has residue index 168
Residue to Mutate PROA169 has residue index 168
Residue to Mutate PROA169 has residue index 168
Residue to Mutate PROA169 has residue index 168
Residue to Mutate PROA169 has residue index 168
Residue to Mutate PROA169 has residue index 168
Residue to Mutate PROA169 has residue index 168
Residue to Mutate SERA170 has residue index 169
Residue to Mutate SERA170 has residue index 169
Residue to Mutate SERA170 has residue index 169
Residue to Mutate SERA170 has residue index 169
Residue to Mutate SERA170 has residue index 169
Residue to Mutate SERA170 has residue index 169
Residue to Mutate SERA170 has residue index 169
Residue to Mutate SERA170 has residue index 169
Residue to Mutate SERA170 has residue index 169
Residue to Mutate SERA170 has residue index 169
Residue to Mutate SERA170 has residue index 169
Residue to Mutate SERA170 has residue index 169
Residue to Mutate SERA170 has residue index 169
Residue to Mutate SERA170 has residue index 169
Residue to Mutate SERA170 has residue index 169
Residue to Mutate SERA170 has residue index 169
Residue to Mutate SERA170 has residue index 169
Residue to Mutate SERA170 has residue index 169
Residue to Mutate SERA170 has residue index 169
Residue to Mutate SERA170 has residue index 169
Mutating residue = ILEA168 into ASN
Mutating residue = ILEA168 into GLN
Mutating residue = ILEA168 into CYS
Mutating residue = ILEA168 into GLY
Mutating residue = ILEA168 into PRO
Mutating residue = ILEA168 into ARG
Mutating residue = ILEA168 into HIS
Mutating residue = ILEA168 into LYS
Mutating residue = ILEA168 into ASP
Mutating residue = ILEA168 into GLU
Mutating residue = PROA169 into ALA
Mutating residue = PROA169 into VAL
Mutating residue = PROA169 into ILE
Mutating residue = PROA169 into LEU
Mutating residue = PROA169 into MET
Mutating residue = PROA169 into PHE
Mutating residue = PROA169 into TYR
Mutating residue = PROA169 into TRP
Mutating residue = PROA169 into SER
Mutating residue = PROA169 into THR
Mutating residue = PROA169 into ASN
Mutating residue = PROA169 into GLN
Mutating residue = PROA169 into CYS
Mutating residue = PROA169 into GLY
Mutating residue = PROA169 into PRO
Mutating residue = PROA169 into ARG
Mutating residue = PROA169 into HIS
Mutating residue = PROA169 into LYS
Mutating residue = PROA169 into ASP
Mutating residue = PROA169 into GLU
Mutating residue = SERA170 into ALA
Mutating residue = SERA170 into VAL
Mutating residue = SERA170 into ILE
Mutating residue = SERA170 into LEU
Mutating residue = SERA170 into MET
Mutating residue = SERA170 into PHE
Mutating residue = SERA170 into TYR
Mutating residue = SERA170 into TRP
Mutating residue = SERA170 into SER
Mutating residue = SERA170 into THR
Mutating residue = SERA170 into ASN
Mutating residue = SERA170 into GLN
Mutating residue = SERA170 into CYS
Mutating residue = SERA170 into GLY
Mutating residue = SERA170 into PRO
Mutating residue = SERA170 into ARG
Mutating residue = SERA170 into HIS
Mutating residue = SERA170 into LYS
Mutating residue = SERA170 into ASP
Mutating residue = SERA170 into GLU
Your file run OK
End time of FoldX: Sat May  9 16:34:28 2026
Total time spend: 1033.01 seconds.
validated file "PTEN_1.pdb" => successfully finished
validated file "PTEN_2.pdb" => successfully finished
validated file "PTEN_3.pdb" => successfully finished
validated file "PTEN_4.pdb" => successfully finished
validated file "PTEN_5.pdb" => successfully finished
validated file "PTEN_6.pdb" => successfully finished
validated file "PTEN_7.pdb" => successfully finished
validated file "PTEN_8.pdb" => successfully finished
validated file "PTEN_9.pdb" => successfully finished
validated file "PTEN_10.pdb" => successfully finished
validated file "PTEN_11.pdb" => successfully finished
validated file "PTEN_12.pdb" => successfully finished
validated file "PTEN_13.pdb" => successfully finished
validated file "PTEN_14.pdb" => successfully finished
validated file "PTEN_15.pdb" => successfully finished
validated file "PTEN_16.pdb" => successfully finished
validated file "PTEN_17.pdb" => successfully finished
validated file "PTEN_18.pdb" => successfully finished
validated file "PTEN_19.pdb" => successfully finished
validated file "PTEN_20.pdb" => successfully finished
validated file "PTEN_21.pdb" => successfully finished
validated file "PTEN_22.pdb" => successfully finished
validated file "PTEN_23.pdb" => successfully finished
validated file "PTEN_24.pdb" => successfully finished
validated file "PTEN_25.pdb" => successfully finished
validated file "PTEN_26.pdb" => successfully finished
validated file "PTEN_27.pdb" => successfully finished
validated file "PTEN_28.pdb" => successfully finished
validated file "PTEN_29.pdb" => successfully finished
validated file "PTEN_30.pdb" => successfully finished
validated file "PTEN_31.pdb" => successfully finished
validated file "PTEN_32.pdb" => successfully finished
validated file "PTEN_33.pdb" => successfully finished
validated file "PTEN_34.pdb" => successfully finished
validated file "PTEN_35.pdb" => successfully finished
validated file "PTEN_36.pdb" => successfully finished
validated file "PTEN_37.pdb" => successfully finished
validated file "PTEN_38.pdb" => successfully finished
validated file "PTEN_39.pdb" => successfully finished
validated file "PTEN_40.pdb" => successfully finished
validated file "PTEN_41.pdb" => successfully finished
validated file "PTEN_42.pdb" => successfully finished
validated file "PTEN_43.pdb" => successfully finished
validated file "PTEN_44.pdb" => successfully finished
validated file "PTEN_45.pdb" => successfully finished
validated file "PTEN_46.pdb" => successfully finished
validated file "PTEN_47.pdb" => successfully finished
validated file "PTEN_48.pdb" => successfully finished
validated file "PTEN_49.pdb" => successfully finished
validated file "PTEN_50.pdb" => successfully finished
Cleaning BuildModel...DONE
任务 68 结果提取成功，已映射突变信息。
