   ********************************************
   ***                                      ***
   ***             FoldX 5.1 (c)            ***
   ***                                      ***
   ***     code by the FoldX Consortium     ***
   ***                                      ***
   ***     Jesper Borg, Frederic Rousseau   ***
   ***    Joost Schymkowitz, Luis Serrano   ***
   ***    Peter Vanhee, Erik Verschueren    ***
   ***     Lies Baeten, Javier Delgado      ***
   ***       and Francois Stricher          ***
   *** and any other of the 9! permutations ***
   ***   based on an original concept by    ***
   ***   Raphael Guerois and Luis Serrano   ***
   ********************************************

1 models read: PTEN.pdb
1 models read: PTEN.pdb

BackHbond       =               -227.30
SideHbond       =               -82.03
Energy_VdW      =               -403.58
Electro         =               -27.63
Energy_SolvP    =               559.36
Energy_SolvH    =               -526.04
Energy_vdwclash =               32.43
energy_torsion  =               8.76
backbone_vdwclash=              176.30
Entropy_sidec   =               210.75
Entropy_mainc   =               606.81
water bonds     =               0.00
helix dipole    =               -1.32
loop_entropy    =               0.00
cis_bond        =               0.00
disulfide       =               0.00
kn electrostatic=               0.00
partial covalent interactions = 0.00
Energy_Ionisation =             2.72
Entropy Complex =               0.00
-----------------------------------------------------------
Total          = 				  152.93


BackHbond       =               -227.30
SideHbond       =               -82.03
Energy_VdW      =               -403.58
Electro         =               -27.63
Energy_SolvP    =               559.36
Energy_SolvH    =               -526.04
Energy_vdwclash =               32.43
energy_torsion  =               8.76
backbone_vdwclash=              176.30
Entropy_sidec   =               210.75
Entropy_mainc   =               606.81
water bonds     =               0.00
helix dipole    =               -1.32
loop_entropy    =               0.00
cis_bond        =               0.00
disulfide       =               0.00
kn electrostatic=               0.00
partial covalent interactions = 0.00
Energy_Ionisation =             2.72
Entropy Complex =               0.00
-----------------------------------------------------------
Total          = 				  152.93

Starting BuildModel
Reading TA401A;
Reading TA401V;
Reading TA401I;
Reading TA401L;
Reading TA401M;
Reading TA401F;
Reading TA401Y;
Reading TA401W;
Reading TA401S;
Reading TA401T;
Reading TA401N;
Reading TA401Q;
Reading TA401C;
Reading TA401G;
Reading TA401P;
Reading TA401R;
Reading TA401H;
Reading TA401K;
Reading TA401D;
Reading TA401E;
Reading KA402A;
Reading KA402V;
Reading KA402I;
Reading KA402L;
Reading KA402M;
Reading KA402F;
Reading KA402Y;
Reading KA402W;
Reading KA402S;
Reading KA402T;
Reading KA402N;
Reading KA402Q;
Reading KA402C;
Reading KA402G;
Reading KA402P;
Reading KA402R;
Reading KA402H;
Reading KA402K;
Reading KA402D;
Reading KA402E;
Reading VA403A;
Reading VA403V;
Reading VA403I;
Reading VA403L;
Reading VA403M;
Reading VA403F;
Reading VA403Y;
Reading VA403W;
Reading VA403S;
Reading VA403T;
Residue to Mutate THRA401 has residue index 400
Residue to Mutate THRA401 has residue index 400
Residue to Mutate THRA401 has residue index 400
Residue to Mutate THRA401 has residue index 400
Residue to Mutate THRA401 has residue index 400
Residue to Mutate THRA401 has residue index 400
Residue to Mutate THRA401 has residue index 400
Residue to Mutate THRA401 has residue index 400
Residue to Mutate THRA401 has residue index 400
Residue to Mutate THRA401 has residue index 400
Residue to Mutate THRA401 has residue index 400
Residue to Mutate THRA401 has residue index 400
Residue to Mutate THRA401 has residue index 400
Residue to Mutate THRA401 has residue index 400
Residue to Mutate THRA401 has residue index 400
Residue to Mutate THRA401 has residue index 400
Residue to Mutate THRA401 has residue index 400
Residue to Mutate THRA401 has residue index 400
Residue to Mutate THRA401 has residue index 400
Residue to Mutate THRA401 has residue index 400
Residue to Mutate LYSA402 has residue index 401
Residue to Mutate LYSA402 has residue index 401
Residue to Mutate LYSA402 has residue index 401
Residue to Mutate LYSA402 has residue index 401
Residue to Mutate LYSA402 has residue index 401
Residue to Mutate LYSA402 has residue index 401
Residue to Mutate LYSA402 has residue index 401
Residue to Mutate LYSA402 has residue index 401
Residue to Mutate LYSA402 has residue index 401
Residue to Mutate LYSA402 has residue index 401
Residue to Mutate LYSA402 has residue index 401
Residue to Mutate LYSA402 has residue index 401
Residue to Mutate LYSA402 has residue index 401
Residue to Mutate LYSA402 has residue index 401
Residue to Mutate LYSA402 has residue index 401
Residue to Mutate LYSA402 has residue index 401
Residue to Mutate LYSA402 has residue index 401
Residue to Mutate LYSA402 has residue index 401
Residue to Mutate LYSA402 has residue index 401
Residue to Mutate LYSA402 has residue index 401
Residue to Mutate VALA403 has residue index 402
Residue to Mutate VALA403 has residue index 402
Residue to Mutate VALA403 has residue index 402
Residue to Mutate VALA403 has residue index 402
Residue to Mutate VALA403 has residue index 402
Residue to Mutate VALA403 has residue index 402
Residue to Mutate VALA403 has residue index 402
Residue to Mutate VALA403 has residue index 402
Residue to Mutate VALA403 has residue index 402
Residue to Mutate VALA403 has residue index 402
Mutating residue = THRA401 into ALA
Mutating residue = THRA401 into VAL
Mutating residue = THRA401 into ILE
Mutating residue = THRA401 into LEU
Mutating residue = THRA401 into MET
Mutating residue = THRA401 into PHE
Mutating residue = THRA401 into TYR
Mutating residue = THRA401 into TRP
Mutating residue = THRA401 into SER
Mutating residue = THRA401 into THR
Mutating residue = THRA401 into ASN
Mutating residue = THRA401 into GLN
Mutating residue = THRA401 into CYS
Mutating residue = THRA401 into GLY
Mutating residue = THRA401 into PRO
Mutating residue = THRA401 into ARG
Mutating residue = THRA401 into HIS
Mutating residue = THRA401 into LYS
Mutating residue = THRA401 into ASP
Mutating residue = THRA401 into GLU
Mutating residue = LYSA402 into ALA
Mutating residue = LYSA402 into VAL
Mutating residue = LYSA402 into ILE
Mutating residue = LYSA402 into LEU
Mutating residue = LYSA402 into MET
Mutating residue = LYSA402 into PHE
Mutating residue = LYSA402 into TYR
Mutating residue = LYSA402 into TRP
Mutating residue = LYSA402 into SER
Mutating residue = LYSA402 into THR
Mutating residue = LYSA402 into ASN
Mutating residue = LYSA402 into GLN
Mutating residue = LYSA402 into CYS
Mutating residue = LYSA402 into GLY
Mutating residue = LYSA402 into PRO
Mutating residue = LYSA402 into ARG
Mutating residue = LYSA402 into HIS
Mutating residue = LYSA402 into LYS
Mutating residue = LYSA402 into ASP
Mutating residue = LYSA402 into GLU
Mutating residue = VALA403 into ALA
Mutating residue = VALA403 into VAL
Mutating residue = VALA403 into ILE
Mutating residue = VALA403 into LEU
Mutating residue = VALA403 into MET
Mutating residue = VALA403 into PHE
Mutating residue = VALA403 into TYR
Mutating residue = VALA403 into TRP
Mutating residue = VALA403 into SER
Mutating residue = VALA403 into THR
Your file run OK
End time of FoldX: Sat May  9 16:18:33 2026
Total time spend: 79.05 seconds.
validated file "PTEN_1.pdb" => successfully finished
validated file "PTEN_2.pdb" => successfully finished
validated file "PTEN_3.pdb" => successfully finished
validated file "PTEN_4.pdb" => successfully finished
validated file "PTEN_5.pdb" => successfully finished
validated file "PTEN_6.pdb" => successfully finished
validated file "PTEN_7.pdb" => successfully finished
validated file "PTEN_8.pdb" => successfully finished
validated file "PTEN_9.pdb" => successfully finished
validated file "PTEN_10.pdb" => successfully finished
validated file "PTEN_11.pdb" => successfully finished
validated file "PTEN_12.pdb" => successfully finished
validated file "PTEN_13.pdb" => successfully finished
validated file "PTEN_14.pdb" => successfully finished
validated file "PTEN_15.pdb" => successfully finished
validated file "PTEN_16.pdb" => successfully finished
validated file "PTEN_17.pdb" => successfully finished
validated file "PTEN_18.pdb" => successfully finished
validated file "PTEN_19.pdb" => successfully finished
validated file "PTEN_20.pdb" => successfully finished
validated file "PTEN_21.pdb" => successfully finished
validated file "PTEN_22.pdb" => successfully finished
validated file "PTEN_23.pdb" => successfully finished
validated file "PTEN_24.pdb" => successfully finished
validated file "PTEN_25.pdb" => successfully finished
validated file "PTEN_26.pdb" => successfully finished
validated file "PTEN_27.pdb" => successfully finished
validated file "PTEN_28.pdb" => successfully finished
validated file "PTEN_29.pdb" => successfully finished
validated file "PTEN_30.pdb" => successfully finished
validated file "PTEN_31.pdb" => successfully finished
validated file "PTEN_32.pdb" => successfully finished
validated file "PTEN_33.pdb" => successfully finished
validated file "PTEN_34.pdb" => successfully finished
validated file "PTEN_35.pdb" => successfully finished
validated file "PTEN_36.pdb" => successfully finished
validated file "PTEN_37.pdb" => successfully finished
validated file "PTEN_38.pdb" => successfully finished
validated file "PTEN_39.pdb" => successfully finished
validated file "PTEN_40.pdb" => successfully finished
validated file "PTEN_41.pdb" => successfully finished
validated file "PTEN_42.pdb" => successfully finished
validated file "PTEN_43.pdb" => successfully finished
validated file "PTEN_44.pdb" => successfully finished
validated file "PTEN_45.pdb" => successfully finished
validated file "PTEN_46.pdb" => successfully finished
validated file "PTEN_47.pdb" => successfully finished
validated file "PTEN_48.pdb" => successfully finished
validated file "PTEN_49.pdb" => successfully finished
validated file "PTEN_50.pdb" => successfully finished
Cleaning BuildModel...DONE
任务 161 结果提取成功，已映射突变信息。
