   ********************************************
   ***                                      ***
   ***             FoldX 5.1 (c)            ***
   ***                                      ***
   ***     code by the FoldX Consortium     ***
   ***                                      ***
   ***     Jesper Borg, Frederic Rousseau   ***
   ***    Joost Schymkowitz, Luis Serrano   ***
   ***    Peter Vanhee, Erik Verschueren    ***
   ***     Lies Baeten, Javier Delgado      ***
   ***       and Francois Stricher          ***
   *** and any other of the 9! permutations ***
   ***   based on an original concept by    ***
   ***   Raphael Guerois and Luis Serrano   ***
   ********************************************

1 models read: PTEN.pdb
1 models read: PTEN.pdb

BackHbond       =               -227.30
SideHbond       =               -82.03
Energy_VdW      =               -403.58
Electro         =               -27.63
Energy_SolvP    =               559.36
Energy_SolvH    =               -526.04
Energy_vdwclash =               32.43
energy_torsion  =               8.76
backbone_vdwclash=              176.30
Entropy_sidec   =               210.75
Entropy_mainc   =               606.81
water bonds     =               0.00
helix dipole    =               -1.32
loop_entropy    =               0.00
cis_bond        =               0.00
disulfide       =               0.00
kn electrostatic=               0.00
partial covalent interactions = 0.00
Energy_Ionisation =             2.72
Entropy Complex =               0.00
-----------------------------------------------------------
Total          = 				  152.93


BackHbond       =               -227.30
SideHbond       =               -82.03
Energy_VdW      =               -403.58
Electro         =               -27.63
Energy_SolvP    =               559.36
Energy_SolvH    =               -526.04
Energy_vdwclash =               32.43
energy_torsion  =               8.76
backbone_vdwclash=              176.30
Entropy_sidec   =               210.75
Entropy_mainc   =               606.81
water bonds     =               0.00
helix dipole    =               -1.32
loop_entropy    =               0.00
cis_bond        =               0.00
disulfide       =               0.00
kn electrostatic=               0.00
partial covalent interactions = 0.00
Energy_Ionisation =             2.72
Entropy Complex =               0.00
-----------------------------------------------------------
Total          = 				  152.93

Starting BuildModel
Reading VA351A;
Reading VA351V;
Reading VA351I;
Reading VA351L;
Reading VA351M;
Reading VA351F;
Reading VA351Y;
Reading VA351W;
Reading VA351S;
Reading VA351T;
Reading VA351N;
Reading VA351Q;
Reading VA351C;
Reading VA351G;
Reading VA351P;
Reading VA351R;
Reading VA351H;
Reading VA351K;
Reading VA351D;
Reading VA351E;
Reading EA352A;
Reading EA352V;
Reading EA352I;
Reading EA352L;
Reading EA352M;
Reading EA352F;
Reading EA352Y;
Reading EA352W;
Reading EA352S;
Reading EA352T;
Reading EA352N;
Reading EA352Q;
Reading EA352C;
Reading EA352G;
Reading EA352P;
Reading EA352R;
Reading EA352H;
Reading EA352K;
Reading EA352D;
Reading EA352E;
Reading EA353A;
Reading EA353V;
Reading EA353I;
Reading EA353L;
Reading EA353M;
Reading EA353F;
Reading EA353Y;
Reading EA353W;
Reading EA353S;
Reading EA353T;
Residue to Mutate VALA351 has residue index 350
Residue to Mutate VALA351 has residue index 350
Residue to Mutate VALA351 has residue index 350
Residue to Mutate VALA351 has residue index 350
Residue to Mutate VALA351 has residue index 350
Residue to Mutate VALA351 has residue index 350
Residue to Mutate VALA351 has residue index 350
Residue to Mutate VALA351 has residue index 350
Residue to Mutate VALA351 has residue index 350
Residue to Mutate VALA351 has residue index 350
Residue to Mutate VALA351 has residue index 350
Residue to Mutate VALA351 has residue index 350
Residue to Mutate VALA351 has residue index 350
Residue to Mutate VALA351 has residue index 350
Residue to Mutate VALA351 has residue index 350
Residue to Mutate VALA351 has residue index 350
Residue to Mutate VALA351 has residue index 350
Residue to Mutate VALA351 has residue index 350
Residue to Mutate VALA351 has residue index 350
Residue to Mutate VALA351 has residue index 350
Residue to Mutate GLUA352 has residue index 351
Residue to Mutate GLUA352 has residue index 351
Residue to Mutate GLUA352 has residue index 351
Residue to Mutate GLUA352 has residue index 351
Residue to Mutate GLUA352 has residue index 351
Residue to Mutate GLUA352 has residue index 351
Residue to Mutate GLUA352 has residue index 351
Residue to Mutate GLUA352 has residue index 351
Residue to Mutate GLUA352 has residue index 351
Residue to Mutate GLUA352 has residue index 351
Residue to Mutate GLUA352 has residue index 351
Residue to Mutate GLUA352 has residue index 351
Residue to Mutate GLUA352 has residue index 351
Residue to Mutate GLUA352 has residue index 351
Residue to Mutate GLUA352 has residue index 351
Residue to Mutate GLUA352 has residue index 351
Residue to Mutate GLUA352 has residue index 351
Residue to Mutate GLUA352 has residue index 351
Residue to Mutate GLUA352 has residue index 351
Residue to Mutate GLUA352 has residue index 351
Residue to Mutate GLUA353 has residue index 352
Residue to Mutate GLUA353 has residue index 352
Residue to Mutate GLUA353 has residue index 352
Residue to Mutate GLUA353 has residue index 352
Residue to Mutate GLUA353 has residue index 352
Residue to Mutate GLUA353 has residue index 352
Residue to Mutate GLUA353 has residue index 352
Residue to Mutate GLUA353 has residue index 352
Residue to Mutate GLUA353 has residue index 352
Residue to Mutate GLUA353 has residue index 352
Mutating residue = VALA351 into ALA
Mutating residue = VALA351 into VAL
Mutating residue = VALA351 into ILE
Mutating residue = VALA351 into LEU
Mutating residue = VALA351 into MET
Mutating residue = VALA351 into PHE
Mutating residue = VALA351 into TYR
Mutating residue = VALA351 into TRP
Mutating residue = VALA351 into SER
Mutating residue = VALA351 into THR
Mutating residue = VALA351 into ASN
Mutating residue = VALA351 into GLN
Mutating residue = VALA351 into CYS
Mutating residue = VALA351 into GLY
Mutating residue = VALA351 into PRO
Mutating residue = VALA351 into ARG
Mutating residue = VALA351 into HIS
Mutating residue = VALA351 into LYS
Mutating residue = VALA351 into ASP
Mutating residue = VALA351 into GLU
Mutating residue = GLUA352 into ALA
Mutating residue = GLUA352 into VAL
Mutating residue = GLUA352 into ILE
Mutating residue = GLUA352 into LEU
Mutating residue = GLUA352 into MET
Mutating residue = GLUA352 into PHE
Mutating residue = GLUA352 into TYR
Mutating residue = GLUA352 into TRP
Mutating residue = GLUA352 into SER
Mutating residue = GLUA352 into THR
Mutating residue = GLUA352 into ASN
Mutating residue = GLUA352 into GLN
Mutating residue = GLUA352 into CYS
Mutating residue = GLUA352 into GLY
Mutating residue = GLUA352 into PRO
Mutating residue = GLUA352 into ARG
Mutating residue = GLUA352 into HIS
Mutating residue = GLUA352 into LYS
Mutating residue = GLUA352 into ASP
Mutating residue = GLUA352 into GLU
Mutating residue = GLUA353 into ALA
Mutating residue = GLUA353 into VAL
Mutating residue = GLUA353 into ILE
Mutating residue = GLUA353 into LEU
Mutating residue = GLUA353 into MET
Mutating residue = GLUA353 into PHE
Mutating residue = GLUA353 into TYR
Mutating residue = GLUA353 into TRP
Mutating residue = GLUA353 into SER
Mutating residue = GLUA353 into THR
Your file run OK
End time of FoldX: Sat May  9 16:21:20 2026
Total time spend: 245.61 seconds.
validated file "PTEN_1.pdb" => successfully finished
validated file "PTEN_2.pdb" => successfully finished
validated file "PTEN_3.pdb" => successfully finished
validated file "PTEN_4.pdb" => successfully finished
validated file "PTEN_5.pdb" => successfully finished
validated file "PTEN_6.pdb" => successfully finished
validated file "PTEN_7.pdb" => successfully finished
validated file "PTEN_8.pdb" => successfully finished
validated file "PTEN_9.pdb" => successfully finished
validated file "PTEN_10.pdb" => successfully finished
validated file "PTEN_11.pdb" => successfully finished
validated file "PTEN_12.pdb" => successfully finished
validated file "PTEN_13.pdb" => successfully finished
validated file "PTEN_14.pdb" => successfully finished
validated file "PTEN_15.pdb" => successfully finished
validated file "PTEN_16.pdb" => successfully finished
validated file "PTEN_17.pdb" => successfully finished
validated file "PTEN_18.pdb" => successfully finished
validated file "PTEN_19.pdb" => successfully finished
validated file "PTEN_20.pdb" => successfully finished
validated file "PTEN_21.pdb" => successfully finished
validated file "PTEN_22.pdb" => successfully finished
validated file "PTEN_23.pdb" => successfully finished
validated file "PTEN_24.pdb" => successfully finished
validated file "PTEN_25.pdb" => successfully finished
validated file "PTEN_26.pdb" => successfully finished
validated file "PTEN_27.pdb" => successfully finished
validated file "PTEN_28.pdb" => successfully finished
validated file "PTEN_29.pdb" => successfully finished
validated file "PTEN_30.pdb" => successfully finished
validated file "PTEN_31.pdb" => successfully finished
validated file "PTEN_32.pdb" => successfully finished
validated file "PTEN_33.pdb" => successfully finished
validated file "PTEN_34.pdb" => successfully finished
validated file "PTEN_35.pdb" => successfully finished
validated file "PTEN_36.pdb" => successfully finished
validated file "PTEN_37.pdb" => successfully finished
validated file "PTEN_38.pdb" => successfully finished
validated file "PTEN_39.pdb" => successfully finished
validated file "PTEN_40.pdb" => successfully finished
validated file "PTEN_41.pdb" => successfully finished
validated file "PTEN_42.pdb" => successfully finished
validated file "PTEN_43.pdb" => successfully finished
validated file "PTEN_44.pdb" => successfully finished
validated file "PTEN_45.pdb" => successfully finished
validated file "PTEN_46.pdb" => successfully finished
validated file "PTEN_47.pdb" => successfully finished
validated file "PTEN_48.pdb" => successfully finished
validated file "PTEN_49.pdb" => successfully finished
validated file "PTEN_50.pdb" => successfully finished
Cleaning BuildModel...DONE
任务 141 结果提取成功，已映射突变信息。
