   ********************************************
   ***                                      ***
   ***             FoldX 5.1 (c)            ***
   ***                                      ***
   ***     code by the FoldX Consortium     ***
   ***                                      ***
   ***     Jesper Borg, Frederic Rousseau   ***
   ***    Joost Schymkowitz, Luis Serrano   ***
   ***    Peter Vanhee, Erik Verschueren    ***
   ***     Lies Baeten, Javier Delgado      ***
   ***       and Francois Stricher          ***
   *** and any other of the 9! permutations ***
   ***   based on an original concept by    ***
   ***   Raphael Guerois and Luis Serrano   ***
   ********************************************

1 models read: PTEN.pdb
1 models read: PTEN.pdb

BackHbond       =               -227.30
SideHbond       =               -82.03
Energy_VdW      =               -403.58
Electro         =               -27.63
Energy_SolvP    =               559.36
Energy_SolvH    =               -526.04
Energy_vdwclash =               32.43
energy_torsion  =               8.76
backbone_vdwclash=              176.30
Entropy_sidec   =               210.75
Entropy_mainc   =               606.81
water bonds     =               0.00
helix dipole    =               -1.32
loop_entropy    =               0.00
cis_bond        =               0.00
disulfide       =               0.00
kn electrostatic=               0.00
partial covalent interactions = 0.00
Energy_Ionisation =             2.72
Entropy Complex =               0.00
-----------------------------------------------------------
Total          = 				  152.93


BackHbond       =               -227.30
SideHbond       =               -82.03
Energy_VdW      =               -403.58
Electro         =               -27.63
Energy_SolvP    =               559.36
Energy_SolvH    =               -526.04
Energy_vdwclash =               32.43
energy_torsion  =               8.76
backbone_vdwclash=              176.30
Entropy_sidec   =               210.75
Entropy_mainc   =               606.81
water bonds     =               0.00
helix dipole    =               -1.32
loop_entropy    =               0.00
cis_bond        =               0.00
disulfide       =               0.00
kn electrostatic=               0.00
partial covalent interactions = 0.00
Energy_Ionisation =             2.72
Entropy Complex =               0.00
-----------------------------------------------------------
Total          = 				  152.93

Starting BuildModel
Reading NA323N;
Reading NA323Q;
Reading NA323C;
Reading NA323G;
Reading NA323P;
Reading NA323R;
Reading NA323H;
Reading NA323K;
Reading NA323D;
Reading NA323E;
Reading DA324A;
Reading DA324V;
Reading DA324I;
Reading DA324L;
Reading DA324M;
Reading DA324F;
Reading DA324Y;
Reading DA324W;
Reading DA324S;
Reading DA324T;
Reading DA324N;
Reading DA324Q;
Reading DA324C;
Reading DA324G;
Reading DA324P;
Reading DA324R;
Reading DA324H;
Reading DA324K;
Reading DA324D;
Reading DA324E;
Reading LA325A;
Reading LA325V;
Reading LA325I;
Reading LA325L;
Reading LA325M;
Reading LA325F;
Reading LA325Y;
Reading LA325W;
Reading LA325S;
Reading LA325T;
Reading LA325N;
Reading LA325Q;
Reading LA325C;
Reading LA325G;
Reading LA325P;
Reading LA325R;
Reading LA325H;
Reading LA325K;
Reading LA325D;
Reading LA325E;
Residue to Mutate ASNA323 has residue index 322
Residue to Mutate ASNA323 has residue index 322
Residue to Mutate ASNA323 has residue index 322
Residue to Mutate ASNA323 has residue index 322
Residue to Mutate ASNA323 has residue index 322
Residue to Mutate ASNA323 has residue index 322
Residue to Mutate ASNA323 has residue index 322
Residue to Mutate ASNA323 has residue index 322
Residue to Mutate ASNA323 has residue index 322
Residue to Mutate ASNA323 has residue index 322
Residue to Mutate ASPA324 has residue index 323
Residue to Mutate ASPA324 has residue index 323
Residue to Mutate ASPA324 has residue index 323
Residue to Mutate ASPA324 has residue index 323
Residue to Mutate ASPA324 has residue index 323
Residue to Mutate ASPA324 has residue index 323
Residue to Mutate ASPA324 has residue index 323
Residue to Mutate ASPA324 has residue index 323
Residue to Mutate ASPA324 has residue index 323
Residue to Mutate ASPA324 has residue index 323
Residue to Mutate ASPA324 has residue index 323
Residue to Mutate ASPA324 has residue index 323
Residue to Mutate ASPA324 has residue index 323
Residue to Mutate ASPA324 has residue index 323
Residue to Mutate ASPA324 has residue index 323
Residue to Mutate ASPA324 has residue index 323
Residue to Mutate ASPA324 has residue index 323
Residue to Mutate ASPA324 has residue index 323
Residue to Mutate ASPA324 has residue index 323
Residue to Mutate ASPA324 has residue index 323
Residue to Mutate LEUA325 has residue index 324
Residue to Mutate LEUA325 has residue index 324
Residue to Mutate LEUA325 has residue index 324
Residue to Mutate LEUA325 has residue index 324
Residue to Mutate LEUA325 has residue index 324
Residue to Mutate LEUA325 has residue index 324
Residue to Mutate LEUA325 has residue index 324
Residue to Mutate LEUA325 has residue index 324
Residue to Mutate LEUA325 has residue index 324
Residue to Mutate LEUA325 has residue index 324
Residue to Mutate LEUA325 has residue index 324
Residue to Mutate LEUA325 has residue index 324
Residue to Mutate LEUA325 has residue index 324
Residue to Mutate LEUA325 has residue index 324
Residue to Mutate LEUA325 has residue index 324
Residue to Mutate LEUA325 has residue index 324
Residue to Mutate LEUA325 has residue index 324
Residue to Mutate LEUA325 has residue index 324
Residue to Mutate LEUA325 has residue index 324
Residue to Mutate LEUA325 has residue index 324
Mutating residue = ASNA323 into ASN
Mutating residue = ASNA323 into GLN
Mutating residue = ASNA323 into CYS
Mutating residue = ASNA323 into GLY
Mutating residue = ASNA323 into PRO
Mutating residue = ASNA323 into ARG
Mutating residue = ASNA323 into HIS
Mutating residue = ASNA323 into LYS
Mutating residue = ASNA323 into ASP
Mutating residue = ASNA323 into GLU
Mutating residue = ASPA324 into ALA
Mutating residue = ASPA324 into VAL
Mutating residue = ASPA324 into ILE
Mutating residue = ASPA324 into LEU
Mutating residue = ASPA324 into MET
Mutating residue = ASPA324 into PHE
Mutating residue = ASPA324 into TYR
Mutating residue = ASPA324 into TRP
Mutating residue = ASPA324 into SER
Mutating residue = ASPA324 into THR
Mutating residue = ASPA324 into ASN
Mutating residue = ASPA324 into GLN
Mutating residue = ASPA324 into CYS
Mutating residue = ASPA324 into GLY
Mutating residue = ASPA324 into PRO
Mutating residue = ASPA324 into ARG
Mutating residue = ASPA324 into HIS
Mutating residue = ASPA324 into LYS
Mutating residue = ASPA324 into ASP
Mutating residue = ASPA324 into GLU
Mutating residue = LEUA325 into ALA
Mutating residue = LEUA325 into VAL
Mutating residue = LEUA325 into ILE
Mutating residue = LEUA325 into LEU
Mutating residue = LEUA325 into MET
Mutating residue = LEUA325 into PHE
Mutating residue = LEUA325 into TYR
Mutating residue = LEUA325 into TRP
Mutating residue = LEUA325 into SER
Mutating residue = LEUA325 into THR
Mutating residue = LEUA325 into ASN
Mutating residue = LEUA325 into GLN
Mutating residue = LEUA325 into CYS
Mutating residue = LEUA325 into GLY
Mutating residue = LEUA325 into PRO
Mutating residue = LEUA325 into ARG
Mutating residue = LEUA325 into HIS
Mutating residue = LEUA325 into LYS
Mutating residue = LEUA325 into ASP
Mutating residue = LEUA325 into GLU
Your file run OK
End time of FoldX: Sat May  9 16:28:12 2026
Total time spend: 657.05 seconds.
validated file "PTEN_1.pdb" => successfully finished
validated file "PTEN_2.pdb" => successfully finished
validated file "PTEN_3.pdb" => successfully finished
validated file "PTEN_4.pdb" => successfully finished
validated file "PTEN_5.pdb" => successfully finished
validated file "PTEN_6.pdb" => successfully finished
validated file "PTEN_7.pdb" => successfully finished
validated file "PTEN_8.pdb" => successfully finished
validated file "PTEN_9.pdb" => successfully finished
validated file "PTEN_10.pdb" => successfully finished
validated file "PTEN_11.pdb" => successfully finished
validated file "PTEN_12.pdb" => successfully finished
validated file "PTEN_13.pdb" => successfully finished
validated file "PTEN_14.pdb" => successfully finished
validated file "PTEN_15.pdb" => successfully finished
validated file "PTEN_16.pdb" => successfully finished
validated file "PTEN_17.pdb" => successfully finished
validated file "PTEN_18.pdb" => successfully finished
validated file "PTEN_19.pdb" => successfully finished
validated file "PTEN_20.pdb" => successfully finished
validated file "PTEN_21.pdb" => successfully finished
validated file "PTEN_22.pdb" => successfully finished
validated file "PTEN_23.pdb" => successfully finished
validated file "PTEN_24.pdb" => successfully finished
validated file "PTEN_25.pdb" => successfully finished
validated file "PTEN_26.pdb" => successfully finished
validated file "PTEN_27.pdb" => successfully finished
validated file "PTEN_28.pdb" => successfully finished
validated file "PTEN_29.pdb" => successfully finished
validated file "PTEN_30.pdb" => successfully finished
validated file "PTEN_31.pdb" => successfully finished
validated file "PTEN_32.pdb" => successfully finished
validated file "PTEN_33.pdb" => successfully finished
validated file "PTEN_34.pdb" => successfully finished
validated file "PTEN_35.pdb" => successfully finished
validated file "PTEN_36.pdb" => successfully finished
validated file "PTEN_37.pdb" => successfully finished
validated file "PTEN_38.pdb" => successfully finished
validated file "PTEN_39.pdb" => successfully finished
validated file "PTEN_40.pdb" => successfully finished
validated file "PTEN_41.pdb" => successfully finished
validated file "PTEN_42.pdb" => successfully finished
validated file "PTEN_43.pdb" => successfully finished
validated file "PTEN_44.pdb" => successfully finished
validated file "PTEN_45.pdb" => successfully finished
validated file "PTEN_46.pdb" => successfully finished
validated file "PTEN_47.pdb" => successfully finished
validated file "PTEN_48.pdb" => successfully finished
validated file "PTEN_49.pdb" => successfully finished
validated file "PTEN_50.pdb" => successfully finished
Cleaning BuildModel...DONE
任务 130 结果提取成功，已映射突变信息。
