   ********************************************
   ***                                      ***
   ***             FoldX 5.1 (c)            ***
   ***                                      ***
   ***     code by the FoldX Consortium     ***
   ***                                      ***
   ***     Jesper Borg, Frederic Rousseau   ***
   ***    Joost Schymkowitz, Luis Serrano   ***
   ***    Peter Vanhee, Erik Verschueren    ***
   ***     Lies Baeten, Javier Delgado      ***
   ***       and Francois Stricher          ***
   *** and any other of the 9! permutations ***
   ***   based on an original concept by    ***
   ***   Raphael Guerois and Luis Serrano   ***
   ********************************************

1 models read: PTEN.pdb
1 models read: PTEN.pdb

BackHbond       =               -227.30
SideHbond       =               -82.03
Energy_VdW      =               -403.58
Electro         =               -27.63
Energy_SolvP    =               559.36
Energy_SolvH    =               -526.04
Energy_vdwclash =               32.43
energy_torsion  =               8.76
backbone_vdwclash=              176.30
Entropy_sidec   =               210.75
Entropy_mainc   =               606.81
water bonds     =               0.00
helix dipole    =               -1.32
loop_entropy    =               0.00
cis_bond        =               0.00
disulfide       =               0.00
kn electrostatic=               0.00
partial covalent interactions = 0.00
Energy_Ionisation =             2.72
Entropy Complex =               0.00
-----------------------------------------------------------
Total          = 				  152.93


BackHbond       =               -227.30
SideHbond       =               -82.03
Energy_VdW      =               -403.58
Electro         =               -27.63
Energy_SolvP    =               559.36
Energy_SolvH    =               -526.04
Energy_vdwclash =               32.43
energy_torsion  =               8.76
backbone_vdwclash=              176.30
Entropy_sidec   =               210.75
Entropy_mainc   =               606.81
water bonds     =               0.00
helix dipole    =               -1.32
loop_entropy    =               0.00
cis_bond        =               0.00
disulfide       =               0.00
kn electrostatic=               0.00
partial covalent interactions = 0.00
Energy_Ionisation =             2.72
Entropy Complex =               0.00
-----------------------------------------------------------
Total          = 				  152.93

Starting BuildModel
Reading LA316A;
Reading LA316V;
Reading LA316I;
Reading LA316L;
Reading LA316M;
Reading LA316F;
Reading LA316Y;
Reading LA316W;
Reading LA316S;
Reading LA316T;
Reading LA316N;
Reading LA316Q;
Reading LA316C;
Reading LA316G;
Reading LA316P;
Reading LA316R;
Reading LA316H;
Reading LA316K;
Reading LA316D;
Reading LA316E;
Reading VA317A;
Reading VA317V;
Reading VA317I;
Reading VA317L;
Reading VA317M;
Reading VA317F;
Reading VA317Y;
Reading VA317W;
Reading VA317S;
Reading VA317T;
Reading VA317N;
Reading VA317Q;
Reading VA317C;
Reading VA317G;
Reading VA317P;
Reading VA317R;
Reading VA317H;
Reading VA317K;
Reading VA317D;
Reading VA317E;
Reading LA318A;
Reading LA318V;
Reading LA318I;
Reading LA318L;
Reading LA318M;
Reading LA318F;
Reading LA318Y;
Reading LA318W;
Reading LA318S;
Reading LA318T;
Residue to Mutate LEUA316 has residue index 315
Residue to Mutate LEUA316 has residue index 315
Residue to Mutate LEUA316 has residue index 315
Residue to Mutate LEUA316 has residue index 315
Residue to Mutate LEUA316 has residue index 315
Residue to Mutate LEUA316 has residue index 315
Residue to Mutate LEUA316 has residue index 315
Residue to Mutate LEUA316 has residue index 315
Residue to Mutate LEUA316 has residue index 315
Residue to Mutate LEUA316 has residue index 315
Residue to Mutate LEUA316 has residue index 315
Residue to Mutate LEUA316 has residue index 315
Residue to Mutate LEUA316 has residue index 315
Residue to Mutate LEUA316 has residue index 315
Residue to Mutate LEUA316 has residue index 315
Residue to Mutate LEUA316 has residue index 315
Residue to Mutate LEUA316 has residue index 315
Residue to Mutate LEUA316 has residue index 315
Residue to Mutate LEUA316 has residue index 315
Residue to Mutate LEUA316 has residue index 315
Residue to Mutate VALA317 has residue index 316
Residue to Mutate VALA317 has residue index 316
Residue to Mutate VALA317 has residue index 316
Residue to Mutate VALA317 has residue index 316
Residue to Mutate VALA317 has residue index 316
Residue to Mutate VALA317 has residue index 316
Residue to Mutate VALA317 has residue index 316
Residue to Mutate VALA317 has residue index 316
Residue to Mutate VALA317 has residue index 316
Residue to Mutate VALA317 has residue index 316
Residue to Mutate VALA317 has residue index 316
Residue to Mutate VALA317 has residue index 316
Residue to Mutate VALA317 has residue index 316
Residue to Mutate VALA317 has residue index 316
Residue to Mutate VALA317 has residue index 316
Residue to Mutate VALA317 has residue index 316
Residue to Mutate VALA317 has residue index 316
Residue to Mutate VALA317 has residue index 316
Residue to Mutate VALA317 has residue index 316
Residue to Mutate VALA317 has residue index 316
Residue to Mutate LEUA318 has residue index 317
Residue to Mutate LEUA318 has residue index 317
Residue to Mutate LEUA318 has residue index 317
Residue to Mutate LEUA318 has residue index 317
Residue to Mutate LEUA318 has residue index 317
Residue to Mutate LEUA318 has residue index 317
Residue to Mutate LEUA318 has residue index 317
Residue to Mutate LEUA318 has residue index 317
Residue to Mutate LEUA318 has residue index 317
Residue to Mutate LEUA318 has residue index 317
Mutating residue = LEUA316 into ALA
Mutating residue = LEUA316 into VAL
Mutating residue = LEUA316 into ILE
Mutating residue = LEUA316 into LEU
Mutating residue = LEUA316 into MET
Mutating residue = LEUA316 into PHE
Mutating residue = LEUA316 into TYR
Mutating residue = LEUA316 into TRP
Mutating residue = LEUA316 into SER
Mutating residue = LEUA316 into THR
Mutating residue = LEUA316 into ASN
Mutating residue = LEUA316 into GLN
Mutating residue = LEUA316 into CYS
Mutating residue = LEUA316 into GLY
Mutating residue = LEUA316 into PRO
Mutating residue = LEUA316 into ARG
Mutating residue = LEUA316 into HIS
Mutating residue = LEUA316 into LYS
Mutating residue = LEUA316 into ASP
Mutating residue = LEUA316 into GLU
Mutating residue = VALA317 into ALA
Mutating residue = VALA317 into VAL
Mutating residue = VALA317 into ILE
Mutating residue = VALA317 into LEU
Mutating residue = VALA317 into MET
Mutating residue = VALA317 into PHE
Mutating residue = VALA317 into TYR
Mutating residue = VALA317 into TRP
Mutating residue = VALA317 into SER
Mutating residue = VALA317 into THR
Mutating residue = VALA317 into ASN
Mutating residue = VALA317 into GLN
Mutating residue = VALA317 into CYS
Mutating residue = VALA317 into GLY
Mutating residue = VALA317 into PRO
Mutating residue = VALA317 into ARG
Mutating residue = VALA317 into HIS
Mutating residue = VALA317 into LYS
Mutating residue = VALA317 into ASP
Mutating residue = VALA317 into GLU
Mutating residue = LEUA318 into ALA
Mutating residue = LEUA318 into VAL
Mutating residue = LEUA318 into ILE
Mutating residue = LEUA318 into LEU
Mutating residue = LEUA318 into MET
Mutating residue = LEUA318 into PHE
Mutating residue = LEUA318 into TYR
Mutating residue = LEUA318 into TRP
Mutating residue = LEUA318 into SER
Mutating residue = LEUA318 into THR
Your file run OK
End time of FoldX: Sat May  9 16:24:15 2026
Total time spend: 420.89 seconds.
validated file "PTEN_1.pdb" => successfully finished
validated file "PTEN_2.pdb" => successfully finished
validated file "PTEN_3.pdb" => successfully finished
validated file "PTEN_4.pdb" => successfully finished
validated file "PTEN_5.pdb" => successfully finished
validated file "PTEN_6.pdb" => successfully finished
validated file "PTEN_7.pdb" => successfully finished
validated file "PTEN_8.pdb" => successfully finished
validated file "PTEN_9.pdb" => successfully finished
validated file "PTEN_10.pdb" => successfully finished
validated file "PTEN_11.pdb" => successfully finished
validated file "PTEN_12.pdb" => successfully finished
validated file "PTEN_13.pdb" => successfully finished
validated file "PTEN_14.pdb" => successfully finished
validated file "PTEN_15.pdb" => successfully finished
validated file "PTEN_16.pdb" => successfully finished
validated file "PTEN_17.pdb" => successfully finished
validated file "PTEN_18.pdb" => successfully finished
validated file "PTEN_19.pdb" => successfully finished
validated file "PTEN_20.pdb" => successfully finished
validated file "PTEN_21.pdb" => successfully finished
validated file "PTEN_22.pdb" => successfully finished
validated file "PTEN_23.pdb" => successfully finished
validated file "PTEN_24.pdb" => successfully finished
validated file "PTEN_25.pdb" => successfully finished
validated file "PTEN_26.pdb" => successfully finished
validated file "PTEN_27.pdb" => successfully finished
validated file "PTEN_28.pdb" => successfully finished
validated file "PTEN_29.pdb" => successfully finished
validated file "PTEN_30.pdb" => successfully finished
validated file "PTEN_31.pdb" => successfully finished
validated file "PTEN_32.pdb" => successfully finished
validated file "PTEN_33.pdb" => successfully finished
validated file "PTEN_34.pdb" => successfully finished
validated file "PTEN_35.pdb" => successfully finished
validated file "PTEN_36.pdb" => successfully finished
validated file "PTEN_37.pdb" => successfully finished
validated file "PTEN_38.pdb" => successfully finished
validated file "PTEN_39.pdb" => successfully finished
validated file "PTEN_40.pdb" => successfully finished
validated file "PTEN_41.pdb" => successfully finished
validated file "PTEN_42.pdb" => successfully finished
validated file "PTEN_43.pdb" => successfully finished
validated file "PTEN_44.pdb" => successfully finished
validated file "PTEN_45.pdb" => successfully finished
validated file "PTEN_46.pdb" => successfully finished
validated file "PTEN_47.pdb" => successfully finished
validated file "PTEN_48.pdb" => successfully finished
validated file "PTEN_49.pdb" => successfully finished
validated file "PTEN_50.pdb" => successfully finished
Cleaning BuildModel...DONE
任务 127 结果提取成功，已映射突变信息。
