   ********************************************
   ***                                      ***
   ***             FoldX 5.1 (c)            ***
   ***                                      ***
   ***     code by the FoldX Consortium     ***
   ***                                      ***
   ***     Jesper Borg, Frederic Rousseau   ***
   ***    Joost Schymkowitz, Luis Serrano   ***
   ***    Peter Vanhee, Erik Verschueren    ***
   ***     Lies Baeten, Javier Delgado      ***
   ***       and Francois Stricher          ***
   *** and any other of the 9! permutations ***
   ***   based on an original concept by    ***
   ***   Raphael Guerois and Luis Serrano   ***
   ********************************************

1 models read: PTEN.pdb
1 models read: PTEN.pdb

BackHbond       =               -227.30
SideHbond       =               -82.03
Energy_VdW      =               -403.58
Electro         =               -27.63
Energy_SolvP    =               559.36
Energy_SolvH    =               -526.04
Energy_vdwclash =               32.43
energy_torsion  =               8.76
backbone_vdwclash=              176.30
Entropy_sidec   =               210.75
Entropy_mainc   =               606.81
water bonds     =               0.00
helix dipole    =               -1.32
loop_entropy    =               0.00
cis_bond        =               0.00
disulfide       =               0.00
kn electrostatic=               0.00
partial covalent interactions = 0.00
Energy_Ionisation =             2.72
Entropy Complex =               0.00
-----------------------------------------------------------
Total          = 				  152.93


BackHbond       =               -227.30
SideHbond       =               -82.03
Energy_VdW      =               -403.58
Electro         =               -27.63
Energy_SolvP    =               559.36
Energy_SolvH    =               -526.04
Energy_vdwclash =               32.43
energy_torsion  =               8.76
backbone_vdwclash=              176.30
Entropy_sidec   =               210.75
Entropy_mainc   =               606.81
water bonds     =               0.00
helix dipole    =               -1.32
loop_entropy    =               0.00
cis_bond        =               0.00
disulfide       =               0.00
kn electrostatic=               0.00
partial covalent interactions = 0.00
Energy_Ionisation =             2.72
Entropy Complex =               0.00
-----------------------------------------------------------
Total          = 				  152.93

Starting BuildModel
Reading EA353N;
Reading EA353Q;
Reading EA353C;
Reading EA353G;
Reading EA353P;
Reading EA353R;
Reading EA353H;
Reading EA353K;
Reading EA353D;
Reading EA353E;
Reading PA354A;
Reading PA354V;
Reading PA354I;
Reading PA354L;
Reading PA354M;
Reading PA354F;
Reading PA354Y;
Reading PA354W;
Reading PA354S;
Reading PA354T;
Reading PA354N;
Reading PA354Q;
Reading PA354C;
Reading PA354G;
Reading PA354P;
Reading PA354R;
Reading PA354H;
Reading PA354K;
Reading PA354D;
Reading PA354E;
Reading SA355A;
Reading SA355V;
Reading SA355I;
Reading SA355L;
Reading SA355M;
Reading SA355F;
Reading SA355Y;
Reading SA355W;
Reading SA355S;
Reading SA355T;
Reading SA355N;
Reading SA355Q;
Reading SA355C;
Reading SA355G;
Reading SA355P;
Reading SA355R;
Reading SA355H;
Reading SA355K;
Reading SA355D;
Reading SA355E;
Residue to Mutate GLUA353 has residue index 352
Residue to Mutate GLUA353 has residue index 352
Residue to Mutate GLUA353 has residue index 352
Residue to Mutate GLUA353 has residue index 352
Residue to Mutate GLUA353 has residue index 352
Residue to Mutate GLUA353 has residue index 352
Residue to Mutate GLUA353 has residue index 352
Residue to Mutate GLUA353 has residue index 352
Residue to Mutate GLUA353 has residue index 352
Residue to Mutate GLUA353 has residue index 352
Residue to Mutate PROA354 has residue index 353
Residue to Mutate PROA354 has residue index 353
Residue to Mutate PROA354 has residue index 353
Residue to Mutate PROA354 has residue index 353
Residue to Mutate PROA354 has residue index 353
Residue to Mutate PROA354 has residue index 353
Residue to Mutate PROA354 has residue index 353
Residue to Mutate PROA354 has residue index 353
Residue to Mutate PROA354 has residue index 353
Residue to Mutate PROA354 has residue index 353
Residue to Mutate PROA354 has residue index 353
Residue to Mutate PROA354 has residue index 353
Residue to Mutate PROA354 has residue index 353
Residue to Mutate PROA354 has residue index 353
Residue to Mutate PROA354 has residue index 353
Residue to Mutate PROA354 has residue index 353
Residue to Mutate PROA354 has residue index 353
Residue to Mutate PROA354 has residue index 353
Residue to Mutate PROA354 has residue index 353
Residue to Mutate PROA354 has residue index 353
Residue to Mutate SERA355 has residue index 354
Residue to Mutate SERA355 has residue index 354
Residue to Mutate SERA355 has residue index 354
Residue to Mutate SERA355 has residue index 354
Residue to Mutate SERA355 has residue index 354
Residue to Mutate SERA355 has residue index 354
Residue to Mutate SERA355 has residue index 354
Residue to Mutate SERA355 has residue index 354
Residue to Mutate SERA355 has residue index 354
Residue to Mutate SERA355 has residue index 354
Residue to Mutate SERA355 has residue index 354
Residue to Mutate SERA355 has residue index 354
Residue to Mutate SERA355 has residue index 354
Residue to Mutate SERA355 has residue index 354
Residue to Mutate SERA355 has residue index 354
Residue to Mutate SERA355 has residue index 354
Residue to Mutate SERA355 has residue index 354
Residue to Mutate SERA355 has residue index 354
Residue to Mutate SERA355 has residue index 354
Residue to Mutate SERA355 has residue index 354
Mutating residue = GLUA353 into ASN
Mutating residue = GLUA353 into GLN
Mutating residue = GLUA353 into CYS
Mutating residue = GLUA353 into GLY
Mutating residue = GLUA353 into PRO
Mutating residue = GLUA353 into ARG
Mutating residue = GLUA353 into HIS
Mutating residue = GLUA353 into LYS
Mutating residue = GLUA353 into ASP
Mutating residue = GLUA353 into GLU
Mutating residue = PROA354 into ALA
Mutating residue = PROA354 into VAL
Mutating residue = PROA354 into ILE
Mutating residue = PROA354 into LEU
Mutating residue = PROA354 into MET
Mutating residue = PROA354 into PHE
Mutating residue = PROA354 into TYR
Mutating residue = PROA354 into TRP
Mutating residue = PROA354 into SER
Mutating residue = PROA354 into THR
Mutating residue = PROA354 into ASN
Mutating residue = PROA354 into GLN
Mutating residue = PROA354 into CYS
Mutating residue = PROA354 into GLY
Mutating residue = PROA354 into PRO
Mutating residue = PROA354 into ARG
Mutating residue = PROA354 into HIS
Mutating residue = PROA354 into LYS
Mutating residue = PROA354 into ASP
Mutating residue = PROA354 into GLU
Mutating residue = SERA355 into ALA
Mutating residue = SERA355 into VAL
Mutating residue = SERA355 into ILE
Mutating residue = SERA355 into LEU
Mutating residue = SERA355 into MET
Mutating residue = SERA355 into PHE
Mutating residue = SERA355 into TYR
Mutating residue = SERA355 into TRP
Mutating residue = SERA355 into SER
Mutating residue = SERA355 into THR
Mutating residue = SERA355 into ASN
Mutating residue = SERA355 into GLN
Mutating residue = SERA355 into CYS
Mutating residue = SERA355 into GLY
Mutating residue = SERA355 into PRO
Mutating residue = SERA355 into ARG
Mutating residue = SERA355 into HIS
Mutating residue = SERA355 into LYS
Mutating residue = SERA355 into ASP
Mutating residue = SERA355 into GLU
Your file run OK
End time of FoldX: Sat May  9 16:21:12 2026
Total time spend: 237.35 seconds.
validated file "PTEN_1.pdb" => successfully finished
validated file "PTEN_2.pdb" => successfully finished
validated file "PTEN_3.pdb" => successfully finished
validated file "PTEN_4.pdb" => successfully finished
validated file "PTEN_5.pdb" => successfully finished
validated file "PTEN_6.pdb" => successfully finished
validated file "PTEN_7.pdb" => successfully finished
validated file "PTEN_8.pdb" => successfully finished
validated file "PTEN_9.pdb" => successfully finished
validated file "PTEN_10.pdb" => successfully finished
validated file "PTEN_11.pdb" => successfully finished
validated file "PTEN_12.pdb" => successfully finished
validated file "PTEN_13.pdb" => successfully finished
validated file "PTEN_14.pdb" => successfully finished
validated file "PTEN_15.pdb" => successfully finished
validated file "PTEN_16.pdb" => successfully finished
validated file "PTEN_17.pdb" => successfully finished
validated file "PTEN_18.pdb" => successfully finished
validated file "PTEN_19.pdb" => successfully finished
validated file "PTEN_20.pdb" => successfully finished
validated file "PTEN_21.pdb" => successfully finished
validated file "PTEN_22.pdb" => successfully finished
validated file "PTEN_23.pdb" => successfully finished
validated file "PTEN_24.pdb" => successfully finished
validated file "PTEN_25.pdb" => successfully finished
validated file "PTEN_26.pdb" => successfully finished
validated file "PTEN_27.pdb" => successfully finished
validated file "PTEN_28.pdb" => successfully finished
validated file "PTEN_29.pdb" => successfully finished
validated file "PTEN_30.pdb" => successfully finished
validated file "PTEN_31.pdb" => successfully finished
validated file "PTEN_32.pdb" => successfully finished
validated file "PTEN_33.pdb" => successfully finished
validated file "PTEN_34.pdb" => successfully finished
validated file "PTEN_35.pdb" => successfully finished
validated file "PTEN_36.pdb" => successfully finished
validated file "PTEN_37.pdb" => successfully finished
validated file "PTEN_38.pdb" => successfully finished
validated file "PTEN_39.pdb" => successfully finished
validated file "PTEN_40.pdb" => successfully finished
validated file "PTEN_41.pdb" => successfully finished
validated file "PTEN_42.pdb" => successfully finished
validated file "PTEN_43.pdb" => successfully finished
validated file "PTEN_44.pdb" => successfully finished
validated file "PTEN_45.pdb" => successfully finished
validated file "PTEN_46.pdb" => successfully finished
validated file "PTEN_47.pdb" => successfully finished
validated file "PTEN_48.pdb" => successfully finished
validated file "PTEN_49.pdb" => successfully finished
validated file "PTEN_50.pdb" => successfully finished
Cleaning BuildModel...DONE
任务 142 结果提取成功，已映射突变信息。
