   ********************************************
   ***                                      ***
   ***             FoldX 5.1 (c)            ***
   ***                                      ***
   ***     code by the FoldX Consortium     ***
   ***                                      ***
   ***     Jesper Borg, Frederic Rousseau   ***
   ***    Joost Schymkowitz, Luis Serrano   ***
   ***    Peter Vanhee, Erik Verschueren    ***
   ***     Lies Baeten, Javier Delgado      ***
   ***       and Francois Stricher          ***
   *** and any other of the 9! permutations ***
   ***   based on an original concept by    ***
   ***   Raphael Guerois and Luis Serrano   ***
   ********************************************

1 models read: PTEN.pdb
1 models read: PTEN.pdb

BackHbond       =               -227.30
SideHbond       =               -82.03
Energy_VdW      =               -403.58
Electro         =               -27.63
Energy_SolvP    =               559.36
Energy_SolvH    =               -526.04
Energy_vdwclash =               32.43
energy_torsion  =               8.76
backbone_vdwclash=              176.30
Entropy_sidec   =               210.75
Entropy_mainc   =               606.81
water bonds     =               0.00
helix dipole    =               -1.32
loop_entropy    =               0.00
cis_bond        =               0.00
disulfide       =               0.00
kn electrostatic=               0.00
partial covalent interactions = 0.00
Energy_Ionisation =             2.72
Entropy Complex =               0.00
-----------------------------------------------------------
Total          = 				  152.93


BackHbond       =               -227.30
SideHbond       =               -82.03
Energy_VdW      =               -403.58
Electro         =               -27.63
Energy_SolvP    =               559.36
Energy_SolvH    =               -526.04
Energy_vdwclash =               32.43
energy_torsion  =               8.76
backbone_vdwclash=              176.30
Entropy_sidec   =               210.75
Entropy_mainc   =               606.81
water bonds     =               0.00
helix dipole    =               -1.32
loop_entropy    =               0.00
cis_bond        =               0.00
disulfide       =               0.00
kn electrostatic=               0.00
partial covalent interactions = 0.00
Energy_Ionisation =             2.72
Entropy Complex =               0.00
-----------------------------------------------------------
Total          = 				  152.93

Starting BuildModel
Reading DA393N;
Reading DA393Q;
Reading DA393C;
Reading DA393G;
Reading DA393P;
Reading DA393R;
Reading DA393H;
Reading DA393K;
Reading DA393D;
Reading DA393E;
Reading EA394A;
Reading EA394V;
Reading EA394I;
Reading EA394L;
Reading EA394M;
Reading EA394F;
Reading EA394Y;
Reading EA394W;
Reading EA394S;
Reading EA394T;
Reading EA394N;
Reading EA394Q;
Reading EA394C;
Reading EA394G;
Reading EA394P;
Reading EA394R;
Reading EA394H;
Reading EA394K;
Reading EA394D;
Reading EA394E;
Reading DA395A;
Reading DA395V;
Reading DA395I;
Reading DA395L;
Reading DA395M;
Reading DA395F;
Reading DA395Y;
Reading DA395W;
Reading DA395S;
Reading DA395T;
Reading DA395N;
Reading DA395Q;
Reading DA395C;
Reading DA395G;
Reading DA395P;
Reading DA395R;
Reading DA395H;
Reading DA395K;
Reading DA395D;
Reading DA395E;
Residue to Mutate ASPA393 has residue index 392
Residue to Mutate ASPA393 has residue index 392
Residue to Mutate ASPA393 has residue index 392
Residue to Mutate ASPA393 has residue index 392
Residue to Mutate ASPA393 has residue index 392
Residue to Mutate ASPA393 has residue index 392
Residue to Mutate ASPA393 has residue index 392
Residue to Mutate ASPA393 has residue index 392
Residue to Mutate ASPA393 has residue index 392
Residue to Mutate ASPA393 has residue index 392
Residue to Mutate GLUA394 has residue index 393
Residue to Mutate GLUA394 has residue index 393
Residue to Mutate GLUA394 has residue index 393
Residue to Mutate GLUA394 has residue index 393
Residue to Mutate GLUA394 has residue index 393
Residue to Mutate GLUA394 has residue index 393
Residue to Mutate GLUA394 has residue index 393
Residue to Mutate GLUA394 has residue index 393
Residue to Mutate GLUA394 has residue index 393
Residue to Mutate GLUA394 has residue index 393
Residue to Mutate GLUA394 has residue index 393
Residue to Mutate GLUA394 has residue index 393
Residue to Mutate GLUA394 has residue index 393
Residue to Mutate GLUA394 has residue index 393
Residue to Mutate GLUA394 has residue index 393
Residue to Mutate GLUA394 has residue index 393
Residue to Mutate GLUA394 has residue index 393
Residue to Mutate GLUA394 has residue index 393
Residue to Mutate GLUA394 has residue index 393
Residue to Mutate GLUA394 has residue index 393
Residue to Mutate ASPA395 has residue index 394
Residue to Mutate ASPA395 has residue index 394
Residue to Mutate ASPA395 has residue index 394
Residue to Mutate ASPA395 has residue index 394
Residue to Mutate ASPA395 has residue index 394
Residue to Mutate ASPA395 has residue index 394
Residue to Mutate ASPA395 has residue index 394
Residue to Mutate ASPA395 has residue index 394
Residue to Mutate ASPA395 has residue index 394
Residue to Mutate ASPA395 has residue index 394
Residue to Mutate ASPA395 has residue index 394
Residue to Mutate ASPA395 has residue index 394
Residue to Mutate ASPA395 has residue index 394
Residue to Mutate ASPA395 has residue index 394
Residue to Mutate ASPA395 has residue index 394
Residue to Mutate ASPA395 has residue index 394
Residue to Mutate ASPA395 has residue index 394
Residue to Mutate ASPA395 has residue index 394
Residue to Mutate ASPA395 has residue index 394
Residue to Mutate ASPA395 has residue index 394
Mutating residue = ASPA393 into ASN
Mutating residue = ASPA393 into GLN
Mutating residue = ASPA393 into CYS
Mutating residue = ASPA393 into GLY
Mutating residue = ASPA393 into PRO
Mutating residue = ASPA393 into ARG
Mutating residue = ASPA393 into HIS
Mutating residue = ASPA393 into LYS
Mutating residue = ASPA393 into ASP
Mutating residue = ASPA393 into GLU
Mutating residue = GLUA394 into ALA
Mutating residue = GLUA394 into VAL
Mutating residue = GLUA394 into ILE
Mutating residue = GLUA394 into LEU
Mutating residue = GLUA394 into MET
Mutating residue = GLUA394 into PHE
Mutating residue = GLUA394 into TYR
Mutating residue = GLUA394 into TRP
Mutating residue = GLUA394 into SER
Mutating residue = GLUA394 into THR
Mutating residue = GLUA394 into ASN
Mutating residue = GLUA394 into GLN
Mutating residue = GLUA394 into CYS
Mutating residue = GLUA394 into GLY
Mutating residue = GLUA394 into PRO
Mutating residue = GLUA394 into ARG
Mutating residue = GLUA394 into HIS
Mutating residue = GLUA394 into LYS
Mutating residue = GLUA394 into ASP
Mutating residue = GLUA394 into GLU
Mutating residue = ASPA395 into ALA
Mutating residue = ASPA395 into VAL
Mutating residue = ASPA395 into ILE
Mutating residue = ASPA395 into LEU
Mutating residue = ASPA395 into MET
Mutating residue = ASPA395 into PHE
Mutating residue = ASPA395 into TYR
Mutating residue = ASPA395 into TRP
Mutating residue = ASPA395 into SER
Mutating residue = ASPA395 into THR
Mutating residue = ASPA395 into ASN
Mutating residue = ASPA395 into GLN
Mutating residue = ASPA395 into CYS
Mutating residue = ASPA395 into GLY
Mutating residue = ASPA395 into PRO
Mutating residue = ASPA395 into ARG
Mutating residue = ASPA395 into HIS
Mutating residue = ASPA395 into LYS
Mutating residue = ASPA395 into ASP
Mutating residue = ASPA395 into GLU
Your file run OK
End time of FoldX: Sat May  9 16:18:27 2026
Total time spend: 72.91 seconds.
validated file "PTEN_1.pdb" => successfully finished
validated file "PTEN_2.pdb" => successfully finished
validated file "PTEN_3.pdb" => successfully finished
validated file "PTEN_4.pdb" => successfully finished
validated file "PTEN_5.pdb" => successfully finished
validated file "PTEN_6.pdb" => successfully finished
validated file "PTEN_7.pdb" => successfully finished
validated file "PTEN_8.pdb" => successfully finished
validated file "PTEN_9.pdb" => successfully finished
validated file "PTEN_10.pdb" => successfully finished
validated file "PTEN_11.pdb" => successfully finished
validated file "PTEN_12.pdb" => successfully finished
validated file "PTEN_13.pdb" => successfully finished
validated file "PTEN_14.pdb" => successfully finished
validated file "PTEN_15.pdb" => successfully finished
validated file "PTEN_16.pdb" => successfully finished
validated file "PTEN_17.pdb" => successfully finished
validated file "PTEN_18.pdb" => successfully finished
validated file "PTEN_19.pdb" => successfully finished
validated file "PTEN_20.pdb" => successfully finished
validated file "PTEN_21.pdb" => successfully finished
validated file "PTEN_22.pdb" => successfully finished
validated file "PTEN_23.pdb" => successfully finished
validated file "PTEN_24.pdb" => successfully finished
validated file "PTEN_25.pdb" => successfully finished
validated file "PTEN_26.pdb" => successfully finished
validated file "PTEN_27.pdb" => successfully finished
validated file "PTEN_28.pdb" => successfully finished
validated file "PTEN_29.pdb" => successfully finished
validated file "PTEN_30.pdb" => successfully finished
validated file "PTEN_31.pdb" => successfully finished
validated file "PTEN_32.pdb" => successfully finished
validated file "PTEN_33.pdb" => successfully finished
validated file "PTEN_34.pdb" => successfully finished
validated file "PTEN_35.pdb" => successfully finished
validated file "PTEN_36.pdb" => successfully finished
validated file "PTEN_37.pdb" => successfully finished
validated file "PTEN_38.pdb" => successfully finished
validated file "PTEN_39.pdb" => successfully finished
validated file "PTEN_40.pdb" => successfully finished
validated file "PTEN_41.pdb" => successfully finished
validated file "PTEN_42.pdb" => successfully finished
validated file "PTEN_43.pdb" => successfully finished
validated file "PTEN_44.pdb" => successfully finished
validated file "PTEN_45.pdb" => successfully finished
validated file "PTEN_46.pdb" => successfully finished
validated file "PTEN_47.pdb" => successfully finished
validated file "PTEN_48.pdb" => successfully finished
validated file "PTEN_49.pdb" => successfully finished
validated file "PTEN_50.pdb" => successfully finished
Cleaning BuildModel...DONE
任务 158 结果提取成功，已映射突变信息。
