   ********************************************
   ***                                      ***
   ***             FoldX 5.1 (c)            ***
   ***                                      ***
   ***     code by the FoldX Consortium     ***
   ***                                      ***
   ***     Jesper Borg, Frederic Rousseau   ***
   ***    Joost Schymkowitz, Luis Serrano   ***
   ***    Peter Vanhee, Erik Verschueren    ***
   ***     Lies Baeten, Javier Delgado      ***
   ***       and Francois Stricher          ***
   *** and any other of the 9! permutations ***
   ***   based on an original concept by    ***
   ***   Raphael Guerois and Luis Serrano   ***
   ********************************************

1 models read: PTEN.pdb
1 models read: PTEN.pdb

BackHbond       =               -227.30
SideHbond       =               -82.03
Energy_VdW      =               -403.58
Electro         =               -27.63
Energy_SolvP    =               559.36
Energy_SolvH    =               -526.04
Energy_vdwclash =               32.43
energy_torsion  =               8.76
backbone_vdwclash=              176.30
Entropy_sidec   =               210.75
Entropy_mainc   =               606.81
water bonds     =               0.00
helix dipole    =               -1.32
loop_entropy    =               0.00
cis_bond        =               0.00
disulfide       =               0.00
kn electrostatic=               0.00
partial covalent interactions = 0.00
Energy_Ionisation =             2.72
Entropy Complex =               0.00
-----------------------------------------------------------
Total          = 				  152.93


BackHbond       =               -227.30
SideHbond       =               -82.03
Energy_VdW      =               -403.58
Electro         =               -27.63
Energy_SolvP    =               559.36
Energy_SolvH    =               -526.04
Energy_vdwclash =               32.43
energy_torsion  =               8.76
backbone_vdwclash=              176.30
Entropy_sidec   =               210.75
Entropy_mainc   =               606.81
water bonds     =               0.00
helix dipole    =               -1.32
loop_entropy    =               0.00
cis_bond        =               0.00
disulfide       =               0.00
kn electrostatic=               0.00
partial covalent interactions = 0.00
Energy_Ionisation =             2.72
Entropy Complex =               0.00
-----------------------------------------------------------
Total          = 				  152.93

Starting BuildModel
Reading HA196A;
Reading HA196V;
Reading HA196I;
Reading HA196L;
Reading HA196M;
Reading HA196F;
Reading HA196Y;
Reading HA196W;
Reading HA196S;
Reading HA196T;
Reading HA196N;
Reading HA196Q;
Reading HA196C;
Reading HA196G;
Reading HA196P;
Reading HA196R;
Reading HA196H;
Reading HA196K;
Reading HA196D;
Reading HA196E;
Reading KA197A;
Reading KA197V;
Reading KA197I;
Reading KA197L;
Reading KA197M;
Reading KA197F;
Reading KA197Y;
Reading KA197W;
Reading KA197S;
Reading KA197T;
Reading KA197N;
Reading KA197Q;
Reading KA197C;
Reading KA197G;
Reading KA197P;
Reading KA197R;
Reading KA197H;
Reading KA197K;
Reading KA197D;
Reading KA197E;
Reading MA198A;
Reading MA198V;
Reading MA198I;
Reading MA198L;
Reading MA198M;
Reading MA198F;
Reading MA198Y;
Reading MA198W;
Reading MA198S;
Reading MA198T;
Residue to Mutate HISA196 has residue index 195
Residue to Mutate HISA196 has residue index 195
Residue to Mutate HISA196 has residue index 195
Residue to Mutate HISA196 has residue index 195
Residue to Mutate HISA196 has residue index 195
Residue to Mutate HISA196 has residue index 195
Residue to Mutate HISA196 has residue index 195
Residue to Mutate HISA196 has residue index 195
Residue to Mutate HISA196 has residue index 195
Residue to Mutate HISA196 has residue index 195
Residue to Mutate HISA196 has residue index 195
Residue to Mutate HISA196 has residue index 195
Residue to Mutate HISA196 has residue index 195
Residue to Mutate HISA196 has residue index 195
Residue to Mutate HISA196 has residue index 195
Residue to Mutate HISA196 has residue index 195
Residue to Mutate HISA196 has residue index 195
Residue to Mutate HISA196 has residue index 195
Residue to Mutate HISA196 has residue index 195
Residue to Mutate HISA196 has residue index 195
Residue to Mutate LYSA197 has residue index 196
Residue to Mutate LYSA197 has residue index 196
Residue to Mutate LYSA197 has residue index 196
Residue to Mutate LYSA197 has residue index 196
Residue to Mutate LYSA197 has residue index 196
Residue to Mutate LYSA197 has residue index 196
Residue to Mutate LYSA197 has residue index 196
Residue to Mutate LYSA197 has residue index 196
Residue to Mutate LYSA197 has residue index 196
Residue to Mutate LYSA197 has residue index 196
Residue to Mutate LYSA197 has residue index 196
Residue to Mutate LYSA197 has residue index 196
Residue to Mutate LYSA197 has residue index 196
Residue to Mutate LYSA197 has residue index 196
Residue to Mutate LYSA197 has residue index 196
Residue to Mutate LYSA197 has residue index 196
Residue to Mutate LYSA197 has residue index 196
Residue to Mutate LYSA197 has residue index 196
Residue to Mutate LYSA197 has residue index 196
Residue to Mutate LYSA197 has residue index 196
Residue to Mutate META198 has residue index 197
Residue to Mutate META198 has residue index 197
Residue to Mutate META198 has residue index 197
Residue to Mutate META198 has residue index 197
Residue to Mutate META198 has residue index 197
Residue to Mutate META198 has residue index 197
Residue to Mutate META198 has residue index 197
Residue to Mutate META198 has residue index 197
Residue to Mutate META198 has residue index 197
Residue to Mutate META198 has residue index 197
Mutating residue = H2SA196 into ALA
Mutating residue = H2SA196 into VAL
Mutating residue = H2SA196 into ILE
Mutating residue = H2SA196 into LEU
Mutating residue = H2SA196 into MET
Mutating residue = H2SA196 into PHE
Mutating residue = H2SA196 into TYR
Mutating residue = H2SA196 into TRP
Mutating residue = H2SA196 into SER
Mutating residue = H2SA196 into THR
Mutating residue = H2SA196 into ASN
Mutating residue = H2SA196 into GLN
Mutating residue = H2SA196 into CYS
Mutating residue = H2SA196 into GLY
Mutating residue = H2SA196 into PRO
Mutating residue = H2SA196 into ARG
Mutating residue = H2SA196 into HIS
Mutating residue = H2SA196 into LYS
Mutating residue = H2SA196 into ASP
Mutating residue = H2SA196 into GLU
Mutating residue = LYSA197 into ALA
Mutating residue = LYSA197 into VAL
Mutating residue = LYSA197 into ILE
Mutating residue = LYSA197 into LEU
Mutating residue = LYSA197 into MET
Mutating residue = LYSA197 into PHE
Mutating residue = LYSA197 into TYR
Mutating residue = LYSA197 into TRP
Mutating residue = LYSA197 into SER
Mutating residue = LYSA197 into THR
Mutating residue = LYSA197 into ASN
Mutating residue = LYSA197 into GLN
Mutating residue = LYSA197 into CYS
Mutating residue = LYSA197 into GLY
Mutating residue = LYSA197 into PRO
Mutating residue = LYSA197 into ARG
Mutating residue = LYSA197 into HIS
Mutating residue = LYSA197 into LYS
Mutating residue = LYSA197 into ASP
Mutating residue = LYSA197 into GLU
Mutating residue = META198 into ALA
Mutating residue = META198 into VAL
Mutating residue = META198 into ILE
Mutating residue = META198 into LEU
Mutating residue = META198 into MET
Mutating residue = META198 into PHE
Mutating residue = META198 into TYR
Mutating residue = META198 into TRP
Mutating residue = META198 into SER
Mutating residue = META198 into THR
Your file run OK
End time of FoldX: Sat May  9 16:36:35 2026
Total time spend: 1159.20 seconds.
validated file "PTEN_1.pdb" => successfully finished
validated file "PTEN_2.pdb" => successfully finished
validated file "PTEN_3.pdb" => successfully finished
validated file "PTEN_4.pdb" => successfully finished
validated file "PTEN_5.pdb" => successfully finished
validated file "PTEN_6.pdb" => successfully finished
validated file "PTEN_7.pdb" => successfully finished
validated file "PTEN_8.pdb" => successfully finished
validated file "PTEN_9.pdb" => successfully finished
validated file "PTEN_10.pdb" => successfully finished
validated file "PTEN_11.pdb" => successfully finished
validated file "PTEN_12.pdb" => successfully finished
validated file "PTEN_13.pdb" => successfully finished
validated file "PTEN_14.pdb" => successfully finished
validated file "PTEN_15.pdb" => successfully finished
validated file "PTEN_16.pdb" => successfully finished
validated file "PTEN_17.pdb" => successfully finished
validated file "PTEN_18.pdb" => successfully finished
validated file "PTEN_19.pdb" => successfully finished
validated file "PTEN_20.pdb" => successfully finished
validated file "PTEN_21.pdb" => successfully finished
validated file "PTEN_22.pdb" => successfully finished
validated file "PTEN_23.pdb" => successfully finished
validated file "PTEN_24.pdb" => successfully finished
validated file "PTEN_25.pdb" => successfully finished
validated file "PTEN_26.pdb" => successfully finished
validated file "PTEN_27.pdb" => successfully finished
validated file "PTEN_28.pdb" => successfully finished
validated file "PTEN_29.pdb" => successfully finished
validated file "PTEN_30.pdb" => successfully finished
validated file "PTEN_31.pdb" => successfully finished
validated file "PTEN_32.pdb" => successfully finished
validated file "PTEN_33.pdb" => successfully finished
validated file "PTEN_34.pdb" => successfully finished
validated file "PTEN_35.pdb" => successfully finished
validated file "PTEN_36.pdb" => successfully finished
validated file "PTEN_37.pdb" => successfully finished
validated file "PTEN_38.pdb" => successfully finished
validated file "PTEN_39.pdb" => successfully finished
validated file "PTEN_40.pdb" => successfully finished
validated file "PTEN_41.pdb" => successfully finished
validated file "PTEN_42.pdb" => successfully finished
validated file "PTEN_43.pdb" => successfully finished
validated file "PTEN_44.pdb" => successfully finished
validated file "PTEN_45.pdb" => successfully finished
validated file "PTEN_46.pdb" => successfully finished
validated file "PTEN_47.pdb" => successfully finished
validated file "PTEN_48.pdb" => successfully finished
validated file "PTEN_49.pdb" => successfully finished
validated file "PTEN_50.pdb" => successfully finished
Cleaning BuildModel...DONE
任务 79 结果提取成功，已映射突变信息。
