   ********************************************
   ***                                      ***
   ***             FoldX 5.1 (c)            ***
   ***                                      ***
   ***     code by the FoldX Consortium     ***
   ***                                      ***
   ***     Jesper Borg, Frederic Rousseau   ***
   ***    Joost Schymkowitz, Luis Serrano   ***
   ***    Peter Vanhee, Erik Verschueren    ***
   ***     Lies Baeten, Javier Delgado      ***
   ***       and Francois Stricher          ***
   *** and any other of the 9! permutations ***
   ***   based on an original concept by    ***
   ***   Raphael Guerois and Luis Serrano   ***
   ********************************************

1 models read: PTEN.pdb
1 models read: PTEN.pdb

BackHbond       =               -227.30
SideHbond       =               -82.03
Energy_VdW      =               -403.58
Electro         =               -27.63
Energy_SolvP    =               559.36
Energy_SolvH    =               -526.04
Energy_vdwclash =               32.43
energy_torsion  =               8.76
backbone_vdwclash=              176.30
Entropy_sidec   =               210.75
Entropy_mainc   =               606.81
water bonds     =               0.00
helix dipole    =               -1.32
loop_entropy    =               0.00
cis_bond        =               0.00
disulfide       =               0.00
kn electrostatic=               0.00
partial covalent interactions = 0.00
Energy_Ionisation =             2.72
Entropy Complex =               0.00
-----------------------------------------------------------
Total          = 				  152.93


BackHbond       =               -227.30
SideHbond       =               -82.03
Energy_VdW      =               -403.58
Electro         =               -27.63
Energy_SolvP    =               559.36
Energy_SolvH    =               -526.04
Energy_vdwclash =               32.43
energy_torsion  =               8.76
backbone_vdwclash=              176.30
Entropy_sidec   =               210.75
Entropy_mainc   =               606.81
water bonds     =               0.00
helix dipole    =               -1.32
loop_entropy    =               0.00
cis_bond        =               0.00
disulfide       =               0.00
kn electrostatic=               0.00
partial covalent interactions = 0.00
Energy_Ionisation =             2.72
Entropy Complex =               0.00
-----------------------------------------------------------
Total          = 				  152.93

Starting BuildModel
Reading AA121A;
Reading AA121V;
Reading AA121I;
Reading AA121L;
Reading AA121M;
Reading AA121F;
Reading AA121Y;
Reading AA121W;
Reading AA121S;
Reading AA121T;
Reading AA121N;
Reading AA121Q;
Reading AA121C;
Reading AA121G;
Reading AA121P;
Reading AA121R;
Reading AA121H;
Reading AA121K;
Reading AA121D;
Reading AA121E;
Reading IA122A;
Reading IA122V;
Reading IA122I;
Reading IA122L;
Reading IA122M;
Reading IA122F;
Reading IA122Y;
Reading IA122W;
Reading IA122S;
Reading IA122T;
Reading IA122N;
Reading IA122Q;
Reading IA122C;
Reading IA122G;
Reading IA122P;
Reading IA122R;
Reading IA122H;
Reading IA122K;
Reading IA122D;
Reading IA122E;
Reading HA123A;
Reading HA123V;
Reading HA123I;
Reading HA123L;
Reading HA123M;
Reading HA123F;
Reading HA123Y;
Reading HA123W;
Reading HA123S;
Reading HA123T;
Residue to Mutate ALAA121 has residue index 120
Residue to Mutate ALAA121 has residue index 120
Residue to Mutate ALAA121 has residue index 120
Residue to Mutate ALAA121 has residue index 120
Residue to Mutate ALAA121 has residue index 120
Residue to Mutate ALAA121 has residue index 120
Residue to Mutate ALAA121 has residue index 120
Residue to Mutate ALAA121 has residue index 120
Residue to Mutate ALAA121 has residue index 120
Residue to Mutate ALAA121 has residue index 120
Residue to Mutate ALAA121 has residue index 120
Residue to Mutate ALAA121 has residue index 120
Residue to Mutate ALAA121 has residue index 120
Residue to Mutate ALAA121 has residue index 120
Residue to Mutate ALAA121 has residue index 120
Residue to Mutate ALAA121 has residue index 120
Residue to Mutate ALAA121 has residue index 120
Residue to Mutate ALAA121 has residue index 120
Residue to Mutate ALAA121 has residue index 120
Residue to Mutate ALAA121 has residue index 120
Residue to Mutate ILEA122 has residue index 121
Residue to Mutate ILEA122 has residue index 121
Residue to Mutate ILEA122 has residue index 121
Residue to Mutate ILEA122 has residue index 121
Residue to Mutate ILEA122 has residue index 121
Residue to Mutate ILEA122 has residue index 121
Residue to Mutate ILEA122 has residue index 121
Residue to Mutate ILEA122 has residue index 121
Residue to Mutate ILEA122 has residue index 121
Residue to Mutate ILEA122 has residue index 121
Residue to Mutate ILEA122 has residue index 121
Residue to Mutate ILEA122 has residue index 121
Residue to Mutate ILEA122 has residue index 121
Residue to Mutate ILEA122 has residue index 121
Residue to Mutate ILEA122 has residue index 121
Residue to Mutate ILEA122 has residue index 121
Residue to Mutate ILEA122 has residue index 121
Residue to Mutate ILEA122 has residue index 121
Residue to Mutate ILEA122 has residue index 121
Residue to Mutate ILEA122 has residue index 121
Residue to Mutate HISA123 has residue index 122
Residue to Mutate HISA123 has residue index 122
Residue to Mutate HISA123 has residue index 122
Residue to Mutate HISA123 has residue index 122
Residue to Mutate HISA123 has residue index 122
Residue to Mutate HISA123 has residue index 122
Residue to Mutate HISA123 has residue index 122
Residue to Mutate HISA123 has residue index 122
Residue to Mutate HISA123 has residue index 122
Residue to Mutate HISA123 has residue index 122
Mutating residue = ALAA121 into ALA
Mutating residue = ALAA121 into VAL
Mutating residue = ALAA121 into ILE
Mutating residue = ALAA121 into LEU
Mutating residue = ALAA121 into MET
Mutating residue = ALAA121 into PHE
Mutating residue = ALAA121 into TYR
Mutating residue = ALAA121 into TRP
Mutating residue = ALAA121 into SER
Mutating residue = ALAA121 into THR
Mutating residue = ALAA121 into ASN
Mutating residue = ALAA121 into GLN
Mutating residue = ALAA121 into CYS
Mutating residue = ALAA121 into GLY
Mutating residue = ALAA121 into PRO
Mutating residue = ALAA121 into ARG
Mutating residue = ALAA121 into HIS
Mutating residue = ALAA121 into LYS
Mutating residue = ALAA121 into ASP
Mutating residue = ALAA121 into GLU
Mutating residue = ILEA122 into ALA
Mutating residue = ILEA122 into VAL
Mutating residue = ILEA122 into ILE
Mutating residue = ILEA122 into LEU
Mutating residue = ILEA122 into MET
Mutating residue = ILEA122 into PHE
Mutating residue = ILEA122 into TYR
Mutating residue = ILEA122 into TRP
Mutating residue = ILEA122 into SER
Mutating residue = ILEA122 into THR
Mutating residue = ILEA122 into ASN
Mutating residue = ILEA122 into GLN
Mutating residue = ILEA122 into CYS
Mutating residue = ILEA122 into GLY
Mutating residue = ILEA122 into PRO
Mutating residue = ILEA122 into ARG
Mutating residue = ILEA122 into HIS
Mutating residue = ILEA122 into LYS
Mutating residue = ILEA122 into ASP
Mutating residue = ILEA122 into GLU
Mutating residue = HISA123 into ALA
Mutating residue = HISA123 into VAL
Mutating residue = HISA123 into ILE
Mutating residue = HISA123 into LEU
Mutating residue = HISA123 into MET
Mutating residue = HISA123 into PHE
Mutating residue = HISA123 into TYR
Mutating residue = HISA123 into TRP
Mutating residue = HISA123 into SER
Mutating residue = HISA123 into THR
Your file run OK
End time of FoldX: Sat May  9 16:22:44 2026
Total time spend: 330.40 seconds.
validated file "PTEN_1.pdb" => successfully finished
validated file "PTEN_2.pdb" => successfully finished
validated file "PTEN_3.pdb" => successfully finished
validated file "PTEN_4.pdb" => successfully finished
validated file "PTEN_5.pdb" => successfully finished
validated file "PTEN_6.pdb" => successfully finished
validated file "PTEN_7.pdb" => successfully finished
validated file "PTEN_8.pdb" => successfully finished
validated file "PTEN_9.pdb" => successfully finished
validated file "PTEN_10.pdb" => successfully finished
validated file "PTEN_11.pdb" => successfully finished
validated file "PTEN_12.pdb" => successfully finished
validated file "PTEN_13.pdb" => successfully finished
validated file "PTEN_14.pdb" => successfully finished
validated file "PTEN_15.pdb" => successfully finished
validated file "PTEN_16.pdb" => successfully finished
validated file "PTEN_17.pdb" => successfully finished
validated file "PTEN_18.pdb" => successfully finished
validated file "PTEN_19.pdb" => successfully finished
validated file "PTEN_20.pdb" => successfully finished
validated file "PTEN_21.pdb" => successfully finished
validated file "PTEN_22.pdb" => successfully finished
validated file "PTEN_23.pdb" => successfully finished
validated file "PTEN_24.pdb" => successfully finished
validated file "PTEN_25.pdb" => successfully finished
validated file "PTEN_26.pdb" => successfully finished
validated file "PTEN_27.pdb" => successfully finished
validated file "PTEN_28.pdb" => successfully finished
validated file "PTEN_29.pdb" => successfully finished
validated file "PTEN_30.pdb" => successfully finished
validated file "PTEN_31.pdb" => successfully finished
validated file "PTEN_32.pdb" => successfully finished
validated file "PTEN_33.pdb" => successfully finished
validated file "PTEN_34.pdb" => successfully finished
validated file "PTEN_35.pdb" => successfully finished
validated file "PTEN_36.pdb" => successfully finished
validated file "PTEN_37.pdb" => successfully finished
validated file "PTEN_38.pdb" => successfully finished
validated file "PTEN_39.pdb" => successfully finished
validated file "PTEN_40.pdb" => successfully finished
validated file "PTEN_41.pdb" => successfully finished
validated file "PTEN_42.pdb" => successfully finished
validated file "PTEN_43.pdb" => successfully finished
validated file "PTEN_44.pdb" => successfully finished
validated file "PTEN_45.pdb" => successfully finished
validated file "PTEN_46.pdb" => successfully finished
validated file "PTEN_47.pdb" => successfully finished
validated file "PTEN_48.pdb" => successfully finished
validated file "PTEN_49.pdb" => successfully finished
validated file "PTEN_50.pdb" => successfully finished
Cleaning BuildModel...DONE
任务 49 结果提取成功，已映射突变信息。
