   ********************************************
   ***                                      ***
   ***             FoldX 5.1 (c)            ***
   ***                                      ***
   ***     code by the FoldX Consortium     ***
   ***                                      ***
   ***     Jesper Borg, Frederic Rousseau   ***
   ***    Joost Schymkowitz, Luis Serrano   ***
   ***    Peter Vanhee, Erik Verschueren    ***
   ***     Lies Baeten, Javier Delgado      ***
   ***       and Francois Stricher          ***
   *** and any other of the 9! permutations ***
   ***   based on an original concept by    ***
   ***   Raphael Guerois and Luis Serrano   ***
   ********************************************

1 models read: PTEN.pdb
1 models read: PTEN.pdb

BackHbond       =               -227.30
SideHbond       =               -82.03
Energy_VdW      =               -403.58
Electro         =               -27.63
Energy_SolvP    =               559.36
Energy_SolvH    =               -526.04
Energy_vdwclash =               32.43
energy_torsion  =               8.76
backbone_vdwclash=              176.30
Entropy_sidec   =               210.75
Entropy_mainc   =               606.81
water bonds     =               0.00
helix dipole    =               -1.32
loop_entropy    =               0.00
cis_bond        =               0.00
disulfide       =               0.00
kn electrostatic=               0.00
partial covalent interactions = 0.00
Energy_Ionisation =             2.72
Entropy Complex =               0.00
-----------------------------------------------------------
Total          = 				  152.93


BackHbond       =               -227.30
SideHbond       =               -82.03
Energy_VdW      =               -403.58
Electro         =               -27.63
Energy_SolvP    =               559.36
Energy_SolvH    =               -526.04
Energy_vdwclash =               32.43
energy_torsion  =               8.76
backbone_vdwclash=              176.30
Entropy_sidec   =               210.75
Entropy_mainc   =               606.81
water bonds     =               0.00
helix dipole    =               -1.32
loop_entropy    =               0.00
cis_bond        =               0.00
disulfide       =               0.00
kn electrostatic=               0.00
partial covalent interactions = 0.00
Energy_Ionisation =             2.72
Entropy Complex =               0.00
-----------------------------------------------------------
Total          = 				  152.93

Starting BuildModel
Reading MA198N;
Reading MA198Q;
Reading MA198C;
Reading MA198G;
Reading MA198P;
Reading MA198R;
Reading MA198H;
Reading MA198K;
Reading MA198D;
Reading MA198E;
Reading MA199A;
Reading MA199V;
Reading MA199I;
Reading MA199L;
Reading MA199M;
Reading MA199F;
Reading MA199Y;
Reading MA199W;
Reading MA199S;
Reading MA199T;
Reading MA199N;
Reading MA199Q;
Reading MA199C;
Reading MA199G;
Reading MA199P;
Reading MA199R;
Reading MA199H;
Reading MA199K;
Reading MA199D;
Reading MA199E;
Reading FA200A;
Reading FA200V;
Reading FA200I;
Reading FA200L;
Reading FA200M;
Reading FA200F;
Reading FA200Y;
Reading FA200W;
Reading FA200S;
Reading FA200T;
Reading FA200N;
Reading FA200Q;
Reading FA200C;
Reading FA200G;
Reading FA200P;
Reading FA200R;
Reading FA200H;
Reading FA200K;
Reading FA200D;
Reading FA200E;
Residue to Mutate META198 has residue index 197
Residue to Mutate META198 has residue index 197
Residue to Mutate META198 has residue index 197
Residue to Mutate META198 has residue index 197
Residue to Mutate META198 has residue index 197
Residue to Mutate META198 has residue index 197
Residue to Mutate META198 has residue index 197
Residue to Mutate META198 has residue index 197
Residue to Mutate META198 has residue index 197
Residue to Mutate META198 has residue index 197
Residue to Mutate META199 has residue index 198
Residue to Mutate META199 has residue index 198
Residue to Mutate META199 has residue index 198
Residue to Mutate META199 has residue index 198
Residue to Mutate META199 has residue index 198
Residue to Mutate META199 has residue index 198
Residue to Mutate META199 has residue index 198
Residue to Mutate META199 has residue index 198
Residue to Mutate META199 has residue index 198
Residue to Mutate META199 has residue index 198
Residue to Mutate META199 has residue index 198
Residue to Mutate META199 has residue index 198
Residue to Mutate META199 has residue index 198
Residue to Mutate META199 has residue index 198
Residue to Mutate META199 has residue index 198
Residue to Mutate META199 has residue index 198
Residue to Mutate META199 has residue index 198
Residue to Mutate META199 has residue index 198
Residue to Mutate META199 has residue index 198
Residue to Mutate META199 has residue index 198
Residue to Mutate PHEA200 has residue index 199
Residue to Mutate PHEA200 has residue index 199
Residue to Mutate PHEA200 has residue index 199
Residue to Mutate PHEA200 has residue index 199
Residue to Mutate PHEA200 has residue index 199
Residue to Mutate PHEA200 has residue index 199
Residue to Mutate PHEA200 has residue index 199
Residue to Mutate PHEA200 has residue index 199
Residue to Mutate PHEA200 has residue index 199
Residue to Mutate PHEA200 has residue index 199
Residue to Mutate PHEA200 has residue index 199
Residue to Mutate PHEA200 has residue index 199
Residue to Mutate PHEA200 has residue index 199
Residue to Mutate PHEA200 has residue index 199
Residue to Mutate PHEA200 has residue index 199
Residue to Mutate PHEA200 has residue index 199
Residue to Mutate PHEA200 has residue index 199
Residue to Mutate PHEA200 has residue index 199
Residue to Mutate PHEA200 has residue index 199
Residue to Mutate PHEA200 has residue index 199
Mutating residue = META198 into ASN
Mutating residue = META198 into GLN
Mutating residue = META198 into CYS
Mutating residue = META198 into GLY
Mutating residue = META198 into PRO
Mutating residue = META198 into ARG
Mutating residue = META198 into HIS
Mutating residue = META198 into LYS
Mutating residue = META198 into ASP
Mutating residue = META198 into GLU
Mutating residue = META199 into ALA
Mutating residue = META199 into VAL
Mutating residue = META199 into ILE
Mutating residue = META199 into LEU
Mutating residue = META199 into MET
Mutating residue = META199 into PHE
Mutating residue = META199 into TYR
Mutating residue = META199 into TRP
Mutating residue = META199 into SER
Mutating residue = META199 into THR
Mutating residue = META199 into ASN
Mutating residue = META199 into GLN
Mutating residue = META199 into CYS
Mutating residue = META199 into GLY
Mutating residue = META199 into PRO
Mutating residue = META199 into ARG
Mutating residue = META199 into HIS
Mutating residue = META199 into LYS
Mutating residue = META199 into ASP
Mutating residue = META199 into GLU
Mutating residue = PHEA200 into ALA
Mutating residue = PHEA200 into VAL
Mutating residue = PHEA200 into ILE
Mutating residue = PHEA200 into LEU
Mutating residue = PHEA200 into MET
Mutating residue = PHEA200 into PHE
Mutating residue = PHEA200 into TYR
Mutating residue = PHEA200 into TRP
Mutating residue = PHEA200 into SER
Mutating residue = PHEA200 into THR
Mutating residue = PHEA200 into ASN
Mutating residue = PHEA200 into GLN
Mutating residue = PHEA200 into CYS
Mutating residue = PHEA200 into GLY
Mutating residue = PHEA200 into PRO
Mutating residue = PHEA200 into ARG
Mutating residue = PHEA200 into HIS
Mutating residue = PHEA200 into LYS
Mutating residue = PHEA200 into ASP
Mutating residue = PHEA200 into GLU
Your file run OK
End time of FoldX: Sat May  9 16:22:50 2026
Total time spend: 336.49 seconds.
validated file "PTEN_1.pdb" => successfully finished
validated file "PTEN_2.pdb" => successfully finished
validated file "PTEN_3.pdb" => successfully finished
validated file "PTEN_4.pdb" => successfully finished
validated file "PTEN_5.pdb" => successfully finished
validated file "PTEN_6.pdb" => successfully finished
validated file "PTEN_7.pdb" => successfully finished
validated file "PTEN_8.pdb" => successfully finished
validated file "PTEN_9.pdb" => successfully finished
validated file "PTEN_10.pdb" => successfully finished
validated file "PTEN_11.pdb" => successfully finished
validated file "PTEN_12.pdb" => successfully finished
validated file "PTEN_13.pdb" => successfully finished
validated file "PTEN_14.pdb" => successfully finished
validated file "PTEN_15.pdb" => successfully finished
validated file "PTEN_16.pdb" => successfully finished
validated file "PTEN_17.pdb" => successfully finished
validated file "PTEN_18.pdb" => successfully finished
validated file "PTEN_19.pdb" => successfully finished
validated file "PTEN_20.pdb" => successfully finished
validated file "PTEN_21.pdb" => successfully finished
validated file "PTEN_22.pdb" => successfully finished
validated file "PTEN_23.pdb" => successfully finished
validated file "PTEN_24.pdb" => successfully finished
validated file "PTEN_25.pdb" => successfully finished
validated file "PTEN_26.pdb" => successfully finished
validated file "PTEN_27.pdb" => successfully finished
validated file "PTEN_28.pdb" => successfully finished
validated file "PTEN_29.pdb" => successfully finished
validated file "PTEN_30.pdb" => successfully finished
validated file "PTEN_31.pdb" => successfully finished
validated file "PTEN_32.pdb" => successfully finished
validated file "PTEN_33.pdb" => successfully finished
validated file "PTEN_34.pdb" => successfully finished
validated file "PTEN_35.pdb" => successfully finished
validated file "PTEN_36.pdb" => successfully finished
validated file "PTEN_37.pdb" => successfully finished
validated file "PTEN_38.pdb" => successfully finished
validated file "PTEN_39.pdb" => successfully finished
validated file "PTEN_40.pdb" => successfully finished
validated file "PTEN_41.pdb" => successfully finished
validated file "PTEN_42.pdb" => successfully finished
validated file "PTEN_43.pdb" => successfully finished
validated file "PTEN_44.pdb" => successfully finished
validated file "PTEN_45.pdb" => successfully finished
validated file "PTEN_46.pdb" => successfully finished
validated file "PTEN_47.pdb" => successfully finished
validated file "PTEN_48.pdb" => successfully finished
validated file "PTEN_49.pdb" => successfully finished
validated file "PTEN_50.pdb" => successfully finished
Cleaning BuildModel...DONE
任务 80 结果提取成功，已映射突变信息。
