   ********************************************
   ***                                      ***
   ***             FoldX 5.1 (c)            ***
   ***                                      ***
   ***     code by the FoldX Consortium     ***
   ***                                      ***
   ***     Jesper Borg, Frederic Rousseau   ***
   ***    Joost Schymkowitz, Luis Serrano   ***
   ***    Peter Vanhee, Erik Verschueren    ***
   ***     Lies Baeten, Javier Delgado      ***
   ***       and Francois Stricher          ***
   *** and any other of the 9! permutations ***
   ***   based on an original concept by    ***
   ***   Raphael Guerois and Luis Serrano   ***
   ********************************************

1 models read: PTEN.pdb
1 models read: PTEN.pdb

BackHbond       =               -227.30
SideHbond       =               -82.03
Energy_VdW      =               -403.58
Electro         =               -27.63
Energy_SolvP    =               559.36
Energy_SolvH    =               -526.04
Energy_vdwclash =               32.43
energy_torsion  =               8.76
backbone_vdwclash=              176.30
Entropy_sidec   =               210.75
Entropy_mainc   =               606.81
water bonds     =               0.00
helix dipole    =               -1.32
loop_entropy    =               0.00
cis_bond        =               0.00
disulfide       =               0.00
kn electrostatic=               0.00
partial covalent interactions = 0.00
Energy_Ionisation =             2.72
Entropy Complex =               0.00
-----------------------------------------------------------
Total          = 				  152.93


BackHbond       =               -227.30
SideHbond       =               -82.03
Energy_VdW      =               -403.58
Electro         =               -27.63
Energy_SolvP    =               559.36
Energy_SolvH    =               -526.04
Energy_vdwclash =               32.43
energy_torsion  =               8.76
backbone_vdwclash=              176.30
Entropy_sidec   =               210.75
Entropy_mainc   =               606.81
water bonds     =               0.00
helix dipole    =               -1.32
loop_entropy    =               0.00
cis_bond        =               0.00
disulfide       =               0.00
kn electrostatic=               0.00
partial covalent interactions = 0.00
Energy_Ionisation =             2.72
Entropy Complex =               0.00
-----------------------------------------------------------
Total          = 				  152.93

Starting BuildModel
Reading SA361A;
Reading SA361V;
Reading SA361I;
Reading SA361L;
Reading SA361M;
Reading SA361F;
Reading SA361Y;
Reading SA361W;
Reading SA361S;
Reading SA361T;
Reading SA361N;
Reading SA361Q;
Reading SA361C;
Reading SA361G;
Reading SA361P;
Reading SA361R;
Reading SA361H;
Reading SA361K;
Reading SA361D;
Reading SA361E;
Reading SA362A;
Reading SA362V;
Reading SA362I;
Reading SA362L;
Reading SA362M;
Reading SA362F;
Reading SA362Y;
Reading SA362W;
Reading SA362S;
Reading SA362T;
Reading SA362N;
Reading SA362Q;
Reading SA362C;
Reading SA362G;
Reading SA362P;
Reading SA362R;
Reading SA362H;
Reading SA362K;
Reading SA362D;
Reading SA362E;
Reading TA363A;
Reading TA363V;
Reading TA363I;
Reading TA363L;
Reading TA363M;
Reading TA363F;
Reading TA363Y;
Reading TA363W;
Reading TA363S;
Reading TA363T;
Residue to Mutate SERA361 has residue index 360
Residue to Mutate SERA361 has residue index 360
Residue to Mutate SERA361 has residue index 360
Residue to Mutate SERA361 has residue index 360
Residue to Mutate SERA361 has residue index 360
Residue to Mutate SERA361 has residue index 360
Residue to Mutate SERA361 has residue index 360
Residue to Mutate SERA361 has residue index 360
Residue to Mutate SERA361 has residue index 360
Residue to Mutate SERA361 has residue index 360
Residue to Mutate SERA361 has residue index 360
Residue to Mutate SERA361 has residue index 360
Residue to Mutate SERA361 has residue index 360
Residue to Mutate SERA361 has residue index 360
Residue to Mutate SERA361 has residue index 360
Residue to Mutate SERA361 has residue index 360
Residue to Mutate SERA361 has residue index 360
Residue to Mutate SERA361 has residue index 360
Residue to Mutate SERA361 has residue index 360
Residue to Mutate SERA361 has residue index 360
Residue to Mutate SERA362 has residue index 361
Residue to Mutate SERA362 has residue index 361
Residue to Mutate SERA362 has residue index 361
Residue to Mutate SERA362 has residue index 361
Residue to Mutate SERA362 has residue index 361
Residue to Mutate SERA362 has residue index 361
Residue to Mutate SERA362 has residue index 361
Residue to Mutate SERA362 has residue index 361
Residue to Mutate SERA362 has residue index 361
Residue to Mutate SERA362 has residue index 361
Residue to Mutate SERA362 has residue index 361
Residue to Mutate SERA362 has residue index 361
Residue to Mutate SERA362 has residue index 361
Residue to Mutate SERA362 has residue index 361
Residue to Mutate SERA362 has residue index 361
Residue to Mutate SERA362 has residue index 361
Residue to Mutate SERA362 has residue index 361
Residue to Mutate SERA362 has residue index 361
Residue to Mutate SERA362 has residue index 361
Residue to Mutate SERA362 has residue index 361
Residue to Mutate THRA363 has residue index 362
Residue to Mutate THRA363 has residue index 362
Residue to Mutate THRA363 has residue index 362
Residue to Mutate THRA363 has residue index 362
Residue to Mutate THRA363 has residue index 362
Residue to Mutate THRA363 has residue index 362
Residue to Mutate THRA363 has residue index 362
Residue to Mutate THRA363 has residue index 362
Residue to Mutate THRA363 has residue index 362
Residue to Mutate THRA363 has residue index 362
Mutating residue = SERA361 into ALA
Mutating residue = SERA361 into VAL
Mutating residue = SERA361 into ILE
Mutating residue = SERA361 into LEU
Mutating residue = SERA361 into MET
Mutating residue = SERA361 into PHE
Mutating residue = SERA361 into TYR
Mutating residue = SERA361 into TRP
Mutating residue = SERA361 into SER
Mutating residue = SERA361 into THR
Mutating residue = SERA361 into ASN
Mutating residue = SERA361 into GLN
Mutating residue = SERA361 into CYS
Mutating residue = SERA361 into GLY
Mutating residue = SERA361 into PRO
Mutating residue = SERA361 into ARG
Mutating residue = SERA361 into HIS
Mutating residue = SERA361 into LYS
Mutating residue = SERA361 into ASP
Mutating residue = SERA361 into GLU
Mutating residue = SERA362 into ALA
Mutating residue = SERA362 into VAL
Mutating residue = SERA362 into ILE
Mutating residue = SERA362 into LEU
Mutating residue = SERA362 into MET
Mutating residue = SERA362 into PHE
Mutating residue = SERA362 into TYR
Mutating residue = SERA362 into TRP
Mutating residue = SERA362 into SER
Mutating residue = SERA362 into THR
Mutating residue = SERA362 into ASN
Mutating residue = SERA362 into GLN
Mutating residue = SERA362 into CYS
Mutating residue = SERA362 into GLY
Mutating residue = SERA362 into PRO
Mutating residue = SERA362 into ARG
Mutating residue = SERA362 into HIS
Mutating residue = SERA362 into LYS
Mutating residue = SERA362 into ASP
Mutating residue = SERA362 into GLU
Mutating residue = THRA363 into ALA
Mutating residue = THRA363 into VAL
Mutating residue = THRA363 into ILE
Mutating residue = THRA363 into LEU
Mutating residue = THRA363 into MET
Mutating residue = THRA363 into PHE
Mutating residue = THRA363 into TYR
Mutating residue = THRA363 into TRP
Mutating residue = THRA363 into SER
Mutating residue = THRA363 into THR
Your file run OK
End time of FoldX: Sat May  9 16:17:42 2026
Total time spend: 27.57 seconds.
validated file "PTEN_1.pdb" => successfully finished
validated file "PTEN_2.pdb" => successfully finished
validated file "PTEN_3.pdb" => successfully finished
validated file "PTEN_4.pdb" => successfully finished
validated file "PTEN_5.pdb" => successfully finished
validated file "PTEN_6.pdb" => successfully finished
validated file "PTEN_7.pdb" => successfully finished
validated file "PTEN_8.pdb" => successfully finished
validated file "PTEN_9.pdb" => successfully finished
validated file "PTEN_10.pdb" => successfully finished
validated file "PTEN_11.pdb" => successfully finished
validated file "PTEN_12.pdb" => successfully finished
validated file "PTEN_13.pdb" => successfully finished
validated file "PTEN_14.pdb" => successfully finished
validated file "PTEN_15.pdb" => successfully finished
validated file "PTEN_16.pdb" => successfully finished
validated file "PTEN_17.pdb" => successfully finished
validated file "PTEN_18.pdb" => successfully finished
validated file "PTEN_19.pdb" => successfully finished
validated file "PTEN_20.pdb" => successfully finished
validated file "PTEN_21.pdb" => successfully finished
validated file "PTEN_22.pdb" => successfully finished
validated file "PTEN_23.pdb" => successfully finished
validated file "PTEN_24.pdb" => successfully finished
validated file "PTEN_25.pdb" => successfully finished
validated file "PTEN_26.pdb" => successfully finished
validated file "PTEN_27.pdb" => successfully finished
validated file "PTEN_28.pdb" => successfully finished
validated file "PTEN_29.pdb" => successfully finished
validated file "PTEN_30.pdb" => successfully finished
validated file "PTEN_31.pdb" => successfully finished
validated file "PTEN_32.pdb" => successfully finished
validated file "PTEN_33.pdb" => successfully finished
validated file "PTEN_34.pdb" => successfully finished
validated file "PTEN_35.pdb" => successfully finished
validated file "PTEN_36.pdb" => successfully finished
validated file "PTEN_37.pdb" => successfully finished
validated file "PTEN_38.pdb" => successfully finished
validated file "PTEN_39.pdb" => successfully finished
validated file "PTEN_40.pdb" => successfully finished
validated file "PTEN_41.pdb" => successfully finished
validated file "PTEN_42.pdb" => successfully finished
validated file "PTEN_43.pdb" => successfully finished
validated file "PTEN_44.pdb" => successfully finished
validated file "PTEN_45.pdb" => successfully finished
validated file "PTEN_46.pdb" => successfully finished
validated file "PTEN_47.pdb" => successfully finished
validated file "PTEN_48.pdb" => successfully finished
validated file "PTEN_49.pdb" => successfully finished
validated file "PTEN_50.pdb" => successfully finished
Cleaning BuildModel...DONE
任务 145 结果提取成功，已映射突变信息。
