   ********************************************
   ***                                      ***
   ***             FoldX 5.1 (c)            ***
   ***                                      ***
   ***     code by the FoldX Consortium     ***
   ***                                      ***
   ***     Jesper Borg, Frederic Rousseau   ***
   ***    Joost Schymkowitz, Luis Serrano   ***
   ***    Peter Vanhee, Erik Verschueren    ***
   ***     Lies Baeten, Javier Delgado      ***
   ***       and Francois Stricher          ***
   *** and any other of the 9! permutations ***
   ***   based on an original concept by    ***
   ***   Raphael Guerois and Luis Serrano   ***
   ********************************************

1 models read: PTEN.pdb
1 models read: PTEN.pdb

BackHbond       =               -227.30
SideHbond       =               -82.03
Energy_VdW      =               -403.58
Electro         =               -27.63
Energy_SolvP    =               559.36
Energy_SolvH    =               -526.04
Energy_vdwclash =               32.43
energy_torsion  =               8.76
backbone_vdwclash=              176.30
Entropy_sidec   =               210.75
Entropy_mainc   =               606.81
water bonds     =               0.00
helix dipole    =               -1.32
loop_entropy    =               0.00
cis_bond        =               0.00
disulfide       =               0.00
kn electrostatic=               0.00
partial covalent interactions = 0.00
Energy_Ionisation =             2.72
Entropy Complex =               0.00
-----------------------------------------------------------
Total          = 				  152.93


BackHbond       =               -227.30
SideHbond       =               -82.03
Energy_VdW      =               -403.58
Electro         =               -27.63
Energy_SolvP    =               559.36
Energy_SolvH    =               -526.04
Energy_vdwclash =               32.43
energy_torsion  =               8.76
backbone_vdwclash=              176.30
Entropy_sidec   =               210.75
Entropy_mainc   =               606.81
water bonds     =               0.00
helix dipole    =               -1.32
loop_entropy    =               0.00
cis_bond        =               0.00
disulfide       =               0.00
kn electrostatic=               0.00
partial covalent interactions = 0.00
Energy_Ionisation =             2.72
Entropy Complex =               0.00
-----------------------------------------------------------
Total          = 				  152.93

Starting BuildModel
Reading EA43N;
Reading EA43Q;
Reading EA43C;
Reading EA43G;
Reading EA43P;
Reading EA43R;
Reading EA43H;
Reading EA43K;
Reading EA43D;
Reading EA43E;
Reading GA44A;
Reading GA44V;
Reading GA44I;
Reading GA44L;
Reading GA44M;
Reading GA44F;
Reading GA44Y;
Reading GA44W;
Reading GA44S;
Reading GA44T;
Reading GA44N;
Reading GA44Q;
Reading GA44C;
Reading GA44G;
Reading GA44P;
Reading GA44R;
Reading GA44H;
Reading GA44K;
Reading GA44D;
Reading GA44E;
Reading VA45A;
Reading VA45V;
Reading VA45I;
Reading VA45L;
Reading VA45M;
Reading VA45F;
Reading VA45Y;
Reading VA45W;
Reading VA45S;
Reading VA45T;
Reading VA45N;
Reading VA45Q;
Reading VA45C;
Reading VA45G;
Reading VA45P;
Reading VA45R;
Reading VA45H;
Reading VA45K;
Reading VA45D;
Reading VA45E;
Residue to Mutate GLUA43 has residue index 42
Residue to Mutate GLUA43 has residue index 42
Residue to Mutate GLUA43 has residue index 42
Residue to Mutate GLUA43 has residue index 42
Residue to Mutate GLUA43 has residue index 42
Residue to Mutate GLUA43 has residue index 42
Residue to Mutate GLUA43 has residue index 42
Residue to Mutate GLUA43 has residue index 42
Residue to Mutate GLUA43 has residue index 42
Residue to Mutate GLUA43 has residue index 42
Residue to Mutate GLYA44 has residue index 43
Residue to Mutate GLYA44 has residue index 43
Residue to Mutate GLYA44 has residue index 43
Residue to Mutate GLYA44 has residue index 43
Residue to Mutate GLYA44 has residue index 43
Residue to Mutate GLYA44 has residue index 43
Residue to Mutate GLYA44 has residue index 43
Residue to Mutate GLYA44 has residue index 43
Residue to Mutate GLYA44 has residue index 43
Residue to Mutate GLYA44 has residue index 43
Residue to Mutate GLYA44 has residue index 43
Residue to Mutate GLYA44 has residue index 43
Residue to Mutate GLYA44 has residue index 43
Residue to Mutate GLYA44 has residue index 43
Residue to Mutate GLYA44 has residue index 43
Residue to Mutate GLYA44 has residue index 43
Residue to Mutate GLYA44 has residue index 43
Residue to Mutate GLYA44 has residue index 43
Residue to Mutate GLYA44 has residue index 43
Residue to Mutate GLYA44 has residue index 43
Residue to Mutate VALA45 has residue index 44
Residue to Mutate VALA45 has residue index 44
Residue to Mutate VALA45 has residue index 44
Residue to Mutate VALA45 has residue index 44
Residue to Mutate VALA45 has residue index 44
Residue to Mutate VALA45 has residue index 44
Residue to Mutate VALA45 has residue index 44
Residue to Mutate VALA45 has residue index 44
Residue to Mutate VALA45 has residue index 44
Residue to Mutate VALA45 has residue index 44
Residue to Mutate VALA45 has residue index 44
Residue to Mutate VALA45 has residue index 44
Residue to Mutate VALA45 has residue index 44
Residue to Mutate VALA45 has residue index 44
Residue to Mutate VALA45 has residue index 44
Residue to Mutate VALA45 has residue index 44
Residue to Mutate VALA45 has residue index 44
Residue to Mutate VALA45 has residue index 44
Residue to Mutate VALA45 has residue index 44
Residue to Mutate VALA45 has residue index 44
Mutating residue = GLUA43 into ASN
Mutating residue = GLUA43 into GLN
Mutating residue = GLUA43 into CYS
Mutating residue = GLUA43 into GLY
Mutating residue = GLUA43 into PRO
Mutating residue = GLUA43 into ARG
Mutating residue = GLUA43 into HIS
Mutating residue = GLUA43 into LYS
Mutating residue = GLUA43 into ASP
Mutating residue = GLUA43 into GLU
Mutating residue = GLYA44 into ALA
Mutating residue = GLYA44 into VAL
Mutating residue = GLYA44 into ILE
Mutating residue = GLYA44 into LEU
Mutating residue = GLYA44 into MET
Mutating residue = GLYA44 into PHE
Mutating residue = GLYA44 into TYR
Mutating residue = GLYA44 into TRP
Mutating residue = GLYA44 into SER
Mutating residue = GLYA44 into THR
Mutating residue = GLYA44 into ASN
Mutating residue = GLYA44 into GLN
Mutating residue = GLYA44 into CYS
Mutating residue = GLYA44 into GLY
Mutating residue = GLYA44 into PRO
Mutating residue = GLYA44 into ARG
Mutating residue = GLYA44 into HIS
Mutating residue = GLYA44 into LYS
Mutating residue = GLYA44 into ASP
Mutating residue = GLYA44 into GLU
Mutating residue = VALA45 into ALA
Mutating residue = VALA45 into VAL
Mutating residue = VALA45 into ILE
Mutating residue = VALA45 into LEU
Mutating residue = VALA45 into MET
Mutating residue = VALA45 into PHE
Mutating residue = VALA45 into TYR
Mutating residue = VALA45 into TRP
Mutating residue = VALA45 into SER
Mutating residue = VALA45 into THR
Mutating residue = VALA45 into ASN
Mutating residue = VALA45 into GLN
Mutating residue = VALA45 into CYS
Mutating residue = VALA45 into GLY
Mutating residue = VALA45 into PRO
Mutating residue = VALA45 into ARG
Mutating residue = VALA45 into HIS
Mutating residue = VALA45 into LYS
Mutating residue = VALA45 into ASP
Mutating residue = VALA45 into GLU
Your file run OK
End time of FoldX: Sat May  9 16:25:52 2026
Total time spend: 519.79 seconds.
validated file "PTEN_1.pdb" => successfully finished
validated file "PTEN_2.pdb" => successfully finished
validated file "PTEN_3.pdb" => successfully finished
validated file "PTEN_4.pdb" => successfully finished
validated file "PTEN_5.pdb" => successfully finished
validated file "PTEN_6.pdb" => successfully finished
validated file "PTEN_7.pdb" => successfully finished
validated file "PTEN_8.pdb" => successfully finished
validated file "PTEN_9.pdb" => successfully finished
validated file "PTEN_10.pdb" => successfully finished
validated file "PTEN_11.pdb" => successfully finished
validated file "PTEN_12.pdb" => successfully finished
validated file "PTEN_13.pdb" => successfully finished
validated file "PTEN_14.pdb" => successfully finished
validated file "PTEN_15.pdb" => successfully finished
validated file "PTEN_16.pdb" => successfully finished
validated file "PTEN_17.pdb" => successfully finished
validated file "PTEN_18.pdb" => successfully finished
validated file "PTEN_19.pdb" => successfully finished
validated file "PTEN_20.pdb" => successfully finished
validated file "PTEN_21.pdb" => successfully finished
validated file "PTEN_22.pdb" => successfully finished
validated file "PTEN_23.pdb" => successfully finished
validated file "PTEN_24.pdb" => successfully finished
validated file "PTEN_25.pdb" => successfully finished
validated file "PTEN_26.pdb" => successfully finished
validated file "PTEN_27.pdb" => successfully finished
validated file "PTEN_28.pdb" => successfully finished
validated file "PTEN_29.pdb" => successfully finished
validated file "PTEN_30.pdb" => successfully finished
validated file "PTEN_31.pdb" => successfully finished
validated file "PTEN_32.pdb" => successfully finished
validated file "PTEN_33.pdb" => successfully finished
validated file "PTEN_34.pdb" => successfully finished
validated file "PTEN_35.pdb" => successfully finished
validated file "PTEN_36.pdb" => successfully finished
validated file "PTEN_37.pdb" => successfully finished
validated file "PTEN_38.pdb" => successfully finished
validated file "PTEN_39.pdb" => successfully finished
validated file "PTEN_40.pdb" => successfully finished
validated file "PTEN_41.pdb" => successfully finished
validated file "PTEN_42.pdb" => successfully finished
validated file "PTEN_43.pdb" => successfully finished
validated file "PTEN_44.pdb" => successfully finished
validated file "PTEN_45.pdb" => successfully finished
validated file "PTEN_46.pdb" => successfully finished
validated file "PTEN_47.pdb" => successfully finished
validated file "PTEN_48.pdb" => successfully finished
validated file "PTEN_49.pdb" => successfully finished
validated file "PTEN_50.pdb" => successfully finished
Cleaning BuildModel...DONE
任务 18 结果提取成功，已映射突变信息。
