   ********************************************
   ***                                      ***
   ***             FoldX 5.1 (c)            ***
   ***                                      ***
   ***     code by the FoldX Consortium     ***
   ***                                      ***
   ***     Jesper Borg, Frederic Rousseau   ***
   ***    Joost Schymkowitz, Luis Serrano   ***
   ***    Peter Vanhee, Erik Verschueren    ***
   ***     Lies Baeten, Javier Delgado      ***
   ***       and Francois Stricher          ***
   *** and any other of the 9! permutations ***
   ***   based on an original concept by    ***
   ***   Raphael Guerois and Luis Serrano   ***
   ********************************************

1 models read: PTEN.pdb
1 models read: PTEN.pdb

BackHbond       =               -227.30
SideHbond       =               -82.03
Energy_VdW      =               -403.58
Electro         =               -27.63
Energy_SolvP    =               559.36
Energy_SolvH    =               -526.04
Energy_vdwclash =               32.43
energy_torsion  =               8.76
backbone_vdwclash=              176.30
Entropy_sidec   =               210.75
Entropy_mainc   =               606.81
water bonds     =               0.00
helix dipole    =               -1.32
loop_entropy    =               0.00
cis_bond        =               0.00
disulfide       =               0.00
kn electrostatic=               0.00
partial covalent interactions = 0.00
Energy_Ionisation =             2.72
Entropy Complex =               0.00
-----------------------------------------------------------
Total          = 				  152.93


BackHbond       =               -227.30
SideHbond       =               -82.03
Energy_VdW      =               -403.58
Electro         =               -27.63
Energy_SolvP    =               559.36
Energy_SolvH    =               -526.04
Energy_vdwclash =               32.43
energy_torsion  =               8.76
backbone_vdwclash=              176.30
Entropy_sidec   =               210.75
Entropy_mainc   =               606.81
water bonds     =               0.00
helix dipole    =               -1.32
loop_entropy    =               0.00
cis_bond        =               0.00
disulfide       =               0.00
kn electrostatic=               0.00
partial covalent interactions = 0.00
Energy_Ionisation =             2.72
Entropy Complex =               0.00
-----------------------------------------------------------
Total          = 				  152.93

Starting BuildModel
Reading FA258N;
Reading FA258Q;
Reading FA258C;
Reading FA258G;
Reading FA258P;
Reading FA258R;
Reading FA258H;
Reading FA258K;
Reading FA258D;
Reading FA258E;
Reading HA259A;
Reading HA259V;
Reading HA259I;
Reading HA259L;
Reading HA259M;
Reading HA259F;
Reading HA259Y;
Reading HA259W;
Reading HA259S;
Reading HA259T;
Reading HA259N;
Reading HA259Q;
Reading HA259C;
Reading HA259G;
Reading HA259P;
Reading HA259R;
Reading HA259H;
Reading HA259K;
Reading HA259D;
Reading HA259E;
Reading KA260A;
Reading KA260V;
Reading KA260I;
Reading KA260L;
Reading KA260M;
Reading KA260F;
Reading KA260Y;
Reading KA260W;
Reading KA260S;
Reading KA260T;
Reading KA260N;
Reading KA260Q;
Reading KA260C;
Reading KA260G;
Reading KA260P;
Reading KA260R;
Reading KA260H;
Reading KA260K;
Reading KA260D;
Reading KA260E;
Residue to Mutate PHEA258 has residue index 257
Residue to Mutate PHEA258 has residue index 257
Residue to Mutate PHEA258 has residue index 257
Residue to Mutate PHEA258 has residue index 257
Residue to Mutate PHEA258 has residue index 257
Residue to Mutate PHEA258 has residue index 257
Residue to Mutate PHEA258 has residue index 257
Residue to Mutate PHEA258 has residue index 257
Residue to Mutate PHEA258 has residue index 257
Residue to Mutate PHEA258 has residue index 257
Residue to Mutate HISA259 has residue index 258
Residue to Mutate HISA259 has residue index 258
Residue to Mutate HISA259 has residue index 258
Residue to Mutate HISA259 has residue index 258
Residue to Mutate HISA259 has residue index 258
Residue to Mutate HISA259 has residue index 258
Residue to Mutate HISA259 has residue index 258
Residue to Mutate HISA259 has residue index 258
Residue to Mutate HISA259 has residue index 258
Residue to Mutate HISA259 has residue index 258
Residue to Mutate HISA259 has residue index 258
Residue to Mutate HISA259 has residue index 258
Residue to Mutate HISA259 has residue index 258
Residue to Mutate HISA259 has residue index 258
Residue to Mutate HISA259 has residue index 258
Residue to Mutate HISA259 has residue index 258
Residue to Mutate HISA259 has residue index 258
Residue to Mutate HISA259 has residue index 258
Residue to Mutate HISA259 has residue index 258
Residue to Mutate HISA259 has residue index 258
Residue to Mutate LYSA260 has residue index 259
Residue to Mutate LYSA260 has residue index 259
Residue to Mutate LYSA260 has residue index 259
Residue to Mutate LYSA260 has residue index 259
Residue to Mutate LYSA260 has residue index 259
Residue to Mutate LYSA260 has residue index 259
Residue to Mutate LYSA260 has residue index 259
Residue to Mutate LYSA260 has residue index 259
Residue to Mutate LYSA260 has residue index 259
Residue to Mutate LYSA260 has residue index 259
Residue to Mutate LYSA260 has residue index 259
Residue to Mutate LYSA260 has residue index 259
Residue to Mutate LYSA260 has residue index 259
Residue to Mutate LYSA260 has residue index 259
Residue to Mutate LYSA260 has residue index 259
Residue to Mutate LYSA260 has residue index 259
Residue to Mutate LYSA260 has residue index 259
Residue to Mutate LYSA260 has residue index 259
Residue to Mutate LYSA260 has residue index 259
Residue to Mutate LYSA260 has residue index 259
Mutating residue = PHEA258 into ASN
Mutating residue = PHEA258 into GLN
Mutating residue = PHEA258 into CYS
Mutating residue = PHEA258 into GLY
Mutating residue = PHEA258 into PRO
Mutating residue = PHEA258 into ARG
Mutating residue = PHEA258 into HIS
Mutating residue = PHEA258 into LYS
Mutating residue = PHEA258 into ASP
Mutating residue = PHEA258 into GLU
Mutating residue = H2SA259 into ALA
Mutating residue = H2SA259 into VAL
Mutating residue = H2SA259 into ILE
Mutating residue = H2SA259 into LEU
Mutating residue = H2SA259 into MET
Mutating residue = H2SA259 into PHE
Mutating residue = H2SA259 into TYR
Mutating residue = H2SA259 into TRP
Mutating residue = H2SA259 into SER
Mutating residue = H2SA259 into THR
Mutating residue = H2SA259 into ASN
Mutating residue = H2SA259 into GLN
Mutating residue = H2SA259 into CYS
Mutating residue = H2SA259 into GLY
Mutating residue = H2SA259 into PRO
Mutating residue = H2SA259 into ARG
Mutating residue = H2SA259 into HIS
Mutating residue = H2SA259 into LYS
Mutating residue = H2SA259 into ASP
Mutating residue = H2SA259 into GLU
Mutating residue = LYSA260 into ALA
Mutating residue = LYSA260 into VAL
Mutating residue = LYSA260 into ILE
Mutating residue = LYSA260 into LEU
Mutating residue = LYSA260 into MET
Mutating residue = LYSA260 into PHE
Mutating residue = LYSA260 into TYR
Mutating residue = LYSA260 into TRP
Mutating residue = LYSA260 into SER
Mutating residue = LYSA260 into THR
Mutating residue = LYSA260 into ASN
Mutating residue = LYSA260 into GLN
Mutating residue = LYSA260 into CYS
Mutating residue = LYSA260 into GLY
Mutating residue = LYSA260 into PRO
Mutating residue = LYSA260 into ARG
Mutating residue = LYSA260 into HIS
Mutating residue = LYSA260 into LYS
Mutating residue = LYSA260 into ASP
Mutating residue = LYSA260 into GLU
Your file run OK
End time of FoldX: Sat May  9 16:26:35 2026
Total time spend: 559.07 seconds.
validated file "PTEN_1.pdb" => successfully finished
validated file "PTEN_2.pdb" => successfully finished
validated file "PTEN_3.pdb" => successfully finished
validated file "PTEN_4.pdb" => successfully finished
validated file "PTEN_5.pdb" => successfully finished
validated file "PTEN_6.pdb" => successfully finished
validated file "PTEN_7.pdb" => successfully finished
validated file "PTEN_8.pdb" => successfully finished
validated file "PTEN_9.pdb" => successfully finished
validated file "PTEN_10.pdb" => successfully finished
validated file "PTEN_11.pdb" => successfully finished
validated file "PTEN_12.pdb" => successfully finished
validated file "PTEN_13.pdb" => successfully finished
validated file "PTEN_14.pdb" => successfully finished
validated file "PTEN_15.pdb" => successfully finished
validated file "PTEN_16.pdb" => successfully finished
validated file "PTEN_17.pdb" => successfully finished
validated file "PTEN_18.pdb" => successfully finished
validated file "PTEN_19.pdb" => successfully finished
validated file "PTEN_20.pdb" => successfully finished
validated file "PTEN_21.pdb" => successfully finished
validated file "PTEN_22.pdb" => successfully finished
validated file "PTEN_23.pdb" => successfully finished
validated file "PTEN_24.pdb" => successfully finished
validated file "PTEN_25.pdb" => successfully finished
validated file "PTEN_26.pdb" => successfully finished
validated file "PTEN_27.pdb" => successfully finished
validated file "PTEN_28.pdb" => successfully finished
validated file "PTEN_29.pdb" => successfully finished
validated file "PTEN_30.pdb" => successfully finished
validated file "PTEN_31.pdb" => successfully finished
validated file "PTEN_32.pdb" => successfully finished
validated file "PTEN_33.pdb" => successfully finished
validated file "PTEN_34.pdb" => successfully finished
validated file "PTEN_35.pdb" => successfully finished
validated file "PTEN_36.pdb" => successfully finished
validated file "PTEN_37.pdb" => successfully finished
validated file "PTEN_38.pdb" => successfully finished
validated file "PTEN_39.pdb" => successfully finished
validated file "PTEN_40.pdb" => successfully finished
validated file "PTEN_41.pdb" => successfully finished
validated file "PTEN_42.pdb" => successfully finished
validated file "PTEN_43.pdb" => successfully finished
validated file "PTEN_44.pdb" => successfully finished
validated file "PTEN_45.pdb" => successfully finished
validated file "PTEN_46.pdb" => successfully finished
validated file "PTEN_47.pdb" => successfully finished
validated file "PTEN_48.pdb" => successfully finished
validated file "PTEN_49.pdb" => successfully finished
validated file "PTEN_50.pdb" => successfully finished
Cleaning BuildModel...DONE
任务 104 结果提取成功，已映射突变信息。
