   ********************************************
   ***                                      ***
   ***             FoldX 5.1 (c)            ***
   ***                                      ***
   ***     code by the FoldX Consortium     ***
   ***                                      ***
   ***     Jesper Borg, Frederic Rousseau   ***
   ***    Joost Schymkowitz, Luis Serrano   ***
   ***    Peter Vanhee, Erik Verschueren    ***
   ***     Lies Baeten, Javier Delgado      ***
   ***       and Francois Stricher          ***
   *** and any other of the 9! permutations ***
   ***   based on an original concept by    ***
   ***   Raphael Guerois and Luis Serrano   ***
   ********************************************

1 models read: RASH.pdb
1 models read: RASH.pdb

BackHbond       =               -119.56
SideHbond       =               -30.66
Energy_VdW      =               -189.28
Electro         =               -11.61
Energy_SolvP    =               271.10
Energy_SolvH    =               -245.82
Energy_vdwclash =               13.82
energy_torsion  =               3.00
backbone_vdwclash=              105.77
Entropy_sidec   =               98.60
Entropy_mainc   =               271.56
water bonds     =               0.00
helix dipole    =               -0.83
loop_entropy    =               0.00
cis_bond        =               1.12
disulfide       =               0.00
kn electrostatic=               0.00
partial covalent interactions = 0.00
Energy_Ionisation =             0.20
Entropy Complex =               0.00
-----------------------------------------------------------
Total          = 				  61.65


BackHbond       =               -119.56
SideHbond       =               -30.66
Energy_VdW      =               -189.28
Electro         =               -11.61
Energy_SolvP    =               271.10
Energy_SolvH    =               -245.82
Energy_vdwclash =               13.82
energy_torsion  =               3.00
backbone_vdwclash=              105.77
Entropy_sidec   =               98.60
Entropy_mainc   =               271.56
water bonds     =               0.00
helix dipole    =               -0.83
loop_entropy    =               0.00
cis_bond        =               1.12
disulfide       =               0.00
kn electrostatic=               0.00
partial covalent interactions = 0.00
Energy_Ionisation =             0.20
Entropy Complex =               0.00
-----------------------------------------------------------
Total          = 				  61.65

Starting BuildModel
Reading LA159C;
Reading VA160Y;
Reading VA160C;
Reading VA160W;
Reading VA160T;
Reading VA160S;
Reading VA160R;
Reading VA160Q;
Reading VA160P;
Reading VA160N;
Reading VA160M;
Reading VA160K;
Reading VA160I;
Reading VA160H;
Reading VA160G;
Reading VA160F;
Reading VA160E;
Reading VA160D;
Reading VA160L;
Reading VA160A;
Reading RA161W;
Reading RA161V;
Reading RA161A;
Reading RA161Y;
Reading RA161C;
Reading RA161D;
Reading RA161E;
Reading RA161F;
Reading RA161G;
Reading RA161I;
Reading RA161K;
Reading RA161H;
Reading RA161M;
Reading RA161N;
Reading RA161P;
Reading RA161Q;
Reading RA161S;
Reading RA161T;
Reading RA161L;
Reading EA162W;
Reading EA162H;
Reading EA162C;
Reading EA162D;
Reading EA162F;
Reading EA162G;
Reading EA162I;
Reading EA162A;
Reading EA162L;
Reading EA162M;
Reading EA162N;
Residue to Mutate LEUA159 has residue index 158
Residue to Mutate VALA160 has residue index 159
Residue to Mutate VALA160 has residue index 159
Residue to Mutate VALA160 has residue index 159
Residue to Mutate VALA160 has residue index 159
Residue to Mutate VALA160 has residue index 159
Residue to Mutate VALA160 has residue index 159
Residue to Mutate VALA160 has residue index 159
Residue to Mutate VALA160 has residue index 159
Residue to Mutate VALA160 has residue index 159
Residue to Mutate VALA160 has residue index 159
Residue to Mutate VALA160 has residue index 159
Residue to Mutate VALA160 has residue index 159
Residue to Mutate VALA160 has residue index 159
Residue to Mutate VALA160 has residue index 159
Residue to Mutate VALA160 has residue index 159
Residue to Mutate VALA160 has residue index 159
Residue to Mutate VALA160 has residue index 159
Residue to Mutate VALA160 has residue index 159
Residue to Mutate VALA160 has residue index 159
Residue to Mutate ARGA161 has residue index 160
Residue to Mutate ARGA161 has residue index 160
Residue to Mutate ARGA161 has residue index 160
Residue to Mutate ARGA161 has residue index 160
Residue to Mutate ARGA161 has residue index 160
Residue to Mutate ARGA161 has residue index 160
Residue to Mutate ARGA161 has residue index 160
Residue to Mutate ARGA161 has residue index 160
Residue to Mutate ARGA161 has residue index 160
Residue to Mutate ARGA161 has residue index 160
Residue to Mutate ARGA161 has residue index 160
Residue to Mutate ARGA161 has residue index 160
Residue to Mutate ARGA161 has residue index 160
Residue to Mutate ARGA161 has residue index 160
Residue to Mutate ARGA161 has residue index 160
Residue to Mutate ARGA161 has residue index 160
Residue to Mutate ARGA161 has residue index 160
Residue to Mutate ARGA161 has residue index 160
Residue to Mutate ARGA161 has residue index 160
Residue to Mutate GLUA162 has residue index 161
Residue to Mutate GLUA162 has residue index 161
Residue to Mutate GLUA162 has residue index 161
Residue to Mutate GLUA162 has residue index 161
Residue to Mutate GLUA162 has residue index 161
Residue to Mutate GLUA162 has residue index 161
Residue to Mutate GLUA162 has residue index 161
Residue to Mutate GLUA162 has residue index 161
Residue to Mutate GLUA162 has residue index 161
Residue to Mutate GLUA162 has residue index 161
Residue to Mutate GLUA162 has residue index 161
Mutating residue = LEUA159 into CYS
Mutating residue = VALA160 into TYR
Mutating residue = VALA160 into CYS
Mutating residue = VALA160 into TRP
Mutating residue = VALA160 into THR
Mutating residue = VALA160 into SER
Mutating residue = VALA160 into ARG
Mutating residue = VALA160 into GLN
Mutating residue = VALA160 into PRO
Mutating residue = VALA160 into ASN
Mutating residue = VALA160 into MET
Mutating residue = VALA160 into LYS
Mutating residue = VALA160 into ILE
Mutating residue = VALA160 into HIS
Mutating residue = VALA160 into GLY
Mutating residue = VALA160 into PHE
Mutating residue = VALA160 into GLU
Mutating residue = VALA160 into ASP
Mutating residue = VALA160 into LEU
Mutating residue = VALA160 into ALA
Mutating residue = ARGA161 into TRP
Mutating residue = ARGA161 into VAL
Mutating residue = ARGA161 into ALA
Mutating residue = ARGA161 into TYR
Mutating residue = ARGA161 into CYS
Mutating residue = ARGA161 into ASP
Mutating residue = ARGA161 into GLU
Mutating residue = ARGA161 into PHE
Mutating residue = ARGA161 into GLY
Mutating residue = ARGA161 into ILE
Mutating residue = ARGA161 into LYS
Mutating residue = ARGA161 into HIS
Mutating residue = ARGA161 into MET
Mutating residue = ARGA161 into ASN
Mutating residue = ARGA161 into PRO
Mutating residue = ARGA161 into GLN
Mutating residue = ARGA161 into SER
Mutating residue = ARGA161 into THR
Mutating residue = ARGA161 into LEU
Mutating residue = GLUA162 into TRP
Mutating residue = GLUA162 into HIS
Mutating residue = GLUA162 into CYS
Mutating residue = GLUA162 into ASP
Mutating residue = GLUA162 into PHE
Mutating residue = GLUA162 into GLY
Mutating residue = GLUA162 into ILE
Mutating residue = GLUA162 into ALA
Mutating residue = GLUA162 into LEU
Mutating residue = GLUA162 into MET
Mutating residue = GLUA162 into ASN
Your file run OK
End time of FoldX: Sat May  9 16:31:50 2026
Total time spend: 865.24 seconds.
validated file "RASH_1.pdb" => successfully finished
validated file "RASH_2.pdb" => successfully finished
validated file "RASH_3.pdb" => successfully finished
validated file "RASH_4.pdb" => successfully finished
validated file "RASH_5.pdb" => successfully finished
validated file "RASH_6.pdb" => successfully finished
validated file "RASH_7.pdb" => successfully finished
validated file "RASH_8.pdb" => successfully finished
validated file "RASH_9.pdb" => successfully finished
validated file "RASH_10.pdb" => successfully finished
validated file "RASH_11.pdb" => successfully finished
validated file "RASH_12.pdb" => successfully finished
validated file "RASH_13.pdb" => successfully finished
validated file "RASH_14.pdb" => successfully finished
validated file "RASH_15.pdb" => successfully finished
validated file "RASH_16.pdb" => successfully finished
validated file "RASH_17.pdb" => successfully finished
validated file "RASH_18.pdb" => successfully finished
validated file "RASH_19.pdb" => successfully finished
validated file "RASH_20.pdb" => successfully finished
validated file "RASH_21.pdb" => successfully finished
validated file "RASH_22.pdb" => successfully finished
validated file "RASH_23.pdb" => successfully finished
validated file "RASH_24.pdb" => successfully finished
validated file "RASH_25.pdb" => successfully finished
validated file "RASH_26.pdb" => successfully finished
validated file "RASH_27.pdb" => successfully finished
validated file "RASH_28.pdb" => successfully finished
validated file "RASH_29.pdb" => successfully finished
validated file "RASH_30.pdb" => successfully finished
validated file "RASH_31.pdb" => successfully finished
validated file "RASH_32.pdb" => successfully finished
validated file "RASH_33.pdb" => successfully finished
validated file "RASH_34.pdb" => successfully finished
validated file "RASH_35.pdb" => successfully finished
validated file "RASH_36.pdb" => successfully finished
validated file "RASH_37.pdb" => successfully finished
validated file "RASH_38.pdb" => successfully finished
validated file "RASH_39.pdb" => successfully finished
validated file "RASH_40.pdb" => successfully finished
validated file "RASH_41.pdb" => successfully finished
validated file "RASH_42.pdb" => successfully finished
validated file "RASH_43.pdb" => successfully finished
validated file "RASH_44.pdb" => successfully finished
validated file "RASH_45.pdb" => successfully finished
validated file "RASH_46.pdb" => successfully finished
validated file "RASH_47.pdb" => successfully finished
validated file "RASH_48.pdb" => successfully finished
validated file "RASH_49.pdb" => successfully finished
validated file "RASH_50.pdb" => successfully finished
Cleaning BuildModel...DONE
任务 61 结果提取成功，已映射突变信息。
