   ********************************************
   ***                                      ***
   ***             FoldX 5.1 (c)            ***
   ***                                      ***
   ***     code by the FoldX Consortium     ***
   ***                                      ***
   ***     Jesper Borg, Frederic Rousseau   ***
   ***    Joost Schymkowitz, Luis Serrano   ***
   ***    Peter Vanhee, Erik Verschueren    ***
   ***     Lies Baeten, Javier Delgado      ***
   ***       and Francois Stricher          ***
   *** and any other of the 9! permutations ***
   ***   based on an original concept by    ***
   ***   Raphael Guerois and Luis Serrano   ***
   ********************************************

1 models read: RASH.pdb
1 models read: RASH.pdb

BackHbond       =               -119.56
SideHbond       =               -30.66
Energy_VdW      =               -189.28
Electro         =               -11.61
Energy_SolvP    =               271.10
Energy_SolvH    =               -245.82
Energy_vdwclash =               13.82
energy_torsion  =               3.00
backbone_vdwclash=              105.77
Entropy_sidec   =               98.60
Entropy_mainc   =               271.56
water bonds     =               0.00
helix dipole    =               -0.83
loop_entropy    =               0.00
cis_bond        =               1.12
disulfide       =               0.00
kn electrostatic=               0.00
partial covalent interactions = 0.00
Energy_Ionisation =             0.20
Entropy Complex =               0.00
-----------------------------------------------------------
Total          = 				  61.65


BackHbond       =               -119.56
SideHbond       =               -30.66
Energy_VdW      =               -189.28
Electro         =               -11.61
Energy_SolvP    =               271.10
Energy_SolvH    =               -245.82
Energy_vdwclash =               13.82
energy_torsion  =               3.00
backbone_vdwclash=              105.77
Entropy_sidec   =               98.60
Entropy_mainc   =               271.56
water bonds     =               0.00
helix dipole    =               -0.83
loop_entropy    =               0.00
cis_bond        =               1.12
disulfide       =               0.00
kn electrostatic=               0.00
partial covalent interactions = 0.00
Energy_Ionisation =             0.20
Entropy Complex =               0.00
-----------------------------------------------------------
Total          = 				  61.65

Starting BuildModel
Reading GA75F;
Reading GA75E;
Reading GA75A;
Reading GA75M;
Reading GA75C;
Reading EA76W;
Reading EA76Y;
Reading EA76A;
Reading EA76V;
Reading EA76T;
Reading EA76S;
Reading EA76R;
Reading EA76Q;
Reading EA76P;
Reading EA76N;
Reading EA76M;
Reading EA76K;
Reading EA76I;
Reading EA76H;
Reading EA76G;
Reading EA76F;
Reading EA76D;
Reading EA76C;
Reading EA76L;
Reading GA77R;
Reading GA77S;
Reading GA77H;
Reading GA77V;
Reading GA77W;
Reading GA77N;
Reading GA77M;
Reading GA77L;
Reading GA77K;
Reading GA77I;
Reading GA77F;
Reading GA77E;
Reading GA77D;
Reading GA77C;
Reading GA77A;
Reading GA77Y;
Reading GA77Q;
Reading GA77T;
Reading GA77P;
Reading FA78I;
Reading FA78Q;
Reading FA78P;
Reading FA78N;
Reading FA78M;
Reading FA78L;
Reading FA78K;
Residue to Mutate GLYA75 has residue index 74
Residue to Mutate GLYA75 has residue index 74
Residue to Mutate GLYA75 has residue index 74
Residue to Mutate GLYA75 has residue index 74
Residue to Mutate GLYA75 has residue index 74
Residue to Mutate GLUA76 has residue index 75
Residue to Mutate GLUA76 has residue index 75
Residue to Mutate GLUA76 has residue index 75
Residue to Mutate GLUA76 has residue index 75
Residue to Mutate GLUA76 has residue index 75
Residue to Mutate GLUA76 has residue index 75
Residue to Mutate GLUA76 has residue index 75
Residue to Mutate GLUA76 has residue index 75
Residue to Mutate GLUA76 has residue index 75
Residue to Mutate GLUA76 has residue index 75
Residue to Mutate GLUA76 has residue index 75
Residue to Mutate GLUA76 has residue index 75
Residue to Mutate GLUA76 has residue index 75
Residue to Mutate GLUA76 has residue index 75
Residue to Mutate GLUA76 has residue index 75
Residue to Mutate GLUA76 has residue index 75
Residue to Mutate GLUA76 has residue index 75
Residue to Mutate GLUA76 has residue index 75
Residue to Mutate GLUA76 has residue index 75
Residue to Mutate GLYA77 has residue index 76
Residue to Mutate GLYA77 has residue index 76
Residue to Mutate GLYA77 has residue index 76
Residue to Mutate GLYA77 has residue index 76
Residue to Mutate GLYA77 has residue index 76
Residue to Mutate GLYA77 has residue index 76
Residue to Mutate GLYA77 has residue index 76
Residue to Mutate GLYA77 has residue index 76
Residue to Mutate GLYA77 has residue index 76
Residue to Mutate GLYA77 has residue index 76
Residue to Mutate GLYA77 has residue index 76
Residue to Mutate GLYA77 has residue index 76
Residue to Mutate GLYA77 has residue index 76
Residue to Mutate GLYA77 has residue index 76
Residue to Mutate GLYA77 has residue index 76
Residue to Mutate GLYA77 has residue index 76
Residue to Mutate GLYA77 has residue index 76
Residue to Mutate GLYA77 has residue index 76
Residue to Mutate GLYA77 has residue index 76
Residue to Mutate PHEA78 has residue index 77
Residue to Mutate PHEA78 has residue index 77
Residue to Mutate PHEA78 has residue index 77
Residue to Mutate PHEA78 has residue index 77
Residue to Mutate PHEA78 has residue index 77
Residue to Mutate PHEA78 has residue index 77
Residue to Mutate PHEA78 has residue index 77
Mutating residue = GLYA75 into PHE
Mutating residue = GLYA75 into GLU
Mutating residue = GLYA75 into ALA
Mutating residue = GLYA75 into MET
Mutating residue = GLYA75 into CYS
Mutating residue = GLUA76 into TRP
Mutating residue = GLUA76 into TYR
Mutating residue = GLUA76 into ALA
Mutating residue = GLUA76 into VAL
Mutating residue = GLUA76 into THR
Mutating residue = GLUA76 into SER
Mutating residue = GLUA76 into ARG
Mutating residue = GLUA76 into GLN
Mutating residue = GLUA76 into PRO
Mutating residue = GLUA76 into ASN
Mutating residue = GLUA76 into MET
Mutating residue = GLUA76 into LYS
Mutating residue = GLUA76 into ILE
Mutating residue = GLUA76 into HIS
Mutating residue = GLUA76 into GLY
Mutating residue = GLUA76 into PHE
Mutating residue = GLUA76 into ASP
Mutating residue = GLUA76 into CYS
Mutating residue = GLUA76 into LEU
Mutating residue = GLYA77 into ARG
Mutating residue = GLYA77 into SER
Mutating residue = GLYA77 into HIS
Mutating residue = GLYA77 into VAL
Mutating residue = GLYA77 into TRP
Mutating residue = GLYA77 into ASN
Mutating residue = GLYA77 into MET
Mutating residue = GLYA77 into LEU
Mutating residue = GLYA77 into LYS
Mutating residue = GLYA77 into ILE
Mutating residue = GLYA77 into PHE
Mutating residue = GLYA77 into GLU
Mutating residue = GLYA77 into ASP
Mutating residue = GLYA77 into CYS
Mutating residue = GLYA77 into ALA
Mutating residue = GLYA77 into TYR
Mutating residue = GLYA77 into GLN
Mutating residue = GLYA77 into THR
Mutating residue = GLYA77 into PRO
Mutating residue = PHEA78 into ILE
Mutating residue = PHEA78 into GLN
Mutating residue = PHEA78 into PRO
Mutating residue = PHEA78 into ASN
Mutating residue = PHEA78 into MET
Mutating residue = PHEA78 into LEU
Mutating residue = PHEA78 into LYS
Your file run OK
End time of FoldX: Sat May  9 16:34:48 2026
Total time spend: 1045.92 seconds.
validated file "RASH_1.pdb" => successfully finished
validated file "RASH_2.pdb" => successfully finished
validated file "RASH_3.pdb" => successfully finished
validated file "RASH_4.pdb" => successfully finished
validated file "RASH_5.pdb" => successfully finished
validated file "RASH_6.pdb" => successfully finished
validated file "RASH_7.pdb" => successfully finished
validated file "RASH_8.pdb" => successfully finished
validated file "RASH_9.pdb" => successfully finished
validated file "RASH_10.pdb" => successfully finished
validated file "RASH_11.pdb" => successfully finished
validated file "RASH_12.pdb" => successfully finished
validated file "RASH_13.pdb" => successfully finished
validated file "RASH_14.pdb" => successfully finished
validated file "RASH_15.pdb" => successfully finished
validated file "RASH_16.pdb" => successfully finished
validated file "RASH_17.pdb" => successfully finished
validated file "RASH_18.pdb" => successfully finished
validated file "RASH_19.pdb" => successfully finished
validated file "RASH_20.pdb" => successfully finished
validated file "RASH_21.pdb" => successfully finished
validated file "RASH_22.pdb" => successfully finished
validated file "RASH_23.pdb" => successfully finished
validated file "RASH_24.pdb" => successfully finished
validated file "RASH_25.pdb" => successfully finished
validated file "RASH_26.pdb" => successfully finished
validated file "RASH_27.pdb" => successfully finished
validated file "RASH_28.pdb" => successfully finished
validated file "RASH_29.pdb" => successfully finished
validated file "RASH_30.pdb" => successfully finished
validated file "RASH_31.pdb" => successfully finished
validated file "RASH_32.pdb" => successfully finished
validated file "RASH_33.pdb" => successfully finished
validated file "RASH_34.pdb" => successfully finished
validated file "RASH_35.pdb" => successfully finished
validated file "RASH_36.pdb" => successfully finished
validated file "RASH_37.pdb" => successfully finished
validated file "RASH_38.pdb" => successfully finished
validated file "RASH_39.pdb" => successfully finished
validated file "RASH_40.pdb" => successfully finished
validated file "RASH_41.pdb" => successfully finished
validated file "RASH_42.pdb" => successfully finished
validated file "RASH_43.pdb" => successfully finished
validated file "RASH_44.pdb" => successfully finished
validated file "RASH_45.pdb" => successfully finished
validated file "RASH_46.pdb" => successfully finished
validated file "RASH_47.pdb" => successfully finished
validated file "RASH_48.pdb" => successfully finished
validated file "RASH_49.pdb" => successfully finished
validated file "RASH_50.pdb" => successfully finished
Cleaning BuildModel...DONE
任务 29 结果提取成功，已映射突变信息。
