   ********************************************
   ***                                      ***
   ***             FoldX 5.1 (c)            ***
   ***                                      ***
   ***     code by the FoldX Consortium     ***
   ***                                      ***
   ***     Jesper Borg, Frederic Rousseau   ***
   ***    Joost Schymkowitz, Luis Serrano   ***
   ***    Peter Vanhee, Erik Verschueren    ***
   ***     Lies Baeten, Javier Delgado      ***
   ***       and Francois Stricher          ***
   *** and any other of the 9! permutations ***
   ***   based on an original concept by    ***
   ***   Raphael Guerois and Luis Serrano   ***
   ********************************************

1 models read: RASH.pdb
1 models read: RASH.pdb

BackHbond       =               -119.56
SideHbond       =               -30.66
Energy_VdW      =               -189.28
Electro         =               -11.61
Energy_SolvP    =               271.10
Energy_SolvH    =               -245.82
Energy_vdwclash =               13.82
energy_torsion  =               3.00
backbone_vdwclash=              105.77
Entropy_sidec   =               98.60
Entropy_mainc   =               271.56
water bonds     =               0.00
helix dipole    =               -0.83
loop_entropy    =               0.00
cis_bond        =               1.12
disulfide       =               0.00
kn electrostatic=               0.00
partial covalent interactions = 0.00
Energy_Ionisation =             0.20
Entropy Complex =               0.00
-----------------------------------------------------------
Total          = 				  61.65


BackHbond       =               -119.56
SideHbond       =               -30.66
Energy_VdW      =               -189.28
Electro         =               -11.61
Energy_SolvP    =               271.10
Energy_SolvH    =               -245.82
Energy_vdwclash =               13.82
energy_torsion  =               3.00
backbone_vdwclash=              105.77
Entropy_sidec   =               98.60
Entropy_mainc   =               271.56
water bonds     =               0.00
helix dipole    =               -0.83
loop_entropy    =               0.00
cis_bond        =               1.12
disulfide       =               0.00
kn electrostatic=               0.00
partial covalent interactions = 0.00
Energy_Ionisation =             0.20
Entropy Complex =               0.00
-----------------------------------------------------------
Total          = 				  61.65

Starting BuildModel
Reading VA125P;
Reading VA125Q;
Reading VA125R;
Reading VA125S;
Reading VA125Y;
Reading EA126W;
Reading EA126A;
Reading EA126T;
Reading EA126C;
Reading EA126D;
Reading EA126F;
Reading EA126G;
Reading EA126H;
Reading EA126I;
Reading EA126Y;
Reading EA126K;
Reading EA126M;
Reading EA126N;
Reading EA126P;
Reading EA126Q;
Reading EA126R;
Reading EA126S;
Reading EA126L;
Reading EA126V;
Reading SA127L;
Reading SA127W;
Reading SA127A;
Reading SA127C;
Reading SA127D;
Reading SA127E;
Reading SA127F;
Reading SA127G;
Reading SA127H;
Reading SA127I;
Reading SA127M;
Reading SA127N;
Reading SA127P;
Reading SA127Q;
Reading SA127R;
Reading SA127T;
Reading SA127V;
Reading SA127Y;
Reading SA127K;
Reading RA128W;
Reading RA128D;
Reading RA128C;
Reading RA128E;
Reading RA128F;
Reading RA128G;
Reading RA128H;
Residue to Mutate VALA125 has residue index 124
Residue to Mutate VALA125 has residue index 124
Residue to Mutate VALA125 has residue index 124
Residue to Mutate VALA125 has residue index 124
Residue to Mutate VALA125 has residue index 124
Residue to Mutate GLUA126 has residue index 125
Residue to Mutate GLUA126 has residue index 125
Residue to Mutate GLUA126 has residue index 125
Residue to Mutate GLUA126 has residue index 125
Residue to Mutate GLUA126 has residue index 125
Residue to Mutate GLUA126 has residue index 125
Residue to Mutate GLUA126 has residue index 125
Residue to Mutate GLUA126 has residue index 125
Residue to Mutate GLUA126 has residue index 125
Residue to Mutate GLUA126 has residue index 125
Residue to Mutate GLUA126 has residue index 125
Residue to Mutate GLUA126 has residue index 125
Residue to Mutate GLUA126 has residue index 125
Residue to Mutate GLUA126 has residue index 125
Residue to Mutate GLUA126 has residue index 125
Residue to Mutate GLUA126 has residue index 125
Residue to Mutate GLUA126 has residue index 125
Residue to Mutate GLUA126 has residue index 125
Residue to Mutate GLUA126 has residue index 125
Residue to Mutate SERA127 has residue index 126
Residue to Mutate SERA127 has residue index 126
Residue to Mutate SERA127 has residue index 126
Residue to Mutate SERA127 has residue index 126
Residue to Mutate SERA127 has residue index 126
Residue to Mutate SERA127 has residue index 126
Residue to Mutate SERA127 has residue index 126
Residue to Mutate SERA127 has residue index 126
Residue to Mutate SERA127 has residue index 126
Residue to Mutate SERA127 has residue index 126
Residue to Mutate SERA127 has residue index 126
Residue to Mutate SERA127 has residue index 126
Residue to Mutate SERA127 has residue index 126
Residue to Mutate SERA127 has residue index 126
Residue to Mutate SERA127 has residue index 126
Residue to Mutate SERA127 has residue index 126
Residue to Mutate SERA127 has residue index 126
Residue to Mutate SERA127 has residue index 126
Residue to Mutate SERA127 has residue index 126
Residue to Mutate ARGA128 has residue index 127
Residue to Mutate ARGA128 has residue index 127
Residue to Mutate ARGA128 has residue index 127
Residue to Mutate ARGA128 has residue index 127
Residue to Mutate ARGA128 has residue index 127
Residue to Mutate ARGA128 has residue index 127
Residue to Mutate ARGA128 has residue index 127
Mutating residue = VALA125 into PRO
Mutating residue = VALA125 into GLN
Mutating residue = VALA125 into ARG
Mutating residue = VALA125 into SER
Mutating residue = VALA125 into TYR
Mutating residue = GLUA126 into TRP
Mutating residue = GLUA126 into ALA
Mutating residue = GLUA126 into THR
Mutating residue = GLUA126 into CYS
Mutating residue = GLUA126 into ASP
Mutating residue = GLUA126 into PHE
Mutating residue = GLUA126 into GLY
Mutating residue = GLUA126 into HIS
Mutating residue = GLUA126 into ILE
Mutating residue = GLUA126 into TYR
Mutating residue = GLUA126 into LYS
Mutating residue = GLUA126 into MET
Mutating residue = GLUA126 into ASN
Mutating residue = GLUA126 into PRO
Mutating residue = GLUA126 into GLN
Mutating residue = GLUA126 into ARG
Mutating residue = GLUA126 into SER
Mutating residue = GLUA126 into LEU
Mutating residue = GLUA126 into VAL
Mutating residue = SERA127 into LEU
Mutating residue = SERA127 into TRP
Mutating residue = SERA127 into ALA
Mutating residue = SERA127 into CYS
Mutating residue = SERA127 into ASP
Mutating residue = SERA127 into GLU
Mutating residue = SERA127 into PHE
Mutating residue = SERA127 into GLY
Mutating residue = SERA127 into HIS
Mutating residue = SERA127 into ILE
Mutating residue = SERA127 into MET
Mutating residue = SERA127 into ASN
Mutating residue = SERA127 into PRO
Mutating residue = SERA127 into GLN
Mutating residue = SERA127 into ARG
Mutating residue = SERA127 into THR
Mutating residue = SERA127 into VAL
Mutating residue = SERA127 into TYR
Mutating residue = SERA127 into LYS
Mutating residue = ARGA128 into TRP
Mutating residue = ARGA128 into ASP
Mutating residue = ARGA128 into CYS
Mutating residue = ARGA128 into GLU
Mutating residue = ARGA128 into PHE
Mutating residue = ARGA128 into GLY
Mutating residue = ARGA128 into HIS
Your file run OK
End time of FoldX: Sat May  9 16:25:40 2026
Total time spend: 500.97 seconds.
validated file "RASH_1.pdb" => successfully finished
validated file "RASH_2.pdb" => successfully finished
validated file "RASH_3.pdb" => successfully finished
validated file "RASH_4.pdb" => successfully finished
validated file "RASH_5.pdb" => successfully finished
validated file "RASH_6.pdb" => successfully finished
validated file "RASH_7.pdb" => successfully finished
validated file "RASH_8.pdb" => successfully finished
validated file "RASH_9.pdb" => successfully finished
validated file "RASH_10.pdb" => successfully finished
validated file "RASH_11.pdb" => successfully finished
validated file "RASH_12.pdb" => successfully finished
validated file "RASH_13.pdb" => successfully finished
validated file "RASH_14.pdb" => successfully finished
validated file "RASH_15.pdb" => successfully finished
validated file "RASH_16.pdb" => successfully finished
validated file "RASH_17.pdb" => successfully finished
validated file "RASH_18.pdb" => successfully finished
validated file "RASH_19.pdb" => successfully finished
validated file "RASH_20.pdb" => successfully finished
validated file "RASH_21.pdb" => successfully finished
validated file "RASH_22.pdb" => successfully finished
validated file "RASH_23.pdb" => successfully finished
validated file "RASH_24.pdb" => successfully finished
validated file "RASH_25.pdb" => successfully finished
validated file "RASH_26.pdb" => successfully finished
validated file "RASH_27.pdb" => successfully finished
validated file "RASH_28.pdb" => successfully finished
validated file "RASH_29.pdb" => successfully finished
validated file "RASH_30.pdb" => successfully finished
validated file "RASH_31.pdb" => successfully finished
validated file "RASH_32.pdb" => successfully finished
validated file "RASH_33.pdb" => successfully finished
validated file "RASH_34.pdb" => successfully finished
validated file "RASH_35.pdb" => successfully finished
validated file "RASH_36.pdb" => successfully finished
validated file "RASH_37.pdb" => successfully finished
validated file "RASH_38.pdb" => successfully finished
validated file "RASH_39.pdb" => successfully finished
validated file "RASH_40.pdb" => successfully finished
validated file "RASH_41.pdb" => successfully finished
validated file "RASH_42.pdb" => successfully finished
validated file "RASH_43.pdb" => successfully finished
validated file "RASH_44.pdb" => successfully finished
validated file "RASH_45.pdb" => successfully finished
validated file "RASH_46.pdb" => successfully finished
validated file "RASH_47.pdb" => successfully finished
validated file "RASH_48.pdb" => successfully finished
validated file "RASH_49.pdb" => successfully finished
validated file "RASH_50.pdb" => successfully finished
Cleaning BuildModel...DONE
任务 48 结果提取成功，已映射突变信息。
