   ********************************************
   ***                                      ***
   ***             FoldX 5.1 (c)            ***
   ***                                      ***
   ***     code by the FoldX Consortium     ***
   ***                                      ***
   ***     Jesper Borg, Frederic Rousseau   ***
   ***    Joost Schymkowitz, Luis Serrano   ***
   ***    Peter Vanhee, Erik Verschueren    ***
   ***     Lies Baeten, Javier Delgado      ***
   ***       and Francois Stricher          ***
   *** and any other of the 9! permutations ***
   ***   based on an original concept by    ***
   ***   Raphael Guerois and Luis Serrano   ***
   ********************************************

1 models read: RASH.pdb
1 models read: RASH.pdb

BackHbond       =               -119.56
SideHbond       =               -30.66
Energy_VdW      =               -189.28
Electro         =               -11.61
Energy_SolvP    =               271.10
Energy_SolvH    =               -245.82
Energy_vdwclash =               13.82
energy_torsion  =               3.00
backbone_vdwclash=              105.77
Entropy_sidec   =               98.60
Entropy_mainc   =               271.56
water bonds     =               0.00
helix dipole    =               -0.83
loop_entropy    =               0.00
cis_bond        =               1.12
disulfide       =               0.00
kn electrostatic=               0.00
partial covalent interactions = 0.00
Energy_Ionisation =             0.20
Entropy Complex =               0.00
-----------------------------------------------------------
Total          = 				  61.65


BackHbond       =               -119.56
SideHbond       =               -30.66
Energy_VdW      =               -189.28
Electro         =               -11.61
Energy_SolvP    =               271.10
Energy_SolvH    =               -245.82
Energy_vdwclash =               13.82
energy_torsion  =               3.00
backbone_vdwclash=              105.77
Entropy_sidec   =               98.60
Entropy_mainc   =               271.56
water bonds     =               0.00
helix dipole    =               -0.83
loop_entropy    =               0.00
cis_bond        =               1.12
disulfide       =               0.00
kn electrostatic=               0.00
partial covalent interactions = 0.00
Energy_Ionisation =             0.20
Entropy Complex =               0.00
-----------------------------------------------------------
Total          = 				  61.65

Starting BuildModel
Reading HA94R;
Reading HA94Q;
Reading HA94P;
Reading HA94N;
Reading HA94M;
Reading HA94T;
Reading HA94K;
Reading HA94G;
Reading HA94F;
Reading HA94E;
Reading HA94D;
Reading HA94W;
Reading HA94A;
Reading HA94I;
Reading HA94V;
Reading HA94L;
Reading QA95A;
Reading QA95D;
Reading QA95E;
Reading QA95F;
Reading QA95G;
Reading QA95H;
Reading QA95I;
Reading QA95K;
Reading QA95Y;
Reading QA95L;
Reading QA95N;
Reading QA95P;
Reading QA95R;
Reading QA95S;
Reading QA95T;
Reading QA95V;
Reading QA95W;
Reading QA95M;
Reading QA95C;
Reading YA96T;
Reading YA96D;
Reading YA96E;
Reading YA96F;
Reading YA96G;
Reading YA96H;
Reading YA96I;
Reading YA96K;
Reading YA96L;
Reading YA96M;
Reading YA96N;
Reading YA96P;
Reading YA96Q;
Reading YA96R;
Reading YA96S;
Residue to Mutate HISA94 has residue index 93
Residue to Mutate HISA94 has residue index 93
Residue to Mutate HISA94 has residue index 93
Residue to Mutate HISA94 has residue index 93
Residue to Mutate HISA94 has residue index 93
Residue to Mutate HISA94 has residue index 93
Residue to Mutate HISA94 has residue index 93
Residue to Mutate HISA94 has residue index 93
Residue to Mutate HISA94 has residue index 93
Residue to Mutate HISA94 has residue index 93
Residue to Mutate HISA94 has residue index 93
Residue to Mutate HISA94 has residue index 93
Residue to Mutate HISA94 has residue index 93
Residue to Mutate HISA94 has residue index 93
Residue to Mutate HISA94 has residue index 93
Residue to Mutate HISA94 has residue index 93
Residue to Mutate GLNA95 has residue index 94
Residue to Mutate GLNA95 has residue index 94
Residue to Mutate GLNA95 has residue index 94
Residue to Mutate GLNA95 has residue index 94
Residue to Mutate GLNA95 has residue index 94
Residue to Mutate GLNA95 has residue index 94
Residue to Mutate GLNA95 has residue index 94
Residue to Mutate GLNA95 has residue index 94
Residue to Mutate GLNA95 has residue index 94
Residue to Mutate GLNA95 has residue index 94
Residue to Mutate GLNA95 has residue index 94
Residue to Mutate GLNA95 has residue index 94
Residue to Mutate GLNA95 has residue index 94
Residue to Mutate GLNA95 has residue index 94
Residue to Mutate GLNA95 has residue index 94
Residue to Mutate GLNA95 has residue index 94
Residue to Mutate GLNA95 has residue index 94
Residue to Mutate GLNA95 has residue index 94
Residue to Mutate GLNA95 has residue index 94
Residue to Mutate TYRA96 has residue index 95
Residue to Mutate TYRA96 has residue index 95
Residue to Mutate TYRA96 has residue index 95
Residue to Mutate TYRA96 has residue index 95
Residue to Mutate TYRA96 has residue index 95
Residue to Mutate TYRA96 has residue index 95
Residue to Mutate TYRA96 has residue index 95
Residue to Mutate TYRA96 has residue index 95
Residue to Mutate TYRA96 has residue index 95
Residue to Mutate TYRA96 has residue index 95
Residue to Mutate TYRA96 has residue index 95
Residue to Mutate TYRA96 has residue index 95
Residue to Mutate TYRA96 has residue index 95
Residue to Mutate TYRA96 has residue index 95
Residue to Mutate TYRA96 has residue index 95
Mutating residue = H1SA94 into ARG
Mutating residue = H1SA94 into GLN
Mutating residue = H1SA94 into PRO
Mutating residue = H1SA94 into ASN
Mutating residue = H1SA94 into MET
Mutating residue = H1SA94 into THR
Mutating residue = H1SA94 into LYS
Mutating residue = H1SA94 into GLY
Mutating residue = H1SA94 into PHE
Mutating residue = H1SA94 into GLU
Mutating residue = H1SA94 into ASP
Mutating residue = H1SA94 into TRP
Mutating residue = H1SA94 into ALA
Mutating residue = H1SA94 into ILE
Mutating residue = H1SA94 into VAL
Mutating residue = H1SA94 into LEU
Mutating residue = GLNA95 into ALA
Mutating residue = GLNA95 into ASP
Mutating residue = GLNA95 into GLU
Mutating residue = GLNA95 into PHE
Mutating residue = GLNA95 into GLY
Mutating residue = GLNA95 into HIS
Mutating residue = GLNA95 into ILE
Mutating residue = GLNA95 into LYS
Mutating residue = GLNA95 into TYR
Mutating residue = GLNA95 into LEU
Mutating residue = GLNA95 into ASN
Mutating residue = GLNA95 into PRO
Mutating residue = GLNA95 into ARG
Mutating residue = GLNA95 into SER
Mutating residue = GLNA95 into THR
Mutating residue = GLNA95 into VAL
Mutating residue = GLNA95 into TRP
Mutating residue = GLNA95 into MET
Mutating residue = GLNA95 into CYS
Mutating residue = TYRA96 into THR
Mutating residue = TYRA96 into ASP
Mutating residue = TYRA96 into GLU
Mutating residue = TYRA96 into PHE
Mutating residue = TYRA96 into GLY
Mutating residue = TYRA96 into HIS
Mutating residue = TYRA96 into ILE
Mutating residue = TYRA96 into LYS
Mutating residue = TYRA96 into LEU
Mutating residue = TYRA96 into MET
Mutating residue = TYRA96 into ASN
Mutating residue = TYRA96 into PRO
Mutating residue = TYRA96 into GLN
Mutating residue = TYRA96 into ARG
Mutating residue = TYRA96 into SER
Your file run OK
End time of FoldX: Sat May  9 16:26:37 2026
Total time spend: 559.04 seconds.
validated file "RASH_1.pdb" => successfully finished
validated file "RASH_2.pdb" => successfully finished
validated file "RASH_3.pdb" => successfully finished
validated file "RASH_4.pdb" => successfully finished
validated file "RASH_5.pdb" => successfully finished
validated file "RASH_6.pdb" => successfully finished
validated file "RASH_7.pdb" => successfully finished
validated file "RASH_8.pdb" => successfully finished
validated file "RASH_9.pdb" => successfully finished
validated file "RASH_10.pdb" => successfully finished
validated file "RASH_11.pdb" => successfully finished
validated file "RASH_12.pdb" => successfully finished
validated file "RASH_13.pdb" => successfully finished
validated file "RASH_14.pdb" => successfully finished
validated file "RASH_15.pdb" => successfully finished
validated file "RASH_16.pdb" => successfully finished
validated file "RASH_17.pdb" => successfully finished
validated file "RASH_18.pdb" => successfully finished
validated file "RASH_19.pdb" => successfully finished
validated file "RASH_20.pdb" => successfully finished
validated file "RASH_21.pdb" => successfully finished
validated file "RASH_22.pdb" => successfully finished
validated file "RASH_23.pdb" => successfully finished
validated file "RASH_24.pdb" => successfully finished
validated file "RASH_25.pdb" => successfully finished
validated file "RASH_26.pdb" => successfully finished
validated file "RASH_27.pdb" => successfully finished
validated file "RASH_28.pdb" => successfully finished
validated file "RASH_29.pdb" => successfully finished
validated file "RASH_30.pdb" => successfully finished
validated file "RASH_31.pdb" => successfully finished
validated file "RASH_32.pdb" => successfully finished
validated file "RASH_33.pdb" => successfully finished
validated file "RASH_34.pdb" => successfully finished
validated file "RASH_35.pdb" => successfully finished
validated file "RASH_36.pdb" => successfully finished
validated file "RASH_37.pdb" => successfully finished
validated file "RASH_38.pdb" => successfully finished
validated file "RASH_39.pdb" => successfully finished
validated file "RASH_40.pdb" => successfully finished
validated file "RASH_41.pdb" => successfully finished
validated file "RASH_42.pdb" => successfully finished
validated file "RASH_43.pdb" => successfully finished
validated file "RASH_44.pdb" => successfully finished
validated file "RASH_45.pdb" => successfully finished
validated file "RASH_46.pdb" => successfully finished
validated file "RASH_47.pdb" => successfully finished
validated file "RASH_48.pdb" => successfully finished
validated file "RASH_49.pdb" => successfully finished
validated file "RASH_50.pdb" => successfully finished
Cleaning BuildModel...DONE
任务 36 结果提取成功，已映射突变信息。
