   ********************************************
   ***                                      ***
   ***             FoldX 5.1 (c)            ***
   ***                                      ***
   ***     code by the FoldX Consortium     ***
   ***                                      ***
   ***     Jesper Borg, Frederic Rousseau   ***
   ***    Joost Schymkowitz, Luis Serrano   ***
   ***    Peter Vanhee, Erik Verschueren    ***
   ***     Lies Baeten, Javier Delgado      ***
   ***       and Francois Stricher          ***
   *** and any other of the 9! permutations ***
   ***   based on an original concept by    ***
   ***   Raphael Guerois and Luis Serrano   ***
   ********************************************

1 models read: RASH.pdb
1 models read: RASH.pdb

BackHbond       =               -119.56
SideHbond       =               -30.66
Energy_VdW      =               -189.28
Electro         =               -11.61
Energy_SolvP    =               271.10
Energy_SolvH    =               -245.82
Energy_vdwclash =               13.82
energy_torsion  =               3.00
backbone_vdwclash=              105.77
Entropy_sidec   =               98.60
Entropy_mainc   =               271.56
water bonds     =               0.00
helix dipole    =               -0.83
loop_entropy    =               0.00
cis_bond        =               1.12
disulfide       =               0.00
kn electrostatic=               0.00
partial covalent interactions = 0.00
Energy_Ionisation =             0.20
Entropy Complex =               0.00
-----------------------------------------------------------
Total          = 				  61.65


BackHbond       =               -119.56
SideHbond       =               -30.66
Energy_VdW      =               -189.28
Electro         =               -11.61
Energy_SolvP    =               271.10
Energy_SolvH    =               -245.82
Energy_vdwclash =               13.82
energy_torsion  =               3.00
backbone_vdwclash=              105.77
Entropy_sidec   =               98.60
Entropy_mainc   =               271.56
water bonds     =               0.00
helix dipole    =               -0.83
loop_entropy    =               0.00
cis_bond        =               1.12
disulfide       =               0.00
kn electrostatic=               0.00
partial covalent interactions = 0.00
Energy_Ionisation =             0.20
Entropy Complex =               0.00
-----------------------------------------------------------
Total          = 				  61.65

Starting BuildModel
Reading SA65T;
Reading SA65R;
Reading SA65Q;
Reading SA65P;
Reading SA65N;
Reading SA65M;
Reading SA65K;
Reading SA65I;
Reading SA65H;
Reading SA65G;
Reading SA65F;
Reading SA65E;
Reading SA65D;
Reading SA65L;
Reading SA65C;
Reading AA66Y;
Reading AA66C;
Reading AA66L;
Reading AA66T;
Reading AA66S;
Reading AA66R;
Reading AA66Q;
Reading AA66P;
Reading AA66N;
Reading AA66M;
Reading AA66W;
Reading AA66K;
Reading AA66I;
Reading AA66H;
Reading AA66G;
Reading AA66F;
Reading AA66E;
Reading AA66D;
Reading AA66V;
Reading MA67V;
Reading MA67K;
Reading MA67A;
Reading MA67T;
Reading MA67S;
Reading MA67R;
Reading MA67Q;
Reading MA67P;
Reading MA67N;
Reading MA67L;
Reading MA67Y;
Reading MA67I;
Reading MA67H;
Reading MA67G;
Reading MA67F;
Reading MA67E;
Residue to Mutate SERA65 has residue index 64
Residue to Mutate SERA65 has residue index 64
Residue to Mutate SERA65 has residue index 64
Residue to Mutate SERA65 has residue index 64
Residue to Mutate SERA65 has residue index 64
Residue to Mutate SERA65 has residue index 64
Residue to Mutate SERA65 has residue index 64
Residue to Mutate SERA65 has residue index 64
Residue to Mutate SERA65 has residue index 64
Residue to Mutate SERA65 has residue index 64
Residue to Mutate SERA65 has residue index 64
Residue to Mutate SERA65 has residue index 64
Residue to Mutate SERA65 has residue index 64
Residue to Mutate SERA65 has residue index 64
Residue to Mutate SERA65 has residue index 64
Residue to Mutate ALAA66 has residue index 65
Residue to Mutate ALAA66 has residue index 65
Residue to Mutate ALAA66 has residue index 65
Residue to Mutate ALAA66 has residue index 65
Residue to Mutate ALAA66 has residue index 65
Residue to Mutate ALAA66 has residue index 65
Residue to Mutate ALAA66 has residue index 65
Residue to Mutate ALAA66 has residue index 65
Residue to Mutate ALAA66 has residue index 65
Residue to Mutate ALAA66 has residue index 65
Residue to Mutate ALAA66 has residue index 65
Residue to Mutate ALAA66 has residue index 65
Residue to Mutate ALAA66 has residue index 65
Residue to Mutate ALAA66 has residue index 65
Residue to Mutate ALAA66 has residue index 65
Residue to Mutate ALAA66 has residue index 65
Residue to Mutate ALAA66 has residue index 65
Residue to Mutate ALAA66 has residue index 65
Residue to Mutate ALAA66 has residue index 65
Residue to Mutate META67 has residue index 66
Residue to Mutate META67 has residue index 66
Residue to Mutate META67 has residue index 66
Residue to Mutate META67 has residue index 66
Residue to Mutate META67 has residue index 66
Residue to Mutate META67 has residue index 66
Residue to Mutate META67 has residue index 66
Residue to Mutate META67 has residue index 66
Residue to Mutate META67 has residue index 66
Residue to Mutate META67 has residue index 66
Residue to Mutate META67 has residue index 66
Residue to Mutate META67 has residue index 66
Residue to Mutate META67 has residue index 66
Residue to Mutate META67 has residue index 66
Residue to Mutate META67 has residue index 66
Residue to Mutate META67 has residue index 66
Mutating residue = SERA65 into THR
Mutating residue = SERA65 into ARG
Mutating residue = SERA65 into GLN
Mutating residue = SERA65 into PRO
Mutating residue = SERA65 into ASN
Mutating residue = SERA65 into MET
Mutating residue = SERA65 into LYS
Mutating residue = SERA65 into ILE
Mutating residue = SERA65 into HIS
Mutating residue = SERA65 into GLY
Mutating residue = SERA65 into PHE
Mutating residue = SERA65 into GLU
Mutating residue = SERA65 into ASP
Mutating residue = SERA65 into LEU
Mutating residue = SERA65 into CYS
Mutating residue = ALAA66 into TYR
Mutating residue = ALAA66 into CYS
Mutating residue = ALAA66 into LEU
Mutating residue = ALAA66 into THR
Mutating residue = ALAA66 into SER
Mutating residue = ALAA66 into ARG
Mutating residue = ALAA66 into GLN
Mutating residue = ALAA66 into PRO
Mutating residue = ALAA66 into ASN
Mutating residue = ALAA66 into MET
Mutating residue = ALAA66 into TRP
Mutating residue = ALAA66 into LYS
Mutating residue = ALAA66 into ILE
Mutating residue = ALAA66 into HIS
Mutating residue = ALAA66 into GLY
Mutating residue = ALAA66 into PHE
Mutating residue = ALAA66 into GLU
Mutating residue = ALAA66 into ASP
Mutating residue = ALAA66 into VAL
Mutating residue = META67 into VAL
Mutating residue = META67 into LYS
Mutating residue = META67 into ALA
Mutating residue = META67 into THR
Mutating residue = META67 into SER
Mutating residue = META67 into ARG
Mutating residue = META67 into GLN
Mutating residue = META67 into PRO
Mutating residue = META67 into ASN
Mutating residue = META67 into LEU
Mutating residue = META67 into TYR
Mutating residue = META67 into ILE
Mutating residue = META67 into HIS
Mutating residue = META67 into GLY
Mutating residue = META67 into PHE
Mutating residue = META67 into GLU
Your file run OK
End time of FoldX: Sat May  9 16:21:36 2026
Total time spend: 258.15 seconds.
validated file "RASH_1.pdb" => successfully finished
validated file "RASH_2.pdb" => successfully finished
validated file "RASH_3.pdb" => successfully finished
validated file "RASH_4.pdb" => successfully finished
validated file "RASH_5.pdb" => successfully finished
validated file "RASH_6.pdb" => successfully finished
validated file "RASH_7.pdb" => successfully finished
validated file "RASH_8.pdb" => successfully finished
validated file "RASH_9.pdb" => successfully finished
validated file "RASH_10.pdb" => successfully finished
validated file "RASH_11.pdb" => successfully finished
validated file "RASH_12.pdb" => successfully finished
validated file "RASH_13.pdb" => successfully finished
validated file "RASH_14.pdb" => successfully finished
validated file "RASH_15.pdb" => successfully finished
validated file "RASH_16.pdb" => successfully finished
validated file "RASH_17.pdb" => successfully finished
validated file "RASH_18.pdb" => successfully finished
validated file "RASH_19.pdb" => successfully finished
validated file "RASH_20.pdb" => successfully finished
validated file "RASH_21.pdb" => successfully finished
validated file "RASH_22.pdb" => successfully finished
validated file "RASH_23.pdb" => successfully finished
validated file "RASH_24.pdb" => successfully finished
validated file "RASH_25.pdb" => successfully finished
validated file "RASH_26.pdb" => successfully finished
validated file "RASH_27.pdb" => successfully finished
validated file "RASH_28.pdb" => successfully finished
validated file "RASH_29.pdb" => successfully finished
validated file "RASH_30.pdb" => successfully finished
validated file "RASH_31.pdb" => successfully finished
validated file "RASH_32.pdb" => successfully finished
validated file "RASH_33.pdb" => successfully finished
validated file "RASH_34.pdb" => successfully finished
validated file "RASH_35.pdb" => successfully finished
validated file "RASH_36.pdb" => successfully finished
validated file "RASH_37.pdb" => successfully finished
validated file "RASH_38.pdb" => successfully finished
validated file "RASH_39.pdb" => successfully finished
validated file "RASH_40.pdb" => successfully finished
validated file "RASH_41.pdb" => successfully finished
validated file "RASH_42.pdb" => successfully finished
validated file "RASH_43.pdb" => successfully finished
validated file "RASH_44.pdb" => successfully finished
validated file "RASH_45.pdb" => successfully finished
validated file "RASH_46.pdb" => successfully finished
validated file "RASH_47.pdb" => successfully finished
validated file "RASH_48.pdb" => successfully finished
validated file "RASH_49.pdb" => successfully finished
validated file "RASH_50.pdb" => successfully finished
Cleaning BuildModel...DONE
任务 25 结果提取成功，已映射突变信息。
