   ********************************************
   ***                                      ***
   ***             FoldX 5.1 (c)            ***
   ***                                      ***
   ***     code by the FoldX Consortium     ***
   ***                                      ***
   ***     Jesper Borg, Frederic Rousseau   ***
   ***    Joost Schymkowitz, Luis Serrano   ***
   ***    Peter Vanhee, Erik Verschueren    ***
   ***     Lies Baeten, Javier Delgado      ***
   ***       and Francois Stricher          ***
   *** and any other of the 9! permutations ***
   ***   based on an original concept by    ***
   ***   Raphael Guerois and Luis Serrano   ***
   ********************************************

1 models read: RASH.pdb
1 models read: RASH.pdb

BackHbond       =               -119.56
SideHbond       =               -30.66
Energy_VdW      =               -189.28
Electro         =               -11.61
Energy_SolvP    =               271.10
Energy_SolvH    =               -245.82
Energy_vdwclash =               13.82
energy_torsion  =               3.00
backbone_vdwclash=              105.77
Entropy_sidec   =               98.60
Entropy_mainc   =               271.56
water bonds     =               0.00
helix dipole    =               -0.83
loop_entropy    =               0.00
cis_bond        =               1.12
disulfide       =               0.00
kn electrostatic=               0.00
partial covalent interactions = 0.00
Energy_Ionisation =             0.20
Entropy Complex =               0.00
-----------------------------------------------------------
Total          = 				  61.65


BackHbond       =               -119.56
SideHbond       =               -30.66
Energy_VdW      =               -189.28
Electro         =               -11.61
Energy_SolvP    =               271.10
Energy_SolvH    =               -245.82
Energy_vdwclash =               13.82
energy_torsion  =               3.00
backbone_vdwclash=              105.77
Entropy_sidec   =               98.60
Entropy_mainc   =               271.56
water bonds     =               0.00
helix dipole    =               -0.83
loop_entropy    =               0.00
cis_bond        =               1.12
disulfide       =               0.00
kn electrostatic=               0.00
partial covalent interactions = 0.00
Energy_Ionisation =             0.20
Entropy Complex =               0.00
-----------------------------------------------------------
Total          = 				  61.65

Starting BuildModel
Reading DA154P;
Reading DA154Q;
Reading DA154R;
Reading DA154K;
Reading DA154Y;
Reading DA154T;
Reading AA155C;
Reading AA155T;
Reading AA155S;
Reading AA155R;
Reading AA155Q;
Reading AA155P;
Reading AA155N;
Reading AA155M;
Reading AA155W;
Reading AA155L;
Reading AA155I;
Reading AA155H;
Reading AA155G;
Reading AA155F;
Reading AA155E;
Reading AA155V;
Reading AA155D;
Reading AA155K;
Reading AA155Y;
Reading FA156T;
Reading FA156V;
Reading FA156Y;
Reading FA156W;
Reading FA156A;
Reading FA156C;
Reading FA156D;
Reading FA156E;
Reading FA156G;
Reading FA156I;
Reading FA156K;
Reading FA156H;
Reading FA156M;
Reading FA156N;
Reading FA156P;
Reading FA156Q;
Reading FA156R;
Reading FA156S;
Reading FA156L;
Reading YA157H;
Reading YA157G;
Reading YA157F;
Reading YA157E;
Reading YA157A;
Reading YA157W;
Residue to Mutate ASPA154 has residue index 153
Residue to Mutate ASPA154 has residue index 153
Residue to Mutate ASPA154 has residue index 153
Residue to Mutate ASPA154 has residue index 153
Residue to Mutate ASPA154 has residue index 153
Residue to Mutate ASPA154 has residue index 153
Residue to Mutate ALAA155 has residue index 154
Residue to Mutate ALAA155 has residue index 154
Residue to Mutate ALAA155 has residue index 154
Residue to Mutate ALAA155 has residue index 154
Residue to Mutate ALAA155 has residue index 154
Residue to Mutate ALAA155 has residue index 154
Residue to Mutate ALAA155 has residue index 154
Residue to Mutate ALAA155 has residue index 154
Residue to Mutate ALAA155 has residue index 154
Residue to Mutate ALAA155 has residue index 154
Residue to Mutate ALAA155 has residue index 154
Residue to Mutate ALAA155 has residue index 154
Residue to Mutate ALAA155 has residue index 154
Residue to Mutate ALAA155 has residue index 154
Residue to Mutate ALAA155 has residue index 154
Residue to Mutate ALAA155 has residue index 154
Residue to Mutate ALAA155 has residue index 154
Residue to Mutate ALAA155 has residue index 154
Residue to Mutate ALAA155 has residue index 154
Residue to Mutate PHEA156 has residue index 155
Residue to Mutate PHEA156 has residue index 155
Residue to Mutate PHEA156 has residue index 155
Residue to Mutate PHEA156 has residue index 155
Residue to Mutate PHEA156 has residue index 155
Residue to Mutate PHEA156 has residue index 155
Residue to Mutate PHEA156 has residue index 155
Residue to Mutate PHEA156 has residue index 155
Residue to Mutate PHEA156 has residue index 155
Residue to Mutate PHEA156 has residue index 155
Residue to Mutate PHEA156 has residue index 155
Residue to Mutate PHEA156 has residue index 155
Residue to Mutate PHEA156 has residue index 155
Residue to Mutate PHEA156 has residue index 155
Residue to Mutate PHEA156 has residue index 155
Residue to Mutate PHEA156 has residue index 155
Residue to Mutate PHEA156 has residue index 155
Residue to Mutate PHEA156 has residue index 155
Residue to Mutate PHEA156 has residue index 155
Residue to Mutate TYRA157 has residue index 156
Residue to Mutate TYRA157 has residue index 156
Residue to Mutate TYRA157 has residue index 156
Residue to Mutate TYRA157 has residue index 156
Residue to Mutate TYRA157 has residue index 156
Residue to Mutate TYRA157 has residue index 156
Mutating residue = ASPA154 into PRO
Mutating residue = ASPA154 into GLN
Mutating residue = ASPA154 into ARG
Mutating residue = ASPA154 into LYS
Mutating residue = ASPA154 into TYR
Mutating residue = ASPA154 into THR
Mutating residue = ALAA155 into CYS
Mutating residue = ALAA155 into THR
Mutating residue = ALAA155 into SER
Mutating residue = ALAA155 into ARG
Mutating residue = ALAA155 into GLN
Mutating residue = ALAA155 into PRO
Mutating residue = ALAA155 into ASN
Mutating residue = ALAA155 into MET
Mutating residue = ALAA155 into TRP
Mutating residue = ALAA155 into LEU
Mutating residue = ALAA155 into ILE
Mutating residue = ALAA155 into HIS
Mutating residue = ALAA155 into GLY
Mutating residue = ALAA155 into PHE
Mutating residue = ALAA155 into GLU
Mutating residue = ALAA155 into VAL
Mutating residue = ALAA155 into ASP
Mutating residue = ALAA155 into LYS
Mutating residue = ALAA155 into TYR
Mutating residue = PHEA156 into THR
Mutating residue = PHEA156 into VAL
Mutating residue = PHEA156 into TYR
Mutating residue = PHEA156 into TRP
Mutating residue = PHEA156 into ALA
Mutating residue = PHEA156 into CYS
Mutating residue = PHEA156 into ASP
Mutating residue = PHEA156 into GLU
Mutating residue = PHEA156 into GLY
Mutating residue = PHEA156 into ILE
Mutating residue = PHEA156 into LYS
Mutating residue = PHEA156 into HIS
Mutating residue = PHEA156 into MET
Mutating residue = PHEA156 into ASN
Mutating residue = PHEA156 into PRO
Mutating residue = PHEA156 into GLN
Mutating residue = PHEA156 into ARG
Mutating residue = PHEA156 into SER
Mutating residue = PHEA156 into LEU
Mutating residue = TYRA157 into HIS
Mutating residue = TYRA157 into GLY
Mutating residue = TYRA157 into PHE
Mutating residue = TYRA157 into GLU
Mutating residue = TYRA157 into ALA
Mutating residue = TYRA157 into TRP
Your file run OK
End time of FoldX: Sat May  9 16:21:34 2026
Total time spend: 256.29 seconds.
validated file "RASH_1.pdb" => successfully finished
validated file "RASH_2.pdb" => successfully finished
validated file "RASH_3.pdb" => successfully finished
validated file "RASH_4.pdb" => successfully finished
validated file "RASH_5.pdb" => successfully finished
validated file "RASH_6.pdb" => successfully finished
validated file "RASH_7.pdb" => successfully finished
validated file "RASH_8.pdb" => successfully finished
validated file "RASH_9.pdb" => successfully finished
validated file "RASH_10.pdb" => successfully finished
validated file "RASH_11.pdb" => successfully finished
validated file "RASH_12.pdb" => successfully finished
validated file "RASH_13.pdb" => successfully finished
validated file "RASH_14.pdb" => successfully finished
validated file "RASH_15.pdb" => successfully finished
validated file "RASH_16.pdb" => successfully finished
validated file "RASH_17.pdb" => successfully finished
validated file "RASH_18.pdb" => successfully finished
validated file "RASH_19.pdb" => successfully finished
validated file "RASH_20.pdb" => successfully finished
validated file "RASH_21.pdb" => successfully finished
validated file "RASH_22.pdb" => successfully finished
validated file "RASH_23.pdb" => successfully finished
validated file "RASH_24.pdb" => successfully finished
validated file "RASH_25.pdb" => successfully finished
validated file "RASH_26.pdb" => successfully finished
validated file "RASH_27.pdb" => successfully finished
validated file "RASH_28.pdb" => successfully finished
validated file "RASH_29.pdb" => successfully finished
validated file "RASH_30.pdb" => successfully finished
validated file "RASH_31.pdb" => successfully finished
validated file "RASH_32.pdb" => successfully finished
validated file "RASH_33.pdb" => successfully finished
validated file "RASH_34.pdb" => successfully finished
validated file "RASH_35.pdb" => successfully finished
validated file "RASH_36.pdb" => successfully finished
validated file "RASH_37.pdb" => successfully finished
validated file "RASH_38.pdb" => successfully finished
validated file "RASH_39.pdb" => successfully finished
validated file "RASH_40.pdb" => successfully finished
validated file "RASH_41.pdb" => successfully finished
validated file "RASH_42.pdb" => successfully finished
validated file "RASH_43.pdb" => successfully finished
validated file "RASH_44.pdb" => successfully finished
validated file "RASH_45.pdb" => successfully finished
validated file "RASH_46.pdb" => successfully finished
validated file "RASH_47.pdb" => successfully finished
validated file "RASH_48.pdb" => successfully finished
validated file "RASH_49.pdb" => successfully finished
validated file "RASH_50.pdb" => successfully finished
Cleaning BuildModel...DONE
任务 59 结果提取成功，已映射突变信息。
