   ********************************************
   ***                                      ***
   ***             FoldX 5.1 (c)            ***
   ***                                      ***
   ***     code by the FoldX Consortium     ***
   ***                                      ***
   ***     Jesper Borg, Frederic Rousseau   ***
   ***    Joost Schymkowitz, Luis Serrano   ***
   ***    Peter Vanhee, Erik Verschueren    ***
   ***     Lies Baeten, Javier Delgado      ***
   ***       and Francois Stricher          ***
   *** and any other of the 9! permutations ***
   ***   based on an original concept by    ***
   ***   Raphael Guerois and Luis Serrano   ***
   ********************************************

1 models read: RASH.pdb
1 models read: RASH.pdb

BackHbond       =               -119.56
SideHbond       =               -30.66
Energy_VdW      =               -189.28
Electro         =               -11.61
Energy_SolvP    =               271.10
Energy_SolvH    =               -245.82
Energy_vdwclash =               13.82
energy_torsion  =               3.00
backbone_vdwclash=              105.77
Entropy_sidec   =               98.60
Entropy_mainc   =               271.56
water bonds     =               0.00
helix dipole    =               -0.83
loop_entropy    =               0.00
cis_bond        =               1.12
disulfide       =               0.00
kn electrostatic=               0.00
partial covalent interactions = 0.00
Energy_Ionisation =             0.20
Entropy Complex =               0.00
-----------------------------------------------------------
Total          = 				  61.65


BackHbond       =               -119.56
SideHbond       =               -30.66
Energy_VdW      =               -189.28
Electro         =               -11.61
Energy_SolvP    =               271.10
Energy_SolvH    =               -245.82
Energy_vdwclash =               13.82
energy_torsion  =               3.00
backbone_vdwclash=              105.77
Entropy_sidec   =               98.60
Entropy_mainc   =               271.56
water bonds     =               0.00
helix dipole    =               -0.83
loop_entropy    =               0.00
cis_bond        =               1.12
disulfide       =               0.00
kn electrostatic=               0.00
partial covalent interactions = 0.00
Energy_Ionisation =             0.20
Entropy Complex =               0.00
-----------------------------------------------------------
Total          = 				  61.65

Starting BuildModel
Reading EA91R;
Reading EA91S;
Reading EA91T;
Reading EA91V;
Reading EA91W;
Reading EA91Y;
Reading EA91Q;
Reading EA91A;
Reading EA91D;
Reading DA92W;
Reading DA92A;
Reading DA92C;
Reading DA92E;
Reading DA92F;
Reading DA92G;
Reading DA92H;
Reading DA92I;
Reading DA92V;
Reading DA92L;
Reading DA92M;
Reading DA92K;
Reading DA92P;
Reading DA92Q;
Reading DA92R;
Reading DA92S;
Reading DA92T;
Reading DA92Y;
Reading DA92N;
Reading IA93T;
Reading IA93V;
Reading IA93N;
Reading IA93S;
Reading IA93R;
Reading IA93Q;
Reading IA93P;
Reading IA93C;
Reading IA93A;
Reading IA93L;
Reading IA93K;
Reading IA93H;
Reading IA93G;
Reading IA93F;
Reading IA93E;
Reading IA93W;
Reading IA93D;
Reading IA93M;
Reading IA93Y;
Reading HA94C;
Reading HA94Y;
Reading HA94S;
Residue to Mutate GLUA91 has residue index 90
Residue to Mutate GLUA91 has residue index 90
Residue to Mutate GLUA91 has residue index 90
Residue to Mutate GLUA91 has residue index 90
Residue to Mutate GLUA91 has residue index 90
Residue to Mutate GLUA91 has residue index 90
Residue to Mutate GLUA91 has residue index 90
Residue to Mutate GLUA91 has residue index 90
Residue to Mutate GLUA91 has residue index 90
Residue to Mutate ASPA92 has residue index 91
Residue to Mutate ASPA92 has residue index 91
Residue to Mutate ASPA92 has residue index 91
Residue to Mutate ASPA92 has residue index 91
Residue to Mutate ASPA92 has residue index 91
Residue to Mutate ASPA92 has residue index 91
Residue to Mutate ASPA92 has residue index 91
Residue to Mutate ASPA92 has residue index 91
Residue to Mutate ASPA92 has residue index 91
Residue to Mutate ASPA92 has residue index 91
Residue to Mutate ASPA92 has residue index 91
Residue to Mutate ASPA92 has residue index 91
Residue to Mutate ASPA92 has residue index 91
Residue to Mutate ASPA92 has residue index 91
Residue to Mutate ASPA92 has residue index 91
Residue to Mutate ASPA92 has residue index 91
Residue to Mutate ASPA92 has residue index 91
Residue to Mutate ASPA92 has residue index 91
Residue to Mutate ASPA92 has residue index 91
Residue to Mutate ILEA93 has residue index 92
Residue to Mutate ILEA93 has residue index 92
Residue to Mutate ILEA93 has residue index 92
Residue to Mutate ILEA93 has residue index 92
Residue to Mutate ILEA93 has residue index 92
Residue to Mutate ILEA93 has residue index 92
Residue to Mutate ILEA93 has residue index 92
Residue to Mutate ILEA93 has residue index 92
Residue to Mutate ILEA93 has residue index 92
Residue to Mutate ILEA93 has residue index 92
Residue to Mutate ILEA93 has residue index 92
Residue to Mutate ILEA93 has residue index 92
Residue to Mutate ILEA93 has residue index 92
Residue to Mutate ILEA93 has residue index 92
Residue to Mutate ILEA93 has residue index 92
Residue to Mutate ILEA93 has residue index 92
Residue to Mutate ILEA93 has residue index 92
Residue to Mutate ILEA93 has residue index 92
Residue to Mutate ILEA93 has residue index 92
Residue to Mutate HISA94 has residue index 93
Residue to Mutate HISA94 has residue index 93
Residue to Mutate HISA94 has residue index 93
Mutating residue = GLUA91 into ARG
Mutating residue = GLUA91 into SER
Mutating residue = GLUA91 into THR
Mutating residue = GLUA91 into VAL
Mutating residue = GLUA91 into TRP
Mutating residue = GLUA91 into TYR
Mutating residue = GLUA91 into GLN
Mutating residue = GLUA91 into ALA
Mutating residue = GLUA91 into ASP
Mutating residue = ASPA92 into TRP
Mutating residue = ASPA92 into ALA
Mutating residue = ASPA92 into CYS
Mutating residue = ASPA92 into GLU
Mutating residue = ASPA92 into PHE
Mutating residue = ASPA92 into GLY
Mutating residue = ASPA92 into HIS
Mutating residue = ASPA92 into ILE
Mutating residue = ASPA92 into VAL
Mutating residue = ASPA92 into LEU
Mutating residue = ASPA92 into MET
Mutating residue = ASPA92 into LYS
Mutating residue = ASPA92 into PRO
Mutating residue = ASPA92 into GLN
Mutating residue = ASPA92 into ARG
Mutating residue = ASPA92 into SER
Mutating residue = ASPA92 into THR
Mutating residue = ASPA92 into TYR
Mutating residue = ASPA92 into ASN
Mutating residue = ILEA93 into THR
Mutating residue = ILEA93 into VAL
Mutating residue = ILEA93 into ASN
Mutating residue = ILEA93 into SER
Mutating residue = ILEA93 into ARG
Mutating residue = ILEA93 into GLN
Mutating residue = ILEA93 into PRO
Mutating residue = ILEA93 into CYS
Mutating residue = ILEA93 into ALA
Mutating residue = ILEA93 into LEU
Mutating residue = ILEA93 into LYS
Mutating residue = ILEA93 into HIS
Mutating residue = ILEA93 into GLY
Mutating residue = ILEA93 into PHE
Mutating residue = ILEA93 into GLU
Mutating residue = ILEA93 into TRP
Mutating residue = ILEA93 into ASP
Mutating residue = ILEA93 into MET
Mutating residue = ILEA93 into TYR
Mutating residue = H1SA94 into CYS
Mutating residue = H1SA94 into TYR
Mutating residue = H1SA94 into SER
Your file run OK
End time of FoldX: Sat May  9 16:24:33 2026
Total time spend: 432.00 seconds.
validated file "RASH_1.pdb" => successfully finished
validated file "RASH_2.pdb" => successfully finished
validated file "RASH_3.pdb" => successfully finished
validated file "RASH_4.pdb" => successfully finished
validated file "RASH_5.pdb" => successfully finished
validated file "RASH_6.pdb" => successfully finished
validated file "RASH_7.pdb" => successfully finished
validated file "RASH_8.pdb" => successfully finished
validated file "RASH_9.pdb" => successfully finished
validated file "RASH_10.pdb" => successfully finished
validated file "RASH_11.pdb" => successfully finished
validated file "RASH_12.pdb" => successfully finished
validated file "RASH_13.pdb" => successfully finished
validated file "RASH_14.pdb" => successfully finished
validated file "RASH_15.pdb" => successfully finished
validated file "RASH_16.pdb" => successfully finished
validated file "RASH_17.pdb" => successfully finished
validated file "RASH_18.pdb" => successfully finished
validated file "RASH_19.pdb" => successfully finished
validated file "RASH_20.pdb" => successfully finished
validated file "RASH_21.pdb" => successfully finished
validated file "RASH_22.pdb" => successfully finished
validated file "RASH_23.pdb" => successfully finished
validated file "RASH_24.pdb" => successfully finished
validated file "RASH_25.pdb" => successfully finished
validated file "RASH_26.pdb" => successfully finished
validated file "RASH_27.pdb" => successfully finished
validated file "RASH_28.pdb" => successfully finished
validated file "RASH_29.pdb" => successfully finished
validated file "RASH_30.pdb" => successfully finished
validated file "RASH_31.pdb" => successfully finished
validated file "RASH_32.pdb" => successfully finished
validated file "RASH_33.pdb" => successfully finished
validated file "RASH_34.pdb" => successfully finished
validated file "RASH_35.pdb" => successfully finished
validated file "RASH_36.pdb" => successfully finished
validated file "RASH_37.pdb" => successfully finished
validated file "RASH_38.pdb" => successfully finished
validated file "RASH_39.pdb" => successfully finished
validated file "RASH_40.pdb" => successfully finished
validated file "RASH_41.pdb" => successfully finished
validated file "RASH_42.pdb" => successfully finished
validated file "RASH_43.pdb" => successfully finished
validated file "RASH_44.pdb" => successfully finished
validated file "RASH_45.pdb" => successfully finished
validated file "RASH_46.pdb" => successfully finished
validated file "RASH_47.pdb" => successfully finished
validated file "RASH_48.pdb" => successfully finished
validated file "RASH_49.pdb" => successfully finished
validated file "RASH_50.pdb" => successfully finished
Cleaning BuildModel...DONE
任务 35 结果提取成功，已映射突变信息。
