   ********************************************
   ***                                      ***
   ***             FoldX 5.1 (c)            ***
   ***                                      ***
   ***     code by the FoldX Consortium     ***
   ***                                      ***
   ***     Jesper Borg, Frederic Rousseau   ***
   ***    Joost Schymkowitz, Luis Serrano   ***
   ***    Peter Vanhee, Erik Verschueren    ***
   ***     Lies Baeten, Javier Delgado      ***
   ***       and Francois Stricher          ***
   *** and any other of the 9! permutations ***
   ***   based on an original concept by    ***
   ***   Raphael Guerois and Luis Serrano   ***
   ********************************************

1 models read: RASH.pdb
1 models read: RASH.pdb

BackHbond       =               -119.56
SideHbond       =               -30.66
Energy_VdW      =               -189.28
Electro         =               -11.61
Energy_SolvP    =               271.10
Energy_SolvH    =               -245.82
Energy_vdwclash =               13.82
energy_torsion  =               3.00
backbone_vdwclash=              105.77
Entropy_sidec   =               98.60
Entropy_mainc   =               271.56
water bonds     =               0.00
helix dipole    =               -0.83
loop_entropy    =               0.00
cis_bond        =               1.12
disulfide       =               0.00
kn electrostatic=               0.00
partial covalent interactions = 0.00
Energy_Ionisation =             0.20
Entropy Complex =               0.00
-----------------------------------------------------------
Total          = 				  61.65


BackHbond       =               -119.56
SideHbond       =               -30.66
Energy_VdW      =               -189.28
Electro         =               -11.61
Energy_SolvP    =               271.10
Energy_SolvH    =               -245.82
Energy_vdwclash =               13.82
energy_torsion  =               3.00
backbone_vdwclash=              105.77
Entropy_sidec   =               98.60
Entropy_mainc   =               271.56
water bonds     =               0.00
helix dipole    =               -0.83
loop_entropy    =               0.00
cis_bond        =               1.12
disulfide       =               0.00
kn electrostatic=               0.00
partial covalent interactions = 0.00
Energy_Ionisation =             0.20
Entropy Complex =               0.00
-----------------------------------------------------------
Total          = 				  61.65

Starting BuildModel
Reading VA7G;
Reading VA7F;
Reading VA7E;
Reading VA7D;
Reading VA7C;
Reading VA7A;
Reading VA7R;
Reading VA7S;
Reading VA7T;
Reading VA7W;
Reading VA7Y;
Reading VA7N;
Reading VA7P;
Reading VA8R;
Reading VA8Q;
Reading VA8A;
Reading VA8C;
Reading VA8D;
Reading VA8E;
Reading VA8F;
Reading VA8G;
Reading VA8H;
Reading VA8I;
Reading VA8K;
Reading VA8L;
Reading VA8M;
Reading VA8W;
Reading VA8S;
Reading VA8Y;
Reading VA8N;
Reading VA8T;
Reading VA8P;
Reading VA9M;
Reading VA9L;
Reading VA9K;
Reading VA9I;
Reading VA9P;
Reading VA9G;
Reading VA9Q;
Reading VA9F;
Reading VA9E;
Reading VA9D;
Reading VA9C;
Reading VA9A;
Reading VA9R;
Reading VA9N;
Reading VA9H;
Reading VA9T;
Reading VA9Y;
Reading VA9S;
Residue to Mutate VALA7 has residue index 6
Residue to Mutate VALA7 has residue index 6
Residue to Mutate VALA7 has residue index 6
Residue to Mutate VALA7 has residue index 6
Residue to Mutate VALA7 has residue index 6
Residue to Mutate VALA7 has residue index 6
Residue to Mutate VALA7 has residue index 6
Residue to Mutate VALA7 has residue index 6
Residue to Mutate VALA7 has residue index 6
Residue to Mutate VALA7 has residue index 6
Residue to Mutate VALA7 has residue index 6
Residue to Mutate VALA7 has residue index 6
Residue to Mutate VALA7 has residue index 6
Residue to Mutate VALA8 has residue index 7
Residue to Mutate VALA8 has residue index 7
Residue to Mutate VALA8 has residue index 7
Residue to Mutate VALA8 has residue index 7
Residue to Mutate VALA8 has residue index 7
Residue to Mutate VALA8 has residue index 7
Residue to Mutate VALA8 has residue index 7
Residue to Mutate VALA8 has residue index 7
Residue to Mutate VALA8 has residue index 7
Residue to Mutate VALA8 has residue index 7
Residue to Mutate VALA8 has residue index 7
Residue to Mutate VALA8 has residue index 7
Residue to Mutate VALA8 has residue index 7
Residue to Mutate VALA8 has residue index 7
Residue to Mutate VALA8 has residue index 7
Residue to Mutate VALA8 has residue index 7
Residue to Mutate VALA8 has residue index 7
Residue to Mutate VALA8 has residue index 7
Residue to Mutate VALA8 has residue index 7
Residue to Mutate VALA9 has residue index 8
Residue to Mutate VALA9 has residue index 8
Residue to Mutate VALA9 has residue index 8
Residue to Mutate VALA9 has residue index 8
Residue to Mutate VALA9 has residue index 8
Residue to Mutate VALA9 has residue index 8
Residue to Mutate VALA9 has residue index 8
Residue to Mutate VALA9 has residue index 8
Residue to Mutate VALA9 has residue index 8
Residue to Mutate VALA9 has residue index 8
Residue to Mutate VALA9 has residue index 8
Residue to Mutate VALA9 has residue index 8
Residue to Mutate VALA9 has residue index 8
Residue to Mutate VALA9 has residue index 8
Residue to Mutate VALA9 has residue index 8
Residue to Mutate VALA9 has residue index 8
Residue to Mutate VALA9 has residue index 8
Residue to Mutate VALA9 has residue index 8
Mutating residue = VALA7 into GLY
Mutating residue = VALA7 into PHE
Mutating residue = VALA7 into GLU
Mutating residue = VALA7 into ASP
Mutating residue = VALA7 into CYS
Mutating residue = VALA7 into ALA
Mutating residue = VALA7 into ARG
Mutating residue = VALA7 into SER
Mutating residue = VALA7 into THR
Mutating residue = VALA7 into TRP
Mutating residue = VALA7 into TYR
Mutating residue = VALA7 into ASN
Mutating residue = VALA7 into PRO
Mutating residue = VALA8 into ARG
Mutating residue = VALA8 into GLN
Mutating residue = VALA8 into ALA
Mutating residue = VALA8 into CYS
Mutating residue = VALA8 into ASP
Mutating residue = VALA8 into GLU
Mutating residue = VALA8 into PHE
Mutating residue = VALA8 into GLY
Mutating residue = VALA8 into HIS
Mutating residue = VALA8 into ILE
Mutating residue = VALA8 into LYS
Mutating residue = VALA8 into LEU
Mutating residue = VALA8 into MET
Mutating residue = VALA8 into TRP
Mutating residue = VALA8 into SER
Mutating residue = VALA8 into TYR
Mutating residue = VALA8 into ASN
Mutating residue = VALA8 into THR
Mutating residue = VALA8 into PRO
Mutating residue = VALA9 into MET
Mutating residue = VALA9 into LEU
Mutating residue = VALA9 into LYS
Mutating residue = VALA9 into ILE
Mutating residue = VALA9 into PRO
Mutating residue = VALA9 into GLY
Mutating residue = VALA9 into GLN
Mutating residue = VALA9 into PHE
Mutating residue = VALA9 into GLU
Mutating residue = VALA9 into ASP
Mutating residue = VALA9 into CYS
Mutating residue = VALA9 into ALA
Mutating residue = VALA9 into ARG
Mutating residue = VALA9 into ASN
Mutating residue = VALA9 into HIS
Mutating residue = VALA9 into THR
Mutating residue = VALA9 into TYR
Mutating residue = VALA9 into SER
Your file run OK
End time of FoldX: Sat May  9 16:21:55 2026
Total time spend: 277.97 seconds.
validated file "RASH_1.pdb" => successfully finished
validated file "RASH_2.pdb" => successfully finished
validated file "RASH_3.pdb" => successfully finished
validated file "RASH_4.pdb" => successfully finished
validated file "RASH_5.pdb" => successfully finished
validated file "RASH_6.pdb" => successfully finished
validated file "RASH_7.pdb" => successfully finished
validated file "RASH_8.pdb" => successfully finished
validated file "RASH_9.pdb" => successfully finished
validated file "RASH_10.pdb" => successfully finished
validated file "RASH_11.pdb" => successfully finished
validated file "RASH_12.pdb" => successfully finished
validated file "RASH_13.pdb" => successfully finished
validated file "RASH_14.pdb" => successfully finished
validated file "RASH_15.pdb" => successfully finished
validated file "RASH_16.pdb" => successfully finished
validated file "RASH_17.pdb" => successfully finished
validated file "RASH_18.pdb" => successfully finished
validated file "RASH_19.pdb" => successfully finished
validated file "RASH_20.pdb" => successfully finished
validated file "RASH_21.pdb" => successfully finished
validated file "RASH_22.pdb" => successfully finished
validated file "RASH_23.pdb" => successfully finished
validated file "RASH_24.pdb" => successfully finished
validated file "RASH_25.pdb" => successfully finished
validated file "RASH_26.pdb" => successfully finished
validated file "RASH_27.pdb" => successfully finished
validated file "RASH_28.pdb" => successfully finished
validated file "RASH_29.pdb" => successfully finished
validated file "RASH_30.pdb" => successfully finished
validated file "RASH_31.pdb" => successfully finished
validated file "RASH_32.pdb" => successfully finished
validated file "RASH_33.pdb" => successfully finished
validated file "RASH_34.pdb" => successfully finished
validated file "RASH_35.pdb" => successfully finished
validated file "RASH_36.pdb" => successfully finished
validated file "RASH_37.pdb" => successfully finished
validated file "RASH_38.pdb" => successfully finished
validated file "RASH_39.pdb" => successfully finished
validated file "RASH_40.pdb" => successfully finished
validated file "RASH_41.pdb" => successfully finished
validated file "RASH_42.pdb" => successfully finished
validated file "RASH_43.pdb" => successfully finished
validated file "RASH_44.pdb" => successfully finished
validated file "RASH_45.pdb" => successfully finished
validated file "RASH_46.pdb" => successfully finished
validated file "RASH_47.pdb" => successfully finished
validated file "RASH_48.pdb" => successfully finished
validated file "RASH_49.pdb" => successfully finished
validated file "RASH_50.pdb" => successfully finished
Cleaning BuildModel...DONE
任务 3 结果提取成功，已映射突变信息。
