   ********************************************
   ***                                      ***
   ***             FoldX 5.1 (c)            ***
   ***                                      ***
   ***     code by the FoldX Consortium     ***
   ***                                      ***
   ***     Jesper Borg, Frederic Rousseau   ***
   ***    Joost Schymkowitz, Luis Serrano   ***
   ***    Peter Vanhee, Erik Verschueren    ***
   ***     Lies Baeten, Javier Delgado      ***
   ***       and Francois Stricher          ***
   *** and any other of the 9! permutations ***
   ***   based on an original concept by    ***
   ***   Raphael Guerois and Luis Serrano   ***
   ********************************************

1 models read: RASH.pdb
1 models read: RASH.pdb

BackHbond       =               -119.56
SideHbond       =               -30.66
Energy_VdW      =               -189.28
Electro         =               -11.61
Energy_SolvP    =               271.10
Energy_SolvH    =               -245.82
Energy_vdwclash =               13.82
energy_torsion  =               3.00
backbone_vdwclash=              105.77
Entropy_sidec   =               98.60
Entropy_mainc   =               271.56
water bonds     =               0.00
helix dipole    =               -0.83
loop_entropy    =               0.00
cis_bond        =               1.12
disulfide       =               0.00
kn electrostatic=               0.00
partial covalent interactions = 0.00
Energy_Ionisation =             0.20
Entropy Complex =               0.00
-----------------------------------------------------------
Total          = 				  61.65


BackHbond       =               -119.56
SideHbond       =               -30.66
Energy_VdW      =               -189.28
Electro         =               -11.61
Energy_SolvP    =               271.10
Energy_SolvH    =               -245.82
Energy_vdwclash =               13.82
energy_torsion  =               3.00
backbone_vdwclash=              105.77
Entropy_sidec   =               98.60
Entropy_mainc   =               271.56
water bonds     =               0.00
helix dipole    =               -0.83
loop_entropy    =               0.00
cis_bond        =               1.12
disulfide       =               0.00
kn electrostatic=               0.00
partial covalent interactions = 0.00
Energy_Ionisation =             0.20
Entropy Complex =               0.00
-----------------------------------------------------------
Total          = 				  61.65

Starting BuildModel
Reading VA9W;
Reading GA10T;
Reading GA10S;
Reading GA10R;
Reading GA10Q;
Reading GA10P;
Reading GA10N;
Reading GA10M;
Reading GA10L;
Reading GA10I;
Reading GA10H;
Reading GA10F;
Reading GA10E;
Reading GA10D;
Reading GA10C;
Reading GA10A;
Reading GA10Y;
Reading GA10W;
Reading GA10K;
Reading GA10V;
Reading AA11C;
Reading AA11H;
Reading AA11F;
Reading AA11G;
Reading AA11I;
Reading AA11K;
Reading AA11L;
Reading AA11M;
Reading AA11N;
Reading AA11E;
Reading AA11P;
Reading AA11R;
Reading AA11S;
Reading AA11T;
Reading AA11V;
Reading AA11W;
Reading AA11Y;
Reading AA11Q;
Reading AA11D;
Reading GA12W;
Reading GA12Y;
Reading GA12S;
Reading GA12T;
Reading GA12A;
Reading GA12C;
Reading GA12D;
Reading GA12V;
Reading GA12F;
Reading GA12H;
Reading GA12I;
Residue to Mutate VALA9 has residue index 8
Residue to Mutate GLYA10 has residue index 9
Residue to Mutate GLYA10 has residue index 9
Residue to Mutate GLYA10 has residue index 9
Residue to Mutate GLYA10 has residue index 9
Residue to Mutate GLYA10 has residue index 9
Residue to Mutate GLYA10 has residue index 9
Residue to Mutate GLYA10 has residue index 9
Residue to Mutate GLYA10 has residue index 9
Residue to Mutate GLYA10 has residue index 9
Residue to Mutate GLYA10 has residue index 9
Residue to Mutate GLYA10 has residue index 9
Residue to Mutate GLYA10 has residue index 9
Residue to Mutate GLYA10 has residue index 9
Residue to Mutate GLYA10 has residue index 9
Residue to Mutate GLYA10 has residue index 9
Residue to Mutate GLYA10 has residue index 9
Residue to Mutate GLYA10 has residue index 9
Residue to Mutate GLYA10 has residue index 9
Residue to Mutate GLYA10 has residue index 9
Residue to Mutate ALAA11 has residue index 10
Residue to Mutate ALAA11 has residue index 10
Residue to Mutate ALAA11 has residue index 10
Residue to Mutate ALAA11 has residue index 10
Residue to Mutate ALAA11 has residue index 10
Residue to Mutate ALAA11 has residue index 10
Residue to Mutate ALAA11 has residue index 10
Residue to Mutate ALAA11 has residue index 10
Residue to Mutate ALAA11 has residue index 10
Residue to Mutate ALAA11 has residue index 10
Residue to Mutate ALAA11 has residue index 10
Residue to Mutate ALAA11 has residue index 10
Residue to Mutate ALAA11 has residue index 10
Residue to Mutate ALAA11 has residue index 10
Residue to Mutate ALAA11 has residue index 10
Residue to Mutate ALAA11 has residue index 10
Residue to Mutate ALAA11 has residue index 10
Residue to Mutate ALAA11 has residue index 10
Residue to Mutate ALAA11 has residue index 10
Residue to Mutate GLYA12 has residue index 11
Residue to Mutate GLYA12 has residue index 11
Residue to Mutate GLYA12 has residue index 11
Residue to Mutate GLYA12 has residue index 11
Residue to Mutate GLYA12 has residue index 11
Residue to Mutate GLYA12 has residue index 11
Residue to Mutate GLYA12 has residue index 11
Residue to Mutate GLYA12 has residue index 11
Residue to Mutate GLYA12 has residue index 11
Residue to Mutate GLYA12 has residue index 11
Residue to Mutate GLYA12 has residue index 11
Mutating residue = VALA9 into TRP
Mutating residue = GLYA10 into THR
Mutating residue = GLYA10 into SER
Mutating residue = GLYA10 into ARG
Mutating residue = GLYA10 into GLN
Mutating residue = GLYA10 into PRO
Mutating residue = GLYA10 into ASN
Mutating residue = GLYA10 into MET
Mutating residue = GLYA10 into LEU
Mutating residue = GLYA10 into ILE
Mutating residue = GLYA10 into HIS
Mutating residue = GLYA10 into PHE
Mutating residue = GLYA10 into GLU
Mutating residue = GLYA10 into ASP
Mutating residue = GLYA10 into CYS
Mutating residue = GLYA10 into ALA
Mutating residue = GLYA10 into TYR
Mutating residue = GLYA10 into TRP
Mutating residue = GLYA10 into LYS
Mutating residue = GLYA10 into VAL
Mutating residue = ALAA11 into CYS
Mutating residue = ALAA11 into HIS
Mutating residue = ALAA11 into PHE
Mutating residue = ALAA11 into GLY
Mutating residue = ALAA11 into ILE
Mutating residue = ALAA11 into LYS
Mutating residue = ALAA11 into LEU
Mutating residue = ALAA11 into MET
Mutating residue = ALAA11 into ASN
Mutating residue = ALAA11 into GLU
Mutating residue = ALAA11 into PRO
Mutating residue = ALAA11 into ARG
Mutating residue = ALAA11 into SER
Mutating residue = ALAA11 into THR
Mutating residue = ALAA11 into VAL
Mutating residue = ALAA11 into TRP
Mutating residue = ALAA11 into TYR
Mutating residue = ALAA11 into GLN
Mutating residue = ALAA11 into ASP
Mutating residue = GLYA12 into TRP
Mutating residue = GLYA12 into TYR
Mutating residue = GLYA12 into SER
Mutating residue = GLYA12 into THR
Mutating residue = GLYA12 into ALA
Mutating residue = GLYA12 into CYS
Mutating residue = GLYA12 into ASP
Mutating residue = GLYA12 into VAL
Mutating residue = GLYA12 into PHE
Mutating residue = GLYA12 into HIS
Mutating residue = GLYA12 into ILE
Your file run OK
End time of FoldX: Sat May  9 16:22:40 2026
Total time spend: 323.04 seconds.
validated file "RASH_1.pdb" => successfully finished
validated file "RASH_2.pdb" => successfully finished
validated file "RASH_3.pdb" => successfully finished
validated file "RASH_4.pdb" => successfully finished
validated file "RASH_5.pdb" => successfully finished
validated file "RASH_6.pdb" => successfully finished
validated file "RASH_7.pdb" => successfully finished
validated file "RASH_8.pdb" => successfully finished
validated file "RASH_9.pdb" => successfully finished
validated file "RASH_10.pdb" => successfully finished
validated file "RASH_11.pdb" => successfully finished
validated file "RASH_12.pdb" => successfully finished
validated file "RASH_13.pdb" => successfully finished
validated file "RASH_14.pdb" => successfully finished
validated file "RASH_15.pdb" => successfully finished
validated file "RASH_16.pdb" => successfully finished
validated file "RASH_17.pdb" => successfully finished
validated file "RASH_18.pdb" => successfully finished
validated file "RASH_19.pdb" => successfully finished
validated file "RASH_20.pdb" => successfully finished
validated file "RASH_21.pdb" => successfully finished
validated file "RASH_22.pdb" => successfully finished
validated file "RASH_23.pdb" => successfully finished
validated file "RASH_24.pdb" => successfully finished
validated file "RASH_25.pdb" => successfully finished
validated file "RASH_26.pdb" => successfully finished
validated file "RASH_27.pdb" => successfully finished
validated file "RASH_28.pdb" => successfully finished
validated file "RASH_29.pdb" => successfully finished
validated file "RASH_30.pdb" => successfully finished
validated file "RASH_31.pdb" => successfully finished
validated file "RASH_32.pdb" => successfully finished
validated file "RASH_33.pdb" => successfully finished
validated file "RASH_34.pdb" => successfully finished
validated file "RASH_35.pdb" => successfully finished
validated file "RASH_36.pdb" => successfully finished
validated file "RASH_37.pdb" => successfully finished
validated file "RASH_38.pdb" => successfully finished
validated file "RASH_39.pdb" => successfully finished
validated file "RASH_40.pdb" => successfully finished
validated file "RASH_41.pdb" => successfully finished
validated file "RASH_42.pdb" => successfully finished
validated file "RASH_43.pdb" => successfully finished
validated file "RASH_44.pdb" => successfully finished
validated file "RASH_45.pdb" => successfully finished
validated file "RASH_46.pdb" => successfully finished
validated file "RASH_47.pdb" => successfully finished
validated file "RASH_48.pdb" => successfully finished
validated file "RASH_49.pdb" => successfully finished
validated file "RASH_50.pdb" => successfully finished
Cleaning BuildModel...DONE
任务 4 结果提取成功，已映射突变信息。
