   ********************************************
   ***                                      ***
   ***             FoldX 5.1 (c)            ***
   ***                                      ***
   ***     code by the FoldX Consortium     ***
   ***                                      ***
   ***     Jesper Borg, Frederic Rousseau   ***
   ***    Joost Schymkowitz, Luis Serrano   ***
   ***    Peter Vanhee, Erik Verschueren    ***
   ***     Lies Baeten, Javier Delgado      ***
   ***       and Francois Stricher          ***
   *** and any other of the 9! permutations ***
   ***   based on an original concept by    ***
   ***   Raphael Guerois and Luis Serrano   ***
   ********************************************

1 models read: RASH.pdb
1 models read: RASH.pdb

BackHbond       =               -119.56
SideHbond       =               -30.66
Energy_VdW      =               -189.28
Electro         =               -11.61
Energy_SolvP    =               271.10
Energy_SolvH    =               -245.82
Energy_vdwclash =               13.82
energy_torsion  =               3.00
backbone_vdwclash=              105.77
Entropy_sidec   =               98.60
Entropy_mainc   =               271.56
water bonds     =               0.00
helix dipole    =               -0.83
loop_entropy    =               0.00
cis_bond        =               1.12
disulfide       =               0.00
kn electrostatic=               0.00
partial covalent interactions = 0.00
Energy_Ionisation =             0.20
Entropy Complex =               0.00
-----------------------------------------------------------
Total          = 				  61.65


BackHbond       =               -119.56
SideHbond       =               -30.66
Energy_VdW      =               -189.28
Electro         =               -11.61
Energy_SolvP    =               271.10
Energy_SolvH    =               -245.82
Energy_vdwclash =               13.82
energy_torsion  =               3.00
backbone_vdwclash=              105.77
Entropy_sidec   =               98.60
Entropy_mainc   =               271.56
water bonds     =               0.00
helix dipole    =               -0.83
loop_entropy    =               0.00
cis_bond        =               1.12
disulfide       =               0.00
kn electrostatic=               0.00
partial covalent interactions = 0.00
Energy_Ionisation =             0.20
Entropy Complex =               0.00
-----------------------------------------------------------
Total          = 				  61.65

Starting BuildModel
Reading TA2L;
Reading TA2C;
Reading TA2D;
Reading TA2E;
Reading TA2F;
Reading TA2G;
Reading TA2H;
Reading TA2V;
Reading TA2I;
Reading TA2M;
Reading TA2N;
Reading TA2P;
Reading TA2Q;
Reading TA2R;
Reading TA2S;
Reading TA2K;
Reading TA2Y;
Reading TA2W;
Reading EA3W;
Reading EA3R;
Reading EA3Q;
Reading EA3P;
Reading EA3N;
Reading EA3M;
Reading EA3L;
Reading EA3K;
Reading EA3I;
Reading EA3S;
Reading EA3H;
Reading EA3G;
Reading EA3F;
Reading EA3D;
Reading EA3C;
Reading EA3A;
Reading EA3T;
Reading EA3Y;
Reading EA3V;
Reading YA4W;
Reading YA4T;
Reading YA4S;
Reading YA4R;
Reading YA4Q;
Reading YA4P;
Reading YA4N;
Reading YA4M;
Reading YA4L;
Reading YA4I;
Reading YA4G;
Reading YA4F;
Reading YA4E;
Residue to Mutate THRA2 has residue index 1
Residue to Mutate THRA2 has residue index 1
Residue to Mutate THRA2 has residue index 1
Residue to Mutate THRA2 has residue index 1
Residue to Mutate THRA2 has residue index 1
Residue to Mutate THRA2 has residue index 1
Residue to Mutate THRA2 has residue index 1
Residue to Mutate THRA2 has residue index 1
Residue to Mutate THRA2 has residue index 1
Residue to Mutate THRA2 has residue index 1
Residue to Mutate THRA2 has residue index 1
Residue to Mutate THRA2 has residue index 1
Residue to Mutate THRA2 has residue index 1
Residue to Mutate THRA2 has residue index 1
Residue to Mutate THRA2 has residue index 1
Residue to Mutate THRA2 has residue index 1
Residue to Mutate THRA2 has residue index 1
Residue to Mutate THRA2 has residue index 1
Residue to Mutate GLUA3 has residue index 2
Residue to Mutate GLUA3 has residue index 2
Residue to Mutate GLUA3 has residue index 2
Residue to Mutate GLUA3 has residue index 2
Residue to Mutate GLUA3 has residue index 2
Residue to Mutate GLUA3 has residue index 2
Residue to Mutate GLUA3 has residue index 2
Residue to Mutate GLUA3 has residue index 2
Residue to Mutate GLUA3 has residue index 2
Residue to Mutate GLUA3 has residue index 2
Residue to Mutate GLUA3 has residue index 2
Residue to Mutate GLUA3 has residue index 2
Residue to Mutate GLUA3 has residue index 2
Residue to Mutate GLUA3 has residue index 2
Residue to Mutate GLUA3 has residue index 2
Residue to Mutate GLUA3 has residue index 2
Residue to Mutate GLUA3 has residue index 2
Residue to Mutate GLUA3 has residue index 2
Residue to Mutate GLUA3 has residue index 2
Residue to Mutate TYRA4 has residue index 3
Residue to Mutate TYRA4 has residue index 3
Residue to Mutate TYRA4 has residue index 3
Residue to Mutate TYRA4 has residue index 3
Residue to Mutate TYRA4 has residue index 3
Residue to Mutate TYRA4 has residue index 3
Residue to Mutate TYRA4 has residue index 3
Residue to Mutate TYRA4 has residue index 3
Residue to Mutate TYRA4 has residue index 3
Residue to Mutate TYRA4 has residue index 3
Residue to Mutate TYRA4 has residue index 3
Residue to Mutate TYRA4 has residue index 3
Residue to Mutate TYRA4 has residue index 3
Mutating residue = THRA2 into LEU
Mutating residue = THRA2 into CYS
Mutating residue = THRA2 into ASP
Mutating residue = THRA2 into GLU
Mutating residue = THRA2 into PHE
Mutating residue = THRA2 into GLY
Mutating residue = THRA2 into HIS
Mutating residue = THRA2 into VAL
Mutating residue = THRA2 into ILE
Mutating residue = THRA2 into MET
Mutating residue = THRA2 into ASN
Mutating residue = THRA2 into PRO
Mutating residue = THRA2 into GLN
Mutating residue = THRA2 into ARG
Mutating residue = THRA2 into SER
Mutating residue = THRA2 into LYS
Mutating residue = THRA2 into TYR
Mutating residue = THRA2 into TRP
Mutating residue = GLUA3 into TRP
Mutating residue = GLUA3 into ARG
Mutating residue = GLUA3 into GLN
Mutating residue = GLUA3 into PRO
Mutating residue = GLUA3 into ASN
Mutating residue = GLUA3 into MET
Mutating residue = GLUA3 into LEU
Mutating residue = GLUA3 into LYS
Mutating residue = GLUA3 into ILE
Mutating residue = GLUA3 into SER
Mutating residue = GLUA3 into HIS
Mutating residue = GLUA3 into GLY
Mutating residue = GLUA3 into PHE
Mutating residue = GLUA3 into ASP
Mutating residue = GLUA3 into CYS
Mutating residue = GLUA3 into ALA
Mutating residue = GLUA3 into THR
Mutating residue = GLUA3 into TYR
Mutating residue = GLUA3 into VAL
Mutating residue = TYRA4 into TRP
Mutating residue = TYRA4 into THR
Mutating residue = TYRA4 into SER
Mutating residue = TYRA4 into ARG
Mutating residue = TYRA4 into GLN
Mutating residue = TYRA4 into PRO
Mutating residue = TYRA4 into ASN
Mutating residue = TYRA4 into MET
Mutating residue = TYRA4 into LEU
Mutating residue = TYRA4 into ILE
Mutating residue = TYRA4 into GLY
Mutating residue = TYRA4 into PHE
Mutating residue = TYRA4 into GLU
Your file run OK
End time of FoldX: Sat May  9 16:27:55 2026
Total time spend: 637.79 seconds.
validated file "RASH_1.pdb" => successfully finished
validated file "RASH_2.pdb" => successfully finished
validated file "RASH_3.pdb" => successfully finished
validated file "RASH_4.pdb" => successfully finished
validated file "RASH_5.pdb" => successfully finished
validated file "RASH_6.pdb" => successfully finished
validated file "RASH_7.pdb" => successfully finished
validated file "RASH_8.pdb" => successfully finished
validated file "RASH_9.pdb" => successfully finished
validated file "RASH_10.pdb" => successfully finished
validated file "RASH_11.pdb" => successfully finished
validated file "RASH_12.pdb" => successfully finished
validated file "RASH_13.pdb" => successfully finished
validated file "RASH_14.pdb" => successfully finished
validated file "RASH_15.pdb" => successfully finished
validated file "RASH_16.pdb" => successfully finished
validated file "RASH_17.pdb" => successfully finished
validated file "RASH_18.pdb" => successfully finished
validated file "RASH_19.pdb" => successfully finished
validated file "RASH_20.pdb" => successfully finished
validated file "RASH_21.pdb" => successfully finished
validated file "RASH_22.pdb" => successfully finished
validated file "RASH_23.pdb" => successfully finished
validated file "RASH_24.pdb" => successfully finished
validated file "RASH_25.pdb" => successfully finished
validated file "RASH_26.pdb" => successfully finished
validated file "RASH_27.pdb" => successfully finished
validated file "RASH_28.pdb" => successfully finished
validated file "RASH_29.pdb" => successfully finished
validated file "RASH_30.pdb" => successfully finished
validated file "RASH_31.pdb" => successfully finished
validated file "RASH_32.pdb" => successfully finished
validated file "RASH_33.pdb" => successfully finished
validated file "RASH_34.pdb" => successfully finished
validated file "RASH_35.pdb" => successfully finished
validated file "RASH_36.pdb" => successfully finished
validated file "RASH_37.pdb" => successfully finished
validated file "RASH_38.pdb" => successfully finished
validated file "RASH_39.pdb" => successfully finished
validated file "RASH_40.pdb" => successfully finished
validated file "RASH_41.pdb" => successfully finished
validated file "RASH_42.pdb" => successfully finished
validated file "RASH_43.pdb" => successfully finished
validated file "RASH_44.pdb" => successfully finished
validated file "RASH_45.pdb" => successfully finished
validated file "RASH_46.pdb" => successfully finished
validated file "RASH_47.pdb" => successfully finished
validated file "RASH_48.pdb" => successfully finished
validated file "RASH_49.pdb" => successfully finished
validated file "RASH_50.pdb" => successfully finished
Cleaning BuildModel...DONE
任务 1 结果提取成功，已映射突变信息。
