   ********************************************
   ***                                      ***
   ***             FoldX 5.1 (c)            ***
   ***                                      ***
   ***     code by the FoldX Consortium     ***
   ***                                      ***
   ***     Jesper Borg, Frederic Rousseau   ***
   ***    Joost Schymkowitz, Luis Serrano   ***
   ***    Peter Vanhee, Erik Verschueren    ***
   ***     Lies Baeten, Javier Delgado      ***
   ***       and Francois Stricher          ***
   *** and any other of the 9! permutations ***
   ***   based on an original concept by    ***
   ***   Raphael Guerois and Luis Serrano   ***
   ********************************************

1 models read: RASH.pdb
1 models read: RASH.pdb

BackHbond       =               -119.56
SideHbond       =               -30.66
Energy_VdW      =               -189.28
Electro         =               -11.61
Energy_SolvP    =               271.10
Energy_SolvH    =               -245.82
Energy_vdwclash =               13.82
energy_torsion  =               3.00
backbone_vdwclash=              105.77
Entropy_sidec   =               98.60
Entropy_mainc   =               271.56
water bonds     =               0.00
helix dipole    =               -0.83
loop_entropy    =               0.00
cis_bond        =               1.12
disulfide       =               0.00
kn electrostatic=               0.00
partial covalent interactions = 0.00
Energy_Ionisation =             0.20
Entropy Complex =               0.00
-----------------------------------------------------------
Total          = 				  61.65


BackHbond       =               -119.56
SideHbond       =               -30.66
Energy_VdW      =               -189.28
Electro         =               -11.61
Energy_SolvP    =               271.10
Energy_SolvH    =               -245.82
Energy_vdwclash =               13.82
energy_torsion  =               3.00
backbone_vdwclash=              105.77
Entropy_sidec   =               98.60
Entropy_mainc   =               271.56
water bonds     =               0.00
helix dipole    =               -0.83
loop_entropy    =               0.00
cis_bond        =               1.12
disulfide       =               0.00
kn electrostatic=               0.00
partial covalent interactions = 0.00
Energy_Ionisation =             0.20
Entropy Complex =               0.00
-----------------------------------------------------------
Total          = 				  61.65

Starting BuildModel
Reading EA49L;
Reading EA49K;
Reading EA49S;
Reading EA49I;
Reading EA49G;
Reading EA49F;
Reading EA49D;
Reading EA49C;
Reading EA49A;
Reading EA49H;
Reading EA49T;
Reading TA50W;
Reading TA50Y;
Reading TA50C;
Reading TA50A;
Reading TA50E;
Reading TA50D;
Reading TA50F;
Reading TA50G;
Reading TA50H;
Reading TA50I;
Reading TA50K;
Reading TA50M;
Reading TA50L;
Reading TA50P;
Reading TA50Q;
Reading TA50R;
Reading TA50S;
Reading TA50V;
Reading TA50N;
Reading CA51L;
Reading CA51F;
Reading CA51E;
Reading CA51H;
Reading CA51I;
Reading CA51K;
Reading CA51M;
Reading CA51W;
Reading CA51P;
Reading CA51Q;
Reading CA51R;
Reading CA51S;
Reading CA51T;
Reading CA51V;
Reading CA51D;
Reading CA51Y;
Reading CA51N;
Reading CA51A;
Reading CA51G;
Reading LA52V;
Residue to Mutate GLUA49 has residue index 48
Residue to Mutate GLUA49 has residue index 48
Residue to Mutate GLUA49 has residue index 48
Residue to Mutate GLUA49 has residue index 48
Residue to Mutate GLUA49 has residue index 48
Residue to Mutate GLUA49 has residue index 48
Residue to Mutate GLUA49 has residue index 48
Residue to Mutate GLUA49 has residue index 48
Residue to Mutate GLUA49 has residue index 48
Residue to Mutate GLUA49 has residue index 48
Residue to Mutate GLUA49 has residue index 48
Residue to Mutate THRA50 has residue index 49
Residue to Mutate THRA50 has residue index 49
Residue to Mutate THRA50 has residue index 49
Residue to Mutate THRA50 has residue index 49
Residue to Mutate THRA50 has residue index 49
Residue to Mutate THRA50 has residue index 49
Residue to Mutate THRA50 has residue index 49
Residue to Mutate THRA50 has residue index 49
Residue to Mutate THRA50 has residue index 49
Residue to Mutate THRA50 has residue index 49
Residue to Mutate THRA50 has residue index 49
Residue to Mutate THRA50 has residue index 49
Residue to Mutate THRA50 has residue index 49
Residue to Mutate THRA50 has residue index 49
Residue to Mutate THRA50 has residue index 49
Residue to Mutate THRA50 has residue index 49
Residue to Mutate THRA50 has residue index 49
Residue to Mutate THRA50 has residue index 49
Residue to Mutate THRA50 has residue index 49
Residue to Mutate CYSA51 has residue index 50
Residue to Mutate CYSA51 has residue index 50
Residue to Mutate CYSA51 has residue index 50
Residue to Mutate CYSA51 has residue index 50
Residue to Mutate CYSA51 has residue index 50
Residue to Mutate CYSA51 has residue index 50
Residue to Mutate CYSA51 has residue index 50
Residue to Mutate CYSA51 has residue index 50
Residue to Mutate CYSA51 has residue index 50
Residue to Mutate CYSA51 has residue index 50
Residue to Mutate CYSA51 has residue index 50
Residue to Mutate CYSA51 has residue index 50
Residue to Mutate CYSA51 has residue index 50
Residue to Mutate CYSA51 has residue index 50
Residue to Mutate CYSA51 has residue index 50
Residue to Mutate CYSA51 has residue index 50
Residue to Mutate CYSA51 has residue index 50
Residue to Mutate CYSA51 has residue index 50
Residue to Mutate CYSA51 has residue index 50
Residue to Mutate LEUA52 has residue index 51
Mutating residue = GLUA49 into LEU
Mutating residue = GLUA49 into LYS
Mutating residue = GLUA49 into SER
Mutating residue = GLUA49 into ILE
Mutating residue = GLUA49 into GLY
Mutating residue = GLUA49 into PHE
Mutating residue = GLUA49 into ASP
Mutating residue = GLUA49 into CYS
Mutating residue = GLUA49 into ALA
Mutating residue = GLUA49 into HIS
Mutating residue = GLUA49 into THR
Mutating residue = THRA50 into TRP
Mutating residue = THRA50 into TYR
Mutating residue = THRA50 into CYS
Mutating residue = THRA50 into ALA
Mutating residue = THRA50 into GLU
Mutating residue = THRA50 into ASP
Mutating residue = THRA50 into PHE
Mutating residue = THRA50 into GLY
Mutating residue = THRA50 into HIS
Mutating residue = THRA50 into ILE
Mutating residue = THRA50 into LYS
Mutating residue = THRA50 into MET
Mutating residue = THRA50 into LEU
Mutating residue = THRA50 into PRO
Mutating residue = THRA50 into GLN
Mutating residue = THRA50 into ARG
Mutating residue = THRA50 into SER
Mutating residue = THRA50 into VAL
Mutating residue = THRA50 into ASN
Mutating residue = CYSA51 into LEU
Mutating residue = CYSA51 into PHE
Mutating residue = CYSA51 into GLU
Mutating residue = CYSA51 into HIS
Mutating residue = CYSA51 into ILE
Mutating residue = CYSA51 into LYS
Mutating residue = CYSA51 into MET
Mutating residue = CYSA51 into TRP
Mutating residue = CYSA51 into PRO
Mutating residue = CYSA51 into GLN
Mutating residue = CYSA51 into ARG
Mutating residue = CYSA51 into SER
Mutating residue = CYSA51 into THR
Mutating residue = CYSA51 into VAL
Mutating residue = CYSA51 into ASP
Mutating residue = CYSA51 into TYR
Mutating residue = CYSA51 into ASN
Mutating residue = CYSA51 into ALA
Mutating residue = CYSA51 into GLY
Mutating residue = LEUA52 into VAL
Your file run OK
End time of FoldX: Sat May  9 16:24:21 2026
Total time spend: 424.08 seconds.
validated file "RASH_1.pdb" => successfully finished
validated file "RASH_2.pdb" => successfully finished
validated file "RASH_3.pdb" => successfully finished
validated file "RASH_4.pdb" => successfully finished
validated file "RASH_5.pdb" => successfully finished
validated file "RASH_6.pdb" => successfully finished
validated file "RASH_7.pdb" => successfully finished
validated file "RASH_8.pdb" => successfully finished
validated file "RASH_9.pdb" => successfully finished
validated file "RASH_10.pdb" => successfully finished
validated file "RASH_11.pdb" => successfully finished
validated file "RASH_12.pdb" => successfully finished
validated file "RASH_13.pdb" => successfully finished
validated file "RASH_14.pdb" => successfully finished
validated file "RASH_15.pdb" => successfully finished
validated file "RASH_16.pdb" => successfully finished
validated file "RASH_17.pdb" => successfully finished
validated file "RASH_18.pdb" => successfully finished
validated file "RASH_19.pdb" => successfully finished
validated file "RASH_20.pdb" => successfully finished
validated file "RASH_21.pdb" => successfully finished
validated file "RASH_22.pdb" => successfully finished
validated file "RASH_23.pdb" => successfully finished
validated file "RASH_24.pdb" => successfully finished
validated file "RASH_25.pdb" => successfully finished
validated file "RASH_26.pdb" => successfully finished
validated file "RASH_27.pdb" => successfully finished
validated file "RASH_28.pdb" => successfully finished
validated file "RASH_29.pdb" => successfully finished
validated file "RASH_30.pdb" => successfully finished
validated file "RASH_31.pdb" => successfully finished
validated file "RASH_32.pdb" => successfully finished
validated file "RASH_33.pdb" => successfully finished
validated file "RASH_34.pdb" => successfully finished
validated file "RASH_35.pdb" => successfully finished
validated file "RASH_36.pdb" => successfully finished
validated file "RASH_37.pdb" => successfully finished
validated file "RASH_38.pdb" => successfully finished
validated file "RASH_39.pdb" => successfully finished
validated file "RASH_40.pdb" => successfully finished
validated file "RASH_41.pdb" => successfully finished
validated file "RASH_42.pdb" => successfully finished
validated file "RASH_43.pdb" => successfully finished
validated file "RASH_44.pdb" => successfully finished
validated file "RASH_45.pdb" => successfully finished
validated file "RASH_46.pdb" => successfully finished
validated file "RASH_47.pdb" => successfully finished
validated file "RASH_48.pdb" => successfully finished
validated file "RASH_49.pdb" => successfully finished
validated file "RASH_50.pdb" => successfully finished
Cleaning BuildModel...DONE
任务 19 结果提取成功，已映射突变信息。
