   ********************************************
   ***                                      ***
   ***             FoldX 5.1 (c)            ***
   ***                                      ***
   ***     code by the FoldX Consortium     ***
   ***                                      ***
   ***     Jesper Borg, Frederic Rousseau   ***
   ***    Joost Schymkowitz, Luis Serrano   ***
   ***    Peter Vanhee, Erik Verschueren    ***
   ***     Lies Baeten, Javier Delgado      ***
   ***       and Francois Stricher          ***
   *** and any other of the 9! permutations ***
   ***   based on an original concept by    ***
   ***   Raphael Guerois and Luis Serrano   ***
   ********************************************

1 models read: RNC.pdb
1 models read: RNC.pdb

BackHbond       =               -168.66
SideHbond       =               -38.21
Energy_VdW      =               -241.09
Electro         =               -9.50
Energy_SolvP    =               337.30
Energy_SolvH    =               -317.26
Energy_vdwclash =               13.16
energy_torsion  =               1.57
backbone_vdwclash=              182.09
Entropy_sidec   =               123.80
Entropy_mainc   =               326.25
water bonds     =               0.00
helix dipole    =               -2.25
loop_entropy    =               0.00
cis_bond        =               0.00
disulfide       =               0.00
kn electrostatic=               0.00
partial covalent interactions = 0.00
Energy_Ionisation =             0.47
Entropy Complex =               0.00
-----------------------------------------------------------
Total          = 				  25.60


BackHbond       =               -168.66
SideHbond       =               -38.21
Energy_VdW      =               -241.09
Electro         =               -9.50
Energy_SolvP    =               337.30
Energy_SolvH    =               -317.26
Energy_vdwclash =               13.16
energy_torsion  =               1.57
backbone_vdwclash=              182.09
Entropy_sidec   =               123.80
Entropy_mainc   =               326.25
water bonds     =               0.00
helix dipole    =               -2.25
loop_entropy    =               0.00
cis_bond        =               0.00
disulfide       =               0.00
kn electrostatic=               0.00
partial covalent interactions = 0.00
Energy_Ionisation =             0.47
Entropy Complex =               0.00
-----------------------------------------------------------
Total          = 				  25.60

Starting BuildModel
Reading LA9T;
Reading LA9V;
Reading LA9W;
Reading LA9Y;
Reading MA1A;
Reading MA1C;
Reading MA1D;
Reading MA1E;
Reading MA1F;
Reading MA1G;
Reading MA1H;
Reading MA1I;
Reading MA1K;
Reading MA1L;
Reading MA1N;
Reading MA1P;
Reading MA1Q;
Reading MA1R;
Reading MA1S;
Reading MA1T;
Reading MA1V;
Reading MA1W;
Reading MA1Y;
Reading MA68A;
Reading MA68C;
Reading MA68D;
Reading MA68E;
Reading MA68F;
Reading MA68G;
Reading MA68H;
Reading MA68I;
Reading MA68K;
Reading MA68L;
Reading MA68N;
Reading MA68P;
Reading MA68Q;
Reading MA68R;
Reading MA68S;
Reading MA68T;
Reading MA68V;
Reading MA68W;
Reading MA68Y;
Reading MA71A;
Reading MA71C;
Reading MA71D;
Reading MA71E;
Reading MA71F;
Reading MA71G;
Reading MA71H;
Reading MA71I;
Residue to Mutate LEUA9 has residue index 8
Residue to Mutate LEUA9 has residue index 8
Residue to Mutate LEUA9 has residue index 8
Residue to Mutate LEUA9 has residue index 8
Residue to Mutate META1 has residue index 0
Residue to Mutate META1 has residue index 0
Residue to Mutate META1 has residue index 0
Residue to Mutate META1 has residue index 0
Residue to Mutate META1 has residue index 0
Residue to Mutate META1 has residue index 0
Residue to Mutate META1 has residue index 0
Residue to Mutate META1 has residue index 0
Residue to Mutate META1 has residue index 0
Residue to Mutate META1 has residue index 0
Residue to Mutate META1 has residue index 0
Residue to Mutate META1 has residue index 0
Residue to Mutate META1 has residue index 0
Residue to Mutate META1 has residue index 0
Residue to Mutate META1 has residue index 0
Residue to Mutate META1 has residue index 0
Residue to Mutate META1 has residue index 0
Residue to Mutate META1 has residue index 0
Residue to Mutate META1 has residue index 0
Residue to Mutate META68 has residue index 67
Residue to Mutate META68 has residue index 67
Residue to Mutate META68 has residue index 67
Residue to Mutate META68 has residue index 67
Residue to Mutate META68 has residue index 67
Residue to Mutate META68 has residue index 67
Residue to Mutate META68 has residue index 67
Residue to Mutate META68 has residue index 67
Residue to Mutate META68 has residue index 67
Residue to Mutate META68 has residue index 67
Residue to Mutate META68 has residue index 67
Residue to Mutate META68 has residue index 67
Residue to Mutate META68 has residue index 67
Residue to Mutate META68 has residue index 67
Residue to Mutate META68 has residue index 67
Residue to Mutate META68 has residue index 67
Residue to Mutate META68 has residue index 67
Residue to Mutate META68 has residue index 67
Residue to Mutate META68 has residue index 67
Residue to Mutate META71 has residue index 70
Residue to Mutate META71 has residue index 70
Residue to Mutate META71 has residue index 70
Residue to Mutate META71 has residue index 70
Residue to Mutate META71 has residue index 70
Residue to Mutate META71 has residue index 70
Residue to Mutate META71 has residue index 70
Residue to Mutate META71 has residue index 70
Mutating residue = LEUA9 into THR
Mutating residue = LEUA9 into VAL
Mutating residue = LEUA9 into TRP
Mutating residue = LEUA9 into TYR
Mutating residue = META1 into ALA
Mutating residue = META1 into CYS
Mutating residue = META1 into ASP
Mutating residue = META1 into GLU
Mutating residue = META1 into PHE
Mutating residue = META1 into GLY
Mutating residue = META1 into HIS
Mutating residue = META1 into ILE
Mutating residue = META1 into LYS
Mutating residue = META1 into LEU
Mutating residue = META1 into ASN
Mutating residue = META1 into PRO
Mutating residue = META1 into GLN
Mutating residue = META1 into ARG
Mutating residue = META1 into SER
Mutating residue = META1 into THR
Mutating residue = META1 into VAL
Mutating residue = META1 into TRP
Mutating residue = META1 into TYR
Mutating residue = META68 into ALA
Mutating residue = META68 into CYS
Mutating residue = META68 into ASP
Mutating residue = META68 into GLU
Mutating residue = META68 into PHE
Mutating residue = META68 into GLY
Mutating residue = META68 into HIS
Mutating residue = META68 into ILE
Mutating residue = META68 into LYS
Mutating residue = META68 into LEU
Mutating residue = META68 into ASN
Mutating residue = META68 into PRO
Mutating residue = META68 into GLN
Mutating residue = META68 into ARG
Mutating residue = META68 into SER
Mutating residue = META68 into THR
Mutating residue = META68 into VAL
Mutating residue = META68 into TRP
Mutating residue = META68 into TYR
Mutating residue = META71 into ALA
Mutating residue = META71 into CYS
Mutating residue = META71 into ASP
Mutating residue = META71 into GLU
Mutating residue = META71 into PHE
Mutating residue = META71 into GLY
Mutating residue = META71 into HIS
Mutating residue = META71 into ILE
Your file run OK
End time of FoldX: Sat May  9 16:21:49 2026
Total time spend: 268.81 seconds.
validated file "RNC_1.pdb" => successfully finished
validated file "RNC_2.pdb" => successfully finished
validated file "RNC_3.pdb" => successfully finished
validated file "RNC_4.pdb" => successfully finished
validated file "RNC_5.pdb" => successfully finished
validated file "RNC_6.pdb" => successfully finished
validated file "RNC_7.pdb" => successfully finished
validated file "RNC_8.pdb" => successfully finished
validated file "RNC_9.pdb" => successfully finished
validated file "RNC_10.pdb" => successfully finished
validated file "RNC_11.pdb" => successfully finished
validated file "RNC_12.pdb" => successfully finished
validated file "RNC_13.pdb" => successfully finished
validated file "RNC_14.pdb" => successfully finished
validated file "RNC_15.pdb" => successfully finished
validated file "RNC_16.pdb" => successfully finished
validated file "RNC_17.pdb" => successfully finished
validated file "RNC_18.pdb" => successfully finished
validated file "RNC_19.pdb" => successfully finished
validated file "RNC_20.pdb" => successfully finished
validated file "RNC_21.pdb" => successfully finished
validated file "RNC_22.pdb" => successfully finished
validated file "RNC_23.pdb" => successfully finished
validated file "RNC_24.pdb" => successfully finished
validated file "RNC_25.pdb" => successfully finished
validated file "RNC_26.pdb" => successfully finished
validated file "RNC_27.pdb" => successfully finished
validated file "RNC_28.pdb" => successfully finished
validated file "RNC_29.pdb" => successfully finished
validated file "RNC_30.pdb" => successfully finished
validated file "RNC_31.pdb" => successfully finished
validated file "RNC_32.pdb" => successfully finished
validated file "RNC_33.pdb" => successfully finished
validated file "RNC_34.pdb" => successfully finished
validated file "RNC_35.pdb" => successfully finished
validated file "RNC_36.pdb" => successfully finished
validated file "RNC_37.pdb" => successfully finished
validated file "RNC_38.pdb" => successfully finished
validated file "RNC_39.pdb" => successfully finished
validated file "RNC_40.pdb" => successfully finished
validated file "RNC_41.pdb" => successfully finished
validated file "RNC_42.pdb" => successfully finished
validated file "RNC_43.pdb" => successfully finished
validated file "RNC_44.pdb" => successfully finished
validated file "RNC_45.pdb" => successfully finished
validated file "RNC_46.pdb" => successfully finished
validated file "RNC_47.pdb" => successfully finished
validated file "RNC_48.pdb" => successfully finished
validated file "RNC_49.pdb" => successfully finished
validated file "RNC_50.pdb" => successfully finished
Cleaning BuildModel...DONE
任务 50 结果提取成功，已映射突变信息。
