   ********************************************
   ***                                      ***
   ***             FoldX 5.1 (c)            ***
   ***                                      ***
   ***     code by the FoldX Consortium     ***
   ***                                      ***
   ***     Jesper Borg, Frederic Rousseau   ***
   ***    Joost Schymkowitz, Luis Serrano   ***
   ***    Peter Vanhee, Erik Verschueren    ***
   ***     Lies Baeten, Javier Delgado      ***
   ***       and Francois Stricher          ***
   *** and any other of the 9! permutations ***
   ***   based on an original concept by    ***
   ***   Raphael Guerois and Luis Serrano   ***
   ********************************************

1 models read: RNC.pdb
1 models read: RNC.pdb

BackHbond       =               -168.66
SideHbond       =               -38.21
Energy_VdW      =               -241.09
Electro         =               -9.50
Energy_SolvP    =               337.30
Energy_SolvH    =               -317.26
Energy_vdwclash =               13.16
energy_torsion  =               1.57
backbone_vdwclash=              182.09
Entropy_sidec   =               123.80
Entropy_mainc   =               326.25
water bonds     =               0.00
helix dipole    =               -2.25
loop_entropy    =               0.00
cis_bond        =               0.00
disulfide       =               0.00
kn electrostatic=               0.00
partial covalent interactions = 0.00
Energy_Ionisation =             0.47
Entropy Complex =               0.00
-----------------------------------------------------------
Total          = 				  25.60


BackHbond       =               -168.66
SideHbond       =               -38.21
Energy_VdW      =               -241.09
Electro         =               -9.50
Energy_SolvP    =               337.30
Energy_SolvH    =               -317.26
Energy_vdwclash =               13.16
energy_torsion  =               1.57
backbone_vdwclash=              182.09
Entropy_sidec   =               123.80
Entropy_mainc   =               326.25
water bonds     =               0.00
helix dipole    =               -2.25
loop_entropy    =               0.00
cis_bond        =               0.00
disulfide       =               0.00
kn electrostatic=               0.00
partial covalent interactions = 0.00
Energy_Ionisation =             0.47
Entropy Complex =               0.00
-----------------------------------------------------------
Total          = 				  25.60

Starting BuildModel
Reading IA129S;
Reading IA129T;
Reading IA129V;
Reading IA129W;
Reading IA129Y;
Reading IA136A;
Reading IA136C;
Reading IA136D;
Reading IA136E;
Reading IA136F;
Reading IA136G;
Reading IA136H;
Reading IA136K;
Reading IA136L;
Reading IA136M;
Reading IA136N;
Reading IA136P;
Reading IA136Q;
Reading IA136R;
Reading IA136S;
Reading IA136T;
Reading IA136V;
Reading IA136W;
Reading IA136Y;
Reading IA147A;
Reading IA147C;
Reading IA147D;
Reading IA147E;
Reading IA147F;
Reading IA147G;
Reading IA147H;
Reading IA147K;
Reading IA147L;
Reading IA147M;
Reading IA147N;
Reading IA147P;
Reading IA147Q;
Reading IA147R;
Reading IA147S;
Reading IA147T;
Reading IA147V;
Reading IA147W;
Reading IA147Y;
Reading IA190A;
Reading IA190C;
Reading IA190D;
Reading IA190E;
Reading IA190F;
Reading IA190G;
Reading IA190H;
Residue to Mutate ILEA129 has residue index 128
Residue to Mutate ILEA129 has residue index 128
Residue to Mutate ILEA129 has residue index 128
Residue to Mutate ILEA129 has residue index 128
Residue to Mutate ILEA129 has residue index 128
Residue to Mutate ILEA136 has residue index 135
Residue to Mutate ILEA136 has residue index 135
Residue to Mutate ILEA136 has residue index 135
Residue to Mutate ILEA136 has residue index 135
Residue to Mutate ILEA136 has residue index 135
Residue to Mutate ILEA136 has residue index 135
Residue to Mutate ILEA136 has residue index 135
Residue to Mutate ILEA136 has residue index 135
Residue to Mutate ILEA136 has residue index 135
Residue to Mutate ILEA136 has residue index 135
Residue to Mutate ILEA136 has residue index 135
Residue to Mutate ILEA136 has residue index 135
Residue to Mutate ILEA136 has residue index 135
Residue to Mutate ILEA136 has residue index 135
Residue to Mutate ILEA136 has residue index 135
Residue to Mutate ILEA136 has residue index 135
Residue to Mutate ILEA136 has residue index 135
Residue to Mutate ILEA136 has residue index 135
Residue to Mutate ILEA136 has residue index 135
Residue to Mutate ILEA147 has residue index 146
Residue to Mutate ILEA147 has residue index 146
Residue to Mutate ILEA147 has residue index 146
Residue to Mutate ILEA147 has residue index 146
Residue to Mutate ILEA147 has residue index 146
Residue to Mutate ILEA147 has residue index 146
Residue to Mutate ILEA147 has residue index 146
Residue to Mutate ILEA147 has residue index 146
Residue to Mutate ILEA147 has residue index 146
Residue to Mutate ILEA147 has residue index 146
Residue to Mutate ILEA147 has residue index 146
Residue to Mutate ILEA147 has residue index 146
Residue to Mutate ILEA147 has residue index 146
Residue to Mutate ILEA147 has residue index 146
Residue to Mutate ILEA147 has residue index 146
Residue to Mutate ILEA147 has residue index 146
Residue to Mutate ILEA147 has residue index 146
Residue to Mutate ILEA147 has residue index 146
Residue to Mutate ILEA147 has residue index 146
Residue to Mutate ILEA190 has residue index 189
Residue to Mutate ILEA190 has residue index 189
Residue to Mutate ILEA190 has residue index 189
Residue to Mutate ILEA190 has residue index 189
Residue to Mutate ILEA190 has residue index 189
Residue to Mutate ILEA190 has residue index 189
Residue to Mutate ILEA190 has residue index 189
Mutating residue = ILEA129 into SER
Mutating residue = ILEA129 into THR
Mutating residue = ILEA129 into VAL
Mutating residue = ILEA129 into TRP
Mutating residue = ILEA129 into TYR
Mutating residue = ILEA136 into ALA
Mutating residue = ILEA136 into CYS
Mutating residue = ILEA136 into ASP
Mutating residue = ILEA136 into GLU
Mutating residue = ILEA136 into PHE
Mutating residue = ILEA136 into GLY
Mutating residue = ILEA136 into HIS
Mutating residue = ILEA136 into LYS
Mutating residue = ILEA136 into LEU
Mutating residue = ILEA136 into MET
Mutating residue = ILEA136 into ASN
Mutating residue = ILEA136 into PRO
Mutating residue = ILEA136 into GLN
Mutating residue = ILEA136 into ARG
Mutating residue = ILEA136 into SER
Mutating residue = ILEA136 into THR
Mutating residue = ILEA136 into VAL
Mutating residue = ILEA136 into TRP
Mutating residue = ILEA136 into TYR
Mutating residue = ILEA147 into ALA
Mutating residue = ILEA147 into CYS
Mutating residue = ILEA147 into ASP
Mutating residue = ILEA147 into GLU
Mutating residue = ILEA147 into PHE
Mutating residue = ILEA147 into GLY
Mutating residue = ILEA147 into HIS
Mutating residue = ILEA147 into LYS
Mutating residue = ILEA147 into LEU
Mutating residue = ILEA147 into MET
Mutating residue = ILEA147 into ASN
Mutating residue = ILEA147 into PRO
Mutating residue = ILEA147 into GLN
Mutating residue = ILEA147 into ARG
Mutating residue = ILEA147 into SER
Mutating residue = ILEA147 into THR
Mutating residue = ILEA147 into VAL
Mutating residue = ILEA147 into TRP
Mutating residue = ILEA147 into TYR
Mutating residue = ILEA190 into ALA
Mutating residue = ILEA190 into CYS
Mutating residue = ILEA190 into ASP
Mutating residue = ILEA190 into GLU
Mutating residue = ILEA190 into PHE
Mutating residue = ILEA190 into GLY
Mutating residue = ILEA190 into HIS
Your file run OK
End time of FoldX: Sat May  9 16:21:15 2026
Total time spend: 234.08 seconds.
validated file "RNC_1.pdb" => successfully finished
validated file "RNC_2.pdb" => successfully finished
validated file "RNC_3.pdb" => successfully finished
validated file "RNC_4.pdb" => successfully finished
validated file "RNC_5.pdb" => successfully finished
validated file "RNC_6.pdb" => successfully finished
validated file "RNC_7.pdb" => successfully finished
validated file "RNC_8.pdb" => successfully finished
validated file "RNC_9.pdb" => successfully finished
validated file "RNC_10.pdb" => successfully finished
validated file "RNC_11.pdb" => successfully finished
validated file "RNC_12.pdb" => successfully finished
validated file "RNC_13.pdb" => successfully finished
validated file "RNC_14.pdb" => successfully finished
validated file "RNC_15.pdb" => successfully finished
validated file "RNC_16.pdb" => successfully finished
validated file "RNC_17.pdb" => successfully finished
validated file "RNC_18.pdb" => successfully finished
validated file "RNC_19.pdb" => successfully finished
validated file "RNC_20.pdb" => successfully finished
validated file "RNC_21.pdb" => successfully finished
validated file "RNC_22.pdb" => successfully finished
validated file "RNC_23.pdb" => successfully finished
validated file "RNC_24.pdb" => successfully finished
validated file "RNC_25.pdb" => successfully finished
validated file "RNC_26.pdb" => successfully finished
validated file "RNC_27.pdb" => successfully finished
validated file "RNC_28.pdb" => successfully finished
validated file "RNC_29.pdb" => successfully finished
validated file "RNC_30.pdb" => successfully finished
validated file "RNC_31.pdb" => successfully finished
validated file "RNC_32.pdb" => successfully finished
validated file "RNC_33.pdb" => successfully finished
validated file "RNC_34.pdb" => successfully finished
validated file "RNC_35.pdb" => successfully finished
validated file "RNC_36.pdb" => successfully finished
validated file "RNC_37.pdb" => successfully finished
validated file "RNC_38.pdb" => successfully finished
validated file "RNC_39.pdb" => successfully finished
validated file "RNC_40.pdb" => successfully finished
validated file "RNC_41.pdb" => successfully finished
validated file "RNC_42.pdb" => successfully finished
validated file "RNC_43.pdb" => successfully finished
validated file "RNC_44.pdb" => successfully finished
validated file "RNC_45.pdb" => successfully finished
validated file "RNC_46.pdb" => successfully finished
validated file "RNC_47.pdb" => successfully finished
validated file "RNC_48.pdb" => successfully finished
validated file "RNC_49.pdb" => successfully finished
validated file "RNC_50.pdb" => successfully finished
Cleaning BuildModel...DONE
任务 32 结果提取成功，已映射突变信息。
