   ********************************************
   ***                                      ***
   ***             FoldX 5.1 (c)            ***
   ***                                      ***
   ***     code by the FoldX Consortium     ***
   ***                                      ***
   ***     Jesper Borg, Frederic Rousseau   ***
   ***    Joost Schymkowitz, Luis Serrano   ***
   ***    Peter Vanhee, Erik Verschueren    ***
   ***     Lies Baeten, Javier Delgado      ***
   ***       and Francois Stricher          ***
   *** and any other of the 9! permutations ***
   ***   based on an original concept by    ***
   ***   Raphael Guerois and Luis Serrano   ***
   ********************************************

1 models read: RNC.pdb
1 models read: RNC.pdb

BackHbond       =               -168.66
SideHbond       =               -38.21
Energy_VdW      =               -241.09
Electro         =               -9.50
Energy_SolvP    =               337.30
Energy_SolvH    =               -317.26
Energy_vdwclash =               13.16
energy_torsion  =               1.57
backbone_vdwclash=              182.09
Entropy_sidec   =               123.80
Entropy_mainc   =               326.25
water bonds     =               0.00
helix dipole    =               -2.25
loop_entropy    =               0.00
cis_bond        =               0.00
disulfide       =               0.00
kn electrostatic=               0.00
partial covalent interactions = 0.00
Energy_Ionisation =             0.47
Entropy Complex =               0.00
-----------------------------------------------------------
Total          = 				  25.60


BackHbond       =               -168.66
SideHbond       =               -38.21
Energy_VdW      =               -241.09
Electro         =               -9.50
Energy_SolvP    =               337.30
Energy_SolvH    =               -317.26
Energy_vdwclash =               13.16
energy_torsion  =               1.57
backbone_vdwclash=              182.09
Entropy_sidec   =               123.80
Entropy_mainc   =               326.25
water bonds     =               0.00
helix dipole    =               -2.25
loop_entropy    =               0.00
cis_bond        =               0.00
disulfide       =               0.00
kn electrostatic=               0.00
partial covalent interactions = 0.00
Energy_Ionisation =             0.47
Entropy Complex =               0.00
-----------------------------------------------------------
Total          = 				  25.60

Starting BuildModel
Reading EA41F;
Reading EA41G;
Reading EA41H;
Reading EA41I;
Reading EA41K;
Reading EA41L;
Reading EA41M;
Reading EA41N;
Reading EA41P;
Reading EA41Q;
Reading EA41R;
Reading EA41S;
Reading EA41T;
Reading EA41V;
Reading EA41W;
Reading EA41Y;
Reading EA65A;
Reading EA65C;
Reading EA65D;
Reading EA65F;
Reading EA65G;
Reading EA65H;
Reading EA65I;
Reading EA65K;
Reading EA65L;
Reading EA65M;
Reading EA65N;
Reading EA65P;
Reading EA65Q;
Reading EA65R;
Reading EA65S;
Reading EA65T;
Reading EA65V;
Reading EA65W;
Reading EA65Y;
Reading EA83A;
Reading EA83C;
Reading EA83D;
Reading EA83F;
Reading EA83G;
Reading EA83H;
Reading EA83I;
Reading EA83K;
Reading EA83L;
Reading EA83M;
Reading EA83N;
Reading EA83P;
Reading EA83Q;
Reading EA83R;
Reading EA83S;
Residue to Mutate GLUA41 has residue index 40
Residue to Mutate GLUA41 has residue index 40
Residue to Mutate GLUA41 has residue index 40
Residue to Mutate GLUA41 has residue index 40
Residue to Mutate GLUA41 has residue index 40
Residue to Mutate GLUA41 has residue index 40
Residue to Mutate GLUA41 has residue index 40
Residue to Mutate GLUA41 has residue index 40
Residue to Mutate GLUA41 has residue index 40
Residue to Mutate GLUA41 has residue index 40
Residue to Mutate GLUA41 has residue index 40
Residue to Mutate GLUA41 has residue index 40
Residue to Mutate GLUA41 has residue index 40
Residue to Mutate GLUA41 has residue index 40
Residue to Mutate GLUA41 has residue index 40
Residue to Mutate GLUA41 has residue index 40
Residue to Mutate GLUA65 has residue index 64
Residue to Mutate GLUA65 has residue index 64
Residue to Mutate GLUA65 has residue index 64
Residue to Mutate GLUA65 has residue index 64
Residue to Mutate GLUA65 has residue index 64
Residue to Mutate GLUA65 has residue index 64
Residue to Mutate GLUA65 has residue index 64
Residue to Mutate GLUA65 has residue index 64
Residue to Mutate GLUA65 has residue index 64
Residue to Mutate GLUA65 has residue index 64
Residue to Mutate GLUA65 has residue index 64
Residue to Mutate GLUA65 has residue index 64
Residue to Mutate GLUA65 has residue index 64
Residue to Mutate GLUA65 has residue index 64
Residue to Mutate GLUA65 has residue index 64
Residue to Mutate GLUA65 has residue index 64
Residue to Mutate GLUA65 has residue index 64
Residue to Mutate GLUA65 has residue index 64
Residue to Mutate GLUA65 has residue index 64
Residue to Mutate GLUA83 has residue index 82
Residue to Mutate GLUA83 has residue index 82
Residue to Mutate GLUA83 has residue index 82
Residue to Mutate GLUA83 has residue index 82
Residue to Mutate GLUA83 has residue index 82
Residue to Mutate GLUA83 has residue index 82
Residue to Mutate GLUA83 has residue index 82
Residue to Mutate GLUA83 has residue index 82
Residue to Mutate GLUA83 has residue index 82
Residue to Mutate GLUA83 has residue index 82
Residue to Mutate GLUA83 has residue index 82
Residue to Mutate GLUA83 has residue index 82
Residue to Mutate GLUA83 has residue index 82
Residue to Mutate GLUA83 has residue index 82
Residue to Mutate GLUA83 has residue index 82
Mutating residue = GLUA41 into PHE
Mutating residue = GLUA41 into GLY
Mutating residue = GLUA41 into HIS
Mutating residue = GLUA41 into ILE
Mutating residue = GLUA41 into LYS
Mutating residue = GLUA41 into LEU
Mutating residue = GLUA41 into MET
Mutating residue = GLUA41 into ASN
Mutating residue = GLUA41 into PRO
Mutating residue = GLUA41 into GLN
Mutating residue = GLUA41 into ARG
Mutating residue = GLUA41 into SER
Mutating residue = GLUA41 into THR
Mutating residue = GLUA41 into VAL
Mutating residue = GLUA41 into TRP
Mutating residue = GLUA41 into TYR
Mutating residue = GLUA65 into ALA
Mutating residue = GLUA65 into CYS
Mutating residue = GLUA65 into ASP
Mutating residue = GLUA65 into PHE
Mutating residue = GLUA65 into GLY
Mutating residue = GLUA65 into HIS
Mutating residue = GLUA65 into ILE
Mutating residue = GLUA65 into LYS
Mutating residue = GLUA65 into LEU
Mutating residue = GLUA65 into MET
Mutating residue = GLUA65 into ASN
Mutating residue = GLUA65 into PRO
Mutating residue = GLUA65 into GLN
Mutating residue = GLUA65 into ARG
Mutating residue = GLUA65 into SER
Mutating residue = GLUA65 into THR
Mutating residue = GLUA65 into VAL
Mutating residue = GLUA65 into TRP
Mutating residue = GLUA65 into TYR
Mutating residue = GLUA83 into ALA
Mutating residue = GLUA83 into CYS
Mutating residue = GLUA83 into ASP
Mutating residue = GLUA83 into PHE
Mutating residue = GLUA83 into GLY
Mutating residue = GLUA83 into HIS
Mutating residue = GLUA83 into ILE
Mutating residue = GLUA83 into LYS
Mutating residue = GLUA83 into LEU
Mutating residue = GLUA83 into MET
Mutating residue = GLUA83 into ASN
Mutating residue = GLUA83 into PRO
Mutating residue = GLUA83 into GLN
Mutating residue = GLUA83 into ARG
Mutating residue = GLUA83 into SER
Your file run OK
End time of FoldX: Sat May  9 16:24:19 2026
Total time spend: 419.36 seconds.
validated file "RNC_1.pdb" => successfully finished
validated file "RNC_2.pdb" => successfully finished
validated file "RNC_3.pdb" => successfully finished
validated file "RNC_4.pdb" => successfully finished
validated file "RNC_5.pdb" => successfully finished
validated file "RNC_6.pdb" => successfully finished
validated file "RNC_7.pdb" => successfully finished
validated file "RNC_8.pdb" => successfully finished
validated file "RNC_9.pdb" => successfully finished
validated file "RNC_10.pdb" => successfully finished
validated file "RNC_11.pdb" => successfully finished
validated file "RNC_12.pdb" => successfully finished
validated file "RNC_13.pdb" => successfully finished
validated file "RNC_14.pdb" => successfully finished
validated file "RNC_15.pdb" => successfully finished
validated file "RNC_16.pdb" => successfully finished
validated file "RNC_17.pdb" => successfully finished
validated file "RNC_18.pdb" => successfully finished
validated file "RNC_19.pdb" => successfully finished
validated file "RNC_20.pdb" => successfully finished
validated file "RNC_21.pdb" => successfully finished
validated file "RNC_22.pdb" => successfully finished
validated file "RNC_23.pdb" => successfully finished
validated file "RNC_24.pdb" => successfully finished
validated file "RNC_25.pdb" => successfully finished
validated file "RNC_26.pdb" => successfully finished
validated file "RNC_27.pdb" => successfully finished
validated file "RNC_28.pdb" => successfully finished
validated file "RNC_29.pdb" => successfully finished
validated file "RNC_30.pdb" => successfully finished
validated file "RNC_31.pdb" => successfully finished
validated file "RNC_32.pdb" => successfully finished
validated file "RNC_33.pdb" => successfully finished
validated file "RNC_34.pdb" => successfully finished
validated file "RNC_35.pdb" => successfully finished
validated file "RNC_36.pdb" => successfully finished
validated file "RNC_37.pdb" => successfully finished
validated file "RNC_38.pdb" => successfully finished
validated file "RNC_39.pdb" => successfully finished
validated file "RNC_40.pdb" => successfully finished
validated file "RNC_41.pdb" => successfully finished
validated file "RNC_42.pdb" => successfully finished
validated file "RNC_43.pdb" => successfully finished
validated file "RNC_44.pdb" => successfully finished
validated file "RNC_45.pdb" => successfully finished
validated file "RNC_46.pdb" => successfully finished
validated file "RNC_47.pdb" => successfully finished
validated file "RNC_48.pdb" => successfully finished
validated file "RNC_49.pdb" => successfully finished
validated file "RNC_50.pdb" => successfully finished
Cleaning BuildModel...DONE
任务 17 结果提取成功，已映射突变信息。
