   ********************************************
   ***                                      ***
   ***             FoldX 5.1 (c)            ***
   ***                                      ***
   ***     code by the FoldX Consortium     ***
   ***                                      ***
   ***     Jesper Borg, Frederic Rousseau   ***
   ***    Joost Schymkowitz, Luis Serrano   ***
   ***    Peter Vanhee, Erik Verschueren    ***
   ***     Lies Baeten, Javier Delgado      ***
   ***       and Francois Stricher          ***
   *** and any other of the 9! permutations ***
   ***   based on an original concept by    ***
   ***   Raphael Guerois and Luis Serrano   ***
   ********************************************

1 models read: RNC.pdb
1 models read: RNC.pdb

BackHbond       =               -168.66
SideHbond       =               -38.21
Energy_VdW      =               -241.09
Electro         =               -9.50
Energy_SolvP    =               337.30
Energy_SolvH    =               -317.26
Energy_vdwclash =               13.16
energy_torsion  =               1.57
backbone_vdwclash=              182.09
Entropy_sidec   =               123.80
Entropy_mainc   =               326.25
water bonds     =               0.00
helix dipole    =               -2.25
loop_entropy    =               0.00
cis_bond        =               0.00
disulfide       =               0.00
kn electrostatic=               0.00
partial covalent interactions = 0.00
Energy_Ionisation =             0.47
Entropy Complex =               0.00
-----------------------------------------------------------
Total          = 				  25.60


BackHbond       =               -168.66
SideHbond       =               -38.21
Energy_VdW      =               -241.09
Electro         =               -9.50
Energy_SolvP    =               337.30
Energy_SolvH    =               -317.26
Energy_vdwclash =               13.16
energy_torsion  =               1.57
backbone_vdwclash=              182.09
Entropy_sidec   =               123.80
Entropy_mainc   =               326.25
water bonds     =               0.00
helix dipole    =               -2.25
loop_entropy    =               0.00
cis_bond        =               0.00
disulfide       =               0.00
kn electrostatic=               0.00
partial covalent interactions = 0.00
Energy_Ionisation =             0.47
Entropy Complex =               0.00
-----------------------------------------------------------
Total          = 				  25.60

Starting BuildModel
Reading HA184V;
Reading HA184W;
Reading HA184Y;
Reading HA191A;
Reading HA191C;
Reading HA191D;
Reading HA191E;
Reading HA191F;
Reading HA191G;
Reading HA191I;
Reading HA191K;
Reading HA191L;
Reading HA191M;
Reading HA191N;
Reading HA191P;
Reading HA191Q;
Reading HA191R;
Reading HA191S;
Reading HA191T;
Reading HA191V;
Reading HA191W;
Reading HA191Y;
Reading HA19A;
Reading HA19C;
Reading HA19D;
Reading HA19E;
Reading HA19F;
Reading HA19G;
Reading HA19I;
Reading HA19K;
Reading HA19L;
Reading HA19M;
Reading HA19N;
Reading HA19P;
Reading HA19Q;
Reading HA19R;
Reading HA19S;
Reading HA19T;
Reading HA19V;
Reading HA19W;
Reading HA19Y;
Reading HA29A;
Reading HA29C;
Reading HA29D;
Reading HA29E;
Reading HA29F;
Reading HA29G;
Reading HA29I;
Reading HA29K;
Reading HA29L;
Residue to Mutate HISA184 has residue index 183
Residue to Mutate HISA184 has residue index 183
Residue to Mutate HISA184 has residue index 183
Residue to Mutate HISA191 has residue index 190
Residue to Mutate HISA191 has residue index 190
Residue to Mutate HISA191 has residue index 190
Residue to Mutate HISA191 has residue index 190
Residue to Mutate HISA191 has residue index 190
Residue to Mutate HISA191 has residue index 190
Residue to Mutate HISA191 has residue index 190
Residue to Mutate HISA191 has residue index 190
Residue to Mutate HISA191 has residue index 190
Residue to Mutate HISA191 has residue index 190
Residue to Mutate HISA191 has residue index 190
Residue to Mutate HISA191 has residue index 190
Residue to Mutate HISA191 has residue index 190
Residue to Mutate HISA191 has residue index 190
Residue to Mutate HISA191 has residue index 190
Residue to Mutate HISA191 has residue index 190
Residue to Mutate HISA191 has residue index 190
Residue to Mutate HISA191 has residue index 190
Residue to Mutate HISA191 has residue index 190
Residue to Mutate HISA19 has residue index 18
Residue to Mutate HISA19 has residue index 18
Residue to Mutate HISA19 has residue index 18
Residue to Mutate HISA19 has residue index 18
Residue to Mutate HISA19 has residue index 18
Residue to Mutate HISA19 has residue index 18
Residue to Mutate HISA19 has residue index 18
Residue to Mutate HISA19 has residue index 18
Residue to Mutate HISA19 has residue index 18
Residue to Mutate HISA19 has residue index 18
Residue to Mutate HISA19 has residue index 18
Residue to Mutate HISA19 has residue index 18
Residue to Mutate HISA19 has residue index 18
Residue to Mutate HISA19 has residue index 18
Residue to Mutate HISA19 has residue index 18
Residue to Mutate HISA19 has residue index 18
Residue to Mutate HISA19 has residue index 18
Residue to Mutate HISA19 has residue index 18
Residue to Mutate HISA19 has residue index 18
Residue to Mutate HISA29 has residue index 28
Residue to Mutate HISA29 has residue index 28
Residue to Mutate HISA29 has residue index 28
Residue to Mutate HISA29 has residue index 28
Residue to Mutate HISA29 has residue index 28
Residue to Mutate HISA29 has residue index 28
Residue to Mutate HISA29 has residue index 28
Residue to Mutate HISA29 has residue index 28
Residue to Mutate HISA29 has residue index 28
Mutating residue = H1SA184 into VAL
Mutating residue = H1SA184 into TRP
Mutating residue = H1SA184 into TYR
Mutating residue = H2SA191 into ALA
Mutating residue = H2SA191 into CYS
Mutating residue = H2SA191 into ASP
Mutating residue = H2SA191 into GLU
Mutating residue = H2SA191 into PHE
Mutating residue = H2SA191 into GLY
Mutating residue = H2SA191 into ILE
Mutating residue = H2SA191 into LYS
Mutating residue = H2SA191 into LEU
Mutating residue = H2SA191 into MET
Mutating residue = H2SA191 into ASN
Mutating residue = H2SA191 into PRO
Mutating residue = H2SA191 into GLN
Mutating residue = H2SA191 into ARG
Mutating residue = H2SA191 into SER
Mutating residue = H2SA191 into THR
Mutating residue = H2SA191 into VAL
Mutating residue = H2SA191 into TRP
Mutating residue = H2SA191 into TYR
Mutating residue = H1SA19 into ALA
Mutating residue = H1SA19 into CYS
Mutating residue = H1SA19 into ASP
Mutating residue = H1SA19 into GLU
Mutating residue = H1SA19 into PHE
Mutating residue = H1SA19 into GLY
Mutating residue = H1SA19 into ILE
Mutating residue = H1SA19 into LYS
Mutating residue = H1SA19 into LEU
Mutating residue = H1SA19 into MET
Mutating residue = H1SA19 into ASN
Mutating residue = H1SA19 into PRO
Mutating residue = H1SA19 into GLN
Mutating residue = H1SA19 into ARG
Mutating residue = H1SA19 into SER
Mutating residue = H1SA19 into THR
Mutating residue = H1SA19 into VAL
Mutating residue = H1SA19 into TRP
Mutating residue = H1SA19 into TYR
Mutating residue = H2SA29 into ALA
Mutating residue = H2SA29 into CYS
Mutating residue = H2SA29 into ASP
Mutating residue = H2SA29 into GLU
Mutating residue = H2SA29 into PHE
Mutating residue = H2SA29 into GLY
Mutating residue = H2SA29 into ILE
Mutating residue = H2SA29 into LYS
Mutating residue = H2SA29 into LEU
Your file run OK
End time of FoldX: Sat May  9 16:22:27 2026
Total time spend: 307.87 seconds.
validated file "RNC_1.pdb" => successfully finished
validated file "RNC_2.pdb" => successfully finished
validated file "RNC_3.pdb" => successfully finished
validated file "RNC_4.pdb" => successfully finished
validated file "RNC_5.pdb" => successfully finished
validated file "RNC_6.pdb" => successfully finished
validated file "RNC_7.pdb" => successfully finished
validated file "RNC_8.pdb" => successfully finished
validated file "RNC_9.pdb" => successfully finished
validated file "RNC_10.pdb" => successfully finished
validated file "RNC_11.pdb" => successfully finished
validated file "RNC_12.pdb" => successfully finished
validated file "RNC_13.pdb" => successfully finished
validated file "RNC_14.pdb" => successfully finished
validated file "RNC_15.pdb" => successfully finished
validated file "RNC_16.pdb" => successfully finished
validated file "RNC_17.pdb" => successfully finished
validated file "RNC_18.pdb" => successfully finished
validated file "RNC_19.pdb" => successfully finished
validated file "RNC_20.pdb" => successfully finished
validated file "RNC_21.pdb" => successfully finished
validated file "RNC_22.pdb" => successfully finished
validated file "RNC_23.pdb" => successfully finished
validated file "RNC_24.pdb" => successfully finished
validated file "RNC_25.pdb" => successfully finished
validated file "RNC_26.pdb" => successfully finished
validated file "RNC_27.pdb" => successfully finished
validated file "RNC_28.pdb" => successfully finished
validated file "RNC_29.pdb" => successfully finished
validated file "RNC_30.pdb" => successfully finished
validated file "RNC_31.pdb" => successfully finished
validated file "RNC_32.pdb" => successfully finished
validated file "RNC_33.pdb" => successfully finished
validated file "RNC_34.pdb" => successfully finished
validated file "RNC_35.pdb" => successfully finished
validated file "RNC_36.pdb" => successfully finished
validated file "RNC_37.pdb" => successfully finished
validated file "RNC_38.pdb" => successfully finished
validated file "RNC_39.pdb" => successfully finished
validated file "RNC_40.pdb" => successfully finished
validated file "RNC_41.pdb" => successfully finished
validated file "RNC_42.pdb" => successfully finished
validated file "RNC_43.pdb" => successfully finished
validated file "RNC_44.pdb" => successfully finished
validated file "RNC_45.pdb" => successfully finished
validated file "RNC_46.pdb" => successfully finished
validated file "RNC_47.pdb" => successfully finished
validated file "RNC_48.pdb" => successfully finished
validated file "RNC_49.pdb" => successfully finished
validated file "RNC_50.pdb" => successfully finished
Cleaning BuildModel...DONE
任务 29 结果提取成功，已映射突变信息。
