   ********************************************
   ***                                      ***
   ***             FoldX 5.1 (c)            ***
   ***                                      ***
   ***     code by the FoldX Consortium     ***
   ***                                      ***
   ***     Jesper Borg, Frederic Rousseau   ***
   ***    Joost Schymkowitz, Luis Serrano   ***
   ***    Peter Vanhee, Erik Verschueren    ***
   ***     Lies Baeten, Javier Delgado      ***
   ***       and Francois Stricher          ***
   *** and any other of the 9! permutations ***
   ***   based on an original concept by    ***
   ***   Raphael Guerois and Luis Serrano   ***
   ********************************************

1 models read: RNC.pdb
1 models read: RNC.pdb

BackHbond       =               -168.66
SideHbond       =               -38.21
Energy_VdW      =               -241.09
Electro         =               -9.50
Energy_SolvP    =               337.30
Energy_SolvH    =               -317.26
Energy_vdwclash =               13.16
energy_torsion  =               1.57
backbone_vdwclash=              182.09
Entropy_sidec   =               123.80
Entropy_mainc   =               326.25
water bonds     =               0.00
helix dipole    =               -2.25
loop_entropy    =               0.00
cis_bond        =               0.00
disulfide       =               0.00
kn electrostatic=               0.00
partial covalent interactions = 0.00
Energy_Ionisation =             0.47
Entropy Complex =               0.00
-----------------------------------------------------------
Total          = 				  25.60


BackHbond       =               -168.66
SideHbond       =               -38.21
Energy_VdW      =               -241.09
Electro         =               -9.50
Energy_SolvP    =               337.30
Energy_SolvH    =               -317.26
Energy_vdwclash =               13.16
energy_torsion  =               1.57
backbone_vdwclash=              182.09
Entropy_sidec   =               123.80
Entropy_mainc   =               326.25
water bonds     =               0.00
helix dipole    =               -2.25
loop_entropy    =               0.00
cis_bond        =               0.00
disulfide       =               0.00
kn electrostatic=               0.00
partial covalent interactions = 0.00
Energy_Ionisation =             0.47
Entropy Complex =               0.00
-----------------------------------------------------------
Total          = 				  25.60

Starting BuildModel
Reading VA116D;
Reading VA116E;
Reading VA116F;
Reading VA116G;
Reading VA116H;
Reading VA116I;
Reading VA116K;
Reading VA116L;
Reading VA116M;
Reading VA116N;
Reading VA116P;
Reading VA116Q;
Reading VA116R;
Reading VA116S;
Reading VA116T;
Reading VA116W;
Reading VA116Y;
Reading VA123A;
Reading VA123C;
Reading VA123D;
Reading VA123E;
Reading VA123F;
Reading VA123G;
Reading VA123H;
Reading VA123I;
Reading VA123K;
Reading VA123L;
Reading VA123M;
Reading VA123N;
Reading VA123P;
Reading VA123Q;
Reading VA123R;
Reading VA123S;
Reading VA123T;
Reading VA123W;
Reading VA123Y;
Reading VA132A;
Reading VA132C;
Reading VA132D;
Reading VA132E;
Reading VA132F;
Reading VA132G;
Reading VA132H;
Reading VA132I;
Reading VA132K;
Reading VA132L;
Reading VA132M;
Reading VA132N;
Reading VA132P;
Reading VA132Q;
Residue to Mutate VALA116 has residue index 115
Residue to Mutate VALA116 has residue index 115
Residue to Mutate VALA116 has residue index 115
Residue to Mutate VALA116 has residue index 115
Residue to Mutate VALA116 has residue index 115
Residue to Mutate VALA116 has residue index 115
Residue to Mutate VALA116 has residue index 115
Residue to Mutate VALA116 has residue index 115
Residue to Mutate VALA116 has residue index 115
Residue to Mutate VALA116 has residue index 115
Residue to Mutate VALA116 has residue index 115
Residue to Mutate VALA116 has residue index 115
Residue to Mutate VALA116 has residue index 115
Residue to Mutate VALA116 has residue index 115
Residue to Mutate VALA116 has residue index 115
Residue to Mutate VALA116 has residue index 115
Residue to Mutate VALA116 has residue index 115
Residue to Mutate VALA123 has residue index 122
Residue to Mutate VALA123 has residue index 122
Residue to Mutate VALA123 has residue index 122
Residue to Mutate VALA123 has residue index 122
Residue to Mutate VALA123 has residue index 122
Residue to Mutate VALA123 has residue index 122
Residue to Mutate VALA123 has residue index 122
Residue to Mutate VALA123 has residue index 122
Residue to Mutate VALA123 has residue index 122
Residue to Mutate VALA123 has residue index 122
Residue to Mutate VALA123 has residue index 122
Residue to Mutate VALA123 has residue index 122
Residue to Mutate VALA123 has residue index 122
Residue to Mutate VALA123 has residue index 122
Residue to Mutate VALA123 has residue index 122
Residue to Mutate VALA123 has residue index 122
Residue to Mutate VALA123 has residue index 122
Residue to Mutate VALA123 has residue index 122
Residue to Mutate VALA123 has residue index 122
Residue to Mutate VALA132 has residue index 131
Residue to Mutate VALA132 has residue index 131
Residue to Mutate VALA132 has residue index 131
Residue to Mutate VALA132 has residue index 131
Residue to Mutate VALA132 has residue index 131
Residue to Mutate VALA132 has residue index 131
Residue to Mutate VALA132 has residue index 131
Residue to Mutate VALA132 has residue index 131
Residue to Mutate VALA132 has residue index 131
Residue to Mutate VALA132 has residue index 131
Residue to Mutate VALA132 has residue index 131
Residue to Mutate VALA132 has residue index 131
Residue to Mutate VALA132 has residue index 131
Residue to Mutate VALA132 has residue index 131
Mutating residue = VALA116 into ASP
Mutating residue = VALA116 into GLU
Mutating residue = VALA116 into PHE
Mutating residue = VALA116 into GLY
Mutating residue = VALA116 into HIS
Mutating residue = VALA116 into ILE
Mutating residue = VALA116 into LYS
Mutating residue = VALA116 into LEU
Mutating residue = VALA116 into MET
Mutating residue = VALA116 into ASN
Mutating residue = VALA116 into PRO
Mutating residue = VALA116 into GLN
Mutating residue = VALA116 into ARG
Mutating residue = VALA116 into SER
Mutating residue = VALA116 into THR
Mutating residue = VALA116 into TRP
Mutating residue = VALA116 into TYR
Mutating residue = VALA123 into ALA
Mutating residue = VALA123 into CYS
Mutating residue = VALA123 into ASP
Mutating residue = VALA123 into GLU
Mutating residue = VALA123 into PHE
Mutating residue = VALA123 into GLY
Mutating residue = VALA123 into HIS
Mutating residue = VALA123 into ILE
Mutating residue = VALA123 into LYS
Mutating residue = VALA123 into LEU
Mutating residue = VALA123 into MET
Mutating residue = VALA123 into ASN
Mutating residue = VALA123 into PRO
Mutating residue = VALA123 into GLN
Mutating residue = VALA123 into ARG
Mutating residue = VALA123 into SER
Mutating residue = VALA123 into THR
Mutating residue = VALA123 into TRP
Mutating residue = VALA123 into TYR
Mutating residue = VALA132 into ALA
Mutating residue = VALA132 into CYS
Mutating residue = VALA132 into ASP
Mutating residue = VALA132 into GLU
Mutating residue = VALA132 into PHE
Mutating residue = VALA132 into GLY
Mutating residue = VALA132 into HIS
Mutating residue = VALA132 into ILE
Mutating residue = VALA132 into LYS
Mutating residue = VALA132 into LEU
Mutating residue = VALA132 into MET
Mutating residue = VALA132 into ASN
Mutating residue = VALA132 into PRO
Mutating residue = VALA132 into GLN
Your file run OK
End time of FoldX: Sat May  9 16:19:26 2026
Total time spend: 125.84 seconds.
validated file "RNC_1.pdb" => successfully finished
validated file "RNC_2.pdb" => successfully finished
validated file "RNC_3.pdb" => successfully finished
validated file "RNC_4.pdb" => successfully finished
validated file "RNC_5.pdb" => successfully finished
validated file "RNC_6.pdb" => successfully finished
validated file "RNC_7.pdb" => successfully finished
validated file "RNC_8.pdb" => successfully finished
validated file "RNC_9.pdb" => successfully finished
validated file "RNC_10.pdb" => successfully finished
validated file "RNC_11.pdb" => successfully finished
validated file "RNC_12.pdb" => successfully finished
validated file "RNC_13.pdb" => successfully finished
validated file "RNC_14.pdb" => successfully finished
validated file "RNC_15.pdb" => successfully finished
validated file "RNC_16.pdb" => successfully finished
validated file "RNC_17.pdb" => successfully finished
validated file "RNC_18.pdb" => successfully finished
validated file "RNC_19.pdb" => successfully finished
validated file "RNC_20.pdb" => successfully finished
validated file "RNC_21.pdb" => successfully finished
validated file "RNC_22.pdb" => successfully finished
validated file "RNC_23.pdb" => successfully finished
validated file "RNC_24.pdb" => successfully finished
validated file "RNC_25.pdb" => successfully finished
validated file "RNC_26.pdb" => successfully finished
validated file "RNC_27.pdb" => successfully finished
validated file "RNC_28.pdb" => successfully finished
validated file "RNC_29.pdb" => successfully finished
validated file "RNC_30.pdb" => successfully finished
validated file "RNC_31.pdb" => successfully finished
validated file "RNC_32.pdb" => successfully finished
validated file "RNC_33.pdb" => successfully finished
validated file "RNC_34.pdb" => successfully finished
validated file "RNC_35.pdb" => successfully finished
validated file "RNC_36.pdb" => successfully finished
validated file "RNC_37.pdb" => successfully finished
validated file "RNC_38.pdb" => successfully finished
validated file "RNC_39.pdb" => successfully finished
validated file "RNC_40.pdb" => successfully finished
validated file "RNC_41.pdb" => successfully finished
validated file "RNC_42.pdb" => successfully finished
validated file "RNC_43.pdb" => successfully finished
validated file "RNC_44.pdb" => successfully finished
validated file "RNC_45.pdb" => successfully finished
validated file "RNC_46.pdb" => successfully finished
validated file "RNC_47.pdb" => successfully finished
validated file "RNC_48.pdb" => successfully finished
validated file "RNC_49.pdb" => successfully finished
validated file "RNC_50.pdb" => successfully finished
Cleaning BuildModel...DONE
任务 79 结果提取成功，已映射突变信息。
