   ********************************************
   ***                                      ***
   ***             FoldX 5.1 (c)            ***
   ***                                      ***
   ***     code by the FoldX Consortium     ***
   ***                                      ***
   ***     Jesper Borg, Frederic Rousseau   ***
   ***    Joost Schymkowitz, Luis Serrano   ***
   ***    Peter Vanhee, Erik Verschueren    ***
   ***     Lies Baeten, Javier Delgado      ***
   ***       and Francois Stricher          ***
   *** and any other of the 9! permutations ***
   ***   based on an original concept by    ***
   ***   Raphael Guerois and Luis Serrano   ***
   ********************************************

1 models read: RNC.pdb
1 models read: RNC.pdb

BackHbond       =               -168.66
SideHbond       =               -38.21
Energy_VdW      =               -241.09
Electro         =               -9.50
Energy_SolvP    =               337.30
Energy_SolvH    =               -317.26
Energy_vdwclash =               13.16
energy_torsion  =               1.57
backbone_vdwclash=              182.09
Entropy_sidec   =               123.80
Entropy_mainc   =               326.25
water bonds     =               0.00
helix dipole    =               -2.25
loop_entropy    =               0.00
cis_bond        =               0.00
disulfide       =               0.00
kn electrostatic=               0.00
partial covalent interactions = 0.00
Energy_Ionisation =             0.47
Entropy Complex =               0.00
-----------------------------------------------------------
Total          = 				  25.60


BackHbond       =               -168.66
SideHbond       =               -38.21
Energy_VdW      =               -241.09
Electro         =               -9.50
Energy_SolvP    =               337.30
Energy_SolvH    =               -317.26
Energy_vdwclash =               13.16
energy_torsion  =               1.57
backbone_vdwclash=              182.09
Entropy_sidec   =               123.80
Entropy_mainc   =               326.25
water bonds     =               0.00
helix dipole    =               -2.25
loop_entropy    =               0.00
cis_bond        =               0.00
disulfide       =               0.00
kn electrostatic=               0.00
partial covalent interactions = 0.00
Energy_Ionisation =             0.47
Entropy Complex =               0.00
-----------------------------------------------------------
Total          = 				  25.60

Starting BuildModel
Reading GA104L;
Reading GA104M;
Reading GA104N;
Reading GA104P;
Reading GA104Q;
Reading GA104R;
Reading GA104S;
Reading GA104T;
Reading GA104V;
Reading GA104W;
Reading GA104Y;
Reading GA105A;
Reading GA105C;
Reading GA105D;
Reading GA105E;
Reading GA105F;
Reading GA105H;
Reading GA105I;
Reading GA105K;
Reading GA105L;
Reading GA105M;
Reading GA105N;
Reading GA105P;
Reading GA105Q;
Reading GA105R;
Reading GA105S;
Reading GA105T;
Reading GA105V;
Reading GA105W;
Reading GA105Y;
Reading GA121A;
Reading GA121C;
Reading GA121D;
Reading GA121E;
Reading GA121F;
Reading GA121H;
Reading GA121I;
Reading GA121K;
Reading GA121L;
Reading GA121M;
Reading GA121N;
Reading GA121P;
Reading GA121Q;
Reading GA121R;
Reading GA121S;
Reading GA121T;
Reading GA121V;
Reading GA121W;
Reading GA121Y;
Reading GA122A;
Residue to Mutate GLYA104 has residue index 103
Residue to Mutate GLYA104 has residue index 103
Residue to Mutate GLYA104 has residue index 103
Residue to Mutate GLYA104 has residue index 103
Residue to Mutate GLYA104 has residue index 103
Residue to Mutate GLYA104 has residue index 103
Residue to Mutate GLYA104 has residue index 103
Residue to Mutate GLYA104 has residue index 103
Residue to Mutate GLYA104 has residue index 103
Residue to Mutate GLYA104 has residue index 103
Residue to Mutate GLYA104 has residue index 103
Residue to Mutate GLYA105 has residue index 104
Residue to Mutate GLYA105 has residue index 104
Residue to Mutate GLYA105 has residue index 104
Residue to Mutate GLYA105 has residue index 104
Residue to Mutate GLYA105 has residue index 104
Residue to Mutate GLYA105 has residue index 104
Residue to Mutate GLYA105 has residue index 104
Residue to Mutate GLYA105 has residue index 104
Residue to Mutate GLYA105 has residue index 104
Residue to Mutate GLYA105 has residue index 104
Residue to Mutate GLYA105 has residue index 104
Residue to Mutate GLYA105 has residue index 104
Residue to Mutate GLYA105 has residue index 104
Residue to Mutate GLYA105 has residue index 104
Residue to Mutate GLYA105 has residue index 104
Residue to Mutate GLYA105 has residue index 104
Residue to Mutate GLYA105 has residue index 104
Residue to Mutate GLYA105 has residue index 104
Residue to Mutate GLYA105 has residue index 104
Residue to Mutate GLYA121 has residue index 120
Residue to Mutate GLYA121 has residue index 120
Residue to Mutate GLYA121 has residue index 120
Residue to Mutate GLYA121 has residue index 120
Residue to Mutate GLYA121 has residue index 120
Residue to Mutate GLYA121 has residue index 120
Residue to Mutate GLYA121 has residue index 120
Residue to Mutate GLYA121 has residue index 120
Residue to Mutate GLYA121 has residue index 120
Residue to Mutate GLYA121 has residue index 120
Residue to Mutate GLYA121 has residue index 120
Residue to Mutate GLYA121 has residue index 120
Residue to Mutate GLYA121 has residue index 120
Residue to Mutate GLYA121 has residue index 120
Residue to Mutate GLYA121 has residue index 120
Residue to Mutate GLYA121 has residue index 120
Residue to Mutate GLYA121 has residue index 120
Residue to Mutate GLYA121 has residue index 120
Residue to Mutate GLYA121 has residue index 120
Residue to Mutate GLYA122 has residue index 121
Mutating residue = GLYA104 into LEU
Mutating residue = GLYA104 into MET
Mutating residue = GLYA104 into ASN
Mutating residue = GLYA104 into PRO
Mutating residue = GLYA104 into GLN
Mutating residue = GLYA104 into ARG
Mutating residue = GLYA104 into SER
Mutating residue = GLYA104 into THR
Mutating residue = GLYA104 into VAL
Mutating residue = GLYA104 into TRP
Mutating residue = GLYA104 into TYR
Mutating residue = GLYA105 into ALA
Mutating residue = GLYA105 into CYS
Mutating residue = GLYA105 into ASP
Mutating residue = GLYA105 into GLU
Mutating residue = GLYA105 into PHE
Mutating residue = GLYA105 into HIS
Mutating residue = GLYA105 into ILE
Mutating residue = GLYA105 into LYS
Mutating residue = GLYA105 into LEU
Mutating residue = GLYA105 into MET
Mutating residue = GLYA105 into ASN
Mutating residue = GLYA105 into PRO
Mutating residue = GLYA105 into GLN
Mutating residue = GLYA105 into ARG
Mutating residue = GLYA105 into SER
Mutating residue = GLYA105 into THR
Mutating residue = GLYA105 into VAL
Mutating residue = GLYA105 into TRP
Mutating residue = GLYA105 into TYR
Mutating residue = GLYA121 into ALA
Mutating residue = GLYA121 into CYS
Mutating residue = GLYA121 into ASP
Mutating residue = GLYA121 into GLU
Mutating residue = GLYA121 into PHE
Mutating residue = GLYA121 into HIS
Mutating residue = GLYA121 into ILE
Mutating residue = GLYA121 into LYS
Mutating residue = GLYA121 into LEU
Mutating residue = GLYA121 into MET
Mutating residue = GLYA121 into ASN
Mutating residue = GLYA121 into PRO
Mutating residue = GLYA121 into GLN
Mutating residue = GLYA121 into ARG
Mutating residue = GLYA121 into SER
Mutating residue = GLYA121 into THR
Mutating residue = GLYA121 into VAL
Mutating residue = GLYA121 into TRP
Mutating residue = GLYA121 into TYR
Mutating residue = GLYA122 into ALA
Your file run OK
End time of FoldX: Sat May  9 16:25:39 2026
Total time spend: 498.90 seconds.
validated file "RNC_1.pdb" => successfully finished
validated file "RNC_2.pdb" => successfully finished
validated file "RNC_3.pdb" => successfully finished
validated file "RNC_4.pdb" => successfully finished
validated file "RNC_5.pdb" => successfully finished
validated file "RNC_6.pdb" => successfully finished
validated file "RNC_7.pdb" => successfully finished
validated file "RNC_8.pdb" => successfully finished
validated file "RNC_9.pdb" => successfully finished
validated file "RNC_10.pdb" => successfully finished
validated file "RNC_11.pdb" => successfully finished
validated file "RNC_12.pdb" => successfully finished
validated file "RNC_13.pdb" => successfully finished
validated file "RNC_14.pdb" => successfully finished
validated file "RNC_15.pdb" => successfully finished
validated file "RNC_16.pdb" => successfully finished
validated file "RNC_17.pdb" => successfully finished
validated file "RNC_18.pdb" => successfully finished
validated file "RNC_19.pdb" => successfully finished
validated file "RNC_20.pdb" => successfully finished
validated file "RNC_21.pdb" => successfully finished
validated file "RNC_22.pdb" => successfully finished
validated file "RNC_23.pdb" => successfully finished
validated file "RNC_24.pdb" => successfully finished
validated file "RNC_25.pdb" => successfully finished
validated file "RNC_26.pdb" => successfully finished
validated file "RNC_27.pdb" => successfully finished
validated file "RNC_28.pdb" => successfully finished
validated file "RNC_29.pdb" => successfully finished
validated file "RNC_30.pdb" => successfully finished
validated file "RNC_31.pdb" => successfully finished
validated file "RNC_32.pdb" => successfully finished
validated file "RNC_33.pdb" => successfully finished
validated file "RNC_34.pdb" => successfully finished
validated file "RNC_35.pdb" => successfully finished
validated file "RNC_36.pdb" => successfully finished
validated file "RNC_37.pdb" => successfully finished
validated file "RNC_38.pdb" => successfully finished
validated file "RNC_39.pdb" => successfully finished
validated file "RNC_40.pdb" => successfully finished
validated file "RNC_41.pdb" => successfully finished
validated file "RNC_42.pdb" => successfully finished
validated file "RNC_43.pdb" => successfully finished
validated file "RNC_44.pdb" => successfully finished
validated file "RNC_45.pdb" => successfully finished
validated file "RNC_46.pdb" => successfully finished
validated file "RNC_47.pdb" => successfully finished
validated file "RNC_48.pdb" => successfully finished
validated file "RNC_49.pdb" => successfully finished
validated file "RNC_50.pdb" => successfully finished
Cleaning BuildModel...DONE
任务 22 结果提取成功，已映射突变信息。
