   ********************************************
   ***                                      ***
   ***             FoldX 5.1 (c)            ***
   ***                                      ***
   ***     code by the FoldX Consortium     ***
   ***                                      ***
   ***     Jesper Borg, Frederic Rousseau   ***
   ***    Joost Schymkowitz, Luis Serrano   ***
   ***    Peter Vanhee, Erik Verschueren    ***
   ***     Lies Baeten, Javier Delgado      ***
   ***       and Francois Stricher          ***
   *** and any other of the 9! permutations ***
   ***   based on an original concept by    ***
   ***   Raphael Guerois and Luis Serrano   ***
   ********************************************

1 models read: RNC.pdb
1 models read: RNC.pdb

BackHbond       =               -168.66
SideHbond       =               -38.21
Energy_VdW      =               -241.09
Electro         =               -9.50
Energy_SolvP    =               337.30
Energy_SolvH    =               -317.26
Energy_vdwclash =               13.16
energy_torsion  =               1.57
backbone_vdwclash=              182.09
Entropy_sidec   =               123.80
Entropy_mainc   =               326.25
water bonds     =               0.00
helix dipole    =               -2.25
loop_entropy    =               0.00
cis_bond        =               0.00
disulfide       =               0.00
kn electrostatic=               0.00
partial covalent interactions = 0.00
Energy_Ionisation =             0.47
Entropy Complex =               0.00
-----------------------------------------------------------
Total          = 				  25.60


BackHbond       =               -168.66
SideHbond       =               -38.21
Energy_VdW      =               -241.09
Electro         =               -9.50
Energy_SolvP    =               337.30
Energy_SolvH    =               -317.26
Energy_vdwclash =               13.16
energy_torsion  =               1.57
backbone_vdwclash=              182.09
Entropy_sidec   =               123.80
Entropy_mainc   =               326.25
water bonds     =               0.00
helix dipole    =               -2.25
loop_entropy    =               0.00
cis_bond        =               0.00
disulfide       =               0.00
kn electrostatic=               0.00
partial covalent interactions = 0.00
Energy_Ionisation =             0.47
Entropy Complex =               0.00
-----------------------------------------------------------
Total          = 				  25.60

Starting BuildModel
Reading IA111D;
Reading IA111E;
Reading IA111F;
Reading IA111G;
Reading IA111H;
Reading IA111K;
Reading IA111L;
Reading IA111M;
Reading IA111N;
Reading IA111P;
Reading IA111Q;
Reading IA111R;
Reading IA111S;
Reading IA111T;
Reading IA111V;
Reading IA111W;
Reading IA111Y;
Reading IA120A;
Reading IA120C;
Reading IA120D;
Reading IA120E;
Reading IA120F;
Reading IA120G;
Reading IA120H;
Reading IA120K;
Reading IA120L;
Reading IA120M;
Reading IA120N;
Reading IA120P;
Reading IA120Q;
Reading IA120R;
Reading IA120S;
Reading IA120T;
Reading IA120V;
Reading IA120W;
Reading IA120Y;
Reading IA129A;
Reading IA129C;
Reading IA129D;
Reading IA129E;
Reading IA129F;
Reading IA129G;
Reading IA129H;
Reading IA129K;
Reading IA129L;
Reading IA129M;
Reading IA129N;
Reading IA129P;
Reading IA129Q;
Reading IA129R;
Residue to Mutate ILEA111 has residue index 110
Residue to Mutate ILEA111 has residue index 110
Residue to Mutate ILEA111 has residue index 110
Residue to Mutate ILEA111 has residue index 110
Residue to Mutate ILEA111 has residue index 110
Residue to Mutate ILEA111 has residue index 110
Residue to Mutate ILEA111 has residue index 110
Residue to Mutate ILEA111 has residue index 110
Residue to Mutate ILEA111 has residue index 110
Residue to Mutate ILEA111 has residue index 110
Residue to Mutate ILEA111 has residue index 110
Residue to Mutate ILEA111 has residue index 110
Residue to Mutate ILEA111 has residue index 110
Residue to Mutate ILEA111 has residue index 110
Residue to Mutate ILEA111 has residue index 110
Residue to Mutate ILEA111 has residue index 110
Residue to Mutate ILEA111 has residue index 110
Residue to Mutate ILEA120 has residue index 119
Residue to Mutate ILEA120 has residue index 119
Residue to Mutate ILEA120 has residue index 119
Residue to Mutate ILEA120 has residue index 119
Residue to Mutate ILEA120 has residue index 119
Residue to Mutate ILEA120 has residue index 119
Residue to Mutate ILEA120 has residue index 119
Residue to Mutate ILEA120 has residue index 119
Residue to Mutate ILEA120 has residue index 119
Residue to Mutate ILEA120 has residue index 119
Residue to Mutate ILEA120 has residue index 119
Residue to Mutate ILEA120 has residue index 119
Residue to Mutate ILEA120 has residue index 119
Residue to Mutate ILEA120 has residue index 119
Residue to Mutate ILEA120 has residue index 119
Residue to Mutate ILEA120 has residue index 119
Residue to Mutate ILEA120 has residue index 119
Residue to Mutate ILEA120 has residue index 119
Residue to Mutate ILEA120 has residue index 119
Residue to Mutate ILEA129 has residue index 128
Residue to Mutate ILEA129 has residue index 128
Residue to Mutate ILEA129 has residue index 128
Residue to Mutate ILEA129 has residue index 128
Residue to Mutate ILEA129 has residue index 128
Residue to Mutate ILEA129 has residue index 128
Residue to Mutate ILEA129 has residue index 128
Residue to Mutate ILEA129 has residue index 128
Residue to Mutate ILEA129 has residue index 128
Residue to Mutate ILEA129 has residue index 128
Residue to Mutate ILEA129 has residue index 128
Residue to Mutate ILEA129 has residue index 128
Residue to Mutate ILEA129 has residue index 128
Residue to Mutate ILEA129 has residue index 128
Mutating residue = ILEA111 into ASP
Mutating residue = ILEA111 into GLU
Mutating residue = ILEA111 into PHE
Mutating residue = ILEA111 into GLY
Mutating residue = ILEA111 into HIS
Mutating residue = ILEA111 into LYS
Mutating residue = ILEA111 into LEU
Mutating residue = ILEA111 into MET
Mutating residue = ILEA111 into ASN
Mutating residue = ILEA111 into PRO
Mutating residue = ILEA111 into GLN
Mutating residue = ILEA111 into ARG
Mutating residue = ILEA111 into SER
Mutating residue = ILEA111 into THR
Mutating residue = ILEA111 into VAL
Mutating residue = ILEA111 into TRP
Mutating residue = ILEA111 into TYR
Mutating residue = ILEA120 into ALA
Mutating residue = ILEA120 into CYS
Mutating residue = ILEA120 into ASP
Mutating residue = ILEA120 into GLU
Mutating residue = ILEA120 into PHE
Mutating residue = ILEA120 into GLY
Mutating residue = ILEA120 into HIS
Mutating residue = ILEA120 into LYS
Mutating residue = ILEA120 into LEU
Mutating residue = ILEA120 into MET
Mutating residue = ILEA120 into ASN
Mutating residue = ILEA120 into PRO
Mutating residue = ILEA120 into GLN
Mutating residue = ILEA120 into ARG
Mutating residue = ILEA120 into SER
Mutating residue = ILEA120 into THR
Mutating residue = ILEA120 into VAL
Mutating residue = ILEA120 into TRP
Mutating residue = ILEA120 into TYR
Mutating residue = ILEA129 into ALA
Mutating residue = ILEA129 into CYS
Mutating residue = ILEA129 into ASP
Mutating residue = ILEA129 into GLU
Mutating residue = ILEA129 into PHE
Mutating residue = ILEA129 into GLY
Mutating residue = ILEA129 into HIS
Mutating residue = ILEA129 into LYS
Mutating residue = ILEA129 into LEU
Mutating residue = ILEA129 into MET
Mutating residue = ILEA129 into ASN
Mutating residue = ILEA129 into PRO
Mutating residue = ILEA129 into GLN
Mutating residue = ILEA129 into ARG
Your file run OK
End time of FoldX: Sat May  9 16:20:29 2026
Total time spend: 185.81 seconds.
validated file "RNC_1.pdb" => successfully finished
validated file "RNC_2.pdb" => successfully finished
validated file "RNC_3.pdb" => successfully finished
validated file "RNC_4.pdb" => successfully finished
validated file "RNC_5.pdb" => successfully finished
validated file "RNC_6.pdb" => successfully finished
validated file "RNC_7.pdb" => successfully finished
validated file "RNC_8.pdb" => successfully finished
validated file "RNC_9.pdb" => successfully finished
validated file "RNC_10.pdb" => successfully finished
validated file "RNC_11.pdb" => successfully finished
validated file "RNC_12.pdb" => successfully finished
validated file "RNC_13.pdb" => successfully finished
validated file "RNC_14.pdb" => successfully finished
validated file "RNC_15.pdb" => successfully finished
validated file "RNC_16.pdb" => successfully finished
validated file "RNC_17.pdb" => successfully finished
validated file "RNC_18.pdb" => successfully finished
validated file "RNC_19.pdb" => successfully finished
validated file "RNC_20.pdb" => successfully finished
validated file "RNC_21.pdb" => successfully finished
validated file "RNC_22.pdb" => successfully finished
validated file "RNC_23.pdb" => successfully finished
validated file "RNC_24.pdb" => successfully finished
validated file "RNC_25.pdb" => successfully finished
validated file "RNC_26.pdb" => successfully finished
validated file "RNC_27.pdb" => successfully finished
validated file "RNC_28.pdb" => successfully finished
validated file "RNC_29.pdb" => successfully finished
validated file "RNC_30.pdb" => successfully finished
validated file "RNC_31.pdb" => successfully finished
validated file "RNC_32.pdb" => successfully finished
validated file "RNC_33.pdb" => successfully finished
validated file "RNC_34.pdb" => successfully finished
validated file "RNC_35.pdb" => successfully finished
validated file "RNC_36.pdb" => successfully finished
validated file "RNC_37.pdb" => successfully finished
validated file "RNC_38.pdb" => successfully finished
validated file "RNC_39.pdb" => successfully finished
validated file "RNC_40.pdb" => successfully finished
validated file "RNC_41.pdb" => successfully finished
validated file "RNC_42.pdb" => successfully finished
validated file "RNC_43.pdb" => successfully finished
validated file "RNC_44.pdb" => successfully finished
validated file "RNC_45.pdb" => successfully finished
validated file "RNC_46.pdb" => successfully finished
validated file "RNC_47.pdb" => successfully finished
validated file "RNC_48.pdb" => successfully finished
validated file "RNC_49.pdb" => successfully finished
validated file "RNC_50.pdb" => successfully finished
Cleaning BuildModel...DONE
任务 31 结果提取成功，已映射突变信息。
