   ********************************************
   ***                                      ***
   ***             FoldX 5.1 (c)            ***
   ***                                      ***
   ***     code by the FoldX Consortium     ***
   ***                                      ***
   ***     Jesper Borg, Frederic Rousseau   ***
   ***    Joost Schymkowitz, Luis Serrano   ***
   ***    Peter Vanhee, Erik Verschueren    ***
   ***     Lies Baeten, Javier Delgado      ***
   ***       and Francois Stricher          ***
   *** and any other of the 9! permutations ***
   ***   based on an original concept by    ***
   ***   Raphael Guerois and Luis Serrano   ***
   ********************************************

1 models read: RNC.pdb
1 models read: RNC.pdb

BackHbond       =               -168.66
SideHbond       =               -38.21
Energy_VdW      =               -241.09
Electro         =               -9.50
Energy_SolvP    =               337.30
Energy_SolvH    =               -317.26
Energy_vdwclash =               13.16
energy_torsion  =               1.57
backbone_vdwclash=              182.09
Entropy_sidec   =               123.80
Entropy_mainc   =               326.25
water bonds     =               0.00
helix dipole    =               -2.25
loop_entropy    =               0.00
cis_bond        =               0.00
disulfide       =               0.00
kn electrostatic=               0.00
partial covalent interactions = 0.00
Energy_Ionisation =             0.47
Entropy Complex =               0.00
-----------------------------------------------------------
Total          = 				  25.60


BackHbond       =               -168.66
SideHbond       =               -38.21
Energy_VdW      =               -241.09
Electro         =               -9.50
Energy_SolvP    =               337.30
Energy_SolvH    =               -317.26
Energy_vdwclash =               13.16
energy_torsion  =               1.57
backbone_vdwclash=              182.09
Entropy_sidec   =               123.80
Entropy_mainc   =               326.25
water bonds     =               0.00
helix dipole    =               -2.25
loop_entropy    =               0.00
cis_bond        =               0.00
disulfide       =               0.00
kn electrostatic=               0.00
partial covalent interactions = 0.00
Energy_Ionisation =             0.47
Entropy Complex =               0.00
-----------------------------------------------------------
Total          = 				  25.60

Starting BuildModel
Reading NA54R;
Reading NA54S;
Reading NA54T;
Reading NA54V;
Reading NA54W;
Reading NA54Y;
Reading NA79A;
Reading NA79C;
Reading NA79D;
Reading NA79E;
Reading NA79F;
Reading NA79G;
Reading NA79H;
Reading NA79I;
Reading NA79K;
Reading NA79L;
Reading NA79M;
Reading NA79P;
Reading NA79Q;
Reading NA79R;
Reading NA79S;
Reading NA79T;
Reading NA79V;
Reading NA79W;
Reading NA79Y;
Reading NA7A;
Reading NA7C;
Reading NA7D;
Reading NA7E;
Reading NA7F;
Reading NA7G;
Reading NA7H;
Reading NA7I;
Reading NA7K;
Reading NA7L;
Reading NA7M;
Reading NA7P;
Reading NA7Q;
Reading NA7R;
Reading NA7S;
Reading NA7T;
Reading NA7V;
Reading NA7W;
Reading NA7Y;
Reading PA149A;
Reading PA149C;
Reading PA149D;
Reading PA149E;
Reading PA149F;
Reading PA149G;
Residue to Mutate ASNA54 has residue index 53
Residue to Mutate ASNA54 has residue index 53
Residue to Mutate ASNA54 has residue index 53
Residue to Mutate ASNA54 has residue index 53
Residue to Mutate ASNA54 has residue index 53
Residue to Mutate ASNA54 has residue index 53
Residue to Mutate ASNA79 has residue index 78
Residue to Mutate ASNA79 has residue index 78
Residue to Mutate ASNA79 has residue index 78
Residue to Mutate ASNA79 has residue index 78
Residue to Mutate ASNA79 has residue index 78
Residue to Mutate ASNA79 has residue index 78
Residue to Mutate ASNA79 has residue index 78
Residue to Mutate ASNA79 has residue index 78
Residue to Mutate ASNA79 has residue index 78
Residue to Mutate ASNA79 has residue index 78
Residue to Mutate ASNA79 has residue index 78
Residue to Mutate ASNA79 has residue index 78
Residue to Mutate ASNA79 has residue index 78
Residue to Mutate ASNA79 has residue index 78
Residue to Mutate ASNA79 has residue index 78
Residue to Mutate ASNA79 has residue index 78
Residue to Mutate ASNA79 has residue index 78
Residue to Mutate ASNA79 has residue index 78
Residue to Mutate ASNA79 has residue index 78
Residue to Mutate ASNA7 has residue index 6
Residue to Mutate ASNA7 has residue index 6
Residue to Mutate ASNA7 has residue index 6
Residue to Mutate ASNA7 has residue index 6
Residue to Mutate ASNA7 has residue index 6
Residue to Mutate ASNA7 has residue index 6
Residue to Mutate ASNA7 has residue index 6
Residue to Mutate ASNA7 has residue index 6
Residue to Mutate ASNA7 has residue index 6
Residue to Mutate ASNA7 has residue index 6
Residue to Mutate ASNA7 has residue index 6
Residue to Mutate ASNA7 has residue index 6
Residue to Mutate ASNA7 has residue index 6
Residue to Mutate ASNA7 has residue index 6
Residue to Mutate ASNA7 has residue index 6
Residue to Mutate ASNA7 has residue index 6
Residue to Mutate ASNA7 has residue index 6
Residue to Mutate ASNA7 has residue index 6
Residue to Mutate ASNA7 has residue index 6
Residue to Mutate PROA149 has residue index 148
Residue to Mutate PROA149 has residue index 148
Residue to Mutate PROA149 has residue index 148
Residue to Mutate PROA149 has residue index 148
Residue to Mutate PROA149 has residue index 148
Residue to Mutate PROA149 has residue index 148
Mutating residue = ASNA54 into ARG
Mutating residue = ASNA54 into SER
Mutating residue = ASNA54 into THR
Mutating residue = ASNA54 into VAL
Mutating residue = ASNA54 into TRP
Mutating residue = ASNA54 into TYR
Mutating residue = ASNA79 into ALA
Mutating residue = ASNA79 into CYS
Mutating residue = ASNA79 into ASP
Mutating residue = ASNA79 into GLU
Mutating residue = ASNA79 into PHE
Mutating residue = ASNA79 into GLY
Mutating residue = ASNA79 into HIS
Mutating residue = ASNA79 into ILE
Mutating residue = ASNA79 into LYS
Mutating residue = ASNA79 into LEU
Mutating residue = ASNA79 into MET
Mutating residue = ASNA79 into PRO
Mutating residue = ASNA79 into GLN
Mutating residue = ASNA79 into ARG
Mutating residue = ASNA79 into SER
Mutating residue = ASNA79 into THR
Mutating residue = ASNA79 into VAL
Mutating residue = ASNA79 into TRP
Mutating residue = ASNA79 into TYR
Mutating residue = ASNA7 into ALA
Mutating residue = ASNA7 into CYS
Mutating residue = ASNA7 into ASP
Mutating residue = ASNA7 into GLU
Mutating residue = ASNA7 into PHE
Mutating residue = ASNA7 into GLY
Mutating residue = ASNA7 into HIS
Mutating residue = ASNA7 into ILE
Mutating residue = ASNA7 into LYS
Mutating residue = ASNA7 into LEU
Mutating residue = ASNA7 into MET
Mutating residue = ASNA7 into PRO
Mutating residue = ASNA7 into GLN
Mutating residue = ASNA7 into ARG
Mutating residue = ASNA7 into SER
Mutating residue = ASNA7 into THR
Mutating residue = ASNA7 into VAL
Mutating residue = ASNA7 into TRP
Mutating residue = ASNA7 into TYR
Mutating residue = PROA149 into ALA
Mutating residue = PROA149 into CYS
Mutating residue = PROA149 into ASP
Mutating residue = PROA149 into GLU
Mutating residue = PROA149 into PHE
Mutating residue = PROA149 into GLY
Your file run OK
End time of FoldX: Sat May  9 16:22:17 2026
Total time spend: 297.51 seconds.
validated file "RNC_1.pdb" => successfully finished
validated file "RNC_2.pdb" => successfully finished
validated file "RNC_3.pdb" => successfully finished
validated file "RNC_4.pdb" => successfully finished
validated file "RNC_5.pdb" => successfully finished
validated file "RNC_6.pdb" => successfully finished
validated file "RNC_7.pdb" => successfully finished
validated file "RNC_8.pdb" => successfully finished
validated file "RNC_9.pdb" => successfully finished
validated file "RNC_10.pdb" => successfully finished
validated file "RNC_11.pdb" => successfully finished
validated file "RNC_12.pdb" => successfully finished
validated file "RNC_13.pdb" => successfully finished
validated file "RNC_14.pdb" => successfully finished
validated file "RNC_15.pdb" => successfully finished
validated file "RNC_16.pdb" => successfully finished
validated file "RNC_17.pdb" => successfully finished
validated file "RNC_18.pdb" => successfully finished
validated file "RNC_19.pdb" => successfully finished
validated file "RNC_20.pdb" => successfully finished
validated file "RNC_21.pdb" => successfully finished
validated file "RNC_22.pdb" => successfully finished
validated file "RNC_23.pdb" => successfully finished
validated file "RNC_24.pdb" => successfully finished
validated file "RNC_25.pdb" => successfully finished
validated file "RNC_26.pdb" => successfully finished
validated file "RNC_27.pdb" => successfully finished
validated file "RNC_28.pdb" => successfully finished
validated file "RNC_29.pdb" => successfully finished
validated file "RNC_30.pdb" => successfully finished
validated file "RNC_31.pdb" => successfully finished
validated file "RNC_32.pdb" => successfully finished
validated file "RNC_33.pdb" => successfully finished
validated file "RNC_34.pdb" => successfully finished
validated file "RNC_35.pdb" => successfully finished
validated file "RNC_36.pdb" => successfully finished
validated file "RNC_37.pdb" => successfully finished
validated file "RNC_38.pdb" => successfully finished
validated file "RNC_39.pdb" => successfully finished
validated file "RNC_40.pdb" => successfully finished
validated file "RNC_41.pdb" => successfully finished
validated file "RNC_42.pdb" => successfully finished
validated file "RNC_43.pdb" => successfully finished
validated file "RNC_44.pdb" => successfully finished
validated file "RNC_45.pdb" => successfully finished
validated file "RNC_46.pdb" => successfully finished
validated file "RNC_47.pdb" => successfully finished
validated file "RNC_48.pdb" => successfully finished
validated file "RNC_49.pdb" => successfully finished
validated file "RNC_50.pdb" => successfully finished
Cleaning BuildModel...DONE
任务 53 结果提取成功，已映射突变信息。
