   ********************************************
   ***                                      ***
   ***             FoldX 5.1 (c)            ***
   ***                                      ***
   ***     code by the FoldX Consortium     ***
   ***                                      ***
   ***     Jesper Borg, Frederic Rousseau   ***
   ***    Joost Schymkowitz, Luis Serrano   ***
   ***    Peter Vanhee, Erik Verschueren    ***
   ***     Lies Baeten, Javier Delgado      ***
   ***       and Francois Stricher          ***
   *** and any other of the 9! permutations ***
   ***   based on an original concept by    ***
   ***   Raphael Guerois and Luis Serrano   ***
   ********************************************

1 models read: RNC.pdb
1 models read: RNC.pdb

BackHbond       =               -168.66
SideHbond       =               -38.21
Energy_VdW      =               -241.09
Electro         =               -9.50
Energy_SolvP    =               337.30
Energy_SolvH    =               -317.26
Energy_vdwclash =               13.16
energy_torsion  =               1.57
backbone_vdwclash=              182.09
Entropy_sidec   =               123.80
Entropy_mainc   =               326.25
water bonds     =               0.00
helix dipole    =               -2.25
loop_entropy    =               0.00
cis_bond        =               0.00
disulfide       =               0.00
kn electrostatic=               0.00
partial covalent interactions = 0.00
Energy_Ionisation =             0.47
Entropy Complex =               0.00
-----------------------------------------------------------
Total          = 				  25.60


BackHbond       =               -168.66
SideHbond       =               -38.21
Energy_VdW      =               -241.09
Electro         =               -9.50
Energy_SolvP    =               337.30
Energy_SolvH    =               -317.26
Energy_vdwclash =               13.16
energy_torsion  =               1.57
backbone_vdwclash=              182.09
Entropy_sidec   =               123.80
Entropy_mainc   =               326.25
water bonds     =               0.00
helix dipole    =               -2.25
loop_entropy    =               0.00
cis_bond        =               0.00
disulfide       =               0.00
kn electrostatic=               0.00
partial covalent interactions = 0.00
Energy_Ionisation =             0.47
Entropy Complex =               0.00
-----------------------------------------------------------
Total          = 				  25.60

Starting BuildModel
Reading SA195C;
Reading SA195D;
Reading SA195E;
Reading SA195F;
Reading SA195G;
Reading SA195H;
Reading SA195I;
Reading SA195K;
Reading SA195L;
Reading SA195M;
Reading SA195N;
Reading SA195P;
Reading SA195Q;
Reading SA195R;
Reading SA195T;
Reading SA195V;
Reading SA195W;
Reading SA195Y;
Reading SA198A;
Reading SA198C;
Reading SA198D;
Reading SA198E;
Reading SA198F;
Reading SA198G;
Reading SA198H;
Reading SA198I;
Reading SA198K;
Reading SA198L;
Reading SA198M;
Reading SA198N;
Reading SA198P;
Reading SA198Q;
Reading SA198R;
Reading SA198T;
Reading SA198V;
Reading SA198W;
Reading SA198Y;
Reading SA206A;
Reading SA206C;
Reading SA206D;
Reading SA206E;
Reading SA206F;
Reading SA206G;
Reading SA206H;
Reading SA206I;
Reading SA206K;
Reading SA206L;
Reading SA206M;
Reading SA206N;
Reading SA206P;
Residue to Mutate SERA195 has residue index 194
Residue to Mutate SERA195 has residue index 194
Residue to Mutate SERA195 has residue index 194
Residue to Mutate SERA195 has residue index 194
Residue to Mutate SERA195 has residue index 194
Residue to Mutate SERA195 has residue index 194
Residue to Mutate SERA195 has residue index 194
Residue to Mutate SERA195 has residue index 194
Residue to Mutate SERA195 has residue index 194
Residue to Mutate SERA195 has residue index 194
Residue to Mutate SERA195 has residue index 194
Residue to Mutate SERA195 has residue index 194
Residue to Mutate SERA195 has residue index 194
Residue to Mutate SERA195 has residue index 194
Residue to Mutate SERA195 has residue index 194
Residue to Mutate SERA195 has residue index 194
Residue to Mutate SERA195 has residue index 194
Residue to Mutate SERA195 has residue index 194
Residue to Mutate SERA198 has residue index 197
Residue to Mutate SERA198 has residue index 197
Residue to Mutate SERA198 has residue index 197
Residue to Mutate SERA198 has residue index 197
Residue to Mutate SERA198 has residue index 197
Residue to Mutate SERA198 has residue index 197
Residue to Mutate SERA198 has residue index 197
Residue to Mutate SERA198 has residue index 197
Residue to Mutate SERA198 has residue index 197
Residue to Mutate SERA198 has residue index 197
Residue to Mutate SERA198 has residue index 197
Residue to Mutate SERA198 has residue index 197
Residue to Mutate SERA198 has residue index 197
Residue to Mutate SERA198 has residue index 197
Residue to Mutate SERA198 has residue index 197
Residue to Mutate SERA198 has residue index 197
Residue to Mutate SERA198 has residue index 197
Residue to Mutate SERA198 has residue index 197
Residue to Mutate SERA198 has residue index 197
Residue to Mutate SERA206 has residue index 205
Residue to Mutate SERA206 has residue index 205
Residue to Mutate SERA206 has residue index 205
Residue to Mutate SERA206 has residue index 205
Residue to Mutate SERA206 has residue index 205
Residue to Mutate SERA206 has residue index 205
Residue to Mutate SERA206 has residue index 205
Residue to Mutate SERA206 has residue index 205
Residue to Mutate SERA206 has residue index 205
Residue to Mutate SERA206 has residue index 205
Residue to Mutate SERA206 has residue index 205
Residue to Mutate SERA206 has residue index 205
Residue to Mutate SERA206 has residue index 205
Mutating residue = SERA195 into CYS
Mutating residue = SERA195 into ASP
Mutating residue = SERA195 into GLU
Mutating residue = SERA195 into PHE
Mutating residue = SERA195 into GLY
Mutating residue = SERA195 into HIS
Mutating residue = SERA195 into ILE
Mutating residue = SERA195 into LYS
Mutating residue = SERA195 into LEU
Mutating residue = SERA195 into MET
Mutating residue = SERA195 into ASN
Mutating residue = SERA195 into PRO
Mutating residue = SERA195 into GLN
Mutating residue = SERA195 into ARG
Mutating residue = SERA195 into THR
Mutating residue = SERA195 into VAL
Mutating residue = SERA195 into TRP
Mutating residue = SERA195 into TYR
Mutating residue = SERA198 into ALA
Mutating residue = SERA198 into CYS
Mutating residue = SERA198 into ASP
Mutating residue = SERA198 into GLU
Mutating residue = SERA198 into PHE
Mutating residue = SERA198 into GLY
Mutating residue = SERA198 into HIS
Mutating residue = SERA198 into ILE
Mutating residue = SERA198 into LYS
Mutating residue = SERA198 into LEU
Mutating residue = SERA198 into MET
Mutating residue = SERA198 into ASN
Mutating residue = SERA198 into PRO
Mutating residue = SERA198 into GLN
Mutating residue = SERA198 into ARG
Mutating residue = SERA198 into THR
Mutating residue = SERA198 into VAL
Mutating residue = SERA198 into TRP
Mutating residue = SERA198 into TYR
Mutating residue = SERA206 into ALA
Mutating residue = SERA206 into CYS
Mutating residue = SERA206 into ASP
Mutating residue = SERA206 into GLU
Mutating residue = SERA206 into PHE
Mutating residue = SERA206 into GLY
Mutating residue = SERA206 into HIS
Mutating residue = SERA206 into ILE
Mutating residue = SERA206 into LYS
Mutating residue = SERA206 into LEU
Mutating residue = SERA206 into MET
Mutating residue = SERA206 into ASN
Mutating residue = SERA206 into PRO
Your file run OK
End time of FoldX: Sat May  9 16:21:13 2026
Total time spend: 233.42 seconds.
validated file "RNC_1.pdb" => successfully finished
validated file "RNC_2.pdb" => successfully finished
validated file "RNC_3.pdb" => successfully finished
validated file "RNC_4.pdb" => successfully finished
validated file "RNC_5.pdb" => successfully finished
validated file "RNC_6.pdb" => successfully finished
validated file "RNC_7.pdb" => successfully finished
validated file "RNC_8.pdb" => successfully finished
validated file "RNC_9.pdb" => successfully finished
validated file "RNC_10.pdb" => successfully finished
validated file "RNC_11.pdb" => successfully finished
validated file "RNC_12.pdb" => successfully finished
validated file "RNC_13.pdb" => successfully finished
validated file "RNC_14.pdb" => successfully finished
validated file "RNC_15.pdb" => successfully finished
validated file "RNC_16.pdb" => successfully finished
validated file "RNC_17.pdb" => successfully finished
validated file "RNC_18.pdb" => successfully finished
validated file "RNC_19.pdb" => successfully finished
validated file "RNC_20.pdb" => successfully finished
validated file "RNC_21.pdb" => successfully finished
validated file "RNC_22.pdb" => successfully finished
validated file "RNC_23.pdb" => successfully finished
validated file "RNC_24.pdb" => successfully finished
validated file "RNC_25.pdb" => successfully finished
validated file "RNC_26.pdb" => successfully finished
validated file "RNC_27.pdb" => successfully finished
validated file "RNC_28.pdb" => successfully finished
validated file "RNC_29.pdb" => successfully finished
validated file "RNC_30.pdb" => successfully finished
validated file "RNC_31.pdb" => successfully finished
validated file "RNC_32.pdb" => successfully finished
validated file "RNC_33.pdb" => successfully finished
validated file "RNC_34.pdb" => successfully finished
validated file "RNC_35.pdb" => successfully finished
validated file "RNC_36.pdb" => successfully finished
validated file "RNC_37.pdb" => successfully finished
validated file "RNC_38.pdb" => successfully finished
validated file "RNC_39.pdb" => successfully finished
validated file "RNC_40.pdb" => successfully finished
validated file "RNC_41.pdb" => successfully finished
validated file "RNC_42.pdb" => successfully finished
validated file "RNC_43.pdb" => successfully finished
validated file "RNC_44.pdb" => successfully finished
validated file "RNC_45.pdb" => successfully finished
validated file "RNC_46.pdb" => successfully finished
validated file "RNC_47.pdb" => successfully finished
validated file "RNC_48.pdb" => successfully finished
validated file "RNC_49.pdb" => successfully finished
validated file "RNC_50.pdb" => successfully finished
Cleaning BuildModel...DONE
任务 71 结果提取成功，已映射突变信息。
