   ********************************************
   ***                                      ***
   ***             FoldX 5.1 (c)            ***
   ***                                      ***
   ***     code by the FoldX Consortium     ***
   ***                                      ***
   ***     Jesper Borg, Frederic Rousseau   ***
   ***    Joost Schymkowitz, Luis Serrano   ***
   ***    Peter Vanhee, Erik Verschueren    ***
   ***     Lies Baeten, Javier Delgado      ***
   ***       and Francois Stricher          ***
   *** and any other of the 9! permutations ***
   ***   based on an original concept by    ***
   ***   Raphael Guerois and Luis Serrano   ***
   ********************************************

1 models read: RNC.pdb
1 models read: RNC.pdb

BackHbond       =               -168.66
SideHbond       =               -38.21
Energy_VdW      =               -241.09
Electro         =               -9.50
Energy_SolvP    =               337.30
Energy_SolvH    =               -317.26
Energy_vdwclash =               13.16
energy_torsion  =               1.57
backbone_vdwclash=              182.09
Entropy_sidec   =               123.80
Entropy_mainc   =               326.25
water bonds     =               0.00
helix dipole    =               -2.25
loop_entropy    =               0.00
cis_bond        =               0.00
disulfide       =               0.00
kn electrostatic=               0.00
partial covalent interactions = 0.00
Energy_Ionisation =             0.47
Entropy Complex =               0.00
-----------------------------------------------------------
Total          = 				  25.60


BackHbond       =               -168.66
SideHbond       =               -38.21
Energy_VdW      =               -241.09
Electro         =               -9.50
Energy_SolvP    =               337.30
Energy_SolvH    =               -317.26
Energy_vdwclash =               13.16
energy_torsion  =               1.57
backbone_vdwclash=              182.09
Entropy_sidec   =               123.80
Entropy_mainc   =               326.25
water bonds     =               0.00
helix dipole    =               -2.25
loop_entropy    =               0.00
cis_bond        =               0.00
disulfide       =               0.00
kn electrostatic=               0.00
partial covalent interactions = 0.00
Energy_Ionisation =             0.47
Entropy Complex =               0.00
-----------------------------------------------------------
Total          = 				  25.60

Starting BuildModel
Reading LA135K;
Reading LA135M;
Reading LA135N;
Reading LA135P;
Reading LA135Q;
Reading LA135R;
Reading LA135S;
Reading LA135T;
Reading LA135V;
Reading LA135W;
Reading LA135Y;
Reading LA137A;
Reading LA137C;
Reading LA137D;
Reading LA137E;
Reading LA137F;
Reading LA137G;
Reading LA137H;
Reading LA137I;
Reading LA137K;
Reading LA137M;
Reading LA137N;
Reading LA137P;
Reading LA137Q;
Reading LA137R;
Reading LA137S;
Reading LA137T;
Reading LA137V;
Reading LA137W;
Reading LA137Y;
Reading LA13A;
Reading LA13C;
Reading LA13D;
Reading LA13E;
Reading LA13F;
Reading LA13G;
Reading LA13H;
Reading LA13I;
Reading LA13K;
Reading LA13M;
Reading LA13N;
Reading LA13P;
Reading LA13Q;
Reading LA13R;
Reading LA13S;
Reading LA13T;
Reading LA13V;
Reading LA13W;
Reading LA13Y;
Reading LA144A;
Residue to Mutate LEUA135 has residue index 134
Residue to Mutate LEUA135 has residue index 134
Residue to Mutate LEUA135 has residue index 134
Residue to Mutate LEUA135 has residue index 134
Residue to Mutate LEUA135 has residue index 134
Residue to Mutate LEUA135 has residue index 134
Residue to Mutate LEUA135 has residue index 134
Residue to Mutate LEUA135 has residue index 134
Residue to Mutate LEUA135 has residue index 134
Residue to Mutate LEUA135 has residue index 134
Residue to Mutate LEUA135 has residue index 134
Residue to Mutate LEUA137 has residue index 136
Residue to Mutate LEUA137 has residue index 136
Residue to Mutate LEUA137 has residue index 136
Residue to Mutate LEUA137 has residue index 136
Residue to Mutate LEUA137 has residue index 136
Residue to Mutate LEUA137 has residue index 136
Residue to Mutate LEUA137 has residue index 136
Residue to Mutate LEUA137 has residue index 136
Residue to Mutate LEUA137 has residue index 136
Residue to Mutate LEUA137 has residue index 136
Residue to Mutate LEUA137 has residue index 136
Residue to Mutate LEUA137 has residue index 136
Residue to Mutate LEUA137 has residue index 136
Residue to Mutate LEUA137 has residue index 136
Residue to Mutate LEUA137 has residue index 136
Residue to Mutate LEUA137 has residue index 136
Residue to Mutate LEUA137 has residue index 136
Residue to Mutate LEUA137 has residue index 136
Residue to Mutate LEUA137 has residue index 136
Residue to Mutate LEUA13 has residue index 12
Residue to Mutate LEUA13 has residue index 12
Residue to Mutate LEUA13 has residue index 12
Residue to Mutate LEUA13 has residue index 12
Residue to Mutate LEUA13 has residue index 12
Residue to Mutate LEUA13 has residue index 12
Residue to Mutate LEUA13 has residue index 12
Residue to Mutate LEUA13 has residue index 12
Residue to Mutate LEUA13 has residue index 12
Residue to Mutate LEUA13 has residue index 12
Residue to Mutate LEUA13 has residue index 12
Residue to Mutate LEUA13 has residue index 12
Residue to Mutate LEUA13 has residue index 12
Residue to Mutate LEUA13 has residue index 12
Residue to Mutate LEUA13 has residue index 12
Residue to Mutate LEUA13 has residue index 12
Residue to Mutate LEUA13 has residue index 12
Residue to Mutate LEUA13 has residue index 12
Residue to Mutate LEUA13 has residue index 12
Residue to Mutate LEUA144 has residue index 143
Mutating residue = LEUA135 into LYS
Mutating residue = LEUA135 into MET
Mutating residue = LEUA135 into ASN
Mutating residue = LEUA135 into PRO
Mutating residue = LEUA135 into GLN
Mutating residue = LEUA135 into ARG
Mutating residue = LEUA135 into SER
Mutating residue = LEUA135 into THR
Mutating residue = LEUA135 into VAL
Mutating residue = LEUA135 into TRP
Mutating residue = LEUA135 into TYR
Mutating residue = LEUA137 into ALA
Mutating residue = LEUA137 into CYS
Mutating residue = LEUA137 into ASP
Mutating residue = LEUA137 into GLU
Mutating residue = LEUA137 into PHE
Mutating residue = LEUA137 into GLY
Mutating residue = LEUA137 into HIS
Mutating residue = LEUA137 into ILE
Mutating residue = LEUA137 into LYS
Mutating residue = LEUA137 into MET
Mutating residue = LEUA137 into ASN
Mutating residue = LEUA137 into PRO
Mutating residue = LEUA137 into GLN
Mutating residue = LEUA137 into ARG
Mutating residue = LEUA137 into SER
Mutating residue = LEUA137 into THR
Mutating residue = LEUA137 into VAL
Mutating residue = LEUA137 into TRP
Mutating residue = LEUA137 into TYR
Mutating residue = LEUA13 into ALA
Mutating residue = LEUA13 into CYS
Mutating residue = LEUA13 into ASP
Mutating residue = LEUA13 into GLU
Mutating residue = LEUA13 into PHE
Mutating residue = LEUA13 into GLY
Mutating residue = LEUA13 into HIS
Mutating residue = LEUA13 into ILE
Mutating residue = LEUA13 into LYS
Mutating residue = LEUA13 into MET
Mutating residue = LEUA13 into ASN
Mutating residue = LEUA13 into PRO
Mutating residue = LEUA13 into GLN
Mutating residue = LEUA13 into ARG
Mutating residue = LEUA13 into SER
Mutating residue = LEUA13 into THR
Mutating residue = LEUA13 into VAL
Mutating residue = LEUA13 into TRP
Mutating residue = LEUA13 into TYR
Mutating residue = LEUA144 into ALA
Your file run OK
End time of FoldX: Sat May  9 16:21:20 2026
Total time spend: 239.19 seconds.
validated file "RNC_1.pdb" => successfully finished
validated file "RNC_2.pdb" => successfully finished
validated file "RNC_3.pdb" => successfully finished
validated file "RNC_4.pdb" => successfully finished
validated file "RNC_5.pdb" => successfully finished
validated file "RNC_6.pdb" => successfully finished
validated file "RNC_7.pdb" => successfully finished
validated file "RNC_8.pdb" => successfully finished
validated file "RNC_9.pdb" => successfully finished
validated file "RNC_10.pdb" => successfully finished
validated file "RNC_11.pdb" => successfully finished
validated file "RNC_12.pdb" => successfully finished
validated file "RNC_13.pdb" => successfully finished
validated file "RNC_14.pdb" => successfully finished
validated file "RNC_15.pdb" => successfully finished
validated file "RNC_16.pdb" => successfully finished
validated file "RNC_17.pdb" => successfully finished
validated file "RNC_18.pdb" => successfully finished
validated file "RNC_19.pdb" => successfully finished
validated file "RNC_20.pdb" => successfully finished
validated file "RNC_21.pdb" => successfully finished
validated file "RNC_22.pdb" => successfully finished
validated file "RNC_23.pdb" => successfully finished
validated file "RNC_24.pdb" => successfully finished
validated file "RNC_25.pdb" => successfully finished
validated file "RNC_26.pdb" => successfully finished
validated file "RNC_27.pdb" => successfully finished
validated file "RNC_28.pdb" => successfully finished
validated file "RNC_29.pdb" => successfully finished
validated file "RNC_30.pdb" => successfully finished
validated file "RNC_31.pdb" => successfully finished
validated file "RNC_32.pdb" => successfully finished
validated file "RNC_33.pdb" => successfully finished
validated file "RNC_34.pdb" => successfully finished
validated file "RNC_35.pdb" => successfully finished
validated file "RNC_36.pdb" => successfully finished
validated file "RNC_37.pdb" => successfully finished
validated file "RNC_38.pdb" => successfully finished
validated file "RNC_39.pdb" => successfully finished
validated file "RNC_40.pdb" => successfully finished
validated file "RNC_41.pdb" => successfully finished
validated file "RNC_42.pdb" => successfully finished
validated file "RNC_43.pdb" => successfully finished
validated file "RNC_44.pdb" => successfully finished
validated file "RNC_45.pdb" => successfully finished
validated file "RNC_46.pdb" => successfully finished
validated file "RNC_47.pdb" => successfully finished
validated file "RNC_48.pdb" => successfully finished
validated file "RNC_49.pdb" => successfully finished
validated file "RNC_50.pdb" => successfully finished
Cleaning BuildModel...DONE
任务 40 结果提取成功，已映射突变信息。
