   ********************************************
   ***                                      ***
   ***             FoldX 5.1 (c)            ***
   ***                                      ***
   ***     code by the FoldX Consortium     ***
   ***                                      ***
   ***     Jesper Borg, Frederic Rousseau   ***
   ***    Joost Schymkowitz, Luis Serrano   ***
   ***    Peter Vanhee, Erik Verschueren    ***
   ***     Lies Baeten, Javier Delgado      ***
   ***       and Francois Stricher          ***
   *** and any other of the 9! permutations ***
   ***   based on an original concept by    ***
   ***   Raphael Guerois and Luis Serrano   ***
   ********************************************

1 models read: RNC.pdb
1 models read: RNC.pdb

BackHbond       =               -168.66
SideHbond       =               -38.21
Energy_VdW      =               -241.09
Electro         =               -9.50
Energy_SolvP    =               337.30
Energy_SolvH    =               -317.26
Energy_vdwclash =               13.16
energy_torsion  =               1.57
backbone_vdwclash=              182.09
Entropy_sidec   =               123.80
Entropy_mainc   =               326.25
water bonds     =               0.00
helix dipole    =               -2.25
loop_entropy    =               0.00
cis_bond        =               0.00
disulfide       =               0.00
kn electrostatic=               0.00
partial covalent interactions = 0.00
Energy_Ionisation =             0.47
Entropy Complex =               0.00
-----------------------------------------------------------
Total          = 				  25.60


BackHbond       =               -168.66
SideHbond       =               -38.21
Energy_VdW      =               -241.09
Electro         =               -9.50
Energy_SolvP    =               337.30
Energy_SolvH    =               -317.26
Energy_vdwclash =               13.16
energy_torsion  =               1.57
backbone_vdwclash=              182.09
Entropy_sidec   =               123.80
Entropy_mainc   =               326.25
water bonds     =               0.00
helix dipole    =               -2.25
loop_entropy    =               0.00
cis_bond        =               0.00
disulfide       =               0.00
kn electrostatic=               0.00
partial covalent interactions = 0.00
Energy_Ionisation =             0.47
Entropy Complex =               0.00
-----------------------------------------------------------
Total          = 				  25.60

Starting BuildModel
Reading LA220Y;
Reading LA223A;
Reading LA223C;
Reading LA223D;
Reading LA223E;
Reading LA223F;
Reading LA223G;
Reading LA223H;
Reading LA223I;
Reading LA223K;
Reading LA223M;
Reading LA223N;
Reading LA223P;
Reading LA223Q;
Reading LA223R;
Reading LA223S;
Reading LA223T;
Reading LA223V;
Reading LA223W;
Reading LA223Y;
Reading LA225A;
Reading LA225C;
Reading LA225D;
Reading LA225E;
Reading LA225F;
Reading LA225G;
Reading LA225H;
Reading LA225I;
Reading LA225K;
Reading LA225M;
Reading LA225N;
Reading LA225P;
Reading LA225Q;
Reading LA225R;
Reading LA225S;
Reading LA225T;
Reading LA225V;
Reading LA225W;
Reading LA225Y;
Reading LA22A;
Reading LA22C;
Reading LA22D;
Reading LA22E;
Reading LA22F;
Reading LA22G;
Reading LA22H;
Reading LA22I;
Reading LA22K;
Reading LA22M;
Reading LA22N;
Residue to Mutate LEUA220 has residue index 219
Residue to Mutate LEUA223 has residue index 222
Residue to Mutate LEUA223 has residue index 222
Residue to Mutate LEUA223 has residue index 222
Residue to Mutate LEUA223 has residue index 222
Residue to Mutate LEUA223 has residue index 222
Residue to Mutate LEUA223 has residue index 222
Residue to Mutate LEUA223 has residue index 222
Residue to Mutate LEUA223 has residue index 222
Residue to Mutate LEUA223 has residue index 222
Residue to Mutate LEUA223 has residue index 222
Residue to Mutate LEUA223 has residue index 222
Residue to Mutate LEUA223 has residue index 222
Residue to Mutate LEUA223 has residue index 222
Residue to Mutate LEUA223 has residue index 222
Residue to Mutate LEUA223 has residue index 222
Residue to Mutate LEUA223 has residue index 222
Residue to Mutate LEUA223 has residue index 222
Residue to Mutate LEUA223 has residue index 222
Residue to Mutate LEUA223 has residue index 222
Residue to Mutate LEUA225 has residue index 224
Residue to Mutate LEUA225 has residue index 224
Residue to Mutate LEUA225 has residue index 224
Residue to Mutate LEUA225 has residue index 224
Residue to Mutate LEUA225 has residue index 224
Residue to Mutate LEUA225 has residue index 224
Residue to Mutate LEUA225 has residue index 224
Residue to Mutate LEUA225 has residue index 224
Residue to Mutate LEUA225 has residue index 224
Residue to Mutate LEUA225 has residue index 224
Residue to Mutate LEUA225 has residue index 224
Residue to Mutate LEUA225 has residue index 224
Residue to Mutate LEUA225 has residue index 224
Residue to Mutate LEUA225 has residue index 224
Residue to Mutate LEUA225 has residue index 224
Residue to Mutate LEUA225 has residue index 224
Residue to Mutate LEUA225 has residue index 224
Residue to Mutate LEUA225 has residue index 224
Residue to Mutate LEUA225 has residue index 224
Residue to Mutate LEUA22 has residue index 21
Residue to Mutate LEUA22 has residue index 21
Residue to Mutate LEUA22 has residue index 21
Residue to Mutate LEUA22 has residue index 21
Residue to Mutate LEUA22 has residue index 21
Residue to Mutate LEUA22 has residue index 21
Residue to Mutate LEUA22 has residue index 21
Residue to Mutate LEUA22 has residue index 21
Residue to Mutate LEUA22 has residue index 21
Residue to Mutate LEUA22 has residue index 21
Residue to Mutate LEUA22 has residue index 21
Mutating residue = LEUA220 into TYR
Mutating residue = LEUA223 into ALA
Mutating residue = LEUA223 into CYS
Mutating residue = LEUA223 into ASP
Mutating residue = LEUA223 into GLU
Mutating residue = LEUA223 into PHE
Mutating residue = LEUA223 into GLY
Mutating residue = LEUA223 into HIS
Mutating residue = LEUA223 into ILE
Mutating residue = LEUA223 into LYS
Mutating residue = LEUA223 into MET
Mutating residue = LEUA223 into ASN
Mutating residue = LEUA223 into PRO
Mutating residue = LEUA223 into GLN
Mutating residue = LEUA223 into ARG
Mutating residue = LEUA223 into SER
Mutating residue = LEUA223 into THR
Mutating residue = LEUA223 into VAL
Mutating residue = LEUA223 into TRP
Mutating residue = LEUA223 into TYR
Mutating residue = LEUA225 into ALA
Mutating residue = LEUA225 into CYS
Mutating residue = LEUA225 into ASP
Mutating residue = LEUA225 into GLU
Mutating residue = LEUA225 into PHE
Mutating residue = LEUA225 into GLY
Mutating residue = LEUA225 into HIS
Mutating residue = LEUA225 into ILE
Mutating residue = LEUA225 into LYS
Mutating residue = LEUA225 into MET
Mutating residue = LEUA225 into ASN
Mutating residue = LEUA225 into PRO
Mutating residue = LEUA225 into GLN
Mutating residue = LEUA225 into ARG
Mutating residue = LEUA225 into SER
Mutating residue = LEUA225 into THR
Mutating residue = LEUA225 into VAL
Mutating residue = LEUA225 into TRP
Mutating residue = LEUA225 into TYR
Mutating residue = LEUA22 into ALA
Mutating residue = LEUA22 into CYS
Mutating residue = LEUA22 into ASP
Mutating residue = LEUA22 into GLU
Mutating residue = LEUA22 into PHE
Mutating residue = LEUA22 into GLY
Mutating residue = LEUA22 into HIS
Mutating residue = LEUA22 into ILE
Mutating residue = LEUA22 into LYS
Mutating residue = LEUA22 into MET
Mutating residue = LEUA22 into ASN
Your file run OK
End time of FoldX: Sat May  9 16:20:42 2026
Total time spend: 201.38 seconds.
validated file "RNC_1.pdb" => successfully finished
validated file "RNC_2.pdb" => successfully finished
validated file "RNC_3.pdb" => successfully finished
validated file "RNC_4.pdb" => successfully finished
validated file "RNC_5.pdb" => successfully finished
validated file "RNC_6.pdb" => successfully finished
validated file "RNC_7.pdb" => successfully finished
validated file "RNC_8.pdb" => successfully finished
validated file "RNC_9.pdb" => successfully finished
validated file "RNC_10.pdb" => successfully finished
validated file "RNC_11.pdb" => successfully finished
validated file "RNC_12.pdb" => successfully finished
validated file "RNC_13.pdb" => successfully finished
validated file "RNC_14.pdb" => successfully finished
validated file "RNC_15.pdb" => successfully finished
validated file "RNC_16.pdb" => successfully finished
validated file "RNC_17.pdb" => successfully finished
validated file "RNC_18.pdb" => successfully finished
validated file "RNC_19.pdb" => successfully finished
validated file "RNC_20.pdb" => successfully finished
validated file "RNC_21.pdb" => successfully finished
validated file "RNC_22.pdb" => successfully finished
validated file "RNC_23.pdb" => successfully finished
validated file "RNC_24.pdb" => successfully finished
validated file "RNC_25.pdb" => successfully finished
validated file "RNC_26.pdb" => successfully finished
validated file "RNC_27.pdb" => successfully finished
validated file "RNC_28.pdb" => successfully finished
validated file "RNC_29.pdb" => successfully finished
validated file "RNC_30.pdb" => successfully finished
validated file "RNC_31.pdb" => successfully finished
validated file "RNC_32.pdb" => successfully finished
validated file "RNC_33.pdb" => successfully finished
validated file "RNC_34.pdb" => successfully finished
validated file "RNC_35.pdb" => successfully finished
validated file "RNC_36.pdb" => successfully finished
validated file "RNC_37.pdb" => successfully finished
validated file "RNC_38.pdb" => successfully finished
validated file "RNC_39.pdb" => successfully finished
validated file "RNC_40.pdb" => successfully finished
validated file "RNC_41.pdb" => successfully finished
validated file "RNC_42.pdb" => successfully finished
validated file "RNC_43.pdb" => successfully finished
validated file "RNC_44.pdb" => successfully finished
validated file "RNC_45.pdb" => successfully finished
validated file "RNC_46.pdb" => successfully finished
validated file "RNC_47.pdb" => successfully finished
validated file "RNC_48.pdb" => successfully finished
validated file "RNC_49.pdb" => successfully finished
validated file "RNC_50.pdb" => successfully finished
Cleaning BuildModel...DONE
任务 44 结果提取成功，已映射突变信息。
