   ********************************************
   ***                                      ***
   ***             FoldX 5.1 (c)            ***
   ***                                      ***
   ***     code by the FoldX Consortium     ***
   ***                                      ***
   ***     Jesper Borg, Frederic Rousseau   ***
   ***    Joost Schymkowitz, Luis Serrano   ***
   ***    Peter Vanhee, Erik Verschueren    ***
   ***     Lies Baeten, Javier Delgado      ***
   ***       and Francois Stricher          ***
   *** and any other of the 9! permutations ***
   ***   based on an original concept by    ***
   ***   Raphael Guerois and Luis Serrano   ***
   ********************************************

1 models read: RUBISCO.pdb
1 models read: RUBISCO.pdb
number of incomplete residues = 1
completing sidechain atoms of THRA460

BackHbond       =               -382.57
SideHbond       =               -129.71
Energy_VdW      =               -1065.60
Electro         =               -51.93
Energy_SolvP    =               1571.50
Energy_SolvH    =               -1376.92
Energy_vdwclash =               406.55
energy_torsion  =               216.35
backbone_vdwclash=              749.49
Entropy_sidec   =               479.20
Entropy_mainc   =               1700.40
water bonds     =               0.00
helix dipole    =               -0.84
loop_entropy    =               0.00
cis_bond        =               2.25
disulfide       =               0.00
kn electrostatic=               -0.05
partial covalent interactions = -0.82
Energy_Ionisation =             3.55
Entropy Complex =               0.00
-----------------------------------------------------------
Total          = 				  1371.34

number of incomplete residues = 1
completing sidechain atoms of THRA460

BackHbond       =               -382.57
SideHbond       =               -129.71
Energy_VdW      =               -1065.60
Electro         =               -51.93
Energy_SolvP    =               1571.50
Energy_SolvH    =               -1376.92
Energy_vdwclash =               406.55
energy_torsion  =               216.35
backbone_vdwclash=              749.49
Entropy_sidec   =               479.20
Entropy_mainc   =               1700.40
water bonds     =               0.00
helix dipole    =               -0.84
loop_entropy    =               0.00
cis_bond        =               2.25
disulfide       =               0.00
kn electrostatic=               -0.05
partial covalent interactions = -0.82
Energy_Ionisation =             3.55
Entropy Complex =               0.00
-----------------------------------------------------------
Total          = 				  1371.34

Starting BuildModel
Reading EA73L;
Reading EA73M;
Reading EA73N;
Reading EA73P;
Reading EA73Q;
Reading EA73R;
Reading EA73S;
Reading EA73T;
Reading EA73V;
Reading EA73W;
Reading EA73Y;
Reading EA76A;
Reading EA76C;
Reading EA76D;
Reading EA76F;
Reading EA76G;
Reading EA76H;
Reading EA76I;
Reading EA76K;
Reading EA76L;
Reading EA76M;
Reading EA76N;
Reading EA76P;
Reading EA76Q;
Reading EA76R;
Reading EA76S;
Reading EA76T;
Reading EA76V;
Reading EA76W;
Reading EA76Y;
Reading EA79A;
Reading EA79C;
Reading EA79D;
Reading EA79F;
Reading EA79G;
Reading EA79H;
Reading EA79I;
Reading EA79K;
Reading EA79L;
Reading EA79M;
Reading EA79N;
Reading EA79P;
Reading EA79Q;
Reading EA79R;
Reading EA79S;
Reading EA79T;
Reading EA79V;
Reading EA79W;
Reading EA79Y;
Reading FA104A;
Residue to Mutate GLUA73 has residue index 71
Residue to Mutate GLUA73 has residue index 71
Residue to Mutate GLUA73 has residue index 71
Residue to Mutate GLUA73 has residue index 71
Residue to Mutate GLUA73 has residue index 71
Residue to Mutate GLUA73 has residue index 71
Residue to Mutate GLUA73 has residue index 71
Residue to Mutate GLUA73 has residue index 71
Residue to Mutate GLUA73 has residue index 71
Residue to Mutate GLUA73 has residue index 71
Residue to Mutate GLUA73 has residue index 71
Residue to Mutate GLUA76 has residue index 74
Residue to Mutate GLUA76 has residue index 74
Residue to Mutate GLUA76 has residue index 74
Residue to Mutate GLUA76 has residue index 74
Residue to Mutate GLUA76 has residue index 74
Residue to Mutate GLUA76 has residue index 74
Residue to Mutate GLUA76 has residue index 74
Residue to Mutate GLUA76 has residue index 74
Residue to Mutate GLUA76 has residue index 74
Residue to Mutate GLUA76 has residue index 74
Residue to Mutate GLUA76 has residue index 74
Residue to Mutate GLUA76 has residue index 74
Residue to Mutate GLUA76 has residue index 74
Residue to Mutate GLUA76 has residue index 74
Residue to Mutate GLUA76 has residue index 74
Residue to Mutate GLUA76 has residue index 74
Residue to Mutate GLUA76 has residue index 74
Residue to Mutate GLUA76 has residue index 74
Residue to Mutate GLUA76 has residue index 74
Residue to Mutate GLUA79 has residue index 77
Residue to Mutate GLUA79 has residue index 77
Residue to Mutate GLUA79 has residue index 77
Residue to Mutate GLUA79 has residue index 77
Residue to Mutate GLUA79 has residue index 77
Residue to Mutate GLUA79 has residue index 77
Residue to Mutate GLUA79 has residue index 77
Residue to Mutate GLUA79 has residue index 77
Residue to Mutate GLUA79 has residue index 77
Residue to Mutate GLUA79 has residue index 77
Residue to Mutate GLUA79 has residue index 77
Residue to Mutate GLUA79 has residue index 77
Residue to Mutate GLUA79 has residue index 77
Residue to Mutate GLUA79 has residue index 77
Residue to Mutate GLUA79 has residue index 77
Residue to Mutate GLUA79 has residue index 77
Residue to Mutate GLUA79 has residue index 77
Residue to Mutate GLUA79 has residue index 77
Residue to Mutate GLUA79 has residue index 77
Residue to Mutate PHEA104 has residue index 102
Mutating residue = GLUA73 into LEU
Mutating residue = GLUA73 into MET
Mutating residue = GLUA73 into ASN
Mutating residue = GLUA73 into PRO
Mutating residue = GLUA73 into GLN
Mutating residue = GLUA73 into ARG
Mutating residue = GLUA73 into SER
Mutating residue = GLUA73 into THR
Mutating residue = GLUA73 into VAL
Mutating residue = GLUA73 into TRP
Mutating residue = GLUA73 into TYR
Mutating residue = GLUA76 into ALA
Mutating residue = GLUA76 into CYS
Mutating residue = GLUA76 into ASP
Mutating residue = GLUA76 into PHE
Mutating residue = GLUA76 into GLY
Mutating residue = GLUA76 into HIS
Mutating residue = GLUA76 into ILE
Mutating residue = GLUA76 into LYS
Mutating residue = GLUA76 into LEU
Mutating residue = GLUA76 into MET
Mutating residue = GLUA76 into ASN
Mutating residue = GLUA76 into PRO
Mutating residue = GLUA76 into GLN
Mutating residue = GLUA76 into ARG
Mutating residue = GLUA76 into SER
Mutating residue = GLUA76 into THR
Mutating residue = GLUA76 into VAL
Mutating residue = GLUA76 into TRP
Mutating residue = GLUA76 into TYR
Mutating residue = GLUA79 into ALA
Mutating residue = GLUA79 into CYS
Mutating residue = GLUA79 into ASP
Mutating residue = GLUA79 into PHE
Mutating residue = GLUA79 into GLY
Mutating residue = GLUA79 into HIS
Mutating residue = GLUA79 into ILE
Mutating residue = GLUA79 into LYS
Mutating residue = GLUA79 into LEU
Mutating residue = GLUA79 into MET
Mutating residue = GLUA79 into ASN
Mutating residue = GLUA79 into PRO
Mutating residue = GLUA79 into GLN
Mutating residue = GLUA79 into ARG
Mutating residue = GLUA79 into SER
Mutating residue = GLUA79 into THR
Mutating residue = GLUA79 into VAL
Mutating residue = GLUA79 into TRP
Mutating residue = GLUA79 into TYR
Mutating residue = PHEA104 into ALA
Your file run OK
End time of FoldX: Sat May  9 16:25:07 2026
Total time spend: 466.05 seconds.
validated file "RUBISCO_1.pdb" => successfully finished
validated file "RUBISCO_2.pdb" => successfully finished
validated file "RUBISCO_3.pdb" => successfully finished
validated file "RUBISCO_4.pdb" => successfully finished
validated file "RUBISCO_5.pdb" => successfully finished
validated file "RUBISCO_6.pdb" => successfully finished
validated file "RUBISCO_7.pdb" => successfully finished
validated file "RUBISCO_8.pdb" => successfully finished
validated file "RUBISCO_9.pdb" => successfully finished
validated file "RUBISCO_10.pdb" => successfully finished
validated file "RUBISCO_11.pdb" => successfully finished
validated file "RUBISCO_12.pdb" => successfully finished
validated file "RUBISCO_13.pdb" => successfully finished
validated file "RUBISCO_14.pdb" => successfully finished
validated file "RUBISCO_15.pdb" => successfully finished
validated file "RUBISCO_16.pdb" => successfully finished
validated file "RUBISCO_17.pdb" => successfully finished
validated file "RUBISCO_18.pdb" => successfully finished
validated file "RUBISCO_19.pdb" => successfully finished
validated file "RUBISCO_20.pdb" => successfully finished
validated file "RUBISCO_21.pdb" => successfully finished
validated file "RUBISCO_22.pdb" => successfully finished
validated file "RUBISCO_23.pdb" => successfully finished
validated file "RUBISCO_24.pdb" => successfully finished
validated file "RUBISCO_25.pdb" => successfully finished
validated file "RUBISCO_26.pdb" => successfully finished
validated file "RUBISCO_27.pdb" => successfully finished
validated file "RUBISCO_28.pdb" => successfully finished
validated file "RUBISCO_29.pdb" => successfully finished
validated file "RUBISCO_30.pdb" => successfully finished
validated file "RUBISCO_31.pdb" => successfully finished
validated file "RUBISCO_32.pdb" => successfully finished
validated file "RUBISCO_33.pdb" => successfully finished
validated file "RUBISCO_34.pdb" => successfully finished
validated file "RUBISCO_35.pdb" => successfully finished
validated file "RUBISCO_36.pdb" => successfully finished
validated file "RUBISCO_37.pdb" => successfully finished
validated file "RUBISCO_38.pdb" => successfully finished
validated file "RUBISCO_39.pdb" => successfully finished
validated file "RUBISCO_40.pdb" => successfully finished
validated file "RUBISCO_41.pdb" => successfully finished
validated file "RUBISCO_42.pdb" => successfully finished
validated file "RUBISCO_43.pdb" => successfully finished
validated file "RUBISCO_44.pdb" => successfully finished
validated file "RUBISCO_45.pdb" => successfully finished
validated file "RUBISCO_46.pdb" => successfully finished
validated file "RUBISCO_47.pdb" => successfully finished
validated file "RUBISCO_48.pdb" => successfully finished
validated file "RUBISCO_49.pdb" => successfully finished
validated file "RUBISCO_50.pdb" => successfully finished
Cleaning BuildModel...DONE
任务 46 结果提取成功，已映射突变信息。
