   ********************************************
   ***                                      ***
   ***             FoldX 5.1 (c)            ***
   ***                                      ***
   ***     code by the FoldX Consortium     ***
   ***                                      ***
   ***     Jesper Borg, Frederic Rousseau   ***
   ***    Joost Schymkowitz, Luis Serrano   ***
   ***    Peter Vanhee, Erik Verschueren    ***
   ***     Lies Baeten, Javier Delgado      ***
   ***       and Francois Stricher          ***
   *** and any other of the 9! permutations ***
   ***   based on an original concept by    ***
   ***   Raphael Guerois and Luis Serrano   ***
   ********************************************

1 models read: RUBISCO.pdb
1 models read: RUBISCO.pdb
number of incomplete residues = 1
completing sidechain atoms of THRA460

BackHbond       =               -382.57
SideHbond       =               -129.71
Energy_VdW      =               -1065.60
Electro         =               -51.93
Energy_SolvP    =               1571.50
Energy_SolvH    =               -1376.92
Energy_vdwclash =               406.55
energy_torsion  =               216.35
backbone_vdwclash=              749.49
Entropy_sidec   =               479.20
Entropy_mainc   =               1700.40
water bonds     =               0.00
helix dipole    =               -0.84
loop_entropy    =               0.00
cis_bond        =               2.25
disulfide       =               0.00
kn electrostatic=               -0.05
partial covalent interactions = -0.82
Energy_Ionisation =             3.55
Entropy Complex =               0.00
-----------------------------------------------------------
Total          = 				  1371.34

number of incomplete residues = 1
completing sidechain atoms of THRA460

BackHbond       =               -382.57
SideHbond       =               -129.71
Energy_VdW      =               -1065.60
Electro         =               -51.93
Energy_SolvP    =               1571.50
Energy_SolvH    =               -1376.92
Energy_vdwclash =               406.55
energy_torsion  =               216.35
backbone_vdwclash=              749.49
Entropy_sidec   =               479.20
Entropy_mainc   =               1700.40
water bonds     =               0.00
helix dipole    =               -0.84
loop_entropy    =               0.00
cis_bond        =               2.25
disulfide       =               0.00
kn electrostatic=               -0.05
partial covalent interactions = -0.82
Energy_Ionisation =             3.55
Entropy Complex =               0.00
-----------------------------------------------------------
Total          = 				  1371.34

Starting BuildModel
Reading EA194A;
Reading EA194C;
Reading EA194D;
Reading EA194F;
Reading EA194G;
Reading EA194H;
Reading EA194I;
Reading EA194K;
Reading EA194L;
Reading EA194M;
Reading EA194N;
Reading EA194P;
Reading EA194Q;
Reading EA194R;
Reading EA194S;
Reading EA194T;
Reading EA194V;
Reading EA194W;
Reading EA194Y;
Reading EA221A;
Reading EA221C;
Reading EA221D;
Reading EA221F;
Reading EA221G;
Reading EA221H;
Reading EA221I;
Reading EA221K;
Reading EA221L;
Reading EA221M;
Reading EA221N;
Reading EA221P;
Reading EA221Q;
Reading EA221R;
Reading EA221S;
Reading EA221T;
Reading EA221V;
Reading EA221W;
Reading EA221Y;
Reading EA224A;
Reading EA224C;
Reading EA224D;
Reading EA224F;
Reading EA224G;
Reading EA224H;
Reading EA224I;
Reading EA224K;
Reading EA224L;
Reading EA224M;
Reading EA224N;
Reading EA224P;
Residue to Mutate GLUA194 has residue index 192
Residue to Mutate GLUA194 has residue index 192
Residue to Mutate GLUA194 has residue index 192
Residue to Mutate GLUA194 has residue index 192
Residue to Mutate GLUA194 has residue index 192
Residue to Mutate GLUA194 has residue index 192
Residue to Mutate GLUA194 has residue index 192
Residue to Mutate GLUA194 has residue index 192
Residue to Mutate GLUA194 has residue index 192
Residue to Mutate GLUA194 has residue index 192
Residue to Mutate GLUA194 has residue index 192
Residue to Mutate GLUA194 has residue index 192
Residue to Mutate GLUA194 has residue index 192
Residue to Mutate GLUA194 has residue index 192
Residue to Mutate GLUA194 has residue index 192
Residue to Mutate GLUA194 has residue index 192
Residue to Mutate GLUA194 has residue index 192
Residue to Mutate GLUA194 has residue index 192
Residue to Mutate GLUA194 has residue index 192
Residue to Mutate GLUA221 has residue index 219
Residue to Mutate GLUA221 has residue index 219
Residue to Mutate GLUA221 has residue index 219
Residue to Mutate GLUA221 has residue index 219
Residue to Mutate GLUA221 has residue index 219
Residue to Mutate GLUA221 has residue index 219
Residue to Mutate GLUA221 has residue index 219
Residue to Mutate GLUA221 has residue index 219
Residue to Mutate GLUA221 has residue index 219
Residue to Mutate GLUA221 has residue index 219
Residue to Mutate GLUA221 has residue index 219
Residue to Mutate GLUA221 has residue index 219
Residue to Mutate GLUA221 has residue index 219
Residue to Mutate GLUA221 has residue index 219
Residue to Mutate GLUA221 has residue index 219
Residue to Mutate GLUA221 has residue index 219
Residue to Mutate GLUA221 has residue index 219
Residue to Mutate GLUA221 has residue index 219
Residue to Mutate GLUA221 has residue index 219
Residue to Mutate GLUA224 has residue index 222
Residue to Mutate GLUA224 has residue index 222
Residue to Mutate GLUA224 has residue index 222
Residue to Mutate GLUA224 has residue index 222
Residue to Mutate GLUA224 has residue index 222
Residue to Mutate GLUA224 has residue index 222
Residue to Mutate GLUA224 has residue index 222
Residue to Mutate GLUA224 has residue index 222
Residue to Mutate GLUA224 has residue index 222
Residue to Mutate GLUA224 has residue index 222
Residue to Mutate GLUA224 has residue index 222
Residue to Mutate GLUA224 has residue index 222
Mutating residue = GLUA194 into ALA
Mutating residue = GLUA194 into CYS
Mutating residue = GLUA194 into ASP
Mutating residue = GLUA194 into PHE
Mutating residue = GLUA194 into GLY
Mutating residue = GLUA194 into HIS
Mutating residue = GLUA194 into ILE
Mutating residue = GLUA194 into LYS
Mutating residue = GLUA194 into LEU
Mutating residue = GLUA194 into MET
Mutating residue = GLUA194 into ASN
Mutating residue = GLUA194 into PRO
Mutating residue = GLUA194 into GLN
Mutating residue = GLUA194 into ARG
Mutating residue = GLUA194 into SER
Mutating residue = GLUA194 into THR
Mutating residue = GLUA194 into VAL
Mutating residue = GLUA194 into TRP
Mutating residue = GLUA194 into TYR
Mutating residue = GLUA221 into ALA
Mutating residue = GLUA221 into CYS
Mutating residue = GLUA221 into ASP
Mutating residue = GLUA221 into PHE
Mutating residue = GLUA221 into GLY
Mutating residue = GLUA221 into HIS
Mutating residue = GLUA221 into ILE
Mutating residue = GLUA221 into LYS
Mutating residue = GLUA221 into LEU
Mutating residue = GLUA221 into MET
Mutating residue = GLUA221 into ASN
Mutating residue = GLUA221 into PRO
Mutating residue = GLUA221 into GLN
Mutating residue = GLUA221 into ARG
Mutating residue = GLUA221 into SER
Mutating residue = GLUA221 into THR
Mutating residue = GLUA221 into VAL
Mutating residue = GLUA221 into TRP
Mutating residue = GLUA221 into TYR
Mutating residue = GLUA224 into ALA
Mutating residue = GLUA224 into CYS
Mutating residue = GLUA224 into ASP
Mutating residue = GLUA224 into PHE
Mutating residue = GLUA224 into GLY
Mutating residue = GLUA224 into HIS
Mutating residue = GLUA224 into ILE
Mutating residue = GLUA224 into LYS
Mutating residue = GLUA224 into LEU
Mutating residue = GLUA224 into MET
Mutating residue = GLUA224 into ASN
Mutating residue = GLUA224 into PRO
Your file run OK
End time of FoldX: Sat May  9 16:28:39 2026
Total time spend: 678.47 seconds.
validated file "RUBISCO_1.pdb" => successfully finished
validated file "RUBISCO_2.pdb" => successfully finished
validated file "RUBISCO_3.pdb" => successfully finished
validated file "RUBISCO_4.pdb" => successfully finished
validated file "RUBISCO_5.pdb" => successfully finished
validated file "RUBISCO_6.pdb" => successfully finished
validated file "RUBISCO_7.pdb" => successfully finished
validated file "RUBISCO_8.pdb" => successfully finished
validated file "RUBISCO_9.pdb" => successfully finished
validated file "RUBISCO_10.pdb" => successfully finished
validated file "RUBISCO_11.pdb" => successfully finished
validated file "RUBISCO_12.pdb" => successfully finished
validated file "RUBISCO_13.pdb" => successfully finished
validated file "RUBISCO_14.pdb" => successfully finished
validated file "RUBISCO_15.pdb" => successfully finished
validated file "RUBISCO_16.pdb" => successfully finished
validated file "RUBISCO_17.pdb" => successfully finished
validated file "RUBISCO_18.pdb" => successfully finished
validated file "RUBISCO_19.pdb" => successfully finished
validated file "RUBISCO_20.pdb" => successfully finished
validated file "RUBISCO_21.pdb" => successfully finished
validated file "RUBISCO_22.pdb" => successfully finished
validated file "RUBISCO_23.pdb" => successfully finished
validated file "RUBISCO_24.pdb" => successfully finished
validated file "RUBISCO_25.pdb" => successfully finished
validated file "RUBISCO_26.pdb" => successfully finished
validated file "RUBISCO_27.pdb" => successfully finished
validated file "RUBISCO_28.pdb" => successfully finished
validated file "RUBISCO_29.pdb" => successfully finished
validated file "RUBISCO_30.pdb" => successfully finished
validated file "RUBISCO_31.pdb" => successfully finished
validated file "RUBISCO_32.pdb" => successfully finished
validated file "RUBISCO_33.pdb" => successfully finished
validated file "RUBISCO_34.pdb" => successfully finished
validated file "RUBISCO_35.pdb" => successfully finished
validated file "RUBISCO_36.pdb" => successfully finished
validated file "RUBISCO_37.pdb" => successfully finished
validated file "RUBISCO_38.pdb" => successfully finished
validated file "RUBISCO_39.pdb" => successfully finished
validated file "RUBISCO_40.pdb" => successfully finished
validated file "RUBISCO_41.pdb" => successfully finished
validated file "RUBISCO_42.pdb" => successfully finished
validated file "RUBISCO_43.pdb" => successfully finished
validated file "RUBISCO_44.pdb" => successfully finished
validated file "RUBISCO_45.pdb" => successfully finished
validated file "RUBISCO_46.pdb" => successfully finished
validated file "RUBISCO_47.pdb" => successfully finished
validated file "RUBISCO_48.pdb" => successfully finished
validated file "RUBISCO_49.pdb" => successfully finished
validated file "RUBISCO_50.pdb" => successfully finished
Cleaning BuildModel...DONE
任务 39 结果提取成功，已映射突变信息。
