   ********************************************
   ***                                      ***
   ***             FoldX 5.1 (c)            ***
   ***                                      ***
   ***     code by the FoldX Consortium     ***
   ***                                      ***
   ***     Jesper Borg, Frederic Rousseau   ***
   ***    Joost Schymkowitz, Luis Serrano   ***
   ***    Peter Vanhee, Erik Verschueren    ***
   ***     Lies Baeten, Javier Delgado      ***
   ***       and Francois Stricher          ***
   *** and any other of the 9! permutations ***
   ***   based on an original concept by    ***
   ***   Raphael Guerois and Luis Serrano   ***
   ********************************************

1 models read: RUBISCO.pdb
1 models read: RUBISCO.pdb
number of incomplete residues = 1
completing sidechain atoms of THRA460

BackHbond       =               -382.57
SideHbond       =               -129.71
Energy_VdW      =               -1065.60
Electro         =               -51.93
Energy_SolvP    =               1571.50
Energy_SolvH    =               -1376.92
Energy_vdwclash =               406.55
energy_torsion  =               216.35
backbone_vdwclash=              749.49
Entropy_sidec   =               479.20
Entropy_mainc   =               1700.40
water bonds     =               0.00
helix dipole    =               -0.84
loop_entropy    =               0.00
cis_bond        =               2.25
disulfide       =               0.00
kn electrostatic=               -0.05
partial covalent interactions = -0.82
Energy_Ionisation =             3.55
Entropy Complex =               0.00
-----------------------------------------------------------
Total          = 				  1371.34

number of incomplete residues = 1
completing sidechain atoms of THRA460

BackHbond       =               -382.57
SideHbond       =               -129.71
Energy_VdW      =               -1065.60
Electro         =               -51.93
Energy_SolvP    =               1571.50
Energy_SolvH    =               -1376.92
Energy_vdwclash =               406.55
energy_torsion  =               216.35
backbone_vdwclash=              749.49
Entropy_sidec   =               479.20
Entropy_mainc   =               1700.40
water bonds     =               0.00
helix dipole    =               -0.84
loop_entropy    =               0.00
cis_bond        =               2.25
disulfide       =               0.00
kn electrostatic=               -0.05
partial covalent interactions = -0.82
Energy_Ionisation =             3.55
Entropy Complex =               0.00
-----------------------------------------------------------
Total          = 				  1371.34

Starting BuildModel
Reading GA110S;
Reading GA110T;
Reading GA110V;
Reading GA110W;
Reading GA110Y;
Reading GA114A;
Reading GA114C;
Reading GA114D;
Reading GA114E;
Reading GA114F;
Reading GA114H;
Reading GA114I;
Reading GA114K;
Reading GA114L;
Reading GA114M;
Reading GA114N;
Reading GA114P;
Reading GA114Q;
Reading GA114R;
Reading GA114S;
Reading GA114T;
Reading GA114V;
Reading GA114W;
Reading GA114Y;
Reading GA116A;
Reading GA116C;
Reading GA116D;
Reading GA116E;
Reading GA116F;
Reading GA116H;
Reading GA116I;
Reading GA116K;
Reading GA116L;
Reading GA116M;
Reading GA116N;
Reading GA116P;
Reading GA116Q;
Reading GA116R;
Reading GA116S;
Reading GA116T;
Reading GA116V;
Reading GA116W;
Reading GA116Y;
Reading GA138A;
Reading GA138C;
Reading GA138D;
Reading GA138E;
Reading GA138F;
Reading GA138H;
Reading GA138I;
Residue to Mutate GLYA110 has residue index 108
Residue to Mutate GLYA110 has residue index 108
Residue to Mutate GLYA110 has residue index 108
Residue to Mutate GLYA110 has residue index 108
Residue to Mutate GLYA110 has residue index 108
Residue to Mutate GLYA114 has residue index 112
Residue to Mutate GLYA114 has residue index 112
Residue to Mutate GLYA114 has residue index 112
Residue to Mutate GLYA114 has residue index 112
Residue to Mutate GLYA114 has residue index 112
Residue to Mutate GLYA114 has residue index 112
Residue to Mutate GLYA114 has residue index 112
Residue to Mutate GLYA114 has residue index 112
Residue to Mutate GLYA114 has residue index 112
Residue to Mutate GLYA114 has residue index 112
Residue to Mutate GLYA114 has residue index 112
Residue to Mutate GLYA114 has residue index 112
Residue to Mutate GLYA114 has residue index 112
Residue to Mutate GLYA114 has residue index 112
Residue to Mutate GLYA114 has residue index 112
Residue to Mutate GLYA114 has residue index 112
Residue to Mutate GLYA114 has residue index 112
Residue to Mutate GLYA114 has residue index 112
Residue to Mutate GLYA114 has residue index 112
Residue to Mutate GLYA116 has residue index 114
Residue to Mutate GLYA116 has residue index 114
Residue to Mutate GLYA116 has residue index 114
Residue to Mutate GLYA116 has residue index 114
Residue to Mutate GLYA116 has residue index 114
Residue to Mutate GLYA116 has residue index 114
Residue to Mutate GLYA116 has residue index 114
Residue to Mutate GLYA116 has residue index 114
Residue to Mutate GLYA116 has residue index 114
Residue to Mutate GLYA116 has residue index 114
Residue to Mutate GLYA116 has residue index 114
Residue to Mutate GLYA116 has residue index 114
Residue to Mutate GLYA116 has residue index 114
Residue to Mutate GLYA116 has residue index 114
Residue to Mutate GLYA116 has residue index 114
Residue to Mutate GLYA116 has residue index 114
Residue to Mutate GLYA116 has residue index 114
Residue to Mutate GLYA116 has residue index 114
Residue to Mutate GLYA116 has residue index 114
Residue to Mutate GLYA138 has residue index 136
Residue to Mutate GLYA138 has residue index 136
Residue to Mutate GLYA138 has residue index 136
Residue to Mutate GLYA138 has residue index 136
Residue to Mutate GLYA138 has residue index 136
Residue to Mutate GLYA138 has residue index 136
Residue to Mutate GLYA138 has residue index 136
Mutating residue = GLYA110 into SER
Mutating residue = GLYA110 into THR
Mutating residue = GLYA110 into VAL
Mutating residue = GLYA110 into TRP
Mutating residue = GLYA110 into TYR
Mutating residue = GLYA114 into ALA
Mutating residue = GLYA114 into CYS
Mutating residue = GLYA114 into ASP
Mutating residue = GLYA114 into GLU
Mutating residue = GLYA114 into PHE
Mutating residue = GLYA114 into HIS
Mutating residue = GLYA114 into ILE
Mutating residue = GLYA114 into LYS
Mutating residue = GLYA114 into LEU
Mutating residue = GLYA114 into MET
Mutating residue = GLYA114 into ASN
Mutating residue = GLYA114 into PRO
Mutating residue = GLYA114 into GLN
Mutating residue = GLYA114 into ARG
Mutating residue = GLYA114 into SER
Mutating residue = GLYA114 into THR
Mutating residue = GLYA114 into VAL
Mutating residue = GLYA114 into TRP
Mutating residue = GLYA114 into TYR
Mutating residue = GLYA116 into ALA
Mutating residue = GLYA116 into CYS
Mutating residue = GLYA116 into ASP
Mutating residue = GLYA116 into GLU
Mutating residue = GLYA116 into PHE
Mutating residue = GLYA116 into HIS
Mutating residue = GLYA116 into ILE
Mutating residue = GLYA116 into LYS
Mutating residue = GLYA116 into LEU
Mutating residue = GLYA116 into MET
Mutating residue = GLYA116 into ASN
Mutating residue = GLYA116 into PRO
Mutating residue = GLYA116 into GLN
Mutating residue = GLYA116 into ARG
Mutating residue = GLYA116 into SER
Mutating residue = GLYA116 into THR
Mutating residue = GLYA116 into VAL
Mutating residue = GLYA116 into TRP
Mutating residue = GLYA116 into TYR
Mutating residue = GLYA138 into ALA
Mutating residue = GLYA138 into CYS
Mutating residue = GLYA138 into ASP
Mutating residue = GLYA138 into GLU
Mutating residue = GLYA138 into PHE
Mutating residue = GLYA138 into HIS
Mutating residue = GLYA138 into ILE
Your file run OK
End time of FoldX: Sat May  9 16:23:26 2026
Total time spend: 363.54 seconds.
validated file "RUBISCO_1.pdb" => successfully finished
validated file "RUBISCO_2.pdb" => successfully finished
validated file "RUBISCO_3.pdb" => successfully finished
validated file "RUBISCO_4.pdb" => successfully finished
validated file "RUBISCO_5.pdb" => successfully finished
validated file "RUBISCO_6.pdb" => successfully finished
validated file "RUBISCO_7.pdb" => successfully finished
validated file "RUBISCO_8.pdb" => successfully finished
validated file "RUBISCO_9.pdb" => successfully finished
validated file "RUBISCO_10.pdb" => successfully finished
validated file "RUBISCO_11.pdb" => successfully finished
validated file "RUBISCO_12.pdb" => successfully finished
validated file "RUBISCO_13.pdb" => successfully finished
validated file "RUBISCO_14.pdb" => successfully finished
validated file "RUBISCO_15.pdb" => successfully finished
validated file "RUBISCO_16.pdb" => successfully finished
validated file "RUBISCO_17.pdb" => successfully finished
validated file "RUBISCO_18.pdb" => successfully finished
validated file "RUBISCO_19.pdb" => successfully finished
validated file "RUBISCO_20.pdb" => successfully finished
validated file "RUBISCO_21.pdb" => successfully finished
validated file "RUBISCO_22.pdb" => successfully finished
validated file "RUBISCO_23.pdb" => successfully finished
validated file "RUBISCO_24.pdb" => successfully finished
validated file "RUBISCO_25.pdb" => successfully finished
validated file "RUBISCO_26.pdb" => successfully finished
validated file "RUBISCO_27.pdb" => successfully finished
validated file "RUBISCO_28.pdb" => successfully finished
validated file "RUBISCO_29.pdb" => successfully finished
validated file "RUBISCO_30.pdb" => successfully finished
validated file "RUBISCO_31.pdb" => successfully finished
validated file "RUBISCO_32.pdb" => successfully finished
validated file "RUBISCO_33.pdb" => successfully finished
validated file "RUBISCO_34.pdb" => successfully finished
validated file "RUBISCO_35.pdb" => successfully finished
validated file "RUBISCO_36.pdb" => successfully finished
validated file "RUBISCO_37.pdb" => successfully finished
validated file "RUBISCO_38.pdb" => successfully finished
validated file "RUBISCO_39.pdb" => successfully finished
validated file "RUBISCO_40.pdb" => successfully finished
validated file "RUBISCO_41.pdb" => successfully finished
validated file "RUBISCO_42.pdb" => successfully finished
validated file "RUBISCO_43.pdb" => successfully finished
validated file "RUBISCO_44.pdb" => successfully finished
validated file "RUBISCO_45.pdb" => successfully finished
validated file "RUBISCO_46.pdb" => successfully finished
validated file "RUBISCO_47.pdb" => successfully finished
validated file "RUBISCO_48.pdb" => successfully finished
validated file "RUBISCO_49.pdb" => successfully finished
validated file "RUBISCO_50.pdb" => successfully finished
Cleaning BuildModel...DONE
任务 56 结果提取成功，已映射突变信息。
