   ********************************************
   ***                                      ***
   ***             FoldX 5.1 (c)            ***
   ***                                      ***
   ***     code by the FoldX Consortium     ***
   ***                                      ***
   ***     Jesper Borg, Frederic Rousseau   ***
   ***    Joost Schymkowitz, Luis Serrano   ***
   ***    Peter Vanhee, Erik Verschueren    ***
   ***     Lies Baeten, Javier Delgado      ***
   ***       and Francois Stricher          ***
   *** and any other of the 9! permutations ***
   ***   based on an original concept by    ***
   ***   Raphael Guerois and Luis Serrano   ***
   ********************************************

1 models read: RUBISCO.pdb
1 models read: RUBISCO.pdb
number of incomplete residues = 1
completing sidechain atoms of THRA460

BackHbond       =               -382.57
SideHbond       =               -129.71
Energy_VdW      =               -1065.60
Electro         =               -51.93
Energy_SolvP    =               1571.50
Energy_SolvH    =               -1376.92
Energy_vdwclash =               406.55
energy_torsion  =               216.35
backbone_vdwclash=              749.49
Entropy_sidec   =               479.20
Entropy_mainc   =               1700.40
water bonds     =               0.00
helix dipole    =               -0.84
loop_entropy    =               0.00
cis_bond        =               2.25
disulfide       =               0.00
kn electrostatic=               -0.05
partial covalent interactions = -0.82
Energy_Ionisation =             3.55
Entropy Complex =               0.00
-----------------------------------------------------------
Total          = 				  1371.34

number of incomplete residues = 1
completing sidechain atoms of THRA460

BackHbond       =               -382.57
SideHbond       =               -129.71
Energy_VdW      =               -1065.60
Electro         =               -51.93
Energy_SolvP    =               1571.50
Energy_SolvH    =               -1376.92
Energy_vdwclash =               406.55
energy_torsion  =               216.35
backbone_vdwclash=              749.49
Entropy_sidec   =               479.20
Entropy_mainc   =               1700.40
water bonds     =               0.00
helix dipole    =               -0.84
loop_entropy    =               0.00
cis_bond        =               2.25
disulfide       =               0.00
kn electrostatic=               -0.05
partial covalent interactions = -0.82
Energy_Ionisation =             3.55
Entropy Complex =               0.00
-----------------------------------------------------------
Total          = 				  1371.34

Starting BuildModel
Reading KA310Y;
Reading KA31A;
Reading KA31C;
Reading KA31D;
Reading KA31E;
Reading KA31F;
Reading KA31G;
Reading KA31H;
Reading KA31I;
Reading KA31L;
Reading KA31M;
Reading KA31N;
Reading KA31P;
Reading KA31Q;
Reading KA31R;
Reading KA31S;
Reading KA31T;
Reading KA31V;
Reading KA31W;
Reading KA31Y;
Reading KA329A;
Reading KA329C;
Reading KA329D;
Reading KA329E;
Reading KA329F;
Reading KA329G;
Reading KA329H;
Reading KA329I;
Reading KA329L;
Reading KA329M;
Reading KA329N;
Reading KA329P;
Reading KA329Q;
Reading KA329R;
Reading KA329S;
Reading KA329T;
Reading KA329V;
Reading KA329W;
Reading KA329Y;
Reading KA33A;
Reading KA33C;
Reading KA33D;
Reading KA33E;
Reading KA33F;
Reading KA33G;
Reading KA33H;
Reading KA33I;
Reading KA33L;
Reading KA33M;
Reading KA33N;
Residue to Mutate LYSA310 has residue index 308
Residue to Mutate LYSA31 has residue index 29
Residue to Mutate LYSA31 has residue index 29
Residue to Mutate LYSA31 has residue index 29
Residue to Mutate LYSA31 has residue index 29
Residue to Mutate LYSA31 has residue index 29
Residue to Mutate LYSA31 has residue index 29
Residue to Mutate LYSA31 has residue index 29
Residue to Mutate LYSA31 has residue index 29
Residue to Mutate LYSA31 has residue index 29
Residue to Mutate LYSA31 has residue index 29
Residue to Mutate LYSA31 has residue index 29
Residue to Mutate LYSA31 has residue index 29
Residue to Mutate LYSA31 has residue index 29
Residue to Mutate LYSA31 has residue index 29
Residue to Mutate LYSA31 has residue index 29
Residue to Mutate LYSA31 has residue index 29
Residue to Mutate LYSA31 has residue index 29
Residue to Mutate LYSA31 has residue index 29
Residue to Mutate LYSA31 has residue index 29
Residue to Mutate LYSA329 has residue index 327
Residue to Mutate LYSA329 has residue index 327
Residue to Mutate LYSA329 has residue index 327
Residue to Mutate LYSA329 has residue index 327
Residue to Mutate LYSA329 has residue index 327
Residue to Mutate LYSA329 has residue index 327
Residue to Mutate LYSA329 has residue index 327
Residue to Mutate LYSA329 has residue index 327
Residue to Mutate LYSA329 has residue index 327
Residue to Mutate LYSA329 has residue index 327
Residue to Mutate LYSA329 has residue index 327
Residue to Mutate LYSA329 has residue index 327
Residue to Mutate LYSA329 has residue index 327
Residue to Mutate LYSA329 has residue index 327
Residue to Mutate LYSA329 has residue index 327
Residue to Mutate LYSA329 has residue index 327
Residue to Mutate LYSA329 has residue index 327
Residue to Mutate LYSA329 has residue index 327
Residue to Mutate LYSA329 has residue index 327
Residue to Mutate LYSA33 has residue index 31
Residue to Mutate LYSA33 has residue index 31
Residue to Mutate LYSA33 has residue index 31
Residue to Mutate LYSA33 has residue index 31
Residue to Mutate LYSA33 has residue index 31
Residue to Mutate LYSA33 has residue index 31
Residue to Mutate LYSA33 has residue index 31
Residue to Mutate LYSA33 has residue index 31
Residue to Mutate LYSA33 has residue index 31
Residue to Mutate LYSA33 has residue index 31
Residue to Mutate LYSA33 has residue index 31
Mutating residue = LYSA310 into TYR
Mutating residue = LYSA31 into ALA
Mutating residue = LYSA31 into CYS
Mutating residue = LYSA31 into ASP
Mutating residue = LYSA31 into GLU
Mutating residue = LYSA31 into PHE
Mutating residue = LYSA31 into GLY
Mutating residue = LYSA31 into HIS
Mutating residue = LYSA31 into ILE
Mutating residue = LYSA31 into LEU
Mutating residue = LYSA31 into MET
Mutating residue = LYSA31 into ASN
Mutating residue = LYSA31 into PRO
Mutating residue = LYSA31 into GLN
Mutating residue = LYSA31 into ARG
Mutating residue = LYSA31 into SER
Mutating residue = LYSA31 into THR
Mutating residue = LYSA31 into VAL
Mutating residue = LYSA31 into TRP
Mutating residue = LYSA31 into TYR
Mutating residue = LYSA329 into ALA
Mutating residue = LYSA329 into CYS
Mutating residue = LYSA329 into ASP
Mutating residue = LYSA329 into GLU
Mutating residue = LYSA329 into PHE
Mutating residue = LYSA329 into GLY
Mutating residue = LYSA329 into HIS
Mutating residue = LYSA329 into ILE
Mutating residue = LYSA329 into LEU
Mutating residue = LYSA329 into MET
Mutating residue = LYSA329 into ASN
Mutating residue = LYSA329 into PRO
Mutating residue = LYSA329 into GLN
Mutating residue = LYSA329 into ARG
Mutating residue = LYSA329 into SER
Mutating residue = LYSA329 into THR
Mutating residue = LYSA329 into VAL
Mutating residue = LYSA329 into TRP
Mutating residue = LYSA329 into TYR
Mutating residue = LYSA33 into ALA
Mutating residue = LYSA33 into CYS
Mutating residue = LYSA33 into ASP
Mutating residue = LYSA33 into GLU
Mutating residue = LYSA33 into PHE
Mutating residue = LYSA33 into GLY
Mutating residue = LYSA33 into HIS
Mutating residue = LYSA33 into ILE
Mutating residue = LYSA33 into LEU
Mutating residue = LYSA33 into MET
Mutating residue = LYSA33 into ASN
Your file run OK
End time of FoldX: Sat May  9 16:28:58 2026
Total time spend: 695.65 seconds.
validated file "RUBISCO_1.pdb" => successfully finished
validated file "RUBISCO_2.pdb" => successfully finished
validated file "RUBISCO_3.pdb" => successfully finished
validated file "RUBISCO_4.pdb" => successfully finished
validated file "RUBISCO_5.pdb" => successfully finished
validated file "RUBISCO_6.pdb" => successfully finished
validated file "RUBISCO_7.pdb" => successfully finished
validated file "RUBISCO_8.pdb" => successfully finished
validated file "RUBISCO_9.pdb" => successfully finished
validated file "RUBISCO_10.pdb" => successfully finished
validated file "RUBISCO_11.pdb" => successfully finished
validated file "RUBISCO_12.pdb" => successfully finished
validated file "RUBISCO_13.pdb" => successfully finished
validated file "RUBISCO_14.pdb" => successfully finished
validated file "RUBISCO_15.pdb" => successfully finished
validated file "RUBISCO_16.pdb" => successfully finished
validated file "RUBISCO_17.pdb" => successfully finished
validated file "RUBISCO_18.pdb" => successfully finished
validated file "RUBISCO_19.pdb" => successfully finished
validated file "RUBISCO_20.pdb" => successfully finished
validated file "RUBISCO_21.pdb" => successfully finished
validated file "RUBISCO_22.pdb" => successfully finished
validated file "RUBISCO_23.pdb" => successfully finished
validated file "RUBISCO_24.pdb" => successfully finished
validated file "RUBISCO_25.pdb" => successfully finished
validated file "RUBISCO_26.pdb" => successfully finished
validated file "RUBISCO_27.pdb" => successfully finished
validated file "RUBISCO_28.pdb" => successfully finished
validated file "RUBISCO_29.pdb" => successfully finished
validated file "RUBISCO_30.pdb" => successfully finished
validated file "RUBISCO_31.pdb" => successfully finished
validated file "RUBISCO_32.pdb" => successfully finished
validated file "RUBISCO_33.pdb" => successfully finished
validated file "RUBISCO_34.pdb" => successfully finished
validated file "RUBISCO_35.pdb" => successfully finished
validated file "RUBISCO_36.pdb" => successfully finished
validated file "RUBISCO_37.pdb" => successfully finished
validated file "RUBISCO_38.pdb" => successfully finished
validated file "RUBISCO_39.pdb" => successfully finished
validated file "RUBISCO_40.pdb" => successfully finished
validated file "RUBISCO_41.pdb" => successfully finished
validated file "RUBISCO_42.pdb" => successfully finished
validated file "RUBISCO_43.pdb" => successfully finished
validated file "RUBISCO_44.pdb" => successfully finished
validated file "RUBISCO_45.pdb" => successfully finished
validated file "RUBISCO_46.pdb" => successfully finished
validated file "RUBISCO_47.pdb" => successfully finished
validated file "RUBISCO_48.pdb" => successfully finished
validated file "RUBISCO_49.pdb" => successfully finished
validated file "RUBISCO_50.pdb" => successfully finished
Cleaning BuildModel...DONE
任务 91 结果提取成功，已映射突变信息。
