   ********************************************
   ***                                      ***
   ***             FoldX 5.1 (c)            ***
   ***                                      ***
   ***     code by the FoldX Consortium     ***
   ***                                      ***
   ***     Jesper Borg, Frederic Rousseau   ***
   ***    Joost Schymkowitz, Luis Serrano   ***
   ***    Peter Vanhee, Erik Verschueren    ***
   ***     Lies Baeten, Javier Delgado      ***
   ***       and Francois Stricher          ***
   *** and any other of the 9! permutations ***
   ***   based on an original concept by    ***
   ***   Raphael Guerois and Luis Serrano   ***
   ********************************************

1 models read: RUBISCO.pdb
1 models read: RUBISCO.pdb
number of incomplete residues = 1
completing sidechain atoms of THRA460

BackHbond       =               -382.57
SideHbond       =               -129.71
Energy_VdW      =               -1065.60
Electro         =               -51.93
Energy_SolvP    =               1571.50
Energy_SolvH    =               -1376.92
Energy_vdwclash =               406.55
energy_torsion  =               216.35
backbone_vdwclash=              749.49
Entropy_sidec   =               479.20
Entropy_mainc   =               1700.40
water bonds     =               0.00
helix dipole    =               -0.84
loop_entropy    =               0.00
cis_bond        =               2.25
disulfide       =               0.00
kn electrostatic=               -0.05
partial covalent interactions = -0.82
Energy_Ionisation =             3.55
Entropy Complex =               0.00
-----------------------------------------------------------
Total          = 				  1371.34

number of incomplete residues = 1
completing sidechain atoms of THRA460

BackHbond       =               -382.57
SideHbond       =               -129.71
Energy_VdW      =               -1065.60
Electro         =               -51.93
Energy_SolvP    =               1571.50
Energy_SolvH    =               -1376.92
Energy_vdwclash =               406.55
energy_torsion  =               216.35
backbone_vdwclash=              749.49
Entropy_sidec   =               479.20
Entropy_mainc   =               1700.40
water bonds     =               0.00
helix dipole    =               -0.84
loop_entropy    =               0.00
cis_bond        =               2.25
disulfide       =               0.00
kn electrostatic=               -0.05
partial covalent interactions = -0.82
Energy_Ionisation =             3.55
Entropy Complex =               0.00
-----------------------------------------------------------
Total          = 				  1371.34

Starting BuildModel
Reading RA375M;
Reading RA375N;
Reading RA375P;
Reading RA375Q;
Reading RA375S;
Reading RA375T;
Reading RA375V;
Reading RA375W;
Reading RA375Y;
Reading RA408C;
Reading RA408D;
Reading RA408E;
Reading RA408F;
Reading RA408G;
Reading RA408H;
Reading RA408I;
Reading RA408K;
Reading RA408L;
Reading RA408M;
Reading RA408N;
Reading RA408Q;
Reading RA408S;
Reading RA408T;
Reading RA408V;
Reading RA408Y;
Reading RA411A;
Reading RA411C;
Reading RA411D;
Reading RA411E;
Reading RA411F;
Reading RA411G;
Reading RA411H;
Reading RA411I;
Reading RA411K;
Reading RA411L;
Reading RA411M;
Reading RA411N;
Reading RA411P;
Reading RA411Q;
Reading RA411S;
Reading RA411T;
Reading RA411V;
Reading RA411W;
Reading RA411Y;
Reading RA418A;
Reading RA418C;
Reading RA418D;
Reading RA418E;
Reading RA418F;
Reading RA418G;
Residue to Mutate ARGA375 has residue index 373
Residue to Mutate ARGA375 has residue index 373
Residue to Mutate ARGA375 has residue index 373
Residue to Mutate ARGA375 has residue index 373
Residue to Mutate ARGA375 has residue index 373
Residue to Mutate ARGA375 has residue index 373
Residue to Mutate ARGA375 has residue index 373
Residue to Mutate ARGA375 has residue index 373
Residue to Mutate ARGA375 has residue index 373
Residue to Mutate ARGA408 has residue index 406
Residue to Mutate ARGA408 has residue index 406
Residue to Mutate ARGA408 has residue index 406
Residue to Mutate ARGA408 has residue index 406
Residue to Mutate ARGA408 has residue index 406
Residue to Mutate ARGA408 has residue index 406
Residue to Mutate ARGA408 has residue index 406
Residue to Mutate ARGA408 has residue index 406
Residue to Mutate ARGA408 has residue index 406
Residue to Mutate ARGA408 has residue index 406
Residue to Mutate ARGA408 has residue index 406
Residue to Mutate ARGA408 has residue index 406
Residue to Mutate ARGA408 has residue index 406
Residue to Mutate ARGA408 has residue index 406
Residue to Mutate ARGA408 has residue index 406
Residue to Mutate ARGA408 has residue index 406
Residue to Mutate ARGA411 has residue index 409
Residue to Mutate ARGA411 has residue index 409
Residue to Mutate ARGA411 has residue index 409
Residue to Mutate ARGA411 has residue index 409
Residue to Mutate ARGA411 has residue index 409
Residue to Mutate ARGA411 has residue index 409
Residue to Mutate ARGA411 has residue index 409
Residue to Mutate ARGA411 has residue index 409
Residue to Mutate ARGA411 has residue index 409
Residue to Mutate ARGA411 has residue index 409
Residue to Mutate ARGA411 has residue index 409
Residue to Mutate ARGA411 has residue index 409
Residue to Mutate ARGA411 has residue index 409
Residue to Mutate ARGA411 has residue index 409
Residue to Mutate ARGA411 has residue index 409
Residue to Mutate ARGA411 has residue index 409
Residue to Mutate ARGA411 has residue index 409
Residue to Mutate ARGA411 has residue index 409
Residue to Mutate ARGA411 has residue index 409
Residue to Mutate ARGA418 has residue index 416
Residue to Mutate ARGA418 has residue index 416
Residue to Mutate ARGA418 has residue index 416
Residue to Mutate ARGA418 has residue index 416
Residue to Mutate ARGA418 has residue index 416
Residue to Mutate ARGA418 has residue index 416
Mutating residue = ARGA375 into MET
Mutating residue = ARGA375 into ASN
Mutating residue = ARGA375 into PRO
Mutating residue = ARGA375 into GLN
Mutating residue = ARGA375 into SER
Mutating residue = ARGA375 into THR
Mutating residue = ARGA375 into VAL
Mutating residue = ARGA375 into TRP
Mutating residue = ARGA375 into TYR
Mutating residue = ARGA408 into CYS
Mutating residue = ARGA408 into ASP
Mutating residue = ARGA408 into GLU
Mutating residue = ARGA408 into PHE
Mutating residue = ARGA408 into GLY
Mutating residue = ARGA408 into HIS
Mutating residue = ARGA408 into ILE
Mutating residue = ARGA408 into LYS
Mutating residue = ARGA408 into LEU
Mutating residue = ARGA408 into MET
Mutating residue = ARGA408 into ASN
Mutating residue = ARGA408 into GLN
Mutating residue = ARGA408 into SER
Mutating residue = ARGA408 into THR
Mutating residue = ARGA408 into VAL
Mutating residue = ARGA408 into TYR
Mutating residue = ARGA411 into ALA
Mutating residue = ARGA411 into CYS
Mutating residue = ARGA411 into ASP
Mutating residue = ARGA411 into GLU
Mutating residue = ARGA411 into PHE
Mutating residue = ARGA411 into GLY
Mutating residue = ARGA411 into HIS
Mutating residue = ARGA411 into ILE
Mutating residue = ARGA411 into LYS
Mutating residue = ARGA411 into LEU
Mutating residue = ARGA411 into MET
Mutating residue = ARGA411 into ASN
Mutating residue = ARGA411 into PRO
Mutating residue = ARGA411 into GLN
Mutating residue = ARGA411 into SER
Mutating residue = ARGA411 into THR
Mutating residue = ARGA411 into VAL
Mutating residue = ARGA411 into TRP
Mutating residue = ARGA411 into TYR
Mutating residue = ARGA418 into ALA
Mutating residue = ARGA418 into CYS
Mutating residue = ARGA418 into ASP
Mutating residue = ARGA418 into GLU
Mutating residue = ARGA418 into PHE
Mutating residue = ARGA418 into GLY
Your file run OK
End time of FoldX: Sat May  9 16:30:33 2026
Total time spend: 790.01 seconds.
validated file "RUBISCO_1.pdb" => successfully finished
validated file "RUBISCO_2.pdb" => successfully finished
validated file "RUBISCO_3.pdb" => successfully finished
validated file "RUBISCO_4.pdb" => successfully finished
validated file "RUBISCO_5.pdb" => successfully finished
validated file "RUBISCO_6.pdb" => successfully finished
validated file "RUBISCO_7.pdb" => successfully finished
validated file "RUBISCO_8.pdb" => successfully finished
validated file "RUBISCO_9.pdb" => successfully finished
validated file "RUBISCO_10.pdb" => successfully finished
validated file "RUBISCO_11.pdb" => successfully finished
validated file "RUBISCO_12.pdb" => successfully finished
validated file "RUBISCO_13.pdb" => successfully finished
validated file "RUBISCO_14.pdb" => successfully finished
validated file "RUBISCO_15.pdb" => successfully finished
validated file "RUBISCO_16.pdb" => successfully finished
validated file "RUBISCO_17.pdb" => successfully finished
validated file "RUBISCO_18.pdb" => successfully finished
validated file "RUBISCO_19.pdb" => successfully finished
validated file "RUBISCO_20.pdb" => successfully finished
validated file "RUBISCO_21.pdb" => successfully finished
validated file "RUBISCO_22.pdb" => successfully finished
validated file "RUBISCO_23.pdb" => successfully finished
validated file "RUBISCO_24.pdb" => successfully finished
validated file "RUBISCO_25.pdb" => successfully finished
validated file "RUBISCO_26.pdb" => successfully finished
validated file "RUBISCO_27.pdb" => successfully finished
validated file "RUBISCO_28.pdb" => successfully finished
validated file "RUBISCO_29.pdb" => successfully finished
validated file "RUBISCO_30.pdb" => successfully finished
validated file "RUBISCO_31.pdb" => successfully finished
validated file "RUBISCO_32.pdb" => successfully finished
validated file "RUBISCO_33.pdb" => successfully finished
validated file "RUBISCO_34.pdb" => successfully finished
validated file "RUBISCO_35.pdb" => successfully finished
validated file "RUBISCO_36.pdb" => successfully finished
validated file "RUBISCO_37.pdb" => successfully finished
validated file "RUBISCO_38.pdb" => successfully finished
validated file "RUBISCO_39.pdb" => successfully finished
validated file "RUBISCO_40.pdb" => successfully finished
validated file "RUBISCO_41.pdb" => successfully finished
validated file "RUBISCO_42.pdb" => successfully finished
validated file "RUBISCO_43.pdb" => successfully finished
validated file "RUBISCO_44.pdb" => successfully finished
validated file "RUBISCO_45.pdb" => successfully finished
validated file "RUBISCO_46.pdb" => successfully finished
validated file "RUBISCO_47.pdb" => successfully finished
validated file "RUBISCO_48.pdb" => successfully finished
validated file "RUBISCO_49.pdb" => successfully finished
validated file "RUBISCO_50.pdb" => successfully finished
Cleaning BuildModel...DONE
任务 136 结果提取成功，已映射突变信息。
