   ********************************************
   ***                                      ***
   ***             FoldX 5.1 (c)            ***
   ***                                      ***
   ***     code by the FoldX Consortium     ***
   ***                                      ***
   ***     Jesper Borg, Frederic Rousseau   ***
   ***    Joost Schymkowitz, Luis Serrano   ***
   ***    Peter Vanhee, Erik Verschueren    ***
   ***     Lies Baeten, Javier Delgado      ***
   ***       and Francois Stricher          ***
   *** and any other of the 9! permutations ***
   ***   based on an original concept by    ***
   ***   Raphael Guerois and Luis Serrano   ***
   ********************************************

1 models read: RUBISCO.pdb
1 models read: RUBISCO.pdb
number of incomplete residues = 1
completing sidechain atoms of THRA460

BackHbond       =               -382.57
SideHbond       =               -129.71
Energy_VdW      =               -1065.60
Electro         =               -51.93
Energy_SolvP    =               1571.50
Energy_SolvH    =               -1376.92
Energy_vdwclash =               406.55
energy_torsion  =               216.35
backbone_vdwclash=              749.49
Entropy_sidec   =               479.20
Entropy_mainc   =               1700.40
water bonds     =               0.00
helix dipole    =               -0.84
loop_entropy    =               0.00
cis_bond        =               2.25
disulfide       =               0.00
kn electrostatic=               -0.05
partial covalent interactions = -0.82
Energy_Ionisation =             3.55
Entropy Complex =               0.00
-----------------------------------------------------------
Total          = 				  1371.34

number of incomplete residues = 1
completing sidechain atoms of THRA460

BackHbond       =               -382.57
SideHbond       =               -129.71
Energy_VdW      =               -1065.60
Electro         =               -51.93
Energy_SolvP    =               1571.50
Energy_SolvH    =               -1376.92
Energy_vdwclash =               406.55
energy_torsion  =               216.35
backbone_vdwclash=              749.49
Entropy_sidec   =               479.20
Entropy_mainc   =               1700.40
water bonds     =               0.00
helix dipole    =               -0.84
loop_entropy    =               0.00
cis_bond        =               2.25
disulfide       =               0.00
kn electrostatic=               -0.05
partial covalent interactions = -0.82
Energy_Ionisation =             3.55
Entropy Complex =               0.00
-----------------------------------------------------------
Total          = 				  1371.34

Starting BuildModel
Reading EA458T;
Reading EA458V;
Reading EA458W;
Reading EA458Y;
Reading EA48A;
Reading EA48C;
Reading EA48D;
Reading EA48F;
Reading EA48G;
Reading EA48H;
Reading EA48I;
Reading EA48K;
Reading EA48L;
Reading EA48M;
Reading EA48N;
Reading EA48P;
Reading EA48Q;
Reading EA48R;
Reading EA48S;
Reading EA48T;
Reading EA48V;
Reading EA48W;
Reading EA48Y;
Reading EA56A;
Reading EA56C;
Reading EA56D;
Reading EA56F;
Reading EA56G;
Reading EA56H;
Reading EA56I;
Reading EA56K;
Reading EA56L;
Reading EA56M;
Reading EA56N;
Reading EA56P;
Reading EA56Q;
Reading EA56R;
Reading EA56S;
Reading EA56T;
Reading EA56V;
Reading EA56W;
Reading EA56Y;
Reading EA73A;
Reading EA73C;
Reading EA73D;
Reading EA73F;
Reading EA73G;
Reading EA73H;
Reading EA73I;
Reading EA73K;
Residue to Mutate GLUA458 has residue index 456
Residue to Mutate GLUA458 has residue index 456
Residue to Mutate GLUA458 has residue index 456
Residue to Mutate GLUA458 has residue index 456
Residue to Mutate GLUA48 has residue index 46
Residue to Mutate GLUA48 has residue index 46
Residue to Mutate GLUA48 has residue index 46
Residue to Mutate GLUA48 has residue index 46
Residue to Mutate GLUA48 has residue index 46
Residue to Mutate GLUA48 has residue index 46
Residue to Mutate GLUA48 has residue index 46
Residue to Mutate GLUA48 has residue index 46
Residue to Mutate GLUA48 has residue index 46
Residue to Mutate GLUA48 has residue index 46
Residue to Mutate GLUA48 has residue index 46
Residue to Mutate GLUA48 has residue index 46
Residue to Mutate GLUA48 has residue index 46
Residue to Mutate GLUA48 has residue index 46
Residue to Mutate GLUA48 has residue index 46
Residue to Mutate GLUA48 has residue index 46
Residue to Mutate GLUA48 has residue index 46
Residue to Mutate GLUA48 has residue index 46
Residue to Mutate GLUA48 has residue index 46
Residue to Mutate GLUA56 has residue index 54
Residue to Mutate GLUA56 has residue index 54
Residue to Mutate GLUA56 has residue index 54
Residue to Mutate GLUA56 has residue index 54
Residue to Mutate GLUA56 has residue index 54
Residue to Mutate GLUA56 has residue index 54
Residue to Mutate GLUA56 has residue index 54
Residue to Mutate GLUA56 has residue index 54
Residue to Mutate GLUA56 has residue index 54
Residue to Mutate GLUA56 has residue index 54
Residue to Mutate GLUA56 has residue index 54
Residue to Mutate GLUA56 has residue index 54
Residue to Mutate GLUA56 has residue index 54
Residue to Mutate GLUA56 has residue index 54
Residue to Mutate GLUA56 has residue index 54
Residue to Mutate GLUA56 has residue index 54
Residue to Mutate GLUA56 has residue index 54
Residue to Mutate GLUA56 has residue index 54
Residue to Mutate GLUA56 has residue index 54
Residue to Mutate GLUA73 has residue index 71
Residue to Mutate GLUA73 has residue index 71
Residue to Mutate GLUA73 has residue index 71
Residue to Mutate GLUA73 has residue index 71
Residue to Mutate GLUA73 has residue index 71
Residue to Mutate GLUA73 has residue index 71
Residue to Mutate GLUA73 has residue index 71
Residue to Mutate GLUA73 has residue index 71
Mutating residue = GLUA458 into THR
Mutating residue = GLUA458 into VAL
Mutating residue = GLUA458 into TRP
Mutating residue = GLUA458 into TYR
Mutating residue = GLUA48 into ALA
Mutating residue = GLUA48 into CYS
Mutating residue = GLUA48 into ASP
Mutating residue = GLUA48 into PHE
Mutating residue = GLUA48 into GLY
Mutating residue = GLUA48 into HIS
Mutating residue = GLUA48 into ILE
Mutating residue = GLUA48 into LYS
Mutating residue = GLUA48 into LEU
Mutating residue = GLUA48 into MET
Mutating residue = GLUA48 into ASN
Mutating residue = GLUA48 into PRO
Mutating residue = GLUA48 into GLN
Mutating residue = GLUA48 into ARG
Mutating residue = GLUA48 into SER
Mutating residue = GLUA48 into THR
Mutating residue = GLUA48 into VAL
Mutating residue = GLUA48 into TRP
Mutating residue = GLUA48 into TYR
Mutating residue = GLUA56 into ALA
Mutating residue = GLUA56 into CYS
Mutating residue = GLUA56 into ASP
Mutating residue = GLUA56 into PHE
Mutating residue = GLUA56 into GLY
Mutating residue = GLUA56 into HIS
Mutating residue = GLUA56 into ILE
Mutating residue = GLUA56 into LYS
Mutating residue = GLUA56 into LEU
Mutating residue = GLUA56 into MET
Mutating residue = GLUA56 into ASN
Mutating residue = GLUA56 into PRO
Mutating residue = GLUA56 into GLN
Mutating residue = GLUA56 into ARG
Mutating residue = GLUA56 into SER
Mutating residue = GLUA56 into THR
Mutating residue = GLUA56 into VAL
Mutating residue = GLUA56 into TRP
Mutating residue = GLUA56 into TYR
Mutating residue = GLUA73 into ALA
Mutating residue = GLUA73 into CYS
Mutating residue = GLUA73 into ASP
Mutating residue = GLUA73 into PHE
Mutating residue = GLUA73 into GLY
Mutating residue = GLUA73 into HIS
Mutating residue = GLUA73 into ILE
Mutating residue = GLUA73 into LYS
Your file run OK
End time of FoldX: Sat May  9 16:26:08 2026
Total time spend: 526.74 seconds.
validated file "RUBISCO_1.pdb" => successfully finished
validated file "RUBISCO_2.pdb" => successfully finished
validated file "RUBISCO_3.pdb" => successfully finished
validated file "RUBISCO_4.pdb" => successfully finished
validated file "RUBISCO_5.pdb" => successfully finished
validated file "RUBISCO_6.pdb" => successfully finished
validated file "RUBISCO_7.pdb" => successfully finished
validated file "RUBISCO_8.pdb" => successfully finished
validated file "RUBISCO_9.pdb" => successfully finished
validated file "RUBISCO_10.pdb" => successfully finished
validated file "RUBISCO_11.pdb" => successfully finished
validated file "RUBISCO_12.pdb" => successfully finished
validated file "RUBISCO_13.pdb" => successfully finished
validated file "RUBISCO_14.pdb" => successfully finished
validated file "RUBISCO_15.pdb" => successfully finished
validated file "RUBISCO_16.pdb" => successfully finished
validated file "RUBISCO_17.pdb" => successfully finished
validated file "RUBISCO_18.pdb" => successfully finished
validated file "RUBISCO_19.pdb" => successfully finished
validated file "RUBISCO_20.pdb" => successfully finished
validated file "RUBISCO_21.pdb" => successfully finished
validated file "RUBISCO_22.pdb" => successfully finished
validated file "RUBISCO_23.pdb" => successfully finished
validated file "RUBISCO_24.pdb" => successfully finished
validated file "RUBISCO_25.pdb" => successfully finished
validated file "RUBISCO_26.pdb" => successfully finished
validated file "RUBISCO_27.pdb" => successfully finished
validated file "RUBISCO_28.pdb" => successfully finished
validated file "RUBISCO_29.pdb" => successfully finished
validated file "RUBISCO_30.pdb" => successfully finished
validated file "RUBISCO_31.pdb" => successfully finished
validated file "RUBISCO_32.pdb" => successfully finished
validated file "RUBISCO_33.pdb" => successfully finished
validated file "RUBISCO_34.pdb" => successfully finished
validated file "RUBISCO_35.pdb" => successfully finished
validated file "RUBISCO_36.pdb" => successfully finished
validated file "RUBISCO_37.pdb" => successfully finished
validated file "RUBISCO_38.pdb" => successfully finished
validated file "RUBISCO_39.pdb" => successfully finished
validated file "RUBISCO_40.pdb" => successfully finished
validated file "RUBISCO_41.pdb" => successfully finished
validated file "RUBISCO_42.pdb" => successfully finished
validated file "RUBISCO_43.pdb" => successfully finished
validated file "RUBISCO_44.pdb" => successfully finished
validated file "RUBISCO_45.pdb" => successfully finished
validated file "RUBISCO_46.pdb" => successfully finished
validated file "RUBISCO_47.pdb" => successfully finished
validated file "RUBISCO_48.pdb" => successfully finished
validated file "RUBISCO_49.pdb" => successfully finished
validated file "RUBISCO_50.pdb" => successfully finished
Cleaning BuildModel...DONE
任务 45 结果提取成功，已映射突变信息。
