   ********************************************
   ***                                      ***
   ***             FoldX 5.1 (c)            ***
   ***                                      ***
   ***     code by the FoldX Consortium     ***
   ***                                      ***
   ***     Jesper Borg, Frederic Rousseau   ***
   ***    Joost Schymkowitz, Luis Serrano   ***
   ***    Peter Vanhee, Erik Verschueren    ***
   ***     Lies Baeten, Javier Delgado      ***
   ***       and Francois Stricher          ***
   *** and any other of the 9! permutations ***
   ***   based on an original concept by    ***
   ***   Raphael Guerois and Luis Serrano   ***
   ********************************************

1 models read: RUBISCO.pdb
1 models read: RUBISCO.pdb
number of incomplete residues = 1
completing sidechain atoms of THRA460

BackHbond       =               -382.57
SideHbond       =               -129.71
Energy_VdW      =               -1065.60
Electro         =               -51.93
Energy_SolvP    =               1571.50
Energy_SolvH    =               -1376.92
Energy_vdwclash =               406.55
energy_torsion  =               216.35
backbone_vdwclash=              749.49
Entropy_sidec   =               479.20
Entropy_mainc   =               1700.40
water bonds     =               0.00
helix dipole    =               -0.84
loop_entropy    =               0.00
cis_bond        =               2.25
disulfide       =               0.00
kn electrostatic=               -0.05
partial covalent interactions = -0.82
Energy_Ionisation =             3.55
Entropy Complex =               0.00
-----------------------------------------------------------
Total          = 				  1371.34

number of incomplete residues = 1
completing sidechain atoms of THRA460

BackHbond       =               -382.57
SideHbond       =               -129.71
Energy_VdW      =               -1065.60
Electro         =               -51.93
Energy_SolvP    =               1571.50
Energy_SolvH    =               -1376.92
Energy_vdwclash =               406.55
energy_torsion  =               216.35
backbone_vdwclash=              749.49
Entropy_sidec   =               479.20
Entropy_mainc   =               1700.40
water bonds     =               0.00
helix dipole    =               -0.84
loop_entropy    =               0.00
cis_bond        =               2.25
disulfide       =               0.00
kn electrostatic=               -0.05
partial covalent interactions = -0.82
Energy_Ionisation =             3.55
Entropy Complex =               0.00
-----------------------------------------------------------
Total          = 				  1371.34

Starting BuildModel
Reading TA207Y;
Reading TA222A;
Reading TA222C;
Reading TA222D;
Reading TA222E;
Reading TA222F;
Reading TA222G;
Reading TA222H;
Reading TA222I;
Reading TA222K;
Reading TA222L;
Reading TA222M;
Reading TA222N;
Reading TA222P;
Reading TA222Q;
Reading TA222R;
Reading TA222S;
Reading TA222V;
Reading TA222W;
Reading TA222Y;
Reading TA233A;
Reading TA233C;
Reading TA233D;
Reading TA233E;
Reading TA233F;
Reading TA233G;
Reading TA233H;
Reading TA233I;
Reading TA233K;
Reading TA233L;
Reading TA233M;
Reading TA233N;
Reading TA233P;
Reading TA233Q;
Reading TA233R;
Reading TA233S;
Reading TA233V;
Reading TA233W;
Reading TA233Y;
Reading TA250A;
Reading TA250C;
Reading TA250D;
Reading TA250E;
Reading TA250F;
Reading TA250G;
Reading TA250H;
Reading TA250I;
Reading TA250K;
Reading TA250L;
Reading TA250M;
Residue to Mutate THRA207 has residue index 205
Residue to Mutate THRA222 has residue index 220
Residue to Mutate THRA222 has residue index 220
Residue to Mutate THRA222 has residue index 220
Residue to Mutate THRA222 has residue index 220
Residue to Mutate THRA222 has residue index 220
Residue to Mutate THRA222 has residue index 220
Residue to Mutate THRA222 has residue index 220
Residue to Mutate THRA222 has residue index 220
Residue to Mutate THRA222 has residue index 220
Residue to Mutate THRA222 has residue index 220
Residue to Mutate THRA222 has residue index 220
Residue to Mutate THRA222 has residue index 220
Residue to Mutate THRA222 has residue index 220
Residue to Mutate THRA222 has residue index 220
Residue to Mutate THRA222 has residue index 220
Residue to Mutate THRA222 has residue index 220
Residue to Mutate THRA222 has residue index 220
Residue to Mutate THRA222 has residue index 220
Residue to Mutate THRA222 has residue index 220
Residue to Mutate THRA233 has residue index 231
Residue to Mutate THRA233 has residue index 231
Residue to Mutate THRA233 has residue index 231
Residue to Mutate THRA233 has residue index 231
Residue to Mutate THRA233 has residue index 231
Residue to Mutate THRA233 has residue index 231
Residue to Mutate THRA233 has residue index 231
Residue to Mutate THRA233 has residue index 231
Residue to Mutate THRA233 has residue index 231
Residue to Mutate THRA233 has residue index 231
Residue to Mutate THRA233 has residue index 231
Residue to Mutate THRA233 has residue index 231
Residue to Mutate THRA233 has residue index 231
Residue to Mutate THRA233 has residue index 231
Residue to Mutate THRA233 has residue index 231
Residue to Mutate THRA233 has residue index 231
Residue to Mutate THRA233 has residue index 231
Residue to Mutate THRA233 has residue index 231
Residue to Mutate THRA233 has residue index 231
Residue to Mutate THRA250 has residue index 248
Residue to Mutate THRA250 has residue index 248
Residue to Mutate THRA250 has residue index 248
Residue to Mutate THRA250 has residue index 248
Residue to Mutate THRA250 has residue index 248
Residue to Mutate THRA250 has residue index 248
Residue to Mutate THRA250 has residue index 248
Residue to Mutate THRA250 has residue index 248
Residue to Mutate THRA250 has residue index 248
Residue to Mutate THRA250 has residue index 248
Residue to Mutate THRA250 has residue index 248
Mutating residue = THRA207 into TYR
Mutating residue = THRA222 into ALA
Mutating residue = THRA222 into CYS
Mutating residue = THRA222 into ASP
Mutating residue = THRA222 into GLU
Mutating residue = THRA222 into PHE
Mutating residue = THRA222 into GLY
Mutating residue = THRA222 into HIS
Mutating residue = THRA222 into ILE
Mutating residue = THRA222 into LYS
Mutating residue = THRA222 into LEU
Mutating residue = THRA222 into MET
Mutating residue = THRA222 into ASN
Mutating residue = THRA222 into PRO
Mutating residue = THRA222 into GLN
Mutating residue = THRA222 into ARG
Mutating residue = THRA222 into SER
Mutating residue = THRA222 into VAL
Mutating residue = THRA222 into TRP
Mutating residue = THRA222 into TYR
Mutating residue = THRA233 into ALA
Mutating residue = THRA233 into CYS
Mutating residue = THRA233 into ASP
Mutating residue = THRA233 into GLU
Mutating residue = THRA233 into PHE
Mutating residue = THRA233 into GLY
Mutating residue = THRA233 into HIS
Mutating residue = THRA233 into ILE
Mutating residue = THRA233 into LYS
Mutating residue = THRA233 into LEU
Mutating residue = THRA233 into MET
Mutating residue = THRA233 into ASN
Mutating residue = THRA233 into PRO
Mutating residue = THRA233 into GLN
Mutating residue = THRA233 into ARG
Mutating residue = THRA233 into SER
Mutating residue = THRA233 into VAL
Mutating residue = THRA233 into TRP
Mutating residue = THRA233 into TYR
Mutating residue = THRA250 into ALA
Mutating residue = THRA250 into CYS
Mutating residue = THRA250 into ASP
Mutating residue = THRA250 into GLU
Mutating residue = THRA250 into PHE
Mutating residue = THRA250 into GLY
Mutating residue = THRA250 into HIS
Mutating residue = THRA250 into ILE
Mutating residue = THRA250 into LYS
Mutating residue = THRA250 into LEU
Mutating residue = THRA250 into MET
Your file run OK
End time of FoldX: Sat May  9 16:20:58 2026
Total time spend: 216.16 seconds.
validated file "RUBISCO_1.pdb" => successfully finished
validated file "RUBISCO_2.pdb" => successfully finished
validated file "RUBISCO_3.pdb" => successfully finished
validated file "RUBISCO_4.pdb" => successfully finished
validated file "RUBISCO_5.pdb" => successfully finished
validated file "RUBISCO_6.pdb" => successfully finished
validated file "RUBISCO_7.pdb" => successfully finished
validated file "RUBISCO_8.pdb" => successfully finished
validated file "RUBISCO_9.pdb" => successfully finished
validated file "RUBISCO_10.pdb" => successfully finished
validated file "RUBISCO_11.pdb" => successfully finished
validated file "RUBISCO_12.pdb" => successfully finished
validated file "RUBISCO_13.pdb" => successfully finished
validated file "RUBISCO_14.pdb" => successfully finished
validated file "RUBISCO_15.pdb" => successfully finished
validated file "RUBISCO_16.pdb" => successfully finished
validated file "RUBISCO_17.pdb" => successfully finished
validated file "RUBISCO_18.pdb" => successfully finished
validated file "RUBISCO_19.pdb" => successfully finished
validated file "RUBISCO_20.pdb" => successfully finished
validated file "RUBISCO_21.pdb" => successfully finished
validated file "RUBISCO_22.pdb" => successfully finished
validated file "RUBISCO_23.pdb" => successfully finished
validated file "RUBISCO_24.pdb" => successfully finished
validated file "RUBISCO_25.pdb" => successfully finished
validated file "RUBISCO_26.pdb" => successfully finished
validated file "RUBISCO_27.pdb" => successfully finished
validated file "RUBISCO_28.pdb" => successfully finished
validated file "RUBISCO_29.pdb" => successfully finished
validated file "RUBISCO_30.pdb" => successfully finished
validated file "RUBISCO_31.pdb" => successfully finished
validated file "RUBISCO_32.pdb" => successfully finished
validated file "RUBISCO_33.pdb" => successfully finished
validated file "RUBISCO_34.pdb" => successfully finished
validated file "RUBISCO_35.pdb" => successfully finished
validated file "RUBISCO_36.pdb" => successfully finished
validated file "RUBISCO_37.pdb" => successfully finished
validated file "RUBISCO_38.pdb" => successfully finished
validated file "RUBISCO_39.pdb" => successfully finished
validated file "RUBISCO_40.pdb" => successfully finished
validated file "RUBISCO_41.pdb" => successfully finished
validated file "RUBISCO_42.pdb" => successfully finished
validated file "RUBISCO_43.pdb" => successfully finished
validated file "RUBISCO_44.pdb" => successfully finished
validated file "RUBISCO_45.pdb" => successfully finished
validated file "RUBISCO_46.pdb" => successfully finished
validated file "RUBISCO_47.pdb" => successfully finished
validated file "RUBISCO_48.pdb" => successfully finished
validated file "RUBISCO_49.pdb" => successfully finished
validated file "RUBISCO_50.pdb" => successfully finished
Cleaning BuildModel...DONE
任务 149 结果提取成功，已映射突变信息。
