   ********************************************
   ***                                      ***
   ***             FoldX 5.1 (c)            ***
   ***                                      ***
   ***     code by the FoldX Consortium     ***
   ***                                      ***
   ***     Jesper Borg, Frederic Rousseau   ***
   ***    Joost Schymkowitz, Luis Serrano   ***
   ***    Peter Vanhee, Erik Verschueren    ***
   ***     Lies Baeten, Javier Delgado      ***
   ***       and Francois Stricher          ***
   *** and any other of the 9! permutations ***
   ***   based on an original concept by    ***
   ***   Raphael Guerois and Luis Serrano   ***
   ********************************************

1 models read: RUBISCO.pdb
1 models read: RUBISCO.pdb
number of incomplete residues = 1
completing sidechain atoms of THRA460

BackHbond       =               -382.57
SideHbond       =               -129.71
Energy_VdW      =               -1065.60
Electro         =               -51.93
Energy_SolvP    =               1571.50
Energy_SolvH    =               -1376.92
Energy_vdwclash =               406.55
energy_torsion  =               216.35
backbone_vdwclash=              749.49
Entropy_sidec   =               479.20
Entropy_mainc   =               1700.40
water bonds     =               0.00
helix dipole    =               -0.84
loop_entropy    =               0.00
cis_bond        =               2.25
disulfide       =               0.00
kn electrostatic=               -0.05
partial covalent interactions = -0.82
Energy_Ionisation =             3.55
Entropy Complex =               0.00
-----------------------------------------------------------
Total          = 				  1371.34

number of incomplete residues = 1
completing sidechain atoms of THRA460

BackHbond       =               -382.57
SideHbond       =               -129.71
Energy_VdW      =               -1065.60
Electro         =               -51.93
Energy_SolvP    =               1571.50
Energy_SolvH    =               -1376.92
Energy_vdwclash =               406.55
energy_torsion  =               216.35
backbone_vdwclash=              749.49
Entropy_sidec   =               479.20
Entropy_mainc   =               1700.40
water bonds     =               0.00
helix dipole    =               -0.84
loop_entropy    =               0.00
cis_bond        =               2.25
disulfide       =               0.00
kn electrostatic=               -0.05
partial covalent interactions = -0.82
Energy_Ionisation =             3.55
Entropy Complex =               0.00
-----------------------------------------------------------
Total          = 				  1371.34

Starting BuildModel
Reading AA214F;
Reading AA214G;
Reading AA214H;
Reading AA214I;
Reading AA214K;
Reading AA214L;
Reading AA214M;
Reading AA214N;
Reading AA214P;
Reading AA214Q;
Reading AA214R;
Reading AA214S;
Reading AA214T;
Reading AA214V;
Reading AA214W;
Reading AA214Y;
Reading AA218C;
Reading AA218D;
Reading AA218E;
Reading AA218F;
Reading AA218G;
Reading AA218H;
Reading AA218I;
Reading AA218K;
Reading AA218L;
Reading AA218M;
Reading AA218N;
Reading AA218P;
Reading AA218Q;
Reading AA218R;
Reading AA218S;
Reading AA218T;
Reading AA218V;
Reading AA218W;
Reading AA218Y;
Reading AA225C;
Reading AA225D;
Reading AA225E;
Reading AA225F;
Reading AA225G;
Reading AA225H;
Reading AA225I;
Reading AA225K;
Reading AA225L;
Reading AA225M;
Reading AA225N;
Reading AA225P;
Reading AA225Q;
Reading AA225R;
Reading AA225S;
Residue to Mutate ALAA214 has residue index 212
Residue to Mutate ALAA214 has residue index 212
Residue to Mutate ALAA214 has residue index 212
Residue to Mutate ALAA214 has residue index 212
Residue to Mutate ALAA214 has residue index 212
Residue to Mutate ALAA214 has residue index 212
Residue to Mutate ALAA214 has residue index 212
Residue to Mutate ALAA214 has residue index 212
Residue to Mutate ALAA214 has residue index 212
Residue to Mutate ALAA214 has residue index 212
Residue to Mutate ALAA214 has residue index 212
Residue to Mutate ALAA214 has residue index 212
Residue to Mutate ALAA214 has residue index 212
Residue to Mutate ALAA214 has residue index 212
Residue to Mutate ALAA214 has residue index 212
Residue to Mutate ALAA214 has residue index 212
Residue to Mutate ALAA218 has residue index 216
Residue to Mutate ALAA218 has residue index 216
Residue to Mutate ALAA218 has residue index 216
Residue to Mutate ALAA218 has residue index 216
Residue to Mutate ALAA218 has residue index 216
Residue to Mutate ALAA218 has residue index 216
Residue to Mutate ALAA218 has residue index 216
Residue to Mutate ALAA218 has residue index 216
Residue to Mutate ALAA218 has residue index 216
Residue to Mutate ALAA218 has residue index 216
Residue to Mutate ALAA218 has residue index 216
Residue to Mutate ALAA218 has residue index 216
Residue to Mutate ALAA218 has residue index 216
Residue to Mutate ALAA218 has residue index 216
Residue to Mutate ALAA218 has residue index 216
Residue to Mutate ALAA218 has residue index 216
Residue to Mutate ALAA218 has residue index 216
Residue to Mutate ALAA218 has residue index 216
Residue to Mutate ALAA218 has residue index 216
Residue to Mutate ALAA225 has residue index 223
Residue to Mutate ALAA225 has residue index 223
Residue to Mutate ALAA225 has residue index 223
Residue to Mutate ALAA225 has residue index 223
Residue to Mutate ALAA225 has residue index 223
Residue to Mutate ALAA225 has residue index 223
Residue to Mutate ALAA225 has residue index 223
Residue to Mutate ALAA225 has residue index 223
Residue to Mutate ALAA225 has residue index 223
Residue to Mutate ALAA225 has residue index 223
Residue to Mutate ALAA225 has residue index 223
Residue to Mutate ALAA225 has residue index 223
Residue to Mutate ALAA225 has residue index 223
Residue to Mutate ALAA225 has residue index 223
Residue to Mutate ALAA225 has residue index 223
Mutating residue = ALAA214 into PHE
Mutating residue = ALAA214 into GLY
Mutating residue = ALAA214 into HIS
Mutating residue = ALAA214 into ILE
Mutating residue = ALAA214 into LYS
Mutating residue = ALAA214 into LEU
Mutating residue = ALAA214 into MET
Mutating residue = ALAA214 into ASN
Mutating residue = ALAA214 into PRO
Mutating residue = ALAA214 into GLN
Mutating residue = ALAA214 into ARG
Mutating residue = ALAA214 into SER
Mutating residue = ALAA214 into THR
Mutating residue = ALAA214 into VAL
Mutating residue = ALAA214 into TRP
Mutating residue = ALAA214 into TYR
Mutating residue = ALAA218 into CYS
Mutating residue = ALAA218 into ASP
Mutating residue = ALAA218 into GLU
Mutating residue = ALAA218 into PHE
Mutating residue = ALAA218 into GLY
Mutating residue = ALAA218 into HIS
Mutating residue = ALAA218 into ILE
Mutating residue = ALAA218 into LYS
Mutating residue = ALAA218 into LEU
Mutating residue = ALAA218 into MET
Mutating residue = ALAA218 into ASN
Mutating residue = ALAA218 into PRO
Mutating residue = ALAA218 into GLN
Mutating residue = ALAA218 into ARG
Mutating residue = ALAA218 into SER
Mutating residue = ALAA218 into THR
Mutating residue = ALAA218 into VAL
Mutating residue = ALAA218 into TRP
Mutating residue = ALAA218 into TYR
Mutating residue = ALAA225 into CYS
Mutating residue = ALAA225 into ASP
Mutating residue = ALAA225 into GLU
Mutating residue = ALAA225 into PHE
Mutating residue = ALAA225 into GLY
Mutating residue = ALAA225 into HIS
Mutating residue = ALAA225 into ILE
Mutating residue = ALAA225 into LYS
Mutating residue = ALAA225 into LEU
Mutating residue = ALAA225 into MET
Mutating residue = ALAA225 into ASN
Mutating residue = ALAA225 into PRO
Mutating residue = ALAA225 into GLN
Mutating residue = ALAA225 into ARG
Mutating residue = ALAA225 into SER
Your file run OK
End time of FoldX: Sat May  9 16:27:35 2026
Total time spend: 615.48 seconds.
validated file "RUBISCO_1.pdb" => successfully finished
validated file "RUBISCO_2.pdb" => successfully finished
validated file "RUBISCO_3.pdb" => successfully finished
validated file "RUBISCO_4.pdb" => successfully finished
validated file "RUBISCO_5.pdb" => successfully finished
validated file "RUBISCO_6.pdb" => successfully finished
validated file "RUBISCO_7.pdb" => successfully finished
validated file "RUBISCO_8.pdb" => successfully finished
validated file "RUBISCO_9.pdb" => successfully finished
validated file "RUBISCO_10.pdb" => successfully finished
validated file "RUBISCO_11.pdb" => successfully finished
validated file "RUBISCO_12.pdb" => successfully finished
validated file "RUBISCO_13.pdb" => successfully finished
validated file "RUBISCO_14.pdb" => successfully finished
validated file "RUBISCO_15.pdb" => successfully finished
validated file "RUBISCO_16.pdb" => successfully finished
validated file "RUBISCO_17.pdb" => successfully finished
validated file "RUBISCO_18.pdb" => successfully finished
validated file "RUBISCO_19.pdb" => successfully finished
validated file "RUBISCO_20.pdb" => successfully finished
validated file "RUBISCO_21.pdb" => successfully finished
validated file "RUBISCO_22.pdb" => successfully finished
validated file "RUBISCO_23.pdb" => successfully finished
validated file "RUBISCO_24.pdb" => successfully finished
validated file "RUBISCO_25.pdb" => successfully finished
validated file "RUBISCO_26.pdb" => successfully finished
validated file "RUBISCO_27.pdb" => successfully finished
validated file "RUBISCO_28.pdb" => successfully finished
validated file "RUBISCO_29.pdb" => successfully finished
validated file "RUBISCO_30.pdb" => successfully finished
validated file "RUBISCO_31.pdb" => successfully finished
validated file "RUBISCO_32.pdb" => successfully finished
validated file "RUBISCO_33.pdb" => successfully finished
validated file "RUBISCO_34.pdb" => successfully finished
validated file "RUBISCO_35.pdb" => successfully finished
validated file "RUBISCO_36.pdb" => successfully finished
validated file "RUBISCO_37.pdb" => successfully finished
validated file "RUBISCO_38.pdb" => successfully finished
validated file "RUBISCO_39.pdb" => successfully finished
validated file "RUBISCO_40.pdb" => successfully finished
validated file "RUBISCO_41.pdb" => successfully finished
validated file "RUBISCO_42.pdb" => successfully finished
validated file "RUBISCO_43.pdb" => successfully finished
validated file "RUBISCO_44.pdb" => successfully finished
validated file "RUBISCO_45.pdb" => successfully finished
validated file "RUBISCO_46.pdb" => successfully finished
validated file "RUBISCO_47.pdb" => successfully finished
validated file "RUBISCO_48.pdb" => successfully finished
validated file "RUBISCO_49.pdb" => successfully finished
validated file "RUBISCO_50.pdb" => successfully finished
Cleaning BuildModel...DONE
任务 6 结果提取成功，已映射突变信息。
