   ********************************************
   ***                                      ***
   ***             FoldX 5.1 (c)            ***
   ***                                      ***
   ***     code by the FoldX Consortium     ***
   ***                                      ***
   ***     Jesper Borg, Frederic Rousseau   ***
   ***    Joost Schymkowitz, Luis Serrano   ***
   ***    Peter Vanhee, Erik Verschueren    ***
   ***     Lies Baeten, Javier Delgado      ***
   ***       and Francois Stricher          ***
   *** and any other of the 9! permutations ***
   ***   based on an original concept by    ***
   ***   Raphael Guerois and Luis Serrano   ***
   ********************************************

1 models read: RUBISCO.pdb
1 models read: RUBISCO.pdb
number of incomplete residues = 1
completing sidechain atoms of THRA460

BackHbond       =               -382.57
SideHbond       =               -129.71
Energy_VdW      =               -1065.60
Electro         =               -51.93
Energy_SolvP    =               1571.50
Energy_SolvH    =               -1376.92
Energy_vdwclash =               406.55
energy_torsion  =               216.35
backbone_vdwclash=              749.49
Entropy_sidec   =               479.20
Entropy_mainc   =               1700.40
water bonds     =               0.00
helix dipole    =               -0.84
loop_entropy    =               0.00
cis_bond        =               2.25
disulfide       =               0.00
kn electrostatic=               -0.05
partial covalent interactions = -0.82
Energy_Ionisation =             3.55
Entropy Complex =               0.00
-----------------------------------------------------------
Total          = 				  1371.34

number of incomplete residues = 1
completing sidechain atoms of THRA460

BackHbond       =               -382.57
SideHbond       =               -129.71
Energy_VdW      =               -1065.60
Electro         =               -51.93
Energy_SolvP    =               1571.50
Energy_SolvH    =               -1376.92
Energy_vdwclash =               406.55
energy_torsion  =               216.35
backbone_vdwclash=              749.49
Entropy_sidec   =               479.20
Entropy_mainc   =               1700.40
water bonds     =               0.00
helix dipole    =               -0.84
loop_entropy    =               0.00
cis_bond        =               2.25
disulfide       =               0.00
kn electrostatic=               -0.05
partial covalent interactions = -0.82
Energy_Ionisation =             3.55
Entropy Complex =               0.00
-----------------------------------------------------------
Total          = 				  1371.34

Starting BuildModel
Reading DA188C;
Reading DA188E;
Reading DA188F;
Reading DA188G;
Reading DA188H;
Reading DA188I;
Reading DA188K;
Reading DA188L;
Reading DA188M;
Reading DA188N;
Reading DA188P;
Reading DA188Q;
Reading DA188R;
Reading DA188S;
Reading DA188T;
Reading DA188V;
Reading DA188W;
Reading DA188Y;
Reading DA193A;
Reading DA193C;
Reading DA193E;
Reading DA193F;
Reading DA193G;
Reading DA193H;
Reading DA193I;
Reading DA193K;
Reading DA193L;
Reading DA193M;
Reading DA193N;
Reading DA193P;
Reading DA193Q;
Reading DA193R;
Reading DA193S;
Reading DA193T;
Reading DA193V;
Reading DA193W;
Reading DA193Y;
Reading DA206A;
Reading DA206C;
Reading DA206E;
Reading DA206F;
Reading DA206G;
Reading DA206H;
Reading DA206I;
Reading DA206K;
Reading DA206L;
Reading DA206M;
Reading DA206N;
Reading DA206P;
Reading DA206Q;
Residue to Mutate ASPA188 has residue index 186
Residue to Mutate ASPA188 has residue index 186
Residue to Mutate ASPA188 has residue index 186
Residue to Mutate ASPA188 has residue index 186
Residue to Mutate ASPA188 has residue index 186
Residue to Mutate ASPA188 has residue index 186
Residue to Mutate ASPA188 has residue index 186
Residue to Mutate ASPA188 has residue index 186
Residue to Mutate ASPA188 has residue index 186
Residue to Mutate ASPA188 has residue index 186
Residue to Mutate ASPA188 has residue index 186
Residue to Mutate ASPA188 has residue index 186
Residue to Mutate ASPA188 has residue index 186
Residue to Mutate ASPA188 has residue index 186
Residue to Mutate ASPA188 has residue index 186
Residue to Mutate ASPA188 has residue index 186
Residue to Mutate ASPA188 has residue index 186
Residue to Mutate ASPA188 has residue index 186
Residue to Mutate ASPA193 has residue index 191
Residue to Mutate ASPA193 has residue index 191
Residue to Mutate ASPA193 has residue index 191
Residue to Mutate ASPA193 has residue index 191
Residue to Mutate ASPA193 has residue index 191
Residue to Mutate ASPA193 has residue index 191
Residue to Mutate ASPA193 has residue index 191
Residue to Mutate ASPA193 has residue index 191
Residue to Mutate ASPA193 has residue index 191
Residue to Mutate ASPA193 has residue index 191
Residue to Mutate ASPA193 has residue index 191
Residue to Mutate ASPA193 has residue index 191
Residue to Mutate ASPA193 has residue index 191
Residue to Mutate ASPA193 has residue index 191
Residue to Mutate ASPA193 has residue index 191
Residue to Mutate ASPA193 has residue index 191
Residue to Mutate ASPA193 has residue index 191
Residue to Mutate ASPA193 has residue index 191
Residue to Mutate ASPA193 has residue index 191
Residue to Mutate ASPA206 has residue index 204
Residue to Mutate ASPA206 has residue index 204
Residue to Mutate ASPA206 has residue index 204
Residue to Mutate ASPA206 has residue index 204
Residue to Mutate ASPA206 has residue index 204
Residue to Mutate ASPA206 has residue index 204
Residue to Mutate ASPA206 has residue index 204
Residue to Mutate ASPA206 has residue index 204
Residue to Mutate ASPA206 has residue index 204
Residue to Mutate ASPA206 has residue index 204
Residue to Mutate ASPA206 has residue index 204
Residue to Mutate ASPA206 has residue index 204
Residue to Mutate ASPA206 has residue index 204
Mutating residue = ASPA188 into CYS
Mutating residue = ASPA188 into GLU
Mutating residue = ASPA188 into PHE
Mutating residue = ASPA188 into GLY
Mutating residue = ASPA188 into HIS
Mutating residue = ASPA188 into ILE
Mutating residue = ASPA188 into LYS
Mutating residue = ASPA188 into LEU
Mutating residue = ASPA188 into MET
Mutating residue = ASPA188 into ASN
Mutating residue = ASPA188 into PRO
Mutating residue = ASPA188 into GLN
Mutating residue = ASPA188 into ARG
Mutating residue = ASPA188 into SER
Mutating residue = ASPA188 into THR
Mutating residue = ASPA188 into VAL
Mutating residue = ASPA188 into TRP
Mutating residue = ASPA188 into TYR
Mutating residue = ASPA193 into ALA
Mutating residue = ASPA193 into CYS
Mutating residue = ASPA193 into GLU
Mutating residue = ASPA193 into PHE
Mutating residue = ASPA193 into GLY
Mutating residue = ASPA193 into HIS
Mutating residue = ASPA193 into ILE
Mutating residue = ASPA193 into LYS
Mutating residue = ASPA193 into LEU
Mutating residue = ASPA193 into MET
Mutating residue = ASPA193 into ASN
Mutating residue = ASPA193 into PRO
Mutating residue = ASPA193 into GLN
Mutating residue = ASPA193 into ARG
Mutating residue = ASPA193 into SER
Mutating residue = ASPA193 into THR
Mutating residue = ASPA193 into VAL
Mutating residue = ASPA193 into TRP
Mutating residue = ASPA193 into TYR
Mutating residue = ASPA206 into ALA
Mutating residue = ASPA206 into CYS
Mutating residue = ASPA206 into GLU
Mutating residue = ASPA206 into PHE
Mutating residue = ASPA206 into GLY
Mutating residue = ASPA206 into HIS
Mutating residue = ASPA206 into ILE
Mutating residue = ASPA206 into LYS
Mutating residue = ASPA206 into LEU
Mutating residue = ASPA206 into MET
Mutating residue = ASPA206 into ASN
Mutating residue = ASPA206 into PRO
Mutating residue = ASPA206 into GLN
Your file run OK
End time of FoldX: Sat May  9 16:28:04 2026
Total time spend: 643.17 seconds.
validated file "RUBISCO_1.pdb" => successfully finished
validated file "RUBISCO_2.pdb" => successfully finished
validated file "RUBISCO_3.pdb" => successfully finished
validated file "RUBISCO_4.pdb" => successfully finished
validated file "RUBISCO_5.pdb" => successfully finished
validated file "RUBISCO_6.pdb" => successfully finished
validated file "RUBISCO_7.pdb" => successfully finished
validated file "RUBISCO_8.pdb" => successfully finished
validated file "RUBISCO_9.pdb" => successfully finished
validated file "RUBISCO_10.pdb" => successfully finished
validated file "RUBISCO_11.pdb" => successfully finished
validated file "RUBISCO_12.pdb" => successfully finished
validated file "RUBISCO_13.pdb" => successfully finished
validated file "RUBISCO_14.pdb" => successfully finished
validated file "RUBISCO_15.pdb" => successfully finished
validated file "RUBISCO_16.pdb" => successfully finished
validated file "RUBISCO_17.pdb" => successfully finished
validated file "RUBISCO_18.pdb" => successfully finished
validated file "RUBISCO_19.pdb" => successfully finished
validated file "RUBISCO_20.pdb" => successfully finished
validated file "RUBISCO_21.pdb" => successfully finished
validated file "RUBISCO_22.pdb" => successfully finished
validated file "RUBISCO_23.pdb" => successfully finished
validated file "RUBISCO_24.pdb" => successfully finished
validated file "RUBISCO_25.pdb" => successfully finished
validated file "RUBISCO_26.pdb" => successfully finished
validated file "RUBISCO_27.pdb" => successfully finished
validated file "RUBISCO_28.pdb" => successfully finished
validated file "RUBISCO_29.pdb" => successfully finished
validated file "RUBISCO_30.pdb" => successfully finished
validated file "RUBISCO_31.pdb" => successfully finished
validated file "RUBISCO_32.pdb" => successfully finished
validated file "RUBISCO_33.pdb" => successfully finished
validated file "RUBISCO_34.pdb" => successfully finished
validated file "RUBISCO_35.pdb" => successfully finished
validated file "RUBISCO_36.pdb" => successfully finished
validated file "RUBISCO_37.pdb" => successfully finished
validated file "RUBISCO_38.pdb" => successfully finished
validated file "RUBISCO_39.pdb" => successfully finished
validated file "RUBISCO_40.pdb" => successfully finished
validated file "RUBISCO_41.pdb" => successfully finished
validated file "RUBISCO_42.pdb" => successfully finished
validated file "RUBISCO_43.pdb" => successfully finished
validated file "RUBISCO_44.pdb" => successfully finished
validated file "RUBISCO_45.pdb" => successfully finished
validated file "RUBISCO_46.pdb" => successfully finished
validated file "RUBISCO_47.pdb" => successfully finished
validated file "RUBISCO_48.pdb" => successfully finished
validated file "RUBISCO_49.pdb" => successfully finished
validated file "RUBISCO_50.pdb" => successfully finished
Cleaning BuildModel...DONE
任务 28 结果提取成功，已映射突变信息。
