   ********************************************
   ***                                      ***
   ***             FoldX 5.1 (c)            ***
   ***                                      ***
   ***     code by the FoldX Consortium     ***
   ***                                      ***
   ***     Jesper Borg, Frederic Rousseau   ***
   ***    Joost Schymkowitz, Luis Serrano   ***
   ***    Peter Vanhee, Erik Verschueren    ***
   ***     Lies Baeten, Javier Delgado      ***
   ***       and Francois Stricher          ***
   *** and any other of the 9! permutations ***
   ***   based on an original concept by    ***
   ***   Raphael Guerois and Luis Serrano   ***
   ********************************************

1 models read: RUBISCO.pdb
1 models read: RUBISCO.pdb
number of incomplete residues = 1
completing sidechain atoms of THRA460

BackHbond       =               -382.57
SideHbond       =               -129.71
Energy_VdW      =               -1065.60
Electro         =               -51.93
Energy_SolvP    =               1571.50
Energy_SolvH    =               -1376.92
Energy_vdwclash =               406.55
energy_torsion  =               216.35
backbone_vdwclash=              749.49
Entropy_sidec   =               479.20
Entropy_mainc   =               1700.40
water bonds     =               0.00
helix dipole    =               -0.84
loop_entropy    =               0.00
cis_bond        =               2.25
disulfide       =               0.00
kn electrostatic=               -0.05
partial covalent interactions = -0.82
Energy_Ionisation =             3.55
Entropy Complex =               0.00
-----------------------------------------------------------
Total          = 				  1371.34

number of incomplete residues = 1
completing sidechain atoms of THRA460

BackHbond       =               -382.57
SideHbond       =               -129.71
Energy_VdW      =               -1065.60
Electro         =               -51.93
Energy_SolvP    =               1571.50
Energy_SolvH    =               -1376.92
Energy_vdwclash =               406.55
energy_torsion  =               216.35
backbone_vdwclash=              749.49
Entropy_sidec   =               479.20
Entropy_mainc   =               1700.40
water bonds     =               0.00
helix dipole    =               -0.84
loop_entropy    =               0.00
cis_bond        =               2.25
disulfide       =               0.00
kn electrostatic=               -0.05
partial covalent interactions = -0.82
Energy_Ionisation =             3.55
Entropy Complex =               0.00
-----------------------------------------------------------
Total          = 				  1371.34

Starting BuildModel
Reading GA369K;
Reading GA369L;
Reading GA369M;
Reading GA369N;
Reading GA369P;
Reading GA369Q;
Reading GA369R;
Reading GA369S;
Reading GA369T;
Reading GA369V;
Reading GA369W;
Reading GA369Y;
Reading GA370A;
Reading GA370C;
Reading GA370D;
Reading GA370E;
Reading GA370F;
Reading GA370H;
Reading GA370I;
Reading GA370K;
Reading GA370L;
Reading GA370M;
Reading GA370N;
Reading GA370P;
Reading GA370Q;
Reading GA370R;
Reading GA370S;
Reading GA370T;
Reading GA370V;
Reading GA370W;
Reading GA370Y;
Reading GA378A;
Reading GA378C;
Reading GA378D;
Reading GA378E;
Reading GA378F;
Reading GA378H;
Reading GA378I;
Reading GA378K;
Reading GA378L;
Reading GA378M;
Reading GA378N;
Reading GA378P;
Reading GA378Q;
Reading GA378R;
Reading GA378S;
Reading GA378T;
Reading GA378V;
Reading GA378W;
Reading GA378Y;
Residue to Mutate GLYA369 has residue index 367
Residue to Mutate GLYA369 has residue index 367
Residue to Mutate GLYA369 has residue index 367
Residue to Mutate GLYA369 has residue index 367
Residue to Mutate GLYA369 has residue index 367
Residue to Mutate GLYA369 has residue index 367
Residue to Mutate GLYA369 has residue index 367
Residue to Mutate GLYA369 has residue index 367
Residue to Mutate GLYA369 has residue index 367
Residue to Mutate GLYA369 has residue index 367
Residue to Mutate GLYA369 has residue index 367
Residue to Mutate GLYA369 has residue index 367
Residue to Mutate GLYA370 has residue index 368
Residue to Mutate GLYA370 has residue index 368
Residue to Mutate GLYA370 has residue index 368
Residue to Mutate GLYA370 has residue index 368
Residue to Mutate GLYA370 has residue index 368
Residue to Mutate GLYA370 has residue index 368
Residue to Mutate GLYA370 has residue index 368
Residue to Mutate GLYA370 has residue index 368
Residue to Mutate GLYA370 has residue index 368
Residue to Mutate GLYA370 has residue index 368
Residue to Mutate GLYA370 has residue index 368
Residue to Mutate GLYA370 has residue index 368
Residue to Mutate GLYA370 has residue index 368
Residue to Mutate GLYA370 has residue index 368
Residue to Mutate GLYA370 has residue index 368
Residue to Mutate GLYA370 has residue index 368
Residue to Mutate GLYA370 has residue index 368
Residue to Mutate GLYA370 has residue index 368
Residue to Mutate GLYA370 has residue index 368
Residue to Mutate GLYA378 has residue index 376
Residue to Mutate GLYA378 has residue index 376
Residue to Mutate GLYA378 has residue index 376
Residue to Mutate GLYA378 has residue index 376
Residue to Mutate GLYA378 has residue index 376
Residue to Mutate GLYA378 has residue index 376
Residue to Mutate GLYA378 has residue index 376
Residue to Mutate GLYA378 has residue index 376
Residue to Mutate GLYA378 has residue index 376
Residue to Mutate GLYA378 has residue index 376
Residue to Mutate GLYA378 has residue index 376
Residue to Mutate GLYA378 has residue index 376
Residue to Mutate GLYA378 has residue index 376
Residue to Mutate GLYA378 has residue index 376
Residue to Mutate GLYA378 has residue index 376
Residue to Mutate GLYA378 has residue index 376
Residue to Mutate GLYA378 has residue index 376
Residue to Mutate GLYA378 has residue index 376
Residue to Mutate GLYA378 has residue index 376
Mutating residue = GLYA369 into LYS
Mutating residue = GLYA369 into LEU
Mutating residue = GLYA369 into MET
Mutating residue = GLYA369 into ASN
Mutating residue = GLYA369 into PRO
Mutating residue = GLYA369 into GLN
Mutating residue = GLYA369 into ARG
Mutating residue = GLYA369 into SER
Mutating residue = GLYA369 into THR
Mutating residue = GLYA369 into VAL
Mutating residue = GLYA369 into TRP
Mutating residue = GLYA369 into TYR
Mutating residue = GLYA370 into ALA
Mutating residue = GLYA370 into CYS
Mutating residue = GLYA370 into ASP
Mutating residue = GLYA370 into GLU
Mutating residue = GLYA370 into PHE
Mutating residue = GLYA370 into HIS
Mutating residue = GLYA370 into ILE
Mutating residue = GLYA370 into LYS
Mutating residue = GLYA370 into LEU
Mutating residue = GLYA370 into MET
Mutating residue = GLYA370 into ASN
Mutating residue = GLYA370 into PRO
Mutating residue = GLYA370 into GLN
Mutating residue = GLYA370 into ARG
Mutating residue = GLYA370 into SER
Mutating residue = GLYA370 into THR
Mutating residue = GLYA370 into VAL
Mutating residue = GLYA370 into TRP
Mutating residue = GLYA370 into TYR
Mutating residue = GLYA378 into ALA
Mutating residue = GLYA378 into CYS
Mutating residue = GLYA378 into ASP
Mutating residue = GLYA378 into GLU
Mutating residue = GLYA378 into PHE
Mutating residue = GLYA378 into HIS
Mutating residue = GLYA378 into ILE
Mutating residue = GLYA378 into LYS
Mutating residue = GLYA378 into LEU
Mutating residue = GLYA378 into MET
Mutating residue = GLYA378 into ASN
Mutating residue = GLYA378 into PRO
Mutating residue = GLYA378 into GLN
Mutating residue = GLYA378 into ARG
Mutating residue = GLYA378 into SER
Mutating residue = GLYA378 into THR
Mutating residue = GLYA378 into VAL
Mutating residue = GLYA378 into TRP
Mutating residue = GLYA378 into TYR
Your file run OK
End time of FoldX: Sat May  9 16:19:41 2026
Total time spend: 140.97 seconds.
validated file "RUBISCO_1.pdb" => successfully finished
validated file "RUBISCO_2.pdb" => successfully finished
validated file "RUBISCO_3.pdb" => successfully finished
validated file "RUBISCO_4.pdb" => successfully finished
validated file "RUBISCO_5.pdb" => successfully finished
validated file "RUBISCO_6.pdb" => successfully finished
validated file "RUBISCO_7.pdb" => successfully finished
validated file "RUBISCO_8.pdb" => successfully finished
validated file "RUBISCO_9.pdb" => successfully finished
validated file "RUBISCO_10.pdb" => successfully finished
validated file "RUBISCO_11.pdb" => successfully finished
validated file "RUBISCO_12.pdb" => successfully finished
validated file "RUBISCO_13.pdb" => successfully finished
validated file "RUBISCO_14.pdb" => successfully finished
validated file "RUBISCO_15.pdb" => successfully finished
validated file "RUBISCO_16.pdb" => successfully finished
validated file "RUBISCO_17.pdb" => successfully finished
validated file "RUBISCO_18.pdb" => successfully finished
validated file "RUBISCO_19.pdb" => successfully finished
validated file "RUBISCO_20.pdb" => successfully finished
validated file "RUBISCO_21.pdb" => successfully finished
validated file "RUBISCO_22.pdb" => successfully finished
validated file "RUBISCO_23.pdb" => successfully finished
validated file "RUBISCO_24.pdb" => successfully finished
validated file "RUBISCO_25.pdb" => successfully finished
validated file "RUBISCO_26.pdb" => successfully finished
validated file "RUBISCO_27.pdb" => successfully finished
validated file "RUBISCO_28.pdb" => successfully finished
validated file "RUBISCO_29.pdb" => successfully finished
validated file "RUBISCO_30.pdb" => successfully finished
validated file "RUBISCO_31.pdb" => successfully finished
validated file "RUBISCO_32.pdb" => successfully finished
validated file "RUBISCO_33.pdb" => successfully finished
validated file "RUBISCO_34.pdb" => successfully finished
validated file "RUBISCO_35.pdb" => successfully finished
validated file "RUBISCO_36.pdb" => successfully finished
validated file "RUBISCO_37.pdb" => successfully finished
validated file "RUBISCO_38.pdb" => successfully finished
validated file "RUBISCO_39.pdb" => successfully finished
validated file "RUBISCO_40.pdb" => successfully finished
validated file "RUBISCO_41.pdb" => successfully finished
validated file "RUBISCO_42.pdb" => successfully finished
validated file "RUBISCO_43.pdb" => successfully finished
validated file "RUBISCO_44.pdb" => successfully finished
validated file "RUBISCO_45.pdb" => successfully finished
validated file "RUBISCO_46.pdb" => successfully finished
validated file "RUBISCO_47.pdb" => successfully finished
validated file "RUBISCO_48.pdb" => successfully finished
validated file "RUBISCO_49.pdb" => successfully finished
validated file "RUBISCO_50.pdb" => successfully finished
Cleaning BuildModel...DONE
任务 68 结果提取成功，已映射突变信息。
