   ********************************************
   ***                                      ***
   ***             FoldX 5.1 (c)            ***
   ***                                      ***
   ***     code by the FoldX Consortium     ***
   ***                                      ***
   ***     Jesper Borg, Frederic Rousseau   ***
   ***    Joost Schymkowitz, Luis Serrano   ***
   ***    Peter Vanhee, Erik Verschueren    ***
   ***     Lies Baeten, Javier Delgado      ***
   ***       and Francois Stricher          ***
   *** and any other of the 9! permutations ***
   ***   based on an original concept by    ***
   ***   Raphael Guerois and Luis Serrano   ***
   ********************************************

1 models read: RUBISCO.pdb
1 models read: RUBISCO.pdb
number of incomplete residues = 1
completing sidechain atoms of THRA460

BackHbond       =               -382.57
SideHbond       =               -129.71
Energy_VdW      =               -1065.60
Electro         =               -51.93
Energy_SolvP    =               1571.50
Energy_SolvH    =               -1376.92
Energy_vdwclash =               406.55
energy_torsion  =               216.35
backbone_vdwclash=              749.49
Entropy_sidec   =               479.20
Entropy_mainc   =               1700.40
water bonds     =               0.00
helix dipole    =               -0.84
loop_entropy    =               0.00
cis_bond        =               2.25
disulfide       =               0.00
kn electrostatic=               -0.05
partial covalent interactions = -0.82
Energy_Ionisation =             3.55
Entropy Complex =               0.00
-----------------------------------------------------------
Total          = 				  1371.34

number of incomplete residues = 1
completing sidechain atoms of THRA460

BackHbond       =               -382.57
SideHbond       =               -129.71
Energy_VdW      =               -1065.60
Electro         =               -51.93
Energy_SolvP    =               1571.50
Energy_SolvH    =               -1376.92
Energy_vdwclash =               406.55
energy_torsion  =               216.35
backbone_vdwclash=              749.49
Entropy_sidec   =               479.20
Entropy_mainc   =               1700.40
water bonds     =               0.00
helix dipole    =               -0.84
loop_entropy    =               0.00
cis_bond        =               2.25
disulfide       =               0.00
kn electrostatic=               -0.05
partial covalent interactions = -0.82
Energy_Ionisation =             3.55
Entropy Complex =               0.00
-----------------------------------------------------------
Total          = 				  1371.34

Starting BuildModel
Reading VA211W;
Reading VA211Y;
Reading VA247A;
Reading VA247C;
Reading VA247D;
Reading VA247E;
Reading VA247F;
Reading VA247G;
Reading VA247H;
Reading VA247I;
Reading VA247K;
Reading VA247L;
Reading VA247M;
Reading VA247N;
Reading VA247P;
Reading VA247Q;
Reading VA247R;
Reading VA247S;
Reading VA247T;
Reading VA247W;
Reading VA247Y;
Reading VA24A;
Reading VA24C;
Reading VA24D;
Reading VA24E;
Reading VA24F;
Reading VA24G;
Reading VA24H;
Reading VA24I;
Reading VA24K;
Reading VA24L;
Reading VA24M;
Reading VA24N;
Reading VA24P;
Reading VA24Q;
Reading VA24R;
Reading VA24S;
Reading VA24T;
Reading VA24W;
Reading VA24Y;
Reading VA258A;
Reading VA258C;
Reading VA258D;
Reading VA258E;
Reading VA258F;
Reading VA258G;
Reading VA258H;
Reading VA258I;
Reading VA258K;
Reading VA258L;
Residue to Mutate VALA211 has residue index 209
Residue to Mutate VALA211 has residue index 209
Residue to Mutate VALA247 has residue index 245
Residue to Mutate VALA247 has residue index 245
Residue to Mutate VALA247 has residue index 245
Residue to Mutate VALA247 has residue index 245
Residue to Mutate VALA247 has residue index 245
Residue to Mutate VALA247 has residue index 245
Residue to Mutate VALA247 has residue index 245
Residue to Mutate VALA247 has residue index 245
Residue to Mutate VALA247 has residue index 245
Residue to Mutate VALA247 has residue index 245
Residue to Mutate VALA247 has residue index 245
Residue to Mutate VALA247 has residue index 245
Residue to Mutate VALA247 has residue index 245
Residue to Mutate VALA247 has residue index 245
Residue to Mutate VALA247 has residue index 245
Residue to Mutate VALA247 has residue index 245
Residue to Mutate VALA247 has residue index 245
Residue to Mutate VALA247 has residue index 245
Residue to Mutate VALA247 has residue index 245
Residue to Mutate VALA24 has residue index 22
Residue to Mutate VALA24 has residue index 22
Residue to Mutate VALA24 has residue index 22
Residue to Mutate VALA24 has residue index 22
Residue to Mutate VALA24 has residue index 22
Residue to Mutate VALA24 has residue index 22
Residue to Mutate VALA24 has residue index 22
Residue to Mutate VALA24 has residue index 22
Residue to Mutate VALA24 has residue index 22
Residue to Mutate VALA24 has residue index 22
Residue to Mutate VALA24 has residue index 22
Residue to Mutate VALA24 has residue index 22
Residue to Mutate VALA24 has residue index 22
Residue to Mutate VALA24 has residue index 22
Residue to Mutate VALA24 has residue index 22
Residue to Mutate VALA24 has residue index 22
Residue to Mutate VALA24 has residue index 22
Residue to Mutate VALA24 has residue index 22
Residue to Mutate VALA24 has residue index 22
Residue to Mutate VALA258 has residue index 256
Residue to Mutate VALA258 has residue index 256
Residue to Mutate VALA258 has residue index 256
Residue to Mutate VALA258 has residue index 256
Residue to Mutate VALA258 has residue index 256
Residue to Mutate VALA258 has residue index 256
Residue to Mutate VALA258 has residue index 256
Residue to Mutate VALA258 has residue index 256
Residue to Mutate VALA258 has residue index 256
Residue to Mutate VALA258 has residue index 256
Mutating residue = VALA211 into TRP
Mutating residue = VALA211 into TYR
Mutating residue = VALA247 into ALA
Mutating residue = VALA247 into CYS
Mutating residue = VALA247 into ASP
Mutating residue = VALA247 into GLU
Mutating residue = VALA247 into PHE
Mutating residue = VALA247 into GLY
Mutating residue = VALA247 into HIS
Mutating residue = VALA247 into ILE
Mutating residue = VALA247 into LYS
Mutating residue = VALA247 into LEU
Mutating residue = VALA247 into MET
Mutating residue = VALA247 into ASN
Mutating residue = VALA247 into PRO
Mutating residue = VALA247 into GLN
Mutating residue = VALA247 into ARG
Mutating residue = VALA247 into SER
Mutating residue = VALA247 into THR
Mutating residue = VALA247 into TRP
Mutating residue = VALA247 into TYR
Mutating residue = VALA24 into ALA
Mutating residue = VALA24 into CYS
Mutating residue = VALA24 into ASP
Mutating residue = VALA24 into GLU
Mutating residue = VALA24 into PHE
Mutating residue = VALA24 into GLY
Mutating residue = VALA24 into HIS
Mutating residue = VALA24 into ILE
Mutating residue = VALA24 into LYS
Mutating residue = VALA24 into LEU
Mutating residue = VALA24 into MET
Mutating residue = VALA24 into ASN
Mutating residue = VALA24 into PRO
Mutating residue = VALA24 into GLN
Mutating residue = VALA24 into ARG
Mutating residue = VALA24 into SER
Mutating residue = VALA24 into THR
Mutating residue = VALA24 into TRP
Mutating residue = VALA24 into TYR
Mutating residue = VALA258 into ALA
Mutating residue = VALA258 into CYS
Mutating residue = VALA258 into ASP
Mutating residue = VALA258 into GLU
Mutating residue = VALA258 into PHE
Mutating residue = VALA258 into GLY
Mutating residue = VALA258 into HIS
Mutating residue = VALA258 into ILE
Mutating residue = VALA258 into LYS
Mutating residue = VALA258 into LEU
Your file run OK
End time of FoldX: Sat May  9 16:24:27 2026
Total time spend: 424.23 seconds.
validated file "RUBISCO_1.pdb" => successfully finished
validated file "RUBISCO_2.pdb" => successfully finished
validated file "RUBISCO_3.pdb" => successfully finished
validated file "RUBISCO_4.pdb" => successfully finished
validated file "RUBISCO_5.pdb" => successfully finished
validated file "RUBISCO_6.pdb" => successfully finished
validated file "RUBISCO_7.pdb" => successfully finished
validated file "RUBISCO_8.pdb" => successfully finished
validated file "RUBISCO_9.pdb" => successfully finished
validated file "RUBISCO_10.pdb" => successfully finished
validated file "RUBISCO_11.pdb" => successfully finished
validated file "RUBISCO_12.pdb" => successfully finished
validated file "RUBISCO_13.pdb" => successfully finished
validated file "RUBISCO_14.pdb" => successfully finished
validated file "RUBISCO_15.pdb" => successfully finished
validated file "RUBISCO_16.pdb" => successfully finished
validated file "RUBISCO_17.pdb" => successfully finished
validated file "RUBISCO_18.pdb" => successfully finished
validated file "RUBISCO_19.pdb" => successfully finished
validated file "RUBISCO_20.pdb" => successfully finished
validated file "RUBISCO_21.pdb" => successfully finished
validated file "RUBISCO_22.pdb" => successfully finished
validated file "RUBISCO_23.pdb" => successfully finished
validated file "RUBISCO_24.pdb" => successfully finished
validated file "RUBISCO_25.pdb" => successfully finished
validated file "RUBISCO_26.pdb" => successfully finished
validated file "RUBISCO_27.pdb" => successfully finished
validated file "RUBISCO_28.pdb" => successfully finished
validated file "RUBISCO_29.pdb" => successfully finished
validated file "RUBISCO_30.pdb" => successfully finished
validated file "RUBISCO_31.pdb" => successfully finished
validated file "RUBISCO_32.pdb" => successfully finished
validated file "RUBISCO_33.pdb" => successfully finished
validated file "RUBISCO_34.pdb" => successfully finished
validated file "RUBISCO_35.pdb" => successfully finished
validated file "RUBISCO_36.pdb" => successfully finished
validated file "RUBISCO_37.pdb" => successfully finished
validated file "RUBISCO_38.pdb" => successfully finished
validated file "RUBISCO_39.pdb" => successfully finished
validated file "RUBISCO_40.pdb" => successfully finished
validated file "RUBISCO_41.pdb" => successfully finished
validated file "RUBISCO_42.pdb" => successfully finished
validated file "RUBISCO_43.pdb" => successfully finished
validated file "RUBISCO_44.pdb" => successfully finished
validated file "RUBISCO_45.pdb" => successfully finished
validated file "RUBISCO_46.pdb" => successfully finished
validated file "RUBISCO_47.pdb" => successfully finished
validated file "RUBISCO_48.pdb" => successfully finished
validated file "RUBISCO_49.pdb" => successfully finished
validated file "RUBISCO_50.pdb" => successfully finished
Cleaning BuildModel...DONE
任务 160 结果提取成功，已映射突变信息。
