   ********************************************
   ***                                      ***
   ***             FoldX 5.1 (c)            ***
   ***                                      ***
   ***     code by the FoldX Consortium     ***
   ***                                      ***
   ***     Jesper Borg, Frederic Rousseau   ***
   ***    Joost Schymkowitz, Luis Serrano   ***
   ***    Peter Vanhee, Erik Verschueren    ***
   ***     Lies Baeten, Javier Delgado      ***
   ***       and Francois Stricher          ***
   *** and any other of the 9! permutations ***
   ***   based on an original concept by    ***
   ***   Raphael Guerois and Luis Serrano   ***
   ********************************************

1 models read: RUBISCO.pdb
1 models read: RUBISCO.pdb
number of incomplete residues = 1
completing sidechain atoms of THRA460

BackHbond       =               -382.57
SideHbond       =               -129.71
Energy_VdW      =               -1065.60
Electro         =               -51.93
Energy_SolvP    =               1571.50
Energy_SolvH    =               -1376.92
Energy_vdwclash =               406.55
energy_torsion  =               216.35
backbone_vdwclash=              749.49
Entropy_sidec   =               479.20
Entropy_mainc   =               1700.40
water bonds     =               0.00
helix dipole    =               -0.84
loop_entropy    =               0.00
cis_bond        =               2.25
disulfide       =               0.00
kn electrostatic=               -0.05
partial covalent interactions = -0.82
Energy_Ionisation =             3.55
Entropy Complex =               0.00
-----------------------------------------------------------
Total          = 				  1371.34

number of incomplete residues = 1
completing sidechain atoms of THRA460

BackHbond       =               -382.57
SideHbond       =               -129.71
Energy_VdW      =               -1065.60
Electro         =               -51.93
Energy_SolvP    =               1571.50
Energy_SolvH    =               -1376.92
Energy_vdwclash =               406.55
energy_torsion  =               216.35
backbone_vdwclash=              749.49
Entropy_sidec   =               479.20
Entropy_mainc   =               1700.40
water bonds     =               0.00
helix dipole    =               -0.84
loop_entropy    =               0.00
cis_bond        =               2.25
disulfide       =               0.00
kn electrostatic=               -0.05
partial covalent interactions = -0.82
Energy_Ionisation =             3.55
Entropy Complex =               0.00
-----------------------------------------------------------
Total          = 				  1371.34

Starting BuildModel
Reading VA160G;
Reading VA160H;
Reading VA160I;
Reading VA160K;
Reading VA160L;
Reading VA160M;
Reading VA160N;
Reading VA160P;
Reading VA160Q;
Reading VA160R;
Reading VA160S;
Reading VA160T;
Reading VA160W;
Reading VA160Y;
Reading VA161A;
Reading VA161C;
Reading VA161D;
Reading VA161E;
Reading VA161F;
Reading VA161G;
Reading VA161H;
Reading VA161I;
Reading VA161K;
Reading VA161L;
Reading VA161M;
Reading VA161N;
Reading VA161P;
Reading VA161Q;
Reading VA161R;
Reading VA161S;
Reading VA161T;
Reading VA161W;
Reading VA161Y;
Reading VA211A;
Reading VA211C;
Reading VA211D;
Reading VA211E;
Reading VA211F;
Reading VA211G;
Reading VA211H;
Reading VA211I;
Reading VA211K;
Reading VA211L;
Reading VA211M;
Reading VA211N;
Reading VA211P;
Reading VA211Q;
Reading VA211R;
Reading VA211S;
Reading VA211T;
Residue to Mutate VALA160 has residue index 158
Residue to Mutate VALA160 has residue index 158
Residue to Mutate VALA160 has residue index 158
Residue to Mutate VALA160 has residue index 158
Residue to Mutate VALA160 has residue index 158
Residue to Mutate VALA160 has residue index 158
Residue to Mutate VALA160 has residue index 158
Residue to Mutate VALA160 has residue index 158
Residue to Mutate VALA160 has residue index 158
Residue to Mutate VALA160 has residue index 158
Residue to Mutate VALA160 has residue index 158
Residue to Mutate VALA160 has residue index 158
Residue to Mutate VALA160 has residue index 158
Residue to Mutate VALA160 has residue index 158
Residue to Mutate VALA161 has residue index 159
Residue to Mutate VALA161 has residue index 159
Residue to Mutate VALA161 has residue index 159
Residue to Mutate VALA161 has residue index 159
Residue to Mutate VALA161 has residue index 159
Residue to Mutate VALA161 has residue index 159
Residue to Mutate VALA161 has residue index 159
Residue to Mutate VALA161 has residue index 159
Residue to Mutate VALA161 has residue index 159
Residue to Mutate VALA161 has residue index 159
Residue to Mutate VALA161 has residue index 159
Residue to Mutate VALA161 has residue index 159
Residue to Mutate VALA161 has residue index 159
Residue to Mutate VALA161 has residue index 159
Residue to Mutate VALA161 has residue index 159
Residue to Mutate VALA161 has residue index 159
Residue to Mutate VALA161 has residue index 159
Residue to Mutate VALA161 has residue index 159
Residue to Mutate VALA161 has residue index 159
Residue to Mutate VALA211 has residue index 209
Residue to Mutate VALA211 has residue index 209
Residue to Mutate VALA211 has residue index 209
Residue to Mutate VALA211 has residue index 209
Residue to Mutate VALA211 has residue index 209
Residue to Mutate VALA211 has residue index 209
Residue to Mutate VALA211 has residue index 209
Residue to Mutate VALA211 has residue index 209
Residue to Mutate VALA211 has residue index 209
Residue to Mutate VALA211 has residue index 209
Residue to Mutate VALA211 has residue index 209
Residue to Mutate VALA211 has residue index 209
Residue to Mutate VALA211 has residue index 209
Residue to Mutate VALA211 has residue index 209
Residue to Mutate VALA211 has residue index 209
Residue to Mutate VALA211 has residue index 209
Residue to Mutate VALA211 has residue index 209
Mutating residue = VALA160 into GLY
Mutating residue = VALA160 into HIS
Mutating residue = VALA160 into ILE
Mutating residue = VALA160 into LYS
Mutating residue = VALA160 into LEU
Mutating residue = VALA160 into MET
Mutating residue = VALA160 into ASN
Mutating residue = VALA160 into PRO
Mutating residue = VALA160 into GLN
Mutating residue = VALA160 into ARG
Mutating residue = VALA160 into SER
Mutating residue = VALA160 into THR
Mutating residue = VALA160 into TRP
Mutating residue = VALA160 into TYR
Mutating residue = VALA161 into ALA
Mutating residue = VALA161 into CYS
Mutating residue = VALA161 into ASP
Mutating residue = VALA161 into GLU
Mutating residue = VALA161 into PHE
Mutating residue = VALA161 into GLY
Mutating residue = VALA161 into HIS
Mutating residue = VALA161 into ILE
Mutating residue = VALA161 into LYS
Mutating residue = VALA161 into LEU
Mutating residue = VALA161 into MET
Mutating residue = VALA161 into ASN
Mutating residue = VALA161 into PRO
Mutating residue = VALA161 into GLN
Mutating residue = VALA161 into ARG
Mutating residue = VALA161 into SER
Mutating residue = VALA161 into THR
Mutating residue = VALA161 into TRP
Mutating residue = VALA161 into TYR
Mutating residue = VALA211 into ALA
Mutating residue = VALA211 into CYS
Mutating residue = VALA211 into ASP
Mutating residue = VALA211 into GLU
Mutating residue = VALA211 into PHE
Mutating residue = VALA211 into GLY
Mutating residue = VALA211 into HIS
Mutating residue = VALA211 into ILE
Mutating residue = VALA211 into LYS
Mutating residue = VALA211 into LEU
Mutating residue = VALA211 into MET
Mutating residue = VALA211 into ASN
Mutating residue = VALA211 into PRO
Mutating residue = VALA211 into GLN
Mutating residue = VALA211 into ARG
Mutating residue = VALA211 into SER
Mutating residue = VALA211 into THR
Your file run OK
End time of FoldX: Sat May  9 16:24:45 2026
Total time spend: 442.38 seconds.
validated file "RUBISCO_1.pdb" => successfully finished
validated file "RUBISCO_2.pdb" => successfully finished
validated file "RUBISCO_3.pdb" => successfully finished
validated file "RUBISCO_4.pdb" => successfully finished
validated file "RUBISCO_5.pdb" => successfully finished
validated file "RUBISCO_6.pdb" => successfully finished
validated file "RUBISCO_7.pdb" => successfully finished
validated file "RUBISCO_8.pdb" => successfully finished
validated file "RUBISCO_9.pdb" => successfully finished
validated file "RUBISCO_10.pdb" => successfully finished
validated file "RUBISCO_11.pdb" => successfully finished
validated file "RUBISCO_12.pdb" => successfully finished
validated file "RUBISCO_13.pdb" => successfully finished
validated file "RUBISCO_14.pdb" => successfully finished
validated file "RUBISCO_15.pdb" => successfully finished
validated file "RUBISCO_16.pdb" => successfully finished
validated file "RUBISCO_17.pdb" => successfully finished
validated file "RUBISCO_18.pdb" => successfully finished
validated file "RUBISCO_19.pdb" => successfully finished
validated file "RUBISCO_20.pdb" => successfully finished
validated file "RUBISCO_21.pdb" => successfully finished
validated file "RUBISCO_22.pdb" => successfully finished
validated file "RUBISCO_23.pdb" => successfully finished
validated file "RUBISCO_24.pdb" => successfully finished
validated file "RUBISCO_25.pdb" => successfully finished
validated file "RUBISCO_26.pdb" => successfully finished
validated file "RUBISCO_27.pdb" => successfully finished
validated file "RUBISCO_28.pdb" => successfully finished
validated file "RUBISCO_29.pdb" => successfully finished
validated file "RUBISCO_30.pdb" => successfully finished
validated file "RUBISCO_31.pdb" => successfully finished
validated file "RUBISCO_32.pdb" => successfully finished
validated file "RUBISCO_33.pdb" => successfully finished
validated file "RUBISCO_34.pdb" => successfully finished
validated file "RUBISCO_35.pdb" => successfully finished
validated file "RUBISCO_36.pdb" => successfully finished
validated file "RUBISCO_37.pdb" => successfully finished
validated file "RUBISCO_38.pdb" => successfully finished
validated file "RUBISCO_39.pdb" => successfully finished
validated file "RUBISCO_40.pdb" => successfully finished
validated file "RUBISCO_41.pdb" => successfully finished
validated file "RUBISCO_42.pdb" => successfully finished
validated file "RUBISCO_43.pdb" => successfully finished
validated file "RUBISCO_44.pdb" => successfully finished
validated file "RUBISCO_45.pdb" => successfully finished
validated file "RUBISCO_46.pdb" => successfully finished
validated file "RUBISCO_47.pdb" => successfully finished
validated file "RUBISCO_48.pdb" => successfully finished
validated file "RUBISCO_49.pdb" => successfully finished
validated file "RUBISCO_50.pdb" => successfully finished
Cleaning BuildModel...DONE
任务 159 结果提取成功，已映射突变信息。
