   ********************************************
   ***                                      ***
   ***             FoldX 5.1 (c)            ***
   ***                                      ***
   ***     code by the FoldX Consortium     ***
   ***                                      ***
   ***     Jesper Borg, Frederic Rousseau   ***
   ***    Joost Schymkowitz, Luis Serrano   ***
   ***    Peter Vanhee, Erik Verschueren    ***
   ***     Lies Baeten, Javier Delgado      ***
   ***       and Francois Stricher          ***
   *** and any other of the 9! permutations ***
   ***   based on an original concept by    ***
   ***   Raphael Guerois and Luis Serrano   ***
   ********************************************

1 models read: RUBISCO.pdb
1 models read: RUBISCO.pdb
number of incomplete residues = 1
completing sidechain atoms of THRA460

BackHbond       =               -382.57
SideHbond       =               -129.71
Energy_VdW      =               -1065.60
Electro         =               -51.93
Energy_SolvP    =               1571.50
Energy_SolvH    =               -1376.92
Energy_vdwclash =               406.55
energy_torsion  =               216.35
backbone_vdwclash=              749.49
Entropy_sidec   =               479.20
Entropy_mainc   =               1700.40
water bonds     =               0.00
helix dipole    =               -0.84
loop_entropy    =               0.00
cis_bond        =               2.25
disulfide       =               0.00
kn electrostatic=               -0.05
partial covalent interactions = -0.82
Energy_Ionisation =             3.55
Entropy Complex =               0.00
-----------------------------------------------------------
Total          = 				  1371.34

number of incomplete residues = 1
completing sidechain atoms of THRA460

BackHbond       =               -382.57
SideHbond       =               -129.71
Energy_VdW      =               -1065.60
Electro         =               -51.93
Energy_SolvP    =               1571.50
Energy_SolvH    =               -1376.92
Energy_vdwclash =               406.55
energy_torsion  =               216.35
backbone_vdwclash=              749.49
Entropy_sidec   =               479.20
Entropy_mainc   =               1700.40
water bonds     =               0.00
helix dipole    =               -0.84
loop_entropy    =               0.00
cis_bond        =               2.25
disulfide       =               0.00
kn electrostatic=               -0.05
partial covalent interactions = -0.82
Energy_Ionisation =             3.55
Entropy Complex =               0.00
-----------------------------------------------------------
Total          = 				  1371.34

Starting BuildModel
Reading VA258M;
Reading VA258N;
Reading VA258P;
Reading VA258Q;
Reading VA258R;
Reading VA258S;
Reading VA258T;
Reading VA258W;
Reading VA258Y;
Reading VA262A;
Reading VA262C;
Reading VA262D;
Reading VA262E;
Reading VA262F;
Reading VA262G;
Reading VA262H;
Reading VA262I;
Reading VA262K;
Reading VA262L;
Reading VA262M;
Reading VA262N;
Reading VA262P;
Reading VA262Q;
Reading VA262R;
Reading VA262S;
Reading VA262T;
Reading VA262W;
Reading VA262Y;
Reading VA266A;
Reading VA266C;
Reading VA266D;
Reading VA266E;
Reading VA266F;
Reading VA266G;
Reading VA266H;
Reading VA266I;
Reading VA266K;
Reading VA266L;
Reading VA266M;
Reading VA266N;
Reading VA266P;
Reading VA266Q;
Reading VA266R;
Reading VA266S;
Reading VA266T;
Reading VA266W;
Reading VA266Y;
Reading VA294A;
Reading VA294C;
Reading VA294D;
Residue to Mutate VALA258 has residue index 256
Residue to Mutate VALA258 has residue index 256
Residue to Mutate VALA258 has residue index 256
Residue to Mutate VALA258 has residue index 256
Residue to Mutate VALA258 has residue index 256
Residue to Mutate VALA258 has residue index 256
Residue to Mutate VALA258 has residue index 256
Residue to Mutate VALA258 has residue index 256
Residue to Mutate VALA258 has residue index 256
Residue to Mutate VALA262 has residue index 260
Residue to Mutate VALA262 has residue index 260
Residue to Mutate VALA262 has residue index 260
Residue to Mutate VALA262 has residue index 260
Residue to Mutate VALA262 has residue index 260
Residue to Mutate VALA262 has residue index 260
Residue to Mutate VALA262 has residue index 260
Residue to Mutate VALA262 has residue index 260
Residue to Mutate VALA262 has residue index 260
Residue to Mutate VALA262 has residue index 260
Residue to Mutate VALA262 has residue index 260
Residue to Mutate VALA262 has residue index 260
Residue to Mutate VALA262 has residue index 260
Residue to Mutate VALA262 has residue index 260
Residue to Mutate VALA262 has residue index 260
Residue to Mutate VALA262 has residue index 260
Residue to Mutate VALA262 has residue index 260
Residue to Mutate VALA262 has residue index 260
Residue to Mutate VALA262 has residue index 260
Residue to Mutate VALA266 has residue index 264
Residue to Mutate VALA266 has residue index 264
Residue to Mutate VALA266 has residue index 264
Residue to Mutate VALA266 has residue index 264
Residue to Mutate VALA266 has residue index 264
Residue to Mutate VALA266 has residue index 264
Residue to Mutate VALA266 has residue index 264
Residue to Mutate VALA266 has residue index 264
Residue to Mutate VALA266 has residue index 264
Residue to Mutate VALA266 has residue index 264
Residue to Mutate VALA266 has residue index 264
Residue to Mutate VALA266 has residue index 264
Residue to Mutate VALA266 has residue index 264
Residue to Mutate VALA266 has residue index 264
Residue to Mutate VALA266 has residue index 264
Residue to Mutate VALA266 has residue index 264
Residue to Mutate VALA266 has residue index 264
Residue to Mutate VALA266 has residue index 264
Residue to Mutate VALA266 has residue index 264
Residue to Mutate VALA294 has residue index 292
Residue to Mutate VALA294 has residue index 292
Residue to Mutate VALA294 has residue index 292
Mutating residue = VALA258 into MET
Mutating residue = VALA258 into ASN
Mutating residue = VALA258 into PRO
Mutating residue = VALA258 into GLN
Mutating residue = VALA258 into ARG
Mutating residue = VALA258 into SER
Mutating residue = VALA258 into THR
Mutating residue = VALA258 into TRP
Mutating residue = VALA258 into TYR
Mutating residue = VALA262 into ALA
Mutating residue = VALA262 into CYS
Mutating residue = VALA262 into ASP
Mutating residue = VALA262 into GLU
Mutating residue = VALA262 into PHE
Mutating residue = VALA262 into GLY
Mutating residue = VALA262 into HIS
Mutating residue = VALA262 into ILE
Mutating residue = VALA262 into LYS
Mutating residue = VALA262 into LEU
Mutating residue = VALA262 into MET
Mutating residue = VALA262 into ASN
Mutating residue = VALA262 into PRO
Mutating residue = VALA262 into GLN
Mutating residue = VALA262 into ARG
Mutating residue = VALA262 into SER
Mutating residue = VALA262 into THR
Mutating residue = VALA262 into TRP
Mutating residue = VALA262 into TYR
Mutating residue = VALA266 into ALA
Mutating residue = VALA266 into CYS
Mutating residue = VALA266 into ASP
Mutating residue = VALA266 into GLU
Mutating residue = VALA266 into PHE
Mutating residue = VALA266 into GLY
Mutating residue = VALA266 into HIS
Mutating residue = VALA266 into ILE
Mutating residue = VALA266 into LYS
Mutating residue = VALA266 into LEU
Mutating residue = VALA266 into MET
Mutating residue = VALA266 into ASN
Mutating residue = VALA266 into PRO
Mutating residue = VALA266 into GLN
Mutating residue = VALA266 into ARG
Mutating residue = VALA266 into SER
Mutating residue = VALA266 into THR
Mutating residue = VALA266 into TRP
Mutating residue = VALA266 into TYR
Mutating residue = VALA294 into ALA
Mutating residue = VALA294 into CYS
Mutating residue = VALA294 into ASP
Your file run OK
End time of FoldX: Sat May  9 16:20:59 2026
Total time spend: 218.26 seconds.
validated file "RUBISCO_1.pdb" => successfully finished
validated file "RUBISCO_2.pdb" => successfully finished
validated file "RUBISCO_3.pdb" => successfully finished
validated file "RUBISCO_4.pdb" => successfully finished
validated file "RUBISCO_5.pdb" => successfully finished
validated file "RUBISCO_6.pdb" => successfully finished
validated file "RUBISCO_7.pdb" => successfully finished
validated file "RUBISCO_8.pdb" => successfully finished
validated file "RUBISCO_9.pdb" => successfully finished
validated file "RUBISCO_10.pdb" => successfully finished
validated file "RUBISCO_11.pdb" => successfully finished
validated file "RUBISCO_12.pdb" => successfully finished
validated file "RUBISCO_13.pdb" => successfully finished
validated file "RUBISCO_14.pdb" => successfully finished
validated file "RUBISCO_15.pdb" => successfully finished
validated file "RUBISCO_16.pdb" => successfully finished
validated file "RUBISCO_17.pdb" => successfully finished
validated file "RUBISCO_18.pdb" => successfully finished
validated file "RUBISCO_19.pdb" => successfully finished
validated file "RUBISCO_20.pdb" => successfully finished
validated file "RUBISCO_21.pdb" => successfully finished
validated file "RUBISCO_22.pdb" => successfully finished
validated file "RUBISCO_23.pdb" => successfully finished
validated file "RUBISCO_24.pdb" => successfully finished
validated file "RUBISCO_25.pdb" => successfully finished
validated file "RUBISCO_26.pdb" => successfully finished
validated file "RUBISCO_27.pdb" => successfully finished
validated file "RUBISCO_28.pdb" => successfully finished
validated file "RUBISCO_29.pdb" => successfully finished
validated file "RUBISCO_30.pdb" => successfully finished
validated file "RUBISCO_31.pdb" => successfully finished
validated file "RUBISCO_32.pdb" => successfully finished
validated file "RUBISCO_33.pdb" => successfully finished
validated file "RUBISCO_34.pdb" => successfully finished
validated file "RUBISCO_35.pdb" => successfully finished
validated file "RUBISCO_36.pdb" => successfully finished
validated file "RUBISCO_37.pdb" => successfully finished
validated file "RUBISCO_38.pdb" => successfully finished
validated file "RUBISCO_39.pdb" => successfully finished
validated file "RUBISCO_40.pdb" => successfully finished
validated file "RUBISCO_41.pdb" => successfully finished
validated file "RUBISCO_42.pdb" => successfully finished
validated file "RUBISCO_43.pdb" => successfully finished
validated file "RUBISCO_44.pdb" => successfully finished
validated file "RUBISCO_45.pdb" => successfully finished
validated file "RUBISCO_46.pdb" => successfully finished
validated file "RUBISCO_47.pdb" => successfully finished
validated file "RUBISCO_48.pdb" => successfully finished
validated file "RUBISCO_49.pdb" => successfully finished
validated file "RUBISCO_50.pdb" => successfully finished
Cleaning BuildModel...DONE
任务 161 结果提取成功，已映射突变信息。
