   ********************************************
   ***                                      ***
   ***             FoldX 5.1 (c)            ***
   ***                                      ***
   ***     code by the FoldX Consortium     ***
   ***                                      ***
   ***     Jesper Borg, Frederic Rousseau   ***
   ***    Joost Schymkowitz, Luis Serrano   ***
   ***    Peter Vanhee, Erik Verschueren    ***
   ***     Lies Baeten, Javier Delgado      ***
   ***       and Francois Stricher          ***
   *** and any other of the 9! permutations ***
   ***   based on an original concept by    ***
   ***   Raphael Guerois and Luis Serrano   ***
   ********************************************

1 models read: RUBISCO.pdb
1 models read: RUBISCO.pdb
number of incomplete residues = 1
completing sidechain atoms of THRA460

BackHbond       =               -382.57
SideHbond       =               -129.71
Energy_VdW      =               -1065.60
Electro         =               -51.93
Energy_SolvP    =               1571.50
Energy_SolvH    =               -1376.92
Energy_vdwclash =               406.55
energy_torsion  =               216.35
backbone_vdwclash=              749.49
Entropy_sidec   =               479.20
Entropy_mainc   =               1700.40
water bonds     =               0.00
helix dipole    =               -0.84
loop_entropy    =               0.00
cis_bond        =               2.25
disulfide       =               0.00
kn electrostatic=               -0.05
partial covalent interactions = -0.82
Energy_Ionisation =             3.55
Entropy Complex =               0.00
-----------------------------------------------------------
Total          = 				  1371.34

number of incomplete residues = 1
completing sidechain atoms of THRA460

BackHbond       =               -382.57
SideHbond       =               -129.71
Energy_VdW      =               -1065.60
Electro         =               -51.93
Energy_SolvP    =               1571.50
Energy_SolvH    =               -1376.92
Energy_vdwclash =               406.55
energy_torsion  =               216.35
backbone_vdwclash=              749.49
Entropy_sidec   =               479.20
Entropy_mainc   =               1700.40
water bonds     =               0.00
helix dipole    =               -0.84
loop_entropy    =               0.00
cis_bond        =               2.25
disulfide       =               0.00
kn electrostatic=               -0.05
partial covalent interactions = -0.82
Energy_Ionisation =             3.55
Entropy Complex =               0.00
-----------------------------------------------------------
Total          = 				  1371.34

Starting BuildModel
Reading YA120F;
Reading YA120G;
Reading YA120H;
Reading YA120I;
Reading YA120K;
Reading YA120L;
Reading YA120M;
Reading YA120N;
Reading YA120P;
Reading YA120Q;
Reading YA120R;
Reading YA120S;
Reading YA120T;
Reading YA120V;
Reading YA120W;
Reading YA127A;
Reading YA127C;
Reading YA127D;
Reading YA127E;
Reading YA127F;
Reading YA127G;
Reading YA127H;
Reading YA127I;
Reading YA127K;
Reading YA127L;
Reading YA127M;
Reading YA127N;
Reading YA127P;
Reading YA127Q;
Reading YA127R;
Reading YA127S;
Reading YA127T;
Reading YA127V;
Reading YA127W;
Reading YA132A;
Reading YA132C;
Reading YA132D;
Reading YA132E;
Reading YA132F;
Reading YA132G;
Reading YA132H;
Reading YA132I;
Reading YA132K;
Reading YA132L;
Reading YA132M;
Reading YA132N;
Reading YA132P;
Reading YA132Q;
Reading YA132R;
Reading YA132S;
Residue to Mutate TYRA120 has residue index 118
Residue to Mutate TYRA120 has residue index 118
Residue to Mutate TYRA120 has residue index 118
Residue to Mutate TYRA120 has residue index 118
Residue to Mutate TYRA120 has residue index 118
Residue to Mutate TYRA120 has residue index 118
Residue to Mutate TYRA120 has residue index 118
Residue to Mutate TYRA120 has residue index 118
Residue to Mutate TYRA120 has residue index 118
Residue to Mutate TYRA120 has residue index 118
Residue to Mutate TYRA120 has residue index 118
Residue to Mutate TYRA120 has residue index 118
Residue to Mutate TYRA120 has residue index 118
Residue to Mutate TYRA120 has residue index 118
Residue to Mutate TYRA120 has residue index 118
Residue to Mutate TYRA127 has residue index 125
Residue to Mutate TYRA127 has residue index 125
Residue to Mutate TYRA127 has residue index 125
Residue to Mutate TYRA127 has residue index 125
Residue to Mutate TYRA127 has residue index 125
Residue to Mutate TYRA127 has residue index 125
Residue to Mutate TYRA127 has residue index 125
Residue to Mutate TYRA127 has residue index 125
Residue to Mutate TYRA127 has residue index 125
Residue to Mutate TYRA127 has residue index 125
Residue to Mutate TYRA127 has residue index 125
Residue to Mutate TYRA127 has residue index 125
Residue to Mutate TYRA127 has residue index 125
Residue to Mutate TYRA127 has residue index 125
Residue to Mutate TYRA127 has residue index 125
Residue to Mutate TYRA127 has residue index 125
Residue to Mutate TYRA127 has residue index 125
Residue to Mutate TYRA127 has residue index 125
Residue to Mutate TYRA127 has residue index 125
Residue to Mutate TYRA132 has residue index 130
Residue to Mutate TYRA132 has residue index 130
Residue to Mutate TYRA132 has residue index 130
Residue to Mutate TYRA132 has residue index 130
Residue to Mutate TYRA132 has residue index 130
Residue to Mutate TYRA132 has residue index 130
Residue to Mutate TYRA132 has residue index 130
Residue to Mutate TYRA132 has residue index 130
Residue to Mutate TYRA132 has residue index 130
Residue to Mutate TYRA132 has residue index 130
Residue to Mutate TYRA132 has residue index 130
Residue to Mutate TYRA132 has residue index 130
Residue to Mutate TYRA132 has residue index 130
Residue to Mutate TYRA132 has residue index 130
Residue to Mutate TYRA132 has residue index 130
Residue to Mutate TYRA132 has residue index 130
Mutating residue = TYRA120 into PHE
Mutating residue = TYRA120 into GLY
Mutating residue = TYRA120 into HIS
Mutating residue = TYRA120 into ILE
Mutating residue = TYRA120 into LYS
Mutating residue = TYRA120 into LEU
Mutating residue = TYRA120 into MET
Mutating residue = TYRA120 into ASN
Mutating residue = TYRA120 into PRO
Mutating residue = TYRA120 into GLN
Mutating residue = TYRA120 into ARG
Mutating residue = TYRA120 into SER
Mutating residue = TYRA120 into THR
Mutating residue = TYRA120 into VAL
Mutating residue = TYRA120 into TRP
Mutating residue = TYRA127 into ALA
Mutating residue = TYRA127 into CYS
Mutating residue = TYRA127 into ASP
Mutating residue = TYRA127 into GLU
Mutating residue = TYRA127 into PHE
Mutating residue = TYRA127 into GLY
Mutating residue = TYRA127 into HIS
Mutating residue = TYRA127 into ILE
Mutating residue = TYRA127 into LYS
Mutating residue = TYRA127 into LEU
Mutating residue = TYRA127 into MET
Mutating residue = TYRA127 into ASN
Mutating residue = TYRA127 into PRO
Mutating residue = TYRA127 into GLN
Mutating residue = TYRA127 into ARG
Mutating residue = TYRA127 into SER
Mutating residue = TYRA127 into THR
Mutating residue = TYRA127 into VAL
Mutating residue = TYRA127 into TRP
Mutating residue = TYRA132 into ALA
Mutating residue = TYRA132 into CYS
Mutating residue = TYRA132 into ASP
Mutating residue = TYRA132 into GLU
Mutating residue = TYRA132 into PHE
Mutating residue = TYRA132 into GLY
Mutating residue = TYRA132 into HIS
Mutating residue = TYRA132 into ILE
Mutating residue = TYRA132 into LYS
Mutating residue = TYRA132 into LEU
Mutating residue = TYRA132 into MET
Mutating residue = TYRA132 into ASN
Mutating residue = TYRA132 into PRO
Mutating residue = TYRA132 into GLN
Mutating residue = TYRA132 into ARG
Mutating residue = TYRA132 into SER
Your file run OK
End time of FoldX: Sat May  9 16:27:11 2026
Total time spend: 587.75 seconds.
validated file "RUBISCO_1.pdb" => successfully finished
validated file "RUBISCO_2.pdb" => successfully finished
validated file "RUBISCO_3.pdb" => successfully finished
validated file "RUBISCO_4.pdb" => successfully finished
validated file "RUBISCO_5.pdb" => successfully finished
validated file "RUBISCO_6.pdb" => successfully finished
validated file "RUBISCO_7.pdb" => successfully finished
validated file "RUBISCO_8.pdb" => successfully finished
validated file "RUBISCO_9.pdb" => successfully finished
validated file "RUBISCO_10.pdb" => successfully finished
validated file "RUBISCO_11.pdb" => successfully finished
validated file "RUBISCO_12.pdb" => successfully finished
validated file "RUBISCO_13.pdb" => successfully finished
validated file "RUBISCO_14.pdb" => successfully finished
validated file "RUBISCO_15.pdb" => successfully finished
validated file "RUBISCO_16.pdb" => successfully finished
validated file "RUBISCO_17.pdb" => successfully finished
validated file "RUBISCO_18.pdb" => successfully finished
validated file "RUBISCO_19.pdb" => successfully finished
validated file "RUBISCO_20.pdb" => successfully finished
validated file "RUBISCO_21.pdb" => successfully finished
validated file "RUBISCO_22.pdb" => successfully finished
validated file "RUBISCO_23.pdb" => successfully finished
validated file "RUBISCO_24.pdb" => successfully finished
validated file "RUBISCO_25.pdb" => successfully finished
validated file "RUBISCO_26.pdb" => successfully finished
validated file "RUBISCO_27.pdb" => successfully finished
validated file "RUBISCO_28.pdb" => successfully finished
validated file "RUBISCO_29.pdb" => successfully finished
validated file "RUBISCO_30.pdb" => successfully finished
validated file "RUBISCO_31.pdb" => successfully finished
validated file "RUBISCO_32.pdb" => successfully finished
validated file "RUBISCO_33.pdb" => successfully finished
validated file "RUBISCO_34.pdb" => successfully finished
validated file "RUBISCO_35.pdb" => successfully finished
validated file "RUBISCO_36.pdb" => successfully finished
validated file "RUBISCO_37.pdb" => successfully finished
validated file "RUBISCO_38.pdb" => successfully finished
validated file "RUBISCO_39.pdb" => successfully finished
validated file "RUBISCO_40.pdb" => successfully finished
validated file "RUBISCO_41.pdb" => successfully finished
validated file "RUBISCO_42.pdb" => successfully finished
validated file "RUBISCO_43.pdb" => successfully finished
validated file "RUBISCO_44.pdb" => successfully finished
validated file "RUBISCO_45.pdb" => successfully finished
validated file "RUBISCO_46.pdb" => successfully finished
validated file "RUBISCO_47.pdb" => successfully finished
validated file "RUBISCO_48.pdb" => successfully finished
validated file "RUBISCO_49.pdb" => successfully finished
validated file "RUBISCO_50.pdb" => successfully finished
Cleaning BuildModel...DONE
任务 170 结果提取成功，已映射突变信息。
