   ********************************************
   ***                                      ***
   ***             FoldX 5.1 (c)            ***
   ***                                      ***
   ***     code by the FoldX Consortium     ***
   ***                                      ***
   ***     Jesper Borg, Frederic Rousseau   ***
   ***    Joost Schymkowitz, Luis Serrano   ***
   ***    Peter Vanhee, Erik Verschueren    ***
   ***     Lies Baeten, Javier Delgado      ***
   ***       and Francois Stricher          ***
   *** and any other of the 9! permutations ***
   ***   based on an original concept by    ***
   ***   Raphael Guerois and Luis Serrano   ***
   ********************************************

1 models read: RUBISCO.pdb
1 models read: RUBISCO.pdb
number of incomplete residues = 1
completing sidechain atoms of THRA460

BackHbond       =               -382.57
SideHbond       =               -129.71
Energy_VdW      =               -1065.60
Electro         =               -51.93
Energy_SolvP    =               1571.50
Energy_SolvH    =               -1376.92
Energy_vdwclash =               406.55
energy_torsion  =               216.35
backbone_vdwclash=              749.49
Entropy_sidec   =               479.20
Entropy_mainc   =               1700.40
water bonds     =               0.00
helix dipole    =               -0.84
loop_entropy    =               0.00
cis_bond        =               2.25
disulfide       =               0.00
kn electrostatic=               -0.05
partial covalent interactions = -0.82
Energy_Ionisation =             3.55
Entropy Complex =               0.00
-----------------------------------------------------------
Total          = 				  1371.34

number of incomplete residues = 1
completing sidechain atoms of THRA460

BackHbond       =               -382.57
SideHbond       =               -129.71
Energy_VdW      =               -1065.60
Electro         =               -51.93
Energy_SolvP    =               1571.50
Energy_SolvH    =               -1376.92
Energy_vdwclash =               406.55
energy_torsion  =               216.35
backbone_vdwclash=              749.49
Entropy_sidec   =               479.20
Entropy_mainc   =               1700.40
water bonds     =               0.00
helix dipole    =               -0.84
loop_entropy    =               0.00
cis_bond        =               2.25
disulfide       =               0.00
kn electrostatic=               -0.05
partial covalent interactions = -0.82
Energy_Ionisation =             3.55
Entropy Complex =               0.00
-----------------------------------------------------------
Total          = 				  1371.34

Starting BuildModel
Reading TA460D;
Reading TA460E;
Reading TA460F;
Reading TA460G;
Reading TA460H;
Reading TA460I;
Reading TA460K;
Reading TA460L;
Reading TA460M;
Reading TA460N;
Reading TA460P;
Reading TA460Q;
Reading TA460R;
Reading TA460S;
Reading TA460V;
Reading TA460W;
Reading TA460Y;
Reading TA51A;
Reading TA51C;
Reading TA51D;
Reading TA51E;
Reading TA51F;
Reading TA51G;
Reading TA51H;
Reading TA51I;
Reading TA51K;
Reading TA51L;
Reading TA51M;
Reading TA51N;
Reading TA51P;
Reading TA51Q;
Reading TA51R;
Reading TA51S;
Reading TA51V;
Reading TA51W;
Reading TA51Y;
Reading TA53A;
Reading TA53C;
Reading TA53D;
Reading TA53E;
Reading TA53F;
Reading TA53G;
Reading TA53H;
Reading TA53I;
Reading TA53K;
Reading TA53L;
Reading TA53M;
Reading TA53N;
Reading TA53P;
Reading TA53Q;
Residue to Mutate THRA460 has residue index 458
Residue to Mutate THRA460 has residue index 458
Residue to Mutate THRA460 has residue index 458
Residue to Mutate THRA460 has residue index 458
Residue to Mutate THRA460 has residue index 458
Residue to Mutate THRA460 has residue index 458
Residue to Mutate THRA460 has residue index 458
Residue to Mutate THRA460 has residue index 458
Residue to Mutate THRA460 has residue index 458
Residue to Mutate THRA460 has residue index 458
Residue to Mutate THRA460 has residue index 458
Residue to Mutate THRA460 has residue index 458
Residue to Mutate THRA460 has residue index 458
Residue to Mutate THRA460 has residue index 458
Residue to Mutate THRA460 has residue index 458
Residue to Mutate THRA460 has residue index 458
Residue to Mutate THRA460 has residue index 458
Residue to Mutate THRA51 has residue index 49
Residue to Mutate THRA51 has residue index 49
Residue to Mutate THRA51 has residue index 49
Residue to Mutate THRA51 has residue index 49
Residue to Mutate THRA51 has residue index 49
Residue to Mutate THRA51 has residue index 49
Residue to Mutate THRA51 has residue index 49
Residue to Mutate THRA51 has residue index 49
Residue to Mutate THRA51 has residue index 49
Residue to Mutate THRA51 has residue index 49
Residue to Mutate THRA51 has residue index 49
Residue to Mutate THRA51 has residue index 49
Residue to Mutate THRA51 has residue index 49
Residue to Mutate THRA51 has residue index 49
Residue to Mutate THRA51 has residue index 49
Residue to Mutate THRA51 has residue index 49
Residue to Mutate THRA51 has residue index 49
Residue to Mutate THRA51 has residue index 49
Residue to Mutate THRA51 has residue index 49
Residue to Mutate THRA53 has residue index 51
Residue to Mutate THRA53 has residue index 51
Residue to Mutate THRA53 has residue index 51
Residue to Mutate THRA53 has residue index 51
Residue to Mutate THRA53 has residue index 51
Residue to Mutate THRA53 has residue index 51
Residue to Mutate THRA53 has residue index 51
Residue to Mutate THRA53 has residue index 51
Residue to Mutate THRA53 has residue index 51
Residue to Mutate THRA53 has residue index 51
Residue to Mutate THRA53 has residue index 51
Residue to Mutate THRA53 has residue index 51
Residue to Mutate THRA53 has residue index 51
Residue to Mutate THRA53 has residue index 51
Mutating residue = THRA460 into ASP
Mutating residue = THRA460 into GLU
Mutating residue = THRA460 into PHE
Mutating residue = THRA460 into GLY
Mutating residue = THRA460 into HIS
Mutating residue = THRA460 into ILE
Mutating residue = THRA460 into LYS
Mutating residue = THRA460 into LEU
Mutating residue = THRA460 into MET
Mutating residue = THRA460 into ASN
Mutating residue = THRA460 into PRO
Mutating residue = THRA460 into GLN
Mutating residue = THRA460 into ARG
Mutating residue = THRA460 into SER
Mutating residue = THRA460 into VAL
Mutating residue = THRA460 into TRP
Mutating residue = THRA460 into TYR
Mutating residue = THRA51 into ALA
Mutating residue = THRA51 into CYS
Mutating residue = THRA51 into ASP
Mutating residue = THRA51 into GLU
Mutating residue = THRA51 into PHE
Mutating residue = THRA51 into GLY
Mutating residue = THRA51 into HIS
Mutating residue = THRA51 into ILE
Mutating residue = THRA51 into LYS
Mutating residue = THRA51 into LEU
Mutating residue = THRA51 into MET
Mutating residue = THRA51 into ASN
Mutating residue = THRA51 into PRO
Mutating residue = THRA51 into GLN
Mutating residue = THRA51 into ARG
Mutating residue = THRA51 into SER
Mutating residue = THRA51 into VAL
Mutating residue = THRA51 into TRP
Mutating residue = THRA51 into TYR
Mutating residue = THRA53 into ALA
Mutating residue = THRA53 into CYS
Mutating residue = THRA53 into ASP
Mutating residue = THRA53 into GLU
Mutating residue = THRA53 into PHE
Mutating residue = THRA53 into GLY
Mutating residue = THRA53 into HIS
Mutating residue = THRA53 into ILE
Mutating residue = THRA53 into LYS
Mutating residue = THRA53 into LEU
Mutating residue = THRA53 into MET
Mutating residue = THRA53 into ASN
Mutating residue = THRA53 into PRO
Mutating residue = THRA53 into GLN
Your file run OK
End time of FoldX: Sat May  9 16:22:08 2026
Total time spend: 286.12 seconds.
validated file "RUBISCO_1.pdb" => successfully finished
validated file "RUBISCO_2.pdb" => successfully finished
validated file "RUBISCO_3.pdb" => successfully finished
validated file "RUBISCO_4.pdb" => successfully finished
validated file "RUBISCO_5.pdb" => successfully finished
validated file "RUBISCO_6.pdb" => successfully finished
validated file "RUBISCO_7.pdb" => successfully finished
validated file "RUBISCO_8.pdb" => successfully finished
validated file "RUBISCO_9.pdb" => successfully finished
validated file "RUBISCO_10.pdb" => successfully finished
validated file "RUBISCO_11.pdb" => successfully finished
validated file "RUBISCO_12.pdb" => successfully finished
validated file "RUBISCO_13.pdb" => successfully finished
validated file "RUBISCO_14.pdb" => successfully finished
validated file "RUBISCO_15.pdb" => successfully finished
validated file "RUBISCO_16.pdb" => successfully finished
validated file "RUBISCO_17.pdb" => successfully finished
validated file "RUBISCO_18.pdb" => successfully finished
validated file "RUBISCO_19.pdb" => successfully finished
validated file "RUBISCO_20.pdb" => successfully finished
validated file "RUBISCO_21.pdb" => successfully finished
validated file "RUBISCO_22.pdb" => successfully finished
validated file "RUBISCO_23.pdb" => successfully finished
validated file "RUBISCO_24.pdb" => successfully finished
validated file "RUBISCO_25.pdb" => successfully finished
validated file "RUBISCO_26.pdb" => successfully finished
validated file "RUBISCO_27.pdb" => successfully finished
validated file "RUBISCO_28.pdb" => successfully finished
validated file "RUBISCO_29.pdb" => successfully finished
validated file "RUBISCO_30.pdb" => successfully finished
validated file "RUBISCO_31.pdb" => successfully finished
validated file "RUBISCO_32.pdb" => successfully finished
validated file "RUBISCO_33.pdb" => successfully finished
validated file "RUBISCO_34.pdb" => successfully finished
validated file "RUBISCO_35.pdb" => successfully finished
validated file "RUBISCO_36.pdb" => successfully finished
validated file "RUBISCO_37.pdb" => successfully finished
validated file "RUBISCO_38.pdb" => successfully finished
validated file "RUBISCO_39.pdb" => successfully finished
validated file "RUBISCO_40.pdb" => successfully finished
validated file "RUBISCO_41.pdb" => successfully finished
validated file "RUBISCO_42.pdb" => successfully finished
validated file "RUBISCO_43.pdb" => successfully finished
validated file "RUBISCO_44.pdb" => successfully finished
validated file "RUBISCO_45.pdb" => successfully finished
validated file "RUBISCO_46.pdb" => successfully finished
validated file "RUBISCO_47.pdb" => successfully finished
validated file "RUBISCO_48.pdb" => successfully finished
validated file "RUBISCO_49.pdb" => successfully finished
validated file "RUBISCO_50.pdb" => successfully finished
Cleaning BuildModel...DONE
任务 154 结果提取成功，已映射突变信息。
