   ********************************************
   ***                                      ***
   ***             FoldX 5.1 (c)            ***
   ***                                      ***
   ***     code by the FoldX Consortium     ***
   ***                                      ***
   ***     Jesper Borg, Frederic Rousseau   ***
   ***    Joost Schymkowitz, Luis Serrano   ***
   ***    Peter Vanhee, Erik Verschueren    ***
   ***     Lies Baeten, Javier Delgado      ***
   ***       and Francois Stricher          ***
   *** and any other of the 9! permutations ***
   ***   based on an original concept by    ***
   ***   Raphael Guerois and Luis Serrano   ***
   ********************************************

1 models read: RUBISCO.pdb
1 models read: RUBISCO.pdb
number of incomplete residues = 1
completing sidechain atoms of THRA460

BackHbond       =               -382.57
SideHbond       =               -129.71
Energy_VdW      =               -1065.60
Electro         =               -51.93
Energy_SolvP    =               1571.50
Energy_SolvH    =               -1376.92
Energy_vdwclash =               406.55
energy_torsion  =               216.35
backbone_vdwclash=              749.49
Entropy_sidec   =               479.20
Entropy_mainc   =               1700.40
water bonds     =               0.00
helix dipole    =               -0.84
loop_entropy    =               0.00
cis_bond        =               2.25
disulfide       =               0.00
kn electrostatic=               -0.05
partial covalent interactions = -0.82
Energy_Ionisation =             3.55
Entropy Complex =               0.00
-----------------------------------------------------------
Total          = 				  1371.34

number of incomplete residues = 1
completing sidechain atoms of THRA460

BackHbond       =               -382.57
SideHbond       =               -129.71
Energy_VdW      =               -1065.60
Electro         =               -51.93
Energy_SolvP    =               1571.50
Energy_SolvH    =               -1376.92
Energy_vdwclash =               406.55
energy_torsion  =               216.35
backbone_vdwclash=              749.49
Entropy_sidec   =               479.20
Entropy_mainc   =               1700.40
water bonds     =               0.00
helix dipole    =               -0.84
loop_entropy    =               0.00
cis_bond        =               2.25
disulfide       =               0.00
kn electrostatic=               -0.05
partial covalent interactions = -0.82
Energy_Ionisation =             3.55
Entropy Complex =               0.00
-----------------------------------------------------------
Total          = 				  1371.34

Starting BuildModel
Reading VA87H;
Reading VA87I;
Reading VA87K;
Reading VA87L;
Reading VA87M;
Reading VA87N;
Reading VA87P;
Reading VA87Q;
Reading VA87R;
Reading VA87S;
Reading VA87T;
Reading VA87W;
Reading VA87Y;
Reading VA8A;
Reading VA8C;
Reading VA8D;
Reading VA8E;
Reading VA8F;
Reading VA8G;
Reading VA8H;
Reading VA8I;
Reading VA8K;
Reading VA8L;
Reading VA8M;
Reading VA8N;
Reading VA8P;
Reading VA8Q;
Reading VA8R;
Reading VA8S;
Reading VA8T;
Reading VA8W;
Reading VA8Y;
Reading WA147A;
Reading WA147C;
Reading WA147D;
Reading WA147E;
Reading WA147F;
Reading WA147G;
Reading WA147H;
Reading WA147I;
Reading WA147K;
Reading WA147L;
Reading WA147M;
Reading WA147N;
Reading WA147P;
Reading WA147Q;
Reading WA147R;
Reading WA147S;
Reading WA147T;
Reading WA147V;
Residue to Mutate VALA87 has residue index 85
Residue to Mutate VALA87 has residue index 85
Residue to Mutate VALA87 has residue index 85
Residue to Mutate VALA87 has residue index 85
Residue to Mutate VALA87 has residue index 85
Residue to Mutate VALA87 has residue index 85
Residue to Mutate VALA87 has residue index 85
Residue to Mutate VALA87 has residue index 85
Residue to Mutate VALA87 has residue index 85
Residue to Mutate VALA87 has residue index 85
Residue to Mutate VALA87 has residue index 85
Residue to Mutate VALA87 has residue index 85
Residue to Mutate VALA87 has residue index 85
Residue to Mutate VALA8 has residue index 6
Residue to Mutate VALA8 has residue index 6
Residue to Mutate VALA8 has residue index 6
Residue to Mutate VALA8 has residue index 6
Residue to Mutate VALA8 has residue index 6
Residue to Mutate VALA8 has residue index 6
Residue to Mutate VALA8 has residue index 6
Residue to Mutate VALA8 has residue index 6
Residue to Mutate VALA8 has residue index 6
Residue to Mutate VALA8 has residue index 6
Residue to Mutate VALA8 has residue index 6
Residue to Mutate VALA8 has residue index 6
Residue to Mutate VALA8 has residue index 6
Residue to Mutate VALA8 has residue index 6
Residue to Mutate VALA8 has residue index 6
Residue to Mutate VALA8 has residue index 6
Residue to Mutate VALA8 has residue index 6
Residue to Mutate VALA8 has residue index 6
Residue to Mutate VALA8 has residue index 6
Residue to Mutate TRPA147 has residue index 145
Residue to Mutate TRPA147 has residue index 145
Residue to Mutate TRPA147 has residue index 145
Residue to Mutate TRPA147 has residue index 145
Residue to Mutate TRPA147 has residue index 145
Residue to Mutate TRPA147 has residue index 145
Residue to Mutate TRPA147 has residue index 145
Residue to Mutate TRPA147 has residue index 145
Residue to Mutate TRPA147 has residue index 145
Residue to Mutate TRPA147 has residue index 145
Residue to Mutate TRPA147 has residue index 145
Residue to Mutate TRPA147 has residue index 145
Residue to Mutate TRPA147 has residue index 145
Residue to Mutate TRPA147 has residue index 145
Residue to Mutate TRPA147 has residue index 145
Residue to Mutate TRPA147 has residue index 145
Residue to Mutate TRPA147 has residue index 145
Residue to Mutate TRPA147 has residue index 145
Mutating residue = VALA87 into HIS
Mutating residue = VALA87 into ILE
Mutating residue = VALA87 into LYS
Mutating residue = VALA87 into LEU
Mutating residue = VALA87 into MET
Mutating residue = VALA87 into ASN
Mutating residue = VALA87 into PRO
Mutating residue = VALA87 into GLN
Mutating residue = VALA87 into ARG
Mutating residue = VALA87 into SER
Mutating residue = VALA87 into THR
Mutating residue = VALA87 into TRP
Mutating residue = VALA87 into TYR
Mutating residue = VALA8 into ALA
Mutating residue = VALA8 into CYS
Mutating residue = VALA8 into ASP
Mutating residue = VALA8 into GLU
Mutating residue = VALA8 into PHE
Mutating residue = VALA8 into GLY
Mutating residue = VALA8 into HIS
Mutating residue = VALA8 into ILE
Mutating residue = VALA8 into LYS
Mutating residue = VALA8 into LEU
Mutating residue = VALA8 into MET
Mutating residue = VALA8 into ASN
Mutating residue = VALA8 into PRO
Mutating residue = VALA8 into GLN
Mutating residue = VALA8 into ARG
Mutating residue = VALA8 into SER
Mutating residue = VALA8 into THR
Mutating residue = VALA8 into TRP
Mutating residue = VALA8 into TYR
Mutating residue = TRPA147 into ALA
Mutating residue = TRPA147 into CYS
Mutating residue = TRPA147 into ASP
Mutating residue = TRPA147 into GLU
Mutating residue = TRPA147 into PHE
Mutating residue = TRPA147 into GLY
Mutating residue = TRPA147 into HIS
Mutating residue = TRPA147 into ILE
Mutating residue = TRPA147 into LYS
Mutating residue = TRPA147 into LEU
Mutating residue = TRPA147 into MET
Mutating residue = TRPA147 into ASN
Mutating residue = TRPA147 into PRO
Mutating residue = TRPA147 into GLN
Mutating residue = TRPA147 into ARG
Mutating residue = TRPA147 into SER
Mutating residue = TRPA147 into THR
Mutating residue = TRPA147 into VAL
Your file run OK
End time of FoldX: Sat May  9 16:20:34 2026
Total time spend: 191.80 seconds.
validated file "RUBISCO_1.pdb" => successfully finished
validated file "RUBISCO_2.pdb" => successfully finished
validated file "RUBISCO_3.pdb" => successfully finished
validated file "RUBISCO_4.pdb" => successfully finished
validated file "RUBISCO_5.pdb" => successfully finished
validated file "RUBISCO_6.pdb" => successfully finished
validated file "RUBISCO_7.pdb" => successfully finished
validated file "RUBISCO_8.pdb" => successfully finished
validated file "RUBISCO_9.pdb" => successfully finished
validated file "RUBISCO_10.pdb" => successfully finished
validated file "RUBISCO_11.pdb" => successfully finished
validated file "RUBISCO_12.pdb" => successfully finished
validated file "RUBISCO_13.pdb" => successfully finished
validated file "RUBISCO_14.pdb" => successfully finished
validated file "RUBISCO_15.pdb" => successfully finished
validated file "RUBISCO_16.pdb" => successfully finished
validated file "RUBISCO_17.pdb" => successfully finished
validated file "RUBISCO_18.pdb" => successfully finished
validated file "RUBISCO_19.pdb" => successfully finished
validated file "RUBISCO_20.pdb" => successfully finished
validated file "RUBISCO_21.pdb" => successfully finished
validated file "RUBISCO_22.pdb" => successfully finished
validated file "RUBISCO_23.pdb" => successfully finished
validated file "RUBISCO_24.pdb" => successfully finished
validated file "RUBISCO_25.pdb" => successfully finished
validated file "RUBISCO_26.pdb" => successfully finished
validated file "RUBISCO_27.pdb" => successfully finished
validated file "RUBISCO_28.pdb" => successfully finished
validated file "RUBISCO_29.pdb" => successfully finished
validated file "RUBISCO_30.pdb" => successfully finished
validated file "RUBISCO_31.pdb" => successfully finished
validated file "RUBISCO_32.pdb" => successfully finished
validated file "RUBISCO_33.pdb" => successfully finished
validated file "RUBISCO_34.pdb" => successfully finished
validated file "RUBISCO_35.pdb" => successfully finished
validated file "RUBISCO_36.pdb" => successfully finished
validated file "RUBISCO_37.pdb" => successfully finished
validated file "RUBISCO_38.pdb" => successfully finished
validated file "RUBISCO_39.pdb" => successfully finished
validated file "RUBISCO_40.pdb" => successfully finished
validated file "RUBISCO_41.pdb" => successfully finished
validated file "RUBISCO_42.pdb" => successfully finished
validated file "RUBISCO_43.pdb" => successfully finished
validated file "RUBISCO_44.pdb" => successfully finished
validated file "RUBISCO_45.pdb" => successfully finished
validated file "RUBISCO_46.pdb" => successfully finished
validated file "RUBISCO_47.pdb" => successfully finished
validated file "RUBISCO_48.pdb" => successfully finished
validated file "RUBISCO_49.pdb" => successfully finished
validated file "RUBISCO_50.pdb" => successfully finished
Cleaning BuildModel...DONE
任务 167 结果提取成功，已映射突变信息。
