   ********************************************
   ***                                      ***
   ***             FoldX 5.1 (c)            ***
   ***                                      ***
   ***     code by the FoldX Consortium     ***
   ***                                      ***
   ***     Jesper Borg, Frederic Rousseau   ***
   ***    Joost Schymkowitz, Luis Serrano   ***
   ***    Peter Vanhee, Erik Verschueren    ***
   ***     Lies Baeten, Javier Delgado      ***
   ***       and Francois Stricher          ***
   *** and any other of the 9! permutations ***
   ***   based on an original concept by    ***
   ***   Raphael Guerois and Luis Serrano   ***
   ********************************************

1 models read: RUBISCO.pdb
1 models read: RUBISCO.pdb
number of incomplete residues = 1
completing sidechain atoms of THRA460

BackHbond       =               -382.57
SideHbond       =               -129.71
Energy_VdW      =               -1065.60
Electro         =               -51.93
Energy_SolvP    =               1571.50
Energy_SolvH    =               -1376.92
Energy_vdwclash =               406.55
energy_torsion  =               216.35
backbone_vdwclash=              749.49
Entropy_sidec   =               479.20
Entropy_mainc   =               1700.40
water bonds     =               0.00
helix dipole    =               -0.84
loop_entropy    =               0.00
cis_bond        =               2.25
disulfide       =               0.00
kn electrostatic=               -0.05
partial covalent interactions = -0.82
Energy_Ionisation =             3.55
Entropy Complex =               0.00
-----------------------------------------------------------
Total          = 				  1371.34

number of incomplete residues = 1
completing sidechain atoms of THRA460

BackHbond       =               -382.57
SideHbond       =               -129.71
Energy_VdW      =               -1065.60
Electro         =               -51.93
Energy_SolvP    =               1571.50
Energy_SolvH    =               -1376.92
Energy_vdwclash =               406.55
energy_torsion  =               216.35
backbone_vdwclash=              749.49
Entropy_sidec   =               479.20
Entropy_mainc   =               1700.40
water bonds     =               0.00
helix dipole    =               -0.84
loop_entropy    =               0.00
cis_bond        =               2.25
disulfide       =               0.00
kn electrostatic=               -0.05
partial covalent interactions = -0.82
Energy_Ionisation =             3.55
Entropy Complex =               0.00
-----------------------------------------------------------
Total          = 				  1371.34

Starting BuildModel
Reading QA298V;
Reading QA298W;
Reading QA298Y;
Reading QA315A;
Reading QA315C;
Reading QA315D;
Reading QA315E;
Reading QA315F;
Reading QA315G;
Reading QA315H;
Reading QA315I;
Reading QA315K;
Reading QA315L;
Reading QA315M;
Reading QA315N;
Reading QA315P;
Reading QA315R;
Reading QA315S;
Reading QA315T;
Reading QA315V;
Reading QA315W;
Reading QA315Y;
Reading QA345A;
Reading QA345C;
Reading QA345D;
Reading QA345E;
Reading QA345F;
Reading QA345G;
Reading QA345H;
Reading QA345I;
Reading QA345K;
Reading QA345L;
Reading QA345M;
Reading QA345N;
Reading QA345P;
Reading QA345R;
Reading QA345S;
Reading QA345T;
Reading QA345V;
Reading QA345W;
Reading QA345Y;
Reading QA349A;
Reading QA349C;
Reading QA349D;
Reading QA349E;
Reading QA349F;
Reading QA349G;
Reading QA349H;
Reading QA349I;
Reading QA349K;
Residue to Mutate GLNA298 has residue index 296
Residue to Mutate GLNA298 has residue index 296
Residue to Mutate GLNA298 has residue index 296
Residue to Mutate GLNA315 has residue index 313
Residue to Mutate GLNA315 has residue index 313
Residue to Mutate GLNA315 has residue index 313
Residue to Mutate GLNA315 has residue index 313
Residue to Mutate GLNA315 has residue index 313
Residue to Mutate GLNA315 has residue index 313
Residue to Mutate GLNA315 has residue index 313
Residue to Mutate GLNA315 has residue index 313
Residue to Mutate GLNA315 has residue index 313
Residue to Mutate GLNA315 has residue index 313
Residue to Mutate GLNA315 has residue index 313
Residue to Mutate GLNA315 has residue index 313
Residue to Mutate GLNA315 has residue index 313
Residue to Mutate GLNA315 has residue index 313
Residue to Mutate GLNA315 has residue index 313
Residue to Mutate GLNA315 has residue index 313
Residue to Mutate GLNA315 has residue index 313
Residue to Mutate GLNA315 has residue index 313
Residue to Mutate GLNA315 has residue index 313
Residue to Mutate GLNA345 has residue index 343
Residue to Mutate GLNA345 has residue index 343
Residue to Mutate GLNA345 has residue index 343
Residue to Mutate GLNA345 has residue index 343
Residue to Mutate GLNA345 has residue index 343
Residue to Mutate GLNA345 has residue index 343
Residue to Mutate GLNA345 has residue index 343
Residue to Mutate GLNA345 has residue index 343
Residue to Mutate GLNA345 has residue index 343
Residue to Mutate GLNA345 has residue index 343
Residue to Mutate GLNA345 has residue index 343
Residue to Mutate GLNA345 has residue index 343
Residue to Mutate GLNA345 has residue index 343
Residue to Mutate GLNA345 has residue index 343
Residue to Mutate GLNA345 has residue index 343
Residue to Mutate GLNA345 has residue index 343
Residue to Mutate GLNA345 has residue index 343
Residue to Mutate GLNA345 has residue index 343
Residue to Mutate GLNA345 has residue index 343
Residue to Mutate GLNA349 has residue index 347
Residue to Mutate GLNA349 has residue index 347
Residue to Mutate GLNA349 has residue index 347
Residue to Mutate GLNA349 has residue index 347
Residue to Mutate GLNA349 has residue index 347
Residue to Mutate GLNA349 has residue index 347
Residue to Mutate GLNA349 has residue index 347
Residue to Mutate GLNA349 has residue index 347
Residue to Mutate GLNA349 has residue index 347
Mutating residue = GLNA298 into VAL
Mutating residue = GLNA298 into TRP
Mutating residue = GLNA298 into TYR
Mutating residue = GLNA315 into ALA
Mutating residue = GLNA315 into CYS
Mutating residue = GLNA315 into ASP
Mutating residue = GLNA315 into GLU
Mutating residue = GLNA315 into PHE
Mutating residue = GLNA315 into GLY
Mutating residue = GLNA315 into HIS
Mutating residue = GLNA315 into ILE
Mutating residue = GLNA315 into LYS
Mutating residue = GLNA315 into LEU
Mutating residue = GLNA315 into MET
Mutating residue = GLNA315 into ASN
Mutating residue = GLNA315 into PRO
Mutating residue = GLNA315 into ARG
Mutating residue = GLNA315 into SER
Mutating residue = GLNA315 into THR
Mutating residue = GLNA315 into VAL
Mutating residue = GLNA315 into TRP
Mutating residue = GLNA315 into TYR
Mutating residue = GLNA345 into ALA
Mutating residue = GLNA345 into CYS
Mutating residue = GLNA345 into ASP
Mutating residue = GLNA345 into GLU
Mutating residue = GLNA345 into PHE
Mutating residue = GLNA345 into GLY
Mutating residue = GLNA345 into HIS
Mutating residue = GLNA345 into ILE
Mutating residue = GLNA345 into LYS
Mutating residue = GLNA345 into LEU
Mutating residue = GLNA345 into MET
Mutating residue = GLNA345 into ASN
Mutating residue = GLNA345 into PRO
Mutating residue = GLNA345 into ARG
Mutating residue = GLNA345 into SER
Mutating residue = GLNA345 into THR
Mutating residue = GLNA345 into VAL
Mutating residue = GLNA345 into TRP
Mutating residue = GLNA345 into TYR
Mutating residue = GLNA349 into ALA
Mutating residue = GLNA349 into CYS
Mutating residue = GLNA349 into ASP
Mutating residue = GLNA349 into GLU
Mutating residue = GLNA349 into PHE
Mutating residue = GLNA349 into GLY
Mutating residue = GLNA349 into HIS
Mutating residue = GLNA349 into ILE
Mutating residue = GLNA349 into LYS
Your file run OK
End time of FoldX: Sat May  9 16:24:45 2026
Total time spend: 443.27 seconds.
validated file "RUBISCO_1.pdb" => successfully finished
validated file "RUBISCO_2.pdb" => successfully finished
validated file "RUBISCO_3.pdb" => successfully finished
validated file "RUBISCO_4.pdb" => successfully finished
validated file "RUBISCO_5.pdb" => successfully finished
validated file "RUBISCO_6.pdb" => successfully finished
validated file "RUBISCO_7.pdb" => successfully finished
validated file "RUBISCO_8.pdb" => successfully finished
validated file "RUBISCO_9.pdb" => successfully finished
validated file "RUBISCO_10.pdb" => successfully finished
validated file "RUBISCO_11.pdb" => successfully finished
validated file "RUBISCO_12.pdb" => successfully finished
validated file "RUBISCO_13.pdb" => successfully finished
validated file "RUBISCO_14.pdb" => successfully finished
validated file "RUBISCO_15.pdb" => successfully finished
validated file "RUBISCO_16.pdb" => successfully finished
validated file "RUBISCO_17.pdb" => successfully finished
validated file "RUBISCO_18.pdb" => successfully finished
validated file "RUBISCO_19.pdb" => successfully finished
validated file "RUBISCO_20.pdb" => successfully finished
validated file "RUBISCO_21.pdb" => successfully finished
validated file "RUBISCO_22.pdb" => successfully finished
validated file "RUBISCO_23.pdb" => successfully finished
validated file "RUBISCO_24.pdb" => successfully finished
validated file "RUBISCO_25.pdb" => successfully finished
validated file "RUBISCO_26.pdb" => successfully finished
validated file "RUBISCO_27.pdb" => successfully finished
validated file "RUBISCO_28.pdb" => successfully finished
validated file "RUBISCO_29.pdb" => successfully finished
validated file "RUBISCO_30.pdb" => successfully finished
validated file "RUBISCO_31.pdb" => successfully finished
validated file "RUBISCO_32.pdb" => successfully finished
validated file "RUBISCO_33.pdb" => successfully finished
validated file "RUBISCO_34.pdb" => successfully finished
validated file "RUBISCO_35.pdb" => successfully finished
validated file "RUBISCO_36.pdb" => successfully finished
validated file "RUBISCO_37.pdb" => successfully finished
validated file "RUBISCO_38.pdb" => successfully finished
validated file "RUBISCO_39.pdb" => successfully finished
validated file "RUBISCO_40.pdb" => successfully finished
validated file "RUBISCO_41.pdb" => successfully finished
validated file "RUBISCO_42.pdb" => successfully finished
validated file "RUBISCO_43.pdb" => successfully finished
validated file "RUBISCO_44.pdb" => successfully finished
validated file "RUBISCO_45.pdb" => successfully finished
validated file "RUBISCO_46.pdb" => successfully finished
validated file "RUBISCO_47.pdb" => successfully finished
validated file "RUBISCO_48.pdb" => successfully finished
validated file "RUBISCO_49.pdb" => successfully finished
validated file "RUBISCO_50.pdb" => successfully finished
Cleaning BuildModel...DONE
任务 127 结果提取成功，已映射突变信息。
