   ********************************************
   ***                                      ***
   ***             FoldX 5.1 (c)            ***
   ***                                      ***
   ***     code by the FoldX Consortium     ***
   ***                                      ***
   ***     Jesper Borg, Frederic Rousseau   ***
   ***    Joost Schymkowitz, Luis Serrano   ***
   ***    Peter Vanhee, Erik Verschueren    ***
   ***     Lies Baeten, Javier Delgado      ***
   ***       and Francois Stricher          ***
   *** and any other of the 9! permutations ***
   ***   based on an original concept by    ***
   ***   Raphael Guerois and Luis Serrano   ***
   ********************************************

1 models read: RUBISCO.pdb
1 models read: RUBISCO.pdb
number of incomplete residues = 1
completing sidechain atoms of THRA460

BackHbond       =               -382.57
SideHbond       =               -129.71
Energy_VdW      =               -1065.60
Electro         =               -51.93
Energy_SolvP    =               1571.50
Energy_SolvH    =               -1376.92
Energy_vdwclash =               406.55
energy_torsion  =               216.35
backbone_vdwclash=              749.49
Entropy_sidec   =               479.20
Entropy_mainc   =               1700.40
water bonds     =               0.00
helix dipole    =               -0.84
loop_entropy    =               0.00
cis_bond        =               2.25
disulfide       =               0.00
kn electrostatic=               -0.05
partial covalent interactions = -0.82
Energy_Ionisation =             3.55
Entropy Complex =               0.00
-----------------------------------------------------------
Total          = 				  1371.34

number of incomplete residues = 1
completing sidechain atoms of THRA460

BackHbond       =               -382.57
SideHbond       =               -129.71
Energy_VdW      =               -1065.60
Electro         =               -51.93
Energy_SolvP    =               1571.50
Energy_SolvH    =               -1376.92
Energy_vdwclash =               406.55
energy_torsion  =               216.35
backbone_vdwclash=              749.49
Entropy_sidec   =               479.20
Entropy_mainc   =               1700.40
water bonds     =               0.00
helix dipole    =               -0.84
loop_entropy    =               0.00
cis_bond        =               2.25
disulfide       =               0.00
kn electrostatic=               -0.05
partial covalent interactions = -0.82
Energy_Ionisation =             3.55
Entropy Complex =               0.00
-----------------------------------------------------------
Total          = 				  1371.34

Starting BuildModel
Reading GA138K;
Reading GA138L;
Reading GA138M;
Reading GA138N;
Reading GA138P;
Reading GA138Q;
Reading GA138R;
Reading GA138S;
Reading GA138T;
Reading GA138V;
Reading GA138W;
Reading GA138Y;
Reading GA151A;
Reading GA151C;
Reading GA151D;
Reading GA151E;
Reading GA151F;
Reading GA151H;
Reading GA151I;
Reading GA151K;
Reading GA151L;
Reading GA151M;
Reading GA151N;
Reading GA151P;
Reading GA151Q;
Reading GA151R;
Reading GA151S;
Reading GA151T;
Reading GA151V;
Reading GA151W;
Reading GA151Y;
Reading GA157A;
Reading GA157C;
Reading GA157D;
Reading GA157E;
Reading GA157F;
Reading GA157H;
Reading GA157I;
Reading GA157K;
Reading GA157L;
Reading GA157M;
Reading GA157N;
Reading GA157P;
Reading GA157Q;
Reading GA157R;
Reading GA157S;
Reading GA157T;
Reading GA157V;
Reading GA157W;
Reading GA157Y;
Residue to Mutate GLYA138 has residue index 136
Residue to Mutate GLYA138 has residue index 136
Residue to Mutate GLYA138 has residue index 136
Residue to Mutate GLYA138 has residue index 136
Residue to Mutate GLYA138 has residue index 136
Residue to Mutate GLYA138 has residue index 136
Residue to Mutate GLYA138 has residue index 136
Residue to Mutate GLYA138 has residue index 136
Residue to Mutate GLYA138 has residue index 136
Residue to Mutate GLYA138 has residue index 136
Residue to Mutate GLYA138 has residue index 136
Residue to Mutate GLYA138 has residue index 136
Residue to Mutate GLYA151 has residue index 149
Residue to Mutate GLYA151 has residue index 149
Residue to Mutate GLYA151 has residue index 149
Residue to Mutate GLYA151 has residue index 149
Residue to Mutate GLYA151 has residue index 149
Residue to Mutate GLYA151 has residue index 149
Residue to Mutate GLYA151 has residue index 149
Residue to Mutate GLYA151 has residue index 149
Residue to Mutate GLYA151 has residue index 149
Residue to Mutate GLYA151 has residue index 149
Residue to Mutate GLYA151 has residue index 149
Residue to Mutate GLYA151 has residue index 149
Residue to Mutate GLYA151 has residue index 149
Residue to Mutate GLYA151 has residue index 149
Residue to Mutate GLYA151 has residue index 149
Residue to Mutate GLYA151 has residue index 149
Residue to Mutate GLYA151 has residue index 149
Residue to Mutate GLYA151 has residue index 149
Residue to Mutate GLYA151 has residue index 149
Residue to Mutate GLYA157 has residue index 155
Residue to Mutate GLYA157 has residue index 155
Residue to Mutate GLYA157 has residue index 155
Residue to Mutate GLYA157 has residue index 155
Residue to Mutate GLYA157 has residue index 155
Residue to Mutate GLYA157 has residue index 155
Residue to Mutate GLYA157 has residue index 155
Residue to Mutate GLYA157 has residue index 155
Residue to Mutate GLYA157 has residue index 155
Residue to Mutate GLYA157 has residue index 155
Residue to Mutate GLYA157 has residue index 155
Residue to Mutate GLYA157 has residue index 155
Residue to Mutate GLYA157 has residue index 155
Residue to Mutate GLYA157 has residue index 155
Residue to Mutate GLYA157 has residue index 155
Residue to Mutate GLYA157 has residue index 155
Residue to Mutate GLYA157 has residue index 155
Residue to Mutate GLYA157 has residue index 155
Residue to Mutate GLYA157 has residue index 155
Mutating residue = GLYA138 into LYS
Mutating residue = GLYA138 into LEU
Mutating residue = GLYA138 into MET
Mutating residue = GLYA138 into ASN
Mutating residue = GLYA138 into PRO
Mutating residue = GLYA138 into GLN
Mutating residue = GLYA138 into ARG
Mutating residue = GLYA138 into SER
Mutating residue = GLYA138 into THR
Mutating residue = GLYA138 into VAL
Mutating residue = GLYA138 into TRP
Mutating residue = GLYA138 into TYR
Mutating residue = GLYA151 into ALA
Mutating residue = GLYA151 into CYS
Mutating residue = GLYA151 into ASP
Mutating residue = GLYA151 into GLU
Mutating residue = GLYA151 into PHE
Mutating residue = GLYA151 into HIS
Mutating residue = GLYA151 into ILE
Mutating residue = GLYA151 into LYS
Mutating residue = GLYA151 into LEU
Mutating residue = GLYA151 into MET
Mutating residue = GLYA151 into ASN
Mutating residue = GLYA151 into PRO
Mutating residue = GLYA151 into GLN
Mutating residue = GLYA151 into ARG
Mutating residue = GLYA151 into SER
Mutating residue = GLYA151 into THR
Mutating residue = GLYA151 into VAL
Mutating residue = GLYA151 into TRP
Mutating residue = GLYA151 into TYR
Mutating residue = GLYA157 into ALA
Mutating residue = GLYA157 into CYS
Mutating residue = GLYA157 into ASP
Mutating residue = GLYA157 into GLU
Mutating residue = GLYA157 into PHE
Mutating residue = GLYA157 into HIS
Mutating residue = GLYA157 into ILE
Mutating residue = GLYA157 into LYS
Mutating residue = GLYA157 into LEU
Mutating residue = GLYA157 into MET
Mutating residue = GLYA157 into ASN
Mutating residue = GLYA157 into PRO
Mutating residue = GLYA157 into GLN
Mutating residue = GLYA157 into ARG
Mutating residue = GLYA157 into SER
Mutating residue = GLYA157 into THR
Mutating residue = GLYA157 into VAL
Mutating residue = GLYA157 into TRP
Mutating residue = GLYA157 into TYR
Your file run OK
End time of FoldX: Sat May  9 16:22:21 2026
Total time spend: 298.72 seconds.
validated file "RUBISCO_1.pdb" => successfully finished
validated file "RUBISCO_2.pdb" => successfully finished
validated file "RUBISCO_3.pdb" => successfully finished
validated file "RUBISCO_4.pdb" => successfully finished
validated file "RUBISCO_5.pdb" => successfully finished
validated file "RUBISCO_6.pdb" => successfully finished
validated file "RUBISCO_7.pdb" => successfully finished
validated file "RUBISCO_8.pdb" => successfully finished
validated file "RUBISCO_9.pdb" => successfully finished
validated file "RUBISCO_10.pdb" => successfully finished
validated file "RUBISCO_11.pdb" => successfully finished
validated file "RUBISCO_12.pdb" => successfully finished
validated file "RUBISCO_13.pdb" => successfully finished
validated file "RUBISCO_14.pdb" => successfully finished
validated file "RUBISCO_15.pdb" => successfully finished
validated file "RUBISCO_16.pdb" => successfully finished
validated file "RUBISCO_17.pdb" => successfully finished
validated file "RUBISCO_18.pdb" => successfully finished
validated file "RUBISCO_19.pdb" => successfully finished
validated file "RUBISCO_20.pdb" => successfully finished
validated file "RUBISCO_21.pdb" => successfully finished
validated file "RUBISCO_22.pdb" => successfully finished
validated file "RUBISCO_23.pdb" => successfully finished
validated file "RUBISCO_24.pdb" => successfully finished
validated file "RUBISCO_25.pdb" => successfully finished
validated file "RUBISCO_26.pdb" => successfully finished
validated file "RUBISCO_27.pdb" => successfully finished
validated file "RUBISCO_28.pdb" => successfully finished
validated file "RUBISCO_29.pdb" => successfully finished
validated file "RUBISCO_30.pdb" => successfully finished
validated file "RUBISCO_31.pdb" => successfully finished
validated file "RUBISCO_32.pdb" => successfully finished
validated file "RUBISCO_33.pdb" => successfully finished
validated file "RUBISCO_34.pdb" => successfully finished
validated file "RUBISCO_35.pdb" => successfully finished
validated file "RUBISCO_36.pdb" => successfully finished
validated file "RUBISCO_37.pdb" => successfully finished
validated file "RUBISCO_38.pdb" => successfully finished
validated file "RUBISCO_39.pdb" => successfully finished
validated file "RUBISCO_40.pdb" => successfully finished
validated file "RUBISCO_41.pdb" => successfully finished
validated file "RUBISCO_42.pdb" => successfully finished
validated file "RUBISCO_43.pdb" => successfully finished
validated file "RUBISCO_44.pdb" => successfully finished
validated file "RUBISCO_45.pdb" => successfully finished
validated file "RUBISCO_46.pdb" => successfully finished
validated file "RUBISCO_47.pdb" => successfully finished
validated file "RUBISCO_48.pdb" => successfully finished
validated file "RUBISCO_49.pdb" => successfully finished
validated file "RUBISCO_50.pdb" => successfully finished
Cleaning BuildModel...DONE
任务 57 结果提取成功，已映射突变信息。
