   ********************************************
   ***                                      ***
   ***             FoldX 5.1 (c)            ***
   ***                                      ***
   ***     code by the FoldX Consortium     ***
   ***                                      ***
   ***     Jesper Borg, Frederic Rousseau   ***
   ***    Joost Schymkowitz, Luis Serrano   ***
   ***    Peter Vanhee, Erik Verschueren    ***
   ***     Lies Baeten, Javier Delgado      ***
   ***       and Francois Stricher          ***
   *** and any other of the 9! permutations ***
   ***   based on an original concept by    ***
   ***   Raphael Guerois and Luis Serrano   ***
   ********************************************

1 models read: RUBISCO.pdb
1 models read: RUBISCO.pdb
number of incomplete residues = 1
completing sidechain atoms of THRA460

BackHbond       =               -382.57
SideHbond       =               -129.71
Energy_VdW      =               -1065.60
Electro         =               -51.93
Energy_SolvP    =               1571.50
Energy_SolvH    =               -1376.92
Energy_vdwclash =               406.55
energy_torsion  =               216.35
backbone_vdwclash=              749.49
Entropy_sidec   =               479.20
Entropy_mainc   =               1700.40
water bonds     =               0.00
helix dipole    =               -0.84
loop_entropy    =               0.00
cis_bond        =               2.25
disulfide       =               0.00
kn electrostatic=               -0.05
partial covalent interactions = -0.82
Energy_Ionisation =             3.55
Entropy Complex =               0.00
-----------------------------------------------------------
Total          = 				  1371.34

number of incomplete residues = 1
completing sidechain atoms of THRA460

BackHbond       =               -382.57
SideHbond       =               -129.71
Energy_VdW      =               -1065.60
Electro         =               -51.93
Energy_SolvP    =               1571.50
Energy_SolvH    =               -1376.92
Energy_vdwclash =               406.55
energy_torsion  =               216.35
backbone_vdwclash=              749.49
Entropy_sidec   =               479.20
Entropy_mainc   =               1700.40
water bonds     =               0.00
helix dipole    =               -0.84
loop_entropy    =               0.00
cis_bond        =               2.25
disulfide       =               0.00
kn electrostatic=               -0.05
partial covalent interactions = -0.82
Energy_Ionisation =             3.55
Entropy Complex =               0.00
-----------------------------------------------------------
Total          = 				  1371.34

Starting BuildModel
Reading DA62M;
Reading DA62N;
Reading DA62P;
Reading DA62Q;
Reading DA62R;
Reading DA62S;
Reading DA62T;
Reading DA62V;
Reading DA62W;
Reading DA62Y;
Reading DA68A;
Reading DA68C;
Reading DA68E;
Reading DA68F;
Reading DA68G;
Reading DA68H;
Reading DA68I;
Reading DA68K;
Reading DA68L;
Reading DA68M;
Reading DA68N;
Reading DA68P;
Reading DA68Q;
Reading DA68R;
Reading DA68S;
Reading DA68T;
Reading DA68V;
Reading DA68W;
Reading DA68Y;
Reading DA75A;
Reading DA75C;
Reading DA75E;
Reading DA75F;
Reading DA75G;
Reading DA75H;
Reading DA75I;
Reading DA75K;
Reading DA75L;
Reading DA75M;
Reading DA75N;
Reading DA75P;
Reading DA75Q;
Reading DA75R;
Reading DA75S;
Reading DA75T;
Reading DA75V;
Reading DA75W;
Reading DA75Y;
Reading DA91A;
Reading DA91C;
Residue to Mutate ASPA62 has residue index 60
Residue to Mutate ASPA62 has residue index 60
Residue to Mutate ASPA62 has residue index 60
Residue to Mutate ASPA62 has residue index 60
Residue to Mutate ASPA62 has residue index 60
Residue to Mutate ASPA62 has residue index 60
Residue to Mutate ASPA62 has residue index 60
Residue to Mutate ASPA62 has residue index 60
Residue to Mutate ASPA62 has residue index 60
Residue to Mutate ASPA62 has residue index 60
Residue to Mutate ASPA68 has residue index 66
Residue to Mutate ASPA68 has residue index 66
Residue to Mutate ASPA68 has residue index 66
Residue to Mutate ASPA68 has residue index 66
Residue to Mutate ASPA68 has residue index 66
Residue to Mutate ASPA68 has residue index 66
Residue to Mutate ASPA68 has residue index 66
Residue to Mutate ASPA68 has residue index 66
Residue to Mutate ASPA68 has residue index 66
Residue to Mutate ASPA68 has residue index 66
Residue to Mutate ASPA68 has residue index 66
Residue to Mutate ASPA68 has residue index 66
Residue to Mutate ASPA68 has residue index 66
Residue to Mutate ASPA68 has residue index 66
Residue to Mutate ASPA68 has residue index 66
Residue to Mutate ASPA68 has residue index 66
Residue to Mutate ASPA68 has residue index 66
Residue to Mutate ASPA68 has residue index 66
Residue to Mutate ASPA68 has residue index 66
Residue to Mutate ASPA75 has residue index 73
Residue to Mutate ASPA75 has residue index 73
Residue to Mutate ASPA75 has residue index 73
Residue to Mutate ASPA75 has residue index 73
Residue to Mutate ASPA75 has residue index 73
Residue to Mutate ASPA75 has residue index 73
Residue to Mutate ASPA75 has residue index 73
Residue to Mutate ASPA75 has residue index 73
Residue to Mutate ASPA75 has residue index 73
Residue to Mutate ASPA75 has residue index 73
Residue to Mutate ASPA75 has residue index 73
Residue to Mutate ASPA75 has residue index 73
Residue to Mutate ASPA75 has residue index 73
Residue to Mutate ASPA75 has residue index 73
Residue to Mutate ASPA75 has residue index 73
Residue to Mutate ASPA75 has residue index 73
Residue to Mutate ASPA75 has residue index 73
Residue to Mutate ASPA75 has residue index 73
Residue to Mutate ASPA75 has residue index 73
Residue to Mutate ASPA91 has residue index 89
Residue to Mutate ASPA91 has residue index 89
Mutating residue = ASPA62 into MET
Mutating residue = ASPA62 into ASN
Mutating residue = ASPA62 into PRO
Mutating residue = ASPA62 into GLN
Mutating residue = ASPA62 into ARG
Mutating residue = ASPA62 into SER
Mutating residue = ASPA62 into THR
Mutating residue = ASPA62 into VAL
Mutating residue = ASPA62 into TRP
Mutating residue = ASPA62 into TYR
Mutating residue = ASPA68 into ALA
Mutating residue = ASPA68 into CYS
Mutating residue = ASPA68 into GLU
Mutating residue = ASPA68 into PHE
Mutating residue = ASPA68 into GLY
Mutating residue = ASPA68 into HIS
Mutating residue = ASPA68 into ILE
Mutating residue = ASPA68 into LYS
Mutating residue = ASPA68 into LEU
Mutating residue = ASPA68 into MET
Mutating residue = ASPA68 into ASN
Mutating residue = ASPA68 into PRO
Mutating residue = ASPA68 into GLN
Mutating residue = ASPA68 into ARG
Mutating residue = ASPA68 into SER
Mutating residue = ASPA68 into THR
Mutating residue = ASPA68 into VAL
Mutating residue = ASPA68 into TRP
Mutating residue = ASPA68 into TYR
Mutating residue = ASPA75 into ALA
Mutating residue = ASPA75 into CYS
Mutating residue = ASPA75 into GLU
Mutating residue = ASPA75 into PHE
Mutating residue = ASPA75 into GLY
Mutating residue = ASPA75 into HIS
Mutating residue = ASPA75 into ILE
Mutating residue = ASPA75 into LYS
Mutating residue = ASPA75 into LEU
Mutating residue = ASPA75 into MET
Mutating residue = ASPA75 into ASN
Mutating residue = ASPA75 into PRO
Mutating residue = ASPA75 into GLN
Mutating residue = ASPA75 into ARG
Mutating residue = ASPA75 into SER
Mutating residue = ASPA75 into THR
Mutating residue = ASPA75 into VAL
Mutating residue = ASPA75 into TRP
Mutating residue = ASPA75 into TYR
Mutating residue = ASPA91 into ALA
Mutating residue = ASPA91 into CYS
Your file run OK
End time of FoldX: Sat May  9 16:22:30 2026
Total time spend: 310.30 seconds.
validated file "RUBISCO_1.pdb" => successfully finished
validated file "RUBISCO_2.pdb" => successfully finished
validated file "RUBISCO_3.pdb" => successfully finished
validated file "RUBISCO_4.pdb" => successfully finished
validated file "RUBISCO_5.pdb" => successfully finished
validated file "RUBISCO_6.pdb" => successfully finished
validated file "RUBISCO_7.pdb" => successfully finished
validated file "RUBISCO_8.pdb" => successfully finished
validated file "RUBISCO_9.pdb" => successfully finished
validated file "RUBISCO_10.pdb" => successfully finished
validated file "RUBISCO_11.pdb" => successfully finished
validated file "RUBISCO_12.pdb" => successfully finished
validated file "RUBISCO_13.pdb" => successfully finished
validated file "RUBISCO_14.pdb" => successfully finished
validated file "RUBISCO_15.pdb" => successfully finished
validated file "RUBISCO_16.pdb" => successfully finished
validated file "RUBISCO_17.pdb" => successfully finished
validated file "RUBISCO_18.pdb" => successfully finished
validated file "RUBISCO_19.pdb" => successfully finished
validated file "RUBISCO_20.pdb" => successfully finished
validated file "RUBISCO_21.pdb" => successfully finished
validated file "RUBISCO_22.pdb" => successfully finished
validated file "RUBISCO_23.pdb" => successfully finished
validated file "RUBISCO_24.pdb" => successfully finished
validated file "RUBISCO_25.pdb" => successfully finished
validated file "RUBISCO_26.pdb" => successfully finished
validated file "RUBISCO_27.pdb" => successfully finished
validated file "RUBISCO_28.pdb" => successfully finished
validated file "RUBISCO_29.pdb" => successfully finished
validated file "RUBISCO_30.pdb" => successfully finished
validated file "RUBISCO_31.pdb" => successfully finished
validated file "RUBISCO_32.pdb" => successfully finished
validated file "RUBISCO_33.pdb" => successfully finished
validated file "RUBISCO_34.pdb" => successfully finished
validated file "RUBISCO_35.pdb" => successfully finished
validated file "RUBISCO_36.pdb" => successfully finished
validated file "RUBISCO_37.pdb" => successfully finished
validated file "RUBISCO_38.pdb" => successfully finished
validated file "RUBISCO_39.pdb" => successfully finished
validated file "RUBISCO_40.pdb" => successfully finished
validated file "RUBISCO_41.pdb" => successfully finished
validated file "RUBISCO_42.pdb" => successfully finished
validated file "RUBISCO_43.pdb" => successfully finished
validated file "RUBISCO_44.pdb" => successfully finished
validated file "RUBISCO_45.pdb" => successfully finished
validated file "RUBISCO_46.pdb" => successfully finished
validated file "RUBISCO_47.pdb" => successfully finished
validated file "RUBISCO_48.pdb" => successfully finished
validated file "RUBISCO_49.pdb" => successfully finished
validated file "RUBISCO_50.pdb" => successfully finished
Cleaning BuildModel...DONE
任务 35 结果提取成功，已映射突变信息。
