   ********************************************
   ***                                      ***
   ***             FoldX 5.1 (c)            ***
   ***                                      ***
   ***     code by the FoldX Consortium     ***
   ***                                      ***
   ***     Jesper Borg, Frederic Rousseau   ***
   ***    Joost Schymkowitz, Luis Serrano   ***
   ***    Peter Vanhee, Erik Verschueren    ***
   ***     Lies Baeten, Javier Delgado      ***
   ***       and Francois Stricher          ***
   *** and any other of the 9! permutations ***
   ***   based on an original concept by    ***
   ***   Raphael Guerois and Luis Serrano   ***
   ********************************************

1 models read: RUBISCO.pdb
1 models read: RUBISCO.pdb
number of incomplete residues = 1
completing sidechain atoms of THRA460

BackHbond       =               -382.57
SideHbond       =               -129.71
Energy_VdW      =               -1065.60
Electro         =               -51.93
Energy_SolvP    =               1571.50
Energy_SolvH    =               -1376.92
Energy_vdwclash =               406.55
energy_torsion  =               216.35
backbone_vdwclash=              749.49
Entropy_sidec   =               479.20
Entropy_mainc   =               1700.40
water bonds     =               0.00
helix dipole    =               -0.84
loop_entropy    =               0.00
cis_bond        =               2.25
disulfide       =               0.00
kn electrostatic=               -0.05
partial covalent interactions = -0.82
Energy_Ionisation =             3.55
Entropy Complex =               0.00
-----------------------------------------------------------
Total          = 				  1371.34

number of incomplete residues = 1
completing sidechain atoms of THRA460

BackHbond       =               -382.57
SideHbond       =               -129.71
Energy_VdW      =               -1065.60
Electro         =               -51.93
Energy_SolvP    =               1571.50
Energy_SolvH    =               -1376.92
Energy_vdwclash =               406.55
energy_torsion  =               216.35
backbone_vdwclash=              749.49
Entropy_sidec   =               479.20
Entropy_mainc   =               1700.40
water bonds     =               0.00
helix dipole    =               -0.84
loop_entropy    =               0.00
cis_bond        =               2.25
disulfide       =               0.00
kn electrostatic=               -0.05
partial covalent interactions = -0.82
Energy_Ionisation =             3.55
Entropy Complex =               0.00
-----------------------------------------------------------
Total          = 				  1371.34

Starting BuildModel
Reading IA400T;
Reading IA400V;
Reading IA400W;
Reading IA400Y;
Reading IA447A;
Reading IA447C;
Reading IA447D;
Reading IA447E;
Reading IA447F;
Reading IA447G;
Reading IA447H;
Reading IA447K;
Reading IA447L;
Reading IA447M;
Reading IA447N;
Reading IA447P;
Reading IA447Q;
Reading IA447R;
Reading IA447S;
Reading IA447T;
Reading IA447V;
Reading IA447W;
Reading IA447Y;
Reading IA83A;
Reading IA83C;
Reading IA83D;
Reading IA83E;
Reading IA83F;
Reading IA83G;
Reading IA83H;
Reading IA83K;
Reading IA83L;
Reading IA83M;
Reading IA83N;
Reading IA83P;
Reading IA83Q;
Reading IA83R;
Reading IA83S;
Reading IA83T;
Reading IA83V;
Reading IA83W;
Reading IA83Y;
Reading IA94A;
Reading IA94C;
Reading IA94D;
Reading IA94E;
Reading IA94F;
Reading IA94G;
Reading IA94H;
Reading IA94K;
Residue to Mutate ILEA400 has residue index 398
Residue to Mutate ILEA400 has residue index 398
Residue to Mutate ILEA400 has residue index 398
Residue to Mutate ILEA400 has residue index 398
Residue to Mutate ILEA447 has residue index 445
Residue to Mutate ILEA447 has residue index 445
Residue to Mutate ILEA447 has residue index 445
Residue to Mutate ILEA447 has residue index 445
Residue to Mutate ILEA447 has residue index 445
Residue to Mutate ILEA447 has residue index 445
Residue to Mutate ILEA447 has residue index 445
Residue to Mutate ILEA447 has residue index 445
Residue to Mutate ILEA447 has residue index 445
Residue to Mutate ILEA447 has residue index 445
Residue to Mutate ILEA447 has residue index 445
Residue to Mutate ILEA447 has residue index 445
Residue to Mutate ILEA447 has residue index 445
Residue to Mutate ILEA447 has residue index 445
Residue to Mutate ILEA447 has residue index 445
Residue to Mutate ILEA447 has residue index 445
Residue to Mutate ILEA447 has residue index 445
Residue to Mutate ILEA447 has residue index 445
Residue to Mutate ILEA447 has residue index 445
Residue to Mutate ILEA83 has residue index 81
Residue to Mutate ILEA83 has residue index 81
Residue to Mutate ILEA83 has residue index 81
Residue to Mutate ILEA83 has residue index 81
Residue to Mutate ILEA83 has residue index 81
Residue to Mutate ILEA83 has residue index 81
Residue to Mutate ILEA83 has residue index 81
Residue to Mutate ILEA83 has residue index 81
Residue to Mutate ILEA83 has residue index 81
Residue to Mutate ILEA83 has residue index 81
Residue to Mutate ILEA83 has residue index 81
Residue to Mutate ILEA83 has residue index 81
Residue to Mutate ILEA83 has residue index 81
Residue to Mutate ILEA83 has residue index 81
Residue to Mutate ILEA83 has residue index 81
Residue to Mutate ILEA83 has residue index 81
Residue to Mutate ILEA83 has residue index 81
Residue to Mutate ILEA83 has residue index 81
Residue to Mutate ILEA83 has residue index 81
Residue to Mutate ILEA94 has residue index 92
Residue to Mutate ILEA94 has residue index 92
Residue to Mutate ILEA94 has residue index 92
Residue to Mutate ILEA94 has residue index 92
Residue to Mutate ILEA94 has residue index 92
Residue to Mutate ILEA94 has residue index 92
Residue to Mutate ILEA94 has residue index 92
Residue to Mutate ILEA94 has residue index 92
Mutating residue = ILEA400 into THR
Mutating residue = ILEA400 into VAL
Mutating residue = ILEA400 into TRP
Mutating residue = ILEA400 into TYR
Mutating residue = ILEA447 into ALA
Mutating residue = ILEA447 into CYS
Mutating residue = ILEA447 into ASP
Mutating residue = ILEA447 into GLU
Mutating residue = ILEA447 into PHE
Mutating residue = ILEA447 into GLY
Mutating residue = ILEA447 into HIS
Mutating residue = ILEA447 into LYS
Mutating residue = ILEA447 into LEU
Mutating residue = ILEA447 into MET
Mutating residue = ILEA447 into ASN
Mutating residue = ILEA447 into PRO
Mutating residue = ILEA447 into GLN
Mutating residue = ILEA447 into ARG
Mutating residue = ILEA447 into SER
Mutating residue = ILEA447 into THR
Mutating residue = ILEA447 into VAL
Mutating residue = ILEA447 into TRP
Mutating residue = ILEA447 into TYR
Mutating residue = ILEA83 into ALA
Mutating residue = ILEA83 into CYS
Mutating residue = ILEA83 into ASP
Mutating residue = ILEA83 into GLU
Mutating residue = ILEA83 into PHE
Mutating residue = ILEA83 into GLY
Mutating residue = ILEA83 into HIS
Mutating residue = ILEA83 into LYS
Mutating residue = ILEA83 into LEU
Mutating residue = ILEA83 into MET
Mutating residue = ILEA83 into ASN
Mutating residue = ILEA83 into PRO
Mutating residue = ILEA83 into GLN
Mutating residue = ILEA83 into ARG
Mutating residue = ILEA83 into SER
Mutating residue = ILEA83 into THR
Mutating residue = ILEA83 into VAL
Mutating residue = ILEA83 into TRP
Mutating residue = ILEA83 into TYR
Mutating residue = ILEA94 into ALA
Mutating residue = ILEA94 into CYS
Mutating residue = ILEA94 into ASP
Mutating residue = ILEA94 into GLU
Mutating residue = ILEA94 into PHE
Mutating residue = ILEA94 into GLY
Mutating residue = ILEA94 into HIS
Mutating residue = ILEA94 into LYS
Your file run OK
End time of FoldX: Sat May  9 16:21:44 2026
Total time spend: 260.48 seconds.
validated file "RUBISCO_1.pdb" => successfully finished
validated file "RUBISCO_2.pdb" => successfully finished
validated file "RUBISCO_3.pdb" => successfully finished
validated file "RUBISCO_4.pdb" => successfully finished
validated file "RUBISCO_5.pdb" => successfully finished
validated file "RUBISCO_6.pdb" => successfully finished
validated file "RUBISCO_7.pdb" => successfully finished
validated file "RUBISCO_8.pdb" => successfully finished
validated file "RUBISCO_9.pdb" => successfully finished
validated file "RUBISCO_10.pdb" => successfully finished
validated file "RUBISCO_11.pdb" => successfully finished
validated file "RUBISCO_12.pdb" => successfully finished
validated file "RUBISCO_13.pdb" => successfully finished
validated file "RUBISCO_14.pdb" => successfully finished
validated file "RUBISCO_15.pdb" => successfully finished
validated file "RUBISCO_16.pdb" => successfully finished
validated file "RUBISCO_17.pdb" => successfully finished
validated file "RUBISCO_18.pdb" => successfully finished
validated file "RUBISCO_19.pdb" => successfully finished
validated file "RUBISCO_20.pdb" => successfully finished
validated file "RUBISCO_21.pdb" => successfully finished
validated file "RUBISCO_22.pdb" => successfully finished
validated file "RUBISCO_23.pdb" => successfully finished
validated file "RUBISCO_24.pdb" => successfully finished
validated file "RUBISCO_25.pdb" => successfully finished
validated file "RUBISCO_26.pdb" => successfully finished
validated file "RUBISCO_27.pdb" => successfully finished
validated file "RUBISCO_28.pdb" => successfully finished
validated file "RUBISCO_29.pdb" => successfully finished
validated file "RUBISCO_30.pdb" => successfully finished
validated file "RUBISCO_31.pdb" => successfully finished
validated file "RUBISCO_32.pdb" => successfully finished
validated file "RUBISCO_33.pdb" => successfully finished
validated file "RUBISCO_34.pdb" => successfully finished
validated file "RUBISCO_35.pdb" => successfully finished
validated file "RUBISCO_36.pdb" => successfully finished
validated file "RUBISCO_37.pdb" => successfully finished
validated file "RUBISCO_38.pdb" => successfully finished
validated file "RUBISCO_39.pdb" => successfully finished
validated file "RUBISCO_40.pdb" => successfully finished
validated file "RUBISCO_41.pdb" => successfully finished
validated file "RUBISCO_42.pdb" => successfully finished
validated file "RUBISCO_43.pdb" => successfully finished
validated file "RUBISCO_44.pdb" => successfully finished
validated file "RUBISCO_45.pdb" => successfully finished
validated file "RUBISCO_46.pdb" => successfully finished
validated file "RUBISCO_47.pdb" => successfully finished
validated file "RUBISCO_48.pdb" => successfully finished
validated file "RUBISCO_49.pdb" => successfully finished
validated file "RUBISCO_50.pdb" => successfully finished
Cleaning BuildModel...DONE
任务 86 结果提取成功，已映射突变信息。
