   ********************************************
   ***                                      ***
   ***             FoldX 5.1 (c)            ***
   ***                                      ***
   ***     code by the FoldX Consortium     ***
   ***                                      ***
   ***     Jesper Borg, Frederic Rousseau   ***
   ***    Joost Schymkowitz, Luis Serrano   ***
   ***    Peter Vanhee, Erik Verschueren    ***
   ***     Lies Baeten, Javier Delgado      ***
   ***       and Francois Stricher          ***
   *** and any other of the 9! permutations ***
   ***   based on an original concept by    ***
   ***   Raphael Guerois and Luis Serrano   ***
   ********************************************

1 models read: RUBISCO.pdb
1 models read: RUBISCO.pdb
number of incomplete residues = 1
completing sidechain atoms of THRA460

BackHbond       =               -382.57
SideHbond       =               -129.71
Energy_VdW      =               -1065.60
Electro         =               -51.93
Energy_SolvP    =               1571.50
Energy_SolvH    =               -1376.92
Energy_vdwclash =               406.55
energy_torsion  =               216.35
backbone_vdwclash=              749.49
Entropy_sidec   =               479.20
Entropy_mainc   =               1700.40
water bonds     =               0.00
helix dipole    =               -0.84
loop_entropy    =               0.00
cis_bond        =               2.25
disulfide       =               0.00
kn electrostatic=               -0.05
partial covalent interactions = -0.82
Energy_Ionisation =             3.55
Entropy Complex =               0.00
-----------------------------------------------------------
Total          = 				  1371.34

number of incomplete residues = 1
completing sidechain atoms of THRA460

BackHbond       =               -382.57
SideHbond       =               -129.71
Energy_VdW      =               -1065.60
Electro         =               -51.93
Energy_SolvP    =               1571.50
Energy_SolvH    =               -1376.92
Energy_vdwclash =               406.55
energy_torsion  =               216.35
backbone_vdwclash=              749.49
Entropy_sidec   =               479.20
Entropy_mainc   =               1700.40
water bonds     =               0.00
helix dipole    =               -0.84
loop_entropy    =               0.00
cis_bond        =               2.25
disulfide       =               0.00
kn electrostatic=               -0.05
partial covalent interactions = -0.82
Energy_Ionisation =             3.55
Entropy Complex =               0.00
-----------------------------------------------------------
Total          = 				  1371.34

Starting BuildModel
Reading QA412D;
Reading QA412E;
Reading QA412F;
Reading QA412G;
Reading QA412H;
Reading QA412I;
Reading QA412K;
Reading QA412L;
Reading QA412M;
Reading QA412N;
Reading QA412P;
Reading QA412R;
Reading QA412S;
Reading QA412T;
Reading QA412V;
Reading QA412W;
Reading QA412Y;
Reading QA415A;
Reading QA415C;
Reading QA415D;
Reading QA415E;
Reading QA415F;
Reading QA415G;
Reading QA415H;
Reading QA415I;
Reading QA415K;
Reading QA415L;
Reading QA415M;
Reading QA415N;
Reading QA415P;
Reading QA415R;
Reading QA415S;
Reading QA415T;
Reading QA415V;
Reading QA415W;
Reading QA415Y;
Reading QA446A;
Reading QA446C;
Reading QA446D;
Reading QA446E;
Reading QA446F;
Reading QA446G;
Reading QA446H;
Reading QA446I;
Reading QA446K;
Reading QA446L;
Reading QA446M;
Reading QA446N;
Reading QA446P;
Reading QA446R;
Residue to Mutate GLNA412 has residue index 410
Residue to Mutate GLNA412 has residue index 410
Residue to Mutate GLNA412 has residue index 410
Residue to Mutate GLNA412 has residue index 410
Residue to Mutate GLNA412 has residue index 410
Residue to Mutate GLNA412 has residue index 410
Residue to Mutate GLNA412 has residue index 410
Residue to Mutate GLNA412 has residue index 410
Residue to Mutate GLNA412 has residue index 410
Residue to Mutate GLNA412 has residue index 410
Residue to Mutate GLNA412 has residue index 410
Residue to Mutate GLNA412 has residue index 410
Residue to Mutate GLNA412 has residue index 410
Residue to Mutate GLNA412 has residue index 410
Residue to Mutate GLNA412 has residue index 410
Residue to Mutate GLNA412 has residue index 410
Residue to Mutate GLNA412 has residue index 410
Residue to Mutate GLNA415 has residue index 413
Residue to Mutate GLNA415 has residue index 413
Residue to Mutate GLNA415 has residue index 413
Residue to Mutate GLNA415 has residue index 413
Residue to Mutate GLNA415 has residue index 413
Residue to Mutate GLNA415 has residue index 413
Residue to Mutate GLNA415 has residue index 413
Residue to Mutate GLNA415 has residue index 413
Residue to Mutate GLNA415 has residue index 413
Residue to Mutate GLNA415 has residue index 413
Residue to Mutate GLNA415 has residue index 413
Residue to Mutate GLNA415 has residue index 413
Residue to Mutate GLNA415 has residue index 413
Residue to Mutate GLNA415 has residue index 413
Residue to Mutate GLNA415 has residue index 413
Residue to Mutate GLNA415 has residue index 413
Residue to Mutate GLNA415 has residue index 413
Residue to Mutate GLNA415 has residue index 413
Residue to Mutate GLNA415 has residue index 413
Residue to Mutate GLNA446 has residue index 444
Residue to Mutate GLNA446 has residue index 444
Residue to Mutate GLNA446 has residue index 444
Residue to Mutate GLNA446 has residue index 444
Residue to Mutate GLNA446 has residue index 444
Residue to Mutate GLNA446 has residue index 444
Residue to Mutate GLNA446 has residue index 444
Residue to Mutate GLNA446 has residue index 444
Residue to Mutate GLNA446 has residue index 444
Residue to Mutate GLNA446 has residue index 444
Residue to Mutate GLNA446 has residue index 444
Residue to Mutate GLNA446 has residue index 444
Residue to Mutate GLNA446 has residue index 444
Residue to Mutate GLNA446 has residue index 444
Mutating residue = GLNA412 into ASP
Mutating residue = GLNA412 into GLU
Mutating residue = GLNA412 into PHE
Mutating residue = GLNA412 into GLY
Mutating residue = GLNA412 into HIS
Mutating residue = GLNA412 into ILE
Mutating residue = GLNA412 into LYS
Mutating residue = GLNA412 into LEU
Mutating residue = GLNA412 into MET
Mutating residue = GLNA412 into ASN
Mutating residue = GLNA412 into PRO
Mutating residue = GLNA412 into ARG
Mutating residue = GLNA412 into SER
Mutating residue = GLNA412 into THR
Mutating residue = GLNA412 into VAL
Mutating residue = GLNA412 into TRP
Mutating residue = GLNA412 into TYR
Mutating residue = GLNA415 into ALA
Mutating residue = GLNA415 into CYS
Mutating residue = GLNA415 into ASP
Mutating residue = GLNA415 into GLU
Mutating residue = GLNA415 into PHE
Mutating residue = GLNA415 into GLY
Mutating residue = GLNA415 into HIS
Mutating residue = GLNA415 into ILE
Mutating residue = GLNA415 into LYS
Mutating residue = GLNA415 into LEU
Mutating residue = GLNA415 into MET
Mutating residue = GLNA415 into ASN
Mutating residue = GLNA415 into PRO
Mutating residue = GLNA415 into ARG
Mutating residue = GLNA415 into SER
Mutating residue = GLNA415 into THR
Mutating residue = GLNA415 into VAL
Mutating residue = GLNA415 into TRP
Mutating residue = GLNA415 into TYR
Mutating residue = GLNA446 into ALA
Mutating residue = GLNA446 into CYS
Mutating residue = GLNA446 into ASP
Mutating residue = GLNA446 into GLU
Mutating residue = GLNA446 into PHE
Mutating residue = GLNA446 into GLY
Mutating residue = GLNA446 into HIS
Mutating residue = GLNA446 into ILE
Mutating residue = GLNA446 into LYS
Mutating residue = GLNA446 into LEU
Mutating residue = GLNA446 into MET
Mutating residue = GLNA446 into ASN
Mutating residue = GLNA446 into PRO
Mutating residue = GLNA446 into ARG
Your file run OK
End time of FoldX: Sat May  9 16:24:08 2026
Total time spend: 406.94 seconds.
validated file "RUBISCO_1.pdb" => successfully finished
validated file "RUBISCO_2.pdb" => successfully finished
validated file "RUBISCO_3.pdb" => successfully finished
validated file "RUBISCO_4.pdb" => successfully finished
validated file "RUBISCO_5.pdb" => successfully finished
validated file "RUBISCO_6.pdb" => successfully finished
validated file "RUBISCO_7.pdb" => successfully finished
validated file "RUBISCO_8.pdb" => successfully finished
validated file "RUBISCO_9.pdb" => successfully finished
validated file "RUBISCO_10.pdb" => successfully finished
validated file "RUBISCO_11.pdb" => successfully finished
validated file "RUBISCO_12.pdb" => successfully finished
validated file "RUBISCO_13.pdb" => successfully finished
validated file "RUBISCO_14.pdb" => successfully finished
validated file "RUBISCO_15.pdb" => successfully finished
validated file "RUBISCO_16.pdb" => successfully finished
validated file "RUBISCO_17.pdb" => successfully finished
validated file "RUBISCO_18.pdb" => successfully finished
validated file "RUBISCO_19.pdb" => successfully finished
validated file "RUBISCO_20.pdb" => successfully finished
validated file "RUBISCO_21.pdb" => successfully finished
validated file "RUBISCO_22.pdb" => successfully finished
validated file "RUBISCO_23.pdb" => successfully finished
validated file "RUBISCO_24.pdb" => successfully finished
validated file "RUBISCO_25.pdb" => successfully finished
validated file "RUBISCO_26.pdb" => successfully finished
validated file "RUBISCO_27.pdb" => successfully finished
validated file "RUBISCO_28.pdb" => successfully finished
validated file "RUBISCO_29.pdb" => successfully finished
validated file "RUBISCO_30.pdb" => successfully finished
validated file "RUBISCO_31.pdb" => successfully finished
validated file "RUBISCO_32.pdb" => successfully finished
validated file "RUBISCO_33.pdb" => successfully finished
validated file "RUBISCO_34.pdb" => successfully finished
validated file "RUBISCO_35.pdb" => successfully finished
validated file "RUBISCO_36.pdb" => successfully finished
validated file "RUBISCO_37.pdb" => successfully finished
validated file "RUBISCO_38.pdb" => successfully finished
validated file "RUBISCO_39.pdb" => successfully finished
validated file "RUBISCO_40.pdb" => successfully finished
validated file "RUBISCO_41.pdb" => successfully finished
validated file "RUBISCO_42.pdb" => successfully finished
validated file "RUBISCO_43.pdb" => successfully finished
validated file "RUBISCO_44.pdb" => successfully finished
validated file "RUBISCO_45.pdb" => successfully finished
validated file "RUBISCO_46.pdb" => successfully finished
validated file "RUBISCO_47.pdb" => successfully finished
validated file "RUBISCO_48.pdb" => successfully finished
validated file "RUBISCO_49.pdb" => successfully finished
validated file "RUBISCO_50.pdb" => successfully finished
Cleaning BuildModel...DONE
任务 129 结果提取成功，已映射突变信息。
