   ********************************************
   ***                                      ***
   ***             FoldX 5.1 (c)            ***
   ***                                      ***
   ***     code by the FoldX Consortium     ***
   ***                                      ***
   ***     Jesper Borg, Frederic Rousseau   ***
   ***    Joost Schymkowitz, Luis Serrano   ***
   ***    Peter Vanhee, Erik Verschueren    ***
   ***     Lies Baeten, Javier Delgado      ***
   ***       and Francois Stricher          ***
   *** and any other of the 9! permutations ***
   ***   based on an original concept by    ***
   ***   Raphael Guerois and Luis Serrano   ***
   ********************************************

1 models read: RUBISCO.pdb
1 models read: RUBISCO.pdb
number of incomplete residues = 1
completing sidechain atoms of THRA460

BackHbond       =               -382.57
SideHbond       =               -129.71
Energy_VdW      =               -1065.60
Electro         =               -51.93
Energy_SolvP    =               1571.50
Energy_SolvH    =               -1376.92
Energy_vdwclash =               406.55
energy_torsion  =               216.35
backbone_vdwclash=              749.49
Entropy_sidec   =               479.20
Entropy_mainc   =               1700.40
water bonds     =               0.00
helix dipole    =               -0.84
loop_entropy    =               0.00
cis_bond        =               2.25
disulfide       =               0.00
kn electrostatic=               -0.05
partial covalent interactions = -0.82
Energy_Ionisation =             3.55
Entropy Complex =               0.00
-----------------------------------------------------------
Total          = 				  1371.34

number of incomplete residues = 1
completing sidechain atoms of THRA460

BackHbond       =               -382.57
SideHbond       =               -129.71
Energy_VdW      =               -1065.60
Electro         =               -51.93
Energy_SolvP    =               1571.50
Energy_SolvH    =               -1376.92
Energy_vdwclash =               406.55
energy_torsion  =               216.35
backbone_vdwclash=              749.49
Entropy_sidec   =               479.20
Entropy_mainc   =               1700.40
water bonds     =               0.00
helix dipole    =               -0.84
loop_entropy    =               0.00
cis_bond        =               2.25
disulfide       =               0.00
kn electrostatic=               -0.05
partial covalent interactions = -0.82
Energy_Ionisation =             3.55
Entropy Complex =               0.00
-----------------------------------------------------------
Total          = 				  1371.34

Starting BuildModel
Reading KA148C;
Reading KA148D;
Reading KA148E;
Reading KA148F;
Reading KA148G;
Reading KA148H;
Reading KA148I;
Reading KA148L;
Reading KA148M;
Reading KA148N;
Reading KA148P;
Reading KA148Q;
Reading KA148R;
Reading KA148S;
Reading KA148T;
Reading KA148V;
Reading KA148W;
Reading KA148Y;
Reading KA166A;
Reading KA166C;
Reading KA166D;
Reading KA166E;
Reading KA166F;
Reading KA166G;
Reading KA166H;
Reading KA166I;
Reading KA166L;
Reading KA166M;
Reading KA166N;
Reading KA166P;
Reading KA166Q;
Reading KA166R;
Reading KA166S;
Reading KA166T;
Reading KA166V;
Reading KA166W;
Reading KA166Y;
Reading KA168A;
Reading KA168C;
Reading KA168D;
Reading KA168E;
Reading KA168F;
Reading KA168G;
Reading KA168H;
Reading KA168I;
Reading KA168L;
Reading KA168M;
Reading KA168N;
Reading KA168P;
Reading KA168Q;
Residue to Mutate LYSA148 has residue index 146
Residue to Mutate LYSA148 has residue index 146
Residue to Mutate LYSA148 has residue index 146
Residue to Mutate LYSA148 has residue index 146
Residue to Mutate LYSA148 has residue index 146
Residue to Mutate LYSA148 has residue index 146
Residue to Mutate LYSA148 has residue index 146
Residue to Mutate LYSA148 has residue index 146
Residue to Mutate LYSA148 has residue index 146
Residue to Mutate LYSA148 has residue index 146
Residue to Mutate LYSA148 has residue index 146
Residue to Mutate LYSA148 has residue index 146
Residue to Mutate LYSA148 has residue index 146
Residue to Mutate LYSA148 has residue index 146
Residue to Mutate LYSA148 has residue index 146
Residue to Mutate LYSA148 has residue index 146
Residue to Mutate LYSA148 has residue index 146
Residue to Mutate LYSA148 has residue index 146
Residue to Mutate LYSA166 has residue index 164
Residue to Mutate LYSA166 has residue index 164
Residue to Mutate LYSA166 has residue index 164
Residue to Mutate LYSA166 has residue index 164
Residue to Mutate LYSA166 has residue index 164
Residue to Mutate LYSA166 has residue index 164
Residue to Mutate LYSA166 has residue index 164
Residue to Mutate LYSA166 has residue index 164
Residue to Mutate LYSA166 has residue index 164
Residue to Mutate LYSA166 has residue index 164
Residue to Mutate LYSA166 has residue index 164
Residue to Mutate LYSA166 has residue index 164
Residue to Mutate LYSA166 has residue index 164
Residue to Mutate LYSA166 has residue index 164
Residue to Mutate LYSA166 has residue index 164
Residue to Mutate LYSA166 has residue index 164
Residue to Mutate LYSA166 has residue index 164
Residue to Mutate LYSA166 has residue index 164
Residue to Mutate LYSA166 has residue index 164
Residue to Mutate LYSA168 has residue index 166
Residue to Mutate LYSA168 has residue index 166
Residue to Mutate LYSA168 has residue index 166
Residue to Mutate LYSA168 has residue index 166
Residue to Mutate LYSA168 has residue index 166
Residue to Mutate LYSA168 has residue index 166
Residue to Mutate LYSA168 has residue index 166
Residue to Mutate LYSA168 has residue index 166
Residue to Mutate LYSA168 has residue index 166
Residue to Mutate LYSA168 has residue index 166
Residue to Mutate LYSA168 has residue index 166
Residue to Mutate LYSA168 has residue index 166
Residue to Mutate LYSA168 has residue index 166
Mutating residue = LYSA148 into CYS
Mutating residue = LYSA148 into ASP
Mutating residue = LYSA148 into GLU
Mutating residue = LYSA148 into PHE
Mutating residue = LYSA148 into GLY
Mutating residue = LYSA148 into HIS
Mutating residue = LYSA148 into ILE
Mutating residue = LYSA148 into LEU
Mutating residue = LYSA148 into MET
Mutating residue = LYSA148 into ASN
Mutating residue = LYSA148 into PRO
Mutating residue = LYSA148 into GLN
Mutating residue = LYSA148 into ARG
Mutating residue = LYSA148 into SER
Mutating residue = LYSA148 into THR
Mutating residue = LYSA148 into VAL
Mutating residue = LYSA148 into TRP
Mutating residue = LYSA148 into TYR
Mutating residue = LYSA166 into ALA
Mutating residue = LYSA166 into CYS
Mutating residue = LYSA166 into ASP
Mutating residue = LYSA166 into GLU
Mutating residue = LYSA166 into PHE
Mutating residue = LYSA166 into GLY
Mutating residue = LYSA166 into HIS
Mutating residue = LYSA166 into ILE
Mutating residue = LYSA166 into LEU
Mutating residue = LYSA166 into MET
Mutating residue = LYSA166 into ASN
Mutating residue = LYSA166 into PRO
Mutating residue = LYSA166 into GLN
Mutating residue = LYSA166 into ARG
Mutating residue = LYSA166 into SER
Mutating residue = LYSA166 into THR
Mutating residue = LYSA166 into VAL
Mutating residue = LYSA166 into TRP
Mutating residue = LYSA166 into TYR
Mutating residue = LYSA168 into ALA
Mutating residue = LYSA168 into CYS
Mutating residue = LYSA168 into ASP
Mutating residue = LYSA168 into GLU
Mutating residue = LYSA168 into PHE
Mutating residue = LYSA168 into GLY
Mutating residue = LYSA168 into HIS
Mutating residue = LYSA168 into ILE
Mutating residue = LYSA168 into LEU
Mutating residue = LYSA168 into MET
Mutating residue = LYSA168 into ASN
Mutating residue = LYSA168 into PRO
Mutating residue = LYSA168 into GLN
Your file run OK
End time of FoldX: Sat May  9 16:29:27 2026
Total time spend: 722.88 seconds.
validated file "RUBISCO_1.pdb" => successfully finished
validated file "RUBISCO_2.pdb" => successfully finished
validated file "RUBISCO_3.pdb" => successfully finished
validated file "RUBISCO_4.pdb" => successfully finished
validated file "RUBISCO_5.pdb" => successfully finished
validated file "RUBISCO_6.pdb" => successfully finished
validated file "RUBISCO_7.pdb" => successfully finished
validated file "RUBISCO_8.pdb" => successfully finished
validated file "RUBISCO_9.pdb" => successfully finished
validated file "RUBISCO_10.pdb" => successfully finished
validated file "RUBISCO_11.pdb" => successfully finished
validated file "RUBISCO_12.pdb" => successfully finished
validated file "RUBISCO_13.pdb" => successfully finished
validated file "RUBISCO_14.pdb" => successfully finished
validated file "RUBISCO_15.pdb" => successfully finished
validated file "RUBISCO_16.pdb" => successfully finished
validated file "RUBISCO_17.pdb" => successfully finished
validated file "RUBISCO_18.pdb" => successfully finished
validated file "RUBISCO_19.pdb" => successfully finished
validated file "RUBISCO_20.pdb" => successfully finished
validated file "RUBISCO_21.pdb" => successfully finished
validated file "RUBISCO_22.pdb" => successfully finished
validated file "RUBISCO_23.pdb" => successfully finished
validated file "RUBISCO_24.pdb" => successfully finished
validated file "RUBISCO_25.pdb" => successfully finished
validated file "RUBISCO_26.pdb" => successfully finished
validated file "RUBISCO_27.pdb" => successfully finished
validated file "RUBISCO_28.pdb" => successfully finished
validated file "RUBISCO_29.pdb" => successfully finished
validated file "RUBISCO_30.pdb" => successfully finished
validated file "RUBISCO_31.pdb" => successfully finished
validated file "RUBISCO_32.pdb" => successfully finished
validated file "RUBISCO_33.pdb" => successfully finished
validated file "RUBISCO_34.pdb" => successfully finished
validated file "RUBISCO_35.pdb" => successfully finished
validated file "RUBISCO_36.pdb" => successfully finished
validated file "RUBISCO_37.pdb" => successfully finished
validated file "RUBISCO_38.pdb" => successfully finished
validated file "RUBISCO_39.pdb" => successfully finished
validated file "RUBISCO_40.pdb" => successfully finished
validated file "RUBISCO_41.pdb" => successfully finished
validated file "RUBISCO_42.pdb" => successfully finished
validated file "RUBISCO_43.pdb" => successfully finished
validated file "RUBISCO_44.pdb" => successfully finished
validated file "RUBISCO_45.pdb" => successfully finished
validated file "RUBISCO_46.pdb" => successfully finished
validated file "RUBISCO_47.pdb" => successfully finished
validated file "RUBISCO_48.pdb" => successfully finished
validated file "RUBISCO_49.pdb" => successfully finished
validated file "RUBISCO_50.pdb" => successfully finished
Cleaning BuildModel...DONE
任务 88 结果提取成功，已映射突变信息。
