   ********************************************
   ***                                      ***
   ***             FoldX 5.1 (c)            ***
   ***                                      ***
   ***     code by the FoldX Consortium     ***
   ***                                      ***
   ***     Jesper Borg, Frederic Rousseau   ***
   ***    Joost Schymkowitz, Luis Serrano   ***
   ***    Peter Vanhee, Erik Verschueren    ***
   ***     Lies Baeten, Javier Delgado      ***
   ***       and Francois Stricher          ***
   *** and any other of the 9! permutations ***
   ***   based on an original concept by    ***
   ***   Raphael Guerois and Luis Serrano   ***
   ********************************************

1 models read: RUBISCO.pdb
1 models read: RUBISCO.pdb
number of incomplete residues = 1
completing sidechain atoms of THRA460

BackHbond       =               -382.57
SideHbond       =               -129.71
Energy_VdW      =               -1065.60
Electro         =               -51.93
Energy_SolvP    =               1571.50
Energy_SolvH    =               -1376.92
Energy_vdwclash =               406.55
energy_torsion  =               216.35
backbone_vdwclash=              749.49
Entropy_sidec   =               479.20
Entropy_mainc   =               1700.40
water bonds     =               0.00
helix dipole    =               -0.84
loop_entropy    =               0.00
cis_bond        =               2.25
disulfide       =               0.00
kn electrostatic=               -0.05
partial covalent interactions = -0.82
Energy_Ionisation =             3.55
Entropy Complex =               0.00
-----------------------------------------------------------
Total          = 				  1371.34

number of incomplete residues = 1
completing sidechain atoms of THRA460

BackHbond       =               -382.57
SideHbond       =               -129.71
Energy_VdW      =               -1065.60
Electro         =               -51.93
Energy_SolvP    =               1571.50
Energy_SolvH    =               -1376.92
Energy_vdwclash =               406.55
energy_torsion  =               216.35
backbone_vdwclash=              749.49
Entropy_sidec   =               479.20
Entropy_mainc   =               1700.40
water bonds     =               0.00
helix dipole    =               -0.84
loop_entropy    =               0.00
cis_bond        =               2.25
disulfide       =               0.00
kn electrostatic=               -0.05
partial covalent interactions = -0.82
Energy_Ionisation =             3.55
Entropy Complex =               0.00
-----------------------------------------------------------
Total          = 				  1371.34

Starting BuildModel
Reading IA164A;
Reading IA164C;
Reading IA164D;
Reading IA164E;
Reading IA164F;
Reading IA164G;
Reading IA164H;
Reading IA164K;
Reading IA164L;
Reading IA164M;
Reading IA164N;
Reading IA164P;
Reading IA164Q;
Reading IA164R;
Reading IA164S;
Reading IA164T;
Reading IA164V;
Reading IA164W;
Reading IA164Y;
Reading IA165A;
Reading IA165C;
Reading IA165D;
Reading IA165E;
Reading IA165F;
Reading IA165G;
Reading IA165H;
Reading IA165K;
Reading IA165L;
Reading IA165M;
Reading IA165N;
Reading IA165P;
Reading IA165Q;
Reading IA165R;
Reading IA165S;
Reading IA165T;
Reading IA165V;
Reading IA165W;
Reading IA165Y;
Reading IA18A;
Reading IA18C;
Reading IA18D;
Reading IA18E;
Reading IA18F;
Reading IA18G;
Reading IA18H;
Reading IA18K;
Reading IA18L;
Reading IA18M;
Reading IA18N;
Reading IA18P;
Residue to Mutate ILEA164 has residue index 162
Residue to Mutate ILEA164 has residue index 162
Residue to Mutate ILEA164 has residue index 162
Residue to Mutate ILEA164 has residue index 162
Residue to Mutate ILEA164 has residue index 162
Residue to Mutate ILEA164 has residue index 162
Residue to Mutate ILEA164 has residue index 162
Residue to Mutate ILEA164 has residue index 162
Residue to Mutate ILEA164 has residue index 162
Residue to Mutate ILEA164 has residue index 162
Residue to Mutate ILEA164 has residue index 162
Residue to Mutate ILEA164 has residue index 162
Residue to Mutate ILEA164 has residue index 162
Residue to Mutate ILEA164 has residue index 162
Residue to Mutate ILEA164 has residue index 162
Residue to Mutate ILEA164 has residue index 162
Residue to Mutate ILEA164 has residue index 162
Residue to Mutate ILEA164 has residue index 162
Residue to Mutate ILEA164 has residue index 162
Residue to Mutate ILEA165 has residue index 163
Residue to Mutate ILEA165 has residue index 163
Residue to Mutate ILEA165 has residue index 163
Residue to Mutate ILEA165 has residue index 163
Residue to Mutate ILEA165 has residue index 163
Residue to Mutate ILEA165 has residue index 163
Residue to Mutate ILEA165 has residue index 163
Residue to Mutate ILEA165 has residue index 163
Residue to Mutate ILEA165 has residue index 163
Residue to Mutate ILEA165 has residue index 163
Residue to Mutate ILEA165 has residue index 163
Residue to Mutate ILEA165 has residue index 163
Residue to Mutate ILEA165 has residue index 163
Residue to Mutate ILEA165 has residue index 163
Residue to Mutate ILEA165 has residue index 163
Residue to Mutate ILEA165 has residue index 163
Residue to Mutate ILEA165 has residue index 163
Residue to Mutate ILEA165 has residue index 163
Residue to Mutate ILEA165 has residue index 163
Residue to Mutate ILEA18 has residue index 16
Residue to Mutate ILEA18 has residue index 16
Residue to Mutate ILEA18 has residue index 16
Residue to Mutate ILEA18 has residue index 16
Residue to Mutate ILEA18 has residue index 16
Residue to Mutate ILEA18 has residue index 16
Residue to Mutate ILEA18 has residue index 16
Residue to Mutate ILEA18 has residue index 16
Residue to Mutate ILEA18 has residue index 16
Residue to Mutate ILEA18 has residue index 16
Residue to Mutate ILEA18 has residue index 16
Residue to Mutate ILEA18 has residue index 16
Mutating residue = ILEA164 into ALA
Mutating residue = ILEA164 into CYS
Mutating residue = ILEA164 into ASP
Mutating residue = ILEA164 into GLU
Mutating residue = ILEA164 into PHE
Mutating residue = ILEA164 into GLY
Mutating residue = ILEA164 into HIS
Mutating residue = ILEA164 into LYS
Mutating residue = ILEA164 into LEU
Mutating residue = ILEA164 into MET
Mutating residue = ILEA164 into ASN
Mutating residue = ILEA164 into PRO
Mutating residue = ILEA164 into GLN
Mutating residue = ILEA164 into ARG
Mutating residue = ILEA164 into SER
Mutating residue = ILEA164 into THR
Mutating residue = ILEA164 into VAL
Mutating residue = ILEA164 into TRP
Mutating residue = ILEA164 into TYR
Mutating residue = ILEA165 into ALA
Mutating residue = ILEA165 into CYS
Mutating residue = ILEA165 into ASP
Mutating residue = ILEA165 into GLU
Mutating residue = ILEA165 into PHE
Mutating residue = ILEA165 into GLY
Mutating residue = ILEA165 into HIS
Mutating residue = ILEA165 into LYS
Mutating residue = ILEA165 into LEU
Mutating residue = ILEA165 into MET
Mutating residue = ILEA165 into ASN
Mutating residue = ILEA165 into PRO
Mutating residue = ILEA165 into GLN
Mutating residue = ILEA165 into ARG
Mutating residue = ILEA165 into SER
Mutating residue = ILEA165 into THR
Mutating residue = ILEA165 into VAL
Mutating residue = ILEA165 into TRP
Mutating residue = ILEA165 into TYR
Mutating residue = ILEA18 into ALA
Mutating residue = ILEA18 into CYS
Mutating residue = ILEA18 into ASP
Mutating residue = ILEA18 into GLU
Mutating residue = ILEA18 into PHE
Mutating residue = ILEA18 into GLY
Mutating residue = ILEA18 into HIS
Mutating residue = ILEA18 into LYS
Mutating residue = ILEA18 into LEU
Mutating residue = ILEA18 into MET
Mutating residue = ILEA18 into ASN
Mutating residue = ILEA18 into PRO
Your file run OK
End time of FoldX: Sat May  9 16:24:29 2026
Total time spend: 428.01 seconds.
validated file "RUBISCO_1.pdb" => successfully finished
validated file "RUBISCO_2.pdb" => successfully finished
validated file "RUBISCO_3.pdb" => successfully finished
validated file "RUBISCO_4.pdb" => successfully finished
validated file "RUBISCO_5.pdb" => successfully finished
validated file "RUBISCO_6.pdb" => successfully finished
validated file "RUBISCO_7.pdb" => successfully finished
validated file "RUBISCO_8.pdb" => successfully finished
validated file "RUBISCO_9.pdb" => successfully finished
validated file "RUBISCO_10.pdb" => successfully finished
validated file "RUBISCO_11.pdb" => successfully finished
validated file "RUBISCO_12.pdb" => successfully finished
validated file "RUBISCO_13.pdb" => successfully finished
validated file "RUBISCO_14.pdb" => successfully finished
validated file "RUBISCO_15.pdb" => successfully finished
validated file "RUBISCO_16.pdb" => successfully finished
validated file "RUBISCO_17.pdb" => successfully finished
validated file "RUBISCO_18.pdb" => successfully finished
validated file "RUBISCO_19.pdb" => successfully finished
validated file "RUBISCO_20.pdb" => successfully finished
validated file "RUBISCO_21.pdb" => successfully finished
validated file "RUBISCO_22.pdb" => successfully finished
validated file "RUBISCO_23.pdb" => successfully finished
validated file "RUBISCO_24.pdb" => successfully finished
validated file "RUBISCO_25.pdb" => successfully finished
validated file "RUBISCO_26.pdb" => successfully finished
validated file "RUBISCO_27.pdb" => successfully finished
validated file "RUBISCO_28.pdb" => successfully finished
validated file "RUBISCO_29.pdb" => successfully finished
validated file "RUBISCO_30.pdb" => successfully finished
validated file "RUBISCO_31.pdb" => successfully finished
validated file "RUBISCO_32.pdb" => successfully finished
validated file "RUBISCO_33.pdb" => successfully finished
validated file "RUBISCO_34.pdb" => successfully finished
validated file "RUBISCO_35.pdb" => successfully finished
validated file "RUBISCO_36.pdb" => successfully finished
validated file "RUBISCO_37.pdb" => successfully finished
validated file "RUBISCO_38.pdb" => successfully finished
validated file "RUBISCO_39.pdb" => successfully finished
validated file "RUBISCO_40.pdb" => successfully finished
validated file "RUBISCO_41.pdb" => successfully finished
validated file "RUBISCO_42.pdb" => successfully finished
validated file "RUBISCO_43.pdb" => successfully finished
validated file "RUBISCO_44.pdb" => successfully finished
validated file "RUBISCO_45.pdb" => successfully finished
validated file "RUBISCO_46.pdb" => successfully finished
validated file "RUBISCO_47.pdb" => successfully finished
validated file "RUBISCO_48.pdb" => successfully finished
validated file "RUBISCO_49.pdb" => successfully finished
validated file "RUBISCO_50.pdb" => successfully finished
Cleaning BuildModel...DONE
任务 80 结果提取成功，已映射突变信息。
