   ********************************************
   ***                                      ***
   ***             FoldX 5.1 (c)            ***
   ***                                      ***
   ***     code by the FoldX Consortium     ***
   ***                                      ***
   ***     Jesper Borg, Frederic Rousseau   ***
   ***    Joost Schymkowitz, Luis Serrano   ***
   ***    Peter Vanhee, Erik Verschueren    ***
   ***     Lies Baeten, Javier Delgado      ***
   ***       and Francois Stricher          ***
   *** and any other of the 9! permutations ***
   ***   based on an original concept by    ***
   ***   Raphael Guerois and Luis Serrano   ***
   ********************************************

1 models read: RUBISCO.pdb
1 models read: RUBISCO.pdb
number of incomplete residues = 1
completing sidechain atoms of THRA460

BackHbond       =               -382.57
SideHbond       =               -129.71
Energy_VdW      =               -1065.60
Electro         =               -51.93
Energy_SolvP    =               1571.50
Energy_SolvH    =               -1376.92
Energy_vdwclash =               406.55
energy_torsion  =               216.35
backbone_vdwclash=              749.49
Entropy_sidec   =               479.20
Entropy_mainc   =               1700.40
water bonds     =               0.00
helix dipole    =               -0.84
loop_entropy    =               0.00
cis_bond        =               2.25
disulfide       =               0.00
kn electrostatic=               -0.05
partial covalent interactions = -0.82
Energy_Ionisation =             3.55
Entropy Complex =               0.00
-----------------------------------------------------------
Total          = 				  1371.34

number of incomplete residues = 1
completing sidechain atoms of THRA460

BackHbond       =               -382.57
SideHbond       =               -129.71
Energy_VdW      =               -1065.60
Electro         =               -51.93
Energy_SolvP    =               1571.50
Energy_SolvH    =               -1376.92
Energy_vdwclash =               406.55
energy_torsion  =               216.35
backbone_vdwclash=              749.49
Entropy_sidec   =               479.20
Entropy_mainc   =               1700.40
water bonds     =               0.00
helix dipole    =               -0.84
loop_entropy    =               0.00
cis_bond        =               2.25
disulfide       =               0.00
kn electrostatic=               -0.05
partial covalent interactions = -0.82
Energy_Ionisation =             3.55
Entropy Complex =               0.00
-----------------------------------------------------------
Total          = 				  1371.34

Starting BuildModel
Reading GA393Q;
Reading GA393R;
Reading GA393S;
Reading GA393T;
Reading GA393V;
Reading GA393W;
Reading GA393Y;
Reading GA394A;
Reading GA394C;
Reading GA394D;
Reading GA394E;
Reading GA394F;
Reading GA394H;
Reading GA394I;
Reading GA394K;
Reading GA394L;
Reading GA394M;
Reading GA394N;
Reading GA394P;
Reading GA394Q;
Reading GA394R;
Reading GA394S;
Reading GA394T;
Reading GA394V;
Reading GA394W;
Reading GA394Y;
Reading GA395A;
Reading GA395C;
Reading GA395D;
Reading GA395E;
Reading GA395F;
Reading GA395H;
Reading GA395I;
Reading GA395K;
Reading GA395L;
Reading GA395M;
Reading GA395N;
Reading GA395P;
Reading GA395Q;
Reading GA395R;
Reading GA395S;
Reading GA395T;
Reading GA395V;
Reading GA395W;
Reading GA395Y;
Reading GA398A;
Reading GA398C;
Reading GA398D;
Reading GA398E;
Reading GA398F;
Residue to Mutate GLYA393 has residue index 391
Residue to Mutate GLYA393 has residue index 391
Residue to Mutate GLYA393 has residue index 391
Residue to Mutate GLYA393 has residue index 391
Residue to Mutate GLYA393 has residue index 391
Residue to Mutate GLYA393 has residue index 391
Residue to Mutate GLYA393 has residue index 391
Residue to Mutate GLYA394 has residue index 392
Residue to Mutate GLYA394 has residue index 392
Residue to Mutate GLYA394 has residue index 392
Residue to Mutate GLYA394 has residue index 392
Residue to Mutate GLYA394 has residue index 392
Residue to Mutate GLYA394 has residue index 392
Residue to Mutate GLYA394 has residue index 392
Residue to Mutate GLYA394 has residue index 392
Residue to Mutate GLYA394 has residue index 392
Residue to Mutate GLYA394 has residue index 392
Residue to Mutate GLYA394 has residue index 392
Residue to Mutate GLYA394 has residue index 392
Residue to Mutate GLYA394 has residue index 392
Residue to Mutate GLYA394 has residue index 392
Residue to Mutate GLYA394 has residue index 392
Residue to Mutate GLYA394 has residue index 392
Residue to Mutate GLYA394 has residue index 392
Residue to Mutate GLYA394 has residue index 392
Residue to Mutate GLYA394 has residue index 392
Residue to Mutate GLYA395 has residue index 393
Residue to Mutate GLYA395 has residue index 393
Residue to Mutate GLYA395 has residue index 393
Residue to Mutate GLYA395 has residue index 393
Residue to Mutate GLYA395 has residue index 393
Residue to Mutate GLYA395 has residue index 393
Residue to Mutate GLYA395 has residue index 393
Residue to Mutate GLYA395 has residue index 393
Residue to Mutate GLYA395 has residue index 393
Residue to Mutate GLYA395 has residue index 393
Residue to Mutate GLYA395 has residue index 393
Residue to Mutate GLYA395 has residue index 393
Residue to Mutate GLYA395 has residue index 393
Residue to Mutate GLYA395 has residue index 393
Residue to Mutate GLYA395 has residue index 393
Residue to Mutate GLYA395 has residue index 393
Residue to Mutate GLYA395 has residue index 393
Residue to Mutate GLYA395 has residue index 393
Residue to Mutate GLYA395 has residue index 393
Residue to Mutate GLYA398 has residue index 396
Residue to Mutate GLYA398 has residue index 396
Residue to Mutate GLYA398 has residue index 396
Residue to Mutate GLYA398 has residue index 396
Residue to Mutate GLYA398 has residue index 396
Mutating residue = GLYA393 into GLN
Mutating residue = GLYA393 into ARG
Mutating residue = GLYA393 into SER
Mutating residue = GLYA393 into THR
Mutating residue = GLYA393 into VAL
Mutating residue = GLYA393 into TRP
Mutating residue = GLYA393 into TYR
Mutating residue = GLYA394 into ALA
Mutating residue = GLYA394 into CYS
Mutating residue = GLYA394 into ASP
Mutating residue = GLYA394 into GLU
Mutating residue = GLYA394 into PHE
Mutating residue = GLYA394 into HIS
Mutating residue = GLYA394 into ILE
Mutating residue = GLYA394 into LYS
Mutating residue = GLYA394 into LEU
Mutating residue = GLYA394 into MET
Mutating residue = GLYA394 into ASN
Mutating residue = GLYA394 into PRO
Mutating residue = GLYA394 into GLN
Mutating residue = GLYA394 into ARG
Mutating residue = GLYA394 into SER
Mutating residue = GLYA394 into THR
Mutating residue = GLYA394 into VAL
Mutating residue = GLYA394 into TRP
Mutating residue = GLYA394 into TYR
Mutating residue = GLYA395 into ALA
Mutating residue = GLYA395 into CYS
Mutating residue = GLYA395 into ASP
Mutating residue = GLYA395 into GLU
Mutating residue = GLYA395 into PHE
Mutating residue = GLYA395 into HIS
Mutating residue = GLYA395 into ILE
Mutating residue = GLYA395 into LYS
Mutating residue = GLYA395 into LEU
Mutating residue = GLYA395 into MET
Mutating residue = GLYA395 into ASN
Mutating residue = GLYA395 into PRO
Mutating residue = GLYA395 into GLN
Mutating residue = GLYA395 into ARG
Mutating residue = GLYA395 into SER
Mutating residue = GLYA395 into THR
Mutating residue = GLYA395 into VAL
Mutating residue = GLYA395 into TRP
Mutating residue = GLYA395 into TYR
Mutating residue = GLYA398 into ALA
Mutating residue = GLYA398 into CYS
Mutating residue = GLYA398 into ASP
Mutating residue = GLYA398 into GLU
Mutating residue = GLYA398 into PHE
Your file run OK
End time of FoldX: Sat May  9 16:20:37 2026
Total time spend: 196.79 seconds.
validated file "RUBISCO_1.pdb" => successfully finished
validated file "RUBISCO_2.pdb" => successfully finished
validated file "RUBISCO_3.pdb" => successfully finished
validated file "RUBISCO_4.pdb" => successfully finished
validated file "RUBISCO_5.pdb" => successfully finished
validated file "RUBISCO_6.pdb" => successfully finished
validated file "RUBISCO_7.pdb" => successfully finished
validated file "RUBISCO_8.pdb" => successfully finished
validated file "RUBISCO_9.pdb" => successfully finished
validated file "RUBISCO_10.pdb" => successfully finished
validated file "RUBISCO_11.pdb" => successfully finished
validated file "RUBISCO_12.pdb" => successfully finished
validated file "RUBISCO_13.pdb" => successfully finished
validated file "RUBISCO_14.pdb" => successfully finished
validated file "RUBISCO_15.pdb" => successfully finished
validated file "RUBISCO_16.pdb" => successfully finished
validated file "RUBISCO_17.pdb" => successfully finished
validated file "RUBISCO_18.pdb" => successfully finished
validated file "RUBISCO_19.pdb" => successfully finished
validated file "RUBISCO_20.pdb" => successfully finished
validated file "RUBISCO_21.pdb" => successfully finished
validated file "RUBISCO_22.pdb" => successfully finished
validated file "RUBISCO_23.pdb" => successfully finished
validated file "RUBISCO_24.pdb" => successfully finished
validated file "RUBISCO_25.pdb" => successfully finished
validated file "RUBISCO_26.pdb" => successfully finished
validated file "RUBISCO_27.pdb" => successfully finished
validated file "RUBISCO_28.pdb" => successfully finished
validated file "RUBISCO_29.pdb" => successfully finished
validated file "RUBISCO_30.pdb" => successfully finished
validated file "RUBISCO_31.pdb" => successfully finished
validated file "RUBISCO_32.pdb" => successfully finished
validated file "RUBISCO_33.pdb" => successfully finished
validated file "RUBISCO_34.pdb" => successfully finished
validated file "RUBISCO_35.pdb" => successfully finished
validated file "RUBISCO_36.pdb" => successfully finished
validated file "RUBISCO_37.pdb" => successfully finished
validated file "RUBISCO_38.pdb" => successfully finished
validated file "RUBISCO_39.pdb" => successfully finished
validated file "RUBISCO_40.pdb" => successfully finished
validated file "RUBISCO_41.pdb" => successfully finished
validated file "RUBISCO_42.pdb" => successfully finished
validated file "RUBISCO_43.pdb" => successfully finished
validated file "RUBISCO_44.pdb" => successfully finished
validated file "RUBISCO_45.pdb" => successfully finished
validated file "RUBISCO_46.pdb" => successfully finished
validated file "RUBISCO_47.pdb" => successfully finished
validated file "RUBISCO_48.pdb" => successfully finished
validated file "RUBISCO_49.pdb" => successfully finished
validated file "RUBISCO_50.pdb" => successfully finished
Cleaning BuildModel...DONE
任务 70 结果提取成功，已映射突变信息。
