   ********************************************
   ***                                      ***
   ***             FoldX 5.1 (c)            ***
   ***                                      ***
   ***     code by the FoldX Consortium     ***
   ***                                      ***
   ***     Jesper Borg, Frederic Rousseau   ***
   ***    Joost Schymkowitz, Luis Serrano   ***
   ***    Peter Vanhee, Erik Verschueren    ***
   ***     Lies Baeten, Javier Delgado      ***
   ***       and Francois Stricher          ***
   *** and any other of the 9! permutations ***
   ***   based on an original concept by    ***
   ***   Raphael Guerois and Luis Serrano   ***
   ********************************************

1 models read: RUBISCO.pdb
1 models read: RUBISCO.pdb
number of incomplete residues = 1
completing sidechain atoms of THRA460

BackHbond       =               -382.57
SideHbond       =               -129.71
Energy_VdW      =               -1065.60
Electro         =               -51.93
Energy_SolvP    =               1571.50
Energy_SolvH    =               -1376.92
Energy_vdwclash =               406.55
energy_torsion  =               216.35
backbone_vdwclash=              749.49
Entropy_sidec   =               479.20
Entropy_mainc   =               1700.40
water bonds     =               0.00
helix dipole    =               -0.84
loop_entropy    =               0.00
cis_bond        =               2.25
disulfide       =               0.00
kn electrostatic=               -0.05
partial covalent interactions = -0.82
Energy_Ionisation =             3.55
Entropy Complex =               0.00
-----------------------------------------------------------
Total          = 				  1371.34

number of incomplete residues = 1
completing sidechain atoms of THRA460

BackHbond       =               -382.57
SideHbond       =               -129.71
Energy_VdW      =               -1065.60
Electro         =               -51.93
Energy_SolvP    =               1571.50
Energy_SolvH    =               -1376.92
Energy_vdwclash =               406.55
energy_torsion  =               216.35
backbone_vdwclash=              749.49
Entropy_sidec   =               479.20
Entropy_mainc   =               1700.40
water bonds     =               0.00
helix dipole    =               -0.84
loop_entropy    =               0.00
cis_bond        =               2.25
disulfide       =               0.00
kn electrostatic=               -0.05
partial covalent interactions = -0.82
Energy_Ionisation =             3.55
Entropy Complex =               0.00
-----------------------------------------------------------
Total          = 				  1371.34

Starting BuildModel
Reading SA49A;
Reading SA49C;
Reading SA49D;
Reading SA49E;
Reading SA49F;
Reading SA49G;
Reading SA49H;
Reading SA49I;
Reading SA49K;
Reading SA49L;
Reading SA49M;
Reading SA49N;
Reading SA49P;
Reading SA49Q;
Reading SA49R;
Reading SA49T;
Reading SA49V;
Reading SA49W;
Reading SA49Y;
Reading SA4A;
Reading SA4C;
Reading SA4D;
Reading SA4E;
Reading SA4F;
Reading SA4G;
Reading SA4H;
Reading SA4I;
Reading SA4K;
Reading SA4L;
Reading SA4M;
Reading SA4N;
Reading SA4Q;
Reading SA4R;
Reading SA4T;
Reading SA4V;
Reading SA4W;
Reading SA4Y;
Reading SA50A;
Reading SA50C;
Reading SA50D;
Reading SA50E;
Reading SA50F;
Reading SA50G;
Reading SA50H;
Reading SA50I;
Reading SA50K;
Reading SA50L;
Reading SA50M;
Reading SA50N;
Reading SA50P;
Residue to Mutate SERA49 has residue index 47
Residue to Mutate SERA49 has residue index 47
Residue to Mutate SERA49 has residue index 47
Residue to Mutate SERA49 has residue index 47
Residue to Mutate SERA49 has residue index 47
Residue to Mutate SERA49 has residue index 47
Residue to Mutate SERA49 has residue index 47
Residue to Mutate SERA49 has residue index 47
Residue to Mutate SERA49 has residue index 47
Residue to Mutate SERA49 has residue index 47
Residue to Mutate SERA49 has residue index 47
Residue to Mutate SERA49 has residue index 47
Residue to Mutate SERA49 has residue index 47
Residue to Mutate SERA49 has residue index 47
Residue to Mutate SERA49 has residue index 47
Residue to Mutate SERA49 has residue index 47
Residue to Mutate SERA49 has residue index 47
Residue to Mutate SERA49 has residue index 47
Residue to Mutate SERA49 has residue index 47
Residue to Mutate SERA4 has residue index 2
Residue to Mutate SERA4 has residue index 2
Residue to Mutate SERA4 has residue index 2
Residue to Mutate SERA4 has residue index 2
Residue to Mutate SERA4 has residue index 2
Residue to Mutate SERA4 has residue index 2
Residue to Mutate SERA4 has residue index 2
Residue to Mutate SERA4 has residue index 2
Residue to Mutate SERA4 has residue index 2
Residue to Mutate SERA4 has residue index 2
Residue to Mutate SERA4 has residue index 2
Residue to Mutate SERA4 has residue index 2
Residue to Mutate SERA4 has residue index 2
Residue to Mutate SERA4 has residue index 2
Residue to Mutate SERA4 has residue index 2
Residue to Mutate SERA4 has residue index 2
Residue to Mutate SERA4 has residue index 2
Residue to Mutate SERA4 has residue index 2
Residue to Mutate SERA50 has residue index 48
Residue to Mutate SERA50 has residue index 48
Residue to Mutate SERA50 has residue index 48
Residue to Mutate SERA50 has residue index 48
Residue to Mutate SERA50 has residue index 48
Residue to Mutate SERA50 has residue index 48
Residue to Mutate SERA50 has residue index 48
Residue to Mutate SERA50 has residue index 48
Residue to Mutate SERA50 has residue index 48
Residue to Mutate SERA50 has residue index 48
Residue to Mutate SERA50 has residue index 48
Residue to Mutate SERA50 has residue index 48
Residue to Mutate SERA50 has residue index 48
Mutating residue = SERA49 into ALA
Mutating residue = SERA49 into CYS
Mutating residue = SERA49 into ASP
Mutating residue = SERA49 into GLU
Mutating residue = SERA49 into PHE
Mutating residue = SERA49 into GLY
Mutating residue = SERA49 into HIS
Mutating residue = SERA49 into ILE
Mutating residue = SERA49 into LYS
Mutating residue = SERA49 into LEU
Mutating residue = SERA49 into MET
Mutating residue = SERA49 into ASN
Mutating residue = SERA49 into PRO
Mutating residue = SERA49 into GLN
Mutating residue = SERA49 into ARG
Mutating residue = SERA49 into THR
Mutating residue = SERA49 into VAL
Mutating residue = SERA49 into TRP
Mutating residue = SERA49 into TYR
Mutating residue = SERA4 into ALA
Mutating residue = SERA4 into CYS
Mutating residue = SERA4 into ASP
Mutating residue = SERA4 into GLU
Mutating residue = SERA4 into PHE
Mutating residue = SERA4 into GLY
Mutating residue = SERA4 into HIS
Mutating residue = SERA4 into ILE
Mutating residue = SERA4 into LYS
Mutating residue = SERA4 into LEU
Mutating residue = SERA4 into MET
Mutating residue = SERA4 into ASN
Mutating residue = SERA4 into GLN
Mutating residue = SERA4 into ARG
Mutating residue = SERA4 into THR
Mutating residue = SERA4 into VAL
Mutating residue = SERA4 into TRP
Mutating residue = SERA4 into TYR
Mutating residue = SERA50 into ALA
Mutating residue = SERA50 into CYS
Mutating residue = SERA50 into ASP
Mutating residue = SERA50 into GLU
Mutating residue = SERA50 into PHE
Mutating residue = SERA50 into GLY
Mutating residue = SERA50 into HIS
Mutating residue = SERA50 into ILE
Mutating residue = SERA50 into LYS
Mutating residue = SERA50 into LEU
Mutating residue = SERA50 into MET
Mutating residue = SERA50 into ASN
Mutating residue = SERA50 into PRO
Your file run OK
End time of FoldX: Sat May  9 16:25:32 2026
Total time spend: 489.68 seconds.
validated file "RUBISCO_1.pdb" => successfully finished
validated file "RUBISCO_2.pdb" => successfully finished
validated file "RUBISCO_3.pdb" => successfully finished
validated file "RUBISCO_4.pdb" => successfully finished
validated file "RUBISCO_5.pdb" => successfully finished
validated file "RUBISCO_6.pdb" => successfully finished
validated file "RUBISCO_7.pdb" => successfully finished
validated file "RUBISCO_8.pdb" => successfully finished
validated file "RUBISCO_9.pdb" => successfully finished
validated file "RUBISCO_10.pdb" => successfully finished
validated file "RUBISCO_11.pdb" => successfully finished
validated file "RUBISCO_12.pdb" => successfully finished
validated file "RUBISCO_13.pdb" => successfully finished
validated file "RUBISCO_14.pdb" => successfully finished
validated file "RUBISCO_15.pdb" => successfully finished
validated file "RUBISCO_16.pdb" => successfully finished
validated file "RUBISCO_17.pdb" => successfully finished
validated file "RUBISCO_18.pdb" => successfully finished
validated file "RUBISCO_19.pdb" => successfully finished
validated file "RUBISCO_20.pdb" => successfully finished
validated file "RUBISCO_21.pdb" => successfully finished
validated file "RUBISCO_22.pdb" => successfully finished
validated file "RUBISCO_23.pdb" => successfully finished
validated file "RUBISCO_24.pdb" => successfully finished
validated file "RUBISCO_25.pdb" => successfully finished
validated file "RUBISCO_26.pdb" => successfully finished
validated file "RUBISCO_27.pdb" => successfully finished
validated file "RUBISCO_28.pdb" => successfully finished
validated file "RUBISCO_29.pdb" => successfully finished
validated file "RUBISCO_30.pdb" => successfully finished
validated file "RUBISCO_31.pdb" => successfully finished
validated file "RUBISCO_32.pdb" => successfully finished
validated file "RUBISCO_33.pdb" => successfully finished
validated file "RUBISCO_34.pdb" => successfully finished
validated file "RUBISCO_35.pdb" => successfully finished
validated file "RUBISCO_36.pdb" => successfully finished
validated file "RUBISCO_37.pdb" => successfully finished
validated file "RUBISCO_38.pdb" => successfully finished
validated file "RUBISCO_39.pdb" => successfully finished
validated file "RUBISCO_40.pdb" => successfully finished
validated file "RUBISCO_41.pdb" => successfully finished
validated file "RUBISCO_42.pdb" => successfully finished
validated file "RUBISCO_43.pdb" => successfully finished
validated file "RUBISCO_44.pdb" => successfully finished
validated file "RUBISCO_45.pdb" => successfully finished
validated file "RUBISCO_46.pdb" => successfully finished
validated file "RUBISCO_47.pdb" => successfully finished
validated file "RUBISCO_48.pdb" => successfully finished
validated file "RUBISCO_49.pdb" => successfully finished
validated file "RUBISCO_50.pdb" => successfully finished
Cleaning BuildModel...DONE
任务 146 结果提取成功，已映射突变信息。
