   ********************************************
   ***                                      ***
   ***             FoldX 5.1 (c)            ***
   ***                                      ***
   ***     code by the FoldX Consortium     ***
   ***                                      ***
   ***     Jesper Borg, Frederic Rousseau   ***
   ***    Joost Schymkowitz, Luis Serrano   ***
   ***    Peter Vanhee, Erik Verschueren    ***
   ***     Lies Baeten, Javier Delgado      ***
   ***       and Francois Stricher          ***
   *** and any other of the 9! permutations ***
   ***   based on an original concept by    ***
   ***   Raphael Guerois and Luis Serrano   ***
   ********************************************

1 models read: RUBISCO.pdb
1 models read: RUBISCO.pdb
number of incomplete residues = 1
completing sidechain atoms of THRA460

BackHbond       =               -382.57
SideHbond       =               -129.71
Energy_VdW      =               -1065.60
Electro         =               -51.93
Energy_SolvP    =               1571.50
Energy_SolvH    =               -1376.92
Energy_vdwclash =               406.55
energy_torsion  =               216.35
backbone_vdwclash=              749.49
Entropy_sidec   =               479.20
Entropy_mainc   =               1700.40
water bonds     =               0.00
helix dipole    =               -0.84
loop_entropy    =               0.00
cis_bond        =               2.25
disulfide       =               0.00
kn electrostatic=               -0.05
partial covalent interactions = -0.82
Energy_Ionisation =             3.55
Entropy Complex =               0.00
-----------------------------------------------------------
Total          = 				  1371.34

number of incomplete residues = 1
completing sidechain atoms of THRA460

BackHbond       =               -382.57
SideHbond       =               -129.71
Energy_VdW      =               -1065.60
Electro         =               -51.93
Energy_SolvP    =               1571.50
Energy_SolvH    =               -1376.92
Energy_vdwclash =               406.55
energy_torsion  =               216.35
backbone_vdwclash=              749.49
Entropy_sidec   =               479.20
Entropy_mainc   =               1700.40
water bonds     =               0.00
helix dipole    =               -0.84
loop_entropy    =               0.00
cis_bond        =               2.25
disulfide       =               0.00
kn electrostatic=               -0.05
partial covalent interactions = -0.82
Energy_Ionisation =             3.55
Entropy Complex =               0.00
-----------------------------------------------------------
Total          = 				  1371.34

Starting BuildModel
Reading PA32R;
Reading PA32S;
Reading PA32T;
Reading PA32V;
Reading PA32W;
Reading PA32Y;
Reading PA351A;
Reading PA351C;
Reading PA351D;
Reading PA351E;
Reading PA351F;
Reading PA351G;
Reading PA351H;
Reading PA351I;
Reading PA351K;
Reading PA351L;
Reading PA351M;
Reading PA351N;
Reading PA351Q;
Reading PA351R;
Reading PA351S;
Reading PA351T;
Reading PA351V;
Reading PA351W;
Reading PA351Y;
Reading PA365A;
Reading PA365C;
Reading PA365D;
Reading PA365E;
Reading PA365F;
Reading PA365G;
Reading PA365H;
Reading PA365I;
Reading PA365K;
Reading PA365L;
Reading PA365M;
Reading PA365N;
Reading PA365Q;
Reading PA365R;
Reading PA365S;
Reading PA365T;
Reading PA365V;
Reading PA365W;
Reading PA365Y;
Reading PA377A;
Reading PA377C;
Reading PA377D;
Reading PA377E;
Reading PA377F;
Reading PA377G;
Residue to Mutate PROA32 has residue index 30
Residue to Mutate PROA32 has residue index 30
Residue to Mutate PROA32 has residue index 30
Residue to Mutate PROA32 has residue index 30
Residue to Mutate PROA32 has residue index 30
Residue to Mutate PROA32 has residue index 30
Residue to Mutate PROA351 has residue index 349
Residue to Mutate PROA351 has residue index 349
Residue to Mutate PROA351 has residue index 349
Residue to Mutate PROA351 has residue index 349
Residue to Mutate PROA351 has residue index 349
Residue to Mutate PROA351 has residue index 349
Residue to Mutate PROA351 has residue index 349
Residue to Mutate PROA351 has residue index 349
Residue to Mutate PROA351 has residue index 349
Residue to Mutate PROA351 has residue index 349
Residue to Mutate PROA351 has residue index 349
Residue to Mutate PROA351 has residue index 349
Residue to Mutate PROA351 has residue index 349
Residue to Mutate PROA351 has residue index 349
Residue to Mutate PROA351 has residue index 349
Residue to Mutate PROA351 has residue index 349
Residue to Mutate PROA351 has residue index 349
Residue to Mutate PROA351 has residue index 349
Residue to Mutate PROA351 has residue index 349
Residue to Mutate PROA365 has residue index 363
Residue to Mutate PROA365 has residue index 363
Residue to Mutate PROA365 has residue index 363
Residue to Mutate PROA365 has residue index 363
Residue to Mutate PROA365 has residue index 363
Residue to Mutate PROA365 has residue index 363
Residue to Mutate PROA365 has residue index 363
Residue to Mutate PROA365 has residue index 363
Residue to Mutate PROA365 has residue index 363
Residue to Mutate PROA365 has residue index 363
Residue to Mutate PROA365 has residue index 363
Residue to Mutate PROA365 has residue index 363
Residue to Mutate PROA365 has residue index 363
Residue to Mutate PROA365 has residue index 363
Residue to Mutate PROA365 has residue index 363
Residue to Mutate PROA365 has residue index 363
Residue to Mutate PROA365 has residue index 363
Residue to Mutate PROA365 has residue index 363
Residue to Mutate PROA365 has residue index 363
Residue to Mutate PROA377 has residue index 375
Residue to Mutate PROA377 has residue index 375
Residue to Mutate PROA377 has residue index 375
Residue to Mutate PROA377 has residue index 375
Residue to Mutate PROA377 has residue index 375
Residue to Mutate PROA377 has residue index 375
Mutating residue = PROA32 into ARG
Mutating residue = PROA32 into SER
Mutating residue = PROA32 into THR
Mutating residue = PROA32 into VAL
Mutating residue = PROA32 into TRP
Mutating residue = PROA32 into TYR
Mutating residue = PROA351 into ALA
Mutating residue = PROA351 into CYS
Mutating residue = PROA351 into ASP
Mutating residue = PROA351 into GLU
Mutating residue = PROA351 into PHE
Mutating residue = PROA351 into GLY
Mutating residue = PROA351 into HIS
Mutating residue = PROA351 into ILE
Mutating residue = PROA351 into LYS
Mutating residue = PROA351 into LEU
Mutating residue = PROA351 into MET
Mutating residue = PROA351 into ASN
Mutating residue = PROA351 into GLN
Mutating residue = PROA351 into ARG
Mutating residue = PROA351 into SER
Mutating residue = PROA351 into THR
Mutating residue = PROA351 into VAL
Mutating residue = PROA351 into TRP
Mutating residue = PROA351 into TYR
Mutating residue = PROA365 into ALA
Mutating residue = PROA365 into CYS
Mutating residue = PROA365 into ASP
Mutating residue = PROA365 into GLU
Mutating residue = PROA365 into PHE
Mutating residue = PROA365 into GLY
Mutating residue = PROA365 into HIS
Mutating residue = PROA365 into ILE
Mutating residue = PROA365 into LYS
Mutating residue = PROA365 into LEU
Mutating residue = PROA365 into MET
Mutating residue = PROA365 into ASN
Mutating residue = PROA365 into GLN
Mutating residue = PROA365 into ARG
Mutating residue = PROA365 into SER
Mutating residue = PROA365 into THR
Mutating residue = PROA365 into VAL
Mutating residue = PROA365 into TRP
Mutating residue = PROA365 into TYR
Mutating residue = PROA377 into ALA
Mutating residue = PROA377 into CYS
Mutating residue = PROA377 into ASP
Mutating residue = PROA377 into GLU
Mutating residue = PROA377 into PHE
Mutating residue = PROA377 into GLY
Your file run OK
End time of FoldX: Sat May  9 16:22:13 2026
Total time spend: 292.13 seconds.
validated file "RUBISCO_1.pdb" => successfully finished
validated file "RUBISCO_2.pdb" => successfully finished
validated file "RUBISCO_3.pdb" => successfully finished
validated file "RUBISCO_4.pdb" => successfully finished
validated file "RUBISCO_5.pdb" => successfully finished
validated file "RUBISCO_6.pdb" => successfully finished
validated file "RUBISCO_7.pdb" => successfully finished
validated file "RUBISCO_8.pdb" => successfully finished
validated file "RUBISCO_9.pdb" => successfully finished
validated file "RUBISCO_10.pdb" => successfully finished
validated file "RUBISCO_11.pdb" => successfully finished
validated file "RUBISCO_12.pdb" => successfully finished
validated file "RUBISCO_13.pdb" => successfully finished
validated file "RUBISCO_14.pdb" => successfully finished
validated file "RUBISCO_15.pdb" => successfully finished
validated file "RUBISCO_16.pdb" => successfully finished
validated file "RUBISCO_17.pdb" => successfully finished
validated file "RUBISCO_18.pdb" => successfully finished
validated file "RUBISCO_19.pdb" => successfully finished
validated file "RUBISCO_20.pdb" => successfully finished
validated file "RUBISCO_21.pdb" => successfully finished
validated file "RUBISCO_22.pdb" => successfully finished
validated file "RUBISCO_23.pdb" => successfully finished
validated file "RUBISCO_24.pdb" => successfully finished
validated file "RUBISCO_25.pdb" => successfully finished
validated file "RUBISCO_26.pdb" => successfully finished
validated file "RUBISCO_27.pdb" => successfully finished
validated file "RUBISCO_28.pdb" => successfully finished
validated file "RUBISCO_29.pdb" => successfully finished
validated file "RUBISCO_30.pdb" => successfully finished
validated file "RUBISCO_31.pdb" => successfully finished
validated file "RUBISCO_32.pdb" => successfully finished
validated file "RUBISCO_33.pdb" => successfully finished
validated file "RUBISCO_34.pdb" => successfully finished
validated file "RUBISCO_35.pdb" => successfully finished
validated file "RUBISCO_36.pdb" => successfully finished
validated file "RUBISCO_37.pdb" => successfully finished
validated file "RUBISCO_38.pdb" => successfully finished
validated file "RUBISCO_39.pdb" => successfully finished
validated file "RUBISCO_40.pdb" => successfully finished
validated file "RUBISCO_41.pdb" => successfully finished
validated file "RUBISCO_42.pdb" => successfully finished
validated file "RUBISCO_43.pdb" => successfully finished
validated file "RUBISCO_44.pdb" => successfully finished
validated file "RUBISCO_45.pdb" => successfully finished
validated file "RUBISCO_46.pdb" => successfully finished
validated file "RUBISCO_47.pdb" => successfully finished
validated file "RUBISCO_48.pdb" => successfully finished
validated file "RUBISCO_49.pdb" => successfully finished
validated file "RUBISCO_50.pdb" => successfully finished
Cleaning BuildModel...DONE
任务 122 结果提取成功，已映射突变信息。
