   ********************************************
   ***                                      ***
   ***             FoldX 5.1 (c)            ***
   ***                                      ***
   ***     code by the FoldX Consortium     ***
   ***                                      ***
   ***     Jesper Borg, Frederic Rousseau   ***
   ***    Joost Schymkowitz, Luis Serrano   ***
   ***    Peter Vanhee, Erik Verschueren    ***
   ***     Lies Baeten, Javier Delgado      ***
   ***       and Francois Stricher          ***
   *** and any other of the 9! permutations ***
   ***   based on an original concept by    ***
   ***   Raphael Guerois and Luis Serrano   ***
   ********************************************

1 models read: RUBISCO.pdb
1 models read: RUBISCO.pdb
number of incomplete residues = 1
completing sidechain atoms of THRA460

BackHbond       =               -382.57
SideHbond       =               -129.71
Energy_VdW      =               -1065.60
Electro         =               -51.93
Energy_SolvP    =               1571.50
Energy_SolvH    =               -1376.92
Energy_vdwclash =               406.55
energy_torsion  =               216.35
backbone_vdwclash=              749.49
Entropy_sidec   =               479.20
Entropy_mainc   =               1700.40
water bonds     =               0.00
helix dipole    =               -0.84
loop_entropy    =               0.00
cis_bond        =               2.25
disulfide       =               0.00
kn electrostatic=               -0.05
partial covalent interactions = -0.82
Energy_Ionisation =             3.55
Entropy Complex =               0.00
-----------------------------------------------------------
Total          = 				  1371.34

number of incomplete residues = 1
completing sidechain atoms of THRA460

BackHbond       =               -382.57
SideHbond       =               -129.71
Energy_VdW      =               -1065.60
Electro         =               -51.93
Energy_SolvP    =               1571.50
Energy_SolvH    =               -1376.92
Energy_vdwclash =               406.55
energy_torsion  =               216.35
backbone_vdwclash=              749.49
Entropy_sidec   =               479.20
Entropy_mainc   =               1700.40
water bonds     =               0.00
helix dipole    =               -0.84
loop_entropy    =               0.00
cis_bond        =               2.25
disulfide       =               0.00
kn electrostatic=               -0.05
partial covalent interactions = -0.82
Energy_Ionisation =             3.55
Entropy Complex =               0.00
-----------------------------------------------------------
Total          = 				  1371.34

Starting BuildModel
Reading VA118A;
Reading VA118C;
Reading VA118D;
Reading VA118E;
Reading VA118F;
Reading VA118G;
Reading VA118H;
Reading VA118I;
Reading VA118K;
Reading VA118L;
Reading VA118M;
Reading VA118N;
Reading VA118P;
Reading VA118Q;
Reading VA118R;
Reading VA118S;
Reading VA118T;
Reading VA118W;
Reading VA118Y;
Reading VA128A;
Reading VA128C;
Reading VA128D;
Reading VA128E;
Reading VA128F;
Reading VA128G;
Reading VA128H;
Reading VA128I;
Reading VA128K;
Reading VA128L;
Reading VA128M;
Reading VA128N;
Reading VA128P;
Reading VA128Q;
Reading VA128R;
Reading VA128S;
Reading VA128T;
Reading VA128W;
Reading VA128Y;
Reading VA141A;
Reading VA141C;
Reading VA141D;
Reading VA141E;
Reading VA141F;
Reading VA141G;
Reading VA141H;
Reading VA141I;
Reading VA141K;
Reading VA141L;
Reading VA141M;
Reading VA141N;
Residue to Mutate VALA118 has residue index 116
Residue to Mutate VALA118 has residue index 116
Residue to Mutate VALA118 has residue index 116
Residue to Mutate VALA118 has residue index 116
Residue to Mutate VALA118 has residue index 116
Residue to Mutate VALA118 has residue index 116
Residue to Mutate VALA118 has residue index 116
Residue to Mutate VALA118 has residue index 116
Residue to Mutate VALA118 has residue index 116
Residue to Mutate VALA118 has residue index 116
Residue to Mutate VALA118 has residue index 116
Residue to Mutate VALA118 has residue index 116
Residue to Mutate VALA118 has residue index 116
Residue to Mutate VALA118 has residue index 116
Residue to Mutate VALA118 has residue index 116
Residue to Mutate VALA118 has residue index 116
Residue to Mutate VALA118 has residue index 116
Residue to Mutate VALA118 has residue index 116
Residue to Mutate VALA118 has residue index 116
Residue to Mutate VALA128 has residue index 126
Residue to Mutate VALA128 has residue index 126
Residue to Mutate VALA128 has residue index 126
Residue to Mutate VALA128 has residue index 126
Residue to Mutate VALA128 has residue index 126
Residue to Mutate VALA128 has residue index 126
Residue to Mutate VALA128 has residue index 126
Residue to Mutate VALA128 has residue index 126
Residue to Mutate VALA128 has residue index 126
Residue to Mutate VALA128 has residue index 126
Residue to Mutate VALA128 has residue index 126
Residue to Mutate VALA128 has residue index 126
Residue to Mutate VALA128 has residue index 126
Residue to Mutate VALA128 has residue index 126
Residue to Mutate VALA128 has residue index 126
Residue to Mutate VALA128 has residue index 126
Residue to Mutate VALA128 has residue index 126
Residue to Mutate VALA128 has residue index 126
Residue to Mutate VALA128 has residue index 126
Residue to Mutate VALA141 has residue index 139
Residue to Mutate VALA141 has residue index 139
Residue to Mutate VALA141 has residue index 139
Residue to Mutate VALA141 has residue index 139
Residue to Mutate VALA141 has residue index 139
Residue to Mutate VALA141 has residue index 139
Residue to Mutate VALA141 has residue index 139
Residue to Mutate VALA141 has residue index 139
Residue to Mutate VALA141 has residue index 139
Residue to Mutate VALA141 has residue index 139
Residue to Mutate VALA141 has residue index 139
Residue to Mutate VALA141 has residue index 139
Mutating residue = VALA118 into ALA
Mutating residue = VALA118 into CYS
Mutating residue = VALA118 into ASP
Mutating residue = VALA118 into GLU
Mutating residue = VALA118 into PHE
Mutating residue = VALA118 into GLY
Mutating residue = VALA118 into HIS
Mutating residue = VALA118 into ILE
Mutating residue = VALA118 into LYS
Mutating residue = VALA118 into LEU
Mutating residue = VALA118 into MET
Mutating residue = VALA118 into ASN
Mutating residue = VALA118 into PRO
Mutating residue = VALA118 into GLN
Mutating residue = VALA118 into ARG
Mutating residue = VALA118 into SER
Mutating residue = VALA118 into THR
Mutating residue = VALA118 into TRP
Mutating residue = VALA118 into TYR
Mutating residue = VALA128 into ALA
Mutating residue = VALA128 into CYS
Mutating residue = VALA128 into ASP
Mutating residue = VALA128 into GLU
Mutating residue = VALA128 into PHE
Mutating residue = VALA128 into GLY
Mutating residue = VALA128 into HIS
Mutating residue = VALA128 into ILE
Mutating residue = VALA128 into LYS
Mutating residue = VALA128 into LEU
Mutating residue = VALA128 into MET
Mutating residue = VALA128 into ASN
Mutating residue = VALA128 into PRO
Mutating residue = VALA128 into GLN
Mutating residue = VALA128 into ARG
Mutating residue = VALA128 into SER
Mutating residue = VALA128 into THR
Mutating residue = VALA128 into TRP
Mutating residue = VALA128 into TYR
Mutating residue = VALA141 into ALA
Mutating residue = VALA141 into CYS
Mutating residue = VALA141 into ASP
Mutating residue = VALA141 into GLU
Mutating residue = VALA141 into PHE
Mutating residue = VALA141 into GLY
Mutating residue = VALA141 into HIS
Mutating residue = VALA141 into ILE
Mutating residue = VALA141 into LYS
Mutating residue = VALA141 into LEU
Mutating residue = VALA141 into MET
Mutating residue = VALA141 into ASN
Your file run OK
End time of FoldX: Sat May  9 16:26:58 2026
Total time spend: 574.82 seconds.
validated file "RUBISCO_1.pdb" => successfully finished
validated file "RUBISCO_2.pdb" => successfully finished
validated file "RUBISCO_3.pdb" => successfully finished
validated file "RUBISCO_4.pdb" => successfully finished
validated file "RUBISCO_5.pdb" => successfully finished
validated file "RUBISCO_6.pdb" => successfully finished
validated file "RUBISCO_7.pdb" => successfully finished
validated file "RUBISCO_8.pdb" => successfully finished
validated file "RUBISCO_9.pdb" => successfully finished
validated file "RUBISCO_10.pdb" => successfully finished
validated file "RUBISCO_11.pdb" => successfully finished
validated file "RUBISCO_12.pdb" => successfully finished
validated file "RUBISCO_13.pdb" => successfully finished
validated file "RUBISCO_14.pdb" => successfully finished
validated file "RUBISCO_15.pdb" => successfully finished
validated file "RUBISCO_16.pdb" => successfully finished
validated file "RUBISCO_17.pdb" => successfully finished
validated file "RUBISCO_18.pdb" => successfully finished
validated file "RUBISCO_19.pdb" => successfully finished
validated file "RUBISCO_20.pdb" => successfully finished
validated file "RUBISCO_21.pdb" => successfully finished
validated file "RUBISCO_22.pdb" => successfully finished
validated file "RUBISCO_23.pdb" => successfully finished
validated file "RUBISCO_24.pdb" => successfully finished
validated file "RUBISCO_25.pdb" => successfully finished
validated file "RUBISCO_26.pdb" => successfully finished
validated file "RUBISCO_27.pdb" => successfully finished
validated file "RUBISCO_28.pdb" => successfully finished
validated file "RUBISCO_29.pdb" => successfully finished
validated file "RUBISCO_30.pdb" => successfully finished
validated file "RUBISCO_31.pdb" => successfully finished
validated file "RUBISCO_32.pdb" => successfully finished
validated file "RUBISCO_33.pdb" => successfully finished
validated file "RUBISCO_34.pdb" => successfully finished
validated file "RUBISCO_35.pdb" => successfully finished
validated file "RUBISCO_36.pdb" => successfully finished
validated file "RUBISCO_37.pdb" => successfully finished
validated file "RUBISCO_38.pdb" => successfully finished
validated file "RUBISCO_39.pdb" => successfully finished
validated file "RUBISCO_40.pdb" => successfully finished
validated file "RUBISCO_41.pdb" => successfully finished
validated file "RUBISCO_42.pdb" => successfully finished
validated file "RUBISCO_43.pdb" => successfully finished
validated file "RUBISCO_44.pdb" => successfully finished
validated file "RUBISCO_45.pdb" => successfully finished
validated file "RUBISCO_46.pdb" => successfully finished
validated file "RUBISCO_47.pdb" => successfully finished
validated file "RUBISCO_48.pdb" => successfully finished
validated file "RUBISCO_49.pdb" => successfully finished
validated file "RUBISCO_50.pdb" => successfully finished
Cleaning BuildModel...DONE
任务 157 结果提取成功，已映射突变信息。
